[2023-03-16T23:33:46.920+0000] {taskinstance.py:1083} INFO - Dependencies all met for <TaskInstance: market_data_alphavantage_dag.first_python_dag manual__2023-03-16T23:33:45.937968+00:00 [queued]>
[2023-03-16T23:33:46.938+0000] {taskinstance.py:1083} INFO - Dependencies all met for <TaskInstance: market_data_alphavantage_dag.first_python_dag manual__2023-03-16T23:33:45.937968+00:00 [queued]>
[2023-03-16T23:33:46.938+0000] {taskinstance.py:1279} INFO - 
--------------------------------------------------------------------------------
[2023-03-16T23:33:46.939+0000] {taskinstance.py:1280} INFO - Starting attempt 1 of 2
[2023-03-16T23:33:46.940+0000] {taskinstance.py:1281} INFO - 
--------------------------------------------------------------------------------
[2023-03-16T23:33:46.958+0000] {taskinstance.py:1300} INFO - Executing <Task(PythonOperator): first_python_dag> on 2023-03-16 23:33:45.937968+00:00
[2023-03-16T23:33:47.035+0000] {standard_task_runner.py:55} INFO - Started process 13866 to run task
[2023-03-16T23:33:47.038+0000] {standard_task_runner.py:82} INFO - Running: ['***', 'tasks', 'run', 'market_data_alphavantage_dag', 'first_python_dag', 'manual__2023-03-16T23:33:45.937968+00:00', '--job-id', '16', '--raw', '--subdir', 'DAGS_FOLDER/third.py', '--cfg-path', '/tmp/tmp75bmdjx6']
[2023-03-16T23:33:47.039+0000] {standard_task_runner.py:83} INFO - Job 16: Subtask first_python_dag
[2023-03-16T23:33:47.135+0000] {task_command.py:388} INFO - Running <TaskInstance: market_data_alphavantage_dag.first_python_dag manual__2023-03-16T23:33:45.937968+00:00 [running]> on host e831dd1240d3
[2023-03-16T23:33:47.228+0000] {taskinstance.py:1509} INFO - Exporting the following env vars:
AIRFLOW_CTX_DAG_OWNER=***
AIRFLOW_CTX_DAG_ID=market_data_alphavantage_dag
AIRFLOW_CTX_TASK_ID=first_python_dag
AIRFLOW_CTX_EXECUTION_DATE=2023-03-16T23:33:45.937968+00:00
AIRFLOW_CTX_TRY_NUMBER=1
AIRFLOW_CTX_DAG_RUN_ID=manual__2023-03-16T23:33:45.937968+00:00
[2023-03-16T23:33:47.701+0000] {python.py:177} INFO - Done. Returned value was: None
[2023-03-16T23:33:47.711+0000] {taskinstance.py:1323} INFO - Marking task as SUCCESS. dag_id=market_data_alphavantage_dag, task_id=first_python_dag, execution_date=20230316T233345, start_date=20230316T233346, end_date=20230316T233347
[2023-03-16T23:33:47.773+0000] {local_task_job.py:208} INFO - Task exited with return code 0
[2023-03-16T23:33:47.792+0000] {taskinstance.py:2578} INFO - 0 downstream tasks scheduled from follow-on schedule check
