[2023-03-18T00:02:36.743+0000] {taskinstance.py:1083} INFO - Dependencies all met for <TaskInstance: First_DAG.bash_task manual__2023-03-18T00:02:35.402168+00:00 [queued]>
[2023-03-18T00:02:36.762+0000] {taskinstance.py:1083} INFO - Dependencies all met for <TaskInstance: First_DAG.bash_task manual__2023-03-18T00:02:35.402168+00:00 [queued]>
[2023-03-18T00:02:36.762+0000] {taskinstance.py:1279} INFO - 
--------------------------------------------------------------------------------
[2023-03-18T00:02:36.763+0000] {taskinstance.py:1280} INFO - Starting attempt 1 of 2
[2023-03-18T00:02:36.764+0000] {taskinstance.py:1281} INFO - 
--------------------------------------------------------------------------------
[2023-03-18T00:02:36.796+0000] {taskinstance.py:1300} INFO - Executing <Task(BashOperator): bash_task> on 2023-03-18 00:02:35.402168+00:00
[2023-03-18T00:02:36.856+0000] {standard_task_runner.py:82} INFO - Running: ['***', 'tasks', 'run', 'First_DAG', 'bash_task', 'manual__2023-03-18T00:02:35.402168+00:00', '--job-id', '52', '--raw', '--subdir', 'DAGS_FOLDER/first.py', '--cfg-path', '/tmp/tmpo8mcjp61']
[2023-03-18T00:02:36.852+0000] {standard_task_runner.py:55} INFO - Started process 4777 to run task
[2023-03-18T00:02:36.860+0000] {standard_task_runner.py:83} INFO - Job 52: Subtask bash_task
[2023-03-18T00:02:37.010+0000] {task_command.py:388} INFO - Running <TaskInstance: First_DAG.bash_task manual__2023-03-18T00:02:35.402168+00:00 [running]> on host 12e59bc4b2cf
[2023-03-18T00:02:37.100+0000] {taskinstance.py:1509} INFO - Exporting the following env vars:
AIRFLOW_CTX_DAG_OWNER=***
AIRFLOW_CTX_DAG_ID=First_DAG
AIRFLOW_CTX_TASK_ID=bash_task
AIRFLOW_CTX_EXECUTION_DATE=2023-03-18T00:02:35.402168+00:00
AIRFLOW_CTX_TRY_NUMBER=1
AIRFLOW_CTX_DAG_RUN_ID=manual__2023-03-18T00:02:35.402168+00:00
[2023-03-18T00:02:37.103+0000] {subprocess.py:63} INFO - Tmp dir root location: 
 /tmp
[2023-03-18T00:02:37.104+0000] {subprocess.py:75} INFO - Running command: ['/bin/bash', '-c', 'echo "COMMAND IS EXECUTED"']
[2023-03-18T00:02:37.116+0000] {subprocess.py:86} INFO - Output:
[2023-03-18T00:02:37.118+0000] {subprocess.py:93} INFO - COMMAND IS EXECUTED
[2023-03-18T00:02:37.119+0000] {subprocess.py:97} INFO - Command exited with return code 0
[2023-03-18T00:02:37.184+0000] {taskinstance.py:1323} INFO - Marking task as SUCCESS. dag_id=First_DAG, task_id=bash_task, execution_date=20230318T000235, start_date=20230318T000236, end_date=20230318T000237
[2023-03-18T00:02:37.247+0000] {local_task_job.py:208} INFO - Task exited with return code 0
[2023-03-18T00:02:37.298+0000] {taskinstance.py:2578} INFO - 1 downstream tasks scheduled from follow-on schedule check
