[2023-03-17T23:23:14.539+0000] {taskinstance.py:1083} INFO - Dependencies all met for <TaskInstance: First_DAG.bash_task manual__2023-03-17T23:23:12.475055+00:00 [queued]>
[2023-03-17T23:23:14.554+0000] {taskinstance.py:1083} INFO - Dependencies all met for <TaskInstance: First_DAG.bash_task manual__2023-03-17T23:23:12.475055+00:00 [queued]>
[2023-03-17T23:23:14.554+0000] {taskinstance.py:1279} INFO - 
--------------------------------------------------------------------------------
[2023-03-17T23:23:14.555+0000] {taskinstance.py:1280} INFO - Starting attempt 1 of 2
[2023-03-17T23:23:14.556+0000] {taskinstance.py:1281} INFO - 
--------------------------------------------------------------------------------
[2023-03-17T23:23:14.583+0000] {taskinstance.py:1300} INFO - Executing <Task(BashOperator): bash_task> on 2023-03-17 23:23:12.475055+00:00
[2023-03-17T23:23:14.598+0000] {standard_task_runner.py:55} INFO - Started process 1016 to run task
[2023-03-17T23:23:14.609+0000] {standard_task_runner.py:82} INFO - Running: ['***', 'tasks', 'run', 'First_DAG', 'bash_task', 'manual__2023-03-17T23:23:12.475055+00:00', '--job-id', '8', '--raw', '--subdir', 'DAGS_FOLDER/first.py', '--cfg-path', '/tmp/tmpd2pter0h']
[2023-03-17T23:23:14.611+0000] {standard_task_runner.py:83} INFO - Job 8: Subtask bash_task
[2023-03-17T23:23:14.715+0000] {task_command.py:388} INFO - Running <TaskInstance: First_DAG.bash_task manual__2023-03-17T23:23:12.475055+00:00 [running]> on host 12e59bc4b2cf
[2023-03-17T23:23:14.816+0000] {taskinstance.py:1509} INFO - Exporting the following env vars:
AIRFLOW_CTX_DAG_OWNER=***
AIRFLOW_CTX_DAG_ID=First_DAG
AIRFLOW_CTX_TASK_ID=bash_task
AIRFLOW_CTX_EXECUTION_DATE=2023-03-17T23:23:12.475055+00:00
AIRFLOW_CTX_TRY_NUMBER=1
AIRFLOW_CTX_DAG_RUN_ID=manual__2023-03-17T23:23:12.475055+00:00
[2023-03-17T23:23:14.819+0000] {subprocess.py:63} INFO - Tmp dir root location: 
 /tmp
[2023-03-17T23:23:14.821+0000] {subprocess.py:75} INFO - Running command: ['/bin/bash', '-c', 'echo "COMMAND IS EXECUTED"']
[2023-03-17T23:23:14.835+0000] {subprocess.py:86} INFO - Output:
[2023-03-17T23:23:14.837+0000] {subprocess.py:93} INFO - COMMAND IS EXECUTED
[2023-03-17T23:23:14.838+0000] {subprocess.py:97} INFO - Command exited with return code 0
[2023-03-17T23:23:14.875+0000] {taskinstance.py:1323} INFO - Marking task as SUCCESS. dag_id=First_DAG, task_id=bash_task, execution_date=20230317T232312, start_date=20230317T232314, end_date=20230317T232314
[2023-03-17T23:23:14.903+0000] {local_task_job.py:208} INFO - Task exited with return code 0
[2023-03-17T23:23:14.927+0000] {taskinstance.py:2578} INFO - 0 downstream tasks scheduled from follow-on schedule check
