[2023-03-17T23:21:59.889+0000] {taskinstance.py:1083} INFO - Dependencies all met for <TaskInstance: First_DAG.bash_task manual__2023-03-17T23:21:57.864303+00:00 [queued]>
[2023-03-17T23:21:59.906+0000] {taskinstance.py:1083} INFO - Dependencies all met for <TaskInstance: First_DAG.bash_task manual__2023-03-17T23:21:57.864303+00:00 [queued]>
[2023-03-17T23:21:59.907+0000] {taskinstance.py:1279} INFO - 
--------------------------------------------------------------------------------
[2023-03-17T23:21:59.908+0000] {taskinstance.py:1280} INFO - Starting attempt 1 of 2
[2023-03-17T23:21:59.908+0000] {taskinstance.py:1281} INFO - 
--------------------------------------------------------------------------------
[2023-03-17T23:21:59.934+0000] {taskinstance.py:1300} INFO - Executing <Task(BashOperator): bash_task> on 2023-03-17 23:21:57.864303+00:00
[2023-03-17T23:21:59.943+0000] {standard_task_runner.py:55} INFO - Started process 901 to run task
[2023-03-17T23:21:59.952+0000] {standard_task_runner.py:82} INFO - Running: ['***', 'tasks', 'run', 'First_DAG', 'bash_task', 'manual__2023-03-17T23:21:57.864303+00:00', '--job-id', '7', '--raw', '--subdir', 'DAGS_FOLDER/first.py', '--cfg-path', '/tmp/tmpxvrb7414']
[2023-03-17T23:21:59.954+0000] {standard_task_runner.py:83} INFO - Job 7: Subtask bash_task
[2023-03-17T23:22:00.250+0000] {task_command.py:388} INFO - Running <TaskInstance: First_DAG.bash_task manual__2023-03-17T23:21:57.864303+00:00 [running]> on host 12e59bc4b2cf
[2023-03-17T23:22:00.417+0000] {taskinstance.py:1509} INFO - Exporting the following env vars:
AIRFLOW_CTX_DAG_OWNER=***
AIRFLOW_CTX_DAG_ID=First_DAG
AIRFLOW_CTX_TASK_ID=bash_task
AIRFLOW_CTX_EXECUTION_DATE=2023-03-17T23:21:57.864303+00:00
AIRFLOW_CTX_TRY_NUMBER=1
AIRFLOW_CTX_DAG_RUN_ID=manual__2023-03-17T23:21:57.864303+00:00
[2023-03-17T23:22:00.422+0000] {subprocess.py:63} INFO - Tmp dir root location: 
 /tmp
[2023-03-17T23:22:00.425+0000] {subprocess.py:75} INFO - Running command: ['/bin/bash', '-c', 'echo "COMMAND IS EXECUTED"']
[2023-03-17T23:22:00.441+0000] {subprocess.py:86} INFO - Output:
[2023-03-17T23:22:00.443+0000] {subprocess.py:93} INFO - COMMAND IS EXECUTED
[2023-03-17T23:22:00.445+0000] {subprocess.py:97} INFO - Command exited with return code 0
[2023-03-17T23:22:00.491+0000] {taskinstance.py:1323} INFO - Marking task as SUCCESS. dag_id=First_DAG, task_id=bash_task, execution_date=20230317T232157, start_date=20230317T232159, end_date=20230317T232200
[2023-03-17T23:22:00.528+0000] {local_task_job.py:208} INFO - Task exited with return code 0
[2023-03-17T23:22:00.579+0000] {taskinstance.py:2578} INFO - 0 downstream tasks scheduled from follow-on schedule check
