[2023-03-14T17:39:10.126+0000] {taskinstance.py:1083} INFO - Dependencies all met for <TaskInstance: example_bash_operator.runme_1 scheduled__2023-03-13T00:00:00+00:00 [queued]>
[2023-03-14T17:39:10.787+0000] {taskinstance.py:1083} INFO - Dependencies all met for <TaskInstance: example_bash_operator.runme_1 scheduled__2023-03-13T00:00:00+00:00 [queued]>
[2023-03-14T17:39:10.790+0000] {taskinstance.py:1279} INFO - 
--------------------------------------------------------------------------------
[2023-03-14T17:39:10.793+0000] {taskinstance.py:1280} INFO - Starting attempt 1 of 1
[2023-03-14T17:39:10.796+0000] {taskinstance.py:1281} INFO - 
--------------------------------------------------------------------------------
[2023-03-14T17:39:11.029+0000] {taskinstance.py:1300} INFO - Executing <Task(BashOperator): runme_1> on 2023-03-13 00:00:00+00:00
[2023-03-14T17:39:11.129+0000] {standard_task_runner.py:55} INFO - Started process 1671 to run task
[2023-03-14T17:39:11.248+0000] {standard_task_runner.py:82} INFO - Running: ['***', 'tasks', 'run', 'example_bash_operator', 'runme_1', 'scheduled__2023-03-13T00:00:00+00:00', '--job-id', '12', '--raw', '--subdir', '/home/***/.local/lib/python3.7/site-packages/***/example_dags/example_bash_operator.py', '--cfg-path', '/tmp/tmp6iukdxlh']
[2023-03-14T17:39:11.263+0000] {standard_task_runner.py:83} INFO - Job 12: Subtask runme_1
[2023-03-14T17:39:13.808+0000] {task_command.py:388} INFO - Running <TaskInstance: example_bash_operator.runme_1 scheduled__2023-03-13T00:00:00+00:00 [running]> on host dd57c45088fe
[2023-03-14T17:39:17.873+0000] {taskinstance.py:1509} INFO - Exporting the following env vars:
AIRFLOW_CTX_DAG_OWNER=***
AIRFLOW_CTX_DAG_ID=example_bash_operator
AIRFLOW_CTX_TASK_ID=runme_1
AIRFLOW_CTX_EXECUTION_DATE=2023-03-13T00:00:00+00:00
AIRFLOW_CTX_TRY_NUMBER=1
AIRFLOW_CTX_DAG_RUN_ID=scheduled__2023-03-13T00:00:00+00:00
[2023-03-14T17:39:17.935+0000] {subprocess.py:63} INFO - Tmp dir root location: 
 /tmp
[2023-03-14T17:39:17.956+0000] {subprocess.py:75} INFO - Running command: ['/bin/bash', '-c', 'echo "example_bash_operator__runme_1__20230313" && sleep 1']
[2023-03-14T17:39:18.314+0000] {subprocess.py:86} INFO - Output:
[2023-03-14T17:39:18.344+0000] {subprocess.py:93} INFO - example_bash_operator__runme_1__20230313
[2023-03-14T17:39:19.386+0000] {subprocess.py:97} INFO - Command exited with return code 0
[2023-03-14T17:39:20.116+0000] {taskinstance.py:1323} INFO - Marking task as SUCCESS. dag_id=example_bash_operator, task_id=runme_1, execution_date=20230313T000000, start_date=20230314T173910, end_date=20230314T173920
[2023-03-14T17:39:20.731+0000] {local_task_job.py:208} INFO - Task exited with return code 0
[2023-03-14T17:39:21.292+0000] {taskinstance.py:2578} INFO - 0 downstream tasks scheduled from follow-on schedule check
