[2023-03-16T23:18:47.613+0000] {taskinstance.py:1083} INFO - Dependencies all met for <TaskInstance: tutorial.templated scheduled__2023-03-15T23:18:34.953408+00:00 [queued]>
[2023-03-16T23:18:47.630+0000] {taskinstance.py:1083} INFO - Dependencies all met for <TaskInstance: tutorial.templated scheduled__2023-03-15T23:18:34.953408+00:00 [queued]>
[2023-03-16T23:18:47.631+0000] {taskinstance.py:1279} INFO - 
--------------------------------------------------------------------------------
[2023-03-16T23:18:47.632+0000] {taskinstance.py:1280} INFO - Starting attempt 1 of 2
[2023-03-16T23:18:47.633+0000] {taskinstance.py:1281} INFO - 
--------------------------------------------------------------------------------
[2023-03-16T23:18:47.653+0000] {taskinstance.py:1300} INFO - Executing <Task(BashOperator): templated> on 2023-03-15 23:18:34.953408+00:00
[2023-03-16T23:18:47.660+0000] {standard_task_runner.py:55} INFO - Started process 12382 to run task
[2023-03-16T23:18:47.664+0000] {standard_task_runner.py:82} INFO - Running: ['***', 'tasks', 'run', 'tutorial', 'templated', 'scheduled__2023-03-15T23:18:34.953408+00:00', '--job-id', '10', '--raw', '--subdir', '/home/***/.local/lib/python3.7/site-packages/***/example_dags/tutorial.py', '--cfg-path', '/tmp/tmpdjwau6xq']
[2023-03-16T23:18:47.665+0000] {standard_task_runner.py:83} INFO - Job 10: Subtask templated
[2023-03-16T23:18:47.779+0000] {task_command.py:388} INFO - Running <TaskInstance: tutorial.templated scheduled__2023-03-15T23:18:34.953408+00:00 [running]> on host e831dd1240d3
[2023-03-16T23:18:47.874+0000] {taskinstance.py:1509} INFO - Exporting the following env vars:
AIRFLOW_CTX_DAG_EMAIL=***@example.com
AIRFLOW_CTX_DAG_OWNER=***
AIRFLOW_CTX_DAG_ID=tutorial
AIRFLOW_CTX_TASK_ID=templated
AIRFLOW_CTX_EXECUTION_DATE=2023-03-15T23:18:34.953408+00:00
AIRFLOW_CTX_TRY_NUMBER=1
AIRFLOW_CTX_DAG_RUN_ID=scheduled__2023-03-15T23:18:34.953408+00:00
[2023-03-16T23:18:47.876+0000] {subprocess.py:63} INFO - Tmp dir root location: 
 /tmp
[2023-03-16T23:18:47.878+0000] {subprocess.py:75} INFO - Running command: ['/bin/bash', '-c', '\n\n    echo "2023-03-15"\n    echo "2023-03-22"\n\n    echo "2023-03-15"\n    echo "2023-03-22"\n\n    echo "2023-03-15"\n    echo "2023-03-22"\n\n    echo "2023-03-15"\n    echo "2023-03-22"\n\n    echo "2023-03-15"\n    echo "2023-03-22"\n']
[2023-03-16T23:18:47.891+0000] {subprocess.py:86} INFO - Output:
[2023-03-16T23:18:47.893+0000] {subprocess.py:93} INFO - 2023-03-15
[2023-03-16T23:18:47.893+0000] {subprocess.py:93} INFO - 2023-03-22
[2023-03-16T23:18:47.894+0000] {subprocess.py:93} INFO - 2023-03-15
[2023-03-16T23:18:47.894+0000] {subprocess.py:93} INFO - 2023-03-22
[2023-03-16T23:18:47.895+0000] {subprocess.py:93} INFO - 2023-03-15
[2023-03-16T23:18:47.895+0000] {subprocess.py:93} INFO - 2023-03-22
[2023-03-16T23:18:47.895+0000] {subprocess.py:93} INFO - 2023-03-15
[2023-03-16T23:18:47.896+0000] {subprocess.py:93} INFO - 2023-03-22
[2023-03-16T23:18:47.896+0000] {subprocess.py:93} INFO - 2023-03-15
[2023-03-16T23:18:47.897+0000] {subprocess.py:93} INFO - 2023-03-22
[2023-03-16T23:18:47.898+0000] {subprocess.py:97} INFO - Command exited with return code 0
[2023-03-16T23:18:47.925+0000] {taskinstance.py:1323} INFO - Marking task as SUCCESS. dag_id=tutorial, task_id=templated, execution_date=20230315T231834, start_date=20230316T231847, end_date=20230316T231847
[2023-03-16T23:18:47.958+0000] {local_task_job.py:208} INFO - Task exited with return code 0
[2023-03-16T23:18:47.977+0000] {taskinstance.py:2578} INFO - 0 downstream tasks scheduled from follow-on schedule check
