[2023-03-18T00:00:19.816+0000] {processor.py:153} INFO - Started process (PID=8106) to work on /home/airflow/.local/lib/python3.7/site-packages/airflow/example_dags/example_task_group_decorator.py
[2023-03-18T00:00:19.817+0000] {processor.py:743} INFO - Processing file /home/airflow/.local/lib/python3.7/site-packages/airflow/example_dags/example_task_group_decorator.py for tasks to queue
[2023-03-18T00:00:19.819+0000] {logging_mixin.py:137} INFO - [2023-03-18T00:00:19.819+0000] {dagbag.py:538} INFO - Filling up the DagBag from /home/airflow/.local/lib/python3.7/site-packages/airflow/example_dags/example_task_group_decorator.py
[2023-03-18T00:00:19.868+0000] {processor.py:753} INFO - DAG(s) dict_keys(['example_task_group_decorator']) retrieved from /home/airflow/.local/lib/python3.7/site-packages/airflow/example_dags/example_task_group_decorator.py
[2023-03-18T00:00:19.907+0000] {logging_mixin.py:137} INFO - [2023-03-18T00:00:19.907+0000] {dag.py:2690} INFO - Sync 1 DAGs
[2023-03-18T00:00:19.973+0000] {logging_mixin.py:137} INFO - [2023-03-18T00:00:19.972+0000] {dag.py:3441} INFO - Setting next_dagrun for example_task_group_decorator to 2023-03-17T00:00:19.971185+00:00, run_after=2023-03-18T00:00:19.971185+00:00
[2023-03-18T00:00:20.006+0000] {processor.py:175} INFO - Processing /home/airflow/.local/lib/python3.7/site-packages/airflow/example_dags/example_task_group_decorator.py took 0.195 seconds
[2023-03-18T00:00:52.074+0000] {processor.py:153} INFO - Started process (PID=8208) to work on /home/airflow/.local/lib/python3.7/site-packages/airflow/example_dags/example_task_group_decorator.py
[2023-03-18T00:00:52.086+0000] {processor.py:743} INFO - Processing file /home/airflow/.local/lib/python3.7/site-packages/airflow/example_dags/example_task_group_decorator.py for tasks to queue
[2023-03-18T00:00:52.092+0000] {logging_mixin.py:137} INFO - [2023-03-18T00:00:52.091+0000] {dagbag.py:538} INFO - Filling up the DagBag from /home/airflow/.local/lib/python3.7/site-packages/airflow/example_dags/example_task_group_decorator.py
[2023-03-18T00:00:52.351+0000] {processor.py:753} INFO - DAG(s) dict_keys(['example_task_group_decorator']) retrieved from /home/airflow/.local/lib/python3.7/site-packages/airflow/example_dags/example_task_group_decorator.py
[2023-03-18T00:00:52.480+0000] {logging_mixin.py:137} INFO - [2023-03-18T00:00:52.480+0000] {dag.py:2690} INFO - Sync 1 DAGs
[2023-03-18T00:00:52.564+0000] {logging_mixin.py:137} INFO - [2023-03-18T00:00:52.563+0000] {dag.py:3441} INFO - Setting next_dagrun for example_task_group_decorator to 2023-03-17T00:00:52.563203+00:00, run_after=2023-03-18T00:00:52.563203+00:00
[2023-03-18T00:00:52.689+0000] {processor.py:175} INFO - Processing /home/airflow/.local/lib/python3.7/site-packages/airflow/example_dags/example_task_group_decorator.py took 0.649 seconds
[2023-03-18T00:01:23.250+0000] {processor.py:153} INFO - Started process (PID=8290) to work on /home/airflow/.local/lib/python3.7/site-packages/airflow/example_dags/example_task_group_decorator.py
[2023-03-18T00:01:23.252+0000] {processor.py:743} INFO - Processing file /home/airflow/.local/lib/python3.7/site-packages/airflow/example_dags/example_task_group_decorator.py for tasks to queue
[2023-03-18T00:01:23.254+0000] {logging_mixin.py:137} INFO - [2023-03-18T00:01:23.254+0000] {dagbag.py:538} INFO - Filling up the DagBag from /home/airflow/.local/lib/python3.7/site-packages/airflow/example_dags/example_task_group_decorator.py
[2023-03-18T00:01:23.388+0000] {processor.py:753} INFO - DAG(s) dict_keys(['example_task_group_decorator']) retrieved from /home/airflow/.local/lib/python3.7/site-packages/airflow/example_dags/example_task_group_decorator.py
[2023-03-18T00:01:23.564+0000] {logging_mixin.py:137} INFO - [2023-03-18T00:01:23.564+0000] {dag.py:2690} INFO - Sync 1 DAGs
[2023-03-18T00:01:23.698+0000] {logging_mixin.py:137} INFO - [2023-03-18T00:01:23.698+0000] {dag.py:3441} INFO - Setting next_dagrun for example_task_group_decorator to 2023-03-17T00:01:23.695996+00:00, run_after=2023-03-18T00:01:23.695996+00:00
[2023-03-18T00:01:23.793+0000] {processor.py:175} INFO - Processing /home/airflow/.local/lib/python3.7/site-packages/airflow/example_dags/example_task_group_decorator.py took 0.548 seconds
[2023-03-18T00:01:54.202+0000] {processor.py:153} INFO - Started process (PID=8362) to work on /home/airflow/.local/lib/python3.7/site-packages/airflow/example_dags/example_task_group_decorator.py
[2023-03-18T00:01:54.204+0000] {processor.py:743} INFO - Processing file /home/airflow/.local/lib/python3.7/site-packages/airflow/example_dags/example_task_group_decorator.py for tasks to queue
[2023-03-18T00:01:54.206+0000] {logging_mixin.py:137} INFO - [2023-03-18T00:01:54.205+0000] {dagbag.py:538} INFO - Filling up the DagBag from /home/airflow/.local/lib/python3.7/site-packages/airflow/example_dags/example_task_group_decorator.py
[2023-03-18T00:01:54.303+0000] {processor.py:753} INFO - DAG(s) dict_keys(['example_task_group_decorator']) retrieved from /home/airflow/.local/lib/python3.7/site-packages/airflow/example_dags/example_task_group_decorator.py
[2023-03-18T00:01:54.388+0000] {logging_mixin.py:137} INFO - [2023-03-18T00:01:54.388+0000] {dag.py:2690} INFO - Sync 1 DAGs
[2023-03-18T00:01:54.451+0000] {logging_mixin.py:137} INFO - [2023-03-18T00:01:54.451+0000] {dag.py:3441} INFO - Setting next_dagrun for example_task_group_decorator to 2023-03-17T00:01:54.450937+00:00, run_after=2023-03-18T00:01:54.450937+00:00
[2023-03-18T00:01:54.499+0000] {processor.py:175} INFO - Processing /home/airflow/.local/lib/python3.7/site-packages/airflow/example_dags/example_task_group_decorator.py took 0.303 seconds
[2023-03-18T00:02:25.037+0000] {processor.py:153} INFO - Started process (PID=8444) to work on /home/airflow/.local/lib/python3.7/site-packages/airflow/example_dags/example_task_group_decorator.py
[2023-03-18T00:02:25.040+0000] {processor.py:743} INFO - Processing file /home/airflow/.local/lib/python3.7/site-packages/airflow/example_dags/example_task_group_decorator.py for tasks to queue
[2023-03-18T00:02:25.041+0000] {logging_mixin.py:137} INFO - [2023-03-18T00:02:25.041+0000] {dagbag.py:538} INFO - Filling up the DagBag from /home/airflow/.local/lib/python3.7/site-packages/airflow/example_dags/example_task_group_decorator.py
[2023-03-18T00:02:25.105+0000] {processor.py:753} INFO - DAG(s) dict_keys(['example_task_group_decorator']) retrieved from /home/airflow/.local/lib/python3.7/site-packages/airflow/example_dags/example_task_group_decorator.py
[2023-03-18T00:02:25.163+0000] {logging_mixin.py:137} INFO - [2023-03-18T00:02:25.163+0000] {dag.py:2690} INFO - Sync 1 DAGs
[2023-03-18T00:02:25.233+0000] {logging_mixin.py:137} INFO - [2023-03-18T00:02:25.233+0000] {dag.py:3441} INFO - Setting next_dagrun for example_task_group_decorator to 2023-03-17T00:02:25.231727+00:00, run_after=2023-03-18T00:02:25.231727+00:00
[2023-03-18T00:02:25.372+0000] {processor.py:175} INFO - Processing /home/airflow/.local/lib/python3.7/site-packages/airflow/example_dags/example_task_group_decorator.py took 0.336 seconds
[2023-03-18T00:02:56.395+0000] {processor.py:153} INFO - Started process (PID=8526) to work on /home/airflow/.local/lib/python3.7/site-packages/airflow/example_dags/example_task_group_decorator.py
[2023-03-18T00:02:56.397+0000] {processor.py:743} INFO - Processing file /home/airflow/.local/lib/python3.7/site-packages/airflow/example_dags/example_task_group_decorator.py for tasks to queue
[2023-03-18T00:02:56.399+0000] {logging_mixin.py:137} INFO - [2023-03-18T00:02:56.399+0000] {dagbag.py:538} INFO - Filling up the DagBag from /home/airflow/.local/lib/python3.7/site-packages/airflow/example_dags/example_task_group_decorator.py
[2023-03-18T00:02:56.451+0000] {processor.py:753} INFO - DAG(s) dict_keys(['example_task_group_decorator']) retrieved from /home/airflow/.local/lib/python3.7/site-packages/airflow/example_dags/example_task_group_decorator.py
[2023-03-18T00:02:56.506+0000] {logging_mixin.py:137} INFO - [2023-03-18T00:02:56.506+0000] {dag.py:2690} INFO - Sync 1 DAGs
[2023-03-18T00:02:56.564+0000] {logging_mixin.py:137} INFO - [2023-03-18T00:02:56.564+0000] {dag.py:3441} INFO - Setting next_dagrun for example_task_group_decorator to 2023-03-17T00:02:56.564032+00:00, run_after=2023-03-18T00:02:56.564032+00:00
[2023-03-18T00:02:56.608+0000] {processor.py:175} INFO - Processing /home/airflow/.local/lib/python3.7/site-packages/airflow/example_dags/example_task_group_decorator.py took 0.218 seconds
[2023-03-18T00:03:27.019+0000] {processor.py:153} INFO - Started process (PID=8608) to work on /home/airflow/.local/lib/python3.7/site-packages/airflow/example_dags/example_task_group_decorator.py
[2023-03-18T00:03:27.020+0000] {processor.py:743} INFO - Processing file /home/airflow/.local/lib/python3.7/site-packages/airflow/example_dags/example_task_group_decorator.py for tasks to queue
[2023-03-18T00:03:27.021+0000] {logging_mixin.py:137} INFO - [2023-03-18T00:03:27.021+0000] {dagbag.py:538} INFO - Filling up the DagBag from /home/airflow/.local/lib/python3.7/site-packages/airflow/example_dags/example_task_group_decorator.py
[2023-03-18T00:03:27.063+0000] {processor.py:753} INFO - DAG(s) dict_keys(['example_task_group_decorator']) retrieved from /home/airflow/.local/lib/python3.7/site-packages/airflow/example_dags/example_task_group_decorator.py
[2023-03-18T00:03:27.098+0000] {logging_mixin.py:137} INFO - [2023-03-18T00:03:27.097+0000] {dag.py:2690} INFO - Sync 1 DAGs
[2023-03-18T00:03:27.140+0000] {logging_mixin.py:137} INFO - [2023-03-18T00:03:27.140+0000] {dag.py:3441} INFO - Setting next_dagrun for example_task_group_decorator to 2023-03-17T00:03:27.139848+00:00, run_after=2023-03-18T00:03:27.139848+00:00
[2023-03-18T00:03:27.178+0000] {processor.py:175} INFO - Processing /home/airflow/.local/lib/python3.7/site-packages/airflow/example_dags/example_task_group_decorator.py took 0.164 seconds
[2023-03-18T00:03:57.432+0000] {processor.py:153} INFO - Started process (PID=8701) to work on /home/airflow/.local/lib/python3.7/site-packages/airflow/example_dags/example_task_group_decorator.py
[2023-03-18T00:03:57.433+0000] {processor.py:743} INFO - Processing file /home/airflow/.local/lib/python3.7/site-packages/airflow/example_dags/example_task_group_decorator.py for tasks to queue
[2023-03-18T00:03:57.434+0000] {logging_mixin.py:137} INFO - [2023-03-18T00:03:57.434+0000] {dagbag.py:538} INFO - Filling up the DagBag from /home/airflow/.local/lib/python3.7/site-packages/airflow/example_dags/example_task_group_decorator.py
[2023-03-18T00:03:57.463+0000] {processor.py:753} INFO - DAG(s) dict_keys(['example_task_group_decorator']) retrieved from /home/airflow/.local/lib/python3.7/site-packages/airflow/example_dags/example_task_group_decorator.py
[2023-03-18T00:03:57.489+0000] {logging_mixin.py:137} INFO - [2023-03-18T00:03:57.488+0000] {dag.py:2690} INFO - Sync 1 DAGs
[2023-03-18T00:03:57.516+0000] {logging_mixin.py:137} INFO - [2023-03-18T00:03:57.516+0000] {dag.py:3441} INFO - Setting next_dagrun for example_task_group_decorator to 2023-03-17T00:03:57.516382+00:00, run_after=2023-03-18T00:03:57.516382+00:00
[2023-03-18T00:03:57.543+0000] {processor.py:175} INFO - Processing /home/airflow/.local/lib/python3.7/site-packages/airflow/example_dags/example_task_group_decorator.py took 0.114 seconds
[2023-03-18T00:04:28.220+0000] {processor.py:153} INFO - Started process (PID=8783) to work on /home/airflow/.local/lib/python3.7/site-packages/airflow/example_dags/example_task_group_decorator.py
[2023-03-18T00:04:28.221+0000] {processor.py:743} INFO - Processing file /home/airflow/.local/lib/python3.7/site-packages/airflow/example_dags/example_task_group_decorator.py for tasks to queue
[2023-03-18T00:04:28.222+0000] {logging_mixin.py:137} INFO - [2023-03-18T00:04:28.222+0000] {dagbag.py:538} INFO - Filling up the DagBag from /home/airflow/.local/lib/python3.7/site-packages/airflow/example_dags/example_task_group_decorator.py
[2023-03-18T00:04:28.249+0000] {processor.py:753} INFO - DAG(s) dict_keys(['example_task_group_decorator']) retrieved from /home/airflow/.local/lib/python3.7/site-packages/airflow/example_dags/example_task_group_decorator.py
[2023-03-18T00:04:28.279+0000] {logging_mixin.py:137} INFO - [2023-03-18T00:04:28.278+0000] {dag.py:2690} INFO - Sync 1 DAGs
[2023-03-18T00:04:28.305+0000] {logging_mixin.py:137} INFO - [2023-03-18T00:04:28.305+0000] {dag.py:3441} INFO - Setting next_dagrun for example_task_group_decorator to 2023-03-17T00:04:28.305065+00:00, run_after=2023-03-18T00:04:28.305065+00:00
[2023-03-18T00:04:28.332+0000] {processor.py:175} INFO - Processing /home/airflow/.local/lib/python3.7/site-packages/airflow/example_dags/example_task_group_decorator.py took 0.115 seconds
[2023-03-18T00:04:58.608+0000] {processor.py:153} INFO - Started process (PID=8866) to work on /home/airflow/.local/lib/python3.7/site-packages/airflow/example_dags/example_task_group_decorator.py
[2023-03-18T00:04:58.609+0000] {processor.py:743} INFO - Processing file /home/airflow/.local/lib/python3.7/site-packages/airflow/example_dags/example_task_group_decorator.py for tasks to queue
[2023-03-18T00:04:58.610+0000] {logging_mixin.py:137} INFO - [2023-03-18T00:04:58.610+0000] {dagbag.py:538} INFO - Filling up the DagBag from /home/airflow/.local/lib/python3.7/site-packages/airflow/example_dags/example_task_group_decorator.py
[2023-03-18T00:04:58.637+0000] {processor.py:753} INFO - DAG(s) dict_keys(['example_task_group_decorator']) retrieved from /home/airflow/.local/lib/python3.7/site-packages/airflow/example_dags/example_task_group_decorator.py
[2023-03-18T00:04:58.662+0000] {logging_mixin.py:137} INFO - [2023-03-18T00:04:58.662+0000] {dag.py:2690} INFO - Sync 1 DAGs
[2023-03-18T00:04:58.685+0000] {logging_mixin.py:137} INFO - [2023-03-18T00:04:58.685+0000] {dag.py:3441} INFO - Setting next_dagrun for example_task_group_decorator to 2023-03-17T00:04:58.684906+00:00, run_after=2023-03-18T00:04:58.684906+00:00
[2023-03-18T00:04:58.705+0000] {processor.py:175} INFO - Processing /home/airflow/.local/lib/python3.7/site-packages/airflow/example_dags/example_task_group_decorator.py took 0.101 seconds
[2023-03-18T00:05:29.294+0000] {processor.py:153} INFO - Started process (PID=8968) to work on /home/airflow/.local/lib/python3.7/site-packages/airflow/example_dags/example_task_group_decorator.py
[2023-03-18T00:05:29.296+0000] {processor.py:743} INFO - Processing file /home/airflow/.local/lib/python3.7/site-packages/airflow/example_dags/example_task_group_decorator.py for tasks to queue
[2023-03-18T00:05:29.297+0000] {logging_mixin.py:137} INFO - [2023-03-18T00:05:29.297+0000] {dagbag.py:538} INFO - Filling up the DagBag from /home/airflow/.local/lib/python3.7/site-packages/airflow/example_dags/example_task_group_decorator.py
[2023-03-18T00:05:29.339+0000] {processor.py:753} INFO - DAG(s) dict_keys(['example_task_group_decorator']) retrieved from /home/airflow/.local/lib/python3.7/site-packages/airflow/example_dags/example_task_group_decorator.py
[2023-03-18T00:05:29.385+0000] {logging_mixin.py:137} INFO - [2023-03-18T00:05:29.385+0000] {dag.py:2690} INFO - Sync 1 DAGs
[2023-03-18T00:05:29.440+0000] {logging_mixin.py:137} INFO - [2023-03-18T00:05:29.440+0000] {dag.py:3441} INFO - Setting next_dagrun for example_task_group_decorator to 2023-03-17T00:05:29.440353+00:00, run_after=2023-03-18T00:05:29.440353+00:00
[2023-03-18T00:05:29.473+0000] {processor.py:175} INFO - Processing /home/airflow/.local/lib/python3.7/site-packages/airflow/example_dags/example_task_group_decorator.py took 0.188 seconds
[2023-03-18T00:05:59.784+0000] {processor.py:153} INFO - Started process (PID=9050) to work on /home/airflow/.local/lib/python3.7/site-packages/airflow/example_dags/example_task_group_decorator.py
[2023-03-18T00:05:59.785+0000] {processor.py:743} INFO - Processing file /home/airflow/.local/lib/python3.7/site-packages/airflow/example_dags/example_task_group_decorator.py for tasks to queue
[2023-03-18T00:05:59.787+0000] {logging_mixin.py:137} INFO - [2023-03-18T00:05:59.786+0000] {dagbag.py:538} INFO - Filling up the DagBag from /home/airflow/.local/lib/python3.7/site-packages/airflow/example_dags/example_task_group_decorator.py
[2023-03-18T00:05:59.818+0000] {processor.py:753} INFO - DAG(s) dict_keys(['example_task_group_decorator']) retrieved from /home/airflow/.local/lib/python3.7/site-packages/airflow/example_dags/example_task_group_decorator.py
[2023-03-18T00:05:59.847+0000] {logging_mixin.py:137} INFO - [2023-03-18T00:05:59.847+0000] {dag.py:2690} INFO - Sync 1 DAGs
[2023-03-18T00:05:59.886+0000] {logging_mixin.py:137} INFO - [2023-03-18T00:05:59.886+0000] {dag.py:3441} INFO - Setting next_dagrun for example_task_group_decorator to 2023-03-17T00:05:59.886461+00:00, run_after=2023-03-18T00:05:59.886461+00:00
[2023-03-18T00:05:59.915+0000] {processor.py:175} INFO - Processing /home/airflow/.local/lib/python3.7/site-packages/airflow/example_dags/example_task_group_decorator.py took 0.135 seconds
[2023-03-18T00:06:30.690+0000] {processor.py:153} INFO - Started process (PID=9132) to work on /home/airflow/.local/lib/python3.7/site-packages/airflow/example_dags/example_task_group_decorator.py
[2023-03-18T00:06:30.692+0000] {processor.py:743} INFO - Processing file /home/airflow/.local/lib/python3.7/site-packages/airflow/example_dags/example_task_group_decorator.py for tasks to queue
[2023-03-18T00:06:30.693+0000] {logging_mixin.py:137} INFO - [2023-03-18T00:06:30.693+0000] {dagbag.py:538} INFO - Filling up the DagBag from /home/airflow/.local/lib/python3.7/site-packages/airflow/example_dags/example_task_group_decorator.py
[2023-03-18T00:06:30.725+0000] {processor.py:753} INFO - DAG(s) dict_keys(['example_task_group_decorator']) retrieved from /home/airflow/.local/lib/python3.7/site-packages/airflow/example_dags/example_task_group_decorator.py
[2023-03-18T00:06:30.758+0000] {logging_mixin.py:137} INFO - [2023-03-18T00:06:30.758+0000] {dag.py:2690} INFO - Sync 1 DAGs
[2023-03-18T00:06:30.794+0000] {logging_mixin.py:137} INFO - [2023-03-18T00:06:30.794+0000] {dag.py:3441} INFO - Setting next_dagrun for example_task_group_decorator to 2023-03-17T00:06:30.793841+00:00, run_after=2023-03-18T00:06:30.793841+00:00
[2023-03-18T00:06:30.824+0000] {processor.py:175} INFO - Processing /home/airflow/.local/lib/python3.7/site-packages/airflow/example_dags/example_task_group_decorator.py took 0.138 seconds
[2023-03-18T00:07:01.996+0000] {processor.py:153} INFO - Started process (PID=9214) to work on /home/airflow/.local/lib/python3.7/site-packages/airflow/example_dags/example_task_group_decorator.py
[2023-03-18T00:07:02.001+0000] {processor.py:743} INFO - Processing file /home/airflow/.local/lib/python3.7/site-packages/airflow/example_dags/example_task_group_decorator.py for tasks to queue
[2023-03-18T00:07:02.006+0000] {logging_mixin.py:137} INFO - [2023-03-18T00:07:02.006+0000] {dagbag.py:538} INFO - Filling up the DagBag from /home/airflow/.local/lib/python3.7/site-packages/airflow/example_dags/example_task_group_decorator.py
[2023-03-18T00:07:02.161+0000] {processor.py:753} INFO - DAG(s) dict_keys(['example_task_group_decorator']) retrieved from /home/airflow/.local/lib/python3.7/site-packages/airflow/example_dags/example_task_group_decorator.py
[2023-03-18T00:07:02.296+0000] {logging_mixin.py:137} INFO - [2023-03-18T00:07:02.296+0000] {dag.py:2690} INFO - Sync 1 DAGs
[2023-03-18T00:07:02.337+0000] {logging_mixin.py:137} INFO - [2023-03-18T00:07:02.337+0000] {dag.py:3441} INFO - Setting next_dagrun for example_task_group_decorator to 2023-03-17T00:07:02.336768+00:00, run_after=2023-03-18T00:07:02.336768+00:00
[2023-03-18T00:07:02.366+0000] {processor.py:175} INFO - Processing /home/airflow/.local/lib/python3.7/site-packages/airflow/example_dags/example_task_group_decorator.py took 0.383 seconds
[2023-03-18T00:07:33.038+0000] {processor.py:153} INFO - Started process (PID=9307) to work on /home/airflow/.local/lib/python3.7/site-packages/airflow/example_dags/example_task_group_decorator.py
[2023-03-18T00:07:33.040+0000] {processor.py:743} INFO - Processing file /home/airflow/.local/lib/python3.7/site-packages/airflow/example_dags/example_task_group_decorator.py for tasks to queue
[2023-03-18T00:07:33.042+0000] {logging_mixin.py:137} INFO - [2023-03-18T00:07:33.042+0000] {dagbag.py:538} INFO - Filling up the DagBag from /home/airflow/.local/lib/python3.7/site-packages/airflow/example_dags/example_task_group_decorator.py
[2023-03-18T00:07:33.130+0000] {processor.py:753} INFO - DAG(s) dict_keys(['example_task_group_decorator']) retrieved from /home/airflow/.local/lib/python3.7/site-packages/airflow/example_dags/example_task_group_decorator.py
[2023-03-18T00:07:33.212+0000] {logging_mixin.py:137} INFO - [2023-03-18T00:07:33.211+0000] {dag.py:2690} INFO - Sync 1 DAGs
[2023-03-18T00:07:33.311+0000] {logging_mixin.py:137} INFO - [2023-03-18T00:07:33.311+0000] {dag.py:3441} INFO - Setting next_dagrun for example_task_group_decorator to 2023-03-17T00:07:33.310071+00:00, run_after=2023-03-18T00:07:33.310071+00:00
[2023-03-18T00:07:33.393+0000] {processor.py:175} INFO - Processing /home/airflow/.local/lib/python3.7/site-packages/airflow/example_dags/example_task_group_decorator.py took 0.362 seconds
[2023-03-18T00:08:04.007+0000] {processor.py:153} INFO - Started process (PID=9400) to work on /home/airflow/.local/lib/python3.7/site-packages/airflow/example_dags/example_task_group_decorator.py
[2023-03-18T00:08:04.008+0000] {processor.py:743} INFO - Processing file /home/airflow/.local/lib/python3.7/site-packages/airflow/example_dags/example_task_group_decorator.py for tasks to queue
[2023-03-18T00:08:04.009+0000] {logging_mixin.py:137} INFO - [2023-03-18T00:08:04.009+0000] {dagbag.py:538} INFO - Filling up the DagBag from /home/airflow/.local/lib/python3.7/site-packages/airflow/example_dags/example_task_group_decorator.py
[2023-03-18T00:08:04.043+0000] {processor.py:753} INFO - DAG(s) dict_keys(['example_task_group_decorator']) retrieved from /home/airflow/.local/lib/python3.7/site-packages/airflow/example_dags/example_task_group_decorator.py
[2023-03-18T00:08:04.079+0000] {logging_mixin.py:137} INFO - [2023-03-18T00:08:04.078+0000] {dag.py:2690} INFO - Sync 1 DAGs
[2023-03-18T00:08:04.130+0000] {logging_mixin.py:137} INFO - [2023-03-18T00:08:04.130+0000] {dag.py:3441} INFO - Setting next_dagrun for example_task_group_decorator to 2023-03-17T00:08:04.130017+00:00, run_after=2023-03-18T00:08:04.130017+00:00
[2023-03-18T00:08:04.186+0000] {processor.py:175} INFO - Processing /home/airflow/.local/lib/python3.7/site-packages/airflow/example_dags/example_task_group_decorator.py took 0.183 seconds
[2023-03-18T00:08:34.866+0000] {processor.py:153} INFO - Started process (PID=9482) to work on /home/airflow/.local/lib/python3.7/site-packages/airflow/example_dags/example_task_group_decorator.py
[2023-03-18T00:08:34.868+0000] {processor.py:743} INFO - Processing file /home/airflow/.local/lib/python3.7/site-packages/airflow/example_dags/example_task_group_decorator.py for tasks to queue
[2023-03-18T00:08:34.869+0000] {logging_mixin.py:137} INFO - [2023-03-18T00:08:34.869+0000] {dagbag.py:538} INFO - Filling up the DagBag from /home/airflow/.local/lib/python3.7/site-packages/airflow/example_dags/example_task_group_decorator.py
[2023-03-18T00:08:34.904+0000] {processor.py:753} INFO - DAG(s) dict_keys(['example_task_group_decorator']) retrieved from /home/airflow/.local/lib/python3.7/site-packages/airflow/example_dags/example_task_group_decorator.py
[2023-03-18T00:08:34.931+0000] {logging_mixin.py:137} INFO - [2023-03-18T00:08:34.931+0000] {dag.py:2690} INFO - Sync 1 DAGs
[2023-03-18T00:08:34.955+0000] {logging_mixin.py:137} INFO - [2023-03-18T00:08:34.955+0000] {dag.py:3441} INFO - Setting next_dagrun for example_task_group_decorator to 2023-03-17T00:08:34.955134+00:00, run_after=2023-03-18T00:08:34.955134+00:00
[2023-03-18T00:08:34.974+0000] {processor.py:175} INFO - Processing /home/airflow/.local/lib/python3.7/site-packages/airflow/example_dags/example_task_group_decorator.py took 0.112 seconds
[2023-03-18T00:09:05.758+0000] {processor.py:153} INFO - Started process (PID=9564) to work on /home/airflow/.local/lib/python3.7/site-packages/airflow/example_dags/example_task_group_decorator.py
[2023-03-18T00:09:05.760+0000] {processor.py:743} INFO - Processing file /home/airflow/.local/lib/python3.7/site-packages/airflow/example_dags/example_task_group_decorator.py for tasks to queue
[2023-03-18T00:09:05.761+0000] {logging_mixin.py:137} INFO - [2023-03-18T00:09:05.761+0000] {dagbag.py:538} INFO - Filling up the DagBag from /home/airflow/.local/lib/python3.7/site-packages/airflow/example_dags/example_task_group_decorator.py
[2023-03-18T00:09:05.807+0000] {processor.py:753} INFO - DAG(s) dict_keys(['example_task_group_decorator']) retrieved from /home/airflow/.local/lib/python3.7/site-packages/airflow/example_dags/example_task_group_decorator.py
[2023-03-18T00:09:05.856+0000] {logging_mixin.py:137} INFO - [2023-03-18T00:09:05.856+0000] {dag.py:2690} INFO - Sync 1 DAGs
[2023-03-18T00:09:05.895+0000] {logging_mixin.py:137} INFO - [2023-03-18T00:09:05.894+0000] {dag.py:3441} INFO - Setting next_dagrun for example_task_group_decorator to 2023-03-17T00:09:05.894125+00:00, run_after=2023-03-18T00:09:05.894125+00:00
[2023-03-18T00:09:05.933+0000] {processor.py:175} INFO - Processing /home/airflow/.local/lib/python3.7/site-packages/airflow/example_dags/example_task_group_decorator.py took 0.179 seconds
[2023-03-18T00:09:37.235+0000] {processor.py:153} INFO - Started process (PID=9666) to work on /home/airflow/.local/lib/python3.7/site-packages/airflow/example_dags/example_task_group_decorator.py
[2023-03-18T00:09:37.237+0000] {processor.py:743} INFO - Processing file /home/airflow/.local/lib/python3.7/site-packages/airflow/example_dags/example_task_group_decorator.py for tasks to queue
[2023-03-18T00:09:37.239+0000] {logging_mixin.py:137} INFO - [2023-03-18T00:09:37.239+0000] {dagbag.py:538} INFO - Filling up the DagBag from /home/airflow/.local/lib/python3.7/site-packages/airflow/example_dags/example_task_group_decorator.py
[2023-03-18T00:09:37.299+0000] {processor.py:753} INFO - DAG(s) dict_keys(['example_task_group_decorator']) retrieved from /home/airflow/.local/lib/python3.7/site-packages/airflow/example_dags/example_task_group_decorator.py
[2023-03-18T00:09:37.350+0000] {logging_mixin.py:137} INFO - [2023-03-18T00:09:37.350+0000] {dag.py:2690} INFO - Sync 1 DAGs
[2023-03-18T00:09:37.399+0000] {logging_mixin.py:137} INFO - [2023-03-18T00:09:37.399+0000] {dag.py:3441} INFO - Setting next_dagrun for example_task_group_decorator to 2023-03-17T00:09:37.399104+00:00, run_after=2023-03-18T00:09:37.399104+00:00
[2023-03-18T00:09:37.438+0000] {processor.py:175} INFO - Processing /home/airflow/.local/lib/python3.7/site-packages/airflow/example_dags/example_task_group_decorator.py took 0.210 seconds
[2023-03-18T00:10:08.337+0000] {processor.py:153} INFO - Started process (PID=9748) to work on /home/airflow/.local/lib/python3.7/site-packages/airflow/example_dags/example_task_group_decorator.py
[2023-03-18T00:10:08.338+0000] {processor.py:743} INFO - Processing file /home/airflow/.local/lib/python3.7/site-packages/airflow/example_dags/example_task_group_decorator.py for tasks to queue
[2023-03-18T00:10:08.340+0000] {logging_mixin.py:137} INFO - [2023-03-18T00:10:08.339+0000] {dagbag.py:538} INFO - Filling up the DagBag from /home/airflow/.local/lib/python3.7/site-packages/airflow/example_dags/example_task_group_decorator.py
[2023-03-18T00:10:08.372+0000] {processor.py:753} INFO - DAG(s) dict_keys(['example_task_group_decorator']) retrieved from /home/airflow/.local/lib/python3.7/site-packages/airflow/example_dags/example_task_group_decorator.py
[2023-03-18T00:10:08.405+0000] {logging_mixin.py:137} INFO - [2023-03-18T00:10:08.405+0000] {dag.py:2690} INFO - Sync 1 DAGs
[2023-03-18T00:10:08.434+0000] {logging_mixin.py:137} INFO - [2023-03-18T00:10:08.434+0000] {dag.py:3441} INFO - Setting next_dagrun for example_task_group_decorator to 2023-03-17T00:10:08.434502+00:00, run_after=2023-03-18T00:10:08.434502+00:00
[2023-03-18T00:10:08.462+0000] {processor.py:175} INFO - Processing /home/airflow/.local/lib/python3.7/site-packages/airflow/example_dags/example_task_group_decorator.py took 0.130 seconds
[2023-03-18T00:10:39.182+0000] {processor.py:153} INFO - Started process (PID=9830) to work on /home/airflow/.local/lib/python3.7/site-packages/airflow/example_dags/example_task_group_decorator.py
[2023-03-18T00:10:39.183+0000] {processor.py:743} INFO - Processing file /home/airflow/.local/lib/python3.7/site-packages/airflow/example_dags/example_task_group_decorator.py for tasks to queue
[2023-03-18T00:10:39.186+0000] {logging_mixin.py:137} INFO - [2023-03-18T00:10:39.185+0000] {dagbag.py:538} INFO - Filling up the DagBag from /home/airflow/.local/lib/python3.7/site-packages/airflow/example_dags/example_task_group_decorator.py
[2023-03-18T00:10:39.245+0000] {processor.py:753} INFO - DAG(s) dict_keys(['example_task_group_decorator']) retrieved from /home/airflow/.local/lib/python3.7/site-packages/airflow/example_dags/example_task_group_decorator.py
[2023-03-18T00:10:39.293+0000] {logging_mixin.py:137} INFO - [2023-03-18T00:10:39.292+0000] {dag.py:2690} INFO - Sync 1 DAGs
[2023-03-18T00:10:39.326+0000] {logging_mixin.py:137} INFO - [2023-03-18T00:10:39.325+0000] {dag.py:3441} INFO - Setting next_dagrun for example_task_group_decorator to 2023-03-17T00:10:39.325597+00:00, run_after=2023-03-18T00:10:39.325597+00:00
[2023-03-18T00:10:39.360+0000] {processor.py:175} INFO - Processing /home/airflow/.local/lib/python3.7/site-packages/airflow/example_dags/example_task_group_decorator.py took 0.185 seconds
[2023-03-18T00:11:10.322+0000] {processor.py:153} INFO - Started process (PID=9912) to work on /home/airflow/.local/lib/python3.7/site-packages/airflow/example_dags/example_task_group_decorator.py
[2023-03-18T00:11:10.324+0000] {processor.py:743} INFO - Processing file /home/airflow/.local/lib/python3.7/site-packages/airflow/example_dags/example_task_group_decorator.py for tasks to queue
[2023-03-18T00:11:10.326+0000] {logging_mixin.py:137} INFO - [2023-03-18T00:11:10.325+0000] {dagbag.py:538} INFO - Filling up the DagBag from /home/airflow/.local/lib/python3.7/site-packages/airflow/example_dags/example_task_group_decorator.py
[2023-03-18T00:11:10.388+0000] {processor.py:753} INFO - DAG(s) dict_keys(['example_task_group_decorator']) retrieved from /home/airflow/.local/lib/python3.7/site-packages/airflow/example_dags/example_task_group_decorator.py
[2023-03-18T00:11:10.435+0000] {logging_mixin.py:137} INFO - [2023-03-18T00:11:10.435+0000] {dag.py:2690} INFO - Sync 1 DAGs
[2023-03-18T00:11:10.480+0000] {logging_mixin.py:137} INFO - [2023-03-18T00:11:10.480+0000] {dag.py:3441} INFO - Setting next_dagrun for example_task_group_decorator to 2023-03-17T00:11:10.479913+00:00, run_after=2023-03-18T00:11:10.479913+00:00
[2023-03-18T00:11:10.512+0000] {processor.py:175} INFO - Processing /home/airflow/.local/lib/python3.7/site-packages/airflow/example_dags/example_task_group_decorator.py took 0.197 seconds
[2023-03-18T00:11:41.363+0000] {processor.py:153} INFO - Started process (PID=10003) to work on /home/airflow/.local/lib/python3.7/site-packages/airflow/example_dags/example_task_group_decorator.py
[2023-03-18T00:11:41.365+0000] {processor.py:743} INFO - Processing file /home/airflow/.local/lib/python3.7/site-packages/airflow/example_dags/example_task_group_decorator.py for tasks to queue
[2023-03-18T00:11:41.366+0000] {logging_mixin.py:137} INFO - [2023-03-18T00:11:41.366+0000] {dagbag.py:538} INFO - Filling up the DagBag from /home/airflow/.local/lib/python3.7/site-packages/airflow/example_dags/example_task_group_decorator.py
[2023-03-18T00:11:41.421+0000] {processor.py:753} INFO - DAG(s) dict_keys(['example_task_group_decorator']) retrieved from /home/airflow/.local/lib/python3.7/site-packages/airflow/example_dags/example_task_group_decorator.py
[2023-03-18T00:11:41.463+0000] {logging_mixin.py:137} INFO - [2023-03-18T00:11:41.463+0000] {dag.py:2690} INFO - Sync 1 DAGs
[2023-03-18T00:11:41.502+0000] {logging_mixin.py:137} INFO - [2023-03-18T00:11:41.501+0000] {dag.py:3441} INFO - Setting next_dagrun for example_task_group_decorator to 2023-03-17T00:11:41.501613+00:00, run_after=2023-03-18T00:11:41.501613+00:00
[2023-03-18T00:11:41.530+0000] {processor.py:175} INFO - Processing /home/airflow/.local/lib/python3.7/site-packages/airflow/example_dags/example_task_group_decorator.py took 0.172 seconds
[2023-03-18T00:12:12.347+0000] {processor.py:153} INFO - Started process (PID=10097) to work on /home/airflow/.local/lib/python3.7/site-packages/airflow/example_dags/example_task_group_decorator.py
[2023-03-18T00:12:12.349+0000] {processor.py:743} INFO - Processing file /home/airflow/.local/lib/python3.7/site-packages/airflow/example_dags/example_task_group_decorator.py for tasks to queue
[2023-03-18T00:12:12.352+0000] {logging_mixin.py:137} INFO - [2023-03-18T00:12:12.352+0000] {dagbag.py:538} INFO - Filling up the DagBag from /home/airflow/.local/lib/python3.7/site-packages/airflow/example_dags/example_task_group_decorator.py
[2023-03-18T00:12:12.404+0000] {processor.py:753} INFO - DAG(s) dict_keys(['example_task_group_decorator']) retrieved from /home/airflow/.local/lib/python3.7/site-packages/airflow/example_dags/example_task_group_decorator.py
[2023-03-18T00:12:12.442+0000] {logging_mixin.py:137} INFO - [2023-03-18T00:12:12.442+0000] {dag.py:2690} INFO - Sync 1 DAGs
[2023-03-18T00:12:12.479+0000] {logging_mixin.py:137} INFO - [2023-03-18T00:12:12.479+0000] {dag.py:3441} INFO - Setting next_dagrun for example_task_group_decorator to 2023-03-17T00:12:12.478791+00:00, run_after=2023-03-18T00:12:12.478791+00:00
[2023-03-18T00:12:12.511+0000] {processor.py:175} INFO - Processing /home/airflow/.local/lib/python3.7/site-packages/airflow/example_dags/example_task_group_decorator.py took 0.170 seconds
[2023-03-18T00:12:43.440+0000] {processor.py:153} INFO - Started process (PID=10179) to work on /home/airflow/.local/lib/python3.7/site-packages/airflow/example_dags/example_task_group_decorator.py
[2023-03-18T00:12:43.441+0000] {processor.py:743} INFO - Processing file /home/airflow/.local/lib/python3.7/site-packages/airflow/example_dags/example_task_group_decorator.py for tasks to queue
[2023-03-18T00:12:43.442+0000] {logging_mixin.py:137} INFO - [2023-03-18T00:12:43.442+0000] {dagbag.py:538} INFO - Filling up the DagBag from /home/airflow/.local/lib/python3.7/site-packages/airflow/example_dags/example_task_group_decorator.py
[2023-03-18T00:12:43.478+0000] {processor.py:753} INFO - DAG(s) dict_keys(['example_task_group_decorator']) retrieved from /home/airflow/.local/lib/python3.7/site-packages/airflow/example_dags/example_task_group_decorator.py
[2023-03-18T00:12:43.517+0000] {logging_mixin.py:137} INFO - [2023-03-18T00:12:43.517+0000] {dag.py:2690} INFO - Sync 1 DAGs
[2023-03-18T00:12:43.547+0000] {logging_mixin.py:137} INFO - [2023-03-18T00:12:43.547+0000] {dag.py:3441} INFO - Setting next_dagrun for example_task_group_decorator to 2023-03-17T00:12:43.547257+00:00, run_after=2023-03-18T00:12:43.547257+00:00
[2023-03-18T00:12:43.580+0000] {processor.py:175} INFO - Processing /home/airflow/.local/lib/python3.7/site-packages/airflow/example_dags/example_task_group_decorator.py took 0.144 seconds
[2023-03-18T00:13:14.045+0000] {processor.py:153} INFO - Started process (PID=10261) to work on /home/airflow/.local/lib/python3.7/site-packages/airflow/example_dags/example_task_group_decorator.py
[2023-03-18T00:13:14.046+0000] {processor.py:743} INFO - Processing file /home/airflow/.local/lib/python3.7/site-packages/airflow/example_dags/example_task_group_decorator.py for tasks to queue
[2023-03-18T00:13:14.047+0000] {logging_mixin.py:137} INFO - [2023-03-18T00:13:14.047+0000] {dagbag.py:538} INFO - Filling up the DagBag from /home/airflow/.local/lib/python3.7/site-packages/airflow/example_dags/example_task_group_decorator.py
[2023-03-18T00:13:14.080+0000] {processor.py:753} INFO - DAG(s) dict_keys(['example_task_group_decorator']) retrieved from /home/airflow/.local/lib/python3.7/site-packages/airflow/example_dags/example_task_group_decorator.py
[2023-03-18T00:13:14.112+0000] {logging_mixin.py:137} INFO - [2023-03-18T00:13:14.112+0000] {dag.py:2690} INFO - Sync 1 DAGs
[2023-03-18T00:13:14.141+0000] {logging_mixin.py:137} INFO - [2023-03-18T00:13:14.141+0000] {dag.py:3441} INFO - Setting next_dagrun for example_task_group_decorator to 2023-03-17T00:13:14.140817+00:00, run_after=2023-03-18T00:13:14.140817+00:00
[2023-03-18T00:13:14.163+0000] {processor.py:175} INFO - Processing /home/airflow/.local/lib/python3.7/site-packages/airflow/example_dags/example_task_group_decorator.py took 0.122 seconds
[2023-03-18T00:13:44.438+0000] {processor.py:153} INFO - Started process (PID=10350) to work on /home/airflow/.local/lib/python3.7/site-packages/airflow/example_dags/example_task_group_decorator.py
[2023-03-18T00:13:44.440+0000] {processor.py:743} INFO - Processing file /home/airflow/.local/lib/python3.7/site-packages/airflow/example_dags/example_task_group_decorator.py for tasks to queue
[2023-03-18T00:13:44.441+0000] {logging_mixin.py:137} INFO - [2023-03-18T00:13:44.441+0000] {dagbag.py:538} INFO - Filling up the DagBag from /home/airflow/.local/lib/python3.7/site-packages/airflow/example_dags/example_task_group_decorator.py
[2023-03-18T00:13:44.480+0000] {processor.py:753} INFO - DAG(s) dict_keys(['example_task_group_decorator']) retrieved from /home/airflow/.local/lib/python3.7/site-packages/airflow/example_dags/example_task_group_decorator.py
[2023-03-18T00:13:44.516+0000] {logging_mixin.py:137} INFO - [2023-03-18T00:13:44.516+0000] {dag.py:2690} INFO - Sync 1 DAGs
[2023-03-18T00:13:44.547+0000] {logging_mixin.py:137} INFO - [2023-03-18T00:13:44.547+0000] {dag.py:3441} INFO - Setting next_dagrun for example_task_group_decorator to 2023-03-17T00:13:44.547539+00:00, run_after=2023-03-18T00:13:44.547539+00:00
[2023-03-18T00:13:44.571+0000] {processor.py:175} INFO - Processing /home/airflow/.local/lib/python3.7/site-packages/airflow/example_dags/example_task_group_decorator.py took 0.137 seconds
[2023-03-18T00:14:15.127+0000] {processor.py:153} INFO - Started process (PID=10445) to work on /home/airflow/.local/lib/python3.7/site-packages/airflow/example_dags/example_task_group_decorator.py
[2023-03-18T00:14:15.128+0000] {processor.py:743} INFO - Processing file /home/airflow/.local/lib/python3.7/site-packages/airflow/example_dags/example_task_group_decorator.py for tasks to queue
[2023-03-18T00:14:15.130+0000] {logging_mixin.py:137} INFO - [2023-03-18T00:14:15.129+0000] {dagbag.py:538} INFO - Filling up the DagBag from /home/airflow/.local/lib/python3.7/site-packages/airflow/example_dags/example_task_group_decorator.py
[2023-03-18T00:14:15.165+0000] {processor.py:753} INFO - DAG(s) dict_keys(['example_task_group_decorator']) retrieved from /home/airflow/.local/lib/python3.7/site-packages/airflow/example_dags/example_task_group_decorator.py
[2023-03-18T00:14:15.198+0000] {logging_mixin.py:137} INFO - [2023-03-18T00:14:15.198+0000] {dag.py:2690} INFO - Sync 1 DAGs
[2023-03-18T00:14:15.235+0000] {logging_mixin.py:137} INFO - [2023-03-18T00:14:15.235+0000] {dag.py:3441} INFO - Setting next_dagrun for example_task_group_decorator to 2023-03-17T00:14:15.235274+00:00, run_after=2023-03-18T00:14:15.235274+00:00
[2023-03-18T00:14:15.286+0000] {processor.py:175} INFO - Processing /home/airflow/.local/lib/python3.7/site-packages/airflow/example_dags/example_task_group_decorator.py took 0.163 seconds
[2023-03-18T00:14:45.656+0000] {processor.py:153} INFO - Started process (PID=10527) to work on /home/airflow/.local/lib/python3.7/site-packages/airflow/example_dags/example_task_group_decorator.py
[2023-03-18T00:14:45.657+0000] {processor.py:743} INFO - Processing file /home/airflow/.local/lib/python3.7/site-packages/airflow/example_dags/example_task_group_decorator.py for tasks to queue
[2023-03-18T00:14:45.659+0000] {logging_mixin.py:137} INFO - [2023-03-18T00:14:45.658+0000] {dagbag.py:538} INFO - Filling up the DagBag from /home/airflow/.local/lib/python3.7/site-packages/airflow/example_dags/example_task_group_decorator.py
[2023-03-18T00:14:45.710+0000] {processor.py:753} INFO - DAG(s) dict_keys(['example_task_group_decorator']) retrieved from /home/airflow/.local/lib/python3.7/site-packages/airflow/example_dags/example_task_group_decorator.py
[2023-03-18T00:14:45.758+0000] {logging_mixin.py:137} INFO - [2023-03-18T00:14:45.757+0000] {dag.py:2690} INFO - Sync 1 DAGs
[2023-03-18T00:14:45.816+0000] {logging_mixin.py:137} INFO - [2023-03-18T00:14:45.816+0000] {dag.py:3441} INFO - Setting next_dagrun for example_task_group_decorator to 2023-03-17T00:14:45.816096+00:00, run_after=2023-03-18T00:14:45.816096+00:00
[2023-03-18T00:14:45.857+0000] {processor.py:175} INFO - Processing /home/airflow/.local/lib/python3.7/site-packages/airflow/example_dags/example_task_group_decorator.py took 0.205 seconds
[2023-03-18T00:15:16.601+0000] {processor.py:153} INFO - Started process (PID=10609) to work on /home/airflow/.local/lib/python3.7/site-packages/airflow/example_dags/example_task_group_decorator.py
[2023-03-18T00:15:16.603+0000] {processor.py:743} INFO - Processing file /home/airflow/.local/lib/python3.7/site-packages/airflow/example_dags/example_task_group_decorator.py for tasks to queue
[2023-03-18T00:15:16.604+0000] {logging_mixin.py:137} INFO - [2023-03-18T00:15:16.604+0000] {dagbag.py:538} INFO - Filling up the DagBag from /home/airflow/.local/lib/python3.7/site-packages/airflow/example_dags/example_task_group_decorator.py
[2023-03-18T00:15:16.639+0000] {processor.py:753} INFO - DAG(s) dict_keys(['example_task_group_decorator']) retrieved from /home/airflow/.local/lib/python3.7/site-packages/airflow/example_dags/example_task_group_decorator.py
[2023-03-18T00:15:16.681+0000] {logging_mixin.py:137} INFO - [2023-03-18T00:15:16.681+0000] {dag.py:2690} INFO - Sync 1 DAGs
[2023-03-18T00:15:16.713+0000] {logging_mixin.py:137} INFO - [2023-03-18T00:15:16.713+0000] {dag.py:3441} INFO - Setting next_dagrun for example_task_group_decorator to 2023-03-17T00:15:16.713443+00:00, run_after=2023-03-18T00:15:16.713443+00:00
[2023-03-18T00:15:16.738+0000] {processor.py:175} INFO - Processing /home/airflow/.local/lib/python3.7/site-packages/airflow/example_dags/example_task_group_decorator.py took 0.141 seconds
[2023-03-18T00:15:47.113+0000] {processor.py:153} INFO - Started process (PID=10691) to work on /home/airflow/.local/lib/python3.7/site-packages/airflow/example_dags/example_task_group_decorator.py
[2023-03-18T00:15:47.114+0000] {processor.py:743} INFO - Processing file /home/airflow/.local/lib/python3.7/site-packages/airflow/example_dags/example_task_group_decorator.py for tasks to queue
[2023-03-18T00:15:47.116+0000] {logging_mixin.py:137} INFO - [2023-03-18T00:15:47.115+0000] {dagbag.py:538} INFO - Filling up the DagBag from /home/airflow/.local/lib/python3.7/site-packages/airflow/example_dags/example_task_group_decorator.py
[2023-03-18T00:15:47.164+0000] {processor.py:753} INFO - DAG(s) dict_keys(['example_task_group_decorator']) retrieved from /home/airflow/.local/lib/python3.7/site-packages/airflow/example_dags/example_task_group_decorator.py
[2023-03-18T00:15:47.196+0000] {logging_mixin.py:137} INFO - [2023-03-18T00:15:47.196+0000] {dag.py:2690} INFO - Sync 1 DAGs
[2023-03-18T00:15:47.223+0000] {logging_mixin.py:137} INFO - [2023-03-18T00:15:47.223+0000] {dag.py:3441} INFO - Setting next_dagrun for example_task_group_decorator to 2023-03-17T00:15:47.222817+00:00, run_after=2023-03-18T00:15:47.222817+00:00
[2023-03-18T00:15:47.245+0000] {processor.py:175} INFO - Processing /home/airflow/.local/lib/python3.7/site-packages/airflow/example_dags/example_task_group_decorator.py took 0.137 seconds
[2023-03-18T00:16:18.070+0000] {processor.py:153} INFO - Started process (PID=10782) to work on /home/airflow/.local/lib/python3.7/site-packages/airflow/example_dags/example_task_group_decorator.py
[2023-03-18T00:16:18.072+0000] {processor.py:743} INFO - Processing file /home/airflow/.local/lib/python3.7/site-packages/airflow/example_dags/example_task_group_decorator.py for tasks to queue
[2023-03-18T00:16:18.074+0000] {logging_mixin.py:137} INFO - [2023-03-18T00:16:18.074+0000] {dagbag.py:538} INFO - Filling up the DagBag from /home/airflow/.local/lib/python3.7/site-packages/airflow/example_dags/example_task_group_decorator.py
[2023-03-18T00:16:18.143+0000] {processor.py:753} INFO - DAG(s) dict_keys(['example_task_group_decorator']) retrieved from /home/airflow/.local/lib/python3.7/site-packages/airflow/example_dags/example_task_group_decorator.py
[2023-03-18T00:16:18.296+0000] {logging_mixin.py:137} INFO - [2023-03-18T00:16:18.296+0000] {dag.py:2690} INFO - Sync 1 DAGs
[2023-03-18T00:16:18.382+0000] {logging_mixin.py:137} INFO - [2023-03-18T00:16:18.382+0000] {dag.py:3441} INFO - Setting next_dagrun for example_task_group_decorator to 2023-03-17T00:16:18.381291+00:00, run_after=2023-03-18T00:16:18.381291+00:00
[2023-03-18T00:16:18.502+0000] {processor.py:175} INFO - Processing /home/airflow/.local/lib/python3.7/site-packages/airflow/example_dags/example_task_group_decorator.py took 0.436 seconds
