[2023-03-18T00:00:11.079+0000] {processor.py:153} INFO - Started process (PID=8081) to work on /home/airflow/.local/lib/python3.7/site-packages/airflow/example_dags/example_kubernetes_executor.py
[2023-03-18T00:00:11.082+0000] {processor.py:743} INFO - Processing file /home/airflow/.local/lib/python3.7/site-packages/airflow/example_dags/example_kubernetes_executor.py for tasks to queue
[2023-03-18T00:00:11.083+0000] {logging_mixin.py:137} INFO - [2023-03-18T00:00:11.083+0000] {dagbag.py:538} INFO - Filling up the DagBag from /home/airflow/.local/lib/python3.7/site-packages/airflow/example_dags/example_kubernetes_executor.py
[2023-03-18T00:00:11.155+0000] {processor.py:753} INFO - DAG(s) dict_keys(['example_kubernetes_executor']) retrieved from /home/airflow/.local/lib/python3.7/site-packages/airflow/example_dags/example_kubernetes_executor.py
[2023-03-18T00:00:11.251+0000] {logging_mixin.py:137} INFO - [2023-03-18T00:00:11.251+0000] {dag.py:2690} INFO - Sync 1 DAGs
[2023-03-18T00:00:11.318+0000] {logging_mixin.py:137} INFO - [2023-03-18T00:00:11.318+0000] {dag.py:3441} INFO - Setting next_dagrun for example_kubernetes_executor to None, run_after=None
[2023-03-18T00:00:11.354+0000] {processor.py:175} INFO - Processing /home/airflow/.local/lib/python3.7/site-packages/airflow/example_dags/example_kubernetes_executor.py took 0.280 seconds
[2023-03-18T00:00:42.138+0000] {processor.py:153} INFO - Started process (PID=8163) to work on /home/airflow/.local/lib/python3.7/site-packages/airflow/example_dags/example_kubernetes_executor.py
[2023-03-18T00:00:42.144+0000] {processor.py:743} INFO - Processing file /home/airflow/.local/lib/python3.7/site-packages/airflow/example_dags/example_kubernetes_executor.py for tasks to queue
[2023-03-18T00:00:42.149+0000] {logging_mixin.py:137} INFO - [2023-03-18T00:00:42.148+0000] {dagbag.py:538} INFO - Filling up the DagBag from /home/airflow/.local/lib/python3.7/site-packages/airflow/example_dags/example_kubernetes_executor.py
[2023-03-18T00:00:42.331+0000] {processor.py:753} INFO - DAG(s) dict_keys(['example_kubernetes_executor']) retrieved from /home/airflow/.local/lib/python3.7/site-packages/airflow/example_dags/example_kubernetes_executor.py
[2023-03-18T00:00:42.519+0000] {logging_mixin.py:137} INFO - [2023-03-18T00:00:42.518+0000] {dag.py:2690} INFO - Sync 1 DAGs
[2023-03-18T00:00:42.675+0000] {logging_mixin.py:137} INFO - [2023-03-18T00:00:42.673+0000] {dag.py:3441} INFO - Setting next_dagrun for example_kubernetes_executor to None, run_after=None
[2023-03-18T00:00:42.773+0000] {processor.py:175} INFO - Processing /home/airflow/.local/lib/python3.7/site-packages/airflow/example_dags/example_kubernetes_executor.py took 0.654 seconds
[2023-03-18T00:01:12.961+0000] {processor.py:153} INFO - Started process (PID=8245) to work on /home/airflow/.local/lib/python3.7/site-packages/airflow/example_dags/example_kubernetes_executor.py
[2023-03-18T00:01:12.963+0000] {processor.py:743} INFO - Processing file /home/airflow/.local/lib/python3.7/site-packages/airflow/example_dags/example_kubernetes_executor.py for tasks to queue
[2023-03-18T00:01:12.965+0000] {logging_mixin.py:137} INFO - [2023-03-18T00:01:12.965+0000] {dagbag.py:538} INFO - Filling up the DagBag from /home/airflow/.local/lib/python3.7/site-packages/airflow/example_dags/example_kubernetes_executor.py
[2023-03-18T00:01:13.016+0000] {processor.py:753} INFO - DAG(s) dict_keys(['example_kubernetes_executor']) retrieved from /home/airflow/.local/lib/python3.7/site-packages/airflow/example_dags/example_kubernetes_executor.py
[2023-03-18T00:01:13.105+0000] {logging_mixin.py:137} INFO - [2023-03-18T00:01:13.105+0000] {dag.py:2690} INFO - Sync 1 DAGs
[2023-03-18T00:01:13.170+0000] {logging_mixin.py:137} INFO - [2023-03-18T00:01:13.169+0000] {dag.py:3441} INFO - Setting next_dagrun for example_kubernetes_executor to None, run_after=None
[2023-03-18T00:01:13.220+0000] {processor.py:175} INFO - Processing /home/airflow/.local/lib/python3.7/site-packages/airflow/example_dags/example_kubernetes_executor.py took 0.263 seconds
[2023-03-18T00:01:43.394+0000] {processor.py:153} INFO - Started process (PID=8327) to work on /home/airflow/.local/lib/python3.7/site-packages/airflow/example_dags/example_kubernetes_executor.py
[2023-03-18T00:01:43.396+0000] {processor.py:743} INFO - Processing file /home/airflow/.local/lib/python3.7/site-packages/airflow/example_dags/example_kubernetes_executor.py for tasks to queue
[2023-03-18T00:01:43.399+0000] {logging_mixin.py:137} INFO - [2023-03-18T00:01:43.398+0000] {dagbag.py:538} INFO - Filling up the DagBag from /home/airflow/.local/lib/python3.7/site-packages/airflow/example_dags/example_kubernetes_executor.py
[2023-03-18T00:01:43.466+0000] {processor.py:753} INFO - DAG(s) dict_keys(['example_kubernetes_executor']) retrieved from /home/airflow/.local/lib/python3.7/site-packages/airflow/example_dags/example_kubernetes_executor.py
[2023-03-18T00:01:43.634+0000] {logging_mixin.py:137} INFO - [2023-03-18T00:01:43.633+0000] {dag.py:2690} INFO - Sync 1 DAGs
[2023-03-18T00:01:43.707+0000] {logging_mixin.py:137} INFO - [2023-03-18T00:01:43.707+0000] {dag.py:3441} INFO - Setting next_dagrun for example_kubernetes_executor to None, run_after=None
[2023-03-18T00:01:43.764+0000] {processor.py:175} INFO - Processing /home/airflow/.local/lib/python3.7/site-packages/airflow/example_dags/example_kubernetes_executor.py took 0.378 seconds
[2023-03-18T00:02:14.413+0000] {processor.py:153} INFO - Started process (PID=8409) to work on /home/airflow/.local/lib/python3.7/site-packages/airflow/example_dags/example_kubernetes_executor.py
[2023-03-18T00:02:14.416+0000] {processor.py:743} INFO - Processing file /home/airflow/.local/lib/python3.7/site-packages/airflow/example_dags/example_kubernetes_executor.py for tasks to queue
[2023-03-18T00:02:14.418+0000] {logging_mixin.py:137} INFO - [2023-03-18T00:02:14.418+0000] {dagbag.py:538} INFO - Filling up the DagBag from /home/airflow/.local/lib/python3.7/site-packages/airflow/example_dags/example_kubernetes_executor.py
[2023-03-18T00:02:14.491+0000] {processor.py:753} INFO - DAG(s) dict_keys(['example_kubernetes_executor']) retrieved from /home/airflow/.local/lib/python3.7/site-packages/airflow/example_dags/example_kubernetes_executor.py
[2023-03-18T00:02:14.562+0000] {logging_mixin.py:137} INFO - [2023-03-18T00:02:14.561+0000] {dag.py:2690} INFO - Sync 1 DAGs
[2023-03-18T00:02:14.661+0000] {logging_mixin.py:137} INFO - [2023-03-18T00:02:14.660+0000] {dag.py:3441} INFO - Setting next_dagrun for example_kubernetes_executor to None, run_after=None
[2023-03-18T00:02:14.711+0000] {processor.py:175} INFO - Processing /home/airflow/.local/lib/python3.7/site-packages/airflow/example_dags/example_kubernetes_executor.py took 0.304 seconds
[2023-03-18T00:02:44.936+0000] {processor.py:153} INFO - Started process (PID=8491) to work on /home/airflow/.local/lib/python3.7/site-packages/airflow/example_dags/example_kubernetes_executor.py
[2023-03-18T00:02:44.941+0000] {processor.py:743} INFO - Processing file /home/airflow/.local/lib/python3.7/site-packages/airflow/example_dags/example_kubernetes_executor.py for tasks to queue
[2023-03-18T00:02:44.946+0000] {logging_mixin.py:137} INFO - [2023-03-18T00:02:44.945+0000] {dagbag.py:538} INFO - Filling up the DagBag from /home/airflow/.local/lib/python3.7/site-packages/airflow/example_dags/example_kubernetes_executor.py
[2023-03-18T00:02:45.097+0000] {processor.py:753} INFO - DAG(s) dict_keys(['example_kubernetes_executor']) retrieved from /home/airflow/.local/lib/python3.7/site-packages/airflow/example_dags/example_kubernetes_executor.py
[2023-03-18T00:02:45.254+0000] {logging_mixin.py:137} INFO - [2023-03-18T00:02:45.253+0000] {dag.py:2690} INFO - Sync 1 DAGs
[2023-03-18T00:02:45.354+0000] {logging_mixin.py:137} INFO - [2023-03-18T00:02:45.354+0000] {dag.py:3441} INFO - Setting next_dagrun for example_kubernetes_executor to None, run_after=None
[2023-03-18T00:02:45.390+0000] {processor.py:175} INFO - Processing /home/airflow/.local/lib/python3.7/site-packages/airflow/example_dags/example_kubernetes_executor.py took 0.469 seconds
[2023-03-18T00:03:15.721+0000] {processor.py:153} INFO - Started process (PID=8573) to work on /home/airflow/.local/lib/python3.7/site-packages/airflow/example_dags/example_kubernetes_executor.py
[2023-03-18T00:03:15.723+0000] {processor.py:743} INFO - Processing file /home/airflow/.local/lib/python3.7/site-packages/airflow/example_dags/example_kubernetes_executor.py for tasks to queue
[2023-03-18T00:03:15.725+0000] {logging_mixin.py:137} INFO - [2023-03-18T00:03:15.724+0000] {dagbag.py:538} INFO - Filling up the DagBag from /home/airflow/.local/lib/python3.7/site-packages/airflow/example_dags/example_kubernetes_executor.py
[2023-03-18T00:03:15.774+0000] {processor.py:753} INFO - DAG(s) dict_keys(['example_kubernetes_executor']) retrieved from /home/airflow/.local/lib/python3.7/site-packages/airflow/example_dags/example_kubernetes_executor.py
[2023-03-18T00:03:15.821+0000] {logging_mixin.py:137} INFO - [2023-03-18T00:03:15.820+0000] {dag.py:2690} INFO - Sync 1 DAGs
[2023-03-18T00:03:15.854+0000] {logging_mixin.py:137} INFO - [2023-03-18T00:03:15.854+0000] {dag.py:3441} INFO - Setting next_dagrun for example_kubernetes_executor to None, run_after=None
[2023-03-18T00:03:15.882+0000] {processor.py:175} INFO - Processing /home/airflow/.local/lib/python3.7/site-packages/airflow/example_dags/example_kubernetes_executor.py took 0.165 seconds
[2023-03-18T00:03:46.302+0000] {processor.py:153} INFO - Started process (PID=8655) to work on /home/airflow/.local/lib/python3.7/site-packages/airflow/example_dags/example_kubernetes_executor.py
[2023-03-18T00:03:46.307+0000] {processor.py:743} INFO - Processing file /home/airflow/.local/lib/python3.7/site-packages/airflow/example_dags/example_kubernetes_executor.py for tasks to queue
[2023-03-18T00:03:46.312+0000] {logging_mixin.py:137} INFO - [2023-03-18T00:03:46.311+0000] {dagbag.py:538} INFO - Filling up the DagBag from /home/airflow/.local/lib/python3.7/site-packages/airflow/example_dags/example_kubernetes_executor.py
[2023-03-18T00:03:46.374+0000] {processor.py:753} INFO - DAG(s) dict_keys(['example_kubernetes_executor']) retrieved from /home/airflow/.local/lib/python3.7/site-packages/airflow/example_dags/example_kubernetes_executor.py
[2023-03-18T00:03:46.405+0000] {logging_mixin.py:137} INFO - [2023-03-18T00:03:46.405+0000] {dag.py:2690} INFO - Sync 1 DAGs
[2023-03-18T00:03:46.434+0000] {logging_mixin.py:137} INFO - [2023-03-18T00:03:46.434+0000] {dag.py:3441} INFO - Setting next_dagrun for example_kubernetes_executor to None, run_after=None
[2023-03-18T00:03:46.456+0000] {processor.py:175} INFO - Processing /home/airflow/.local/lib/python3.7/site-packages/airflow/example_dags/example_kubernetes_executor.py took 0.175 seconds
[2023-03-18T00:04:16.637+0000] {processor.py:153} INFO - Started process (PID=8737) to work on /home/airflow/.local/lib/python3.7/site-packages/airflow/example_dags/example_kubernetes_executor.py
[2023-03-18T00:04:16.642+0000] {processor.py:743} INFO - Processing file /home/airflow/.local/lib/python3.7/site-packages/airflow/example_dags/example_kubernetes_executor.py for tasks to queue
[2023-03-18T00:04:16.646+0000] {logging_mixin.py:137} INFO - [2023-03-18T00:04:16.646+0000] {dagbag.py:538} INFO - Filling up the DagBag from /home/airflow/.local/lib/python3.7/site-packages/airflow/example_dags/example_kubernetes_executor.py
[2023-03-18T00:04:16.768+0000] {processor.py:753} INFO - DAG(s) dict_keys(['example_kubernetes_executor']) retrieved from /home/airflow/.local/lib/python3.7/site-packages/airflow/example_dags/example_kubernetes_executor.py
[2023-03-18T00:04:16.884+0000] {logging_mixin.py:137} INFO - [2023-03-18T00:04:16.883+0000] {dag.py:2690} INFO - Sync 1 DAGs
[2023-03-18T00:04:16.976+0000] {logging_mixin.py:137} INFO - [2023-03-18T00:04:16.976+0000] {dag.py:3441} INFO - Setting next_dagrun for example_kubernetes_executor to None, run_after=None
[2023-03-18T00:04:17.043+0000] {processor.py:175} INFO - Processing /home/airflow/.local/lib/python3.7/site-packages/airflow/example_dags/example_kubernetes_executor.py took 0.425 seconds
[2023-03-18T00:04:47.963+0000] {processor.py:153} INFO - Started process (PID=8840) to work on /home/airflow/.local/lib/python3.7/site-packages/airflow/example_dags/example_kubernetes_executor.py
[2023-03-18T00:04:47.967+0000] {processor.py:743} INFO - Processing file /home/airflow/.local/lib/python3.7/site-packages/airflow/example_dags/example_kubernetes_executor.py for tasks to queue
[2023-03-18T00:04:47.970+0000] {logging_mixin.py:137} INFO - [2023-03-18T00:04:47.970+0000] {dagbag.py:538} INFO - Filling up the DagBag from /home/airflow/.local/lib/python3.7/site-packages/airflow/example_dags/example_kubernetes_executor.py
[2023-03-18T00:04:48.081+0000] {processor.py:753} INFO - DAG(s) dict_keys(['example_kubernetes_executor']) retrieved from /home/airflow/.local/lib/python3.7/site-packages/airflow/example_dags/example_kubernetes_executor.py
[2023-03-18T00:04:48.211+0000] {logging_mixin.py:137} INFO - [2023-03-18T00:04:48.211+0000] {dag.py:2690} INFO - Sync 1 DAGs
[2023-03-18T00:04:48.281+0000] {logging_mixin.py:137} INFO - [2023-03-18T00:04:48.281+0000] {dag.py:3441} INFO - Setting next_dagrun for example_kubernetes_executor to None, run_after=None
[2023-03-18T00:04:48.317+0000] {processor.py:175} INFO - Processing /home/airflow/.local/lib/python3.7/site-packages/airflow/example_dags/example_kubernetes_executor.py took 0.373 seconds
[2023-03-18T00:05:18.788+0000] {processor.py:153} INFO - Started process (PID=8922) to work on /home/airflow/.local/lib/python3.7/site-packages/airflow/example_dags/example_kubernetes_executor.py
[2023-03-18T00:05:18.793+0000] {processor.py:743} INFO - Processing file /home/airflow/.local/lib/python3.7/site-packages/airflow/example_dags/example_kubernetes_executor.py for tasks to queue
[2023-03-18T00:05:18.798+0000] {logging_mixin.py:137} INFO - [2023-03-18T00:05:18.797+0000] {dagbag.py:538} INFO - Filling up the DagBag from /home/airflow/.local/lib/python3.7/site-packages/airflow/example_dags/example_kubernetes_executor.py
[2023-03-18T00:05:18.955+0000] {processor.py:753} INFO - DAG(s) dict_keys(['example_kubernetes_executor']) retrieved from /home/airflow/.local/lib/python3.7/site-packages/airflow/example_dags/example_kubernetes_executor.py
[2023-03-18T00:05:19.012+0000] {logging_mixin.py:137} INFO - [2023-03-18T00:05:19.012+0000] {dag.py:2690} INFO - Sync 1 DAGs
[2023-03-18T00:05:19.044+0000] {logging_mixin.py:137} INFO - [2023-03-18T00:05:19.044+0000] {dag.py:3441} INFO - Setting next_dagrun for example_kubernetes_executor to None, run_after=None
[2023-03-18T00:05:19.073+0000] {processor.py:175} INFO - Processing /home/airflow/.local/lib/python3.7/site-packages/airflow/example_dags/example_kubernetes_executor.py took 0.301 seconds
[2023-03-18T00:05:50.028+0000] {processor.py:153} INFO - Started process (PID=9004) to work on /home/airflow/.local/lib/python3.7/site-packages/airflow/example_dags/example_kubernetes_executor.py
[2023-03-18T00:05:50.033+0000] {processor.py:743} INFO - Processing file /home/airflow/.local/lib/python3.7/site-packages/airflow/example_dags/example_kubernetes_executor.py for tasks to queue
[2023-03-18T00:05:50.039+0000] {logging_mixin.py:137} INFO - [2023-03-18T00:05:50.038+0000] {dagbag.py:538} INFO - Filling up the DagBag from /home/airflow/.local/lib/python3.7/site-packages/airflow/example_dags/example_kubernetes_executor.py
[2023-03-18T00:05:50.181+0000] {processor.py:753} INFO - DAG(s) dict_keys(['example_kubernetes_executor']) retrieved from /home/airflow/.local/lib/python3.7/site-packages/airflow/example_dags/example_kubernetes_executor.py
[2023-03-18T00:05:50.235+0000] {logging_mixin.py:137} INFO - [2023-03-18T00:05:50.235+0000] {dag.py:2690} INFO - Sync 1 DAGs
[2023-03-18T00:05:50.292+0000] {logging_mixin.py:137} INFO - [2023-03-18T00:05:50.292+0000] {dag.py:3441} INFO - Setting next_dagrun for example_kubernetes_executor to None, run_after=None
[2023-03-18T00:05:50.330+0000] {processor.py:175} INFO - Processing /home/airflow/.local/lib/python3.7/site-packages/airflow/example_dags/example_kubernetes_executor.py took 0.321 seconds
[2023-03-18T00:06:21.055+0000] {processor.py:153} INFO - Started process (PID=9093) to work on /home/airflow/.local/lib/python3.7/site-packages/airflow/example_dags/example_kubernetes_executor.py
[2023-03-18T00:06:21.057+0000] {processor.py:743} INFO - Processing file /home/airflow/.local/lib/python3.7/site-packages/airflow/example_dags/example_kubernetes_executor.py for tasks to queue
[2023-03-18T00:06:21.059+0000] {logging_mixin.py:137} INFO - [2023-03-18T00:06:21.059+0000] {dagbag.py:538} INFO - Filling up the DagBag from /home/airflow/.local/lib/python3.7/site-packages/airflow/example_dags/example_kubernetes_executor.py
[2023-03-18T00:06:21.112+0000] {processor.py:753} INFO - DAG(s) dict_keys(['example_kubernetes_executor']) retrieved from /home/airflow/.local/lib/python3.7/site-packages/airflow/example_dags/example_kubernetes_executor.py
[2023-03-18T00:06:21.170+0000] {logging_mixin.py:137} INFO - [2023-03-18T00:06:21.169+0000] {dag.py:2690} INFO - Sync 1 DAGs
[2023-03-18T00:06:21.242+0000] {logging_mixin.py:137} INFO - [2023-03-18T00:06:21.242+0000] {dag.py:3441} INFO - Setting next_dagrun for example_kubernetes_executor to None, run_after=None
[2023-03-18T00:06:21.285+0000] {processor.py:175} INFO - Processing /home/airflow/.local/lib/python3.7/site-packages/airflow/example_dags/example_kubernetes_executor.py took 0.238 seconds
[2023-03-18T00:06:51.728+0000] {processor.py:153} INFO - Started process (PID=9188) to work on /home/airflow/.local/lib/python3.7/site-packages/airflow/example_dags/example_kubernetes_executor.py
[2023-03-18T00:06:51.736+0000] {processor.py:743} INFO - Processing file /home/airflow/.local/lib/python3.7/site-packages/airflow/example_dags/example_kubernetes_executor.py for tasks to queue
[2023-03-18T00:06:51.739+0000] {logging_mixin.py:137} INFO - [2023-03-18T00:06:51.739+0000] {dagbag.py:538} INFO - Filling up the DagBag from /home/airflow/.local/lib/python3.7/site-packages/airflow/example_dags/example_kubernetes_executor.py
[2023-03-18T00:06:51.837+0000] {processor.py:753} INFO - DAG(s) dict_keys(['example_kubernetes_executor']) retrieved from /home/airflow/.local/lib/python3.7/site-packages/airflow/example_dags/example_kubernetes_executor.py
[2023-03-18T00:06:51.961+0000] {logging_mixin.py:137} INFO - [2023-03-18T00:06:51.961+0000] {dag.py:2690} INFO - Sync 1 DAGs
[2023-03-18T00:06:52.037+0000] {logging_mixin.py:137} INFO - [2023-03-18T00:06:52.037+0000] {dag.py:3441} INFO - Setting next_dagrun for example_kubernetes_executor to None, run_after=None
[2023-03-18T00:06:52.077+0000] {processor.py:175} INFO - Processing /home/airflow/.local/lib/python3.7/site-packages/airflow/example_dags/example_kubernetes_executor.py took 0.373 seconds
[2023-03-18T00:07:22.225+0000] {processor.py:153} INFO - Started process (PID=9271) to work on /home/airflow/.local/lib/python3.7/site-packages/airflow/example_dags/example_kubernetes_executor.py
[2023-03-18T00:07:22.227+0000] {processor.py:743} INFO - Processing file /home/airflow/.local/lib/python3.7/site-packages/airflow/example_dags/example_kubernetes_executor.py for tasks to queue
[2023-03-18T00:07:22.229+0000] {logging_mixin.py:137} INFO - [2023-03-18T00:07:22.229+0000] {dagbag.py:538} INFO - Filling up the DagBag from /home/airflow/.local/lib/python3.7/site-packages/airflow/example_dags/example_kubernetes_executor.py
[2023-03-18T00:07:22.279+0000] {processor.py:753} INFO - DAG(s) dict_keys(['example_kubernetes_executor']) retrieved from /home/airflow/.local/lib/python3.7/site-packages/airflow/example_dags/example_kubernetes_executor.py
[2023-03-18T00:07:22.329+0000] {logging_mixin.py:137} INFO - [2023-03-18T00:07:22.328+0000] {dag.py:2690} INFO - Sync 1 DAGs
[2023-03-18T00:07:22.379+0000] {logging_mixin.py:137} INFO - [2023-03-18T00:07:22.379+0000] {dag.py:3441} INFO - Setting next_dagrun for example_kubernetes_executor to None, run_after=None
[2023-03-18T00:07:22.422+0000] {processor.py:175} INFO - Processing /home/airflow/.local/lib/python3.7/site-packages/airflow/example_dags/example_kubernetes_executor.py took 0.203 seconds
[2023-03-18T00:07:52.794+0000] {processor.py:153} INFO - Started process (PID=9354) to work on /home/airflow/.local/lib/python3.7/site-packages/airflow/example_dags/example_kubernetes_executor.py
[2023-03-18T00:07:52.799+0000] {processor.py:743} INFO - Processing file /home/airflow/.local/lib/python3.7/site-packages/airflow/example_dags/example_kubernetes_executor.py for tasks to queue
[2023-03-18T00:07:52.803+0000] {logging_mixin.py:137} INFO - [2023-03-18T00:07:52.802+0000] {dagbag.py:538} INFO - Filling up the DagBag from /home/airflow/.local/lib/python3.7/site-packages/airflow/example_dags/example_kubernetes_executor.py
[2023-03-18T00:07:52.935+0000] {processor.py:753} INFO - DAG(s) dict_keys(['example_kubernetes_executor']) retrieved from /home/airflow/.local/lib/python3.7/site-packages/airflow/example_dags/example_kubernetes_executor.py
[2023-03-18T00:07:53.037+0000] {logging_mixin.py:137} INFO - [2023-03-18T00:07:53.037+0000] {dag.py:2690} INFO - Sync 1 DAGs
[2023-03-18T00:07:53.110+0000] {logging_mixin.py:137} INFO - [2023-03-18T00:07:53.109+0000] {dag.py:3441} INFO - Setting next_dagrun for example_kubernetes_executor to None, run_after=None
[2023-03-18T00:07:53.144+0000] {processor.py:175} INFO - Processing /home/airflow/.local/lib/python3.7/site-packages/airflow/example_dags/example_kubernetes_executor.py took 0.364 seconds
[2023-03-18T00:08:24.170+0000] {processor.py:153} INFO - Started process (PID=9436) to work on /home/airflow/.local/lib/python3.7/site-packages/airflow/example_dags/example_kubernetes_executor.py
[2023-03-18T00:08:24.171+0000] {processor.py:743} INFO - Processing file /home/airflow/.local/lib/python3.7/site-packages/airflow/example_dags/example_kubernetes_executor.py for tasks to queue
[2023-03-18T00:08:24.172+0000] {logging_mixin.py:137} INFO - [2023-03-18T00:08:24.172+0000] {dagbag.py:538} INFO - Filling up the DagBag from /home/airflow/.local/lib/python3.7/site-packages/airflow/example_dags/example_kubernetes_executor.py
[2023-03-18T00:08:24.225+0000] {processor.py:753} INFO - DAG(s) dict_keys(['example_kubernetes_executor']) retrieved from /home/airflow/.local/lib/python3.7/site-packages/airflow/example_dags/example_kubernetes_executor.py
[2023-03-18T00:08:24.285+0000] {logging_mixin.py:137} INFO - [2023-03-18T00:08:24.285+0000] {dag.py:2690} INFO - Sync 1 DAGs
[2023-03-18T00:08:24.331+0000] {logging_mixin.py:137} INFO - [2023-03-18T00:08:24.331+0000] {dag.py:3441} INFO - Setting next_dagrun for example_kubernetes_executor to None, run_after=None
[2023-03-18T00:08:24.360+0000] {processor.py:175} INFO - Processing /home/airflow/.local/lib/python3.7/site-packages/airflow/example_dags/example_kubernetes_executor.py took 0.201 seconds
[2023-03-18T00:08:54.958+0000] {processor.py:153} INFO - Started process (PID=9525) to work on /home/airflow/.local/lib/python3.7/site-packages/airflow/example_dags/example_kubernetes_executor.py
[2023-03-18T00:08:54.960+0000] {processor.py:743} INFO - Processing file /home/airflow/.local/lib/python3.7/site-packages/airflow/example_dags/example_kubernetes_executor.py for tasks to queue
[2023-03-18T00:08:54.962+0000] {logging_mixin.py:137} INFO - [2023-03-18T00:08:54.961+0000] {dagbag.py:538} INFO - Filling up the DagBag from /home/airflow/.local/lib/python3.7/site-packages/airflow/example_dags/example_kubernetes_executor.py
[2023-03-18T00:08:55.019+0000] {processor.py:753} INFO - DAG(s) dict_keys(['example_kubernetes_executor']) retrieved from /home/airflow/.local/lib/python3.7/site-packages/airflow/example_dags/example_kubernetes_executor.py
[2023-03-18T00:08:55.109+0000] {logging_mixin.py:137} INFO - [2023-03-18T00:08:55.107+0000] {dag.py:2690} INFO - Sync 1 DAGs
[2023-03-18T00:08:55.169+0000] {logging_mixin.py:137} INFO - [2023-03-18T00:08:55.168+0000] {dag.py:3441} INFO - Setting next_dagrun for example_kubernetes_executor to None, run_after=None
[2023-03-18T00:08:55.209+0000] {processor.py:175} INFO - Processing /home/airflow/.local/lib/python3.7/site-packages/airflow/example_dags/example_kubernetes_executor.py took 0.262 seconds
[2023-03-18T00:09:25.682+0000] {processor.py:153} INFO - Started process (PID=9620) to work on /home/airflow/.local/lib/python3.7/site-packages/airflow/example_dags/example_kubernetes_executor.py
[2023-03-18T00:09:25.684+0000] {processor.py:743} INFO - Processing file /home/airflow/.local/lib/python3.7/site-packages/airflow/example_dags/example_kubernetes_executor.py for tasks to queue
[2023-03-18T00:09:25.685+0000] {logging_mixin.py:137} INFO - [2023-03-18T00:09:25.685+0000] {dagbag.py:538} INFO - Filling up the DagBag from /home/airflow/.local/lib/python3.7/site-packages/airflow/example_dags/example_kubernetes_executor.py
[2023-03-18T00:09:25.718+0000] {processor.py:753} INFO - DAG(s) dict_keys(['example_kubernetes_executor']) retrieved from /home/airflow/.local/lib/python3.7/site-packages/airflow/example_dags/example_kubernetes_executor.py
[2023-03-18T00:09:25.751+0000] {logging_mixin.py:137} INFO - [2023-03-18T00:09:25.751+0000] {dag.py:2690} INFO - Sync 1 DAGs
[2023-03-18T00:09:25.795+0000] {logging_mixin.py:137} INFO - [2023-03-18T00:09:25.795+0000] {dag.py:3441} INFO - Setting next_dagrun for example_kubernetes_executor to None, run_after=None
[2023-03-18T00:09:25.822+0000] {processor.py:175} INFO - Processing /home/airflow/.local/lib/python3.7/site-packages/airflow/example_dags/example_kubernetes_executor.py took 0.144 seconds
[2023-03-18T00:09:56.490+0000] {processor.py:153} INFO - Started process (PID=9702) to work on /home/airflow/.local/lib/python3.7/site-packages/airflow/example_dags/example_kubernetes_executor.py
[2023-03-18T00:09:56.491+0000] {processor.py:743} INFO - Processing file /home/airflow/.local/lib/python3.7/site-packages/airflow/example_dags/example_kubernetes_executor.py for tasks to queue
[2023-03-18T00:09:56.493+0000] {logging_mixin.py:137} INFO - [2023-03-18T00:09:56.492+0000] {dagbag.py:538} INFO - Filling up the DagBag from /home/airflow/.local/lib/python3.7/site-packages/airflow/example_dags/example_kubernetes_executor.py
[2023-03-18T00:09:56.539+0000] {processor.py:753} INFO - DAG(s) dict_keys(['example_kubernetes_executor']) retrieved from /home/airflow/.local/lib/python3.7/site-packages/airflow/example_dags/example_kubernetes_executor.py
[2023-03-18T00:09:56.592+0000] {logging_mixin.py:137} INFO - [2023-03-18T00:09:56.592+0000] {dag.py:2690} INFO - Sync 1 DAGs
[2023-03-18T00:09:56.627+0000] {logging_mixin.py:137} INFO - [2023-03-18T00:09:56.627+0000] {dag.py:3441} INFO - Setting next_dagrun for example_kubernetes_executor to None, run_after=None
[2023-03-18T00:09:56.655+0000] {processor.py:175} INFO - Processing /home/airflow/.local/lib/python3.7/site-packages/airflow/example_dags/example_kubernetes_executor.py took 0.170 seconds
[2023-03-18T00:10:26.766+0000] {processor.py:153} INFO - Started process (PID=9784) to work on /home/airflow/.local/lib/python3.7/site-packages/airflow/example_dags/example_kubernetes_executor.py
[2023-03-18T00:10:26.767+0000] {processor.py:743} INFO - Processing file /home/airflow/.local/lib/python3.7/site-packages/airflow/example_dags/example_kubernetes_executor.py for tasks to queue
[2023-03-18T00:10:26.769+0000] {logging_mixin.py:137} INFO - [2023-03-18T00:10:26.768+0000] {dagbag.py:538} INFO - Filling up the DagBag from /home/airflow/.local/lib/python3.7/site-packages/airflow/example_dags/example_kubernetes_executor.py
[2023-03-18T00:10:26.815+0000] {processor.py:753} INFO - DAG(s) dict_keys(['example_kubernetes_executor']) retrieved from /home/airflow/.local/lib/python3.7/site-packages/airflow/example_dags/example_kubernetes_executor.py
[2023-03-18T00:10:26.878+0000] {logging_mixin.py:137} INFO - [2023-03-18T00:10:26.878+0000] {dag.py:2690} INFO - Sync 1 DAGs
[2023-03-18T00:10:26.919+0000] {logging_mixin.py:137} INFO - [2023-03-18T00:10:26.919+0000] {dag.py:3441} INFO - Setting next_dagrun for example_kubernetes_executor to None, run_after=None
[2023-03-18T00:10:26.952+0000] {processor.py:175} INFO - Processing /home/airflow/.local/lib/python3.7/site-packages/airflow/example_dags/example_kubernetes_executor.py took 0.191 seconds
[2023-03-18T00:10:57.558+0000] {processor.py:153} INFO - Started process (PID=9866) to work on /home/airflow/.local/lib/python3.7/site-packages/airflow/example_dags/example_kubernetes_executor.py
[2023-03-18T00:10:57.564+0000] {processor.py:743} INFO - Processing file /home/airflow/.local/lib/python3.7/site-packages/airflow/example_dags/example_kubernetes_executor.py for tasks to queue
[2023-03-18T00:10:57.572+0000] {logging_mixin.py:137} INFO - [2023-03-18T00:10:57.571+0000] {dagbag.py:538} INFO - Filling up the DagBag from /home/airflow/.local/lib/python3.7/site-packages/airflow/example_dags/example_kubernetes_executor.py
[2023-03-18T00:10:57.697+0000] {processor.py:753} INFO - DAG(s) dict_keys(['example_kubernetes_executor']) retrieved from /home/airflow/.local/lib/python3.7/site-packages/airflow/example_dags/example_kubernetes_executor.py
[2023-03-18T00:10:57.779+0000] {logging_mixin.py:137} INFO - [2023-03-18T00:10:57.779+0000] {dag.py:2690} INFO - Sync 1 DAGs
[2023-03-18T00:10:57.826+0000] {logging_mixin.py:137} INFO - [2023-03-18T00:10:57.825+0000] {dag.py:3441} INFO - Setting next_dagrun for example_kubernetes_executor to None, run_after=None
[2023-03-18T00:10:57.865+0000] {processor.py:175} INFO - Processing /home/airflow/.local/lib/python3.7/site-packages/airflow/example_dags/example_kubernetes_executor.py took 0.333 seconds
[2023-03-18T00:11:28.461+0000] {processor.py:153} INFO - Started process (PID=9968) to work on /home/airflow/.local/lib/python3.7/site-packages/airflow/example_dags/example_kubernetes_executor.py
[2023-03-18T00:11:28.467+0000] {processor.py:743} INFO - Processing file /home/airflow/.local/lib/python3.7/site-packages/airflow/example_dags/example_kubernetes_executor.py for tasks to queue
[2023-03-18T00:11:28.471+0000] {logging_mixin.py:137} INFO - [2023-03-18T00:11:28.470+0000] {dagbag.py:538} INFO - Filling up the DagBag from /home/airflow/.local/lib/python3.7/site-packages/airflow/example_dags/example_kubernetes_executor.py
[2023-03-18T00:11:28.605+0000] {processor.py:753} INFO - DAG(s) dict_keys(['example_kubernetes_executor']) retrieved from /home/airflow/.local/lib/python3.7/site-packages/airflow/example_dags/example_kubernetes_executor.py
[2023-03-18T00:11:28.736+0000] {logging_mixin.py:137} INFO - [2023-03-18T00:11:28.735+0000] {dag.py:2690} INFO - Sync 1 DAGs
[2023-03-18T00:11:28.818+0000] {logging_mixin.py:137} INFO - [2023-03-18T00:11:28.818+0000] {dag.py:3441} INFO - Setting next_dagrun for example_kubernetes_executor to None, run_after=None
[2023-03-18T00:11:28.864+0000] {processor.py:175} INFO - Processing /home/airflow/.local/lib/python3.7/site-packages/airflow/example_dags/example_kubernetes_executor.py took 0.436 seconds
[2023-03-18T00:11:59.644+0000] {processor.py:153} INFO - Started process (PID=10050) to work on /home/airflow/.local/lib/python3.7/site-packages/airflow/example_dags/example_kubernetes_executor.py
[2023-03-18T00:11:59.645+0000] {processor.py:743} INFO - Processing file /home/airflow/.local/lib/python3.7/site-packages/airflow/example_dags/example_kubernetes_executor.py for tasks to queue
[2023-03-18T00:11:59.647+0000] {logging_mixin.py:137} INFO - [2023-03-18T00:11:59.646+0000] {dagbag.py:538} INFO - Filling up the DagBag from /home/airflow/.local/lib/python3.7/site-packages/airflow/example_dags/example_kubernetes_executor.py
[2023-03-18T00:11:59.699+0000] {processor.py:753} INFO - DAG(s) dict_keys(['example_kubernetes_executor']) retrieved from /home/airflow/.local/lib/python3.7/site-packages/airflow/example_dags/example_kubernetes_executor.py
[2023-03-18T00:11:59.747+0000] {logging_mixin.py:137} INFO - [2023-03-18T00:11:59.747+0000] {dag.py:2690} INFO - Sync 1 DAGs
[2023-03-18T00:11:59.790+0000] {logging_mixin.py:137} INFO - [2023-03-18T00:11:59.790+0000] {dag.py:3441} INFO - Setting next_dagrun for example_kubernetes_executor to None, run_after=None
[2023-03-18T00:11:59.819+0000] {processor.py:175} INFO - Processing /home/airflow/.local/lib/python3.7/site-packages/airflow/example_dags/example_kubernetes_executor.py took 0.179 seconds
[2023-03-18T00:12:30.674+0000] {processor.py:153} INFO - Started process (PID=10133) to work on /home/airflow/.local/lib/python3.7/site-packages/airflow/example_dags/example_kubernetes_executor.py
[2023-03-18T00:12:30.675+0000] {processor.py:743} INFO - Processing file /home/airflow/.local/lib/python3.7/site-packages/airflow/example_dags/example_kubernetes_executor.py for tasks to queue
[2023-03-18T00:12:30.677+0000] {logging_mixin.py:137} INFO - [2023-03-18T00:12:30.676+0000] {dagbag.py:538} INFO - Filling up the DagBag from /home/airflow/.local/lib/python3.7/site-packages/airflow/example_dags/example_kubernetes_executor.py
[2023-03-18T00:12:30.736+0000] {processor.py:753} INFO - DAG(s) dict_keys(['example_kubernetes_executor']) retrieved from /home/airflow/.local/lib/python3.7/site-packages/airflow/example_dags/example_kubernetes_executor.py
[2023-03-18T00:12:30.787+0000] {logging_mixin.py:137} INFO - [2023-03-18T00:12:30.787+0000] {dag.py:2690} INFO - Sync 1 DAGs
[2023-03-18T00:12:30.836+0000] {logging_mixin.py:137} INFO - [2023-03-18T00:12:30.835+0000] {dag.py:3441} INFO - Setting next_dagrun for example_kubernetes_executor to None, run_after=None
[2023-03-18T00:12:30.866+0000] {processor.py:175} INFO - Processing /home/airflow/.local/lib/python3.7/site-packages/airflow/example_dags/example_kubernetes_executor.py took 0.196 seconds
[2023-03-18T00:13:01.265+0000] {processor.py:153} INFO - Started process (PID=10215) to work on /home/airflow/.local/lib/python3.7/site-packages/airflow/example_dags/example_kubernetes_executor.py
[2023-03-18T00:13:01.267+0000] {processor.py:743} INFO - Processing file /home/airflow/.local/lib/python3.7/site-packages/airflow/example_dags/example_kubernetes_executor.py for tasks to queue
[2023-03-18T00:13:01.270+0000] {logging_mixin.py:137} INFO - [2023-03-18T00:13:01.270+0000] {dagbag.py:538} INFO - Filling up the DagBag from /home/airflow/.local/lib/python3.7/site-packages/airflow/example_dags/example_kubernetes_executor.py
[2023-03-18T00:13:01.309+0000] {processor.py:753} INFO - DAG(s) dict_keys(['example_kubernetes_executor']) retrieved from /home/airflow/.local/lib/python3.7/site-packages/airflow/example_dags/example_kubernetes_executor.py
[2023-03-18T00:13:01.346+0000] {logging_mixin.py:137} INFO - [2023-03-18T00:13:01.346+0000] {dag.py:2690} INFO - Sync 1 DAGs
[2023-03-18T00:13:01.376+0000] {logging_mixin.py:137} INFO - [2023-03-18T00:13:01.376+0000] {dag.py:3441} INFO - Setting next_dagrun for example_kubernetes_executor to None, run_after=None
[2023-03-18T00:13:01.400+0000] {processor.py:175} INFO - Processing /home/airflow/.local/lib/python3.7/site-packages/airflow/example_dags/example_kubernetes_executor.py took 0.140 seconds
[2023-03-18T00:13:31.798+0000] {processor.py:153} INFO - Started process (PID=10317) to work on /home/airflow/.local/lib/python3.7/site-packages/airflow/example_dags/example_kubernetes_executor.py
[2023-03-18T00:13:31.804+0000] {processor.py:743} INFO - Processing file /home/airflow/.local/lib/python3.7/site-packages/airflow/example_dags/example_kubernetes_executor.py for tasks to queue
[2023-03-18T00:13:31.809+0000] {logging_mixin.py:137} INFO - [2023-03-18T00:13:31.808+0000] {dagbag.py:538} INFO - Filling up the DagBag from /home/airflow/.local/lib/python3.7/site-packages/airflow/example_dags/example_kubernetes_executor.py
[2023-03-18T00:13:31.947+0000] {processor.py:753} INFO - DAG(s) dict_keys(['example_kubernetes_executor']) retrieved from /home/airflow/.local/lib/python3.7/site-packages/airflow/example_dags/example_kubernetes_executor.py
[2023-03-18T00:13:32.061+0000] {logging_mixin.py:137} INFO - [2023-03-18T00:13:32.060+0000] {dag.py:2690} INFO - Sync 1 DAGs
[2023-03-18T00:13:32.122+0000] {logging_mixin.py:137} INFO - [2023-03-18T00:13:32.122+0000] {dag.py:3441} INFO - Setting next_dagrun for example_kubernetes_executor to None, run_after=None
[2023-03-18T00:13:32.169+0000] {processor.py:175} INFO - Processing /home/airflow/.local/lib/python3.7/site-packages/airflow/example_dags/example_kubernetes_executor.py took 0.399 seconds
[2023-03-18T00:14:02.949+0000] {processor.py:153} INFO - Started process (PID=10400) to work on /home/airflow/.local/lib/python3.7/site-packages/airflow/example_dags/example_kubernetes_executor.py
[2023-03-18T00:14:02.951+0000] {processor.py:743} INFO - Processing file /home/airflow/.local/lib/python3.7/site-packages/airflow/example_dags/example_kubernetes_executor.py for tasks to queue
[2023-03-18T00:14:02.952+0000] {logging_mixin.py:137} INFO - [2023-03-18T00:14:02.952+0000] {dagbag.py:538} INFO - Filling up the DagBag from /home/airflow/.local/lib/python3.7/site-packages/airflow/example_dags/example_kubernetes_executor.py
[2023-03-18T00:14:02.992+0000] {processor.py:753} INFO - DAG(s) dict_keys(['example_kubernetes_executor']) retrieved from /home/airflow/.local/lib/python3.7/site-packages/airflow/example_dags/example_kubernetes_executor.py
[2023-03-18T00:14:03.027+0000] {logging_mixin.py:137} INFO - [2023-03-18T00:14:03.027+0000] {dag.py:2690} INFO - Sync 1 DAGs
[2023-03-18T00:14:03.057+0000] {logging_mixin.py:137} INFO - [2023-03-18T00:14:03.057+0000] {dag.py:3441} INFO - Setting next_dagrun for example_kubernetes_executor to None, run_after=None
[2023-03-18T00:14:03.089+0000] {processor.py:175} INFO - Processing /home/airflow/.local/lib/python3.7/site-packages/airflow/example_dags/example_kubernetes_executor.py took 0.143 seconds
[2023-03-18T00:14:34.119+0000] {processor.py:153} INFO - Started process (PID=10482) to work on /home/airflow/.local/lib/python3.7/site-packages/airflow/example_dags/example_kubernetes_executor.py
[2023-03-18T00:14:34.123+0000] {processor.py:743} INFO - Processing file /home/airflow/.local/lib/python3.7/site-packages/airflow/example_dags/example_kubernetes_executor.py for tasks to queue
[2023-03-18T00:14:34.127+0000] {logging_mixin.py:137} INFO - [2023-03-18T00:14:34.126+0000] {dagbag.py:538} INFO - Filling up the DagBag from /home/airflow/.local/lib/python3.7/site-packages/airflow/example_dags/example_kubernetes_executor.py
[2023-03-18T00:14:34.222+0000] {processor.py:753} INFO - DAG(s) dict_keys(['example_kubernetes_executor']) retrieved from /home/airflow/.local/lib/python3.7/site-packages/airflow/example_dags/example_kubernetes_executor.py
[2023-03-18T00:14:34.286+0000] {logging_mixin.py:137} INFO - [2023-03-18T00:14:34.286+0000] {dag.py:2690} INFO - Sync 1 DAGs
[2023-03-18T00:14:34.337+0000] {logging_mixin.py:137} INFO - [2023-03-18T00:14:34.337+0000] {dag.py:3441} INFO - Setting next_dagrun for example_kubernetes_executor to None, run_after=None
[2023-03-18T00:14:34.363+0000] {processor.py:175} INFO - Processing /home/airflow/.local/lib/python3.7/site-packages/airflow/example_dags/example_kubernetes_executor.py took 0.260 seconds
[2023-03-18T00:15:04.974+0000] {processor.py:153} INFO - Started process (PID=10564) to work on /home/airflow/.local/lib/python3.7/site-packages/airflow/example_dags/example_kubernetes_executor.py
[2023-03-18T00:15:04.978+0000] {processor.py:743} INFO - Processing file /home/airflow/.local/lib/python3.7/site-packages/airflow/example_dags/example_kubernetes_executor.py for tasks to queue
[2023-03-18T00:15:04.983+0000] {logging_mixin.py:137} INFO - [2023-03-18T00:15:04.983+0000] {dagbag.py:538} INFO - Filling up the DagBag from /home/airflow/.local/lib/python3.7/site-packages/airflow/example_dags/example_kubernetes_executor.py
[2023-03-18T00:15:05.106+0000] {processor.py:753} INFO - DAG(s) dict_keys(['example_kubernetes_executor']) retrieved from /home/airflow/.local/lib/python3.7/site-packages/airflow/example_dags/example_kubernetes_executor.py
[2023-03-18T00:15:05.152+0000] {logging_mixin.py:137} INFO - [2023-03-18T00:15:05.152+0000] {dag.py:2690} INFO - Sync 1 DAGs
[2023-03-18T00:15:05.192+0000] {logging_mixin.py:137} INFO - [2023-03-18T00:15:05.192+0000] {dag.py:3441} INFO - Setting next_dagrun for example_kubernetes_executor to None, run_after=None
[2023-03-18T00:15:05.231+0000] {processor.py:175} INFO - Processing /home/airflow/.local/lib/python3.7/site-packages/airflow/example_dags/example_kubernetes_executor.py took 0.269 seconds
