[2023-03-18T00:00:11.696+0000] {processor.py:153} INFO - Started process (PID=8085) to work on /home/airflow/.local/lib/python3.7/site-packages/airflow/example_dags/example_dag_decorator.py
[2023-03-18T00:00:11.697+0000] {processor.py:743} INFO - Processing file /home/airflow/.local/lib/python3.7/site-packages/airflow/example_dags/example_dag_decorator.py for tasks to queue
[2023-03-18T00:00:11.698+0000] {logging_mixin.py:137} INFO - [2023-03-18T00:00:11.698+0000] {dagbag.py:538} INFO - Filling up the DagBag from /home/airflow/.local/lib/python3.7/site-packages/airflow/example_dags/example_dag_decorator.py
[2023-03-18T00:00:11.719+0000] {logging_mixin.py:137} INFO - [2023-03-18T00:00:11.719+0000] {taskmixin.py:205} WARNING - Dependency <Task(_PythonDecoratedOperator): prepare_email>, send_email already registered for DAG: example_dag_decorator
[2023-03-18T00:00:11.720+0000] {logging_mixin.py:137} INFO - [2023-03-18T00:00:11.720+0000] {taskmixin.py:205} WARNING - Dependency <Task(EmailOperator): send_email>, prepare_email already registered for DAG: example_dag_decorator
[2023-03-18T00:00:11.734+0000] {processor.py:753} INFO - DAG(s) dict_keys(['example_dag_decorator']) retrieved from /home/airflow/.local/lib/python3.7/site-packages/airflow/example_dags/example_dag_decorator.py
[2023-03-18T00:00:11.826+0000] {logging_mixin.py:137} INFO - [2023-03-18T00:00:11.826+0000] {dag.py:2690} INFO - Sync 1 DAGs
[2023-03-18T00:00:11.859+0000] {logging_mixin.py:137} INFO - [2023-03-18T00:00:11.859+0000] {dag.py:3441} INFO - Setting next_dagrun for example_dag_decorator to None, run_after=None
[2023-03-18T00:00:11.896+0000] {processor.py:175} INFO - Processing /home/airflow/.local/lib/python3.7/site-packages/airflow/example_dags/example_dag_decorator.py took 0.204 seconds
[2023-03-18T00:00:43.025+0000] {processor.py:153} INFO - Started process (PID=8167) to work on /home/airflow/.local/lib/python3.7/site-packages/airflow/example_dags/example_dag_decorator.py
[2023-03-18T00:00:43.027+0000] {processor.py:743} INFO - Processing file /home/airflow/.local/lib/python3.7/site-packages/airflow/example_dags/example_dag_decorator.py for tasks to queue
[2023-03-18T00:00:43.029+0000] {logging_mixin.py:137} INFO - [2023-03-18T00:00:43.028+0000] {dagbag.py:538} INFO - Filling up the DagBag from /home/airflow/.local/lib/python3.7/site-packages/airflow/example_dags/example_dag_decorator.py
[2023-03-18T00:00:43.054+0000] {logging_mixin.py:137} INFO - [2023-03-18T00:00:43.054+0000] {taskmixin.py:205} WARNING - Dependency <Task(_PythonDecoratedOperator): prepare_email>, send_email already registered for DAG: example_dag_decorator
[2023-03-18T00:00:43.055+0000] {logging_mixin.py:137} INFO - [2023-03-18T00:00:43.054+0000] {taskmixin.py:205} WARNING - Dependency <Task(EmailOperator): send_email>, prepare_email already registered for DAG: example_dag_decorator
[2023-03-18T00:00:43.071+0000] {processor.py:753} INFO - DAG(s) dict_keys(['example_dag_decorator']) retrieved from /home/airflow/.local/lib/python3.7/site-packages/airflow/example_dags/example_dag_decorator.py
[2023-03-18T00:00:43.200+0000] {logging_mixin.py:137} INFO - [2023-03-18T00:00:43.200+0000] {dag.py:2690} INFO - Sync 1 DAGs
[2023-03-18T00:00:43.281+0000] {logging_mixin.py:137} INFO - [2023-03-18T00:00:43.281+0000] {dag.py:3441} INFO - Setting next_dagrun for example_dag_decorator to None, run_after=None
[2023-03-18T00:00:43.387+0000] {processor.py:175} INFO - Processing /home/airflow/.local/lib/python3.7/site-packages/airflow/example_dags/example_dag_decorator.py took 0.367 seconds
[2023-03-18T00:01:13.865+0000] {processor.py:153} INFO - Started process (PID=8249) to work on /home/airflow/.local/lib/python3.7/site-packages/airflow/example_dags/example_dag_decorator.py
[2023-03-18T00:01:13.867+0000] {processor.py:743} INFO - Processing file /home/airflow/.local/lib/python3.7/site-packages/airflow/example_dags/example_dag_decorator.py for tasks to queue
[2023-03-18T00:01:13.869+0000] {logging_mixin.py:137} INFO - [2023-03-18T00:01:13.869+0000] {dagbag.py:538} INFO - Filling up the DagBag from /home/airflow/.local/lib/python3.7/site-packages/airflow/example_dags/example_dag_decorator.py
[2023-03-18T00:01:13.908+0000] {logging_mixin.py:137} INFO - [2023-03-18T00:01:13.907+0000] {taskmixin.py:205} WARNING - Dependency <Task(_PythonDecoratedOperator): prepare_email>, send_email already registered for DAG: example_dag_decorator
[2023-03-18T00:01:13.909+0000] {logging_mixin.py:137} INFO - [2023-03-18T00:01:13.909+0000] {taskmixin.py:205} WARNING - Dependency <Task(EmailOperator): send_email>, prepare_email already registered for DAG: example_dag_decorator
[2023-03-18T00:01:13.951+0000] {processor.py:753} INFO - DAG(s) dict_keys(['example_dag_decorator']) retrieved from /home/airflow/.local/lib/python3.7/site-packages/airflow/example_dags/example_dag_decorator.py
[2023-03-18T00:01:14.119+0000] {logging_mixin.py:137} INFO - [2023-03-18T00:01:14.118+0000] {dag.py:2690} INFO - Sync 1 DAGs
[2023-03-18T00:01:14.172+0000] {logging_mixin.py:137} INFO - [2023-03-18T00:01:14.172+0000] {dag.py:3441} INFO - Setting next_dagrun for example_dag_decorator to None, run_after=None
[2023-03-18T00:01:14.210+0000] {processor.py:175} INFO - Processing /home/airflow/.local/lib/python3.7/site-packages/airflow/example_dags/example_dag_decorator.py took 0.351 seconds
[2023-03-18T00:01:44.270+0000] {processor.py:153} INFO - Started process (PID=8331) to work on /home/airflow/.local/lib/python3.7/site-packages/airflow/example_dags/example_dag_decorator.py
[2023-03-18T00:01:44.271+0000] {processor.py:743} INFO - Processing file /home/airflow/.local/lib/python3.7/site-packages/airflow/example_dags/example_dag_decorator.py for tasks to queue
[2023-03-18T00:01:44.273+0000] {logging_mixin.py:137} INFO - [2023-03-18T00:01:44.273+0000] {dagbag.py:538} INFO - Filling up the DagBag from /home/airflow/.local/lib/python3.7/site-packages/airflow/example_dags/example_dag_decorator.py
[2023-03-18T00:01:44.301+0000] {logging_mixin.py:137} INFO - [2023-03-18T00:01:44.301+0000] {taskmixin.py:205} WARNING - Dependency <Task(_PythonDecoratedOperator): prepare_email>, send_email already registered for DAG: example_dag_decorator
[2023-03-18T00:01:44.302+0000] {logging_mixin.py:137} INFO - [2023-03-18T00:01:44.302+0000] {taskmixin.py:205} WARNING - Dependency <Task(EmailOperator): send_email>, prepare_email already registered for DAG: example_dag_decorator
[2023-03-18T00:01:44.323+0000] {processor.py:753} INFO - DAG(s) dict_keys(['example_dag_decorator']) retrieved from /home/airflow/.local/lib/python3.7/site-packages/airflow/example_dags/example_dag_decorator.py
[2023-03-18T00:01:44.477+0000] {logging_mixin.py:137} INFO - [2023-03-18T00:01:44.477+0000] {dag.py:2690} INFO - Sync 1 DAGs
[2023-03-18T00:01:44.528+0000] {logging_mixin.py:137} INFO - [2023-03-18T00:01:44.528+0000] {dag.py:3441} INFO - Setting next_dagrun for example_dag_decorator to None, run_after=None
[2023-03-18T00:01:44.566+0000] {processor.py:175} INFO - Processing /home/airflow/.local/lib/python3.7/site-packages/airflow/example_dags/example_dag_decorator.py took 0.301 seconds
[2023-03-18T00:02:15.009+0000] {processor.py:153} INFO - Started process (PID=8413) to work on /home/airflow/.local/lib/python3.7/site-packages/airflow/example_dags/example_dag_decorator.py
[2023-03-18T00:02:15.011+0000] {processor.py:743} INFO - Processing file /home/airflow/.local/lib/python3.7/site-packages/airflow/example_dags/example_dag_decorator.py for tasks to queue
[2023-03-18T00:02:15.018+0000] {logging_mixin.py:137} INFO - [2023-03-18T00:02:15.017+0000] {dagbag.py:538} INFO - Filling up the DagBag from /home/airflow/.local/lib/python3.7/site-packages/airflow/example_dags/example_dag_decorator.py
[2023-03-18T00:02:15.050+0000] {logging_mixin.py:137} INFO - [2023-03-18T00:02:15.049+0000] {taskmixin.py:205} WARNING - Dependency <Task(_PythonDecoratedOperator): prepare_email>, send_email already registered for DAG: example_dag_decorator
[2023-03-18T00:02:15.051+0000] {logging_mixin.py:137} INFO - [2023-03-18T00:02:15.051+0000] {taskmixin.py:205} WARNING - Dependency <Task(EmailOperator): send_email>, prepare_email already registered for DAG: example_dag_decorator
[2023-03-18T00:02:15.077+0000] {processor.py:753} INFO - DAG(s) dict_keys(['example_dag_decorator']) retrieved from /home/airflow/.local/lib/python3.7/site-packages/airflow/example_dags/example_dag_decorator.py
[2023-03-18T00:02:15.265+0000] {logging_mixin.py:137} INFO - [2023-03-18T00:02:15.265+0000] {dag.py:2690} INFO - Sync 1 DAGs
[2023-03-18T00:02:15.341+0000] {logging_mixin.py:137} INFO - [2023-03-18T00:02:15.341+0000] {dag.py:3441} INFO - Setting next_dagrun for example_dag_decorator to None, run_after=None
[2023-03-18T00:02:15.398+0000] {processor.py:175} INFO - Processing /home/airflow/.local/lib/python3.7/site-packages/airflow/example_dags/example_dag_decorator.py took 0.394 seconds
[2023-03-18T00:02:45.775+0000] {processor.py:153} INFO - Started process (PID=8496) to work on /home/airflow/.local/lib/python3.7/site-packages/airflow/example_dags/example_dag_decorator.py
[2023-03-18T00:02:45.778+0000] {processor.py:743} INFO - Processing file /home/airflow/.local/lib/python3.7/site-packages/airflow/example_dags/example_dag_decorator.py for tasks to queue
[2023-03-18T00:02:45.781+0000] {logging_mixin.py:137} INFO - [2023-03-18T00:02:45.781+0000] {dagbag.py:538} INFO - Filling up the DagBag from /home/airflow/.local/lib/python3.7/site-packages/airflow/example_dags/example_dag_decorator.py
[2023-03-18T00:02:45.839+0000] {logging_mixin.py:137} INFO - [2023-03-18T00:02:45.838+0000] {taskmixin.py:205} WARNING - Dependency <Task(_PythonDecoratedOperator): prepare_email>, send_email already registered for DAG: example_dag_decorator
[2023-03-18T00:02:45.840+0000] {logging_mixin.py:137} INFO - [2023-03-18T00:02:45.839+0000] {taskmixin.py:205} WARNING - Dependency <Task(EmailOperator): send_email>, prepare_email already registered for DAG: example_dag_decorator
[2023-03-18T00:02:45.873+0000] {processor.py:753} INFO - DAG(s) dict_keys(['example_dag_decorator']) retrieved from /home/airflow/.local/lib/python3.7/site-packages/airflow/example_dags/example_dag_decorator.py
[2023-03-18T00:02:46.013+0000] {logging_mixin.py:137} INFO - [2023-03-18T00:02:46.012+0000] {dag.py:2690} INFO - Sync 1 DAGs
[2023-03-18T00:02:46.048+0000] {logging_mixin.py:137} INFO - [2023-03-18T00:02:46.048+0000] {dag.py:3441} INFO - Setting next_dagrun for example_dag_decorator to None, run_after=None
[2023-03-18T00:02:46.079+0000] {processor.py:175} INFO - Processing /home/airflow/.local/lib/python3.7/site-packages/airflow/example_dags/example_dag_decorator.py took 0.319 seconds
[2023-03-18T00:03:16.128+0000] {processor.py:153} INFO - Started process (PID=8578) to work on /home/airflow/.local/lib/python3.7/site-packages/airflow/example_dags/example_dag_decorator.py
[2023-03-18T00:03:16.129+0000] {processor.py:743} INFO - Processing file /home/airflow/.local/lib/python3.7/site-packages/airflow/example_dags/example_dag_decorator.py for tasks to queue
[2023-03-18T00:03:16.131+0000] {logging_mixin.py:137} INFO - [2023-03-18T00:03:16.131+0000] {dagbag.py:538} INFO - Filling up the DagBag from /home/airflow/.local/lib/python3.7/site-packages/airflow/example_dags/example_dag_decorator.py
[2023-03-18T00:03:16.185+0000] {logging_mixin.py:137} INFO - [2023-03-18T00:03:16.184+0000] {taskmixin.py:205} WARNING - Dependency <Task(_PythonDecoratedOperator): prepare_email>, send_email already registered for DAG: example_dag_decorator
[2023-03-18T00:03:16.188+0000] {logging_mixin.py:137} INFO - [2023-03-18T00:03:16.187+0000] {taskmixin.py:205} WARNING - Dependency <Task(EmailOperator): send_email>, prepare_email already registered for DAG: example_dag_decorator
[2023-03-18T00:03:16.254+0000] {processor.py:753} INFO - DAG(s) dict_keys(['example_dag_decorator']) retrieved from /home/airflow/.local/lib/python3.7/site-packages/airflow/example_dags/example_dag_decorator.py
[2023-03-18T00:03:16.607+0000] {logging_mixin.py:137} INFO - [2023-03-18T00:03:16.606+0000] {dag.py:2690} INFO - Sync 1 DAGs
[2023-03-18T00:03:16.639+0000] {logging_mixin.py:137} INFO - [2023-03-18T00:03:16.639+0000] {dag.py:3441} INFO - Setting next_dagrun for example_dag_decorator to None, run_after=None
[2023-03-18T00:03:16.671+0000] {processor.py:175} INFO - Processing /home/airflow/.local/lib/python3.7/site-packages/airflow/example_dags/example_dag_decorator.py took 0.549 seconds
[2023-03-18T00:03:46.859+0000] {processor.py:153} INFO - Started process (PID=8659) to work on /home/airflow/.local/lib/python3.7/site-packages/airflow/example_dags/example_dag_decorator.py
[2023-03-18T00:03:46.862+0000] {processor.py:743} INFO - Processing file /home/airflow/.local/lib/python3.7/site-packages/airflow/example_dags/example_dag_decorator.py for tasks to queue
[2023-03-18T00:03:46.865+0000] {logging_mixin.py:137} INFO - [2023-03-18T00:03:46.864+0000] {dagbag.py:538} INFO - Filling up the DagBag from /home/airflow/.local/lib/python3.7/site-packages/airflow/example_dags/example_dag_decorator.py
[2023-03-18T00:03:46.911+0000] {logging_mixin.py:137} INFO - [2023-03-18T00:03:46.911+0000] {taskmixin.py:205} WARNING - Dependency <Task(_PythonDecoratedOperator): prepare_email>, send_email already registered for DAG: example_dag_decorator
[2023-03-18T00:03:46.913+0000] {logging_mixin.py:137} INFO - [2023-03-18T00:03:46.912+0000] {taskmixin.py:205} WARNING - Dependency <Task(EmailOperator): send_email>, prepare_email already registered for DAG: example_dag_decorator
[2023-03-18T00:03:46.944+0000] {processor.py:753} INFO - DAG(s) dict_keys(['example_dag_decorator']) retrieved from /home/airflow/.local/lib/python3.7/site-packages/airflow/example_dags/example_dag_decorator.py
[2023-03-18T00:03:47.164+0000] {logging_mixin.py:137} INFO - [2023-03-18T00:03:47.163+0000] {dag.py:2690} INFO - Sync 1 DAGs
[2023-03-18T00:03:47.242+0000] {logging_mixin.py:137} INFO - [2023-03-18T00:03:47.242+0000] {dag.py:3441} INFO - Setting next_dagrun for example_dag_decorator to None, run_after=None
[2023-03-18T00:03:47.304+0000] {processor.py:175} INFO - Processing /home/airflow/.local/lib/python3.7/site-packages/airflow/example_dags/example_dag_decorator.py took 0.454 seconds
[2023-03-18T00:04:17.748+0000] {processor.py:153} INFO - Started process (PID=8741) to work on /home/airflow/.local/lib/python3.7/site-packages/airflow/example_dags/example_dag_decorator.py
[2023-03-18T00:04:17.749+0000] {processor.py:743} INFO - Processing file /home/airflow/.local/lib/python3.7/site-packages/airflow/example_dags/example_dag_decorator.py for tasks to queue
[2023-03-18T00:04:17.751+0000] {logging_mixin.py:137} INFO - [2023-03-18T00:04:17.750+0000] {dagbag.py:538} INFO - Filling up the DagBag from /home/airflow/.local/lib/python3.7/site-packages/airflow/example_dags/example_dag_decorator.py
[2023-03-18T00:04:17.771+0000] {logging_mixin.py:137} INFO - [2023-03-18T00:04:17.771+0000] {taskmixin.py:205} WARNING - Dependency <Task(_PythonDecoratedOperator): prepare_email>, send_email already registered for DAG: example_dag_decorator
[2023-03-18T00:04:17.772+0000] {logging_mixin.py:137} INFO - [2023-03-18T00:04:17.772+0000] {taskmixin.py:205} WARNING - Dependency <Task(EmailOperator): send_email>, prepare_email already registered for DAG: example_dag_decorator
[2023-03-18T00:04:17.786+0000] {processor.py:753} INFO - DAG(s) dict_keys(['example_dag_decorator']) retrieved from /home/airflow/.local/lib/python3.7/site-packages/airflow/example_dags/example_dag_decorator.py
[2023-03-18T00:04:17.884+0000] {logging_mixin.py:137} INFO - [2023-03-18T00:04:17.884+0000] {dag.py:2690} INFO - Sync 1 DAGs
[2023-03-18T00:04:17.916+0000] {logging_mixin.py:137} INFO - [2023-03-18T00:04:17.916+0000] {dag.py:3441} INFO - Setting next_dagrun for example_dag_decorator to None, run_after=None
[2023-03-18T00:04:17.944+0000] {processor.py:175} INFO - Processing /home/airflow/.local/lib/python3.7/site-packages/airflow/example_dags/example_dag_decorator.py took 0.200 seconds
[2023-03-18T00:04:48.569+0000] {processor.py:153} INFO - Started process (PID=8845) to work on /home/airflow/.local/lib/python3.7/site-packages/airflow/example_dags/example_dag_decorator.py
[2023-03-18T00:04:48.570+0000] {processor.py:743} INFO - Processing file /home/airflow/.local/lib/python3.7/site-packages/airflow/example_dags/example_dag_decorator.py for tasks to queue
[2023-03-18T00:04:48.572+0000] {logging_mixin.py:137} INFO - [2023-03-18T00:04:48.572+0000] {dagbag.py:538} INFO - Filling up the DagBag from /home/airflow/.local/lib/python3.7/site-packages/airflow/example_dags/example_dag_decorator.py
[2023-03-18T00:04:48.594+0000] {logging_mixin.py:137} INFO - [2023-03-18T00:04:48.594+0000] {taskmixin.py:205} WARNING - Dependency <Task(_PythonDecoratedOperator): prepare_email>, send_email already registered for DAG: example_dag_decorator
[2023-03-18T00:04:48.595+0000] {logging_mixin.py:137} INFO - [2023-03-18T00:04:48.595+0000] {taskmixin.py:205} WARNING - Dependency <Task(EmailOperator): send_email>, prepare_email already registered for DAG: example_dag_decorator
[2023-03-18T00:04:48.613+0000] {processor.py:753} INFO - DAG(s) dict_keys(['example_dag_decorator']) retrieved from /home/airflow/.local/lib/python3.7/site-packages/airflow/example_dags/example_dag_decorator.py
[2023-03-18T00:04:48.707+0000] {logging_mixin.py:137} INFO - [2023-03-18T00:04:48.707+0000] {dag.py:2690} INFO - Sync 1 DAGs
[2023-03-18T00:04:48.746+0000] {logging_mixin.py:137} INFO - [2023-03-18T00:04:48.746+0000] {dag.py:3441} INFO - Setting next_dagrun for example_dag_decorator to None, run_after=None
[2023-03-18T00:04:48.777+0000] {processor.py:175} INFO - Processing /home/airflow/.local/lib/python3.7/site-packages/airflow/example_dags/example_dag_decorator.py took 0.212 seconds
[2023-03-18T00:05:19.260+0000] {processor.py:153} INFO - Started process (PID=8926) to work on /home/airflow/.local/lib/python3.7/site-packages/airflow/example_dags/example_dag_decorator.py
[2023-03-18T00:05:19.261+0000] {processor.py:743} INFO - Processing file /home/airflow/.local/lib/python3.7/site-packages/airflow/example_dags/example_dag_decorator.py for tasks to queue
[2023-03-18T00:05:19.262+0000] {logging_mixin.py:137} INFO - [2023-03-18T00:05:19.262+0000] {dagbag.py:538} INFO - Filling up the DagBag from /home/airflow/.local/lib/python3.7/site-packages/airflow/example_dags/example_dag_decorator.py
[2023-03-18T00:05:19.278+0000] {logging_mixin.py:137} INFO - [2023-03-18T00:05:19.278+0000] {taskmixin.py:205} WARNING - Dependency <Task(_PythonDecoratedOperator): prepare_email>, send_email already registered for DAG: example_dag_decorator
[2023-03-18T00:05:19.279+0000] {logging_mixin.py:137} INFO - [2023-03-18T00:05:19.279+0000] {taskmixin.py:205} WARNING - Dependency <Task(EmailOperator): send_email>, prepare_email already registered for DAG: example_dag_decorator
[2023-03-18T00:05:19.290+0000] {processor.py:753} INFO - DAG(s) dict_keys(['example_dag_decorator']) retrieved from /home/airflow/.local/lib/python3.7/site-packages/airflow/example_dags/example_dag_decorator.py
[2023-03-18T00:05:19.389+0000] {logging_mixin.py:137} INFO - [2023-03-18T00:05:19.388+0000] {dag.py:2690} INFO - Sync 1 DAGs
[2023-03-18T00:05:19.418+0000] {logging_mixin.py:137} INFO - [2023-03-18T00:05:19.418+0000] {dag.py:3441} INFO - Setting next_dagrun for example_dag_decorator to None, run_after=None
[2023-03-18T00:05:19.444+0000] {processor.py:175} INFO - Processing /home/airflow/.local/lib/python3.7/site-packages/airflow/example_dags/example_dag_decorator.py took 0.187 seconds
[2023-03-18T00:05:50.590+0000] {processor.py:153} INFO - Started process (PID=9008) to work on /home/airflow/.local/lib/python3.7/site-packages/airflow/example_dags/example_dag_decorator.py
[2023-03-18T00:05:50.592+0000] {processor.py:743} INFO - Processing file /home/airflow/.local/lib/python3.7/site-packages/airflow/example_dags/example_dag_decorator.py for tasks to queue
[2023-03-18T00:05:50.594+0000] {logging_mixin.py:137} INFO - [2023-03-18T00:05:50.593+0000] {dagbag.py:538} INFO - Filling up the DagBag from /home/airflow/.local/lib/python3.7/site-packages/airflow/example_dags/example_dag_decorator.py
[2023-03-18T00:05:50.620+0000] {logging_mixin.py:137} INFO - [2023-03-18T00:05:50.620+0000] {taskmixin.py:205} WARNING - Dependency <Task(_PythonDecoratedOperator): prepare_email>, send_email already registered for DAG: example_dag_decorator
[2023-03-18T00:05:50.621+0000] {logging_mixin.py:137} INFO - [2023-03-18T00:05:50.621+0000] {taskmixin.py:205} WARNING - Dependency <Task(EmailOperator): send_email>, prepare_email already registered for DAG: example_dag_decorator
[2023-03-18T00:05:50.644+0000] {processor.py:753} INFO - DAG(s) dict_keys(['example_dag_decorator']) retrieved from /home/airflow/.local/lib/python3.7/site-packages/airflow/example_dags/example_dag_decorator.py
[2023-03-18T00:05:50.737+0000] {logging_mixin.py:137} INFO - [2023-03-18T00:05:50.737+0000] {dag.py:2690} INFO - Sync 1 DAGs
[2023-03-18T00:05:50.766+0000] {logging_mixin.py:137} INFO - [2023-03-18T00:05:50.766+0000] {dag.py:3441} INFO - Setting next_dagrun for example_dag_decorator to None, run_after=None
[2023-03-18T00:05:50.791+0000] {processor.py:175} INFO - Processing /home/airflow/.local/lib/python3.7/site-packages/airflow/example_dags/example_dag_decorator.py took 0.206 seconds
[2023-03-18T00:06:21.493+0000] {processor.py:153} INFO - Started process (PID=9099) to work on /home/airflow/.local/lib/python3.7/site-packages/airflow/example_dags/example_dag_decorator.py
[2023-03-18T00:06:21.495+0000] {processor.py:743} INFO - Processing file /home/airflow/.local/lib/python3.7/site-packages/airflow/example_dags/example_dag_decorator.py for tasks to queue
[2023-03-18T00:06:21.496+0000] {logging_mixin.py:137} INFO - [2023-03-18T00:06:21.496+0000] {dagbag.py:538} INFO - Filling up the DagBag from /home/airflow/.local/lib/python3.7/site-packages/airflow/example_dags/example_dag_decorator.py
[2023-03-18T00:06:21.529+0000] {logging_mixin.py:137} INFO - [2023-03-18T00:06:21.529+0000] {taskmixin.py:205} WARNING - Dependency <Task(_PythonDecoratedOperator): prepare_email>, send_email already registered for DAG: example_dag_decorator
[2023-03-18T00:06:21.530+0000] {logging_mixin.py:137} INFO - [2023-03-18T00:06:21.530+0000] {taskmixin.py:205} WARNING - Dependency <Task(EmailOperator): send_email>, prepare_email already registered for DAG: example_dag_decorator
[2023-03-18T00:06:21.557+0000] {processor.py:753} INFO - DAG(s) dict_keys(['example_dag_decorator']) retrieved from /home/airflow/.local/lib/python3.7/site-packages/airflow/example_dags/example_dag_decorator.py
[2023-03-18T00:06:21.722+0000] {logging_mixin.py:137} INFO - [2023-03-18T00:06:21.721+0000] {dag.py:2690} INFO - Sync 1 DAGs
[2023-03-18T00:06:21.795+0000] {logging_mixin.py:137} INFO - [2023-03-18T00:06:21.795+0000] {dag.py:3441} INFO - Setting next_dagrun for example_dag_decorator to None, run_after=None
[2023-03-18T00:06:21.846+0000] {processor.py:175} INFO - Processing /home/airflow/.local/lib/python3.7/site-packages/airflow/example_dags/example_dag_decorator.py took 0.358 seconds
[2023-03-18T00:06:52.534+0000] {processor.py:153} INFO - Started process (PID=9192) to work on /home/airflow/.local/lib/python3.7/site-packages/airflow/example_dags/example_dag_decorator.py
[2023-03-18T00:06:52.535+0000] {processor.py:743} INFO - Processing file /home/airflow/.local/lib/python3.7/site-packages/airflow/example_dags/example_dag_decorator.py for tasks to queue
[2023-03-18T00:06:52.537+0000] {logging_mixin.py:137} INFO - [2023-03-18T00:06:52.537+0000] {dagbag.py:538} INFO - Filling up the DagBag from /home/airflow/.local/lib/python3.7/site-packages/airflow/example_dags/example_dag_decorator.py
[2023-03-18T00:06:52.558+0000] {logging_mixin.py:137} INFO - [2023-03-18T00:06:52.558+0000] {taskmixin.py:205} WARNING - Dependency <Task(_PythonDecoratedOperator): prepare_email>, send_email already registered for DAG: example_dag_decorator
[2023-03-18T00:06:52.559+0000] {logging_mixin.py:137} INFO - [2023-03-18T00:06:52.559+0000] {taskmixin.py:205} WARNING - Dependency <Task(EmailOperator): send_email>, prepare_email already registered for DAG: example_dag_decorator
[2023-03-18T00:06:52.584+0000] {processor.py:753} INFO - DAG(s) dict_keys(['example_dag_decorator']) retrieved from /home/airflow/.local/lib/python3.7/site-packages/airflow/example_dags/example_dag_decorator.py
[2023-03-18T00:06:52.691+0000] {logging_mixin.py:137} INFO - [2023-03-18T00:06:52.691+0000] {dag.py:2690} INFO - Sync 1 DAGs
[2023-03-18T00:06:52.717+0000] {logging_mixin.py:137} INFO - [2023-03-18T00:06:52.716+0000] {dag.py:3441} INFO - Setting next_dagrun for example_dag_decorator to None, run_after=None
[2023-03-18T00:06:52.742+0000] {processor.py:175} INFO - Processing /home/airflow/.local/lib/python3.7/site-packages/airflow/example_dags/example_dag_decorator.py took 0.213 seconds
[2023-03-18T00:07:23.065+0000] {processor.py:153} INFO - Started process (PID=9275) to work on /home/airflow/.local/lib/python3.7/site-packages/airflow/example_dags/example_dag_decorator.py
[2023-03-18T00:07:23.067+0000] {processor.py:743} INFO - Processing file /home/airflow/.local/lib/python3.7/site-packages/airflow/example_dags/example_dag_decorator.py for tasks to queue
[2023-03-18T00:07:23.070+0000] {logging_mixin.py:137} INFO - [2023-03-18T00:07:23.070+0000] {dagbag.py:538} INFO - Filling up the DagBag from /home/airflow/.local/lib/python3.7/site-packages/airflow/example_dags/example_dag_decorator.py
[2023-03-18T00:07:23.120+0000] {logging_mixin.py:137} INFO - [2023-03-18T00:07:23.120+0000] {taskmixin.py:205} WARNING - Dependency <Task(_PythonDecoratedOperator): prepare_email>, send_email already registered for DAG: example_dag_decorator
[2023-03-18T00:07:23.121+0000] {logging_mixin.py:137} INFO - [2023-03-18T00:07:23.121+0000] {taskmixin.py:205} WARNING - Dependency <Task(EmailOperator): send_email>, prepare_email already registered for DAG: example_dag_decorator
[2023-03-18T00:07:23.147+0000] {processor.py:753} INFO - DAG(s) dict_keys(['example_dag_decorator']) retrieved from /home/airflow/.local/lib/python3.7/site-packages/airflow/example_dags/example_dag_decorator.py
[2023-03-18T00:07:23.247+0000] {logging_mixin.py:137} INFO - [2023-03-18T00:07:23.246+0000] {dag.py:2690} INFO - Sync 1 DAGs
[2023-03-18T00:07:23.279+0000] {logging_mixin.py:137} INFO - [2023-03-18T00:07:23.279+0000] {dag.py:3441} INFO - Setting next_dagrun for example_dag_decorator to None, run_after=None
[2023-03-18T00:07:23.310+0000] {processor.py:175} INFO - Processing /home/airflow/.local/lib/python3.7/site-packages/airflow/example_dags/example_dag_decorator.py took 0.254 seconds
[2023-03-18T00:07:53.391+0000] {processor.py:153} INFO - Started process (PID=9359) to work on /home/airflow/.local/lib/python3.7/site-packages/airflow/example_dags/example_dag_decorator.py
[2023-03-18T00:07:53.392+0000] {processor.py:743} INFO - Processing file /home/airflow/.local/lib/python3.7/site-packages/airflow/example_dags/example_dag_decorator.py for tasks to queue
[2023-03-18T00:07:53.394+0000] {logging_mixin.py:137} INFO - [2023-03-18T00:07:53.394+0000] {dagbag.py:538} INFO - Filling up the DagBag from /home/airflow/.local/lib/python3.7/site-packages/airflow/example_dags/example_dag_decorator.py
[2023-03-18T00:07:53.424+0000] {logging_mixin.py:137} INFO - [2023-03-18T00:07:53.424+0000] {taskmixin.py:205} WARNING - Dependency <Task(_PythonDecoratedOperator): prepare_email>, send_email already registered for DAG: example_dag_decorator
[2023-03-18T00:07:53.425+0000] {logging_mixin.py:137} INFO - [2023-03-18T00:07:53.425+0000] {taskmixin.py:205} WARNING - Dependency <Task(EmailOperator): send_email>, prepare_email already registered for DAG: example_dag_decorator
[2023-03-18T00:07:53.448+0000] {processor.py:753} INFO - DAG(s) dict_keys(['example_dag_decorator']) retrieved from /home/airflow/.local/lib/python3.7/site-packages/airflow/example_dags/example_dag_decorator.py
[2023-03-18T00:07:53.636+0000] {logging_mixin.py:137} INFO - [2023-03-18T00:07:53.636+0000] {dag.py:2690} INFO - Sync 1 DAGs
[2023-03-18T00:07:53.673+0000] {logging_mixin.py:137} INFO - [2023-03-18T00:07:53.673+0000] {dag.py:3441} INFO - Setting next_dagrun for example_dag_decorator to None, run_after=None
[2023-03-18T00:07:53.704+0000] {processor.py:175} INFO - Processing /home/airflow/.local/lib/python3.7/site-packages/airflow/example_dags/example_dag_decorator.py took 0.318 seconds
[2023-03-18T00:08:24.567+0000] {processor.py:153} INFO - Started process (PID=9440) to work on /home/airflow/.local/lib/python3.7/site-packages/airflow/example_dags/example_dag_decorator.py
[2023-03-18T00:08:24.569+0000] {processor.py:743} INFO - Processing file /home/airflow/.local/lib/python3.7/site-packages/airflow/example_dags/example_dag_decorator.py for tasks to queue
[2023-03-18T00:08:24.571+0000] {logging_mixin.py:137} INFO - [2023-03-18T00:08:24.570+0000] {dagbag.py:538} INFO - Filling up the DagBag from /home/airflow/.local/lib/python3.7/site-packages/airflow/example_dags/example_dag_decorator.py
[2023-03-18T00:08:24.601+0000] {logging_mixin.py:137} INFO - [2023-03-18T00:08:24.600+0000] {taskmixin.py:205} WARNING - Dependency <Task(_PythonDecoratedOperator): prepare_email>, send_email already registered for DAG: example_dag_decorator
[2023-03-18T00:08:24.601+0000] {logging_mixin.py:137} INFO - [2023-03-18T00:08:24.601+0000] {taskmixin.py:205} WARNING - Dependency <Task(EmailOperator): send_email>, prepare_email already registered for DAG: example_dag_decorator
[2023-03-18T00:08:24.615+0000] {processor.py:753} INFO - DAG(s) dict_keys(['example_dag_decorator']) retrieved from /home/airflow/.local/lib/python3.7/site-packages/airflow/example_dags/example_dag_decorator.py
[2023-03-18T00:08:24.690+0000] {logging_mixin.py:137} INFO - [2023-03-18T00:08:24.690+0000] {dag.py:2690} INFO - Sync 1 DAGs
[2023-03-18T00:08:24.717+0000] {logging_mixin.py:137} INFO - [2023-03-18T00:08:24.717+0000] {dag.py:3441} INFO - Setting next_dagrun for example_dag_decorator to None, run_after=None
[2023-03-18T00:08:24.747+0000] {processor.py:175} INFO - Processing /home/airflow/.local/lib/python3.7/site-packages/airflow/example_dags/example_dag_decorator.py took 0.184 seconds
[2023-03-18T00:08:55.460+0000] {processor.py:153} INFO - Started process (PID=9531) to work on /home/airflow/.local/lib/python3.7/site-packages/airflow/example_dags/example_dag_decorator.py
[2023-03-18T00:08:55.462+0000] {processor.py:743} INFO - Processing file /home/airflow/.local/lib/python3.7/site-packages/airflow/example_dags/example_dag_decorator.py for tasks to queue
[2023-03-18T00:08:55.464+0000] {logging_mixin.py:137} INFO - [2023-03-18T00:08:55.464+0000] {dagbag.py:538} INFO - Filling up the DagBag from /home/airflow/.local/lib/python3.7/site-packages/airflow/example_dags/example_dag_decorator.py
[2023-03-18T00:08:55.521+0000] {logging_mixin.py:137} INFO - [2023-03-18T00:08:55.521+0000] {taskmixin.py:205} WARNING - Dependency <Task(_PythonDecoratedOperator): prepare_email>, send_email already registered for DAG: example_dag_decorator
[2023-03-18T00:08:55.522+0000] {logging_mixin.py:137} INFO - [2023-03-18T00:08:55.522+0000] {taskmixin.py:205} WARNING - Dependency <Task(EmailOperator): send_email>, prepare_email already registered for DAG: example_dag_decorator
[2023-03-18T00:08:55.548+0000] {processor.py:753} INFO - DAG(s) dict_keys(['example_dag_decorator']) retrieved from /home/airflow/.local/lib/python3.7/site-packages/airflow/example_dags/example_dag_decorator.py
[2023-03-18T00:08:55.732+0000] {logging_mixin.py:137} INFO - [2023-03-18T00:08:55.731+0000] {dag.py:2690} INFO - Sync 1 DAGs
[2023-03-18T00:08:55.800+0000] {logging_mixin.py:137} INFO - [2023-03-18T00:08:55.799+0000] {dag.py:3441} INFO - Setting next_dagrun for example_dag_decorator to None, run_after=None
[2023-03-18T00:08:55.841+0000] {processor.py:175} INFO - Processing /home/airflow/.local/lib/python3.7/site-packages/airflow/example_dags/example_dag_decorator.py took 0.389 seconds
[2023-03-18T00:09:26.011+0000] {processor.py:153} INFO - Started process (PID=9624) to work on /home/airflow/.local/lib/python3.7/site-packages/airflow/example_dags/example_dag_decorator.py
[2023-03-18T00:09:26.012+0000] {processor.py:743} INFO - Processing file /home/airflow/.local/lib/python3.7/site-packages/airflow/example_dags/example_dag_decorator.py for tasks to queue
[2023-03-18T00:09:26.013+0000] {logging_mixin.py:137} INFO - [2023-03-18T00:09:26.013+0000] {dagbag.py:538} INFO - Filling up the DagBag from /home/airflow/.local/lib/python3.7/site-packages/airflow/example_dags/example_dag_decorator.py
[2023-03-18T00:09:26.033+0000] {logging_mixin.py:137} INFO - [2023-03-18T00:09:26.032+0000] {taskmixin.py:205} WARNING - Dependency <Task(_PythonDecoratedOperator): prepare_email>, send_email already registered for DAG: example_dag_decorator
[2023-03-18T00:09:26.033+0000] {logging_mixin.py:137} INFO - [2023-03-18T00:09:26.033+0000] {taskmixin.py:205} WARNING - Dependency <Task(EmailOperator): send_email>, prepare_email already registered for DAG: example_dag_decorator
[2023-03-18T00:09:26.048+0000] {processor.py:753} INFO - DAG(s) dict_keys(['example_dag_decorator']) retrieved from /home/airflow/.local/lib/python3.7/site-packages/airflow/example_dags/example_dag_decorator.py
[2023-03-18T00:09:26.134+0000] {logging_mixin.py:137} INFO - [2023-03-18T00:09:26.134+0000] {dag.py:2690} INFO - Sync 1 DAGs
[2023-03-18T00:09:26.165+0000] {logging_mixin.py:137} INFO - [2023-03-18T00:09:26.165+0000] {dag.py:3441} INFO - Setting next_dagrun for example_dag_decorator to None, run_after=None
[2023-03-18T00:09:26.191+0000] {processor.py:175} INFO - Processing /home/airflow/.local/lib/python3.7/site-packages/airflow/example_dags/example_dag_decorator.py took 0.183 seconds
[2023-03-18T00:09:56.905+0000] {processor.py:153} INFO - Started process (PID=9706) to work on /home/airflow/.local/lib/python3.7/site-packages/airflow/example_dags/example_dag_decorator.py
[2023-03-18T00:09:56.907+0000] {processor.py:743} INFO - Processing file /home/airflow/.local/lib/python3.7/site-packages/airflow/example_dags/example_dag_decorator.py for tasks to queue
[2023-03-18T00:09:56.909+0000] {logging_mixin.py:137} INFO - [2023-03-18T00:09:56.908+0000] {dagbag.py:538} INFO - Filling up the DagBag from /home/airflow/.local/lib/python3.7/site-packages/airflow/example_dags/example_dag_decorator.py
[2023-03-18T00:09:56.935+0000] {logging_mixin.py:137} INFO - [2023-03-18T00:09:56.934+0000] {taskmixin.py:205} WARNING - Dependency <Task(_PythonDecoratedOperator): prepare_email>, send_email already registered for DAG: example_dag_decorator
[2023-03-18T00:09:56.935+0000] {logging_mixin.py:137} INFO - [2023-03-18T00:09:56.935+0000] {taskmixin.py:205} WARNING - Dependency <Task(EmailOperator): send_email>, prepare_email already registered for DAG: example_dag_decorator
[2023-03-18T00:09:56.952+0000] {processor.py:753} INFO - DAG(s) dict_keys(['example_dag_decorator']) retrieved from /home/airflow/.local/lib/python3.7/site-packages/airflow/example_dags/example_dag_decorator.py
[2023-03-18T00:09:57.088+0000] {logging_mixin.py:137} INFO - [2023-03-18T00:09:57.087+0000] {dag.py:2690} INFO - Sync 1 DAGs
[2023-03-18T00:09:57.125+0000] {logging_mixin.py:137} INFO - [2023-03-18T00:09:57.125+0000] {dag.py:3441} INFO - Setting next_dagrun for example_dag_decorator to None, run_after=None
[2023-03-18T00:09:57.151+0000] {processor.py:175} INFO - Processing /home/airflow/.local/lib/python3.7/site-packages/airflow/example_dags/example_dag_decorator.py took 0.251 seconds
[2023-03-18T00:10:27.322+0000] {processor.py:153} INFO - Started process (PID=9788) to work on /home/airflow/.local/lib/python3.7/site-packages/airflow/example_dags/example_dag_decorator.py
[2023-03-18T00:10:27.324+0000] {processor.py:743} INFO - Processing file /home/airflow/.local/lib/python3.7/site-packages/airflow/example_dags/example_dag_decorator.py for tasks to queue
[2023-03-18T00:10:27.325+0000] {logging_mixin.py:137} INFO - [2023-03-18T00:10:27.325+0000] {dagbag.py:538} INFO - Filling up the DagBag from /home/airflow/.local/lib/python3.7/site-packages/airflow/example_dags/example_dag_decorator.py
[2023-03-18T00:10:27.345+0000] {logging_mixin.py:137} INFO - [2023-03-18T00:10:27.345+0000] {taskmixin.py:205} WARNING - Dependency <Task(_PythonDecoratedOperator): prepare_email>, send_email already registered for DAG: example_dag_decorator
[2023-03-18T00:10:27.345+0000] {logging_mixin.py:137} INFO - [2023-03-18T00:10:27.345+0000] {taskmixin.py:205} WARNING - Dependency <Task(EmailOperator): send_email>, prepare_email already registered for DAG: example_dag_decorator
[2023-03-18T00:10:27.359+0000] {processor.py:753} INFO - DAG(s) dict_keys(['example_dag_decorator']) retrieved from /home/airflow/.local/lib/python3.7/site-packages/airflow/example_dags/example_dag_decorator.py
[2023-03-18T00:10:27.463+0000] {logging_mixin.py:137} INFO - [2023-03-18T00:10:27.463+0000] {dag.py:2690} INFO - Sync 1 DAGs
[2023-03-18T00:10:27.498+0000] {logging_mixin.py:137} INFO - [2023-03-18T00:10:27.498+0000] {dag.py:3441} INFO - Setting next_dagrun for example_dag_decorator to None, run_after=None
[2023-03-18T00:10:27.529+0000] {processor.py:175} INFO - Processing /home/airflow/.local/lib/python3.7/site-packages/airflow/example_dags/example_dag_decorator.py took 0.210 seconds
[2023-03-18T00:10:58.030+0000] {processor.py:153} INFO - Started process (PID=9870) to work on /home/airflow/.local/lib/python3.7/site-packages/airflow/example_dags/example_dag_decorator.py
[2023-03-18T00:10:58.031+0000] {processor.py:743} INFO - Processing file /home/airflow/.local/lib/python3.7/site-packages/airflow/example_dags/example_dag_decorator.py for tasks to queue
[2023-03-18T00:10:58.032+0000] {logging_mixin.py:137} INFO - [2023-03-18T00:10:58.032+0000] {dagbag.py:538} INFO - Filling up the DagBag from /home/airflow/.local/lib/python3.7/site-packages/airflow/example_dags/example_dag_decorator.py
[2023-03-18T00:10:58.061+0000] {logging_mixin.py:137} INFO - [2023-03-18T00:10:58.061+0000] {taskmixin.py:205} WARNING - Dependency <Task(_PythonDecoratedOperator): prepare_email>, send_email already registered for DAG: example_dag_decorator
[2023-03-18T00:10:58.062+0000] {logging_mixin.py:137} INFO - [2023-03-18T00:10:58.062+0000] {taskmixin.py:205} WARNING - Dependency <Task(EmailOperator): send_email>, prepare_email already registered for DAG: example_dag_decorator
[2023-03-18T00:10:58.081+0000] {processor.py:753} INFO - DAG(s) dict_keys(['example_dag_decorator']) retrieved from /home/airflow/.local/lib/python3.7/site-packages/airflow/example_dags/example_dag_decorator.py
[2023-03-18T00:10:58.185+0000] {logging_mixin.py:137} INFO - [2023-03-18T00:10:58.184+0000] {dag.py:2690} INFO - Sync 1 DAGs
[2023-03-18T00:10:58.211+0000] {logging_mixin.py:137} INFO - [2023-03-18T00:10:58.211+0000] {dag.py:3441} INFO - Setting next_dagrun for example_dag_decorator to None, run_after=None
[2023-03-18T00:10:58.238+0000] {processor.py:175} INFO - Processing /home/airflow/.local/lib/python3.7/site-packages/airflow/example_dags/example_dag_decorator.py took 0.213 seconds
[2023-03-18T00:11:29.143+0000] {processor.py:153} INFO - Started process (PID=9972) to work on /home/airflow/.local/lib/python3.7/site-packages/airflow/example_dags/example_dag_decorator.py
[2023-03-18T00:11:29.145+0000] {processor.py:743} INFO - Processing file /home/airflow/.local/lib/python3.7/site-packages/airflow/example_dags/example_dag_decorator.py for tasks to queue
[2023-03-18T00:11:29.147+0000] {logging_mixin.py:137} INFO - [2023-03-18T00:11:29.147+0000] {dagbag.py:538} INFO - Filling up the DagBag from /home/airflow/.local/lib/python3.7/site-packages/airflow/example_dags/example_dag_decorator.py
[2023-03-18T00:11:29.232+0000] {logging_mixin.py:137} INFO - [2023-03-18T00:11:29.232+0000] {taskmixin.py:205} WARNING - Dependency <Task(_PythonDecoratedOperator): prepare_email>, send_email already registered for DAG: example_dag_decorator
[2023-03-18T00:11:29.234+0000] {logging_mixin.py:137} INFO - [2023-03-18T00:11:29.233+0000] {taskmixin.py:205} WARNING - Dependency <Task(EmailOperator): send_email>, prepare_email already registered for DAG: example_dag_decorator
[2023-03-18T00:11:29.281+0000] {processor.py:753} INFO - DAG(s) dict_keys(['example_dag_decorator']) retrieved from /home/airflow/.local/lib/python3.7/site-packages/airflow/example_dags/example_dag_decorator.py
[2023-03-18T00:11:29.458+0000] {logging_mixin.py:137} INFO - [2023-03-18T00:11:29.458+0000] {dag.py:2690} INFO - Sync 1 DAGs
[2023-03-18T00:11:29.494+0000] {logging_mixin.py:137} INFO - [2023-03-18T00:11:29.494+0000] {dag.py:3441} INFO - Setting next_dagrun for example_dag_decorator to None, run_after=None
[2023-03-18T00:11:29.530+0000] {processor.py:175} INFO - Processing /home/airflow/.local/lib/python3.7/site-packages/airflow/example_dags/example_dag_decorator.py took 0.394 seconds
[2023-03-18T00:11:59.991+0000] {processor.py:153} INFO - Started process (PID=10054) to work on /home/airflow/.local/lib/python3.7/site-packages/airflow/example_dags/example_dag_decorator.py
[2023-03-18T00:11:59.993+0000] {processor.py:743} INFO - Processing file /home/airflow/.local/lib/python3.7/site-packages/airflow/example_dags/example_dag_decorator.py for tasks to queue
[2023-03-18T00:11:59.994+0000] {logging_mixin.py:137} INFO - [2023-03-18T00:11:59.994+0000] {dagbag.py:538} INFO - Filling up the DagBag from /home/airflow/.local/lib/python3.7/site-packages/airflow/example_dags/example_dag_decorator.py
[2023-03-18T00:12:00.016+0000] {logging_mixin.py:137} INFO - [2023-03-18T00:12:00.016+0000] {taskmixin.py:205} WARNING - Dependency <Task(_PythonDecoratedOperator): prepare_email>, send_email already registered for DAG: example_dag_decorator
[2023-03-18T00:12:00.017+0000] {logging_mixin.py:137} INFO - [2023-03-18T00:12:00.017+0000] {taskmixin.py:205} WARNING - Dependency <Task(EmailOperator): send_email>, prepare_email already registered for DAG: example_dag_decorator
[2023-03-18T00:12:00.036+0000] {processor.py:753} INFO - DAG(s) dict_keys(['example_dag_decorator']) retrieved from /home/airflow/.local/lib/python3.7/site-packages/airflow/example_dags/example_dag_decorator.py
[2023-03-18T00:12:00.138+0000] {logging_mixin.py:137} INFO - [2023-03-18T00:12:00.138+0000] {dag.py:2690} INFO - Sync 1 DAGs
[2023-03-18T00:12:00.179+0000] {logging_mixin.py:137} INFO - [2023-03-18T00:12:00.178+0000] {dag.py:3441} INFO - Setting next_dagrun for example_dag_decorator to None, run_after=None
[2023-03-18T00:12:00.210+0000] {processor.py:175} INFO - Processing /home/airflow/.local/lib/python3.7/site-packages/airflow/example_dags/example_dag_decorator.py took 0.223 seconds
[2023-03-18T00:12:31.049+0000] {processor.py:153} INFO - Started process (PID=10137) to work on /home/airflow/.local/lib/python3.7/site-packages/airflow/example_dags/example_dag_decorator.py
[2023-03-18T00:12:31.050+0000] {processor.py:743} INFO - Processing file /home/airflow/.local/lib/python3.7/site-packages/airflow/example_dags/example_dag_decorator.py for tasks to queue
[2023-03-18T00:12:31.052+0000] {logging_mixin.py:137} INFO - [2023-03-18T00:12:31.052+0000] {dagbag.py:538} INFO - Filling up the DagBag from /home/airflow/.local/lib/python3.7/site-packages/airflow/example_dags/example_dag_decorator.py
[2023-03-18T00:12:31.075+0000] {logging_mixin.py:137} INFO - [2023-03-18T00:12:31.074+0000] {taskmixin.py:205} WARNING - Dependency <Task(_PythonDecoratedOperator): prepare_email>, send_email already registered for DAG: example_dag_decorator
[2023-03-18T00:12:31.076+0000] {logging_mixin.py:137} INFO - [2023-03-18T00:12:31.075+0000] {taskmixin.py:205} WARNING - Dependency <Task(EmailOperator): send_email>, prepare_email already registered for DAG: example_dag_decorator
[2023-03-18T00:12:31.092+0000] {processor.py:753} INFO - DAG(s) dict_keys(['example_dag_decorator']) retrieved from /home/airflow/.local/lib/python3.7/site-packages/airflow/example_dags/example_dag_decorator.py
[2023-03-18T00:12:31.177+0000] {logging_mixin.py:137} INFO - [2023-03-18T00:12:31.177+0000] {dag.py:2690} INFO - Sync 1 DAGs
[2023-03-18T00:12:31.205+0000] {logging_mixin.py:137} INFO - [2023-03-18T00:12:31.204+0000] {dag.py:3441} INFO - Setting next_dagrun for example_dag_decorator to None, run_after=None
[2023-03-18T00:12:31.231+0000] {processor.py:175} INFO - Processing /home/airflow/.local/lib/python3.7/site-packages/airflow/example_dags/example_dag_decorator.py took 0.187 seconds
[2023-03-18T00:13:01.869+0000] {processor.py:153} INFO - Started process (PID=10220) to work on /home/airflow/.local/lib/python3.7/site-packages/airflow/example_dags/example_dag_decorator.py
[2023-03-18T00:13:01.871+0000] {processor.py:743} INFO - Processing file /home/airflow/.local/lib/python3.7/site-packages/airflow/example_dags/example_dag_decorator.py for tasks to queue
[2023-03-18T00:13:01.872+0000] {logging_mixin.py:137} INFO - [2023-03-18T00:13:01.872+0000] {dagbag.py:538} INFO - Filling up the DagBag from /home/airflow/.local/lib/python3.7/site-packages/airflow/example_dags/example_dag_decorator.py
[2023-03-18T00:13:01.893+0000] {logging_mixin.py:137} INFO - [2023-03-18T00:13:01.893+0000] {taskmixin.py:205} WARNING - Dependency <Task(_PythonDecoratedOperator): prepare_email>, send_email already registered for DAG: example_dag_decorator
[2023-03-18T00:13:01.894+0000] {logging_mixin.py:137} INFO - [2023-03-18T00:13:01.894+0000] {taskmixin.py:205} WARNING - Dependency <Task(EmailOperator): send_email>, prepare_email already registered for DAG: example_dag_decorator
[2023-03-18T00:13:01.908+0000] {processor.py:753} INFO - DAG(s) dict_keys(['example_dag_decorator']) retrieved from /home/airflow/.local/lib/python3.7/site-packages/airflow/example_dags/example_dag_decorator.py
[2023-03-18T00:13:02.000+0000] {logging_mixin.py:137} INFO - [2023-03-18T00:13:01.999+0000] {dag.py:2690} INFO - Sync 1 DAGs
[2023-03-18T00:13:02.027+0000] {logging_mixin.py:137} INFO - [2023-03-18T00:13:02.027+0000] {dag.py:3441} INFO - Setting next_dagrun for example_dag_decorator to None, run_after=None
[2023-03-18T00:13:02.051+0000] {processor.py:175} INFO - Processing /home/airflow/.local/lib/python3.7/site-packages/airflow/example_dags/example_dag_decorator.py took 0.186 seconds
[2023-03-18T00:13:32.851+0000] {processor.py:153} INFO - Started process (PID=10322) to work on /home/airflow/.local/lib/python3.7/site-packages/airflow/example_dags/example_dag_decorator.py
[2023-03-18T00:13:32.853+0000] {processor.py:743} INFO - Processing file /home/airflow/.local/lib/python3.7/site-packages/airflow/example_dags/example_dag_decorator.py for tasks to queue
[2023-03-18T00:13:32.855+0000] {logging_mixin.py:137} INFO - [2023-03-18T00:13:32.855+0000] {dagbag.py:538} INFO - Filling up the DagBag from /home/airflow/.local/lib/python3.7/site-packages/airflow/example_dags/example_dag_decorator.py
[2023-03-18T00:13:32.890+0000] {logging_mixin.py:137} INFO - [2023-03-18T00:13:32.889+0000] {taskmixin.py:205} WARNING - Dependency <Task(_PythonDecoratedOperator): prepare_email>, send_email already registered for DAG: example_dag_decorator
[2023-03-18T00:13:32.891+0000] {logging_mixin.py:137} INFO - [2023-03-18T00:13:32.891+0000] {taskmixin.py:205} WARNING - Dependency <Task(EmailOperator): send_email>, prepare_email already registered for DAG: example_dag_decorator
[2023-03-18T00:13:32.910+0000] {processor.py:753} INFO - DAG(s) dict_keys(['example_dag_decorator']) retrieved from /home/airflow/.local/lib/python3.7/site-packages/airflow/example_dags/example_dag_decorator.py
[2023-03-18T00:13:33.069+0000] {logging_mixin.py:137} INFO - [2023-03-18T00:13:33.069+0000] {dag.py:2690} INFO - Sync 1 DAGs
[2023-03-18T00:13:33.113+0000] {logging_mixin.py:137} INFO - [2023-03-18T00:13:33.112+0000] {dag.py:3441} INFO - Setting next_dagrun for example_dag_decorator to None, run_after=None
[2023-03-18T00:13:33.144+0000] {processor.py:175} INFO - Processing /home/airflow/.local/lib/python3.7/site-packages/airflow/example_dags/example_dag_decorator.py took 0.298 seconds
[2023-03-18T00:14:03.528+0000] {processor.py:153} INFO - Started process (PID=10404) to work on /home/airflow/.local/lib/python3.7/site-packages/airflow/example_dags/example_dag_decorator.py
[2023-03-18T00:14:03.529+0000] {processor.py:743} INFO - Processing file /home/airflow/.local/lib/python3.7/site-packages/airflow/example_dags/example_dag_decorator.py for tasks to queue
[2023-03-18T00:14:03.531+0000] {logging_mixin.py:137} INFO - [2023-03-18T00:14:03.531+0000] {dagbag.py:538} INFO - Filling up the DagBag from /home/airflow/.local/lib/python3.7/site-packages/airflow/example_dags/example_dag_decorator.py
[2023-03-18T00:14:03.556+0000] {logging_mixin.py:137} INFO - [2023-03-18T00:14:03.556+0000] {taskmixin.py:205} WARNING - Dependency <Task(_PythonDecoratedOperator): prepare_email>, send_email already registered for DAG: example_dag_decorator
[2023-03-18T00:14:03.557+0000] {logging_mixin.py:137} INFO - [2023-03-18T00:14:03.556+0000] {taskmixin.py:205} WARNING - Dependency <Task(EmailOperator): send_email>, prepare_email already registered for DAG: example_dag_decorator
[2023-03-18T00:14:03.578+0000] {processor.py:753} INFO - DAG(s) dict_keys(['example_dag_decorator']) retrieved from /home/airflow/.local/lib/python3.7/site-packages/airflow/example_dags/example_dag_decorator.py
[2023-03-18T00:14:03.672+0000] {logging_mixin.py:137} INFO - [2023-03-18T00:14:03.672+0000] {dag.py:2690} INFO - Sync 1 DAGs
[2023-03-18T00:14:03.701+0000] {logging_mixin.py:137} INFO - [2023-03-18T00:14:03.701+0000] {dag.py:3441} INFO - Setting next_dagrun for example_dag_decorator to None, run_after=None
[2023-03-18T00:14:03.736+0000] {processor.py:175} INFO - Processing /home/airflow/.local/lib/python3.7/site-packages/airflow/example_dags/example_dag_decorator.py took 0.213 seconds
[2023-03-18T00:14:34.698+0000] {processor.py:153} INFO - Started process (PID=10486) to work on /home/airflow/.local/lib/python3.7/site-packages/airflow/example_dags/example_dag_decorator.py
[2023-03-18T00:14:34.700+0000] {processor.py:743} INFO - Processing file /home/airflow/.local/lib/python3.7/site-packages/airflow/example_dags/example_dag_decorator.py for tasks to queue
[2023-03-18T00:14:34.701+0000] {logging_mixin.py:137} INFO - [2023-03-18T00:14:34.701+0000] {dagbag.py:538} INFO - Filling up the DagBag from /home/airflow/.local/lib/python3.7/site-packages/airflow/example_dags/example_dag_decorator.py
[2023-03-18T00:14:34.726+0000] {logging_mixin.py:137} INFO - [2023-03-18T00:14:34.726+0000] {taskmixin.py:205} WARNING - Dependency <Task(_PythonDecoratedOperator): prepare_email>, send_email already registered for DAG: example_dag_decorator
[2023-03-18T00:14:34.727+0000] {logging_mixin.py:137} INFO - [2023-03-18T00:14:34.727+0000] {taskmixin.py:205} WARNING - Dependency <Task(EmailOperator): send_email>, prepare_email already registered for DAG: example_dag_decorator
[2023-03-18T00:14:34.742+0000] {processor.py:753} INFO - DAG(s) dict_keys(['example_dag_decorator']) retrieved from /home/airflow/.local/lib/python3.7/site-packages/airflow/example_dags/example_dag_decorator.py
[2023-03-18T00:14:34.828+0000] {logging_mixin.py:137} INFO - [2023-03-18T00:14:34.828+0000] {dag.py:2690} INFO - Sync 1 DAGs
[2023-03-18T00:14:34.859+0000] {logging_mixin.py:137} INFO - [2023-03-18T00:14:34.859+0000] {dag.py:3441} INFO - Setting next_dagrun for example_dag_decorator to None, run_after=None
[2023-03-18T00:14:34.887+0000] {processor.py:175} INFO - Processing /home/airflow/.local/lib/python3.7/site-packages/airflow/example_dags/example_dag_decorator.py took 0.193 seconds
[2023-03-18T00:15:05.626+0000] {processor.py:153} INFO - Started process (PID=10569) to work on /home/airflow/.local/lib/python3.7/site-packages/airflow/example_dags/example_dag_decorator.py
[2023-03-18T00:15:05.628+0000] {processor.py:743} INFO - Processing file /home/airflow/.local/lib/python3.7/site-packages/airflow/example_dags/example_dag_decorator.py for tasks to queue
[2023-03-18T00:15:05.630+0000] {logging_mixin.py:137} INFO - [2023-03-18T00:15:05.630+0000] {dagbag.py:538} INFO - Filling up the DagBag from /home/airflow/.local/lib/python3.7/site-packages/airflow/example_dags/example_dag_decorator.py
[2023-03-18T00:15:05.669+0000] {logging_mixin.py:137} INFO - [2023-03-18T00:15:05.668+0000] {taskmixin.py:205} WARNING - Dependency <Task(_PythonDecoratedOperator): prepare_email>, send_email already registered for DAG: example_dag_decorator
[2023-03-18T00:15:05.671+0000] {logging_mixin.py:137} INFO - [2023-03-18T00:15:05.670+0000] {taskmixin.py:205} WARNING - Dependency <Task(EmailOperator): send_email>, prepare_email already registered for DAG: example_dag_decorator
[2023-03-18T00:15:05.725+0000] {processor.py:753} INFO - DAG(s) dict_keys(['example_dag_decorator']) retrieved from /home/airflow/.local/lib/python3.7/site-packages/airflow/example_dags/example_dag_decorator.py
[2023-03-18T00:15:05.877+0000] {logging_mixin.py:137} INFO - [2023-03-18T00:15:05.877+0000] {dag.py:2690} INFO - Sync 1 DAGs
[2023-03-18T00:15:05.914+0000] {logging_mixin.py:137} INFO - [2023-03-18T00:15:05.914+0000] {dag.py:3441} INFO - Setting next_dagrun for example_dag_decorator to None, run_after=None
[2023-03-18T00:15:05.953+0000] {processor.py:175} INFO - Processing /home/airflow/.local/lib/python3.7/site-packages/airflow/example_dags/example_dag_decorator.py took 0.332 seconds
