[2023-03-18T00:00:20.337+0000] {processor.py:153} INFO - Started process (PID=8109) to work on /home/airflow/.local/lib/python3.7/site-packages/airflow/example_dags/example_trigger_controller_dag.py
[2023-03-18T00:00:20.339+0000] {processor.py:743} INFO - Processing file /home/airflow/.local/lib/python3.7/site-packages/airflow/example_dags/example_trigger_controller_dag.py for tasks to queue
[2023-03-18T00:00:20.340+0000] {logging_mixin.py:137} INFO - [2023-03-18T00:00:20.340+0000] {dagbag.py:538} INFO - Filling up the DagBag from /home/airflow/.local/lib/python3.7/site-packages/airflow/example_dags/example_trigger_controller_dag.py
[2023-03-18T00:00:20.361+0000] {processor.py:753} INFO - DAG(s) dict_keys(['example_trigger_controller_dag']) retrieved from /home/airflow/.local/lib/python3.7/site-packages/airflow/example_dags/example_trigger_controller_dag.py
[2023-03-18T00:00:20.398+0000] {logging_mixin.py:137} INFO - [2023-03-18T00:00:20.398+0000] {dag.py:2690} INFO - Sync 1 DAGs
[2023-03-18T00:00:20.455+0000] {logging_mixin.py:137} INFO - [2023-03-18T00:00:20.455+0000] {dag.py:3441} INFO - Setting next_dagrun for example_trigger_controller_dag to 2021-01-01T00:00:00+00:00, run_after=2021-01-01T00:00:00+00:00
[2023-03-18T00:00:20.491+0000] {processor.py:175} INFO - Processing /home/airflow/.local/lib/python3.7/site-packages/airflow/example_dags/example_trigger_controller_dag.py took 0.160 seconds
[2023-03-18T00:00:53.166+0000] {processor.py:153} INFO - Started process (PID=8211) to work on /home/airflow/.local/lib/python3.7/site-packages/airflow/example_dags/example_trigger_controller_dag.py
[2023-03-18T00:00:53.174+0000] {processor.py:743} INFO - Processing file /home/airflow/.local/lib/python3.7/site-packages/airflow/example_dags/example_trigger_controller_dag.py for tasks to queue
[2023-03-18T00:00:53.205+0000] {logging_mixin.py:137} INFO - [2023-03-18T00:00:53.204+0000] {dagbag.py:538} INFO - Filling up the DagBag from /home/airflow/.local/lib/python3.7/site-packages/airflow/example_dags/example_trigger_controller_dag.py
[2023-03-18T00:00:53.267+0000] {processor.py:753} INFO - DAG(s) dict_keys(['example_trigger_controller_dag']) retrieved from /home/airflow/.local/lib/python3.7/site-packages/airflow/example_dags/example_trigger_controller_dag.py
[2023-03-18T00:00:53.360+0000] {logging_mixin.py:137} INFO - [2023-03-18T00:00:53.360+0000] {dag.py:2690} INFO - Sync 1 DAGs
[2023-03-18T00:00:53.453+0000] {logging_mixin.py:137} INFO - [2023-03-18T00:00:53.452+0000] {dag.py:3441} INFO - Setting next_dagrun for example_trigger_controller_dag to 2021-01-01T00:00:00+00:00, run_after=2021-01-01T00:00:00+00:00
[2023-03-18T00:00:53.542+0000] {processor.py:175} INFO - Processing /home/airflow/.local/lib/python3.7/site-packages/airflow/example_dags/example_trigger_controller_dag.py took 0.401 seconds
[2023-03-18T00:01:23.858+0000] {processor.py:153} INFO - Started process (PID=8293) to work on /home/airflow/.local/lib/python3.7/site-packages/airflow/example_dags/example_trigger_controller_dag.py
[2023-03-18T00:01:23.861+0000] {processor.py:743} INFO - Processing file /home/airflow/.local/lib/python3.7/site-packages/airflow/example_dags/example_trigger_controller_dag.py for tasks to queue
[2023-03-18T00:01:23.862+0000] {logging_mixin.py:137} INFO - [2023-03-18T00:01:23.862+0000] {dagbag.py:538} INFO - Filling up the DagBag from /home/airflow/.local/lib/python3.7/site-packages/airflow/example_dags/example_trigger_controller_dag.py
[2023-03-18T00:01:23.887+0000] {processor.py:753} INFO - DAG(s) dict_keys(['example_trigger_controller_dag']) retrieved from /home/airflow/.local/lib/python3.7/site-packages/airflow/example_dags/example_trigger_controller_dag.py
[2023-03-18T00:01:23.938+0000] {logging_mixin.py:137} INFO - [2023-03-18T00:01:23.938+0000] {dag.py:2690} INFO - Sync 1 DAGs
[2023-03-18T00:01:24.030+0000] {logging_mixin.py:137} INFO - [2023-03-18T00:01:24.029+0000] {dag.py:3441} INFO - Setting next_dagrun for example_trigger_controller_dag to 2021-01-01T00:00:00+00:00, run_after=2021-01-01T00:00:00+00:00
[2023-03-18T00:01:24.099+0000] {processor.py:175} INFO - Processing /home/airflow/.local/lib/python3.7/site-packages/airflow/example_dags/example_trigger_controller_dag.py took 0.249 seconds
[2023-03-18T00:01:55.078+0000] {processor.py:153} INFO - Started process (PID=8376) to work on /home/airflow/.local/lib/python3.7/site-packages/airflow/example_dags/example_trigger_controller_dag.py
[2023-03-18T00:01:55.081+0000] {processor.py:743} INFO - Processing file /home/airflow/.local/lib/python3.7/site-packages/airflow/example_dags/example_trigger_controller_dag.py for tasks to queue
[2023-03-18T00:01:55.084+0000] {logging_mixin.py:137} INFO - [2023-03-18T00:01:55.084+0000] {dagbag.py:538} INFO - Filling up the DagBag from /home/airflow/.local/lib/python3.7/site-packages/airflow/example_dags/example_trigger_controller_dag.py
[2023-03-18T00:01:55.146+0000] {processor.py:753} INFO - DAG(s) dict_keys(['example_trigger_controller_dag']) retrieved from /home/airflow/.local/lib/python3.7/site-packages/airflow/example_dags/example_trigger_controller_dag.py
[2023-03-18T00:01:55.312+0000] {logging_mixin.py:137} INFO - [2023-03-18T00:01:55.312+0000] {dag.py:2690} INFO - Sync 1 DAGs
[2023-03-18T00:01:55.462+0000] {logging_mixin.py:137} INFO - [2023-03-18T00:01:55.461+0000] {dag.py:3441} INFO - Setting next_dagrun for example_trigger_controller_dag to 2021-01-01T00:00:00+00:00, run_after=2021-01-01T00:00:00+00:00
[2023-03-18T00:01:55.548+0000] {processor.py:175} INFO - Processing /home/airflow/.local/lib/python3.7/site-packages/airflow/example_dags/example_trigger_controller_dag.py took 0.480 seconds
[2023-03-18T00:02:26.555+0000] {processor.py:153} INFO - Started process (PID=8458) to work on /home/airflow/.local/lib/python3.7/site-packages/airflow/example_dags/example_trigger_controller_dag.py
[2023-03-18T00:02:26.568+0000] {processor.py:743} INFO - Processing file /home/airflow/.local/lib/python3.7/site-packages/airflow/example_dags/example_trigger_controller_dag.py for tasks to queue
[2023-03-18T00:02:26.573+0000] {logging_mixin.py:137} INFO - [2023-03-18T00:02:26.572+0000] {dagbag.py:538} INFO - Filling up the DagBag from /home/airflow/.local/lib/python3.7/site-packages/airflow/example_dags/example_trigger_controller_dag.py
[2023-03-18T00:02:26.654+0000] {processor.py:753} INFO - DAG(s) dict_keys(['example_trigger_controller_dag']) retrieved from /home/airflow/.local/lib/python3.7/site-packages/airflow/example_dags/example_trigger_controller_dag.py
[2023-03-18T00:02:26.740+0000] {logging_mixin.py:137} INFO - [2023-03-18T00:02:26.739+0000] {dag.py:2690} INFO - Sync 1 DAGs
[2023-03-18T00:02:26.821+0000] {logging_mixin.py:137} INFO - [2023-03-18T00:02:26.821+0000] {dag.py:3441} INFO - Setting next_dagrun for example_trigger_controller_dag to 2021-01-01T00:00:00+00:00, run_after=2021-01-01T00:00:00+00:00
[2023-03-18T00:02:26.896+0000] {processor.py:175} INFO - Processing /home/airflow/.local/lib/python3.7/site-packages/airflow/example_dags/example_trigger_controller_dag.py took 0.375 seconds
[2023-03-18T00:02:57.266+0000] {processor.py:153} INFO - Started process (PID=8540) to work on /home/airflow/.local/lib/python3.7/site-packages/airflow/example_dags/example_trigger_controller_dag.py
[2023-03-18T00:02:57.268+0000] {processor.py:743} INFO - Processing file /home/airflow/.local/lib/python3.7/site-packages/airflow/example_dags/example_trigger_controller_dag.py for tasks to queue
[2023-03-18T00:02:57.271+0000] {logging_mixin.py:137} INFO - [2023-03-18T00:02:57.270+0000] {dagbag.py:538} INFO - Filling up the DagBag from /home/airflow/.local/lib/python3.7/site-packages/airflow/example_dags/example_trigger_controller_dag.py
[2023-03-18T00:02:57.334+0000] {processor.py:753} INFO - DAG(s) dict_keys(['example_trigger_controller_dag']) retrieved from /home/airflow/.local/lib/python3.7/site-packages/airflow/example_dags/example_trigger_controller_dag.py
[2023-03-18T00:02:57.549+0000] {logging_mixin.py:137} INFO - [2023-03-18T00:02:57.539+0000] {dag.py:2690} INFO - Sync 1 DAGs
[2023-03-18T00:02:57.715+0000] {logging_mixin.py:137} INFO - [2023-03-18T00:02:57.715+0000] {dag.py:3441} INFO - Setting next_dagrun for example_trigger_controller_dag to 2021-01-01T00:00:00+00:00, run_after=2021-01-01T00:00:00+00:00
[2023-03-18T00:02:57.797+0000] {processor.py:175} INFO - Processing /home/airflow/.local/lib/python3.7/site-packages/airflow/example_dags/example_trigger_controller_dag.py took 0.537 seconds
[2023-03-18T00:03:28.295+0000] {processor.py:153} INFO - Started process (PID=8622) to work on /home/airflow/.local/lib/python3.7/site-packages/airflow/example_dags/example_trigger_controller_dag.py
[2023-03-18T00:03:28.297+0000] {processor.py:743} INFO - Processing file /home/airflow/.local/lib/python3.7/site-packages/airflow/example_dags/example_trigger_controller_dag.py for tasks to queue
[2023-03-18T00:03:28.298+0000] {logging_mixin.py:137} INFO - [2023-03-18T00:03:28.298+0000] {dagbag.py:538} INFO - Filling up the DagBag from /home/airflow/.local/lib/python3.7/site-packages/airflow/example_dags/example_trigger_controller_dag.py
[2023-03-18T00:03:28.313+0000] {processor.py:753} INFO - DAG(s) dict_keys(['example_trigger_controller_dag']) retrieved from /home/airflow/.local/lib/python3.7/site-packages/airflow/example_dags/example_trigger_controller_dag.py
[2023-03-18T00:03:28.345+0000] {logging_mixin.py:137} INFO - [2023-03-18T00:03:28.345+0000] {dag.py:2690} INFO - Sync 1 DAGs
[2023-03-18T00:03:28.378+0000] {logging_mixin.py:137} INFO - [2023-03-18T00:03:28.377+0000] {dag.py:3441} INFO - Setting next_dagrun for example_trigger_controller_dag to 2021-01-01T00:00:00+00:00, run_after=2021-01-01T00:00:00+00:00
[2023-03-18T00:03:28.403+0000] {processor.py:175} INFO - Processing /home/airflow/.local/lib/python3.7/site-packages/airflow/example_dags/example_trigger_controller_dag.py took 0.113 seconds
[2023-03-18T00:03:58.634+0000] {processor.py:153} INFO - Started process (PID=8704) to work on /home/airflow/.local/lib/python3.7/site-packages/airflow/example_dags/example_trigger_controller_dag.py
[2023-03-18T00:03:58.635+0000] {processor.py:743} INFO - Processing file /home/airflow/.local/lib/python3.7/site-packages/airflow/example_dags/example_trigger_controller_dag.py for tasks to queue
[2023-03-18T00:03:58.636+0000] {logging_mixin.py:137} INFO - [2023-03-18T00:03:58.636+0000] {dagbag.py:538} INFO - Filling up the DagBag from /home/airflow/.local/lib/python3.7/site-packages/airflow/example_dags/example_trigger_controller_dag.py
[2023-03-18T00:03:58.651+0000] {processor.py:753} INFO - DAG(s) dict_keys(['example_trigger_controller_dag']) retrieved from /home/airflow/.local/lib/python3.7/site-packages/airflow/example_dags/example_trigger_controller_dag.py
[2023-03-18T00:03:58.681+0000] {logging_mixin.py:137} INFO - [2023-03-18T00:03:58.681+0000] {dag.py:2690} INFO - Sync 1 DAGs
[2023-03-18T00:03:58.715+0000] {logging_mixin.py:137} INFO - [2023-03-18T00:03:58.715+0000] {dag.py:3441} INFO - Setting next_dagrun for example_trigger_controller_dag to 2021-01-01T00:00:00+00:00, run_after=2021-01-01T00:00:00+00:00
[2023-03-18T00:03:58.742+0000] {processor.py:175} INFO - Processing /home/airflow/.local/lib/python3.7/site-packages/airflow/example_dags/example_trigger_controller_dag.py took 0.113 seconds
[2023-03-18T00:04:29.625+0000] {processor.py:153} INFO - Started process (PID=8786) to work on /home/airflow/.local/lib/python3.7/site-packages/airflow/example_dags/example_trigger_controller_dag.py
[2023-03-18T00:04:29.626+0000] {processor.py:743} INFO - Processing file /home/airflow/.local/lib/python3.7/site-packages/airflow/example_dags/example_trigger_controller_dag.py for tasks to queue
[2023-03-18T00:04:29.627+0000] {logging_mixin.py:137} INFO - [2023-03-18T00:04:29.627+0000] {dagbag.py:538} INFO - Filling up the DagBag from /home/airflow/.local/lib/python3.7/site-packages/airflow/example_dags/example_trigger_controller_dag.py
[2023-03-18T00:04:29.640+0000] {processor.py:753} INFO - DAG(s) dict_keys(['example_trigger_controller_dag']) retrieved from /home/airflow/.local/lib/python3.7/site-packages/airflow/example_dags/example_trigger_controller_dag.py
[2023-03-18T00:04:29.667+0000] {logging_mixin.py:137} INFO - [2023-03-18T00:04:29.667+0000] {dag.py:2690} INFO - Sync 1 DAGs
[2023-03-18T00:04:29.696+0000] {logging_mixin.py:137} INFO - [2023-03-18T00:04:29.696+0000] {dag.py:3441} INFO - Setting next_dagrun for example_trigger_controller_dag to 2021-01-01T00:00:00+00:00, run_after=2021-01-01T00:00:00+00:00
[2023-03-18T00:04:29.724+0000] {processor.py:175} INFO - Processing /home/airflow/.local/lib/python3.7/site-packages/airflow/example_dags/example_trigger_controller_dag.py took 0.102 seconds
[2023-03-18T00:04:59.873+0000] {processor.py:153} INFO - Started process (PID=8878) to work on /home/airflow/.local/lib/python3.7/site-packages/airflow/example_dags/example_trigger_controller_dag.py
[2023-03-18T00:04:59.874+0000] {processor.py:743} INFO - Processing file /home/airflow/.local/lib/python3.7/site-packages/airflow/example_dags/example_trigger_controller_dag.py for tasks to queue
[2023-03-18T00:04:59.876+0000] {logging_mixin.py:137} INFO - [2023-03-18T00:04:59.875+0000] {dagbag.py:538} INFO - Filling up the DagBag from /home/airflow/.local/lib/python3.7/site-packages/airflow/example_dags/example_trigger_controller_dag.py
[2023-03-18T00:04:59.906+0000] {processor.py:753} INFO - DAG(s) dict_keys(['example_trigger_controller_dag']) retrieved from /home/airflow/.local/lib/python3.7/site-packages/airflow/example_dags/example_trigger_controller_dag.py
[2023-03-18T00:04:59.991+0000] {logging_mixin.py:137} INFO - [2023-03-18T00:04:59.990+0000] {dag.py:2690} INFO - Sync 1 DAGs
[2023-03-18T00:05:00.105+0000] {logging_mixin.py:137} INFO - [2023-03-18T00:05:00.104+0000] {dag.py:3441} INFO - Setting next_dagrun for example_trigger_controller_dag to 2021-01-01T00:00:00+00:00, run_after=2021-01-01T00:00:00+00:00
[2023-03-18T00:05:00.152+0000] {processor.py:175} INFO - Processing /home/airflow/.local/lib/python3.7/site-packages/airflow/example_dags/example_trigger_controller_dag.py took 0.284 seconds
[2023-03-18T00:05:30.465+0000] {processor.py:153} INFO - Started process (PID=8971) to work on /home/airflow/.local/lib/python3.7/site-packages/airflow/example_dags/example_trigger_controller_dag.py
[2023-03-18T00:05:30.466+0000] {processor.py:743} INFO - Processing file /home/airflow/.local/lib/python3.7/site-packages/airflow/example_dags/example_trigger_controller_dag.py for tasks to queue
[2023-03-18T00:05:30.467+0000] {logging_mixin.py:137} INFO - [2023-03-18T00:05:30.467+0000] {dagbag.py:538} INFO - Filling up the DagBag from /home/airflow/.local/lib/python3.7/site-packages/airflow/example_dags/example_trigger_controller_dag.py
[2023-03-18T00:05:30.478+0000] {processor.py:753} INFO - DAG(s) dict_keys(['example_trigger_controller_dag']) retrieved from /home/airflow/.local/lib/python3.7/site-packages/airflow/example_dags/example_trigger_controller_dag.py
[2023-03-18T00:05:30.505+0000] {logging_mixin.py:137} INFO - [2023-03-18T00:05:30.505+0000] {dag.py:2690} INFO - Sync 1 DAGs
[2023-03-18T00:05:30.531+0000] {logging_mixin.py:137} INFO - [2023-03-18T00:05:30.531+0000] {dag.py:3441} INFO - Setting next_dagrun for example_trigger_controller_dag to 2021-01-01T00:00:00+00:00, run_after=2021-01-01T00:00:00+00:00
[2023-03-18T00:05:30.552+0000] {processor.py:175} INFO - Processing /home/airflow/.local/lib/python3.7/site-packages/airflow/example_dags/example_trigger_controller_dag.py took 0.090 seconds
[2023-03-18T00:06:01.247+0000] {processor.py:153} INFO - Started process (PID=9053) to work on /home/airflow/.local/lib/python3.7/site-packages/airflow/example_dags/example_trigger_controller_dag.py
[2023-03-18T00:06:01.248+0000] {processor.py:743} INFO - Processing file /home/airflow/.local/lib/python3.7/site-packages/airflow/example_dags/example_trigger_controller_dag.py for tasks to queue
[2023-03-18T00:06:01.250+0000] {logging_mixin.py:137} INFO - [2023-03-18T00:06:01.250+0000] {dagbag.py:538} INFO - Filling up the DagBag from /home/airflow/.local/lib/python3.7/site-packages/airflow/example_dags/example_trigger_controller_dag.py
[2023-03-18T00:06:01.274+0000] {processor.py:753} INFO - DAG(s) dict_keys(['example_trigger_controller_dag']) retrieved from /home/airflow/.local/lib/python3.7/site-packages/airflow/example_dags/example_trigger_controller_dag.py
[2023-03-18T00:06:01.335+0000] {logging_mixin.py:137} INFO - [2023-03-18T00:06:01.334+0000] {dag.py:2690} INFO - Sync 1 DAGs
[2023-03-18T00:06:01.391+0000] {logging_mixin.py:137} INFO - [2023-03-18T00:06:01.391+0000] {dag.py:3441} INFO - Setting next_dagrun for example_trigger_controller_dag to 2021-01-01T00:00:00+00:00, run_after=2021-01-01T00:00:00+00:00
[2023-03-18T00:06:01.429+0000] {processor.py:175} INFO - Processing /home/airflow/.local/lib/python3.7/site-packages/airflow/example_dags/example_trigger_controller_dag.py took 0.189 seconds
[2023-03-18T00:06:32.130+0000] {processor.py:153} INFO - Started process (PID=9135) to work on /home/airflow/.local/lib/python3.7/site-packages/airflow/example_dags/example_trigger_controller_dag.py
[2023-03-18T00:06:32.132+0000] {processor.py:743} INFO - Processing file /home/airflow/.local/lib/python3.7/site-packages/airflow/example_dags/example_trigger_controller_dag.py for tasks to queue
[2023-03-18T00:06:32.134+0000] {logging_mixin.py:137} INFO - [2023-03-18T00:06:32.133+0000] {dagbag.py:538} INFO - Filling up the DagBag from /home/airflow/.local/lib/python3.7/site-packages/airflow/example_dags/example_trigger_controller_dag.py
[2023-03-18T00:06:32.159+0000] {processor.py:753} INFO - DAG(s) dict_keys(['example_trigger_controller_dag']) retrieved from /home/airflow/.local/lib/python3.7/site-packages/airflow/example_dags/example_trigger_controller_dag.py
[2023-03-18T00:06:32.196+0000] {logging_mixin.py:137} INFO - [2023-03-18T00:06:32.195+0000] {dag.py:2690} INFO - Sync 1 DAGs
[2023-03-18T00:06:32.233+0000] {logging_mixin.py:137} INFO - [2023-03-18T00:06:32.233+0000] {dag.py:3441} INFO - Setting next_dagrun for example_trigger_controller_dag to 2021-01-01T00:00:00+00:00, run_after=2021-01-01T00:00:00+00:00
[2023-03-18T00:06:32.262+0000] {processor.py:175} INFO - Processing /home/airflow/.local/lib/python3.7/site-packages/airflow/example_dags/example_trigger_controller_dag.py took 0.136 seconds
[2023-03-18T00:07:02.743+0000] {processor.py:153} INFO - Started process (PID=9217) to work on /home/airflow/.local/lib/python3.7/site-packages/airflow/example_dags/example_trigger_controller_dag.py
[2023-03-18T00:07:02.748+0000] {processor.py:743} INFO - Processing file /home/airflow/.local/lib/python3.7/site-packages/airflow/example_dags/example_trigger_controller_dag.py for tasks to queue
[2023-03-18T00:07:02.752+0000] {logging_mixin.py:137} INFO - [2023-03-18T00:07:02.751+0000] {dagbag.py:538} INFO - Filling up the DagBag from /home/airflow/.local/lib/python3.7/site-packages/airflow/example_dags/example_trigger_controller_dag.py
[2023-03-18T00:07:02.777+0000] {processor.py:753} INFO - DAG(s) dict_keys(['example_trigger_controller_dag']) retrieved from /home/airflow/.local/lib/python3.7/site-packages/airflow/example_dags/example_trigger_controller_dag.py
[2023-03-18T00:07:02.819+0000] {logging_mixin.py:137} INFO - [2023-03-18T00:07:02.819+0000] {dag.py:2690} INFO - Sync 1 DAGs
[2023-03-18T00:07:02.857+0000] {logging_mixin.py:137} INFO - [2023-03-18T00:07:02.857+0000] {dag.py:3441} INFO - Setting next_dagrun for example_trigger_controller_dag to 2021-01-01T00:00:00+00:00, run_after=2021-01-01T00:00:00+00:00
[2023-03-18T00:07:02.893+0000] {processor.py:175} INFO - Processing /home/airflow/.local/lib/python3.7/site-packages/airflow/example_dags/example_trigger_controller_dag.py took 0.156 seconds
[2023-03-18T00:07:33.585+0000] {processor.py:153} INFO - Started process (PID=9310) to work on /home/airflow/.local/lib/python3.7/site-packages/airflow/example_dags/example_trigger_controller_dag.py
[2023-03-18T00:07:33.587+0000] {processor.py:743} INFO - Processing file /home/airflow/.local/lib/python3.7/site-packages/airflow/example_dags/example_trigger_controller_dag.py for tasks to queue
[2023-03-18T00:07:33.593+0000] {logging_mixin.py:137} INFO - [2023-03-18T00:07:33.592+0000] {dagbag.py:538} INFO - Filling up the DagBag from /home/airflow/.local/lib/python3.7/site-packages/airflow/example_dags/example_trigger_controller_dag.py
[2023-03-18T00:07:33.624+0000] {processor.py:753} INFO - DAG(s) dict_keys(['example_trigger_controller_dag']) retrieved from /home/airflow/.local/lib/python3.7/site-packages/airflow/example_dags/example_trigger_controller_dag.py
[2023-03-18T00:07:33.692+0000] {logging_mixin.py:137} INFO - [2023-03-18T00:07:33.691+0000] {dag.py:2690} INFO - Sync 1 DAGs
[2023-03-18T00:07:33.743+0000] {logging_mixin.py:137} INFO - [2023-03-18T00:07:33.742+0000] {dag.py:3441} INFO - Setting next_dagrun for example_trigger_controller_dag to 2021-01-01T00:00:00+00:00, run_after=2021-01-01T00:00:00+00:00
[2023-03-18T00:07:33.796+0000] {processor.py:175} INFO - Processing /home/airflow/.local/lib/python3.7/site-packages/airflow/example_dags/example_trigger_controller_dag.py took 0.228 seconds
[2023-03-18T00:08:04.564+0000] {processor.py:153} INFO - Started process (PID=9403) to work on /home/airflow/.local/lib/python3.7/site-packages/airflow/example_dags/example_trigger_controller_dag.py
[2023-03-18T00:08:04.566+0000] {processor.py:743} INFO - Processing file /home/airflow/.local/lib/python3.7/site-packages/airflow/example_dags/example_trigger_controller_dag.py for tasks to queue
[2023-03-18T00:08:04.567+0000] {logging_mixin.py:137} INFO - [2023-03-18T00:08:04.567+0000] {dagbag.py:538} INFO - Filling up the DagBag from /home/airflow/.local/lib/python3.7/site-packages/airflow/example_dags/example_trigger_controller_dag.py
[2023-03-18T00:08:04.582+0000] {processor.py:753} INFO - DAG(s) dict_keys(['example_trigger_controller_dag']) retrieved from /home/airflow/.local/lib/python3.7/site-packages/airflow/example_dags/example_trigger_controller_dag.py
[2023-03-18T00:08:04.616+0000] {logging_mixin.py:137} INFO - [2023-03-18T00:08:04.615+0000] {dag.py:2690} INFO - Sync 1 DAGs
[2023-03-18T00:08:04.660+0000] {logging_mixin.py:137} INFO - [2023-03-18T00:08:04.660+0000] {dag.py:3441} INFO - Setting next_dagrun for example_trigger_controller_dag to 2021-01-01T00:00:00+00:00, run_after=2021-01-01T00:00:00+00:00
[2023-03-18T00:08:04.700+0000] {processor.py:175} INFO - Processing /home/airflow/.local/lib/python3.7/site-packages/airflow/example_dags/example_trigger_controller_dag.py took 0.140 seconds
[2023-03-18T00:08:35.178+0000] {processor.py:153} INFO - Started process (PID=9485) to work on /home/airflow/.local/lib/python3.7/site-packages/airflow/example_dags/example_trigger_controller_dag.py
[2023-03-18T00:08:35.180+0000] {processor.py:743} INFO - Processing file /home/airflow/.local/lib/python3.7/site-packages/airflow/example_dags/example_trigger_controller_dag.py for tasks to queue
[2023-03-18T00:08:35.182+0000] {logging_mixin.py:137} INFO - [2023-03-18T00:08:35.181+0000] {dagbag.py:538} INFO - Filling up the DagBag from /home/airflow/.local/lib/python3.7/site-packages/airflow/example_dags/example_trigger_controller_dag.py
[2023-03-18T00:08:35.199+0000] {processor.py:753} INFO - DAG(s) dict_keys(['example_trigger_controller_dag']) retrieved from /home/airflow/.local/lib/python3.7/site-packages/airflow/example_dags/example_trigger_controller_dag.py
[2023-03-18T00:08:35.238+0000] {logging_mixin.py:137} INFO - [2023-03-18T00:08:35.238+0000] {dag.py:2690} INFO - Sync 1 DAGs
[2023-03-18T00:08:35.275+0000] {logging_mixin.py:137} INFO - [2023-03-18T00:08:35.275+0000] {dag.py:3441} INFO - Setting next_dagrun for example_trigger_controller_dag to 2021-01-01T00:00:00+00:00, run_after=2021-01-01T00:00:00+00:00
[2023-03-18T00:08:35.306+0000] {processor.py:175} INFO - Processing /home/airflow/.local/lib/python3.7/site-packages/airflow/example_dags/example_trigger_controller_dag.py took 0.134 seconds
[2023-03-18T00:09:06.084+0000] {processor.py:153} INFO - Started process (PID=9567) to work on /home/airflow/.local/lib/python3.7/site-packages/airflow/example_dags/example_trigger_controller_dag.py
[2023-03-18T00:09:06.087+0000] {processor.py:743} INFO - Processing file /home/airflow/.local/lib/python3.7/site-packages/airflow/example_dags/example_trigger_controller_dag.py for tasks to queue
[2023-03-18T00:09:06.089+0000] {logging_mixin.py:137} INFO - [2023-03-18T00:09:06.089+0000] {dagbag.py:538} INFO - Filling up the DagBag from /home/airflow/.local/lib/python3.7/site-packages/airflow/example_dags/example_trigger_controller_dag.py
[2023-03-18T00:09:06.112+0000] {processor.py:753} INFO - DAG(s) dict_keys(['example_trigger_controller_dag']) retrieved from /home/airflow/.local/lib/python3.7/site-packages/airflow/example_dags/example_trigger_controller_dag.py
[2023-03-18T00:09:06.168+0000] {logging_mixin.py:137} INFO - [2023-03-18T00:09:06.168+0000] {dag.py:2690} INFO - Sync 1 DAGs
[2023-03-18T00:09:06.216+0000] {logging_mixin.py:137} INFO - [2023-03-18T00:09:06.215+0000] {dag.py:3441} INFO - Setting next_dagrun for example_trigger_controller_dag to 2021-01-01T00:00:00+00:00, run_after=2021-01-01T00:00:00+00:00
[2023-03-18T00:09:06.246+0000] {processor.py:175} INFO - Processing /home/airflow/.local/lib/python3.7/site-packages/airflow/example_dags/example_trigger_controller_dag.py took 0.168 seconds
[2023-03-18T00:09:37.798+0000] {processor.py:153} INFO - Started process (PID=9669) to work on /home/airflow/.local/lib/python3.7/site-packages/airflow/example_dags/example_trigger_controller_dag.py
[2023-03-18T00:09:37.799+0000] {processor.py:743} INFO - Processing file /home/airflow/.local/lib/python3.7/site-packages/airflow/example_dags/example_trigger_controller_dag.py for tasks to queue
[2023-03-18T00:09:37.801+0000] {logging_mixin.py:137} INFO - [2023-03-18T00:09:37.801+0000] {dagbag.py:538} INFO - Filling up the DagBag from /home/airflow/.local/lib/python3.7/site-packages/airflow/example_dags/example_trigger_controller_dag.py
[2023-03-18T00:09:37.817+0000] {processor.py:753} INFO - DAG(s) dict_keys(['example_trigger_controller_dag']) retrieved from /home/airflow/.local/lib/python3.7/site-packages/airflow/example_dags/example_trigger_controller_dag.py
[2023-03-18T00:09:37.854+0000] {logging_mixin.py:137} INFO - [2023-03-18T00:09:37.853+0000] {dag.py:2690} INFO - Sync 1 DAGs
[2023-03-18T00:09:37.899+0000] {logging_mixin.py:137} INFO - [2023-03-18T00:09:37.898+0000] {dag.py:3441} INFO - Setting next_dagrun for example_trigger_controller_dag to 2021-01-01T00:00:00+00:00, run_after=2021-01-01T00:00:00+00:00
[2023-03-18T00:09:37.929+0000] {processor.py:175} INFO - Processing /home/airflow/.local/lib/python3.7/site-packages/airflow/example_dags/example_trigger_controller_dag.py took 0.136 seconds
[2023-03-18T00:10:08.693+0000] {processor.py:153} INFO - Started process (PID=9751) to work on /home/airflow/.local/lib/python3.7/site-packages/airflow/example_dags/example_trigger_controller_dag.py
[2023-03-18T00:10:08.697+0000] {processor.py:743} INFO - Processing file /home/airflow/.local/lib/python3.7/site-packages/airflow/example_dags/example_trigger_controller_dag.py for tasks to queue
[2023-03-18T00:10:08.702+0000] {logging_mixin.py:137} INFO - [2023-03-18T00:10:08.701+0000] {dagbag.py:538} INFO - Filling up the DagBag from /home/airflow/.local/lib/python3.7/site-packages/airflow/example_dags/example_trigger_controller_dag.py
[2023-03-18T00:10:08.729+0000] {processor.py:753} INFO - DAG(s) dict_keys(['example_trigger_controller_dag']) retrieved from /home/airflow/.local/lib/python3.7/site-packages/airflow/example_dags/example_trigger_controller_dag.py
[2023-03-18T00:10:08.774+0000] {logging_mixin.py:137} INFO - [2023-03-18T00:10:08.774+0000] {dag.py:2690} INFO - Sync 1 DAGs
[2023-03-18T00:10:08.812+0000] {logging_mixin.py:137} INFO - [2023-03-18T00:10:08.811+0000] {dag.py:3441} INFO - Setting next_dagrun for example_trigger_controller_dag to 2021-01-01T00:00:00+00:00, run_after=2021-01-01T00:00:00+00:00
[2023-03-18T00:10:08.846+0000] {processor.py:175} INFO - Processing /home/airflow/.local/lib/python3.7/site-packages/airflow/example_dags/example_trigger_controller_dag.py took 0.161 seconds
[2023-03-18T00:10:39.643+0000] {processor.py:153} INFO - Started process (PID=9833) to work on /home/airflow/.local/lib/python3.7/site-packages/airflow/example_dags/example_trigger_controller_dag.py
[2023-03-18T00:10:39.646+0000] {processor.py:743} INFO - Processing file /home/airflow/.local/lib/python3.7/site-packages/airflow/example_dags/example_trigger_controller_dag.py for tasks to queue
[2023-03-18T00:10:39.648+0000] {logging_mixin.py:137} INFO - [2023-03-18T00:10:39.648+0000] {dagbag.py:538} INFO - Filling up the DagBag from /home/airflow/.local/lib/python3.7/site-packages/airflow/example_dags/example_trigger_controller_dag.py
[2023-03-18T00:10:39.662+0000] {processor.py:753} INFO - DAG(s) dict_keys(['example_trigger_controller_dag']) retrieved from /home/airflow/.local/lib/python3.7/site-packages/airflow/example_dags/example_trigger_controller_dag.py
[2023-03-18T00:10:39.688+0000] {logging_mixin.py:137} INFO - [2023-03-18T00:10:39.688+0000] {dag.py:2690} INFO - Sync 1 DAGs
[2023-03-18T00:10:39.716+0000] {logging_mixin.py:137} INFO - [2023-03-18T00:10:39.716+0000] {dag.py:3441} INFO - Setting next_dagrun for example_trigger_controller_dag to 2021-01-01T00:00:00+00:00, run_after=2021-01-01T00:00:00+00:00
[2023-03-18T00:10:39.735+0000] {processor.py:175} INFO - Processing /home/airflow/.local/lib/python3.7/site-packages/airflow/example_dags/example_trigger_controller_dag.py took 0.100 seconds
[2023-03-18T00:11:10.748+0000] {processor.py:153} INFO - Started process (PID=9915) to work on /home/airflow/.local/lib/python3.7/site-packages/airflow/example_dags/example_trigger_controller_dag.py
[2023-03-18T00:11:10.749+0000] {processor.py:743} INFO - Processing file /home/airflow/.local/lib/python3.7/site-packages/airflow/example_dags/example_trigger_controller_dag.py for tasks to queue
[2023-03-18T00:11:10.751+0000] {logging_mixin.py:137} INFO - [2023-03-18T00:11:10.751+0000] {dagbag.py:538} INFO - Filling up the DagBag from /home/airflow/.local/lib/python3.7/site-packages/airflow/example_dags/example_trigger_controller_dag.py
[2023-03-18T00:11:10.767+0000] {processor.py:753} INFO - DAG(s) dict_keys(['example_trigger_controller_dag']) retrieved from /home/airflow/.local/lib/python3.7/site-packages/airflow/example_dags/example_trigger_controller_dag.py
[2023-03-18T00:11:10.804+0000] {logging_mixin.py:137} INFO - [2023-03-18T00:11:10.803+0000] {dag.py:2690} INFO - Sync 1 DAGs
[2023-03-18T00:11:10.840+0000] {logging_mixin.py:137} INFO - [2023-03-18T00:11:10.840+0000] {dag.py:3441} INFO - Setting next_dagrun for example_trigger_controller_dag to 2021-01-01T00:00:00+00:00, run_after=2021-01-01T00:00:00+00:00
[2023-03-18T00:11:10.871+0000] {processor.py:175} INFO - Processing /home/airflow/.local/lib/python3.7/site-packages/airflow/example_dags/example_trigger_controller_dag.py took 0.127 seconds
[2023-03-18T00:11:41.902+0000] {processor.py:153} INFO - Started process (PID=10006) to work on /home/airflow/.local/lib/python3.7/site-packages/airflow/example_dags/example_trigger_controller_dag.py
[2023-03-18T00:11:41.904+0000] {processor.py:743} INFO - Processing file /home/airflow/.local/lib/python3.7/site-packages/airflow/example_dags/example_trigger_controller_dag.py for tasks to queue
[2023-03-18T00:11:41.905+0000] {logging_mixin.py:137} INFO - [2023-03-18T00:11:41.905+0000] {dagbag.py:538} INFO - Filling up the DagBag from /home/airflow/.local/lib/python3.7/site-packages/airflow/example_dags/example_trigger_controller_dag.py
[2023-03-18T00:11:41.928+0000] {processor.py:753} INFO - DAG(s) dict_keys(['example_trigger_controller_dag']) retrieved from /home/airflow/.local/lib/python3.7/site-packages/airflow/example_dags/example_trigger_controller_dag.py
[2023-03-18T00:11:41.967+0000] {logging_mixin.py:137} INFO - [2023-03-18T00:11:41.967+0000] {dag.py:2690} INFO - Sync 1 DAGs
[2023-03-18T00:11:42.011+0000] {logging_mixin.py:137} INFO - [2023-03-18T00:11:42.010+0000] {dag.py:3441} INFO - Setting next_dagrun for example_trigger_controller_dag to 2021-01-01T00:00:00+00:00, run_after=2021-01-01T00:00:00+00:00
[2023-03-18T00:11:42.050+0000] {processor.py:175} INFO - Processing /home/airflow/.local/lib/python3.7/site-packages/airflow/example_dags/example_trigger_controller_dag.py took 0.154 seconds
[2023-03-18T00:12:12.905+0000] {processor.py:153} INFO - Started process (PID=10100) to work on /home/airflow/.local/lib/python3.7/site-packages/airflow/example_dags/example_trigger_controller_dag.py
[2023-03-18T00:12:12.908+0000] {processor.py:743} INFO - Processing file /home/airflow/.local/lib/python3.7/site-packages/airflow/example_dags/example_trigger_controller_dag.py for tasks to queue
[2023-03-18T00:12:12.910+0000] {logging_mixin.py:137} INFO - [2023-03-18T00:12:12.910+0000] {dagbag.py:538} INFO - Filling up the DagBag from /home/airflow/.local/lib/python3.7/site-packages/airflow/example_dags/example_trigger_controller_dag.py
[2023-03-18T00:12:12.939+0000] {processor.py:753} INFO - DAG(s) dict_keys(['example_trigger_controller_dag']) retrieved from /home/airflow/.local/lib/python3.7/site-packages/airflow/example_dags/example_trigger_controller_dag.py
[2023-03-18T00:12:13.001+0000] {logging_mixin.py:137} INFO - [2023-03-18T00:12:13.001+0000] {dag.py:2690} INFO - Sync 1 DAGs
[2023-03-18T00:12:13.080+0000] {logging_mixin.py:137} INFO - [2023-03-18T00:12:13.080+0000] {dag.py:3441} INFO - Setting next_dagrun for example_trigger_controller_dag to 2021-01-01T00:00:00+00:00, run_after=2021-01-01T00:00:00+00:00
[2023-03-18T00:12:13.136+0000] {processor.py:175} INFO - Processing /home/airflow/.local/lib/python3.7/site-packages/airflow/example_dags/example_trigger_controller_dag.py took 0.239 seconds
[2023-03-18T00:12:43.657+0000] {processor.py:153} INFO - Started process (PID=10182) to work on /home/airflow/.local/lib/python3.7/site-packages/airflow/example_dags/example_trigger_controller_dag.py
[2023-03-18T00:12:43.659+0000] {processor.py:743} INFO - Processing file /home/airflow/.local/lib/python3.7/site-packages/airflow/example_dags/example_trigger_controller_dag.py for tasks to queue
[2023-03-18T00:12:43.660+0000] {logging_mixin.py:137} INFO - [2023-03-18T00:12:43.660+0000] {dagbag.py:538} INFO - Filling up the DagBag from /home/airflow/.local/lib/python3.7/site-packages/airflow/example_dags/example_trigger_controller_dag.py
[2023-03-18T00:12:43.673+0000] {processor.py:753} INFO - DAG(s) dict_keys(['example_trigger_controller_dag']) retrieved from /home/airflow/.local/lib/python3.7/site-packages/airflow/example_dags/example_trigger_controller_dag.py
[2023-03-18T00:12:43.708+0000] {logging_mixin.py:137} INFO - [2023-03-18T00:12:43.708+0000] {dag.py:2690} INFO - Sync 1 DAGs
[2023-03-18T00:12:43.741+0000] {logging_mixin.py:137} INFO - [2023-03-18T00:12:43.741+0000] {dag.py:3441} INFO - Setting next_dagrun for example_trigger_controller_dag to 2021-01-01T00:00:00+00:00, run_after=2021-01-01T00:00:00+00:00
[2023-03-18T00:12:43.767+0000] {processor.py:175} INFO - Processing /home/airflow/.local/lib/python3.7/site-packages/airflow/example_dags/example_trigger_controller_dag.py took 0.113 seconds
[2023-03-18T00:13:14.376+0000] {processor.py:153} INFO - Started process (PID=10264) to work on /home/airflow/.local/lib/python3.7/site-packages/airflow/example_dags/example_trigger_controller_dag.py
[2023-03-18T00:13:14.377+0000] {processor.py:743} INFO - Processing file /home/airflow/.local/lib/python3.7/site-packages/airflow/example_dags/example_trigger_controller_dag.py for tasks to queue
[2023-03-18T00:13:14.378+0000] {logging_mixin.py:137} INFO - [2023-03-18T00:13:14.378+0000] {dagbag.py:538} INFO - Filling up the DagBag from /home/airflow/.local/lib/python3.7/site-packages/airflow/example_dags/example_trigger_controller_dag.py
[2023-03-18T00:13:14.391+0000] {processor.py:753} INFO - DAG(s) dict_keys(['example_trigger_controller_dag']) retrieved from /home/airflow/.local/lib/python3.7/site-packages/airflow/example_dags/example_trigger_controller_dag.py
[2023-03-18T00:13:14.418+0000] {logging_mixin.py:137} INFO - [2023-03-18T00:13:14.418+0000] {dag.py:2690} INFO - Sync 1 DAGs
[2023-03-18T00:13:14.455+0000] {logging_mixin.py:137} INFO - [2023-03-18T00:13:14.455+0000] {dag.py:3441} INFO - Setting next_dagrun for example_trigger_controller_dag to 2021-01-01T00:00:00+00:00, run_after=2021-01-01T00:00:00+00:00
[2023-03-18T00:13:14.482+0000] {processor.py:175} INFO - Processing /home/airflow/.local/lib/python3.7/site-packages/airflow/example_dags/example_trigger_controller_dag.py took 0.109 seconds
[2023-03-18T00:13:44.851+0000] {processor.py:153} INFO - Started process (PID=10355) to work on /home/airflow/.local/lib/python3.7/site-packages/airflow/example_dags/example_trigger_controller_dag.py
[2023-03-18T00:13:44.853+0000] {processor.py:743} INFO - Processing file /home/airflow/.local/lib/python3.7/site-packages/airflow/example_dags/example_trigger_controller_dag.py for tasks to queue
[2023-03-18T00:13:44.855+0000] {logging_mixin.py:137} INFO - [2023-03-18T00:13:44.854+0000] {dagbag.py:538} INFO - Filling up the DagBag from /home/airflow/.local/lib/python3.7/site-packages/airflow/example_dags/example_trigger_controller_dag.py
[2023-03-18T00:13:44.871+0000] {processor.py:753} INFO - DAG(s) dict_keys(['example_trigger_controller_dag']) retrieved from /home/airflow/.local/lib/python3.7/site-packages/airflow/example_dags/example_trigger_controller_dag.py
[2023-03-18T00:13:44.906+0000] {logging_mixin.py:137} INFO - [2023-03-18T00:13:44.905+0000] {dag.py:2690} INFO - Sync 1 DAGs
[2023-03-18T00:13:44.939+0000] {logging_mixin.py:137} INFO - [2023-03-18T00:13:44.939+0000] {dag.py:3441} INFO - Setting next_dagrun for example_trigger_controller_dag to 2021-01-01T00:00:00+00:00, run_after=2021-01-01T00:00:00+00:00
[2023-03-18T00:13:44.971+0000] {processor.py:175} INFO - Processing /home/airflow/.local/lib/python3.7/site-packages/airflow/example_dags/example_trigger_controller_dag.py took 0.126 seconds
[2023-03-18T00:14:15.595+0000] {processor.py:153} INFO - Started process (PID=10448) to work on /home/airflow/.local/lib/python3.7/site-packages/airflow/example_dags/example_trigger_controller_dag.py
[2023-03-18T00:14:15.596+0000] {processor.py:743} INFO - Processing file /home/airflow/.local/lib/python3.7/site-packages/airflow/example_dags/example_trigger_controller_dag.py for tasks to queue
[2023-03-18T00:14:15.597+0000] {logging_mixin.py:137} INFO - [2023-03-18T00:14:15.597+0000] {dagbag.py:538} INFO - Filling up the DagBag from /home/airflow/.local/lib/python3.7/site-packages/airflow/example_dags/example_trigger_controller_dag.py
[2023-03-18T00:14:15.613+0000] {processor.py:753} INFO - DAG(s) dict_keys(['example_trigger_controller_dag']) retrieved from /home/airflow/.local/lib/python3.7/site-packages/airflow/example_dags/example_trigger_controller_dag.py
[2023-03-18T00:14:15.648+0000] {logging_mixin.py:137} INFO - [2023-03-18T00:14:15.648+0000] {dag.py:2690} INFO - Sync 1 DAGs
[2023-03-18T00:14:15.682+0000] {logging_mixin.py:137} INFO - [2023-03-18T00:14:15.682+0000] {dag.py:3441} INFO - Setting next_dagrun for example_trigger_controller_dag to 2021-01-01T00:00:00+00:00, run_after=2021-01-01T00:00:00+00:00
[2023-03-18T00:14:15.713+0000] {processor.py:175} INFO - Processing /home/airflow/.local/lib/python3.7/site-packages/airflow/example_dags/example_trigger_controller_dag.py took 0.124 seconds
[2023-03-18T00:14:45.935+0000] {processor.py:153} INFO - Started process (PID=10530) to work on /home/airflow/.local/lib/python3.7/site-packages/airflow/example_dags/example_trigger_controller_dag.py
[2023-03-18T00:14:45.937+0000] {processor.py:743} INFO - Processing file /home/airflow/.local/lib/python3.7/site-packages/airflow/example_dags/example_trigger_controller_dag.py for tasks to queue
[2023-03-18T00:14:45.939+0000] {logging_mixin.py:137} INFO - [2023-03-18T00:14:45.939+0000] {dagbag.py:538} INFO - Filling up the DagBag from /home/airflow/.local/lib/python3.7/site-packages/airflow/example_dags/example_trigger_controller_dag.py
[2023-03-18T00:14:45.959+0000] {processor.py:753} INFO - DAG(s) dict_keys(['example_trigger_controller_dag']) retrieved from /home/airflow/.local/lib/python3.7/site-packages/airflow/example_dags/example_trigger_controller_dag.py
[2023-03-18T00:14:46.003+0000] {logging_mixin.py:137} INFO - [2023-03-18T00:14:46.003+0000] {dag.py:2690} INFO - Sync 1 DAGs
[2023-03-18T00:14:46.048+0000] {logging_mixin.py:137} INFO - [2023-03-18T00:14:46.048+0000] {dag.py:3441} INFO - Setting next_dagrun for example_trigger_controller_dag to 2021-01-01T00:00:00+00:00, run_after=2021-01-01T00:00:00+00:00
[2023-03-18T00:14:46.078+0000] {processor.py:175} INFO - Processing /home/airflow/.local/lib/python3.7/site-packages/airflow/example_dags/example_trigger_controller_dag.py took 0.148 seconds
[2023-03-18T00:15:17.027+0000] {processor.py:153} INFO - Started process (PID=10612) to work on /home/airflow/.local/lib/python3.7/site-packages/airflow/example_dags/example_trigger_controller_dag.py
[2023-03-18T00:15:17.028+0000] {processor.py:743} INFO - Processing file /home/airflow/.local/lib/python3.7/site-packages/airflow/example_dags/example_trigger_controller_dag.py for tasks to queue
[2023-03-18T00:15:17.031+0000] {logging_mixin.py:137} INFO - [2023-03-18T00:15:17.030+0000] {dagbag.py:538} INFO - Filling up the DagBag from /home/airflow/.local/lib/python3.7/site-packages/airflow/example_dags/example_trigger_controller_dag.py
[2023-03-18T00:15:17.050+0000] {processor.py:753} INFO - DAG(s) dict_keys(['example_trigger_controller_dag']) retrieved from /home/airflow/.local/lib/python3.7/site-packages/airflow/example_dags/example_trigger_controller_dag.py
[2023-03-18T00:15:17.080+0000] {logging_mixin.py:137} INFO - [2023-03-18T00:15:17.080+0000] {dag.py:2690} INFO - Sync 1 DAGs
[2023-03-18T00:15:17.109+0000] {logging_mixin.py:137} INFO - [2023-03-18T00:15:17.109+0000] {dag.py:3441} INFO - Setting next_dagrun for example_trigger_controller_dag to 2021-01-01T00:00:00+00:00, run_after=2021-01-01T00:00:00+00:00
[2023-03-18T00:15:17.129+0000] {processor.py:175} INFO - Processing /home/airflow/.local/lib/python3.7/site-packages/airflow/example_dags/example_trigger_controller_dag.py took 0.109 seconds
[2023-03-18T00:15:47.728+0000] {processor.py:153} INFO - Started process (PID=10694) to work on /home/airflow/.local/lib/python3.7/site-packages/airflow/example_dags/example_trigger_controller_dag.py
[2023-03-18T00:15:47.731+0000] {processor.py:743} INFO - Processing file /home/airflow/.local/lib/python3.7/site-packages/airflow/example_dags/example_trigger_controller_dag.py for tasks to queue
[2023-03-18T00:15:47.733+0000] {logging_mixin.py:137} INFO - [2023-03-18T00:15:47.733+0000] {dagbag.py:538} INFO - Filling up the DagBag from /home/airflow/.local/lib/python3.7/site-packages/airflow/example_dags/example_trigger_controller_dag.py
[2023-03-18T00:15:47.753+0000] {processor.py:753} INFO - DAG(s) dict_keys(['example_trigger_controller_dag']) retrieved from /home/airflow/.local/lib/python3.7/site-packages/airflow/example_dags/example_trigger_controller_dag.py
[2023-03-18T00:15:47.799+0000] {logging_mixin.py:137} INFO - [2023-03-18T00:15:47.799+0000] {dag.py:2690} INFO - Sync 1 DAGs
[2023-03-18T00:15:47.863+0000] {logging_mixin.py:137} INFO - [2023-03-18T00:15:47.862+0000] {dag.py:3441} INFO - Setting next_dagrun for example_trigger_controller_dag to 2021-01-01T00:00:00+00:00, run_after=2021-01-01T00:00:00+00:00
[2023-03-18T00:15:47.902+0000] {processor.py:175} INFO - Processing /home/airflow/.local/lib/python3.7/site-packages/airflow/example_dags/example_trigger_controller_dag.py took 0.181 seconds
[2023-03-18T00:16:18.982+0000] {processor.py:153} INFO - Started process (PID=10796) to work on /home/airflow/.local/lib/python3.7/site-packages/airflow/example_dags/example_trigger_controller_dag.py
[2023-03-18T00:16:18.985+0000] {processor.py:743} INFO - Processing file /home/airflow/.local/lib/python3.7/site-packages/airflow/example_dags/example_trigger_controller_dag.py for tasks to queue
[2023-03-18T00:16:18.987+0000] {logging_mixin.py:137} INFO - [2023-03-18T00:16:18.987+0000] {dagbag.py:538} INFO - Filling up the DagBag from /home/airflow/.local/lib/python3.7/site-packages/airflow/example_dags/example_trigger_controller_dag.py
[2023-03-18T00:16:19.026+0000] {processor.py:753} INFO - DAG(s) dict_keys(['example_trigger_controller_dag']) retrieved from /home/airflow/.local/lib/python3.7/site-packages/airflow/example_dags/example_trigger_controller_dag.py
[2023-03-18T00:16:19.067+0000] {logging_mixin.py:137} INFO - [2023-03-18T00:16:19.067+0000] {dag.py:2690} INFO - Sync 1 DAGs
[2023-03-18T00:16:19.122+0000] {logging_mixin.py:137} INFO - [2023-03-18T00:16:19.122+0000] {dag.py:3441} INFO - Setting next_dagrun for example_trigger_controller_dag to 2021-01-01T00:00:00+00:00, run_after=2021-01-01T00:00:00+00:00
[2023-03-18T00:16:19.165+0000] {processor.py:175} INFO - Processing /home/airflow/.local/lib/python3.7/site-packages/airflow/example_dags/example_trigger_controller_dag.py took 0.189 seconds
