[2023-03-18T00:00:19.823+0000] {processor.py:153} INFO - Started process (PID=8107) to work on /home/airflow/.local/lib/python3.7/site-packages/airflow/example_dags/example_branch_python_dop_operator_3.py
[2023-03-18T00:00:19.825+0000] {processor.py:743} INFO - Processing file /home/airflow/.local/lib/python3.7/site-packages/airflow/example_dags/example_branch_python_dop_operator_3.py for tasks to queue
[2023-03-18T00:00:19.826+0000] {logging_mixin.py:137} INFO - [2023-03-18T00:00:19.826+0000] {dagbag.py:538} INFO - Filling up the DagBag from /home/airflow/.local/lib/python3.7/site-packages/airflow/example_dags/example_branch_python_dop_operator_3.py
[2023-03-18T00:00:19.866+0000] {processor.py:753} INFO - DAG(s) dict_keys(['example_branch_dop_operator_v3']) retrieved from /home/airflow/.local/lib/python3.7/site-packages/airflow/example_dags/example_branch_python_dop_operator_3.py
[2023-03-18T00:00:19.902+0000] {logging_mixin.py:137} INFO - [2023-03-18T00:00:19.902+0000] {dag.py:2690} INFO - Sync 1 DAGs
[2023-03-18T00:00:19.974+0000] {logging_mixin.py:137} INFO - [2023-03-18T00:00:19.974+0000] {dag.py:3441} INFO - Setting next_dagrun for example_branch_dop_operator_v3 to 2023-03-17T23:59:00+00:00, run_after=2023-03-18T00:00:00+00:00
[2023-03-18T00:00:20.010+0000] {processor.py:175} INFO - Processing /home/airflow/.local/lib/python3.7/site-packages/airflow/example_dags/example_branch_python_dop_operator_3.py took 0.193 seconds
[2023-03-18T00:00:52.481+0000] {processor.py:153} INFO - Started process (PID=8209) to work on /home/airflow/.local/lib/python3.7/site-packages/airflow/example_dags/example_branch_python_dop_operator_3.py
[2023-03-18T00:00:52.485+0000] {processor.py:743} INFO - Processing file /home/airflow/.local/lib/python3.7/site-packages/airflow/example_dags/example_branch_python_dop_operator_3.py for tasks to queue
[2023-03-18T00:00:52.489+0000] {logging_mixin.py:137} INFO - [2023-03-18T00:00:52.489+0000] {dagbag.py:538} INFO - Filling up the DagBag from /home/airflow/.local/lib/python3.7/site-packages/airflow/example_dags/example_branch_python_dop_operator_3.py
[2023-03-18T00:00:52.569+0000] {processor.py:753} INFO - DAG(s) dict_keys(['example_branch_dop_operator_v3']) retrieved from /home/airflow/.local/lib/python3.7/site-packages/airflow/example_dags/example_branch_python_dop_operator_3.py
[2023-03-18T00:00:52.749+0000] {logging_mixin.py:137} INFO - [2023-03-18T00:00:52.748+0000] {dag.py:2690} INFO - Sync 1 DAGs
[2023-03-18T00:00:52.870+0000] {logging_mixin.py:137} INFO - [2023-03-18T00:00:52.870+0000] {dag.py:3441} INFO - Setting next_dagrun for example_branch_dop_operator_v3 to 2023-03-17T23:59:00+00:00, run_after=2023-03-18T00:00:00+00:00
[2023-03-18T00:00:52.950+0000] {processor.py:175} INFO - Processing /home/airflow/.local/lib/python3.7/site-packages/airflow/example_dags/example_branch_python_dop_operator_3.py took 0.477 seconds
[2023-03-18T00:01:23.251+0000] {processor.py:153} INFO - Started process (PID=8291) to work on /home/airflow/.local/lib/python3.7/site-packages/airflow/example_dags/example_branch_python_dop_operator_3.py
[2023-03-18T00:01:23.253+0000] {processor.py:743} INFO - Processing file /home/airflow/.local/lib/python3.7/site-packages/airflow/example_dags/example_branch_python_dop_operator_3.py for tasks to queue
[2023-03-18T00:01:23.255+0000] {logging_mixin.py:137} INFO - [2023-03-18T00:01:23.255+0000] {dagbag.py:538} INFO - Filling up the DagBag from /home/airflow/.local/lib/python3.7/site-packages/airflow/example_dags/example_branch_python_dop_operator_3.py
[2023-03-18T00:01:23.364+0000] {processor.py:753} INFO - DAG(s) dict_keys(['example_branch_dop_operator_v3']) retrieved from /home/airflow/.local/lib/python3.7/site-packages/airflow/example_dags/example_branch_python_dop_operator_3.py
[2023-03-18T00:01:23.535+0000] {logging_mixin.py:137} INFO - [2023-03-18T00:01:23.535+0000] {dag.py:2690} INFO - Sync 1 DAGs
[2023-03-18T00:01:23.660+0000] {logging_mixin.py:137} INFO - [2023-03-18T00:01:23.659+0000] {dag.py:3441} INFO - Setting next_dagrun for example_branch_dop_operator_v3 to 2023-03-18T00:00:00+00:00, run_after=2023-03-18T00:01:00+00:00
[2023-03-18T00:01:23.760+0000] {processor.py:175} INFO - Processing /home/airflow/.local/lib/python3.7/site-packages/airflow/example_dags/example_branch_python_dop_operator_3.py took 0.514 seconds
[2023-03-18T00:01:54.598+0000] {processor.py:153} INFO - Started process (PID=8374) to work on /home/airflow/.local/lib/python3.7/site-packages/airflow/example_dags/example_branch_python_dop_operator_3.py
[2023-03-18T00:01:54.601+0000] {processor.py:743} INFO - Processing file /home/airflow/.local/lib/python3.7/site-packages/airflow/example_dags/example_branch_python_dop_operator_3.py for tasks to queue
[2023-03-18T00:01:54.602+0000] {logging_mixin.py:137} INFO - [2023-03-18T00:01:54.602+0000] {dagbag.py:538} INFO - Filling up the DagBag from /home/airflow/.local/lib/python3.7/site-packages/airflow/example_dags/example_branch_python_dop_operator_3.py
[2023-03-18T00:01:54.650+0000] {processor.py:753} INFO - DAG(s) dict_keys(['example_branch_dop_operator_v3']) retrieved from /home/airflow/.local/lib/python3.7/site-packages/airflow/example_dags/example_branch_python_dop_operator_3.py
[2023-03-18T00:01:54.750+0000] {logging_mixin.py:137} INFO - [2023-03-18T00:01:54.750+0000] {dag.py:2690} INFO - Sync 1 DAGs
[2023-03-18T00:01:54.852+0000] {logging_mixin.py:137} INFO - [2023-03-18T00:01:54.851+0000] {dag.py:3441} INFO - Setting next_dagrun for example_branch_dop_operator_v3 to 2023-03-18T00:00:00+00:00, run_after=2023-03-18T00:01:00+00:00
[2023-03-18T00:01:54.929+0000] {processor.py:175} INFO - Processing /home/airflow/.local/lib/python3.7/site-packages/airflow/example_dags/example_branch_python_dop_operator_3.py took 0.344 seconds
[2023-03-18T00:02:25.520+0000] {processor.py:153} INFO - Started process (PID=8445) to work on /home/airflow/.local/lib/python3.7/site-packages/airflow/example_dags/example_branch_python_dop_operator_3.py
[2023-03-18T00:02:25.521+0000] {processor.py:743} INFO - Processing file /home/airflow/.local/lib/python3.7/site-packages/airflow/example_dags/example_branch_python_dop_operator_3.py for tasks to queue
[2023-03-18T00:02:25.523+0000] {logging_mixin.py:137} INFO - [2023-03-18T00:02:25.523+0000] {dagbag.py:538} INFO - Filling up the DagBag from /home/airflow/.local/lib/python3.7/site-packages/airflow/example_dags/example_branch_python_dop_operator_3.py
[2023-03-18T00:02:25.585+0000] {processor.py:753} INFO - DAG(s) dict_keys(['example_branch_dop_operator_v3']) retrieved from /home/airflow/.local/lib/python3.7/site-packages/airflow/example_dags/example_branch_python_dop_operator_3.py
[2023-03-18T00:02:25.716+0000] {logging_mixin.py:137} INFO - [2023-03-18T00:02:25.716+0000] {dag.py:2690} INFO - Sync 1 DAGs
[2023-03-18T00:02:25.893+0000] {logging_mixin.py:137} INFO - [2023-03-18T00:02:25.892+0000] {dag.py:3441} INFO - Setting next_dagrun for example_branch_dop_operator_v3 to 2023-03-18T00:01:00+00:00, run_after=2023-03-18T00:02:00+00:00
[2023-03-18T00:02:25.993+0000] {processor.py:175} INFO - Processing /home/airflow/.local/lib/python3.7/site-packages/airflow/example_dags/example_branch_python_dop_operator_3.py took 0.480 seconds
[2023-03-18T00:02:56.684+0000] {processor.py:153} INFO - Started process (PID=8527) to work on /home/airflow/.local/lib/python3.7/site-packages/airflow/example_dags/example_branch_python_dop_operator_3.py
[2023-03-18T00:02:56.686+0000] {processor.py:743} INFO - Processing file /home/airflow/.local/lib/python3.7/site-packages/airflow/example_dags/example_branch_python_dop_operator_3.py for tasks to queue
[2023-03-18T00:02:56.688+0000] {logging_mixin.py:137} INFO - [2023-03-18T00:02:56.688+0000] {dagbag.py:538} INFO - Filling up the DagBag from /home/airflow/.local/lib/python3.7/site-packages/airflow/example_dags/example_branch_python_dop_operator_3.py
[2023-03-18T00:02:56.743+0000] {processor.py:753} INFO - DAG(s) dict_keys(['example_branch_dop_operator_v3']) retrieved from /home/airflow/.local/lib/python3.7/site-packages/airflow/example_dags/example_branch_python_dop_operator_3.py
[2023-03-18T00:02:56.884+0000] {logging_mixin.py:137} INFO - [2023-03-18T00:02:56.883+0000] {dag.py:2690} INFO - Sync 1 DAGs
[2023-03-18T00:02:57.083+0000] {logging_mixin.py:137} INFO - [2023-03-18T00:02:57.083+0000] {dag.py:3441} INFO - Setting next_dagrun for example_branch_dop_operator_v3 to 2023-03-18T00:01:00+00:00, run_after=2023-03-18T00:02:00+00:00
[2023-03-18T00:02:57.188+0000] {processor.py:175} INFO - Processing /home/airflow/.local/lib/python3.7/site-packages/airflow/example_dags/example_branch_python_dop_operator_3.py took 0.510 seconds
[2023-03-18T00:03:28.035+0000] {processor.py:153} INFO - Started process (PID=8620) to work on /home/airflow/.local/lib/python3.7/site-packages/airflow/example_dags/example_branch_python_dop_operator_3.py
[2023-03-18T00:03:28.037+0000] {processor.py:743} INFO - Processing file /home/airflow/.local/lib/python3.7/site-packages/airflow/example_dags/example_branch_python_dop_operator_3.py for tasks to queue
[2023-03-18T00:03:28.039+0000] {logging_mixin.py:137} INFO - [2023-03-18T00:03:28.039+0000] {dagbag.py:538} INFO - Filling up the DagBag from /home/airflow/.local/lib/python3.7/site-packages/airflow/example_dags/example_branch_python_dop_operator_3.py
[2023-03-18T00:03:28.087+0000] {processor.py:753} INFO - DAG(s) dict_keys(['example_branch_dop_operator_v3']) retrieved from /home/airflow/.local/lib/python3.7/site-packages/airflow/example_dags/example_branch_python_dop_operator_3.py
[2023-03-18T00:03:28.138+0000] {logging_mixin.py:137} INFO - [2023-03-18T00:03:28.138+0000] {dag.py:2690} INFO - Sync 1 DAGs
[2023-03-18T00:03:28.204+0000] {logging_mixin.py:137} INFO - [2023-03-18T00:03:28.204+0000] {dag.py:3441} INFO - Setting next_dagrun for example_branch_dop_operator_v3 to 2023-03-18T00:02:00+00:00, run_after=2023-03-18T00:03:00+00:00
[2023-03-18T00:03:28.244+0000] {processor.py:175} INFO - Processing /home/airflow/.local/lib/python3.7/site-packages/airflow/example_dags/example_branch_python_dop_operator_3.py took 0.214 seconds
[2023-03-18T00:03:58.435+0000] {processor.py:153} INFO - Started process (PID=8702) to work on /home/airflow/.local/lib/python3.7/site-packages/airflow/example_dags/example_branch_python_dop_operator_3.py
[2023-03-18T00:03:58.436+0000] {processor.py:743} INFO - Processing file /home/airflow/.local/lib/python3.7/site-packages/airflow/example_dags/example_branch_python_dop_operator_3.py for tasks to queue
[2023-03-18T00:03:58.437+0000] {logging_mixin.py:137} INFO - [2023-03-18T00:03:58.437+0000] {dagbag.py:538} INFO - Filling up the DagBag from /home/airflow/.local/lib/python3.7/site-packages/airflow/example_dags/example_branch_python_dop_operator_3.py
[2023-03-18T00:03:58.473+0000] {processor.py:753} INFO - DAG(s) dict_keys(['example_branch_dop_operator_v3']) retrieved from /home/airflow/.local/lib/python3.7/site-packages/airflow/example_dags/example_branch_python_dop_operator_3.py
[2023-03-18T00:03:58.509+0000] {logging_mixin.py:137} INFO - [2023-03-18T00:03:58.509+0000] {dag.py:2690} INFO - Sync 1 DAGs
[2023-03-18T00:03:58.555+0000] {logging_mixin.py:137} INFO - [2023-03-18T00:03:58.555+0000] {dag.py:3441} INFO - Setting next_dagrun for example_branch_dop_operator_v3 to 2023-03-18T00:02:00+00:00, run_after=2023-03-18T00:03:00+00:00
[2023-03-18T00:03:58.588+0000] {processor.py:175} INFO - Processing /home/airflow/.local/lib/python3.7/site-packages/airflow/example_dags/example_branch_python_dop_operator_3.py took 0.158 seconds
[2023-03-18T00:04:29.299+0000] {processor.py:153} INFO - Started process (PID=8784) to work on /home/airflow/.local/lib/python3.7/site-packages/airflow/example_dags/example_branch_python_dop_operator_3.py
[2023-03-18T00:04:29.304+0000] {processor.py:743} INFO - Processing file /home/airflow/.local/lib/python3.7/site-packages/airflow/example_dags/example_branch_python_dop_operator_3.py for tasks to queue
[2023-03-18T00:04:29.308+0000] {logging_mixin.py:137} INFO - [2023-03-18T00:04:29.308+0000] {dagbag.py:538} INFO - Filling up the DagBag from /home/airflow/.local/lib/python3.7/site-packages/airflow/example_dags/example_branch_python_dop_operator_3.py
[2023-03-18T00:04:29.434+0000] {processor.py:753} INFO - DAG(s) dict_keys(['example_branch_dop_operator_v3']) retrieved from /home/airflow/.local/lib/python3.7/site-packages/airflow/example_dags/example_branch_python_dop_operator_3.py
[2023-03-18T00:04:29.486+0000] {logging_mixin.py:137} INFO - [2023-03-18T00:04:29.486+0000] {dag.py:2690} INFO - Sync 1 DAGs
[2023-03-18T00:04:29.547+0000] {logging_mixin.py:137} INFO - [2023-03-18T00:04:29.547+0000] {dag.py:3441} INFO - Setting next_dagrun for example_branch_dop_operator_v3 to 2023-03-18T00:03:00+00:00, run_after=2023-03-18T00:04:00+00:00
[2023-03-18T00:04:29.584+0000] {processor.py:175} INFO - Processing /home/airflow/.local/lib/python3.7/site-packages/airflow/example_dags/example_branch_python_dop_operator_3.py took 0.300 seconds
[2023-03-18T00:04:59.795+0000] {processor.py:153} INFO - Started process (PID=8877) to work on /home/airflow/.local/lib/python3.7/site-packages/airflow/example_dags/example_branch_python_dop_operator_3.py
[2023-03-18T00:04:59.800+0000] {processor.py:743} INFO - Processing file /home/airflow/.local/lib/python3.7/site-packages/airflow/example_dags/example_branch_python_dop_operator_3.py for tasks to queue
[2023-03-18T00:04:59.802+0000] {logging_mixin.py:137} INFO - [2023-03-18T00:04:59.802+0000] {dagbag.py:538} INFO - Filling up the DagBag from /home/airflow/.local/lib/python3.7/site-packages/airflow/example_dags/example_branch_python_dop_operator_3.py
[2023-03-18T00:04:59.849+0000] {processor.py:753} INFO - DAG(s) dict_keys(['example_branch_dop_operator_v3']) retrieved from /home/airflow/.local/lib/python3.7/site-packages/airflow/example_dags/example_branch_python_dop_operator_3.py
[2023-03-18T00:04:59.884+0000] {logging_mixin.py:137} INFO - [2023-03-18T00:04:59.884+0000] {dag.py:2690} INFO - Sync 1 DAGs
[2023-03-18T00:04:59.942+0000] {logging_mixin.py:137} INFO - [2023-03-18T00:04:59.942+0000] {dag.py:3441} INFO - Setting next_dagrun for example_branch_dop_operator_v3 to 2023-03-18T00:03:00+00:00, run_after=2023-03-18T00:04:00+00:00
[2023-03-18T00:04:59.991+0000] {processor.py:175} INFO - Processing /home/airflow/.local/lib/python3.7/site-packages/airflow/example_dags/example_branch_python_dop_operator_3.py took 0.219 seconds
[2023-03-18T00:05:30.289+0000] {processor.py:153} INFO - Started process (PID=8969) to work on /home/airflow/.local/lib/python3.7/site-packages/airflow/example_dags/example_branch_python_dop_operator_3.py
[2023-03-18T00:05:30.291+0000] {processor.py:743} INFO - Processing file /home/airflow/.local/lib/python3.7/site-packages/airflow/example_dags/example_branch_python_dop_operator_3.py for tasks to queue
[2023-03-18T00:05:30.293+0000] {logging_mixin.py:137} INFO - [2023-03-18T00:05:30.293+0000] {dagbag.py:538} INFO - Filling up the DagBag from /home/airflow/.local/lib/python3.7/site-packages/airflow/example_dags/example_branch_python_dop_operator_3.py
[2023-03-18T00:05:30.323+0000] {processor.py:753} INFO - DAG(s) dict_keys(['example_branch_dop_operator_v3']) retrieved from /home/airflow/.local/lib/python3.7/site-packages/airflow/example_dags/example_branch_python_dop_operator_3.py
[2023-03-18T00:05:30.354+0000] {logging_mixin.py:137} INFO - [2023-03-18T00:05:30.353+0000] {dag.py:2690} INFO - Sync 1 DAGs
[2023-03-18T00:05:30.394+0000] {logging_mixin.py:137} INFO - [2023-03-18T00:05:30.394+0000] {dag.py:3441} INFO - Setting next_dagrun for example_branch_dop_operator_v3 to 2023-03-18T00:04:00+00:00, run_after=2023-03-18T00:05:00+00:00
[2023-03-18T00:05:30.423+0000] {processor.py:175} INFO - Processing /home/airflow/.local/lib/python3.7/site-packages/airflow/example_dags/example_branch_python_dop_operator_3.py took 0.138 seconds
[2023-03-18T00:06:00.947+0000] {processor.py:153} INFO - Started process (PID=9051) to work on /home/airflow/.local/lib/python3.7/site-packages/airflow/example_dags/example_branch_python_dop_operator_3.py
[2023-03-18T00:06:00.949+0000] {processor.py:743} INFO - Processing file /home/airflow/.local/lib/python3.7/site-packages/airflow/example_dags/example_branch_python_dop_operator_3.py for tasks to queue
[2023-03-18T00:06:00.950+0000] {logging_mixin.py:137} INFO - [2023-03-18T00:06:00.950+0000] {dagbag.py:538} INFO - Filling up the DagBag from /home/airflow/.local/lib/python3.7/site-packages/airflow/example_dags/example_branch_python_dop_operator_3.py
[2023-03-18T00:06:01.003+0000] {processor.py:753} INFO - DAG(s) dict_keys(['example_branch_dop_operator_v3']) retrieved from /home/airflow/.local/lib/python3.7/site-packages/airflow/example_dags/example_branch_python_dop_operator_3.py
[2023-03-18T00:06:01.060+0000] {logging_mixin.py:137} INFO - [2023-03-18T00:06:01.059+0000] {dag.py:2690} INFO - Sync 1 DAGs
[2023-03-18T00:06:01.164+0000] {logging_mixin.py:137} INFO - [2023-03-18T00:06:01.162+0000] {dag.py:3441} INFO - Setting next_dagrun for example_branch_dop_operator_v3 to 2023-03-18T00:05:00+00:00, run_after=2023-03-18T00:06:00+00:00
[2023-03-18T00:06:01.225+0000] {processor.py:175} INFO - Processing /home/airflow/.local/lib/python3.7/site-packages/airflow/example_dags/example_branch_python_dop_operator_3.py took 0.288 seconds
[2023-03-18T00:06:31.751+0000] {processor.py:153} INFO - Started process (PID=9133) to work on /home/airflow/.local/lib/python3.7/site-packages/airflow/example_dags/example_branch_python_dop_operator_3.py
[2023-03-18T00:06:31.755+0000] {processor.py:743} INFO - Processing file /home/airflow/.local/lib/python3.7/site-packages/airflow/example_dags/example_branch_python_dop_operator_3.py for tasks to queue
[2023-03-18T00:06:31.758+0000] {logging_mixin.py:137} INFO - [2023-03-18T00:06:31.758+0000] {dagbag.py:538} INFO - Filling up the DagBag from /home/airflow/.local/lib/python3.7/site-packages/airflow/example_dags/example_branch_python_dop_operator_3.py
[2023-03-18T00:06:31.841+0000] {processor.py:753} INFO - DAG(s) dict_keys(['example_branch_dop_operator_v3']) retrieved from /home/airflow/.local/lib/python3.7/site-packages/airflow/example_dags/example_branch_python_dop_operator_3.py
[2023-03-18T00:06:31.943+0000] {logging_mixin.py:137} INFO - [2023-03-18T00:06:31.942+0000] {dag.py:2690} INFO - Sync 1 DAGs
[2023-03-18T00:06:32.031+0000] {logging_mixin.py:137} INFO - [2023-03-18T00:06:32.031+0000] {dag.py:3441} INFO - Setting next_dagrun for example_branch_dop_operator_v3 to 2023-03-18T00:05:00+00:00, run_after=2023-03-18T00:06:00+00:00
[2023-03-18T00:06:32.075+0000] {processor.py:175} INFO - Processing /home/airflow/.local/lib/python3.7/site-packages/airflow/example_dags/example_branch_python_dop_operator_3.py took 0.335 seconds
[2023-03-18T00:07:02.417+0000] {processor.py:153} INFO - Started process (PID=9215) to work on /home/airflow/.local/lib/python3.7/site-packages/airflow/example_dags/example_branch_python_dop_operator_3.py
[2023-03-18T00:07:02.419+0000] {processor.py:743} INFO - Processing file /home/airflow/.local/lib/python3.7/site-packages/airflow/example_dags/example_branch_python_dop_operator_3.py for tasks to queue
[2023-03-18T00:07:02.420+0000] {logging_mixin.py:137} INFO - [2023-03-18T00:07:02.420+0000] {dagbag.py:538} INFO - Filling up the DagBag from /home/airflow/.local/lib/python3.7/site-packages/airflow/example_dags/example_branch_python_dop_operator_3.py
[2023-03-18T00:07:02.463+0000] {processor.py:753} INFO - DAG(s) dict_keys(['example_branch_dop_operator_v3']) retrieved from /home/airflow/.local/lib/python3.7/site-packages/airflow/example_dags/example_branch_python_dop_operator_3.py
[2023-03-18T00:07:02.511+0000] {logging_mixin.py:137} INFO - [2023-03-18T00:07:02.511+0000] {dag.py:2690} INFO - Sync 1 DAGs
[2023-03-18T00:07:02.585+0000] {logging_mixin.py:137} INFO - [2023-03-18T00:07:02.584+0000] {dag.py:3441} INFO - Setting next_dagrun for example_branch_dop_operator_v3 to 2023-03-18T00:06:00+00:00, run_after=2023-03-18T00:07:00+00:00
[2023-03-18T00:07:02.631+0000] {processor.py:175} INFO - Processing /home/airflow/.local/lib/python3.7/site-packages/airflow/example_dags/example_branch_python_dop_operator_3.py took 0.219 seconds
[2023-03-18T00:07:33.108+0000] {processor.py:153} INFO - Started process (PID=9308) to work on /home/airflow/.local/lib/python3.7/site-packages/airflow/example_dags/example_branch_python_dop_operator_3.py
[2023-03-18T00:07:33.110+0000] {processor.py:743} INFO - Processing file /home/airflow/.local/lib/python3.7/site-packages/airflow/example_dags/example_branch_python_dop_operator_3.py for tasks to queue
[2023-03-18T00:07:33.112+0000] {logging_mixin.py:137} INFO - [2023-03-18T00:07:33.112+0000] {dagbag.py:538} INFO - Filling up the DagBag from /home/airflow/.local/lib/python3.7/site-packages/airflow/example_dags/example_branch_python_dop_operator_3.py
[2023-03-18T00:07:33.191+0000] {processor.py:753} INFO - DAG(s) dict_keys(['example_branch_dop_operator_v3']) retrieved from /home/airflow/.local/lib/python3.7/site-packages/airflow/example_dags/example_branch_python_dop_operator_3.py
[2023-03-18T00:07:33.356+0000] {logging_mixin.py:137} INFO - [2023-03-18T00:07:33.356+0000] {dag.py:2690} INFO - Sync 1 DAGs
[2023-03-18T00:07:33.456+0000] {logging_mixin.py:137} INFO - [2023-03-18T00:07:33.455+0000] {dag.py:3441} INFO - Setting next_dagrun for example_branch_dop_operator_v3 to 2023-03-18T00:06:00+00:00, run_after=2023-03-18T00:07:00+00:00
[2023-03-18T00:07:33.493+0000] {processor.py:175} INFO - Processing /home/airflow/.local/lib/python3.7/site-packages/airflow/example_dags/example_branch_python_dop_operator_3.py took 0.395 seconds
[2023-03-18T00:08:04.294+0000] {processor.py:153} INFO - Started process (PID=9401) to work on /home/airflow/.local/lib/python3.7/site-packages/airflow/example_dags/example_branch_python_dop_operator_3.py
[2023-03-18T00:08:04.297+0000] {processor.py:743} INFO - Processing file /home/airflow/.local/lib/python3.7/site-packages/airflow/example_dags/example_branch_python_dop_operator_3.py for tasks to queue
[2023-03-18T00:08:04.301+0000] {logging_mixin.py:137} INFO - [2023-03-18T00:08:04.300+0000] {dagbag.py:538} INFO - Filling up the DagBag from /home/airflow/.local/lib/python3.7/site-packages/airflow/example_dags/example_branch_python_dop_operator_3.py
[2023-03-18T00:08:04.372+0000] {processor.py:753} INFO - DAG(s) dict_keys(['example_branch_dop_operator_v3']) retrieved from /home/airflow/.local/lib/python3.7/site-packages/airflow/example_dags/example_branch_python_dop_operator_3.py
[2023-03-18T00:08:04.447+0000] {logging_mixin.py:137} INFO - [2023-03-18T00:08:04.447+0000] {dag.py:2690} INFO - Sync 1 DAGs
[2023-03-18T00:08:04.490+0000] {logging_mixin.py:137} INFO - [2023-03-18T00:08:04.489+0000] {dag.py:3441} INFO - Setting next_dagrun for example_branch_dop_operator_v3 to 2023-03-18T00:07:00+00:00, run_after=2023-03-18T00:08:00+00:00
[2023-03-18T00:08:04.514+0000] {processor.py:175} INFO - Processing /home/airflow/.local/lib/python3.7/site-packages/airflow/example_dags/example_branch_python_dop_operator_3.py took 0.232 seconds
[2023-03-18T00:08:35.012+0000] {processor.py:153} INFO - Started process (PID=9483) to work on /home/airflow/.local/lib/python3.7/site-packages/airflow/example_dags/example_branch_python_dop_operator_3.py
[2023-03-18T00:08:35.013+0000] {processor.py:743} INFO - Processing file /home/airflow/.local/lib/python3.7/site-packages/airflow/example_dags/example_branch_python_dop_operator_3.py for tasks to queue
[2023-03-18T00:08:35.014+0000] {logging_mixin.py:137} INFO - [2023-03-18T00:08:35.013+0000] {dagbag.py:538} INFO - Filling up the DagBag from /home/airflow/.local/lib/python3.7/site-packages/airflow/example_dags/example_branch_python_dop_operator_3.py
[2023-03-18T00:08:35.037+0000] {processor.py:753} INFO - DAG(s) dict_keys(['example_branch_dop_operator_v3']) retrieved from /home/airflow/.local/lib/python3.7/site-packages/airflow/example_dags/example_branch_python_dop_operator_3.py
[2023-03-18T00:08:35.066+0000] {logging_mixin.py:137} INFO - [2023-03-18T00:08:35.066+0000] {dag.py:2690} INFO - Sync 1 DAGs
[2023-03-18T00:08:35.101+0000] {logging_mixin.py:137} INFO - [2023-03-18T00:08:35.101+0000] {dag.py:3441} INFO - Setting next_dagrun for example_branch_dop_operator_v3 to 2023-03-18T00:07:00+00:00, run_after=2023-03-18T00:08:00+00:00
[2023-03-18T00:08:35.131+0000] {processor.py:175} INFO - Processing /home/airflow/.local/lib/python3.7/site-packages/airflow/example_dags/example_branch_python_dop_operator_3.py took 0.122 seconds
[2023-03-18T00:09:05.783+0000] {processor.py:153} INFO - Started process (PID=9565) to work on /home/airflow/.local/lib/python3.7/site-packages/airflow/example_dags/example_branch_python_dop_operator_3.py
[2023-03-18T00:09:05.785+0000] {processor.py:743} INFO - Processing file /home/airflow/.local/lib/python3.7/site-packages/airflow/example_dags/example_branch_python_dop_operator_3.py for tasks to queue
[2023-03-18T00:09:05.786+0000] {logging_mixin.py:137} INFO - [2023-03-18T00:09:05.786+0000] {dagbag.py:538} INFO - Filling up the DagBag from /home/airflow/.local/lib/python3.7/site-packages/airflow/example_dags/example_branch_python_dop_operator_3.py
[2023-03-18T00:09:05.817+0000] {processor.py:753} INFO - DAG(s) dict_keys(['example_branch_dop_operator_v3']) retrieved from /home/airflow/.local/lib/python3.7/site-packages/airflow/example_dags/example_branch_python_dop_operator_3.py
[2023-03-18T00:09:05.872+0000] {logging_mixin.py:137} INFO - [2023-03-18T00:09:05.872+0000] {dag.py:2690} INFO - Sync 1 DAGs
[2023-03-18T00:09:05.931+0000] {logging_mixin.py:137} INFO - [2023-03-18T00:09:05.931+0000] {dag.py:3441} INFO - Setting next_dagrun for example_branch_dop_operator_v3 to 2023-03-18T00:08:00+00:00, run_after=2023-03-18T00:09:00+00:00
[2023-03-18T00:09:05.972+0000] {processor.py:175} INFO - Processing /home/airflow/.local/lib/python3.7/site-packages/airflow/example_dags/example_branch_python_dop_operator_3.py took 0.193 seconds
[2023-03-18T00:09:37.478+0000] {processor.py:153} INFO - Started process (PID=9667) to work on /home/airflow/.local/lib/python3.7/site-packages/airflow/example_dags/example_branch_python_dop_operator_3.py
[2023-03-18T00:09:37.480+0000] {processor.py:743} INFO - Processing file /home/airflow/.local/lib/python3.7/site-packages/airflow/example_dags/example_branch_python_dop_operator_3.py for tasks to queue
[2023-03-18T00:09:37.481+0000] {logging_mixin.py:137} INFO - [2023-03-18T00:09:37.481+0000] {dagbag.py:538} INFO - Filling up the DagBag from /home/airflow/.local/lib/python3.7/site-packages/airflow/example_dags/example_branch_python_dop_operator_3.py
[2023-03-18T00:09:37.534+0000] {processor.py:753} INFO - DAG(s) dict_keys(['example_branch_dop_operator_v3']) retrieved from /home/airflow/.local/lib/python3.7/site-packages/airflow/example_dags/example_branch_python_dop_operator_3.py
[2023-03-18T00:09:37.626+0000] {logging_mixin.py:137} INFO - [2023-03-18T00:09:37.626+0000] {dag.py:2690} INFO - Sync 1 DAGs
[2023-03-18T00:09:37.703+0000] {logging_mixin.py:137} INFO - [2023-03-18T00:09:37.703+0000] {dag.py:3441} INFO - Setting next_dagrun for example_branch_dop_operator_v3 to 2023-03-18T00:08:00+00:00, run_after=2023-03-18T00:09:00+00:00
[2023-03-18T00:09:37.739+0000] {processor.py:175} INFO - Processing /home/airflow/.local/lib/python3.7/site-packages/airflow/example_dags/example_branch_python_dop_operator_3.py took 0.266 seconds
[2023-03-18T00:10:08.338+0000] {processor.py:153} INFO - Started process (PID=9749) to work on /home/airflow/.local/lib/python3.7/site-packages/airflow/example_dags/example_branch_python_dop_operator_3.py
[2023-03-18T00:10:08.339+0000] {processor.py:743} INFO - Processing file /home/airflow/.local/lib/python3.7/site-packages/airflow/example_dags/example_branch_python_dop_operator_3.py for tasks to queue
[2023-03-18T00:10:08.340+0000] {logging_mixin.py:137} INFO - [2023-03-18T00:10:08.340+0000] {dagbag.py:538} INFO - Filling up the DagBag from /home/airflow/.local/lib/python3.7/site-packages/airflow/example_dags/example_branch_python_dop_operator_3.py
[2023-03-18T00:10:08.367+0000] {processor.py:753} INFO - DAG(s) dict_keys(['example_branch_dop_operator_v3']) retrieved from /home/airflow/.local/lib/python3.7/site-packages/airflow/example_dags/example_branch_python_dop_operator_3.py
[2023-03-18T00:10:08.401+0000] {logging_mixin.py:137} INFO - [2023-03-18T00:10:08.401+0000] {dag.py:2690} INFO - Sync 1 DAGs
[2023-03-18T00:10:08.436+0000] {logging_mixin.py:137} INFO - [2023-03-18T00:10:08.436+0000] {dag.py:3441} INFO - Setting next_dagrun for example_branch_dop_operator_v3 to 2023-03-18T00:09:00+00:00, run_after=2023-03-18T00:10:00+00:00
[2023-03-18T00:10:08.463+0000] {processor.py:175} INFO - Processing /home/airflow/.local/lib/python3.7/site-packages/airflow/example_dags/example_branch_python_dop_operator_3.py took 0.130 seconds
[2023-03-18T00:10:39.404+0000] {processor.py:153} INFO - Started process (PID=9831) to work on /home/airflow/.local/lib/python3.7/site-packages/airflow/example_dags/example_branch_python_dop_operator_3.py
[2023-03-18T00:10:39.406+0000] {processor.py:743} INFO - Processing file /home/airflow/.local/lib/python3.7/site-packages/airflow/example_dags/example_branch_python_dop_operator_3.py for tasks to queue
[2023-03-18T00:10:39.408+0000] {logging_mixin.py:137} INFO - [2023-03-18T00:10:39.407+0000] {dagbag.py:538} INFO - Filling up the DagBag from /home/airflow/.local/lib/python3.7/site-packages/airflow/example_dags/example_branch_python_dop_operator_3.py
[2023-03-18T00:10:39.439+0000] {processor.py:753} INFO - DAG(s) dict_keys(['example_branch_dop_operator_v3']) retrieved from /home/airflow/.local/lib/python3.7/site-packages/airflow/example_dags/example_branch_python_dop_operator_3.py
[2023-03-18T00:10:39.483+0000] {logging_mixin.py:137} INFO - [2023-03-18T00:10:39.483+0000] {dag.py:2690} INFO - Sync 1 DAGs
[2023-03-18T00:10:39.552+0000] {logging_mixin.py:137} INFO - [2023-03-18T00:10:39.552+0000] {dag.py:3441} INFO - Setting next_dagrun for example_branch_dop_operator_v3 to 2023-03-18T00:09:00+00:00, run_after=2023-03-18T00:10:00+00:00
[2023-03-18T00:10:39.584+0000] {processor.py:175} INFO - Processing /home/airflow/.local/lib/python3.7/site-packages/airflow/example_dags/example_branch_python_dop_operator_3.py took 0.184 seconds
[2023-03-18T00:11:10.562+0000] {processor.py:153} INFO - Started process (PID=9913) to work on /home/airflow/.local/lib/python3.7/site-packages/airflow/example_dags/example_branch_python_dop_operator_3.py
[2023-03-18T00:11:10.564+0000] {processor.py:743} INFO - Processing file /home/airflow/.local/lib/python3.7/site-packages/airflow/example_dags/example_branch_python_dop_operator_3.py for tasks to queue
[2023-03-18T00:11:10.566+0000] {logging_mixin.py:137} INFO - [2023-03-18T00:11:10.566+0000] {dagbag.py:538} INFO - Filling up the DagBag from /home/airflow/.local/lib/python3.7/site-packages/airflow/example_dags/example_branch_python_dop_operator_3.py
[2023-03-18T00:11:10.606+0000] {processor.py:753} INFO - DAG(s) dict_keys(['example_branch_dop_operator_v3']) retrieved from /home/airflow/.local/lib/python3.7/site-packages/airflow/example_dags/example_branch_python_dop_operator_3.py
[2023-03-18T00:11:10.645+0000] {logging_mixin.py:137} INFO - [2023-03-18T00:11:10.645+0000] {dag.py:2690} INFO - Sync 1 DAGs
[2023-03-18T00:11:10.688+0000] {logging_mixin.py:137} INFO - [2023-03-18T00:11:10.688+0000] {dag.py:3441} INFO - Setting next_dagrun for example_branch_dop_operator_v3 to 2023-03-18T00:10:00+00:00, run_after=2023-03-18T00:11:00+00:00
[2023-03-18T00:11:10.729+0000] {processor.py:175} INFO - Processing /home/airflow/.local/lib/python3.7/site-packages/airflow/example_dags/example_branch_python_dop_operator_3.py took 0.172 seconds
[2023-03-18T00:11:41.606+0000] {processor.py:153} INFO - Started process (PID=10004) to work on /home/airflow/.local/lib/python3.7/site-packages/airflow/example_dags/example_branch_python_dop_operator_3.py
[2023-03-18T00:11:41.608+0000] {processor.py:743} INFO - Processing file /home/airflow/.local/lib/python3.7/site-packages/airflow/example_dags/example_branch_python_dop_operator_3.py for tasks to queue
[2023-03-18T00:11:41.610+0000] {logging_mixin.py:137} INFO - [2023-03-18T00:11:41.610+0000] {dagbag.py:538} INFO - Filling up the DagBag from /home/airflow/.local/lib/python3.7/site-packages/airflow/example_dags/example_branch_python_dop_operator_3.py
[2023-03-18T00:11:41.679+0000] {processor.py:753} INFO - DAG(s) dict_keys(['example_branch_dop_operator_v3']) retrieved from /home/airflow/.local/lib/python3.7/site-packages/airflow/example_dags/example_branch_python_dop_operator_3.py
[2023-03-18T00:11:41.766+0000] {logging_mixin.py:137} INFO - [2023-03-18T00:11:41.766+0000] {dag.py:2690} INFO - Sync 1 DAGs
[2023-03-18T00:11:41.856+0000] {logging_mixin.py:137} INFO - [2023-03-18T00:11:41.856+0000] {dag.py:3441} INFO - Setting next_dagrun for example_branch_dop_operator_v3 to 2023-03-18T00:10:00+00:00, run_after=2023-03-18T00:11:00+00:00
[2023-03-18T00:11:41.893+0000] {processor.py:175} INFO - Processing /home/airflow/.local/lib/python3.7/site-packages/airflow/example_dags/example_branch_python_dop_operator_3.py took 0.293 seconds
[2023-03-18T00:12:12.362+0000] {processor.py:153} INFO - Started process (PID=10098) to work on /home/airflow/.local/lib/python3.7/site-packages/airflow/example_dags/example_branch_python_dop_operator_3.py
[2023-03-18T00:12:12.364+0000] {processor.py:743} INFO - Processing file /home/airflow/.local/lib/python3.7/site-packages/airflow/example_dags/example_branch_python_dop_operator_3.py for tasks to queue
[2023-03-18T00:12:12.366+0000] {logging_mixin.py:137} INFO - [2023-03-18T00:12:12.366+0000] {dagbag.py:538} INFO - Filling up the DagBag from /home/airflow/.local/lib/python3.7/site-packages/airflow/example_dags/example_branch_python_dop_operator_3.py
[2023-03-18T00:12:12.407+0000] {processor.py:753} INFO - DAG(s) dict_keys(['example_branch_dop_operator_v3']) retrieved from /home/airflow/.local/lib/python3.7/site-packages/airflow/example_dags/example_branch_python_dop_operator_3.py
[2023-03-18T00:12:12.442+0000] {logging_mixin.py:137} INFO - [2023-03-18T00:12:12.442+0000] {dag.py:2690} INFO - Sync 1 DAGs
[2023-03-18T00:12:12.486+0000] {logging_mixin.py:137} INFO - [2023-03-18T00:12:12.486+0000] {dag.py:3441} INFO - Setting next_dagrun for example_branch_dop_operator_v3 to 2023-03-18T00:11:00+00:00, run_after=2023-03-18T00:12:00+00:00
[2023-03-18T00:12:12.521+0000] {processor.py:175} INFO - Processing /home/airflow/.local/lib/python3.7/site-packages/airflow/example_dags/example_branch_python_dop_operator_3.py took 0.164 seconds
[2023-03-18T00:12:43.486+0000] {processor.py:153} INFO - Started process (PID=10180) to work on /home/airflow/.local/lib/python3.7/site-packages/airflow/example_dags/example_branch_python_dop_operator_3.py
[2023-03-18T00:12:43.487+0000] {processor.py:743} INFO - Processing file /home/airflow/.local/lib/python3.7/site-packages/airflow/example_dags/example_branch_python_dop_operator_3.py for tasks to queue
[2023-03-18T00:12:43.489+0000] {logging_mixin.py:137} INFO - [2023-03-18T00:12:43.488+0000] {dagbag.py:538} INFO - Filling up the DagBag from /home/airflow/.local/lib/python3.7/site-packages/airflow/example_dags/example_branch_python_dop_operator_3.py
[2023-03-18T00:12:43.523+0000] {processor.py:753} INFO - DAG(s) dict_keys(['example_branch_dop_operator_v3']) retrieved from /home/airflow/.local/lib/python3.7/site-packages/airflow/example_dags/example_branch_python_dop_operator_3.py
[2023-03-18T00:12:43.555+0000] {logging_mixin.py:137} INFO - [2023-03-18T00:12:43.555+0000] {dag.py:2690} INFO - Sync 1 DAGs
[2023-03-18T00:12:43.602+0000] {logging_mixin.py:137} INFO - [2023-03-18T00:12:43.602+0000] {dag.py:3441} INFO - Setting next_dagrun for example_branch_dop_operator_v3 to 2023-03-18T00:11:00+00:00, run_after=2023-03-18T00:12:00+00:00
[2023-03-18T00:12:43.627+0000] {processor.py:175} INFO - Processing /home/airflow/.local/lib/python3.7/site-packages/airflow/example_dags/example_branch_python_dop_operator_3.py took 0.145 seconds
[2023-03-18T00:13:14.202+0000] {processor.py:153} INFO - Started process (PID=10262) to work on /home/airflow/.local/lib/python3.7/site-packages/airflow/example_dags/example_branch_python_dop_operator_3.py
[2023-03-18T00:13:14.204+0000] {processor.py:743} INFO - Processing file /home/airflow/.local/lib/python3.7/site-packages/airflow/example_dags/example_branch_python_dop_operator_3.py for tasks to queue
[2023-03-18T00:13:14.205+0000] {logging_mixin.py:137} INFO - [2023-03-18T00:13:14.205+0000] {dagbag.py:538} INFO - Filling up the DagBag from /home/airflow/.local/lib/python3.7/site-packages/airflow/example_dags/example_branch_python_dop_operator_3.py
[2023-03-18T00:13:14.234+0000] {processor.py:753} INFO - DAG(s) dict_keys(['example_branch_dop_operator_v3']) retrieved from /home/airflow/.local/lib/python3.7/site-packages/airflow/example_dags/example_branch_python_dop_operator_3.py
[2023-03-18T00:13:14.264+0000] {logging_mixin.py:137} INFO - [2023-03-18T00:13:14.263+0000] {dag.py:2690} INFO - Sync 1 DAGs
[2023-03-18T00:13:14.300+0000] {logging_mixin.py:137} INFO - [2023-03-18T00:13:14.300+0000] {dag.py:3441} INFO - Setting next_dagrun for example_branch_dop_operator_v3 to 2023-03-18T00:12:00+00:00, run_after=2023-03-18T00:13:00+00:00
[2023-03-18T00:13:14.329+0000] {processor.py:175} INFO - Processing /home/airflow/.local/lib/python3.7/site-packages/airflow/example_dags/example_branch_python_dop_operator_3.py took 0.131 seconds
[2023-03-18T00:13:44.620+0000] {processor.py:153} INFO - Started process (PID=10353) to work on /home/airflow/.local/lib/python3.7/site-packages/airflow/example_dags/example_branch_python_dop_operator_3.py
[2023-03-18T00:13:44.621+0000] {processor.py:743} INFO - Processing file /home/airflow/.local/lib/python3.7/site-packages/airflow/example_dags/example_branch_python_dop_operator_3.py for tasks to queue
[2023-03-18T00:13:44.623+0000] {logging_mixin.py:137} INFO - [2023-03-18T00:13:44.623+0000] {dagbag.py:538} INFO - Filling up the DagBag from /home/airflow/.local/lib/python3.7/site-packages/airflow/example_dags/example_branch_python_dop_operator_3.py
[2023-03-18T00:13:44.656+0000] {processor.py:753} INFO - DAG(s) dict_keys(['example_branch_dop_operator_v3']) retrieved from /home/airflow/.local/lib/python3.7/site-packages/airflow/example_dags/example_branch_python_dop_operator_3.py
[2023-03-18T00:13:44.696+0000] {logging_mixin.py:137} INFO - [2023-03-18T00:13:44.695+0000] {dag.py:2690} INFO - Sync 1 DAGs
[2023-03-18T00:13:44.764+0000] {logging_mixin.py:137} INFO - [2023-03-18T00:13:44.763+0000] {dag.py:3441} INFO - Setting next_dagrun for example_branch_dop_operator_v3 to 2023-03-18T00:12:00+00:00, run_after=2023-03-18T00:13:00+00:00
[2023-03-18T00:13:44.798+0000] {processor.py:175} INFO - Processing /home/airflow/.local/lib/python3.7/site-packages/airflow/example_dags/example_branch_python_dop_operator_3.py took 0.184 seconds
[2023-03-18T00:14:15.374+0000] {processor.py:153} INFO - Started process (PID=10446) to work on /home/airflow/.local/lib/python3.7/site-packages/airflow/example_dags/example_branch_python_dop_operator_3.py
[2023-03-18T00:14:15.376+0000] {processor.py:743} INFO - Processing file /home/airflow/.local/lib/python3.7/site-packages/airflow/example_dags/example_branch_python_dop_operator_3.py for tasks to queue
[2023-03-18T00:14:15.377+0000] {logging_mixin.py:137} INFO - [2023-03-18T00:14:15.377+0000] {dagbag.py:538} INFO - Filling up the DagBag from /home/airflow/.local/lib/python3.7/site-packages/airflow/example_dags/example_branch_python_dop_operator_3.py
[2023-03-18T00:14:15.419+0000] {processor.py:753} INFO - DAG(s) dict_keys(['example_branch_dop_operator_v3']) retrieved from /home/airflow/.local/lib/python3.7/site-packages/airflow/example_dags/example_branch_python_dop_operator_3.py
[2023-03-18T00:14:15.464+0000] {logging_mixin.py:137} INFO - [2023-03-18T00:14:15.463+0000] {dag.py:2690} INFO - Sync 1 DAGs
[2023-03-18T00:14:15.526+0000] {logging_mixin.py:137} INFO - [2023-03-18T00:14:15.526+0000] {dag.py:3441} INFO - Setting next_dagrun for example_branch_dop_operator_v3 to 2023-03-18T00:13:00+00:00, run_after=2023-03-18T00:14:00+00:00
[2023-03-18T00:14:15.557+0000] {processor.py:175} INFO - Processing /home/airflow/.local/lib/python3.7/site-packages/airflow/example_dags/example_branch_python_dop_operator_3.py took 0.189 seconds
[2023-03-18T00:14:45.682+0000] {processor.py:153} INFO - Started process (PID=10528) to work on /home/airflow/.local/lib/python3.7/site-packages/airflow/example_dags/example_branch_python_dop_operator_3.py
[2023-03-18T00:14:45.684+0000] {processor.py:743} INFO - Processing file /home/airflow/.local/lib/python3.7/site-packages/airflow/example_dags/example_branch_python_dop_operator_3.py for tasks to queue
[2023-03-18T00:14:45.686+0000] {logging_mixin.py:137} INFO - [2023-03-18T00:14:45.686+0000] {dagbag.py:538} INFO - Filling up the DagBag from /home/airflow/.local/lib/python3.7/site-packages/airflow/example_dags/example_branch_python_dop_operator_3.py
[2023-03-18T00:14:45.732+0000] {processor.py:753} INFO - DAG(s) dict_keys(['example_branch_dop_operator_v3']) retrieved from /home/airflow/.local/lib/python3.7/site-packages/airflow/example_dags/example_branch_python_dop_operator_3.py
[2023-03-18T00:14:45.783+0000] {logging_mixin.py:137} INFO - [2023-03-18T00:14:45.782+0000] {dag.py:2690} INFO - Sync 1 DAGs
[2023-03-18T00:14:45.846+0000] {logging_mixin.py:137} INFO - [2023-03-18T00:14:45.845+0000] {dag.py:3441} INFO - Setting next_dagrun for example_branch_dop_operator_v3 to 2023-03-18T00:13:00+00:00, run_after=2023-03-18T00:14:00+00:00
[2023-03-18T00:14:45.882+0000] {processor.py:175} INFO - Processing /home/airflow/.local/lib/python3.7/site-packages/airflow/example_dags/example_branch_python_dop_operator_3.py took 0.205 seconds
[2023-03-18T00:15:16.778+0000] {processor.py:153} INFO - Started process (PID=10610) to work on /home/airflow/.local/lib/python3.7/site-packages/airflow/example_dags/example_branch_python_dop_operator_3.py
[2023-03-18T00:15:16.780+0000] {processor.py:743} INFO - Processing file /home/airflow/.local/lib/python3.7/site-packages/airflow/example_dags/example_branch_python_dop_operator_3.py for tasks to queue
[2023-03-18T00:15:16.781+0000] {logging_mixin.py:137} INFO - [2023-03-18T00:15:16.781+0000] {dagbag.py:538} INFO - Filling up the DagBag from /home/airflow/.local/lib/python3.7/site-packages/airflow/example_dags/example_branch_python_dop_operator_3.py
[2023-03-18T00:15:16.817+0000] {processor.py:753} INFO - DAG(s) dict_keys(['example_branch_dop_operator_v3']) retrieved from /home/airflow/.local/lib/python3.7/site-packages/airflow/example_dags/example_branch_python_dop_operator_3.py
[2023-03-18T00:15:16.859+0000] {logging_mixin.py:137} INFO - [2023-03-18T00:15:16.859+0000] {dag.py:2690} INFO - Sync 1 DAGs
[2023-03-18T00:15:16.918+0000] {logging_mixin.py:137} INFO - [2023-03-18T00:15:16.917+0000] {dag.py:3441} INFO - Setting next_dagrun for example_branch_dop_operator_v3 to 2023-03-18T00:14:00+00:00, run_after=2023-03-18T00:15:00+00:00
[2023-03-18T00:15:16.956+0000] {processor.py:175} INFO - Processing /home/airflow/.local/lib/python3.7/site-packages/airflow/example_dags/example_branch_python_dop_operator_3.py took 0.182 seconds
[2023-03-18T00:15:47.291+0000] {processor.py:153} INFO - Started process (PID=10692) to work on /home/airflow/.local/lib/python3.7/site-packages/airflow/example_dags/example_branch_python_dop_operator_3.py
[2023-03-18T00:15:47.294+0000] {processor.py:743} INFO - Processing file /home/airflow/.local/lib/python3.7/site-packages/airflow/example_dags/example_branch_python_dop_operator_3.py for tasks to queue
[2023-03-18T00:15:47.296+0000] {logging_mixin.py:137} INFO - [2023-03-18T00:15:47.296+0000] {dagbag.py:538} INFO - Filling up the DagBag from /home/airflow/.local/lib/python3.7/site-packages/airflow/example_dags/example_branch_python_dop_operator_3.py
[2023-03-18T00:15:47.366+0000] {processor.py:753} INFO - DAG(s) dict_keys(['example_branch_dop_operator_v3']) retrieved from /home/airflow/.local/lib/python3.7/site-packages/airflow/example_dags/example_branch_python_dop_operator_3.py
[2023-03-18T00:15:47.442+0000] {logging_mixin.py:137} INFO - [2023-03-18T00:15:47.441+0000] {dag.py:2690} INFO - Sync 1 DAGs
[2023-03-18T00:15:47.544+0000] {logging_mixin.py:137} INFO - [2023-03-18T00:15:47.543+0000] {dag.py:3441} INFO - Setting next_dagrun for example_branch_dop_operator_v3 to 2023-03-18T00:14:00+00:00, run_after=2023-03-18T00:15:00+00:00
[2023-03-18T00:15:47.586+0000] {processor.py:175} INFO - Processing /home/airflow/.local/lib/python3.7/site-packages/airflow/example_dags/example_branch_python_dop_operator_3.py took 0.301 seconds
