[2023-03-18T00:00:12.193+0000] {processor.py:153} INFO - Started process (PID=8089) to work on /home/airflow/.local/lib/python3.7/site-packages/airflow/example_dags/example_skip_dag.py
[2023-03-18T00:00:12.194+0000] {processor.py:743} INFO - Processing file /home/airflow/.local/lib/python3.7/site-packages/airflow/example_dags/example_skip_dag.py for tasks to queue
[2023-03-18T00:00:12.196+0000] {logging_mixin.py:137} INFO - [2023-03-18T00:00:12.196+0000] {dagbag.py:538} INFO - Filling up the DagBag from /home/airflow/.local/lib/python3.7/site-packages/airflow/example_dags/example_skip_dag.py
[2023-03-18T00:00:12.221+0000] {processor.py:753} INFO - DAG(s) dict_keys(['example_skip_dag']) retrieved from /home/airflow/.local/lib/python3.7/site-packages/airflow/example_dags/example_skip_dag.py
[2023-03-18T00:00:12.262+0000] {logging_mixin.py:137} INFO - [2023-03-18T00:00:12.261+0000] {dag.py:2690} INFO - Sync 1 DAGs
[2023-03-18T00:00:12.304+0000] {logging_mixin.py:137} INFO - [2023-03-18T00:00:12.304+0000] {dag.py:3441} INFO - Setting next_dagrun for example_skip_dag to 2023-03-17T00:00:12.304006+00:00, run_after=2023-03-18T00:00:12.304006+00:00
[2023-03-18T00:00:12.339+0000] {processor.py:175} INFO - Processing /home/airflow/.local/lib/python3.7/site-packages/airflow/example_dags/example_skip_dag.py took 0.152 seconds
[2023-03-18T00:00:44.224+0000] {processor.py:153} INFO - Started process (PID=8171) to work on /home/airflow/.local/lib/python3.7/site-packages/airflow/example_dags/example_skip_dag.py
[2023-03-18T00:00:44.225+0000] {processor.py:743} INFO - Processing file /home/airflow/.local/lib/python3.7/site-packages/airflow/example_dags/example_skip_dag.py for tasks to queue
[2023-03-18T00:00:44.227+0000] {logging_mixin.py:137} INFO - [2023-03-18T00:00:44.226+0000] {dagbag.py:538} INFO - Filling up the DagBag from /home/airflow/.local/lib/python3.7/site-packages/airflow/example_dags/example_skip_dag.py
[2023-03-18T00:00:44.247+0000] {processor.py:753} INFO - DAG(s) dict_keys(['example_skip_dag']) retrieved from /home/airflow/.local/lib/python3.7/site-packages/airflow/example_dags/example_skip_dag.py
[2023-03-18T00:00:44.287+0000] {logging_mixin.py:137} INFO - [2023-03-18T00:00:44.287+0000] {dag.py:2690} INFO - Sync 1 DAGs
[2023-03-18T00:00:44.325+0000] {logging_mixin.py:137} INFO - [2023-03-18T00:00:44.325+0000] {dag.py:3441} INFO - Setting next_dagrun for example_skip_dag to 2023-03-17T00:00:44.325103+00:00, run_after=2023-03-18T00:00:44.325103+00:00
[2023-03-18T00:00:44.354+0000] {processor.py:175} INFO - Processing /home/airflow/.local/lib/python3.7/site-packages/airflow/example_dags/example_skip_dag.py took 0.135 seconds
[2023-03-18T00:01:14.540+0000] {processor.py:153} INFO - Started process (PID=8253) to work on /home/airflow/.local/lib/python3.7/site-packages/airflow/example_dags/example_skip_dag.py
[2023-03-18T00:01:14.542+0000] {processor.py:743} INFO - Processing file /home/airflow/.local/lib/python3.7/site-packages/airflow/example_dags/example_skip_dag.py for tasks to queue
[2023-03-18T00:01:14.544+0000] {logging_mixin.py:137} INFO - [2023-03-18T00:01:14.543+0000] {dagbag.py:538} INFO - Filling up the DagBag from /home/airflow/.local/lib/python3.7/site-packages/airflow/example_dags/example_skip_dag.py
[2023-03-18T00:01:14.571+0000] {processor.py:753} INFO - DAG(s) dict_keys(['example_skip_dag']) retrieved from /home/airflow/.local/lib/python3.7/site-packages/airflow/example_dags/example_skip_dag.py
[2023-03-18T00:01:14.613+0000] {logging_mixin.py:137} INFO - [2023-03-18T00:01:14.612+0000] {dag.py:2690} INFO - Sync 1 DAGs
[2023-03-18T00:01:14.659+0000] {logging_mixin.py:137} INFO - [2023-03-18T00:01:14.659+0000] {dag.py:3441} INFO - Setting next_dagrun for example_skip_dag to 2023-03-17T00:01:14.659034+00:00, run_after=2023-03-18T00:01:14.659034+00:00
[2023-03-18T00:01:14.705+0000] {processor.py:175} INFO - Processing /home/airflow/.local/lib/python3.7/site-packages/airflow/example_dags/example_skip_dag.py took 0.171 seconds
[2023-03-18T00:01:45.111+0000] {processor.py:153} INFO - Started process (PID=8335) to work on /home/airflow/.local/lib/python3.7/site-packages/airflow/example_dags/example_skip_dag.py
[2023-03-18T00:01:45.113+0000] {processor.py:743} INFO - Processing file /home/airflow/.local/lib/python3.7/site-packages/airflow/example_dags/example_skip_dag.py for tasks to queue
[2023-03-18T00:01:45.114+0000] {logging_mixin.py:137} INFO - [2023-03-18T00:01:45.114+0000] {dagbag.py:538} INFO - Filling up the DagBag from /home/airflow/.local/lib/python3.7/site-packages/airflow/example_dags/example_skip_dag.py
[2023-03-18T00:01:45.141+0000] {processor.py:753} INFO - DAG(s) dict_keys(['example_skip_dag']) retrieved from /home/airflow/.local/lib/python3.7/site-packages/airflow/example_dags/example_skip_dag.py
[2023-03-18T00:01:45.191+0000] {logging_mixin.py:137} INFO - [2023-03-18T00:01:45.190+0000] {dag.py:2690} INFO - Sync 1 DAGs
[2023-03-18T00:01:45.250+0000] {logging_mixin.py:137} INFO - [2023-03-18T00:01:45.249+0000] {dag.py:3441} INFO - Setting next_dagrun for example_skip_dag to 2023-03-17T00:01:45.249139+00:00, run_after=2023-03-18T00:01:45.249139+00:00
[2023-03-18T00:01:45.297+0000] {processor.py:175} INFO - Processing /home/airflow/.local/lib/python3.7/site-packages/airflow/example_dags/example_skip_dag.py took 0.192 seconds
[2023-03-18T00:02:15.809+0000] {processor.py:153} INFO - Started process (PID=8417) to work on /home/airflow/.local/lib/python3.7/site-packages/airflow/example_dags/example_skip_dag.py
[2023-03-18T00:02:15.815+0000] {processor.py:743} INFO - Processing file /home/airflow/.local/lib/python3.7/site-packages/airflow/example_dags/example_skip_dag.py for tasks to queue
[2023-03-18T00:02:15.818+0000] {logging_mixin.py:137} INFO - [2023-03-18T00:02:15.817+0000] {dagbag.py:538} INFO - Filling up the DagBag from /home/airflow/.local/lib/python3.7/site-packages/airflow/example_dags/example_skip_dag.py
[2023-03-18T00:02:15.849+0000] {processor.py:753} INFO - DAG(s) dict_keys(['example_skip_dag']) retrieved from /home/airflow/.local/lib/python3.7/site-packages/airflow/example_dags/example_skip_dag.py
[2023-03-18T00:02:15.922+0000] {logging_mixin.py:137} INFO - [2023-03-18T00:02:15.922+0000] {dag.py:2690} INFO - Sync 1 DAGs
[2023-03-18T00:02:15.995+0000] {logging_mixin.py:137} INFO - [2023-03-18T00:02:15.995+0000] {dag.py:3441} INFO - Setting next_dagrun for example_skip_dag to 2023-03-17T00:02:15.995050+00:00, run_after=2023-03-18T00:02:15.995050+00:00
[2023-03-18T00:02:16.027+0000] {processor.py:175} INFO - Processing /home/airflow/.local/lib/python3.7/site-packages/airflow/example_dags/example_skip_dag.py took 0.223 seconds
[2023-03-18T00:02:46.302+0000] {processor.py:153} INFO - Started process (PID=8499) to work on /home/airflow/.local/lib/python3.7/site-packages/airflow/example_dags/example_skip_dag.py
[2023-03-18T00:02:46.304+0000] {processor.py:743} INFO - Processing file /home/airflow/.local/lib/python3.7/site-packages/airflow/example_dags/example_skip_dag.py for tasks to queue
[2023-03-18T00:02:46.306+0000] {logging_mixin.py:137} INFO - [2023-03-18T00:02:46.306+0000] {dagbag.py:538} INFO - Filling up the DagBag from /home/airflow/.local/lib/python3.7/site-packages/airflow/example_dags/example_skip_dag.py
[2023-03-18T00:02:46.345+0000] {processor.py:753} INFO - DAG(s) dict_keys(['example_skip_dag']) retrieved from /home/airflow/.local/lib/python3.7/site-packages/airflow/example_dags/example_skip_dag.py
[2023-03-18T00:02:46.393+0000] {logging_mixin.py:137} INFO - [2023-03-18T00:02:46.392+0000] {dag.py:2690} INFO - Sync 1 DAGs
[2023-03-18T00:02:46.449+0000] {logging_mixin.py:137} INFO - [2023-03-18T00:02:46.448+0000] {dag.py:3441} INFO - Setting next_dagrun for example_skip_dag to 2023-03-17T00:02:46.448399+00:00, run_after=2023-03-18T00:02:46.448399+00:00
[2023-03-18T00:02:46.495+0000] {processor.py:175} INFO - Processing /home/airflow/.local/lib/python3.7/site-packages/airflow/example_dags/example_skip_dag.py took 0.198 seconds
[2023-03-18T00:03:16.818+0000] {processor.py:153} INFO - Started process (PID=8581) to work on /home/airflow/.local/lib/python3.7/site-packages/airflow/example_dags/example_skip_dag.py
[2023-03-18T00:03:16.819+0000] {processor.py:743} INFO - Processing file /home/airflow/.local/lib/python3.7/site-packages/airflow/example_dags/example_skip_dag.py for tasks to queue
[2023-03-18T00:03:16.821+0000] {logging_mixin.py:137} INFO - [2023-03-18T00:03:16.821+0000] {dagbag.py:538} INFO - Filling up the DagBag from /home/airflow/.local/lib/python3.7/site-packages/airflow/example_dags/example_skip_dag.py
[2023-03-18T00:03:16.838+0000] {processor.py:753} INFO - DAG(s) dict_keys(['example_skip_dag']) retrieved from /home/airflow/.local/lib/python3.7/site-packages/airflow/example_dags/example_skip_dag.py
[2023-03-18T00:03:16.871+0000] {logging_mixin.py:137} INFO - [2023-03-18T00:03:16.871+0000] {dag.py:2690} INFO - Sync 1 DAGs
[2023-03-18T00:03:16.913+0000] {logging_mixin.py:137} INFO - [2023-03-18T00:03:16.912+0000] {dag.py:3441} INFO - Setting next_dagrun for example_skip_dag to 2023-03-17T00:03:16.912317+00:00, run_after=2023-03-18T00:03:16.912317+00:00
[2023-03-18T00:03:16.945+0000] {processor.py:175} INFO - Processing /home/airflow/.local/lib/python3.7/site-packages/airflow/example_dags/example_skip_dag.py took 0.131 seconds
[2023-03-18T00:03:47.663+0000] {processor.py:153} INFO - Started process (PID=8663) to work on /home/airflow/.local/lib/python3.7/site-packages/airflow/example_dags/example_skip_dag.py
[2023-03-18T00:03:47.666+0000] {processor.py:743} INFO - Processing file /home/airflow/.local/lib/python3.7/site-packages/airflow/example_dags/example_skip_dag.py for tasks to queue
[2023-03-18T00:03:47.669+0000] {logging_mixin.py:137} INFO - [2023-03-18T00:03:47.669+0000] {dagbag.py:538} INFO - Filling up the DagBag from /home/airflow/.local/lib/python3.7/site-packages/airflow/example_dags/example_skip_dag.py
[2023-03-18T00:03:47.729+0000] {processor.py:753} INFO - DAG(s) dict_keys(['example_skip_dag']) retrieved from /home/airflow/.local/lib/python3.7/site-packages/airflow/example_dags/example_skip_dag.py
[2023-03-18T00:03:47.830+0000] {logging_mixin.py:137} INFO - [2023-03-18T00:03:47.830+0000] {dag.py:2690} INFO - Sync 1 DAGs
[2023-03-18T00:03:47.894+0000] {logging_mixin.py:137} INFO - [2023-03-18T00:03:47.894+0000] {dag.py:3441} INFO - Setting next_dagrun for example_skip_dag to 2023-03-17T00:03:47.893836+00:00, run_after=2023-03-18T00:03:47.893836+00:00
[2023-03-18T00:03:47.934+0000] {processor.py:175} INFO - Processing /home/airflow/.local/lib/python3.7/site-packages/airflow/example_dags/example_skip_dag.py took 0.280 seconds
[2023-03-18T00:04:18.127+0000] {processor.py:153} INFO - Started process (PID=8745) to work on /home/airflow/.local/lib/python3.7/site-packages/airflow/example_dags/example_skip_dag.py
[2023-03-18T00:04:18.129+0000] {processor.py:743} INFO - Processing file /home/airflow/.local/lib/python3.7/site-packages/airflow/example_dags/example_skip_dag.py for tasks to queue
[2023-03-18T00:04:18.130+0000] {logging_mixin.py:137} INFO - [2023-03-18T00:04:18.130+0000] {dagbag.py:538} INFO - Filling up the DagBag from /home/airflow/.local/lib/python3.7/site-packages/airflow/example_dags/example_skip_dag.py
[2023-03-18T00:04:18.149+0000] {processor.py:753} INFO - DAG(s) dict_keys(['example_skip_dag']) retrieved from /home/airflow/.local/lib/python3.7/site-packages/airflow/example_dags/example_skip_dag.py
[2023-03-18T00:04:18.181+0000] {logging_mixin.py:137} INFO - [2023-03-18T00:04:18.181+0000] {dag.py:2690} INFO - Sync 1 DAGs
[2023-03-18T00:04:18.215+0000] {logging_mixin.py:137} INFO - [2023-03-18T00:04:18.215+0000] {dag.py:3441} INFO - Setting next_dagrun for example_skip_dag to 2023-03-17T00:04:18.215354+00:00, run_after=2023-03-18T00:04:18.215354+00:00
[2023-03-18T00:04:18.241+0000] {processor.py:175} INFO - Processing /home/airflow/.local/lib/python3.7/site-packages/airflow/example_dags/example_skip_dag.py took 0.118 seconds
[2023-03-18T00:04:49.114+0000] {processor.py:153} INFO - Started process (PID=8848) to work on /home/airflow/.local/lib/python3.7/site-packages/airflow/example_dags/example_skip_dag.py
[2023-03-18T00:04:49.116+0000] {processor.py:743} INFO - Processing file /home/airflow/.local/lib/python3.7/site-packages/airflow/example_dags/example_skip_dag.py for tasks to queue
[2023-03-18T00:04:49.119+0000] {logging_mixin.py:137} INFO - [2023-03-18T00:04:49.118+0000] {dagbag.py:538} INFO - Filling up the DagBag from /home/airflow/.local/lib/python3.7/site-packages/airflow/example_dags/example_skip_dag.py
[2023-03-18T00:04:49.144+0000] {processor.py:753} INFO - DAG(s) dict_keys(['example_skip_dag']) retrieved from /home/airflow/.local/lib/python3.7/site-packages/airflow/example_dags/example_skip_dag.py
[2023-03-18T00:04:49.190+0000] {logging_mixin.py:137} INFO - [2023-03-18T00:04:49.189+0000] {dag.py:2690} INFO - Sync 1 DAGs
[2023-03-18T00:04:49.232+0000] {logging_mixin.py:137} INFO - [2023-03-18T00:04:49.231+0000] {dag.py:3441} INFO - Setting next_dagrun for example_skip_dag to 2023-03-17T00:04:49.231534+00:00, run_after=2023-03-18T00:04:49.231534+00:00
[2023-03-18T00:04:49.267+0000] {processor.py:175} INFO - Processing /home/airflow/.local/lib/python3.7/site-packages/airflow/example_dags/example_skip_dag.py took 0.163 seconds
[2023-03-18T00:05:19.888+0000] {processor.py:153} INFO - Started process (PID=8930) to work on /home/airflow/.local/lib/python3.7/site-packages/airflow/example_dags/example_skip_dag.py
[2023-03-18T00:05:19.889+0000] {processor.py:743} INFO - Processing file /home/airflow/.local/lib/python3.7/site-packages/airflow/example_dags/example_skip_dag.py for tasks to queue
[2023-03-18T00:05:19.890+0000] {logging_mixin.py:137} INFO - [2023-03-18T00:05:19.890+0000] {dagbag.py:538} INFO - Filling up the DagBag from /home/airflow/.local/lib/python3.7/site-packages/airflow/example_dags/example_skip_dag.py
[2023-03-18T00:05:19.914+0000] {processor.py:753} INFO - DAG(s) dict_keys(['example_skip_dag']) retrieved from /home/airflow/.local/lib/python3.7/site-packages/airflow/example_dags/example_skip_dag.py
[2023-03-18T00:05:19.950+0000] {logging_mixin.py:137} INFO - [2023-03-18T00:05:19.950+0000] {dag.py:2690} INFO - Sync 1 DAGs
[2023-03-18T00:05:19.985+0000] {logging_mixin.py:137} INFO - [2023-03-18T00:05:19.984+0000] {dag.py:3441} INFO - Setting next_dagrun for example_skip_dag to 2023-03-17T00:05:19.984580+00:00, run_after=2023-03-18T00:05:19.984580+00:00
[2023-03-18T00:05:20.017+0000] {processor.py:175} INFO - Processing /home/airflow/.local/lib/python3.7/site-packages/airflow/example_dags/example_skip_dag.py took 0.133 seconds
[2023-03-18T00:05:51.029+0000] {processor.py:153} INFO - Started process (PID=9012) to work on /home/airflow/.local/lib/python3.7/site-packages/airflow/example_dags/example_skip_dag.py
[2023-03-18T00:05:51.033+0000] {processor.py:743} INFO - Processing file /home/airflow/.local/lib/python3.7/site-packages/airflow/example_dags/example_skip_dag.py for tasks to queue
[2023-03-18T00:05:51.035+0000] {logging_mixin.py:137} INFO - [2023-03-18T00:05:51.034+0000] {dagbag.py:538} INFO - Filling up the DagBag from /home/airflow/.local/lib/python3.7/site-packages/airflow/example_dags/example_skip_dag.py
[2023-03-18T00:05:51.066+0000] {processor.py:753} INFO - DAG(s) dict_keys(['example_skip_dag']) retrieved from /home/airflow/.local/lib/python3.7/site-packages/airflow/example_dags/example_skip_dag.py
[2023-03-18T00:05:51.103+0000] {logging_mixin.py:137} INFO - [2023-03-18T00:05:51.103+0000] {dag.py:2690} INFO - Sync 1 DAGs
[2023-03-18T00:05:51.135+0000] {logging_mixin.py:137} INFO - [2023-03-18T00:05:51.135+0000] {dag.py:3441} INFO - Setting next_dagrun for example_skip_dag to 2023-03-17T00:05:51.134980+00:00, run_after=2023-03-18T00:05:51.134980+00:00
[2023-03-18T00:05:51.158+0000] {processor.py:175} INFO - Processing /home/airflow/.local/lib/python3.7/site-packages/airflow/example_dags/example_skip_dag.py took 0.135 seconds
[2023-03-18T00:06:22.179+0000] {processor.py:153} INFO - Started process (PID=9103) to work on /home/airflow/.local/lib/python3.7/site-packages/airflow/example_dags/example_skip_dag.py
[2023-03-18T00:06:22.180+0000] {processor.py:743} INFO - Processing file /home/airflow/.local/lib/python3.7/site-packages/airflow/example_dags/example_skip_dag.py for tasks to queue
[2023-03-18T00:06:22.182+0000] {logging_mixin.py:137} INFO - [2023-03-18T00:06:22.182+0000] {dagbag.py:538} INFO - Filling up the DagBag from /home/airflow/.local/lib/python3.7/site-packages/airflow/example_dags/example_skip_dag.py
[2023-03-18T00:06:22.202+0000] {processor.py:753} INFO - DAG(s) dict_keys(['example_skip_dag']) retrieved from /home/airflow/.local/lib/python3.7/site-packages/airflow/example_dags/example_skip_dag.py
[2023-03-18T00:06:22.243+0000] {logging_mixin.py:137} INFO - [2023-03-18T00:06:22.242+0000] {dag.py:2690} INFO - Sync 1 DAGs
[2023-03-18T00:06:22.305+0000] {logging_mixin.py:137} INFO - [2023-03-18T00:06:22.305+0000] {dag.py:3441} INFO - Setting next_dagrun for example_skip_dag to 2023-03-17T00:06:22.304648+00:00, run_after=2023-03-18T00:06:22.304648+00:00
[2023-03-18T00:06:22.348+0000] {processor.py:175} INFO - Processing /home/airflow/.local/lib/python3.7/site-packages/airflow/example_dags/example_skip_dag.py took 0.174 seconds
[2023-03-18T00:06:52.893+0000] {processor.py:153} INFO - Started process (PID=9196) to work on /home/airflow/.local/lib/python3.7/site-packages/airflow/example_dags/example_skip_dag.py
[2023-03-18T00:06:52.895+0000] {processor.py:743} INFO - Processing file /home/airflow/.local/lib/python3.7/site-packages/airflow/example_dags/example_skip_dag.py for tasks to queue
[2023-03-18T00:06:52.896+0000] {logging_mixin.py:137} INFO - [2023-03-18T00:06:52.896+0000] {dagbag.py:538} INFO - Filling up the DagBag from /home/airflow/.local/lib/python3.7/site-packages/airflow/example_dags/example_skip_dag.py
[2023-03-18T00:06:52.913+0000] {processor.py:753} INFO - DAG(s) dict_keys(['example_skip_dag']) retrieved from /home/airflow/.local/lib/python3.7/site-packages/airflow/example_dags/example_skip_dag.py
[2023-03-18T00:06:52.942+0000] {logging_mixin.py:137} INFO - [2023-03-18T00:06:52.942+0000] {dag.py:2690} INFO - Sync 1 DAGs
[2023-03-18T00:06:52.972+0000] {logging_mixin.py:137} INFO - [2023-03-18T00:06:52.972+0000] {dag.py:3441} INFO - Setting next_dagrun for example_skip_dag to 2023-03-17T00:06:52.972395+00:00, run_after=2023-03-18T00:06:52.972395+00:00
[2023-03-18T00:06:52.996+0000] {processor.py:175} INFO - Processing /home/airflow/.local/lib/python3.7/site-packages/airflow/example_dags/example_skip_dag.py took 0.106 seconds
[2023-03-18T00:07:23.560+0000] {processor.py:153} INFO - Started process (PID=9279) to work on /home/airflow/.local/lib/python3.7/site-packages/airflow/example_dags/example_skip_dag.py
[2023-03-18T00:07:23.562+0000] {processor.py:743} INFO - Processing file /home/airflow/.local/lib/python3.7/site-packages/airflow/example_dags/example_skip_dag.py for tasks to queue
[2023-03-18T00:07:23.564+0000] {logging_mixin.py:137} INFO - [2023-03-18T00:07:23.564+0000] {dagbag.py:538} INFO - Filling up the DagBag from /home/airflow/.local/lib/python3.7/site-packages/airflow/example_dags/example_skip_dag.py
[2023-03-18T00:07:23.601+0000] {processor.py:753} INFO - DAG(s) dict_keys(['example_skip_dag']) retrieved from /home/airflow/.local/lib/python3.7/site-packages/airflow/example_dags/example_skip_dag.py
[2023-03-18T00:07:23.652+0000] {logging_mixin.py:137} INFO - [2023-03-18T00:07:23.652+0000] {dag.py:2690} INFO - Sync 1 DAGs
[2023-03-18T00:07:23.687+0000] {logging_mixin.py:137} INFO - [2023-03-18T00:07:23.687+0000] {dag.py:3441} INFO - Setting next_dagrun for example_skip_dag to 2023-03-17T00:07:23.686686+00:00, run_after=2023-03-18T00:07:23.686686+00:00
[2023-03-18T00:07:23.720+0000] {processor.py:175} INFO - Processing /home/airflow/.local/lib/python3.7/site-packages/airflow/example_dags/example_skip_dag.py took 0.172 seconds
[2023-03-18T00:07:53.822+0000] {processor.py:153} INFO - Started process (PID=9362) to work on /home/airflow/.local/lib/python3.7/site-packages/airflow/example_dags/example_skip_dag.py
[2023-03-18T00:07:53.824+0000] {processor.py:743} INFO - Processing file /home/airflow/.local/lib/python3.7/site-packages/airflow/example_dags/example_skip_dag.py for tasks to queue
[2023-03-18T00:07:53.825+0000] {logging_mixin.py:137} INFO - [2023-03-18T00:07:53.825+0000] {dagbag.py:538} INFO - Filling up the DagBag from /home/airflow/.local/lib/python3.7/site-packages/airflow/example_dags/example_skip_dag.py
[2023-03-18T00:07:53.840+0000] {processor.py:753} INFO - DAG(s) dict_keys(['example_skip_dag']) retrieved from /home/airflow/.local/lib/python3.7/site-packages/airflow/example_dags/example_skip_dag.py
[2023-03-18T00:07:53.872+0000] {logging_mixin.py:137} INFO - [2023-03-18T00:07:53.872+0000] {dag.py:2690} INFO - Sync 1 DAGs
[2023-03-18T00:07:53.905+0000] {logging_mixin.py:137} INFO - [2023-03-18T00:07:53.904+0000] {dag.py:3441} INFO - Setting next_dagrun for example_skip_dag to 2023-03-17T00:07:53.904579+00:00, run_after=2023-03-18T00:07:53.904579+00:00
[2023-03-18T00:07:53.933+0000] {processor.py:175} INFO - Processing /home/airflow/.local/lib/python3.7/site-packages/airflow/example_dags/example_skip_dag.py took 0.114 seconds
[2023-03-18T00:08:24.956+0000] {processor.py:153} INFO - Started process (PID=9444) to work on /home/airflow/.local/lib/python3.7/site-packages/airflow/example_dags/example_skip_dag.py
[2023-03-18T00:08:24.958+0000] {processor.py:743} INFO - Processing file /home/airflow/.local/lib/python3.7/site-packages/airflow/example_dags/example_skip_dag.py for tasks to queue
[2023-03-18T00:08:24.959+0000] {logging_mixin.py:137} INFO - [2023-03-18T00:08:24.959+0000] {dagbag.py:538} INFO - Filling up the DagBag from /home/airflow/.local/lib/python3.7/site-packages/airflow/example_dags/example_skip_dag.py
[2023-03-18T00:08:24.977+0000] {processor.py:753} INFO - DAG(s) dict_keys(['example_skip_dag']) retrieved from /home/airflow/.local/lib/python3.7/site-packages/airflow/example_dags/example_skip_dag.py
[2023-03-18T00:08:25.008+0000] {logging_mixin.py:137} INFO - [2023-03-18T00:08:25.008+0000] {dag.py:2690} INFO - Sync 1 DAGs
[2023-03-18T00:08:25.041+0000] {logging_mixin.py:137} INFO - [2023-03-18T00:08:25.041+0000] {dag.py:3441} INFO - Setting next_dagrun for example_skip_dag to 2023-03-17T00:08:25.041315+00:00, run_after=2023-03-18T00:08:25.041315+00:00
[2023-03-18T00:08:25.075+0000] {processor.py:175} INFO - Processing /home/airflow/.local/lib/python3.7/site-packages/airflow/example_dags/example_skip_dag.py took 0.122 seconds
[2023-03-18T00:08:56.085+0000] {processor.py:153} INFO - Started process (PID=9535) to work on /home/airflow/.local/lib/python3.7/site-packages/airflow/example_dags/example_skip_dag.py
[2023-03-18T00:08:56.087+0000] {processor.py:743} INFO - Processing file /home/airflow/.local/lib/python3.7/site-packages/airflow/example_dags/example_skip_dag.py for tasks to queue
[2023-03-18T00:08:56.090+0000] {logging_mixin.py:137} INFO - [2023-03-18T00:08:56.089+0000] {dagbag.py:538} INFO - Filling up the DagBag from /home/airflow/.local/lib/python3.7/site-packages/airflow/example_dags/example_skip_dag.py
[2023-03-18T00:08:56.114+0000] {processor.py:753} INFO - DAG(s) dict_keys(['example_skip_dag']) retrieved from /home/airflow/.local/lib/python3.7/site-packages/airflow/example_dags/example_skip_dag.py
[2023-03-18T00:08:56.155+0000] {logging_mixin.py:137} INFO - [2023-03-18T00:08:56.155+0000] {dag.py:2690} INFO - Sync 1 DAGs
[2023-03-18T00:08:56.208+0000] {logging_mixin.py:137} INFO - [2023-03-18T00:08:56.208+0000] {dag.py:3441} INFO - Setting next_dagrun for example_skip_dag to 2023-03-17T00:08:56.207567+00:00, run_after=2023-03-18T00:08:56.207567+00:00
[2023-03-18T00:08:56.255+0000] {processor.py:175} INFO - Processing /home/airflow/.local/lib/python3.7/site-packages/airflow/example_dags/example_skip_dag.py took 0.178 seconds
[2023-03-18T00:09:26.367+0000] {processor.py:153} INFO - Started process (PID=9628) to work on /home/airflow/.local/lib/python3.7/site-packages/airflow/example_dags/example_skip_dag.py
[2023-03-18T00:09:26.368+0000] {processor.py:743} INFO - Processing file /home/airflow/.local/lib/python3.7/site-packages/airflow/example_dags/example_skip_dag.py for tasks to queue
[2023-03-18T00:09:26.369+0000] {logging_mixin.py:137} INFO - [2023-03-18T00:09:26.369+0000] {dagbag.py:538} INFO - Filling up the DagBag from /home/airflow/.local/lib/python3.7/site-packages/airflow/example_dags/example_skip_dag.py
[2023-03-18T00:09:26.386+0000] {processor.py:753} INFO - DAG(s) dict_keys(['example_skip_dag']) retrieved from /home/airflow/.local/lib/python3.7/site-packages/airflow/example_dags/example_skip_dag.py
[2023-03-18T00:09:26.417+0000] {logging_mixin.py:137} INFO - [2023-03-18T00:09:26.417+0000] {dag.py:2690} INFO - Sync 1 DAGs
[2023-03-18T00:09:26.446+0000] {logging_mixin.py:137} INFO - [2023-03-18T00:09:26.446+0000] {dag.py:3441} INFO - Setting next_dagrun for example_skip_dag to 2023-03-17T00:09:26.446164+00:00, run_after=2023-03-18T00:09:26.446164+00:00
[2023-03-18T00:09:26.473+0000] {processor.py:175} INFO - Processing /home/airflow/.local/lib/python3.7/site-packages/airflow/example_dags/example_skip_dag.py took 0.109 seconds
[2023-03-18T00:09:57.364+0000] {processor.py:153} INFO - Started process (PID=9710) to work on /home/airflow/.local/lib/python3.7/site-packages/airflow/example_dags/example_skip_dag.py
[2023-03-18T00:09:57.365+0000] {processor.py:743} INFO - Processing file /home/airflow/.local/lib/python3.7/site-packages/airflow/example_dags/example_skip_dag.py for tasks to queue
[2023-03-18T00:09:57.366+0000] {logging_mixin.py:137} INFO - [2023-03-18T00:09:57.366+0000] {dagbag.py:538} INFO - Filling up the DagBag from /home/airflow/.local/lib/python3.7/site-packages/airflow/example_dags/example_skip_dag.py
[2023-03-18T00:09:57.381+0000] {processor.py:753} INFO - DAG(s) dict_keys(['example_skip_dag']) retrieved from /home/airflow/.local/lib/python3.7/site-packages/airflow/example_dags/example_skip_dag.py
[2023-03-18T00:09:57.408+0000] {logging_mixin.py:137} INFO - [2023-03-18T00:09:57.408+0000] {dag.py:2690} INFO - Sync 1 DAGs
[2023-03-18T00:09:57.435+0000] {logging_mixin.py:137} INFO - [2023-03-18T00:09:57.435+0000] {dag.py:3441} INFO - Setting next_dagrun for example_skip_dag to 2023-03-17T00:09:57.434963+00:00, run_after=2023-03-18T00:09:57.434963+00:00
[2023-03-18T00:09:57.457+0000] {processor.py:175} INFO - Processing /home/airflow/.local/lib/python3.7/site-packages/airflow/example_dags/example_skip_dag.py took 0.097 seconds
[2023-03-18T00:10:27.721+0000] {processor.py:153} INFO - Started process (PID=9792) to work on /home/airflow/.local/lib/python3.7/site-packages/airflow/example_dags/example_skip_dag.py
[2023-03-18T00:10:27.723+0000] {processor.py:743} INFO - Processing file /home/airflow/.local/lib/python3.7/site-packages/airflow/example_dags/example_skip_dag.py for tasks to queue
[2023-03-18T00:10:27.724+0000] {logging_mixin.py:137} INFO - [2023-03-18T00:10:27.724+0000] {dagbag.py:538} INFO - Filling up the DagBag from /home/airflow/.local/lib/python3.7/site-packages/airflow/example_dags/example_skip_dag.py
[2023-03-18T00:10:27.745+0000] {processor.py:753} INFO - DAG(s) dict_keys(['example_skip_dag']) retrieved from /home/airflow/.local/lib/python3.7/site-packages/airflow/example_dags/example_skip_dag.py
[2023-03-18T00:10:27.779+0000] {logging_mixin.py:137} INFO - [2023-03-18T00:10:27.779+0000] {dag.py:2690} INFO - Sync 1 DAGs
[2023-03-18T00:10:27.816+0000] {logging_mixin.py:137} INFO - [2023-03-18T00:10:27.816+0000] {dag.py:3441} INFO - Setting next_dagrun for example_skip_dag to 2023-03-17T00:10:27.816116+00:00, run_after=2023-03-18T00:10:27.816116+00:00
[2023-03-18T00:10:27.843+0000] {processor.py:175} INFO - Processing /home/airflow/.local/lib/python3.7/site-packages/airflow/example_dags/example_skip_dag.py took 0.127 seconds
[2023-03-18T00:10:58.746+0000] {processor.py:153} INFO - Started process (PID=9881) to work on /home/airflow/.local/lib/python3.7/site-packages/airflow/example_dags/example_skip_dag.py
[2023-03-18T00:10:58.747+0000] {processor.py:743} INFO - Processing file /home/airflow/.local/lib/python3.7/site-packages/airflow/example_dags/example_skip_dag.py for tasks to queue
[2023-03-18T00:10:58.749+0000] {logging_mixin.py:137} INFO - [2023-03-18T00:10:58.748+0000] {dagbag.py:538} INFO - Filling up the DagBag from /home/airflow/.local/lib/python3.7/site-packages/airflow/example_dags/example_skip_dag.py
[2023-03-18T00:10:58.780+0000] {processor.py:753} INFO - DAG(s) dict_keys(['example_skip_dag']) retrieved from /home/airflow/.local/lib/python3.7/site-packages/airflow/example_dags/example_skip_dag.py
[2023-03-18T00:10:58.872+0000] {logging_mixin.py:137} INFO - [2023-03-18T00:10:58.872+0000] {dag.py:2690} INFO - Sync 1 DAGs
[2023-03-18T00:10:58.919+0000] {logging_mixin.py:137} INFO - [2023-03-18T00:10:58.918+0000] {dag.py:3441} INFO - Setting next_dagrun for example_skip_dag to 2023-03-17T00:10:58.918445+00:00, run_after=2023-03-18T00:10:58.918445+00:00
[2023-03-18T00:10:58.967+0000] {processor.py:175} INFO - Processing /home/airflow/.local/lib/python3.7/site-packages/airflow/example_dags/example_skip_dag.py took 0.226 seconds
[2023-03-18T00:11:29.904+0000] {processor.py:153} INFO - Started process (PID=9976) to work on /home/airflow/.local/lib/python3.7/site-packages/airflow/example_dags/example_skip_dag.py
[2023-03-18T00:11:29.906+0000] {processor.py:743} INFO - Processing file /home/airflow/.local/lib/python3.7/site-packages/airflow/example_dags/example_skip_dag.py for tasks to queue
[2023-03-18T00:11:29.908+0000] {logging_mixin.py:137} INFO - [2023-03-18T00:11:29.907+0000] {dagbag.py:538} INFO - Filling up the DagBag from /home/airflow/.local/lib/python3.7/site-packages/airflow/example_dags/example_skip_dag.py
[2023-03-18T00:11:29.941+0000] {processor.py:753} INFO - DAG(s) dict_keys(['example_skip_dag']) retrieved from /home/airflow/.local/lib/python3.7/site-packages/airflow/example_dags/example_skip_dag.py
[2023-03-18T00:11:30.004+0000] {logging_mixin.py:137} INFO - [2023-03-18T00:11:30.004+0000] {dag.py:2690} INFO - Sync 1 DAGs
[2023-03-18T00:11:30.051+0000] {logging_mixin.py:137} INFO - [2023-03-18T00:11:30.051+0000] {dag.py:3441} INFO - Setting next_dagrun for example_skip_dag to 2023-03-17T00:11:30.050823+00:00, run_after=2023-03-18T00:11:30.050823+00:00
[2023-03-18T00:11:30.086+0000] {processor.py:175} INFO - Processing /home/airflow/.local/lib/python3.7/site-packages/airflow/example_dags/example_skip_dag.py took 0.189 seconds
[2023-03-18T00:12:00.455+0000] {processor.py:153} INFO - Started process (PID=10058) to work on /home/airflow/.local/lib/python3.7/site-packages/airflow/example_dags/example_skip_dag.py
[2023-03-18T00:12:00.457+0000] {processor.py:743} INFO - Processing file /home/airflow/.local/lib/python3.7/site-packages/airflow/example_dags/example_skip_dag.py for tasks to queue
[2023-03-18T00:12:00.458+0000] {logging_mixin.py:137} INFO - [2023-03-18T00:12:00.458+0000] {dagbag.py:538} INFO - Filling up the DagBag from /home/airflow/.local/lib/python3.7/site-packages/airflow/example_dags/example_skip_dag.py
[2023-03-18T00:12:00.481+0000] {processor.py:753} INFO - DAG(s) dict_keys(['example_skip_dag']) retrieved from /home/airflow/.local/lib/python3.7/site-packages/airflow/example_dags/example_skip_dag.py
[2023-03-18T00:12:00.519+0000] {logging_mixin.py:137} INFO - [2023-03-18T00:12:00.519+0000] {dag.py:2690} INFO - Sync 1 DAGs
[2023-03-18T00:12:00.561+0000] {logging_mixin.py:137} INFO - [2023-03-18T00:12:00.560+0000] {dag.py:3441} INFO - Setting next_dagrun for example_skip_dag to 2023-03-17T00:12:00.560547+00:00, run_after=2023-03-18T00:12:00.560547+00:00
[2023-03-18T00:12:00.592+0000] {processor.py:175} INFO - Processing /home/airflow/.local/lib/python3.7/site-packages/airflow/example_dags/example_skip_dag.py took 0.141 seconds
[2023-03-18T00:12:31.594+0000] {processor.py:153} INFO - Started process (PID=10142) to work on /home/airflow/.local/lib/python3.7/site-packages/airflow/example_dags/example_skip_dag.py
[2023-03-18T00:12:31.595+0000] {processor.py:743} INFO - Processing file /home/airflow/.local/lib/python3.7/site-packages/airflow/example_dags/example_skip_dag.py for tasks to queue
[2023-03-18T00:12:31.596+0000] {logging_mixin.py:137} INFO - [2023-03-18T00:12:31.596+0000] {dagbag.py:538} INFO - Filling up the DagBag from /home/airflow/.local/lib/python3.7/site-packages/airflow/example_dags/example_skip_dag.py
[2023-03-18T00:12:31.613+0000] {processor.py:753} INFO - DAG(s) dict_keys(['example_skip_dag']) retrieved from /home/airflow/.local/lib/python3.7/site-packages/airflow/example_dags/example_skip_dag.py
[2023-03-18T00:12:31.652+0000] {logging_mixin.py:137} INFO - [2023-03-18T00:12:31.651+0000] {dag.py:2690} INFO - Sync 1 DAGs
[2023-03-18T00:12:31.696+0000] {logging_mixin.py:137} INFO - [2023-03-18T00:12:31.696+0000] {dag.py:3441} INFO - Setting next_dagrun for example_skip_dag to 2023-03-17T00:12:31.695251+00:00, run_after=2023-03-18T00:12:31.695251+00:00
[2023-03-18T00:12:31.743+0000] {processor.py:175} INFO - Processing /home/airflow/.local/lib/python3.7/site-packages/airflow/example_dags/example_skip_dag.py took 0.153 seconds
[2023-03-18T00:13:02.270+0000] {processor.py:153} INFO - Started process (PID=10224) to work on /home/airflow/.local/lib/python3.7/site-packages/airflow/example_dags/example_skip_dag.py
[2023-03-18T00:13:02.271+0000] {processor.py:743} INFO - Processing file /home/airflow/.local/lib/python3.7/site-packages/airflow/example_dags/example_skip_dag.py for tasks to queue
[2023-03-18T00:13:02.273+0000] {logging_mixin.py:137} INFO - [2023-03-18T00:13:02.272+0000] {dagbag.py:538} INFO - Filling up the DagBag from /home/airflow/.local/lib/python3.7/site-packages/airflow/example_dags/example_skip_dag.py
[2023-03-18T00:13:02.291+0000] {processor.py:753} INFO - DAG(s) dict_keys(['example_skip_dag']) retrieved from /home/airflow/.local/lib/python3.7/site-packages/airflow/example_dags/example_skip_dag.py
[2023-03-18T00:13:02.318+0000] {logging_mixin.py:137} INFO - [2023-03-18T00:13:02.318+0000] {dag.py:2690} INFO - Sync 1 DAGs
[2023-03-18T00:13:02.344+0000] {logging_mixin.py:137} INFO - [2023-03-18T00:13:02.344+0000] {dag.py:3441} INFO - Setting next_dagrun for example_skip_dag to 2023-03-17T00:13:02.344001+00:00, run_after=2023-03-18T00:13:02.344001+00:00
[2023-03-18T00:13:02.364+0000] {processor.py:175} INFO - Processing /home/airflow/.local/lib/python3.7/site-packages/airflow/example_dags/example_skip_dag.py took 0.098 seconds
[2023-03-18T00:13:33.364+0000] {processor.py:153} INFO - Started process (PID=10326) to work on /home/airflow/.local/lib/python3.7/site-packages/airflow/example_dags/example_skip_dag.py
[2023-03-18T00:13:33.366+0000] {processor.py:743} INFO - Processing file /home/airflow/.local/lib/python3.7/site-packages/airflow/example_dags/example_skip_dag.py for tasks to queue
[2023-03-18T00:13:33.368+0000] {logging_mixin.py:137} INFO - [2023-03-18T00:13:33.368+0000] {dagbag.py:538} INFO - Filling up the DagBag from /home/airflow/.local/lib/python3.7/site-packages/airflow/example_dags/example_skip_dag.py
[2023-03-18T00:13:33.388+0000] {processor.py:753} INFO - DAG(s) dict_keys(['example_skip_dag']) retrieved from /home/airflow/.local/lib/python3.7/site-packages/airflow/example_dags/example_skip_dag.py
[2023-03-18T00:13:33.428+0000] {logging_mixin.py:137} INFO - [2023-03-18T00:13:33.428+0000] {dag.py:2690} INFO - Sync 1 DAGs
[2023-03-18T00:13:33.479+0000] {logging_mixin.py:137} INFO - [2023-03-18T00:13:33.479+0000] {dag.py:3441} INFO - Setting next_dagrun for example_skip_dag to 2023-03-17T00:13:33.478727+00:00, run_after=2023-03-18T00:13:33.478727+00:00
[2023-03-18T00:13:33.525+0000] {processor.py:175} INFO - Processing /home/airflow/.local/lib/python3.7/site-packages/airflow/example_dags/example_skip_dag.py took 0.166 seconds
[2023-03-18T00:14:03.957+0000] {processor.py:153} INFO - Started process (PID=10408) to work on /home/airflow/.local/lib/python3.7/site-packages/airflow/example_dags/example_skip_dag.py
[2023-03-18T00:14:03.959+0000] {processor.py:743} INFO - Processing file /home/airflow/.local/lib/python3.7/site-packages/airflow/example_dags/example_skip_dag.py for tasks to queue
[2023-03-18T00:14:03.961+0000] {logging_mixin.py:137} INFO - [2023-03-18T00:14:03.960+0000] {dagbag.py:538} INFO - Filling up the DagBag from /home/airflow/.local/lib/python3.7/site-packages/airflow/example_dags/example_skip_dag.py
[2023-03-18T00:14:03.982+0000] {processor.py:753} INFO - DAG(s) dict_keys(['example_skip_dag']) retrieved from /home/airflow/.local/lib/python3.7/site-packages/airflow/example_dags/example_skip_dag.py
[2023-03-18T00:14:04.020+0000] {logging_mixin.py:137} INFO - [2023-03-18T00:14:04.020+0000] {dag.py:2690} INFO - Sync 1 DAGs
[2023-03-18T00:14:04.070+0000] {logging_mixin.py:137} INFO - [2023-03-18T00:14:04.069+0000] {dag.py:3441} INFO - Setting next_dagrun for example_skip_dag to 2023-03-17T00:14:04.069107+00:00, run_after=2023-03-18T00:14:04.069107+00:00
[2023-03-18T00:14:04.146+0000] {processor.py:175} INFO - Processing /home/airflow/.local/lib/python3.7/site-packages/airflow/example_dags/example_skip_dag.py took 0.193 seconds
[2023-03-18T00:14:35.050+0000] {processor.py:153} INFO - Started process (PID=10490) to work on /home/airflow/.local/lib/python3.7/site-packages/airflow/example_dags/example_skip_dag.py
[2023-03-18T00:14:35.051+0000] {processor.py:743} INFO - Processing file /home/airflow/.local/lib/python3.7/site-packages/airflow/example_dags/example_skip_dag.py for tasks to queue
[2023-03-18T00:14:35.053+0000] {logging_mixin.py:137} INFO - [2023-03-18T00:14:35.053+0000] {dagbag.py:538} INFO - Filling up the DagBag from /home/airflow/.local/lib/python3.7/site-packages/airflow/example_dags/example_skip_dag.py
[2023-03-18T00:14:35.074+0000] {processor.py:753} INFO - DAG(s) dict_keys(['example_skip_dag']) retrieved from /home/airflow/.local/lib/python3.7/site-packages/airflow/example_dags/example_skip_dag.py
[2023-03-18T00:14:35.118+0000] {logging_mixin.py:137} INFO - [2023-03-18T00:14:35.117+0000] {dag.py:2690} INFO - Sync 1 DAGs
[2023-03-18T00:14:35.157+0000] {logging_mixin.py:137} INFO - [2023-03-18T00:14:35.157+0000] {dag.py:3441} INFO - Setting next_dagrun for example_skip_dag to 2023-03-17T00:14:35.157230+00:00, run_after=2023-03-18T00:14:35.157230+00:00
[2023-03-18T00:14:35.188+0000] {processor.py:175} INFO - Processing /home/airflow/.local/lib/python3.7/site-packages/airflow/example_dags/example_skip_dag.py took 0.141 seconds
[2023-03-18T00:15:06.244+0000] {processor.py:153} INFO - Started process (PID=10572) to work on /home/airflow/.local/lib/python3.7/site-packages/airflow/example_dags/example_skip_dag.py
[2023-03-18T00:15:06.246+0000] {processor.py:743} INFO - Processing file /home/airflow/.local/lib/python3.7/site-packages/airflow/example_dags/example_skip_dag.py for tasks to queue
[2023-03-18T00:15:06.248+0000] {logging_mixin.py:137} INFO - [2023-03-18T00:15:06.248+0000] {dagbag.py:538} INFO - Filling up the DagBag from /home/airflow/.local/lib/python3.7/site-packages/airflow/example_dags/example_skip_dag.py
[2023-03-18T00:15:06.277+0000] {processor.py:753} INFO - DAG(s) dict_keys(['example_skip_dag']) retrieved from /home/airflow/.local/lib/python3.7/site-packages/airflow/example_dags/example_skip_dag.py
[2023-03-18T00:15:06.327+0000] {logging_mixin.py:137} INFO - [2023-03-18T00:15:06.327+0000] {dag.py:2690} INFO - Sync 1 DAGs
[2023-03-18T00:15:06.376+0000] {logging_mixin.py:137} INFO - [2023-03-18T00:15:06.375+0000] {dag.py:3441} INFO - Setting next_dagrun for example_skip_dag to 2023-03-17T00:15:06.375441+00:00, run_after=2023-03-18T00:15:06.375441+00:00
[2023-03-18T00:15:06.413+0000] {processor.py:175} INFO - Processing /home/airflow/.local/lib/python3.7/site-packages/airflow/example_dags/example_skip_dag.py took 0.175 seconds
[2023-03-18T00:15:36.845+0000] {processor.py:153} INFO - Started process (PID=10674) to work on /home/airflow/.local/lib/python3.7/site-packages/airflow/example_dags/example_skip_dag.py
[2023-03-18T00:15:36.847+0000] {processor.py:743} INFO - Processing file /home/airflow/.local/lib/python3.7/site-packages/airflow/example_dags/example_skip_dag.py for tasks to queue
[2023-03-18T00:15:36.849+0000] {logging_mixin.py:137} INFO - [2023-03-18T00:15:36.849+0000] {dagbag.py:538} INFO - Filling up the DagBag from /home/airflow/.local/lib/python3.7/site-packages/airflow/example_dags/example_skip_dag.py
[2023-03-18T00:15:36.889+0000] {processor.py:753} INFO - DAG(s) dict_keys(['example_skip_dag']) retrieved from /home/airflow/.local/lib/python3.7/site-packages/airflow/example_dags/example_skip_dag.py
[2023-03-18T00:15:36.947+0000] {logging_mixin.py:137} INFO - [2023-03-18T00:15:36.946+0000] {dag.py:2690} INFO - Sync 1 DAGs
[2023-03-18T00:15:36.988+0000] {logging_mixin.py:137} INFO - [2023-03-18T00:15:36.987+0000] {dag.py:3441} INFO - Setting next_dagrun for example_skip_dag to 2023-03-17T00:15:36.987334+00:00, run_after=2023-03-18T00:15:36.987334+00:00
[2023-03-18T00:15:37.040+0000] {processor.py:175} INFO - Processing /home/airflow/.local/lib/python3.7/site-packages/airflow/example_dags/example_skip_dag.py took 0.200 seconds
[2023-03-18T00:16:07.514+0000] {processor.py:153} INFO - Started process (PID=10756) to work on /home/airflow/.local/lib/python3.7/site-packages/airflow/example_dags/example_skip_dag.py
[2023-03-18T00:16:07.515+0000] {processor.py:743} INFO - Processing file /home/airflow/.local/lib/python3.7/site-packages/airflow/example_dags/example_skip_dag.py for tasks to queue
[2023-03-18T00:16:07.516+0000] {logging_mixin.py:137} INFO - [2023-03-18T00:16:07.516+0000] {dagbag.py:538} INFO - Filling up the DagBag from /home/airflow/.local/lib/python3.7/site-packages/airflow/example_dags/example_skip_dag.py
[2023-03-18T00:16:07.535+0000] {processor.py:753} INFO - DAG(s) dict_keys(['example_skip_dag']) retrieved from /home/airflow/.local/lib/python3.7/site-packages/airflow/example_dags/example_skip_dag.py
[2023-03-18T00:16:07.564+0000] {logging_mixin.py:137} INFO - [2023-03-18T00:16:07.563+0000] {dag.py:2690} INFO - Sync 1 DAGs
[2023-03-18T00:16:07.595+0000] {logging_mixin.py:137} INFO - [2023-03-18T00:16:07.595+0000] {dag.py:3441} INFO - Setting next_dagrun for example_skip_dag to 2023-03-17T00:16:07.594908+00:00, run_after=2023-03-18T00:16:07.594908+00:00
[2023-03-18T00:16:07.627+0000] {processor.py:175} INFO - Processing /home/airflow/.local/lib/python3.7/site-packages/airflow/example_dags/example_skip_dag.py took 0.117 seconds
