[2023-03-18T00:00:19.580+0000] {processor.py:153} INFO - Started process (PID=8104) to work on /home/airflow/.local/lib/python3.7/site-packages/airflow/example_dags/example_bash_operator.py
[2023-03-18T00:00:19.582+0000] {processor.py:743} INFO - Processing file /home/airflow/.local/lib/python3.7/site-packages/airflow/example_dags/example_bash_operator.py for tasks to queue
[2023-03-18T00:00:19.583+0000] {logging_mixin.py:137} INFO - [2023-03-18T00:00:19.583+0000] {dagbag.py:538} INFO - Filling up the DagBag from /home/airflow/.local/lib/python3.7/site-packages/airflow/example_dags/example_bash_operator.py
[2023-03-18T00:00:19.617+0000] {processor.py:753} INFO - DAG(s) dict_keys(['example_bash_operator']) retrieved from /home/airflow/.local/lib/python3.7/site-packages/airflow/example_dags/example_bash_operator.py
[2023-03-18T00:00:19.663+0000] {logging_mixin.py:137} INFO - [2023-03-18T00:00:19.663+0000] {dag.py:2690} INFO - Sync 1 DAGs
[2023-03-18T00:00:19.719+0000] {logging_mixin.py:137} INFO - [2023-03-18T00:00:19.719+0000] {dag.py:3441} INFO - Setting next_dagrun for example_bash_operator to 2023-03-17T00:00:00+00:00, run_after=2023-03-18T00:00:00+00:00
[2023-03-18T00:00:19.750+0000] {processor.py:175} INFO - Processing /home/airflow/.local/lib/python3.7/site-packages/airflow/example_dags/example_bash_operator.py took 0.174 seconds
[2023-03-18T00:00:51.469+0000] {processor.py:153} INFO - Started process (PID=8206) to work on /home/airflow/.local/lib/python3.7/site-packages/airflow/example_dags/example_bash_operator.py
[2023-03-18T00:00:51.472+0000] {processor.py:743} INFO - Processing file /home/airflow/.local/lib/python3.7/site-packages/airflow/example_dags/example_bash_operator.py for tasks to queue
[2023-03-18T00:00:51.481+0000] {logging_mixin.py:137} INFO - [2023-03-18T00:00:51.480+0000] {dagbag.py:538} INFO - Filling up the DagBag from /home/airflow/.local/lib/python3.7/site-packages/airflow/example_dags/example_bash_operator.py
[2023-03-18T00:00:51.589+0000] {processor.py:753} INFO - DAG(s) dict_keys(['example_bash_operator']) retrieved from /home/airflow/.local/lib/python3.7/site-packages/airflow/example_dags/example_bash_operator.py
[2023-03-18T00:00:51.684+0000] {logging_mixin.py:137} INFO - [2023-03-18T00:00:51.684+0000] {dag.py:2690} INFO - Sync 1 DAGs
[2023-03-18T00:00:51.786+0000] {logging_mixin.py:137} INFO - [2023-03-18T00:00:51.785+0000] {dag.py:3441} INFO - Setting next_dagrun for example_bash_operator to 2023-03-17T00:00:00+00:00, run_after=2023-03-18T00:00:00+00:00
[2023-03-18T00:00:51.861+0000] {processor.py:175} INFO - Processing /home/airflow/.local/lib/python3.7/site-packages/airflow/example_dags/example_bash_operator.py took 0.401 seconds
[2023-03-18T00:01:22.239+0000] {processor.py:153} INFO - Started process (PID=8277) to work on /home/airflow/.local/lib/python3.7/site-packages/airflow/example_dags/example_bash_operator.py
[2023-03-18T00:01:22.241+0000] {processor.py:743} INFO - Processing file /home/airflow/.local/lib/python3.7/site-packages/airflow/example_dags/example_bash_operator.py for tasks to queue
[2023-03-18T00:01:22.243+0000] {logging_mixin.py:137} INFO - [2023-03-18T00:01:22.242+0000] {dagbag.py:538} INFO - Filling up the DagBag from /home/airflow/.local/lib/python3.7/site-packages/airflow/example_dags/example_bash_operator.py
[2023-03-18T00:01:22.307+0000] {processor.py:753} INFO - DAG(s) dict_keys(['example_bash_operator']) retrieved from /home/airflow/.local/lib/python3.7/site-packages/airflow/example_dags/example_bash_operator.py
[2023-03-18T00:01:22.451+0000] {logging_mixin.py:137} INFO - [2023-03-18T00:01:22.451+0000] {dag.py:2690} INFO - Sync 1 DAGs
[2023-03-18T00:01:22.559+0000] {logging_mixin.py:137} INFO - [2023-03-18T00:01:22.558+0000] {dag.py:3441} INFO - Setting next_dagrun for example_bash_operator to 2023-03-17T00:00:00+00:00, run_after=2023-03-18T00:00:00+00:00
[2023-03-18T00:01:22.618+0000] {processor.py:175} INFO - Processing /home/airflow/.local/lib/python3.7/site-packages/airflow/example_dags/example_bash_operator.py took 0.385 seconds
[2023-03-18T00:01:53.661+0000] {processor.py:153} INFO - Started process (PID=8360) to work on /home/airflow/.local/lib/python3.7/site-packages/airflow/example_dags/example_bash_operator.py
[2023-03-18T00:01:53.665+0000] {processor.py:743} INFO - Processing file /home/airflow/.local/lib/python3.7/site-packages/airflow/example_dags/example_bash_operator.py for tasks to queue
[2023-03-18T00:01:53.669+0000] {logging_mixin.py:137} INFO - [2023-03-18T00:01:53.668+0000] {dagbag.py:538} INFO - Filling up the DagBag from /home/airflow/.local/lib/python3.7/site-packages/airflow/example_dags/example_bash_operator.py
[2023-03-18T00:01:53.779+0000] {processor.py:753} INFO - DAG(s) dict_keys(['example_bash_operator']) retrieved from /home/airflow/.local/lib/python3.7/site-packages/airflow/example_dags/example_bash_operator.py
[2023-03-18T00:01:53.911+0000] {logging_mixin.py:137} INFO - [2023-03-18T00:01:53.911+0000] {dag.py:2690} INFO - Sync 1 DAGs
[2023-03-18T00:01:54.006+0000] {logging_mixin.py:137} INFO - [2023-03-18T00:01:54.005+0000] {dag.py:3441} INFO - Setting next_dagrun for example_bash_operator to 2023-03-17T00:00:00+00:00, run_after=2023-03-18T00:00:00+00:00
[2023-03-18T00:01:54.064+0000] {processor.py:175} INFO - Processing /home/airflow/.local/lib/python3.7/site-packages/airflow/example_dags/example_bash_operator.py took 0.424 seconds
[2023-03-18T00:02:24.470+0000] {processor.py:153} INFO - Started process (PID=8442) to work on /home/airflow/.local/lib/python3.7/site-packages/airflow/example_dags/example_bash_operator.py
[2023-03-18T00:02:24.473+0000] {processor.py:743} INFO - Processing file /home/airflow/.local/lib/python3.7/site-packages/airflow/example_dags/example_bash_operator.py for tasks to queue
[2023-03-18T00:02:24.476+0000] {logging_mixin.py:137} INFO - [2023-03-18T00:02:24.475+0000] {dagbag.py:538} INFO - Filling up the DagBag from /home/airflow/.local/lib/python3.7/site-packages/airflow/example_dags/example_bash_operator.py
[2023-03-18T00:02:24.578+0000] {processor.py:753} INFO - DAG(s) dict_keys(['example_bash_operator']) retrieved from /home/airflow/.local/lib/python3.7/site-packages/airflow/example_dags/example_bash_operator.py
[2023-03-18T00:02:24.801+0000] {logging_mixin.py:137} INFO - [2023-03-18T00:02:24.801+0000] {dag.py:2690} INFO - Sync 1 DAGs
[2023-03-18T00:02:24.903+0000] {logging_mixin.py:137} INFO - [2023-03-18T00:02:24.903+0000] {dag.py:3441} INFO - Setting next_dagrun for example_bash_operator to 2023-03-17T00:00:00+00:00, run_after=2023-03-18T00:00:00+00:00
[2023-03-18T00:02:24.956+0000] {processor.py:175} INFO - Processing /home/airflow/.local/lib/python3.7/site-packages/airflow/example_dags/example_bash_operator.py took 0.510 seconds
[2023-03-18T00:02:55.916+0000] {processor.py:153} INFO - Started process (PID=8524) to work on /home/airflow/.local/lib/python3.7/site-packages/airflow/example_dags/example_bash_operator.py
[2023-03-18T00:02:55.923+0000] {processor.py:743} INFO - Processing file /home/airflow/.local/lib/python3.7/site-packages/airflow/example_dags/example_bash_operator.py for tasks to queue
[2023-03-18T00:02:55.928+0000] {logging_mixin.py:137} INFO - [2023-03-18T00:02:55.927+0000] {dagbag.py:538} INFO - Filling up the DagBag from /home/airflow/.local/lib/python3.7/site-packages/airflow/example_dags/example_bash_operator.py
[2023-03-18T00:02:56.047+0000] {processor.py:753} INFO - DAG(s) dict_keys(['example_bash_operator']) retrieved from /home/airflow/.local/lib/python3.7/site-packages/airflow/example_dags/example_bash_operator.py
[2023-03-18T00:02:56.183+0000] {logging_mixin.py:137} INFO - [2023-03-18T00:02:56.183+0000] {dag.py:2690} INFO - Sync 1 DAGs
[2023-03-18T00:02:56.277+0000] {logging_mixin.py:137} INFO - [2023-03-18T00:02:56.277+0000] {dag.py:3441} INFO - Setting next_dagrun for example_bash_operator to 2023-03-17T00:00:00+00:00, run_after=2023-03-18T00:00:00+00:00
[2023-03-18T00:02:56.333+0000] {processor.py:175} INFO - Processing /home/airflow/.local/lib/python3.7/site-packages/airflow/example_dags/example_bash_operator.py took 0.427 seconds
[2023-03-18T00:03:26.596+0000] {processor.py:153} INFO - Started process (PID=8606) to work on /home/airflow/.local/lib/python3.7/site-packages/airflow/example_dags/example_bash_operator.py
[2023-03-18T00:03:26.600+0000] {processor.py:743} INFO - Processing file /home/airflow/.local/lib/python3.7/site-packages/airflow/example_dags/example_bash_operator.py for tasks to queue
[2023-03-18T00:03:26.616+0000] {logging_mixin.py:137} INFO - [2023-03-18T00:03:26.616+0000] {dagbag.py:538} INFO - Filling up the DagBag from /home/airflow/.local/lib/python3.7/site-packages/airflow/example_dags/example_bash_operator.py
[2023-03-18T00:03:26.713+0000] {processor.py:753} INFO - DAG(s) dict_keys(['example_bash_operator']) retrieved from /home/airflow/.local/lib/python3.7/site-packages/airflow/example_dags/example_bash_operator.py
[2023-03-18T00:03:26.834+0000] {logging_mixin.py:137} INFO - [2023-03-18T00:03:26.834+0000] {dag.py:2690} INFO - Sync 1 DAGs
[2023-03-18T00:03:26.916+0000] {logging_mixin.py:137} INFO - [2023-03-18T00:03:26.916+0000] {dag.py:3441} INFO - Setting next_dagrun for example_bash_operator to 2023-03-17T00:00:00+00:00, run_after=2023-03-18T00:00:00+00:00
[2023-03-18T00:03:26.966+0000] {processor.py:175} INFO - Processing /home/airflow/.local/lib/python3.7/site-packages/airflow/example_dags/example_bash_operator.py took 0.413 seconds
[2023-03-18T00:03:57.217+0000] {processor.py:153} INFO - Started process (PID=8699) to work on /home/airflow/.local/lib/python3.7/site-packages/airflow/example_dags/example_bash_operator.py
[2023-03-18T00:03:57.219+0000] {processor.py:743} INFO - Processing file /home/airflow/.local/lib/python3.7/site-packages/airflow/example_dags/example_bash_operator.py for tasks to queue
[2023-03-18T00:03:57.220+0000] {logging_mixin.py:137} INFO - [2023-03-18T00:03:57.220+0000] {dagbag.py:538} INFO - Filling up the DagBag from /home/airflow/.local/lib/python3.7/site-packages/airflow/example_dags/example_bash_operator.py
[2023-03-18T00:03:57.254+0000] {processor.py:753} INFO - DAG(s) dict_keys(['example_bash_operator']) retrieved from /home/airflow/.local/lib/python3.7/site-packages/airflow/example_dags/example_bash_operator.py
[2023-03-18T00:03:57.311+0000] {logging_mixin.py:137} INFO - [2023-03-18T00:03:57.311+0000] {dag.py:2690} INFO - Sync 1 DAGs
[2023-03-18T00:03:57.345+0000] {logging_mixin.py:137} INFO - [2023-03-18T00:03:57.345+0000] {dag.py:3441} INFO - Setting next_dagrun for example_bash_operator to 2023-03-17T00:00:00+00:00, run_after=2023-03-18T00:00:00+00:00
[2023-03-18T00:03:57.379+0000] {processor.py:175} INFO - Processing /home/airflow/.local/lib/python3.7/site-packages/airflow/example_dags/example_bash_operator.py took 0.167 seconds
[2023-03-18T00:04:27.946+0000] {processor.py:153} INFO - Started process (PID=8781) to work on /home/airflow/.local/lib/python3.7/site-packages/airflow/example_dags/example_bash_operator.py
[2023-03-18T00:04:27.959+0000] {processor.py:743} INFO - Processing file /home/airflow/.local/lib/python3.7/site-packages/airflow/example_dags/example_bash_operator.py for tasks to queue
[2023-03-18T00:04:27.964+0000] {logging_mixin.py:137} INFO - [2023-03-18T00:04:27.963+0000] {dagbag.py:538} INFO - Filling up the DagBag from /home/airflow/.local/lib/python3.7/site-packages/airflow/example_dags/example_bash_operator.py
[2023-03-18T00:04:28.054+0000] {processor.py:753} INFO - DAG(s) dict_keys(['example_bash_operator']) retrieved from /home/airflow/.local/lib/python3.7/site-packages/airflow/example_dags/example_bash_operator.py
[2023-03-18T00:04:28.118+0000] {logging_mixin.py:137} INFO - [2023-03-18T00:04:28.118+0000] {dag.py:2690} INFO - Sync 1 DAGs
[2023-03-18T00:04:28.156+0000] {logging_mixin.py:137} INFO - [2023-03-18T00:04:28.156+0000] {dag.py:3441} INFO - Setting next_dagrun for example_bash_operator to 2023-03-17T00:00:00+00:00, run_after=2023-03-18T00:00:00+00:00
[2023-03-18T00:04:28.179+0000] {processor.py:175} INFO - Processing /home/airflow/.local/lib/python3.7/site-packages/airflow/example_dags/example_bash_operator.py took 0.259 seconds
[2023-03-18T00:04:58.418+0000] {processor.py:153} INFO - Started process (PID=8864) to work on /home/airflow/.local/lib/python3.7/site-packages/airflow/example_dags/example_bash_operator.py
[2023-03-18T00:04:58.419+0000] {processor.py:743} INFO - Processing file /home/airflow/.local/lib/python3.7/site-packages/airflow/example_dags/example_bash_operator.py for tasks to queue
[2023-03-18T00:04:58.421+0000] {logging_mixin.py:137} INFO - [2023-03-18T00:04:58.421+0000] {dagbag.py:538} INFO - Filling up the DagBag from /home/airflow/.local/lib/python3.7/site-packages/airflow/example_dags/example_bash_operator.py
[2023-03-18T00:04:58.456+0000] {processor.py:753} INFO - DAG(s) dict_keys(['example_bash_operator']) retrieved from /home/airflow/.local/lib/python3.7/site-packages/airflow/example_dags/example_bash_operator.py
[2023-03-18T00:04:58.511+0000] {logging_mixin.py:137} INFO - [2023-03-18T00:04:58.510+0000] {dag.py:2690} INFO - Sync 1 DAGs
[2023-03-18T00:04:58.544+0000] {logging_mixin.py:137} INFO - [2023-03-18T00:04:58.544+0000] {dag.py:3441} INFO - Setting next_dagrun for example_bash_operator to 2023-03-17T00:00:00+00:00, run_after=2023-03-18T00:00:00+00:00
[2023-03-18T00:04:58.567+0000] {processor.py:175} INFO - Processing /home/airflow/.local/lib/python3.7/site-packages/airflow/example_dags/example_bash_operator.py took 0.153 seconds
[2023-03-18T00:05:28.941+0000] {processor.py:153} INFO - Started process (PID=8966) to work on /home/airflow/.local/lib/python3.7/site-packages/airflow/example_dags/example_bash_operator.py
[2023-03-18T00:05:28.945+0000] {processor.py:743} INFO - Processing file /home/airflow/.local/lib/python3.7/site-packages/airflow/example_dags/example_bash_operator.py for tasks to queue
[2023-03-18T00:05:28.947+0000] {logging_mixin.py:137} INFO - [2023-03-18T00:05:28.947+0000] {dagbag.py:538} INFO - Filling up the DagBag from /home/airflow/.local/lib/python3.7/site-packages/airflow/example_dags/example_bash_operator.py
[2023-03-18T00:05:29.024+0000] {processor.py:753} INFO - DAG(s) dict_keys(['example_bash_operator']) retrieved from /home/airflow/.local/lib/python3.7/site-packages/airflow/example_dags/example_bash_operator.py
[2023-03-18T00:05:29.119+0000] {logging_mixin.py:137} INFO - [2023-03-18T00:05:29.119+0000] {dag.py:2690} INFO - Sync 1 DAGs
[2023-03-18T00:05:29.183+0000] {logging_mixin.py:137} INFO - [2023-03-18T00:05:29.182+0000] {dag.py:3441} INFO - Setting next_dagrun for example_bash_operator to 2023-03-17T00:00:00+00:00, run_after=2023-03-18T00:00:00+00:00
[2023-03-18T00:05:29.229+0000] {processor.py:175} INFO - Processing /home/airflow/.local/lib/python3.7/site-packages/airflow/example_dags/example_bash_operator.py took 0.303 seconds
[2023-03-18T00:05:59.623+0000] {processor.py:153} INFO - Started process (PID=9048) to work on /home/airflow/.local/lib/python3.7/site-packages/airflow/example_dags/example_bash_operator.py
[2023-03-18T00:05:59.625+0000] {processor.py:743} INFO - Processing file /home/airflow/.local/lib/python3.7/site-packages/airflow/example_dags/example_bash_operator.py for tasks to queue
[2023-03-18T00:05:59.626+0000] {logging_mixin.py:137} INFO - [2023-03-18T00:05:59.626+0000] {dagbag.py:538} INFO - Filling up the DagBag from /home/airflow/.local/lib/python3.7/site-packages/airflow/example_dags/example_bash_operator.py
[2023-03-18T00:05:59.656+0000] {processor.py:753} INFO - DAG(s) dict_keys(['example_bash_operator']) retrieved from /home/airflow/.local/lib/python3.7/site-packages/airflow/example_dags/example_bash_operator.py
[2023-03-18T00:05:59.715+0000] {logging_mixin.py:137} INFO - [2023-03-18T00:05:59.715+0000] {dag.py:2690} INFO - Sync 1 DAGs
[2023-03-18T00:05:59.753+0000] {logging_mixin.py:137} INFO - [2023-03-18T00:05:59.753+0000] {dag.py:3441} INFO - Setting next_dagrun for example_bash_operator to 2023-03-17T00:00:00+00:00, run_after=2023-03-18T00:00:00+00:00
[2023-03-18T00:05:59.779+0000] {processor.py:175} INFO - Processing /home/airflow/.local/lib/python3.7/site-packages/airflow/example_dags/example_bash_operator.py took 0.160 seconds
[2023-03-18T00:06:30.448+0000] {processor.py:153} INFO - Started process (PID=9130) to work on /home/airflow/.local/lib/python3.7/site-packages/airflow/example_dags/example_bash_operator.py
[2023-03-18T00:06:30.450+0000] {processor.py:743} INFO - Processing file /home/airflow/.local/lib/python3.7/site-packages/airflow/example_dags/example_bash_operator.py for tasks to queue
[2023-03-18T00:06:30.452+0000] {logging_mixin.py:137} INFO - [2023-03-18T00:06:30.452+0000] {dagbag.py:538} INFO - Filling up the DagBag from /home/airflow/.local/lib/python3.7/site-packages/airflow/example_dags/example_bash_operator.py
[2023-03-18T00:06:30.494+0000] {processor.py:753} INFO - DAG(s) dict_keys(['example_bash_operator']) retrieved from /home/airflow/.local/lib/python3.7/site-packages/airflow/example_dags/example_bash_operator.py
[2023-03-18T00:06:30.555+0000] {logging_mixin.py:137} INFO - [2023-03-18T00:06:30.555+0000] {dag.py:2690} INFO - Sync 1 DAGs
[2023-03-18T00:06:30.608+0000] {logging_mixin.py:137} INFO - [2023-03-18T00:06:30.608+0000] {dag.py:3441} INFO - Setting next_dagrun for example_bash_operator to 2023-03-17T00:00:00+00:00, run_after=2023-03-18T00:00:00+00:00
[2023-03-18T00:06:30.639+0000] {processor.py:175} INFO - Processing /home/airflow/.local/lib/python3.7/site-packages/airflow/example_dags/example_bash_operator.py took 0.197 seconds
[2023-03-18T00:07:01.614+0000] {processor.py:153} INFO - Started process (PID=9212) to work on /home/airflow/.local/lib/python3.7/site-packages/airflow/example_dags/example_bash_operator.py
[2023-03-18T00:07:01.620+0000] {processor.py:743} INFO - Processing file /home/airflow/.local/lib/python3.7/site-packages/airflow/example_dags/example_bash_operator.py for tasks to queue
[2023-03-18T00:07:01.626+0000] {logging_mixin.py:137} INFO - [2023-03-18T00:07:01.624+0000] {dagbag.py:538} INFO - Filling up the DagBag from /home/airflow/.local/lib/python3.7/site-packages/airflow/example_dags/example_bash_operator.py
[2023-03-18T00:07:01.764+0000] {processor.py:753} INFO - DAG(s) dict_keys(['example_bash_operator']) retrieved from /home/airflow/.local/lib/python3.7/site-packages/airflow/example_dags/example_bash_operator.py
[2023-03-18T00:07:01.850+0000] {logging_mixin.py:137} INFO - [2023-03-18T00:07:01.850+0000] {dag.py:2690} INFO - Sync 1 DAGs
[2023-03-18T00:07:01.891+0000] {logging_mixin.py:137} INFO - [2023-03-18T00:07:01.891+0000] {dag.py:3441} INFO - Setting next_dagrun for example_bash_operator to 2023-03-17T00:00:00+00:00, run_after=2023-03-18T00:00:00+00:00
[2023-03-18T00:07:01.919+0000] {processor.py:175} INFO - Processing /home/airflow/.local/lib/python3.7/site-packages/airflow/example_dags/example_bash_operator.py took 0.322 seconds
[2023-03-18T00:07:32.620+0000] {processor.py:153} INFO - Started process (PID=9305) to work on /home/airflow/.local/lib/python3.7/site-packages/airflow/example_dags/example_bash_operator.py
[2023-03-18T00:07:32.624+0000] {processor.py:743} INFO - Processing file /home/airflow/.local/lib/python3.7/site-packages/airflow/example_dags/example_bash_operator.py for tasks to queue
[2023-03-18T00:07:32.627+0000] {logging_mixin.py:137} INFO - [2023-03-18T00:07:32.626+0000] {dagbag.py:538} INFO - Filling up the DagBag from /home/airflow/.local/lib/python3.7/site-packages/airflow/example_dags/example_bash_operator.py
[2023-03-18T00:07:32.692+0000] {processor.py:753} INFO - DAG(s) dict_keys(['example_bash_operator']) retrieved from /home/airflow/.local/lib/python3.7/site-packages/airflow/example_dags/example_bash_operator.py
[2023-03-18T00:07:32.796+0000] {logging_mixin.py:137} INFO - [2023-03-18T00:07:32.795+0000] {dag.py:2690} INFO - Sync 1 DAGs
[2023-03-18T00:07:32.880+0000] {logging_mixin.py:137} INFO - [2023-03-18T00:07:32.879+0000] {dag.py:3441} INFO - Setting next_dagrun for example_bash_operator to 2023-03-17T00:00:00+00:00, run_after=2023-03-18T00:00:00+00:00
[2023-03-18T00:07:32.982+0000] {processor.py:175} INFO - Processing /home/airflow/.local/lib/python3.7/site-packages/airflow/example_dags/example_bash_operator.py took 0.386 seconds
[2023-03-18T00:08:03.598+0000] {processor.py:153} INFO - Started process (PID=9398) to work on /home/airflow/.local/lib/python3.7/site-packages/airflow/example_dags/example_bash_operator.py
[2023-03-18T00:08:03.603+0000] {processor.py:743} INFO - Processing file /home/airflow/.local/lib/python3.7/site-packages/airflow/example_dags/example_bash_operator.py for tasks to queue
[2023-03-18T00:08:03.606+0000] {logging_mixin.py:137} INFO - [2023-03-18T00:08:03.606+0000] {dagbag.py:538} INFO - Filling up the DagBag from /home/airflow/.local/lib/python3.7/site-packages/airflow/example_dags/example_bash_operator.py
[2023-03-18T00:08:03.712+0000] {processor.py:753} INFO - DAG(s) dict_keys(['example_bash_operator']) retrieved from /home/airflow/.local/lib/python3.7/site-packages/airflow/example_dags/example_bash_operator.py
[2023-03-18T00:08:03.870+0000] {logging_mixin.py:137} INFO - [2023-03-18T00:08:03.870+0000] {dag.py:2690} INFO - Sync 1 DAGs
[2023-03-18T00:08:03.935+0000] {logging_mixin.py:137} INFO - [2023-03-18T00:08:03.935+0000] {dag.py:3441} INFO - Setting next_dagrun for example_bash_operator to 2023-03-17T00:00:00+00:00, run_after=2023-03-18T00:00:00+00:00
[2023-03-18T00:08:03.965+0000] {processor.py:175} INFO - Processing /home/airflow/.local/lib/python3.7/site-packages/airflow/example_dags/example_bash_operator.py took 0.381 seconds
[2023-03-18T00:08:34.650+0000] {processor.py:153} INFO - Started process (PID=9480) to work on /home/airflow/.local/lib/python3.7/site-packages/airflow/example_dags/example_bash_operator.py
[2023-03-18T00:08:34.651+0000] {processor.py:743} INFO - Processing file /home/airflow/.local/lib/python3.7/site-packages/airflow/example_dags/example_bash_operator.py for tasks to queue
[2023-03-18T00:08:34.652+0000] {logging_mixin.py:137} INFO - [2023-03-18T00:08:34.652+0000] {dagbag.py:538} INFO - Filling up the DagBag from /home/airflow/.local/lib/python3.7/site-packages/airflow/example_dags/example_bash_operator.py
[2023-03-18T00:08:34.686+0000] {processor.py:753} INFO - DAG(s) dict_keys(['example_bash_operator']) retrieved from /home/airflow/.local/lib/python3.7/site-packages/airflow/example_dags/example_bash_operator.py
[2023-03-18T00:08:34.738+0000] {logging_mixin.py:137} INFO - [2023-03-18T00:08:34.738+0000] {dag.py:2690} INFO - Sync 1 DAGs
[2023-03-18T00:08:34.777+0000] {logging_mixin.py:137} INFO - [2023-03-18T00:08:34.777+0000] {dag.py:3441} INFO - Setting next_dagrun for example_bash_operator to 2023-03-17T00:00:00+00:00, run_after=2023-03-18T00:00:00+00:00
[2023-03-18T00:08:34.814+0000] {processor.py:175} INFO - Processing /home/airflow/.local/lib/python3.7/site-packages/airflow/example_dags/example_bash_operator.py took 0.168 seconds
[2023-03-18T00:09:05.505+0000] {processor.py:153} INFO - Started process (PID=9562) to work on /home/airflow/.local/lib/python3.7/site-packages/airflow/example_dags/example_bash_operator.py
[2023-03-18T00:09:05.508+0000] {processor.py:743} INFO - Processing file /home/airflow/.local/lib/python3.7/site-packages/airflow/example_dags/example_bash_operator.py for tasks to queue
[2023-03-18T00:09:05.510+0000] {logging_mixin.py:137} INFO - [2023-03-18T00:09:05.510+0000] {dagbag.py:538} INFO - Filling up the DagBag from /home/airflow/.local/lib/python3.7/site-packages/airflow/example_dags/example_bash_operator.py
[2023-03-18T00:09:05.579+0000] {processor.py:753} INFO - DAG(s) dict_keys(['example_bash_operator']) retrieved from /home/airflow/.local/lib/python3.7/site-packages/airflow/example_dags/example_bash_operator.py
[2023-03-18T00:09:05.641+0000] {logging_mixin.py:137} INFO - [2023-03-18T00:09:05.640+0000] {dag.py:2690} INFO - Sync 1 DAGs
[2023-03-18T00:09:05.704+0000] {logging_mixin.py:137} INFO - [2023-03-18T00:09:05.704+0000] {dag.py:3441} INFO - Setting next_dagrun for example_bash_operator to 2023-03-17T00:00:00+00:00, run_after=2023-03-18T00:00:00+00:00
[2023-03-18T00:09:05.744+0000] {processor.py:175} INFO - Processing /home/airflow/.local/lib/python3.7/site-packages/airflow/example_dags/example_bash_operator.py took 0.243 seconds
[2023-03-18T00:09:36.733+0000] {processor.py:153} INFO - Started process (PID=9653) to work on /home/airflow/.local/lib/python3.7/site-packages/airflow/example_dags/example_bash_operator.py
[2023-03-18T00:09:36.735+0000] {processor.py:743} INFO - Processing file /home/airflow/.local/lib/python3.7/site-packages/airflow/example_dags/example_bash_operator.py for tasks to queue
[2023-03-18T00:09:36.737+0000] {logging_mixin.py:137} INFO - [2023-03-18T00:09:36.736+0000] {dagbag.py:538} INFO - Filling up the DagBag from /home/airflow/.local/lib/python3.7/site-packages/airflow/example_dags/example_bash_operator.py
[2023-03-18T00:09:36.837+0000] {processor.py:753} INFO - DAG(s) dict_keys(['example_bash_operator']) retrieved from /home/airflow/.local/lib/python3.7/site-packages/airflow/example_dags/example_bash_operator.py
[2023-03-18T00:09:36.997+0000] {logging_mixin.py:137} INFO - [2023-03-18T00:09:36.996+0000] {dag.py:2690} INFO - Sync 1 DAGs
[2023-03-18T00:09:37.084+0000] {logging_mixin.py:137} INFO - [2023-03-18T00:09:37.084+0000] {dag.py:3441} INFO - Setting next_dagrun for example_bash_operator to 2023-03-17T00:00:00+00:00, run_after=2023-03-18T00:00:00+00:00
[2023-03-18T00:09:37.139+0000] {processor.py:175} INFO - Processing /home/airflow/.local/lib/python3.7/site-packages/airflow/example_dags/example_bash_operator.py took 0.411 seconds
[2023-03-18T00:10:08.138+0000] {processor.py:153} INFO - Started process (PID=9746) to work on /home/airflow/.local/lib/python3.7/site-packages/airflow/example_dags/example_bash_operator.py
[2023-03-18T00:10:08.142+0000] {processor.py:743} INFO - Processing file /home/airflow/.local/lib/python3.7/site-packages/airflow/example_dags/example_bash_operator.py for tasks to queue
[2023-03-18T00:10:08.145+0000] {logging_mixin.py:137} INFO - [2023-03-18T00:10:08.144+0000] {dagbag.py:538} INFO - Filling up the DagBag from /home/airflow/.local/lib/python3.7/site-packages/airflow/example_dags/example_bash_operator.py
[2023-03-18T00:10:08.176+0000] {processor.py:753} INFO - DAG(s) dict_keys(['example_bash_operator']) retrieved from /home/airflow/.local/lib/python3.7/site-packages/airflow/example_dags/example_bash_operator.py
[2023-03-18T00:10:08.237+0000] {logging_mixin.py:137} INFO - [2023-03-18T00:10:08.237+0000] {dag.py:2690} INFO - Sync 1 DAGs
[2023-03-18T00:10:08.271+0000] {logging_mixin.py:137} INFO - [2023-03-18T00:10:08.270+0000] {dag.py:3441} INFO - Setting next_dagrun for example_bash_operator to 2023-03-17T00:00:00+00:00, run_after=2023-03-18T00:00:00+00:00
[2023-03-18T00:10:08.299+0000] {processor.py:175} INFO - Processing /home/airflow/.local/lib/python3.7/site-packages/airflow/example_dags/example_bash_operator.py took 0.168 seconds
[2023-03-18T00:10:38.758+0000] {processor.py:153} INFO - Started process (PID=9828) to work on /home/airflow/.local/lib/python3.7/site-packages/airflow/example_dags/example_bash_operator.py
[2023-03-18T00:10:38.762+0000] {processor.py:743} INFO - Processing file /home/airflow/.local/lib/python3.7/site-packages/airflow/example_dags/example_bash_operator.py for tasks to queue
[2023-03-18T00:10:38.765+0000] {logging_mixin.py:137} INFO - [2023-03-18T00:10:38.765+0000] {dagbag.py:538} INFO - Filling up the DagBag from /home/airflow/.local/lib/python3.7/site-packages/airflow/example_dags/example_bash_operator.py
[2023-03-18T00:10:38.863+0000] {processor.py:753} INFO - DAG(s) dict_keys(['example_bash_operator']) retrieved from /home/airflow/.local/lib/python3.7/site-packages/airflow/example_dags/example_bash_operator.py
[2023-03-18T00:10:39.019+0000] {logging_mixin.py:137} INFO - [2023-03-18T00:10:39.018+0000] {dag.py:2690} INFO - Sync 1 DAGs
[2023-03-18T00:10:39.076+0000] {logging_mixin.py:137} INFO - [2023-03-18T00:10:39.076+0000] {dag.py:3441} INFO - Setting next_dagrun for example_bash_operator to 2023-03-17T00:00:00+00:00, run_after=2023-03-18T00:00:00+00:00
[2023-03-18T00:10:39.109+0000] {processor.py:175} INFO - Processing /home/airflow/.local/lib/python3.7/site-packages/airflow/example_dags/example_bash_operator.py took 0.366 seconds
[2023-03-18T00:11:10.036+0000] {processor.py:153} INFO - Started process (PID=9910) to work on /home/airflow/.local/lib/python3.7/site-packages/airflow/example_dags/example_bash_operator.py
[2023-03-18T00:11:10.038+0000] {processor.py:743} INFO - Processing file /home/airflow/.local/lib/python3.7/site-packages/airflow/example_dags/example_bash_operator.py for tasks to queue
[2023-03-18T00:11:10.039+0000] {logging_mixin.py:137} INFO - [2023-03-18T00:11:10.039+0000] {dagbag.py:538} INFO - Filling up the DagBag from /home/airflow/.local/lib/python3.7/site-packages/airflow/example_dags/example_bash_operator.py
[2023-03-18T00:11:10.095+0000] {processor.py:753} INFO - DAG(s) dict_keys(['example_bash_operator']) retrieved from /home/airflow/.local/lib/python3.7/site-packages/airflow/example_dags/example_bash_operator.py
[2023-03-18T00:11:10.165+0000] {logging_mixin.py:137} INFO - [2023-03-18T00:11:10.164+0000] {dag.py:2690} INFO - Sync 1 DAGs
[2023-03-18T00:11:10.224+0000] {logging_mixin.py:137} INFO - [2023-03-18T00:11:10.224+0000] {dag.py:3441} INFO - Setting next_dagrun for example_bash_operator to 2023-03-17T00:00:00+00:00, run_after=2023-03-18T00:00:00+00:00
[2023-03-18T00:11:10.260+0000] {processor.py:175} INFO - Processing /home/airflow/.local/lib/python3.7/site-packages/airflow/example_dags/example_bash_operator.py took 0.237 seconds
[2023-03-18T00:11:41.033+0000] {processor.py:153} INFO - Started process (PID=9999) to work on /home/airflow/.local/lib/python3.7/site-packages/airflow/example_dags/example_bash_operator.py
[2023-03-18T00:11:41.037+0000] {processor.py:743} INFO - Processing file /home/airflow/.local/lib/python3.7/site-packages/airflow/example_dags/example_bash_operator.py for tasks to queue
[2023-03-18T00:11:41.040+0000] {logging_mixin.py:137} INFO - [2023-03-18T00:11:41.040+0000] {dagbag.py:538} INFO - Filling up the DagBag from /home/airflow/.local/lib/python3.7/site-packages/airflow/example_dags/example_bash_operator.py
[2023-03-18T00:11:41.097+0000] {processor.py:753} INFO - DAG(s) dict_keys(['example_bash_operator']) retrieved from /home/airflow/.local/lib/python3.7/site-packages/airflow/example_dags/example_bash_operator.py
[2023-03-18T00:11:41.182+0000] {logging_mixin.py:137} INFO - [2023-03-18T00:11:41.182+0000] {dag.py:2690} INFO - Sync 1 DAGs
[2023-03-18T00:11:41.273+0000] {logging_mixin.py:137} INFO - [2023-03-18T00:11:41.273+0000] {dag.py:3441} INFO - Setting next_dagrun for example_bash_operator to 2023-03-17T00:00:00+00:00, run_after=2023-03-18T00:00:00+00:00
[2023-03-18T00:11:41.307+0000] {processor.py:175} INFO - Processing /home/airflow/.local/lib/python3.7/site-packages/airflow/example_dags/example_bash_operator.py took 0.288 seconds
[2023-03-18T00:12:11.925+0000] {processor.py:153} INFO - Started process (PID=10095) to work on /home/airflow/.local/lib/python3.7/site-packages/airflow/example_dags/example_bash_operator.py
[2023-03-18T00:12:11.934+0000] {processor.py:743} INFO - Processing file /home/airflow/.local/lib/python3.7/site-packages/airflow/example_dags/example_bash_operator.py for tasks to queue
[2023-03-18T00:12:11.939+0000] {logging_mixin.py:137} INFO - [2023-03-18T00:12:11.938+0000] {dagbag.py:538} INFO - Filling up the DagBag from /home/airflow/.local/lib/python3.7/site-packages/airflow/example_dags/example_bash_operator.py
[2023-03-18T00:12:12.036+0000] {processor.py:753} INFO - DAG(s) dict_keys(['example_bash_operator']) retrieved from /home/airflow/.local/lib/python3.7/site-packages/airflow/example_dags/example_bash_operator.py
[2023-03-18T00:12:12.131+0000] {logging_mixin.py:137} INFO - [2023-03-18T00:12:12.130+0000] {dag.py:2690} INFO - Sync 1 DAGs
[2023-03-18T00:12:12.222+0000] {logging_mixin.py:137} INFO - [2023-03-18T00:12:12.221+0000] {dag.py:3441} INFO - Setting next_dagrun for example_bash_operator to 2023-03-17T00:00:00+00:00, run_after=2023-03-18T00:00:00+00:00
[2023-03-18T00:12:12.295+0000] {processor.py:175} INFO - Processing /home/airflow/.local/lib/python3.7/site-packages/airflow/example_dags/example_bash_operator.py took 0.393 seconds
[2023-03-18T00:12:43.252+0000] {processor.py:153} INFO - Started process (PID=10177) to work on /home/airflow/.local/lib/python3.7/site-packages/airflow/example_dags/example_bash_operator.py
[2023-03-18T00:12:43.254+0000] {processor.py:743} INFO - Processing file /home/airflow/.local/lib/python3.7/site-packages/airflow/example_dags/example_bash_operator.py for tasks to queue
[2023-03-18T00:12:43.255+0000] {logging_mixin.py:137} INFO - [2023-03-18T00:12:43.255+0000] {dagbag.py:538} INFO - Filling up the DagBag from /home/airflow/.local/lib/python3.7/site-packages/airflow/example_dags/example_bash_operator.py
[2023-03-18T00:12:43.281+0000] {processor.py:753} INFO - DAG(s) dict_keys(['example_bash_operator']) retrieved from /home/airflow/.local/lib/python3.7/site-packages/airflow/example_dags/example_bash_operator.py
[2023-03-18T00:12:43.347+0000] {logging_mixin.py:137} INFO - [2023-03-18T00:12:43.347+0000] {dag.py:2690} INFO - Sync 1 DAGs
[2023-03-18T00:12:43.387+0000] {logging_mixin.py:137} INFO - [2023-03-18T00:12:43.387+0000] {dag.py:3441} INFO - Setting next_dagrun for example_bash_operator to 2023-03-17T00:00:00+00:00, run_after=2023-03-18T00:00:00+00:00
[2023-03-18T00:12:43.411+0000] {processor.py:175} INFO - Processing /home/airflow/.local/lib/python3.7/site-packages/airflow/example_dags/example_bash_operator.py took 0.163 seconds
[2023-03-18T00:13:13.832+0000] {processor.py:153} INFO - Started process (PID=10259) to work on /home/airflow/.local/lib/python3.7/site-packages/airflow/example_dags/example_bash_operator.py
[2023-03-18T00:13:13.833+0000] {processor.py:743} INFO - Processing file /home/airflow/.local/lib/python3.7/site-packages/airflow/example_dags/example_bash_operator.py for tasks to queue
[2023-03-18T00:13:13.835+0000] {logging_mixin.py:137} INFO - [2023-03-18T00:13:13.835+0000] {dagbag.py:538} INFO - Filling up the DagBag from /home/airflow/.local/lib/python3.7/site-packages/airflow/example_dags/example_bash_operator.py
[2023-03-18T00:13:13.871+0000] {processor.py:753} INFO - DAG(s) dict_keys(['example_bash_operator']) retrieved from /home/airflow/.local/lib/python3.7/site-packages/airflow/example_dags/example_bash_operator.py
[2023-03-18T00:13:13.939+0000] {logging_mixin.py:137} INFO - [2023-03-18T00:13:13.939+0000] {dag.py:2690} INFO - Sync 1 DAGs
[2023-03-18T00:13:13.984+0000] {logging_mixin.py:137} INFO - [2023-03-18T00:13:13.984+0000] {dag.py:3441} INFO - Setting next_dagrun for example_bash_operator to 2023-03-17T00:00:00+00:00, run_after=2023-03-18T00:00:00+00:00
[2023-03-18T00:13:14.009+0000] {processor.py:175} INFO - Processing /home/airflow/.local/lib/python3.7/site-packages/airflow/example_dags/example_bash_operator.py took 0.181 seconds
[2023-03-18T00:13:44.209+0000] {processor.py:153} INFO - Started process (PID=10348) to work on /home/airflow/.local/lib/python3.7/site-packages/airflow/example_dags/example_bash_operator.py
[2023-03-18T00:13:44.211+0000] {processor.py:743} INFO - Processing file /home/airflow/.local/lib/python3.7/site-packages/airflow/example_dags/example_bash_operator.py for tasks to queue
[2023-03-18T00:13:44.212+0000] {logging_mixin.py:137} INFO - [2023-03-18T00:13:44.212+0000] {dagbag.py:538} INFO - Filling up the DagBag from /home/airflow/.local/lib/python3.7/site-packages/airflow/example_dags/example_bash_operator.py
[2023-03-18T00:13:44.259+0000] {processor.py:753} INFO - DAG(s) dict_keys(['example_bash_operator']) retrieved from /home/airflow/.local/lib/python3.7/site-packages/airflow/example_dags/example_bash_operator.py
[2023-03-18T00:13:44.318+0000] {logging_mixin.py:137} INFO - [2023-03-18T00:13:44.318+0000] {dag.py:2690} INFO - Sync 1 DAGs
[2023-03-18T00:13:44.363+0000] {logging_mixin.py:137} INFO - [2023-03-18T00:13:44.362+0000] {dag.py:3441} INFO - Setting next_dagrun for example_bash_operator to 2023-03-17T00:00:00+00:00, run_after=2023-03-18T00:00:00+00:00
[2023-03-18T00:13:44.390+0000] {processor.py:175} INFO - Processing /home/airflow/.local/lib/python3.7/site-packages/airflow/example_dags/example_bash_operator.py took 0.187 seconds
[2023-03-18T00:14:14.767+0000] {processor.py:153} INFO - Started process (PID=10443) to work on /home/airflow/.local/lib/python3.7/site-packages/airflow/example_dags/example_bash_operator.py
[2023-03-18T00:14:14.771+0000] {processor.py:743} INFO - Processing file /home/airflow/.local/lib/python3.7/site-packages/airflow/example_dags/example_bash_operator.py for tasks to queue
[2023-03-18T00:14:14.774+0000] {logging_mixin.py:137} INFO - [2023-03-18T00:14:14.774+0000] {dagbag.py:538} INFO - Filling up the DagBag from /home/airflow/.local/lib/python3.7/site-packages/airflow/example_dags/example_bash_operator.py
[2023-03-18T00:14:14.859+0000] {processor.py:753} INFO - DAG(s) dict_keys(['example_bash_operator']) retrieved from /home/airflow/.local/lib/python3.7/site-packages/airflow/example_dags/example_bash_operator.py
[2023-03-18T00:14:14.953+0000] {logging_mixin.py:137} INFO - [2023-03-18T00:14:14.953+0000] {dag.py:2690} INFO - Sync 1 DAGs
[2023-03-18T00:14:15.024+0000] {logging_mixin.py:137} INFO - [2023-03-18T00:14:15.024+0000] {dag.py:3441} INFO - Setting next_dagrun for example_bash_operator to 2023-03-17T00:00:00+00:00, run_after=2023-03-18T00:00:00+00:00
[2023-03-18T00:14:15.077+0000] {processor.py:175} INFO - Processing /home/airflow/.local/lib/python3.7/site-packages/airflow/example_dags/example_bash_operator.py took 0.330 seconds
[2023-03-18T00:14:45.452+0000] {processor.py:153} INFO - Started process (PID=10525) to work on /home/airflow/.local/lib/python3.7/site-packages/airflow/example_dags/example_bash_operator.py
[2023-03-18T00:14:45.454+0000] {processor.py:743} INFO - Processing file /home/airflow/.local/lib/python3.7/site-packages/airflow/example_dags/example_bash_operator.py for tasks to queue
[2023-03-18T00:14:45.455+0000] {logging_mixin.py:137} INFO - [2023-03-18T00:14:45.455+0000] {dagbag.py:538} INFO - Filling up the DagBag from /home/airflow/.local/lib/python3.7/site-packages/airflow/example_dags/example_bash_operator.py
[2023-03-18T00:14:45.498+0000] {processor.py:753} INFO - DAG(s) dict_keys(['example_bash_operator']) retrieved from /home/airflow/.local/lib/python3.7/site-packages/airflow/example_dags/example_bash_operator.py
[2023-03-18T00:14:45.564+0000] {logging_mixin.py:137} INFO - [2023-03-18T00:14:45.564+0000] {dag.py:2690} INFO - Sync 1 DAGs
[2023-03-18T00:14:45.603+0000] {logging_mixin.py:137} INFO - [2023-03-18T00:14:45.603+0000] {dag.py:3441} INFO - Setting next_dagrun for example_bash_operator to 2023-03-17T00:00:00+00:00, run_after=2023-03-18T00:00:00+00:00
[2023-03-18T00:14:45.632+0000] {processor.py:175} INFO - Processing /home/airflow/.local/lib/python3.7/site-packages/airflow/example_dags/example_bash_operator.py took 0.185 seconds
