[2023-03-18T00:00:06.825+0000] {processor.py:153} INFO - Started process (PID=8058) to work on /home/airflow/.local/lib/python3.7/site-packages/airflow/example_dags/example_short_circuit_operator.py
[2023-03-18T00:00:06.826+0000] {processor.py:743} INFO - Processing file /home/airflow/.local/lib/python3.7/site-packages/airflow/example_dags/example_short_circuit_operator.py for tasks to queue
[2023-03-18T00:00:06.828+0000] {logging_mixin.py:137} INFO - [2023-03-18T00:00:06.828+0000] {dagbag.py:538} INFO - Filling up the DagBag from /home/airflow/.local/lib/python3.7/site-packages/airflow/example_dags/example_short_circuit_operator.py
[2023-03-18T00:00:06.852+0000] {processor.py:753} INFO - DAG(s) dict_keys(['example_short_circuit_operator']) retrieved from /home/airflow/.local/lib/python3.7/site-packages/airflow/example_dags/example_short_circuit_operator.py
[2023-03-18T00:00:06.889+0000] {logging_mixin.py:137} INFO - [2023-03-18T00:00:06.889+0000] {dag.py:2690} INFO - Sync 1 DAGs
[2023-03-18T00:00:06.927+0000] {logging_mixin.py:137} INFO - [2023-03-18T00:00:06.927+0000] {dag.py:3441} INFO - Setting next_dagrun for example_short_circuit_operator to 2023-03-17T00:00:06.926997+00:00, run_after=2023-03-18T00:00:06.926997+00:00
[2023-03-18T00:00:06.957+0000] {processor.py:175} INFO - Processing /home/airflow/.local/lib/python3.7/site-packages/airflow/example_dags/example_short_circuit_operator.py took 0.135 seconds
[2023-03-18T00:00:37.750+0000] {processor.py:153} INFO - Started process (PID=8160) to work on /home/airflow/.local/lib/python3.7/site-packages/airflow/example_dags/example_short_circuit_operator.py
[2023-03-18T00:00:37.751+0000] {processor.py:743} INFO - Processing file /home/airflow/.local/lib/python3.7/site-packages/airflow/example_dags/example_short_circuit_operator.py for tasks to queue
[2023-03-18T00:00:37.753+0000] {logging_mixin.py:137} INFO - [2023-03-18T00:00:37.752+0000] {dagbag.py:538} INFO - Filling up the DagBag from /home/airflow/.local/lib/python3.7/site-packages/airflow/example_dags/example_short_circuit_operator.py
[2023-03-18T00:00:37.773+0000] {processor.py:753} INFO - DAG(s) dict_keys(['example_short_circuit_operator']) retrieved from /home/airflow/.local/lib/python3.7/site-packages/airflow/example_dags/example_short_circuit_operator.py
[2023-03-18T00:00:37.807+0000] {logging_mixin.py:137} INFO - [2023-03-18T00:00:37.806+0000] {dag.py:2690} INFO - Sync 1 DAGs
[2023-03-18T00:00:37.841+0000] {logging_mixin.py:137} INFO - [2023-03-18T00:00:37.841+0000] {dag.py:3441} INFO - Setting next_dagrun for example_short_circuit_operator to 2023-03-17T00:00:37.841085+00:00, run_after=2023-03-18T00:00:37.841085+00:00
[2023-03-18T00:00:37.874+0000] {processor.py:175} INFO - Processing /home/airflow/.local/lib/python3.7/site-packages/airflow/example_dags/example_short_circuit_operator.py took 0.129 seconds
[2023-03-18T00:01:08.540+0000] {processor.py:153} INFO - Started process (PID=8243) to work on /home/airflow/.local/lib/python3.7/site-packages/airflow/example_dags/example_short_circuit_operator.py
[2023-03-18T00:01:08.542+0000] {processor.py:743} INFO - Processing file /home/airflow/.local/lib/python3.7/site-packages/airflow/example_dags/example_short_circuit_operator.py for tasks to queue
[2023-03-18T00:01:08.544+0000] {logging_mixin.py:137} INFO - [2023-03-18T00:01:08.544+0000] {dagbag.py:538} INFO - Filling up the DagBag from /home/airflow/.local/lib/python3.7/site-packages/airflow/example_dags/example_short_circuit_operator.py
[2023-03-18T00:01:08.589+0000] {processor.py:753} INFO - DAG(s) dict_keys(['example_short_circuit_operator']) retrieved from /home/airflow/.local/lib/python3.7/site-packages/airflow/example_dags/example_short_circuit_operator.py
[2023-03-18T00:01:08.640+0000] {logging_mixin.py:137} INFO - [2023-03-18T00:01:08.640+0000] {dag.py:2690} INFO - Sync 1 DAGs
[2023-03-18T00:01:08.696+0000] {logging_mixin.py:137} INFO - [2023-03-18T00:01:08.695+0000] {dag.py:3441} INFO - Setting next_dagrun for example_short_circuit_operator to 2023-03-17T00:01:08.694858+00:00, run_after=2023-03-18T00:01:08.694858+00:00
[2023-03-18T00:01:08.755+0000] {processor.py:175} INFO - Processing /home/airflow/.local/lib/python3.7/site-packages/airflow/example_dags/example_short_circuit_operator.py took 0.223 seconds
[2023-03-18T00:01:39.842+0000] {processor.py:153} INFO - Started process (PID=8325) to work on /home/airflow/.local/lib/python3.7/site-packages/airflow/example_dags/example_short_circuit_operator.py
[2023-03-18T00:01:39.844+0000] {processor.py:743} INFO - Processing file /home/airflow/.local/lib/python3.7/site-packages/airflow/example_dags/example_short_circuit_operator.py for tasks to queue
[2023-03-18T00:01:39.845+0000] {logging_mixin.py:137} INFO - [2023-03-18T00:01:39.845+0000] {dagbag.py:538} INFO - Filling up the DagBag from /home/airflow/.local/lib/python3.7/site-packages/airflow/example_dags/example_short_circuit_operator.py
[2023-03-18T00:01:39.890+0000] {processor.py:753} INFO - DAG(s) dict_keys(['example_short_circuit_operator']) retrieved from /home/airflow/.local/lib/python3.7/site-packages/airflow/example_dags/example_short_circuit_operator.py
[2023-03-18T00:01:39.958+0000] {logging_mixin.py:137} INFO - [2023-03-18T00:01:39.957+0000] {dag.py:2690} INFO - Sync 1 DAGs
[2023-03-18T00:01:40.045+0000] {logging_mixin.py:137} INFO - [2023-03-18T00:01:40.045+0000] {dag.py:3441} INFO - Setting next_dagrun for example_short_circuit_operator to 2023-03-17T00:01:40.044035+00:00, run_after=2023-03-18T00:01:40.044035+00:00
[2023-03-18T00:01:40.150+0000] {processor.py:175} INFO - Processing /home/airflow/.local/lib/python3.7/site-packages/airflow/example_dags/example_short_circuit_operator.py took 0.313 seconds
[2023-03-18T00:02:10.956+0000] {processor.py:153} INFO - Started process (PID=8407) to work on /home/airflow/.local/lib/python3.7/site-packages/airflow/example_dags/example_short_circuit_operator.py
[2023-03-18T00:02:10.958+0000] {processor.py:743} INFO - Processing file /home/airflow/.local/lib/python3.7/site-packages/airflow/example_dags/example_short_circuit_operator.py for tasks to queue
[2023-03-18T00:02:10.959+0000] {logging_mixin.py:137} INFO - [2023-03-18T00:02:10.959+0000] {dagbag.py:538} INFO - Filling up the DagBag from /home/airflow/.local/lib/python3.7/site-packages/airflow/example_dags/example_short_circuit_operator.py
[2023-03-18T00:02:11.001+0000] {processor.py:753} INFO - DAG(s) dict_keys(['example_short_circuit_operator']) retrieved from /home/airflow/.local/lib/python3.7/site-packages/airflow/example_dags/example_short_circuit_operator.py
[2023-03-18T00:02:11.093+0000] {logging_mixin.py:137} INFO - [2023-03-18T00:02:11.093+0000] {dag.py:2690} INFO - Sync 1 DAGs
[2023-03-18T00:02:11.200+0000] {logging_mixin.py:137} INFO - [2023-03-18T00:02:11.200+0000] {dag.py:3441} INFO - Setting next_dagrun for example_short_circuit_operator to 2023-03-17T00:02:11.199049+00:00, run_after=2023-03-18T00:02:11.199049+00:00
[2023-03-18T00:02:11.274+0000] {processor.py:175} INFO - Processing /home/airflow/.local/lib/python3.7/site-packages/airflow/example_dags/example_short_circuit_operator.py took 0.324 seconds
[2023-03-18T00:02:41.397+0000] {processor.py:153} INFO - Started process (PID=8478) to work on /home/airflow/.local/lib/python3.7/site-packages/airflow/example_dags/example_short_circuit_operator.py
[2023-03-18T00:02:41.399+0000] {processor.py:743} INFO - Processing file /home/airflow/.local/lib/python3.7/site-packages/airflow/example_dags/example_short_circuit_operator.py for tasks to queue
[2023-03-18T00:02:41.400+0000] {logging_mixin.py:137} INFO - [2023-03-18T00:02:41.400+0000] {dagbag.py:538} INFO - Filling up the DagBag from /home/airflow/.local/lib/python3.7/site-packages/airflow/example_dags/example_short_circuit_operator.py
[2023-03-18T00:02:41.421+0000] {processor.py:753} INFO - DAG(s) dict_keys(['example_short_circuit_operator']) retrieved from /home/airflow/.local/lib/python3.7/site-packages/airflow/example_dags/example_short_circuit_operator.py
[2023-03-18T00:02:41.455+0000] {logging_mixin.py:137} INFO - [2023-03-18T00:02:41.454+0000] {dag.py:2690} INFO - Sync 1 DAGs
[2023-03-18T00:02:41.489+0000] {logging_mixin.py:137} INFO - [2023-03-18T00:02:41.489+0000] {dag.py:3441} INFO - Setting next_dagrun for example_short_circuit_operator to 2023-03-17T00:02:41.489034+00:00, run_after=2023-03-18T00:02:41.489034+00:00
[2023-03-18T00:02:41.520+0000] {processor.py:175} INFO - Processing /home/airflow/.local/lib/python3.7/site-packages/airflow/example_dags/example_short_circuit_operator.py took 0.126 seconds
[2023-03-18T00:03:12.327+0000] {processor.py:153} INFO - Started process (PID=8560) to work on /home/airflow/.local/lib/python3.7/site-packages/airflow/example_dags/example_short_circuit_operator.py
[2023-03-18T00:03:12.331+0000] {processor.py:743} INFO - Processing file /home/airflow/.local/lib/python3.7/site-packages/airflow/example_dags/example_short_circuit_operator.py for tasks to queue
[2023-03-18T00:03:12.333+0000] {logging_mixin.py:137} INFO - [2023-03-18T00:03:12.333+0000] {dagbag.py:538} INFO - Filling up the DagBag from /home/airflow/.local/lib/python3.7/site-packages/airflow/example_dags/example_short_circuit_operator.py
[2023-03-18T00:03:12.412+0000] {processor.py:753} INFO - DAG(s) dict_keys(['example_short_circuit_operator']) retrieved from /home/airflow/.local/lib/python3.7/site-packages/airflow/example_dags/example_short_circuit_operator.py
[2023-03-18T00:03:12.479+0000] {logging_mixin.py:137} INFO - [2023-03-18T00:03:12.478+0000] {dag.py:2690} INFO - Sync 1 DAGs
[2023-03-18T00:03:12.530+0000] {logging_mixin.py:137} INFO - [2023-03-18T00:03:12.530+0000] {dag.py:3441} INFO - Setting next_dagrun for example_short_circuit_operator to 2023-03-17T00:03:12.529841+00:00, run_after=2023-03-18T00:03:12.529841+00:00
[2023-03-18T00:03:12.604+0000] {processor.py:175} INFO - Processing /home/airflow/.local/lib/python3.7/site-packages/airflow/example_dags/example_short_circuit_operator.py took 0.286 seconds
[2023-03-18T00:03:42.994+0000] {processor.py:153} INFO - Started process (PID=8653) to work on /home/airflow/.local/lib/python3.7/site-packages/airflow/example_dags/example_short_circuit_operator.py
[2023-03-18T00:03:42.995+0000] {processor.py:743} INFO - Processing file /home/airflow/.local/lib/python3.7/site-packages/airflow/example_dags/example_short_circuit_operator.py for tasks to queue
[2023-03-18T00:03:42.996+0000] {logging_mixin.py:137} INFO - [2023-03-18T00:03:42.996+0000] {dagbag.py:538} INFO - Filling up the DagBag from /home/airflow/.local/lib/python3.7/site-packages/airflow/example_dags/example_short_circuit_operator.py
[2023-03-18T00:03:43.017+0000] {processor.py:753} INFO - DAG(s) dict_keys(['example_short_circuit_operator']) retrieved from /home/airflow/.local/lib/python3.7/site-packages/airflow/example_dags/example_short_circuit_operator.py
[2023-03-18T00:03:43.049+0000] {logging_mixin.py:137} INFO - [2023-03-18T00:03:43.049+0000] {dag.py:2690} INFO - Sync 1 DAGs
[2023-03-18T00:03:43.081+0000] {logging_mixin.py:137} INFO - [2023-03-18T00:03:43.080+0000] {dag.py:3441} INFO - Setting next_dagrun for example_short_circuit_operator to 2023-03-17T00:03:43.080716+00:00, run_after=2023-03-18T00:03:43.080716+00:00
[2023-03-18T00:03:43.112+0000] {processor.py:175} INFO - Processing /home/airflow/.local/lib/python3.7/site-packages/airflow/example_dags/example_short_circuit_operator.py took 0.122 seconds
[2023-03-18T00:04:14.355+0000] {processor.py:153} INFO - Started process (PID=8735) to work on /home/airflow/.local/lib/python3.7/site-packages/airflow/example_dags/example_short_circuit_operator.py
[2023-03-18T00:04:14.356+0000] {processor.py:743} INFO - Processing file /home/airflow/.local/lib/python3.7/site-packages/airflow/example_dags/example_short_circuit_operator.py for tasks to queue
[2023-03-18T00:04:14.358+0000] {logging_mixin.py:137} INFO - [2023-03-18T00:04:14.358+0000] {dagbag.py:538} INFO - Filling up the DagBag from /home/airflow/.local/lib/python3.7/site-packages/airflow/example_dags/example_short_circuit_operator.py
[2023-03-18T00:04:14.377+0000] {processor.py:753} INFO - DAG(s) dict_keys(['example_short_circuit_operator']) retrieved from /home/airflow/.local/lib/python3.7/site-packages/airflow/example_dags/example_short_circuit_operator.py
[2023-03-18T00:04:14.409+0000] {logging_mixin.py:137} INFO - [2023-03-18T00:04:14.409+0000] {dag.py:2690} INFO - Sync 1 DAGs
[2023-03-18T00:04:14.444+0000] {logging_mixin.py:137} INFO - [2023-03-18T00:04:14.444+0000] {dag.py:3441} INFO - Setting next_dagrun for example_short_circuit_operator to 2023-03-17T00:04:14.443942+00:00, run_after=2023-03-18T00:04:14.443942+00:00
[2023-03-18T00:04:14.470+0000] {processor.py:175} INFO - Processing /home/airflow/.local/lib/python3.7/site-packages/airflow/example_dags/example_short_circuit_operator.py took 0.118 seconds
[2023-03-18T00:04:44.884+0000] {processor.py:153} INFO - Started process (PID=8817) to work on /home/airflow/.local/lib/python3.7/site-packages/airflow/example_dags/example_short_circuit_operator.py
[2023-03-18T00:04:44.886+0000] {processor.py:743} INFO - Processing file /home/airflow/.local/lib/python3.7/site-packages/airflow/example_dags/example_short_circuit_operator.py for tasks to queue
[2023-03-18T00:04:44.887+0000] {logging_mixin.py:137} INFO - [2023-03-18T00:04:44.887+0000] {dagbag.py:538} INFO - Filling up the DagBag from /home/airflow/.local/lib/python3.7/site-packages/airflow/example_dags/example_short_circuit_operator.py
[2023-03-18T00:04:44.906+0000] {processor.py:753} INFO - DAG(s) dict_keys(['example_short_circuit_operator']) retrieved from /home/airflow/.local/lib/python3.7/site-packages/airflow/example_dags/example_short_circuit_operator.py
[2023-03-18T00:04:44.941+0000] {logging_mixin.py:137} INFO - [2023-03-18T00:04:44.941+0000] {dag.py:2690} INFO - Sync 1 DAGs
[2023-03-18T00:04:44.978+0000] {logging_mixin.py:137} INFO - [2023-03-18T00:04:44.978+0000] {dag.py:3441} INFO - Setting next_dagrun for example_short_circuit_operator to 2023-03-17T00:04:44.977829+00:00, run_after=2023-03-18T00:04:44.977829+00:00
[2023-03-18T00:04:45.012+0000] {processor.py:175} INFO - Processing /home/airflow/.local/lib/python3.7/site-packages/airflow/example_dags/example_short_circuit_operator.py took 0.130 seconds
[2023-03-18T00:05:15.389+0000] {processor.py:153} INFO - Started process (PID=8920) to work on /home/airflow/.local/lib/python3.7/site-packages/airflow/example_dags/example_short_circuit_operator.py
[2023-03-18T00:05:15.391+0000] {processor.py:743} INFO - Processing file /home/airflow/.local/lib/python3.7/site-packages/airflow/example_dags/example_short_circuit_operator.py for tasks to queue
[2023-03-18T00:05:15.393+0000] {logging_mixin.py:137} INFO - [2023-03-18T00:05:15.392+0000] {dagbag.py:538} INFO - Filling up the DagBag from /home/airflow/.local/lib/python3.7/site-packages/airflow/example_dags/example_short_circuit_operator.py
[2023-03-18T00:05:15.424+0000] {processor.py:753} INFO - DAG(s) dict_keys(['example_short_circuit_operator']) retrieved from /home/airflow/.local/lib/python3.7/site-packages/airflow/example_dags/example_short_circuit_operator.py
[2023-03-18T00:05:15.476+0000] {logging_mixin.py:137} INFO - [2023-03-18T00:05:15.476+0000] {dag.py:2690} INFO - Sync 1 DAGs
[2023-03-18T00:05:15.531+0000] {logging_mixin.py:137} INFO - [2023-03-18T00:05:15.531+0000] {dag.py:3441} INFO - Setting next_dagrun for example_short_circuit_operator to 2023-03-17T00:05:15.531339+00:00, run_after=2023-03-18T00:05:15.531339+00:00
[2023-03-18T00:05:15.574+0000] {processor.py:175} INFO - Processing /home/airflow/.local/lib/python3.7/site-packages/airflow/example_dags/example_short_circuit_operator.py took 0.192 seconds
[2023-03-18T00:05:46.672+0000] {processor.py:153} INFO - Started process (PID=9002) to work on /home/airflow/.local/lib/python3.7/site-packages/airflow/example_dags/example_short_circuit_operator.py
[2023-03-18T00:05:46.675+0000] {processor.py:743} INFO - Processing file /home/airflow/.local/lib/python3.7/site-packages/airflow/example_dags/example_short_circuit_operator.py for tasks to queue
[2023-03-18T00:05:46.677+0000] {logging_mixin.py:137} INFO - [2023-03-18T00:05:46.677+0000] {dagbag.py:538} INFO - Filling up the DagBag from /home/airflow/.local/lib/python3.7/site-packages/airflow/example_dags/example_short_circuit_operator.py
[2023-03-18T00:05:46.702+0000] {processor.py:753} INFO - DAG(s) dict_keys(['example_short_circuit_operator']) retrieved from /home/airflow/.local/lib/python3.7/site-packages/airflow/example_dags/example_short_circuit_operator.py
[2023-03-18T00:05:46.743+0000] {logging_mixin.py:137} INFO - [2023-03-18T00:05:46.743+0000] {dag.py:2690} INFO - Sync 1 DAGs
[2023-03-18T00:05:46.778+0000] {logging_mixin.py:137} INFO - [2023-03-18T00:05:46.777+0000] {dag.py:3441} INFO - Setting next_dagrun for example_short_circuit_operator to 2023-03-17T00:05:46.777622+00:00, run_after=2023-03-18T00:05:46.777622+00:00
[2023-03-18T00:05:46.810+0000] {processor.py:175} INFO - Processing /home/airflow/.local/lib/python3.7/site-packages/airflow/example_dags/example_short_circuit_operator.py took 0.144 seconds
[2023-03-18T00:06:17.825+0000] {processor.py:153} INFO - Started process (PID=9084) to work on /home/airflow/.local/lib/python3.7/site-packages/airflow/example_dags/example_short_circuit_operator.py
[2023-03-18T00:06:17.826+0000] {processor.py:743} INFO - Processing file /home/airflow/.local/lib/python3.7/site-packages/airflow/example_dags/example_short_circuit_operator.py for tasks to queue
[2023-03-18T00:06:17.827+0000] {logging_mixin.py:137} INFO - [2023-03-18T00:06:17.827+0000] {dagbag.py:538} INFO - Filling up the DagBag from /home/airflow/.local/lib/python3.7/site-packages/airflow/example_dags/example_short_circuit_operator.py
[2023-03-18T00:06:17.847+0000] {processor.py:753} INFO - DAG(s) dict_keys(['example_short_circuit_operator']) retrieved from /home/airflow/.local/lib/python3.7/site-packages/airflow/example_dags/example_short_circuit_operator.py
[2023-03-18T00:06:17.877+0000] {logging_mixin.py:137} INFO - [2023-03-18T00:06:17.877+0000] {dag.py:2690} INFO - Sync 1 DAGs
[2023-03-18T00:06:17.911+0000] {logging_mixin.py:137} INFO - [2023-03-18T00:06:17.910+0000] {dag.py:3441} INFO - Setting next_dagrun for example_short_circuit_operator to 2023-03-17T00:06:17.910629+00:00, run_after=2023-03-18T00:06:17.910629+00:00
[2023-03-18T00:06:17.940+0000] {processor.py:175} INFO - Processing /home/airflow/.local/lib/python3.7/site-packages/airflow/example_dags/example_short_circuit_operator.py took 0.119 seconds
[2023-03-18T00:06:48.534+0000] {processor.py:153} INFO - Started process (PID=9166) to work on /home/airflow/.local/lib/python3.7/site-packages/airflow/example_dags/example_short_circuit_operator.py
[2023-03-18T00:06:48.535+0000] {processor.py:743} INFO - Processing file /home/airflow/.local/lib/python3.7/site-packages/airflow/example_dags/example_short_circuit_operator.py for tasks to queue
[2023-03-18T00:06:48.536+0000] {logging_mixin.py:137} INFO - [2023-03-18T00:06:48.536+0000] {dagbag.py:538} INFO - Filling up the DagBag from /home/airflow/.local/lib/python3.7/site-packages/airflow/example_dags/example_short_circuit_operator.py
[2023-03-18T00:06:48.550+0000] {processor.py:753} INFO - DAG(s) dict_keys(['example_short_circuit_operator']) retrieved from /home/airflow/.local/lib/python3.7/site-packages/airflow/example_dags/example_short_circuit_operator.py
[2023-03-18T00:06:48.574+0000] {logging_mixin.py:137} INFO - [2023-03-18T00:06:48.574+0000] {dag.py:2690} INFO - Sync 1 DAGs
[2023-03-18T00:06:48.597+0000] {logging_mixin.py:137} INFO - [2023-03-18T00:06:48.597+0000] {dag.py:3441} INFO - Setting next_dagrun for example_short_circuit_operator to 2023-03-17T00:06:48.597300+00:00, run_after=2023-03-18T00:06:48.597300+00:00
[2023-03-18T00:06:48.622+0000] {processor.py:175} INFO - Processing /home/airflow/.local/lib/python3.7/site-packages/airflow/example_dags/example_short_circuit_operator.py took 0.091 seconds
[2023-03-18T00:07:19.948+0000] {processor.py:153} INFO - Started process (PID=9269) to work on /home/airflow/.local/lib/python3.7/site-packages/airflow/example_dags/example_short_circuit_operator.py
[2023-03-18T00:07:19.950+0000] {processor.py:743} INFO - Processing file /home/airflow/.local/lib/python3.7/site-packages/airflow/example_dags/example_short_circuit_operator.py for tasks to queue
[2023-03-18T00:07:19.951+0000] {logging_mixin.py:137} INFO - [2023-03-18T00:07:19.951+0000] {dagbag.py:538} INFO - Filling up the DagBag from /home/airflow/.local/lib/python3.7/site-packages/airflow/example_dags/example_short_circuit_operator.py
[2023-03-18T00:07:19.985+0000] {processor.py:753} INFO - DAG(s) dict_keys(['example_short_circuit_operator']) retrieved from /home/airflow/.local/lib/python3.7/site-packages/airflow/example_dags/example_short_circuit_operator.py
[2023-03-18T00:07:20.035+0000] {logging_mixin.py:137} INFO - [2023-03-18T00:07:20.034+0000] {dag.py:2690} INFO - Sync 1 DAGs
[2023-03-18T00:07:20.085+0000] {logging_mixin.py:137} INFO - [2023-03-18T00:07:20.085+0000] {dag.py:3441} INFO - Setting next_dagrun for example_short_circuit_operator to 2023-03-17T00:07:20.084012+00:00, run_after=2023-03-18T00:07:20.084012+00:00
[2023-03-18T00:07:20.127+0000] {processor.py:175} INFO - Processing /home/airflow/.local/lib/python3.7/site-packages/airflow/example_dags/example_short_circuit_operator.py took 0.184 seconds
[2023-03-18T00:07:50.395+0000] {processor.py:153} INFO - Started process (PID=9352) to work on /home/airflow/.local/lib/python3.7/site-packages/airflow/example_dags/example_short_circuit_operator.py
[2023-03-18T00:07:50.398+0000] {processor.py:743} INFO - Processing file /home/airflow/.local/lib/python3.7/site-packages/airflow/example_dags/example_short_circuit_operator.py for tasks to queue
[2023-03-18T00:07:50.401+0000] {logging_mixin.py:137} INFO - [2023-03-18T00:07:50.400+0000] {dagbag.py:538} INFO - Filling up the DagBag from /home/airflow/.local/lib/python3.7/site-packages/airflow/example_dags/example_short_circuit_operator.py
[2023-03-18T00:07:50.487+0000] {processor.py:753} INFO - DAG(s) dict_keys(['example_short_circuit_operator']) retrieved from /home/airflow/.local/lib/python3.7/site-packages/airflow/example_dags/example_short_circuit_operator.py
[2023-03-18T00:07:50.552+0000] {logging_mixin.py:137} INFO - [2023-03-18T00:07:50.552+0000] {dag.py:2690} INFO - Sync 1 DAGs
[2023-03-18T00:07:50.594+0000] {logging_mixin.py:137} INFO - [2023-03-18T00:07:50.594+0000] {dag.py:3441} INFO - Setting next_dagrun for example_short_circuit_operator to 2023-03-17T00:07:50.593835+00:00, run_after=2023-03-18T00:07:50.593835+00:00
[2023-03-18T00:07:50.620+0000] {processor.py:175} INFO - Processing /home/airflow/.local/lib/python3.7/site-packages/airflow/example_dags/example_short_circuit_operator.py took 0.232 seconds
[2023-03-18T00:08:20.951+0000] {processor.py:153} INFO - Started process (PID=9434) to work on /home/airflow/.local/lib/python3.7/site-packages/airflow/example_dags/example_short_circuit_operator.py
[2023-03-18T00:08:20.952+0000] {processor.py:743} INFO - Processing file /home/airflow/.local/lib/python3.7/site-packages/airflow/example_dags/example_short_circuit_operator.py for tasks to queue
[2023-03-18T00:08:20.953+0000] {logging_mixin.py:137} INFO - [2023-03-18T00:08:20.953+0000] {dagbag.py:538} INFO - Filling up the DagBag from /home/airflow/.local/lib/python3.7/site-packages/airflow/example_dags/example_short_circuit_operator.py
[2023-03-18T00:08:20.971+0000] {processor.py:753} INFO - DAG(s) dict_keys(['example_short_circuit_operator']) retrieved from /home/airflow/.local/lib/python3.7/site-packages/airflow/example_dags/example_short_circuit_operator.py
[2023-03-18T00:08:20.996+0000] {logging_mixin.py:137} INFO - [2023-03-18T00:08:20.996+0000] {dag.py:2690} INFO - Sync 1 DAGs
[2023-03-18T00:08:21.026+0000] {logging_mixin.py:137} INFO - [2023-03-18T00:08:21.026+0000] {dag.py:3441} INFO - Setting next_dagrun for example_short_circuit_operator to 2023-03-17T00:08:21.026477+00:00, run_after=2023-03-18T00:08:21.026477+00:00
[2023-03-18T00:08:21.055+0000] {processor.py:175} INFO - Processing /home/airflow/.local/lib/python3.7/site-packages/airflow/example_dags/example_short_circuit_operator.py took 0.107 seconds
[2023-03-18T00:08:51.672+0000] {processor.py:153} INFO - Started process (PID=9516) to work on /home/airflow/.local/lib/python3.7/site-packages/airflow/example_dags/example_short_circuit_operator.py
[2023-03-18T00:08:51.674+0000] {processor.py:743} INFO - Processing file /home/airflow/.local/lib/python3.7/site-packages/airflow/example_dags/example_short_circuit_operator.py for tasks to queue
[2023-03-18T00:08:51.676+0000] {logging_mixin.py:137} INFO - [2023-03-18T00:08:51.676+0000] {dagbag.py:538} INFO - Filling up the DagBag from /home/airflow/.local/lib/python3.7/site-packages/airflow/example_dags/example_short_circuit_operator.py
[2023-03-18T00:08:51.706+0000] {processor.py:753} INFO - DAG(s) dict_keys(['example_short_circuit_operator']) retrieved from /home/airflow/.local/lib/python3.7/site-packages/airflow/example_dags/example_short_circuit_operator.py
[2023-03-18T00:08:51.767+0000] {logging_mixin.py:137} INFO - [2023-03-18T00:08:51.755+0000] {dag.py:2690} INFO - Sync 1 DAGs
[2023-03-18T00:08:51.820+0000] {logging_mixin.py:137} INFO - [2023-03-18T00:08:51.820+0000] {dag.py:3441} INFO - Setting next_dagrun for example_short_circuit_operator to 2023-03-17T00:08:51.819889+00:00, run_after=2023-03-18T00:08:51.819889+00:00
[2023-03-18T00:08:51.866+0000] {processor.py:175} INFO - Processing /home/airflow/.local/lib/python3.7/site-packages/airflow/example_dags/example_short_circuit_operator.py took 0.201 seconds
[2023-03-18T00:09:22.468+0000] {processor.py:153} INFO - Started process (PID=9605) to work on /home/airflow/.local/lib/python3.7/site-packages/airflow/example_dags/example_short_circuit_operator.py
[2023-03-18T00:09:22.470+0000] {processor.py:743} INFO - Processing file /home/airflow/.local/lib/python3.7/site-packages/airflow/example_dags/example_short_circuit_operator.py for tasks to queue
[2023-03-18T00:09:22.472+0000] {logging_mixin.py:137} INFO - [2023-03-18T00:09:22.471+0000] {dagbag.py:538} INFO - Filling up the DagBag from /home/airflow/.local/lib/python3.7/site-packages/airflow/example_dags/example_short_circuit_operator.py
[2023-03-18T00:09:22.501+0000] {processor.py:753} INFO - DAG(s) dict_keys(['example_short_circuit_operator']) retrieved from /home/airflow/.local/lib/python3.7/site-packages/airflow/example_dags/example_short_circuit_operator.py
[2023-03-18T00:09:22.538+0000] {logging_mixin.py:137} INFO - [2023-03-18T00:09:22.538+0000] {dag.py:2690} INFO - Sync 1 DAGs
[2023-03-18T00:09:22.576+0000] {logging_mixin.py:137} INFO - [2023-03-18T00:09:22.576+0000] {dag.py:3441} INFO - Setting next_dagrun for example_short_circuit_operator to 2023-03-17T00:09:22.576327+00:00, run_after=2023-03-18T00:09:22.576327+00:00
[2023-03-18T00:09:22.608+0000] {processor.py:175} INFO - Processing /home/airflow/.local/lib/python3.7/site-packages/airflow/example_dags/example_short_circuit_operator.py took 0.145 seconds
[2023-03-18T00:09:53.420+0000] {processor.py:153} INFO - Started process (PID=9700) to work on /home/airflow/.local/lib/python3.7/site-packages/airflow/example_dags/example_short_circuit_operator.py
[2023-03-18T00:09:53.421+0000] {processor.py:743} INFO - Processing file /home/airflow/.local/lib/python3.7/site-packages/airflow/example_dags/example_short_circuit_operator.py for tasks to queue
[2023-03-18T00:09:53.423+0000] {logging_mixin.py:137} INFO - [2023-03-18T00:09:53.423+0000] {dagbag.py:538} INFO - Filling up the DagBag from /home/airflow/.local/lib/python3.7/site-packages/airflow/example_dags/example_short_circuit_operator.py
[2023-03-18T00:09:53.445+0000] {processor.py:753} INFO - DAG(s) dict_keys(['example_short_circuit_operator']) retrieved from /home/airflow/.local/lib/python3.7/site-packages/airflow/example_dags/example_short_circuit_operator.py
[2023-03-18T00:09:53.563+0000] {logging_mixin.py:137} INFO - [2023-03-18T00:09:53.562+0000] {dag.py:2690} INFO - Sync 1 DAGs
[2023-03-18T00:09:53.609+0000] {logging_mixin.py:137} INFO - [2023-03-18T00:09:53.609+0000] {dag.py:3441} INFO - Setting next_dagrun for example_short_circuit_operator to 2023-03-17T00:09:53.608807+00:00, run_after=2023-03-18T00:09:53.608807+00:00
[2023-03-18T00:09:53.631+0000] {processor.py:175} INFO - Processing /home/airflow/.local/lib/python3.7/site-packages/airflow/example_dags/example_short_circuit_operator.py took 0.216 seconds
[2023-03-18T00:10:24.313+0000] {processor.py:153} INFO - Started process (PID=9782) to work on /home/airflow/.local/lib/python3.7/site-packages/airflow/example_dags/example_short_circuit_operator.py
[2023-03-18T00:10:24.316+0000] {processor.py:743} INFO - Processing file /home/airflow/.local/lib/python3.7/site-packages/airflow/example_dags/example_short_circuit_operator.py for tasks to queue
[2023-03-18T00:10:24.318+0000] {logging_mixin.py:137} INFO - [2023-03-18T00:10:24.318+0000] {dagbag.py:538} INFO - Filling up the DagBag from /home/airflow/.local/lib/python3.7/site-packages/airflow/example_dags/example_short_circuit_operator.py
[2023-03-18T00:10:24.368+0000] {processor.py:753} INFO - DAG(s) dict_keys(['example_short_circuit_operator']) retrieved from /home/airflow/.local/lib/python3.7/site-packages/airflow/example_dags/example_short_circuit_operator.py
[2023-03-18T00:10:24.448+0000] {logging_mixin.py:137} INFO - [2023-03-18T00:10:24.448+0000] {dag.py:2690} INFO - Sync 1 DAGs
[2023-03-18T00:10:24.543+0000] {logging_mixin.py:137} INFO - [2023-03-18T00:10:24.542+0000] {dag.py:3441} INFO - Setting next_dagrun for example_short_circuit_operator to 2023-03-17T00:10:24.542152+00:00, run_after=2023-03-18T00:10:24.542152+00:00
[2023-03-18T00:10:24.606+0000] {processor.py:175} INFO - Processing /home/airflow/.local/lib/python3.7/site-packages/airflow/example_dags/example_short_circuit_operator.py took 0.299 seconds
[2023-03-18T00:10:56.045+0000] {processor.py:153} INFO - Started process (PID=9864) to work on /home/airflow/.local/lib/python3.7/site-packages/airflow/example_dags/example_short_circuit_operator.py
[2023-03-18T00:10:56.050+0000] {processor.py:743} INFO - Processing file /home/airflow/.local/lib/python3.7/site-packages/airflow/example_dags/example_short_circuit_operator.py for tasks to queue
[2023-03-18T00:10:56.054+0000] {logging_mixin.py:137} INFO - [2023-03-18T00:10:56.053+0000] {dagbag.py:538} INFO - Filling up the DagBag from /home/airflow/.local/lib/python3.7/site-packages/airflow/example_dags/example_short_circuit_operator.py
[2023-03-18T00:10:56.133+0000] {processor.py:753} INFO - DAG(s) dict_keys(['example_short_circuit_operator']) retrieved from /home/airflow/.local/lib/python3.7/site-packages/airflow/example_dags/example_short_circuit_operator.py
[2023-03-18T00:10:56.257+0000] {logging_mixin.py:137} INFO - [2023-03-18T00:10:56.256+0000] {dag.py:2690} INFO - Sync 1 DAGs
[2023-03-18T00:10:56.361+0000] {logging_mixin.py:137} INFO - [2023-03-18T00:10:56.361+0000] {dag.py:3441} INFO - Setting next_dagrun for example_short_circuit_operator to 2023-03-17T00:10:56.360718+00:00, run_after=2023-03-18T00:10:56.360718+00:00
[2023-03-18T00:10:56.393+0000] {processor.py:175} INFO - Processing /home/airflow/.local/lib/python3.7/site-packages/airflow/example_dags/example_short_circuit_operator.py took 0.363 seconds
[2023-03-18T00:11:27.089+0000] {processor.py:153} INFO - Started process (PID=9953) to work on /home/airflow/.local/lib/python3.7/site-packages/airflow/example_dags/example_short_circuit_operator.py
[2023-03-18T00:11:27.091+0000] {processor.py:743} INFO - Processing file /home/airflow/.local/lib/python3.7/site-packages/airflow/example_dags/example_short_circuit_operator.py for tasks to queue
[2023-03-18T00:11:27.092+0000] {logging_mixin.py:137} INFO - [2023-03-18T00:11:27.092+0000] {dagbag.py:538} INFO - Filling up the DagBag from /home/airflow/.local/lib/python3.7/site-packages/airflow/example_dags/example_short_circuit_operator.py
[2023-03-18T00:11:27.119+0000] {processor.py:753} INFO - DAG(s) dict_keys(['example_short_circuit_operator']) retrieved from /home/airflow/.local/lib/python3.7/site-packages/airflow/example_dags/example_short_circuit_operator.py
[2023-03-18T00:11:27.161+0000] {logging_mixin.py:137} INFO - [2023-03-18T00:11:27.161+0000] {dag.py:2690} INFO - Sync 1 DAGs
[2023-03-18T00:11:27.211+0000] {logging_mixin.py:137} INFO - [2023-03-18T00:11:27.211+0000] {dag.py:3441} INFO - Setting next_dagrun for example_short_circuit_operator to 2023-03-17T00:11:27.210407+00:00, run_after=2023-03-18T00:11:27.210407+00:00
[2023-03-18T00:11:27.258+0000] {processor.py:175} INFO - Processing /home/airflow/.local/lib/python3.7/site-packages/airflow/example_dags/example_short_circuit_operator.py took 0.175 seconds
[2023-03-18T00:11:57.417+0000] {processor.py:153} INFO - Started process (PID=10048) to work on /home/airflow/.local/lib/python3.7/site-packages/airflow/example_dags/example_short_circuit_operator.py
[2023-03-18T00:11:57.418+0000] {processor.py:743} INFO - Processing file /home/airflow/.local/lib/python3.7/site-packages/airflow/example_dags/example_short_circuit_operator.py for tasks to queue
[2023-03-18T00:11:57.419+0000] {logging_mixin.py:137} INFO - [2023-03-18T00:11:57.419+0000] {dagbag.py:538} INFO - Filling up the DagBag from /home/airflow/.local/lib/python3.7/site-packages/airflow/example_dags/example_short_circuit_operator.py
[2023-03-18T00:11:57.441+0000] {processor.py:753} INFO - DAG(s) dict_keys(['example_short_circuit_operator']) retrieved from /home/airflow/.local/lib/python3.7/site-packages/airflow/example_dags/example_short_circuit_operator.py
[2023-03-18T00:11:57.523+0000] {logging_mixin.py:137} INFO - [2023-03-18T00:11:57.523+0000] {dag.py:2690} INFO - Sync 1 DAGs
[2023-03-18T00:11:57.556+0000] {logging_mixin.py:137} INFO - [2023-03-18T00:11:57.556+0000] {dag.py:3441} INFO - Setting next_dagrun for example_short_circuit_operator to 2023-03-17T00:11:57.556438+00:00, run_after=2023-03-18T00:11:57.556438+00:00
[2023-03-18T00:11:57.577+0000] {processor.py:175} INFO - Processing /home/airflow/.local/lib/python3.7/site-packages/airflow/example_dags/example_short_circuit_operator.py took 0.163 seconds
[2023-03-18T00:12:28.566+0000] {processor.py:153} INFO - Started process (PID=10131) to work on /home/airflow/.local/lib/python3.7/site-packages/airflow/example_dags/example_short_circuit_operator.py
[2023-03-18T00:12:28.568+0000] {processor.py:743} INFO - Processing file /home/airflow/.local/lib/python3.7/site-packages/airflow/example_dags/example_short_circuit_operator.py for tasks to queue
[2023-03-18T00:12:28.570+0000] {logging_mixin.py:137} INFO - [2023-03-18T00:12:28.569+0000] {dagbag.py:538} INFO - Filling up the DagBag from /home/airflow/.local/lib/python3.7/site-packages/airflow/example_dags/example_short_circuit_operator.py
[2023-03-18T00:12:28.596+0000] {processor.py:753} INFO - DAG(s) dict_keys(['example_short_circuit_operator']) retrieved from /home/airflow/.local/lib/python3.7/site-packages/airflow/example_dags/example_short_circuit_operator.py
[2023-03-18T00:12:28.630+0000] {logging_mixin.py:137} INFO - [2023-03-18T00:12:28.630+0000] {dag.py:2690} INFO - Sync 1 DAGs
[2023-03-18T00:12:28.657+0000] {logging_mixin.py:137} INFO - [2023-03-18T00:12:28.657+0000] {dag.py:3441} INFO - Setting next_dagrun for example_short_circuit_operator to 2023-03-17T00:12:28.657189+00:00, run_after=2023-03-18T00:12:28.657189+00:00
[2023-03-18T00:12:28.694+0000] {processor.py:175} INFO - Processing /home/airflow/.local/lib/python3.7/site-packages/airflow/example_dags/example_short_circuit_operator.py took 0.133 seconds
[2023-03-18T00:12:59.040+0000] {processor.py:153} INFO - Started process (PID=10213) to work on /home/airflow/.local/lib/python3.7/site-packages/airflow/example_dags/example_short_circuit_operator.py
[2023-03-18T00:12:59.042+0000] {processor.py:743} INFO - Processing file /home/airflow/.local/lib/python3.7/site-packages/airflow/example_dags/example_short_circuit_operator.py for tasks to queue
[2023-03-18T00:12:59.043+0000] {logging_mixin.py:137} INFO - [2023-03-18T00:12:59.043+0000] {dagbag.py:538} INFO - Filling up the DagBag from /home/airflow/.local/lib/python3.7/site-packages/airflow/example_dags/example_short_circuit_operator.py
[2023-03-18T00:12:59.068+0000] {processor.py:753} INFO - DAG(s) dict_keys(['example_short_circuit_operator']) retrieved from /home/airflow/.local/lib/python3.7/site-packages/airflow/example_dags/example_short_circuit_operator.py
[2023-03-18T00:12:59.105+0000] {logging_mixin.py:137} INFO - [2023-03-18T00:12:59.104+0000] {dag.py:2690} INFO - Sync 1 DAGs
[2023-03-18T00:12:59.144+0000] {logging_mixin.py:137} INFO - [2023-03-18T00:12:59.144+0000] {dag.py:3441} INFO - Setting next_dagrun for example_short_circuit_operator to 2023-03-17T00:12:59.143906+00:00, run_after=2023-03-18T00:12:59.143906+00:00
[2023-03-18T00:12:59.180+0000] {processor.py:175} INFO - Processing /home/airflow/.local/lib/python3.7/site-packages/airflow/example_dags/example_short_circuit_operator.py took 0.145 seconds
[2023-03-18T00:13:29.564+0000] {processor.py:153} INFO - Started process (PID=10295) to work on /home/airflow/.local/lib/python3.7/site-packages/airflow/example_dags/example_short_circuit_operator.py
[2023-03-18T00:13:29.565+0000] {processor.py:743} INFO - Processing file /home/airflow/.local/lib/python3.7/site-packages/airflow/example_dags/example_short_circuit_operator.py for tasks to queue
[2023-03-18T00:13:29.567+0000] {logging_mixin.py:137} INFO - [2023-03-18T00:13:29.567+0000] {dagbag.py:538} INFO - Filling up the DagBag from /home/airflow/.local/lib/python3.7/site-packages/airflow/example_dags/example_short_circuit_operator.py
[2023-03-18T00:13:29.589+0000] {processor.py:753} INFO - DAG(s) dict_keys(['example_short_circuit_operator']) retrieved from /home/airflow/.local/lib/python3.7/site-packages/airflow/example_dags/example_short_circuit_operator.py
[2023-03-18T00:13:29.621+0000] {logging_mixin.py:137} INFO - [2023-03-18T00:13:29.621+0000] {dag.py:2690} INFO - Sync 1 DAGs
[2023-03-18T00:13:29.650+0000] {logging_mixin.py:137} INFO - [2023-03-18T00:13:29.650+0000] {dag.py:3441} INFO - Setting next_dagrun for example_short_circuit_operator to 2023-03-17T00:13:29.649844+00:00, run_after=2023-03-18T00:13:29.649844+00:00
[2023-03-18T00:13:29.680+0000] {processor.py:175} INFO - Processing /home/airflow/.local/lib/python3.7/site-packages/airflow/example_dags/example_short_circuit_operator.py took 0.121 seconds
[2023-03-18T00:14:00.665+0000] {processor.py:153} INFO - Started process (PID=10397) to work on /home/airflow/.local/lib/python3.7/site-packages/airflow/example_dags/example_short_circuit_operator.py
[2023-03-18T00:14:00.667+0000] {processor.py:743} INFO - Processing file /home/airflow/.local/lib/python3.7/site-packages/airflow/example_dags/example_short_circuit_operator.py for tasks to queue
[2023-03-18T00:14:00.669+0000] {logging_mixin.py:137} INFO - [2023-03-18T00:14:00.669+0000] {dagbag.py:538} INFO - Filling up the DagBag from /home/airflow/.local/lib/python3.7/site-packages/airflow/example_dags/example_short_circuit_operator.py
[2023-03-18T00:14:00.698+0000] {processor.py:753} INFO - DAG(s) dict_keys(['example_short_circuit_operator']) retrieved from /home/airflow/.local/lib/python3.7/site-packages/airflow/example_dags/example_short_circuit_operator.py
[2023-03-18T00:14:00.790+0000] {logging_mixin.py:137} INFO - [2023-03-18T00:14:00.789+0000] {dag.py:2690} INFO - Sync 1 DAGs
[2023-03-18T00:14:00.835+0000] {logging_mixin.py:137} INFO - [2023-03-18T00:14:00.835+0000] {dag.py:3441} INFO - Setting next_dagrun for example_short_circuit_operator to 2023-03-17T00:14:00.834503+00:00, run_after=2023-03-18T00:14:00.834503+00:00
[2023-03-18T00:14:00.870+0000] {processor.py:175} INFO - Processing /home/airflow/.local/lib/python3.7/site-packages/airflow/example_dags/example_short_circuit_operator.py took 0.212 seconds
[2023-03-18T00:14:31.894+0000] {processor.py:153} INFO - Started process (PID=10479) to work on /home/airflow/.local/lib/python3.7/site-packages/airflow/example_dags/example_short_circuit_operator.py
[2023-03-18T00:14:31.896+0000] {processor.py:743} INFO - Processing file /home/airflow/.local/lib/python3.7/site-packages/airflow/example_dags/example_short_circuit_operator.py for tasks to queue
[2023-03-18T00:14:31.897+0000] {logging_mixin.py:137} INFO - [2023-03-18T00:14:31.897+0000] {dagbag.py:538} INFO - Filling up the DagBag from /home/airflow/.local/lib/python3.7/site-packages/airflow/example_dags/example_short_circuit_operator.py
[2023-03-18T00:14:31.920+0000] {processor.py:753} INFO - DAG(s) dict_keys(['example_short_circuit_operator']) retrieved from /home/airflow/.local/lib/python3.7/site-packages/airflow/example_dags/example_short_circuit_operator.py
[2023-03-18T00:14:31.967+0000] {logging_mixin.py:137} INFO - [2023-03-18T00:14:31.966+0000] {dag.py:2690} INFO - Sync 1 DAGs
[2023-03-18T00:14:32.005+0000] {logging_mixin.py:137} INFO - [2023-03-18T00:14:32.004+0000] {dag.py:3441} INFO - Setting next_dagrun for example_short_circuit_operator to 2023-03-17T00:14:32.004465+00:00, run_after=2023-03-18T00:14:32.004465+00:00
[2023-03-18T00:14:32.038+0000] {processor.py:175} INFO - Processing /home/airflow/.local/lib/python3.7/site-packages/airflow/example_dags/example_short_circuit_operator.py took 0.148 seconds
