[2023-03-18T00:00:20.832+0000] {processor.py:153} INFO - Started process (PID=8114) to work on /home/airflow/.local/lib/python3.7/site-packages/airflow/example_dags/example_external_task_marker_dag.py
[2023-03-18T00:00:20.834+0000] {processor.py:743} INFO - Processing file /home/airflow/.local/lib/python3.7/site-packages/airflow/example_dags/example_external_task_marker_dag.py for tasks to queue
[2023-03-18T00:00:20.835+0000] {logging_mixin.py:137} INFO - [2023-03-18T00:00:20.835+0000] {dagbag.py:538} INFO - Filling up the DagBag from /home/airflow/.local/lib/python3.7/site-packages/airflow/example_dags/example_external_task_marker_dag.py
[2023-03-18T00:00:20.857+0000] {processor.py:753} INFO - DAG(s) dict_keys(['example_external_task_marker_parent', 'example_external_task_marker_child']) retrieved from /home/airflow/.local/lib/python3.7/site-packages/airflow/example_dags/example_external_task_marker_dag.py
[2023-03-18T00:00:20.891+0000] {logging_mixin.py:137} INFO - [2023-03-18T00:00:20.891+0000] {dag.py:2690} INFO - Sync 2 DAGs
[2023-03-18T00:00:20.938+0000] {logging_mixin.py:137} INFO - [2023-03-18T00:00:20.938+0000] {dag.py:3441} INFO - Setting next_dagrun for example_external_task_marker_child to None, run_after=None
[2023-03-18T00:00:20.943+0000] {logging_mixin.py:137} INFO - [2023-03-18T00:00:20.943+0000] {dag.py:3441} INFO - Setting next_dagrun for example_external_task_marker_parent to None, run_after=None
[2023-03-18T00:00:20.969+0000] {processor.py:175} INFO - Processing /home/airflow/.local/lib/python3.7/site-packages/airflow/example_dags/example_external_task_marker_dag.py took 0.143 seconds
[2023-03-18T00:00:54.172+0000] {processor.py:153} INFO - Started process (PID=8216) to work on /home/airflow/.local/lib/python3.7/site-packages/airflow/example_dags/example_external_task_marker_dag.py
[2023-03-18T00:00:54.174+0000] {processor.py:743} INFO - Processing file /home/airflow/.local/lib/python3.7/site-packages/airflow/example_dags/example_external_task_marker_dag.py for tasks to queue
[2023-03-18T00:00:54.177+0000] {logging_mixin.py:137} INFO - [2023-03-18T00:00:54.177+0000] {dagbag.py:538} INFO - Filling up the DagBag from /home/airflow/.local/lib/python3.7/site-packages/airflow/example_dags/example_external_task_marker_dag.py
[2023-03-18T00:00:54.215+0000] {processor.py:753} INFO - DAG(s) dict_keys(['example_external_task_marker_parent', 'example_external_task_marker_child']) retrieved from /home/airflow/.local/lib/python3.7/site-packages/airflow/example_dags/example_external_task_marker_dag.py
[2023-03-18T00:00:54.318+0000] {logging_mixin.py:137} INFO - [2023-03-18T00:00:54.318+0000] {dag.py:2690} INFO - Sync 2 DAGs
[2023-03-18T00:00:54.378+0000] {logging_mixin.py:137} INFO - [2023-03-18T00:00:54.377+0000] {dag.py:3441} INFO - Setting next_dagrun for example_external_task_marker_child to None, run_after=None
[2023-03-18T00:00:54.386+0000] {logging_mixin.py:137} INFO - [2023-03-18T00:00:54.386+0000] {dag.py:3441} INFO - Setting next_dagrun for example_external_task_marker_parent to None, run_after=None
[2023-03-18T00:00:54.424+0000] {processor.py:175} INFO - Processing /home/airflow/.local/lib/python3.7/site-packages/airflow/example_dags/example_external_task_marker_dag.py took 0.263 seconds
[2023-03-18T00:01:25.256+0000] {processor.py:153} INFO - Started process (PID=8298) to work on /home/airflow/.local/lib/python3.7/site-packages/airflow/example_dags/example_external_task_marker_dag.py
[2023-03-18T00:01:25.263+0000] {processor.py:743} INFO - Processing file /home/airflow/.local/lib/python3.7/site-packages/airflow/example_dags/example_external_task_marker_dag.py for tasks to queue
[2023-03-18T00:01:25.265+0000] {logging_mixin.py:137} INFO - [2023-03-18T00:01:25.265+0000] {dagbag.py:538} INFO - Filling up the DagBag from /home/airflow/.local/lib/python3.7/site-packages/airflow/example_dags/example_external_task_marker_dag.py
[2023-03-18T00:01:25.305+0000] {processor.py:753} INFO - DAG(s) dict_keys(['example_external_task_marker_parent', 'example_external_task_marker_child']) retrieved from /home/airflow/.local/lib/python3.7/site-packages/airflow/example_dags/example_external_task_marker_dag.py
[2023-03-18T00:01:25.363+0000] {logging_mixin.py:137} INFO - [2023-03-18T00:01:25.362+0000] {dag.py:2690} INFO - Sync 2 DAGs
[2023-03-18T00:01:25.429+0000] {logging_mixin.py:137} INFO - [2023-03-18T00:01:25.429+0000] {dag.py:3441} INFO - Setting next_dagrun for example_external_task_marker_child to None, run_after=None
[2023-03-18T00:01:25.438+0000] {logging_mixin.py:137} INFO - [2023-03-18T00:01:25.438+0000] {dag.py:3441} INFO - Setting next_dagrun for example_external_task_marker_parent to None, run_after=None
[2023-03-18T00:01:25.476+0000] {processor.py:175} INFO - Processing /home/airflow/.local/lib/python3.7/site-packages/airflow/example_dags/example_external_task_marker_dag.py took 0.226 seconds
[2023-03-18T00:01:56.325+0000] {processor.py:153} INFO - Started process (PID=8381) to work on /home/airflow/.local/lib/python3.7/site-packages/airflow/example_dags/example_external_task_marker_dag.py
[2023-03-18T00:01:56.327+0000] {processor.py:743} INFO - Processing file /home/airflow/.local/lib/python3.7/site-packages/airflow/example_dags/example_external_task_marker_dag.py for tasks to queue
[2023-03-18T00:01:56.333+0000] {logging_mixin.py:137} INFO - [2023-03-18T00:01:56.332+0000] {dagbag.py:538} INFO - Filling up the DagBag from /home/airflow/.local/lib/python3.7/site-packages/airflow/example_dags/example_external_task_marker_dag.py
[2023-03-18T00:01:56.364+0000] {processor.py:753} INFO - DAG(s) dict_keys(['example_external_task_marker_parent', 'example_external_task_marker_child']) retrieved from /home/airflow/.local/lib/python3.7/site-packages/airflow/example_dags/example_external_task_marker_dag.py
[2023-03-18T00:01:56.519+0000] {logging_mixin.py:137} INFO - [2023-03-18T00:01:56.518+0000] {dag.py:2690} INFO - Sync 2 DAGs
[2023-03-18T00:01:56.582+0000] {logging_mixin.py:137} INFO - [2023-03-18T00:01:56.582+0000] {dag.py:3441} INFO - Setting next_dagrun for example_external_task_marker_child to None, run_after=None
[2023-03-18T00:01:56.600+0000] {logging_mixin.py:137} INFO - [2023-03-18T00:01:56.599+0000] {dag.py:3441} INFO - Setting next_dagrun for example_external_task_marker_parent to None, run_after=None
[2023-03-18T00:01:56.666+0000] {processor.py:175} INFO - Processing /home/airflow/.local/lib/python3.7/site-packages/airflow/example_dags/example_external_task_marker_dag.py took 0.347 seconds
[2023-03-18T00:02:28.092+0000] {processor.py:153} INFO - Started process (PID=8463) to work on /home/airflow/.local/lib/python3.7/site-packages/airflow/example_dags/example_external_task_marker_dag.py
[2023-03-18T00:02:28.095+0000] {processor.py:743} INFO - Processing file /home/airflow/.local/lib/python3.7/site-packages/airflow/example_dags/example_external_task_marker_dag.py for tasks to queue
[2023-03-18T00:02:28.098+0000] {logging_mixin.py:137} INFO - [2023-03-18T00:02:28.097+0000] {dagbag.py:538} INFO - Filling up the DagBag from /home/airflow/.local/lib/python3.7/site-packages/airflow/example_dags/example_external_task_marker_dag.py
[2023-03-18T00:02:28.144+0000] {processor.py:753} INFO - DAG(s) dict_keys(['example_external_task_marker_parent', 'example_external_task_marker_child']) retrieved from /home/airflow/.local/lib/python3.7/site-packages/airflow/example_dags/example_external_task_marker_dag.py
[2023-03-18T00:02:28.311+0000] {logging_mixin.py:137} INFO - [2023-03-18T00:02:28.310+0000] {dag.py:2690} INFO - Sync 2 DAGs
[2023-03-18T00:02:28.473+0000] {logging_mixin.py:137} INFO - [2023-03-18T00:02:28.473+0000] {dag.py:3441} INFO - Setting next_dagrun for example_external_task_marker_child to None, run_after=None
[2023-03-18T00:02:28.484+0000] {logging_mixin.py:137} INFO - [2023-03-18T00:02:28.483+0000] {dag.py:3441} INFO - Setting next_dagrun for example_external_task_marker_parent to None, run_after=None
[2023-03-18T00:02:28.526+0000] {processor.py:175} INFO - Processing /home/airflow/.local/lib/python3.7/site-packages/airflow/example_dags/example_external_task_marker_dag.py took 0.443 seconds
[2023-03-18T00:02:58.939+0000] {processor.py:153} INFO - Started process (PID=8545) to work on /home/airflow/.local/lib/python3.7/site-packages/airflow/example_dags/example_external_task_marker_dag.py
[2023-03-18T00:02:58.943+0000] {processor.py:743} INFO - Processing file /home/airflow/.local/lib/python3.7/site-packages/airflow/example_dags/example_external_task_marker_dag.py for tasks to queue
[2023-03-18T00:02:58.944+0000] {logging_mixin.py:137} INFO - [2023-03-18T00:02:58.944+0000] {dagbag.py:538} INFO - Filling up the DagBag from /home/airflow/.local/lib/python3.7/site-packages/airflow/example_dags/example_external_task_marker_dag.py
[2023-03-18T00:02:58.983+0000] {processor.py:753} INFO - DAG(s) dict_keys(['example_external_task_marker_child', 'example_external_task_marker_parent']) retrieved from /home/airflow/.local/lib/python3.7/site-packages/airflow/example_dags/example_external_task_marker_dag.py
[2023-03-18T00:02:59.087+0000] {logging_mixin.py:137} INFO - [2023-03-18T00:02:59.087+0000] {dag.py:2690} INFO - Sync 2 DAGs
[2023-03-18T00:02:59.179+0000] {logging_mixin.py:137} INFO - [2023-03-18T00:02:59.179+0000] {dag.py:3441} INFO - Setting next_dagrun for example_external_task_marker_child to None, run_after=None
[2023-03-18T00:02:59.188+0000] {logging_mixin.py:137} INFO - [2023-03-18T00:02:59.187+0000] {dag.py:3441} INFO - Setting next_dagrun for example_external_task_marker_parent to None, run_after=None
[2023-03-18T00:02:59.229+0000] {processor.py:175} INFO - Processing /home/airflow/.local/lib/python3.7/site-packages/airflow/example_dags/example_external_task_marker_dag.py took 0.301 seconds
[2023-03-18T00:03:30.097+0000] {processor.py:153} INFO - Started process (PID=8627) to work on /home/airflow/.local/lib/python3.7/site-packages/airflow/example_dags/example_external_task_marker_dag.py
[2023-03-18T00:03:30.101+0000] {processor.py:743} INFO - Processing file /home/airflow/.local/lib/python3.7/site-packages/airflow/example_dags/example_external_task_marker_dag.py for tasks to queue
[2023-03-18T00:03:30.105+0000] {logging_mixin.py:137} INFO - [2023-03-18T00:03:30.105+0000] {dagbag.py:538} INFO - Filling up the DagBag from /home/airflow/.local/lib/python3.7/site-packages/airflow/example_dags/example_external_task_marker_dag.py
[2023-03-18T00:03:30.173+0000] {processor.py:753} INFO - DAG(s) dict_keys(['example_external_task_marker_parent', 'example_external_task_marker_child']) retrieved from /home/airflow/.local/lib/python3.7/site-packages/airflow/example_dags/example_external_task_marker_dag.py
[2023-03-18T00:03:30.337+0000] {logging_mixin.py:137} INFO - [2023-03-18T00:03:30.336+0000] {dag.py:2690} INFO - Sync 2 DAGs
[2023-03-18T00:03:30.470+0000] {logging_mixin.py:137} INFO - [2023-03-18T00:03:30.470+0000] {dag.py:3441} INFO - Setting next_dagrun for example_external_task_marker_child to None, run_after=None
[2023-03-18T00:03:30.475+0000] {logging_mixin.py:137} INFO - [2023-03-18T00:03:30.475+0000] {dag.py:3441} INFO - Setting next_dagrun for example_external_task_marker_parent to None, run_after=None
[2023-03-18T00:03:30.499+0000] {processor.py:175} INFO - Processing /home/airflow/.local/lib/python3.7/site-packages/airflow/example_dags/example_external_task_marker_dag.py took 0.425 seconds
[2023-03-18T00:04:01.389+0000] {processor.py:153} INFO - Started process (PID=8709) to work on /home/airflow/.local/lib/python3.7/site-packages/airflow/example_dags/example_external_task_marker_dag.py
[2023-03-18T00:04:01.393+0000] {processor.py:743} INFO - Processing file /home/airflow/.local/lib/python3.7/site-packages/airflow/example_dags/example_external_task_marker_dag.py for tasks to queue
[2023-03-18T00:04:01.398+0000] {logging_mixin.py:137} INFO - [2023-03-18T00:04:01.397+0000] {dagbag.py:538} INFO - Filling up the DagBag from /home/airflow/.local/lib/python3.7/site-packages/airflow/example_dags/example_external_task_marker_dag.py
[2023-03-18T00:04:01.457+0000] {processor.py:753} INFO - DAG(s) dict_keys(['example_external_task_marker_child', 'example_external_task_marker_parent']) retrieved from /home/airflow/.local/lib/python3.7/site-packages/airflow/example_dags/example_external_task_marker_dag.py
[2023-03-18T00:04:01.517+0000] {logging_mixin.py:137} INFO - [2023-03-18T00:04:01.516+0000] {dag.py:2690} INFO - Sync 2 DAGs
[2023-03-18T00:04:01.585+0000] {logging_mixin.py:137} INFO - [2023-03-18T00:04:01.585+0000] {dag.py:3441} INFO - Setting next_dagrun for example_external_task_marker_child to None, run_after=None
[2023-03-18T00:04:01.592+0000] {logging_mixin.py:137} INFO - [2023-03-18T00:04:01.592+0000] {dag.py:3441} INFO - Setting next_dagrun for example_external_task_marker_parent to None, run_after=None
[2023-03-18T00:04:01.635+0000] {processor.py:175} INFO - Processing /home/airflow/.local/lib/python3.7/site-packages/airflow/example_dags/example_external_task_marker_dag.py took 0.263 seconds
[2023-03-18T00:04:32.073+0000] {processor.py:153} INFO - Started process (PID=8791) to work on /home/airflow/.local/lib/python3.7/site-packages/airflow/example_dags/example_external_task_marker_dag.py
[2023-03-18T00:04:32.075+0000] {processor.py:743} INFO - Processing file /home/airflow/.local/lib/python3.7/site-packages/airflow/example_dags/example_external_task_marker_dag.py for tasks to queue
[2023-03-18T00:04:32.076+0000] {logging_mixin.py:137} INFO - [2023-03-18T00:04:32.076+0000] {dagbag.py:538} INFO - Filling up the DagBag from /home/airflow/.local/lib/python3.7/site-packages/airflow/example_dags/example_external_task_marker_dag.py
[2023-03-18T00:04:32.089+0000] {processor.py:753} INFO - DAG(s) dict_keys(['example_external_task_marker_child', 'example_external_task_marker_parent']) retrieved from /home/airflow/.local/lib/python3.7/site-packages/airflow/example_dags/example_external_task_marker_dag.py
[2023-03-18T00:04:32.127+0000] {logging_mixin.py:137} INFO - [2023-03-18T00:04:32.127+0000] {dag.py:2690} INFO - Sync 2 DAGs
[2023-03-18T00:04:32.162+0000] {logging_mixin.py:137} INFO - [2023-03-18T00:04:32.162+0000] {dag.py:3441} INFO - Setting next_dagrun for example_external_task_marker_child to None, run_after=None
[2023-03-18T00:04:32.167+0000] {logging_mixin.py:137} INFO - [2023-03-18T00:04:32.167+0000] {dag.py:3441} INFO - Setting next_dagrun for example_external_task_marker_parent to None, run_after=None
[2023-03-18T00:04:32.197+0000] {processor.py:175} INFO - Processing /home/airflow/.local/lib/python3.7/site-packages/airflow/example_dags/example_external_task_marker_dag.py took 0.127 seconds
[2023-03-18T00:05:02.651+0000] {processor.py:153} INFO - Started process (PID=8894) to work on /home/airflow/.local/lib/python3.7/site-packages/airflow/example_dags/example_external_task_marker_dag.py
[2023-03-18T00:05:02.653+0000] {processor.py:743} INFO - Processing file /home/airflow/.local/lib/python3.7/site-packages/airflow/example_dags/example_external_task_marker_dag.py for tasks to queue
[2023-03-18T00:05:02.661+0000] {logging_mixin.py:137} INFO - [2023-03-18T00:05:02.660+0000] {dagbag.py:538} INFO - Filling up the DagBag from /home/airflow/.local/lib/python3.7/site-packages/airflow/example_dags/example_external_task_marker_dag.py
[2023-03-18T00:05:02.680+0000] {processor.py:753} INFO - DAG(s) dict_keys(['example_external_task_marker_child', 'example_external_task_marker_parent']) retrieved from /home/airflow/.local/lib/python3.7/site-packages/airflow/example_dags/example_external_task_marker_dag.py
[2023-03-18T00:05:02.720+0000] {logging_mixin.py:137} INFO - [2023-03-18T00:05:02.720+0000] {dag.py:2690} INFO - Sync 2 DAGs
[2023-03-18T00:05:02.754+0000] {logging_mixin.py:137} INFO - [2023-03-18T00:05:02.754+0000] {dag.py:3441} INFO - Setting next_dagrun for example_external_task_marker_child to None, run_after=None
[2023-03-18T00:05:02.759+0000] {logging_mixin.py:137} INFO - [2023-03-18T00:05:02.759+0000] {dag.py:3441} INFO - Setting next_dagrun for example_external_task_marker_parent to None, run_after=None
[2023-03-18T00:05:02.786+0000] {processor.py:175} INFO - Processing /home/airflow/.local/lib/python3.7/site-packages/airflow/example_dags/example_external_task_marker_dag.py took 0.138 seconds
[2023-03-18T00:05:32.913+0000] {processor.py:153} INFO - Started process (PID=8976) to work on /home/airflow/.local/lib/python3.7/site-packages/airflow/example_dags/example_external_task_marker_dag.py
[2023-03-18T00:05:32.915+0000] {processor.py:743} INFO - Processing file /home/airflow/.local/lib/python3.7/site-packages/airflow/example_dags/example_external_task_marker_dag.py for tasks to queue
[2023-03-18T00:05:32.917+0000] {logging_mixin.py:137} INFO - [2023-03-18T00:05:32.917+0000] {dagbag.py:538} INFO - Filling up the DagBag from /home/airflow/.local/lib/python3.7/site-packages/airflow/example_dags/example_external_task_marker_dag.py
[2023-03-18T00:05:32.944+0000] {processor.py:753} INFO - DAG(s) dict_keys(['example_external_task_marker_child', 'example_external_task_marker_parent']) retrieved from /home/airflow/.local/lib/python3.7/site-packages/airflow/example_dags/example_external_task_marker_dag.py
[2023-03-18T00:05:32.983+0000] {logging_mixin.py:137} INFO - [2023-03-18T00:05:32.983+0000] {dag.py:2690} INFO - Sync 2 DAGs
[2023-03-18T00:05:33.025+0000] {logging_mixin.py:137} INFO - [2023-03-18T00:05:33.024+0000] {dag.py:3441} INFO - Setting next_dagrun for example_external_task_marker_child to None, run_after=None
[2023-03-18T00:05:33.030+0000] {logging_mixin.py:137} INFO - [2023-03-18T00:05:33.030+0000] {dag.py:3441} INFO - Setting next_dagrun for example_external_task_marker_parent to None, run_after=None
[2023-03-18T00:05:33.056+0000] {processor.py:175} INFO - Processing /home/airflow/.local/lib/python3.7/site-packages/airflow/example_dags/example_external_task_marker_dag.py took 0.147 seconds
[2023-03-18T00:06:03.861+0000] {processor.py:153} INFO - Started process (PID=9058) to work on /home/airflow/.local/lib/python3.7/site-packages/airflow/example_dags/example_external_task_marker_dag.py
[2023-03-18T00:06:03.864+0000] {processor.py:743} INFO - Processing file /home/airflow/.local/lib/python3.7/site-packages/airflow/example_dags/example_external_task_marker_dag.py for tasks to queue
[2023-03-18T00:06:03.867+0000] {logging_mixin.py:137} INFO - [2023-03-18T00:06:03.866+0000] {dagbag.py:538} INFO - Filling up the DagBag from /home/airflow/.local/lib/python3.7/site-packages/airflow/example_dags/example_external_task_marker_dag.py
[2023-03-18T00:06:03.900+0000] {processor.py:753} INFO - DAG(s) dict_keys(['example_external_task_marker_parent', 'example_external_task_marker_child']) retrieved from /home/airflow/.local/lib/python3.7/site-packages/airflow/example_dags/example_external_task_marker_dag.py
[2023-03-18T00:06:03.967+0000] {logging_mixin.py:137} INFO - [2023-03-18T00:06:03.967+0000] {dag.py:2690} INFO - Sync 2 DAGs
[2023-03-18T00:06:04.022+0000] {logging_mixin.py:137} INFO - [2023-03-18T00:06:04.021+0000] {dag.py:3441} INFO - Setting next_dagrun for example_external_task_marker_child to None, run_after=None
[2023-03-18T00:06:04.036+0000] {logging_mixin.py:137} INFO - [2023-03-18T00:06:04.036+0000] {dag.py:3441} INFO - Setting next_dagrun for example_external_task_marker_parent to None, run_after=None
[2023-03-18T00:06:04.101+0000] {processor.py:175} INFO - Processing /home/airflow/.local/lib/python3.7/site-packages/airflow/example_dags/example_external_task_marker_dag.py took 0.247 seconds
[2023-03-18T00:06:34.576+0000] {processor.py:153} INFO - Started process (PID=9140) to work on /home/airflow/.local/lib/python3.7/site-packages/airflow/example_dags/example_external_task_marker_dag.py
[2023-03-18T00:06:34.578+0000] {processor.py:743} INFO - Processing file /home/airflow/.local/lib/python3.7/site-packages/airflow/example_dags/example_external_task_marker_dag.py for tasks to queue
[2023-03-18T00:06:34.580+0000] {logging_mixin.py:137} INFO - [2023-03-18T00:06:34.579+0000] {dagbag.py:538} INFO - Filling up the DagBag from /home/airflow/.local/lib/python3.7/site-packages/airflow/example_dags/example_external_task_marker_dag.py
[2023-03-18T00:06:34.614+0000] {processor.py:753} INFO - DAG(s) dict_keys(['example_external_task_marker_parent', 'example_external_task_marker_child']) retrieved from /home/airflow/.local/lib/python3.7/site-packages/airflow/example_dags/example_external_task_marker_dag.py
[2023-03-18T00:06:34.679+0000] {logging_mixin.py:137} INFO - [2023-03-18T00:06:34.678+0000] {dag.py:2690} INFO - Sync 2 DAGs
[2023-03-18T00:06:34.736+0000] {logging_mixin.py:137} INFO - [2023-03-18T00:06:34.736+0000] {dag.py:3441} INFO - Setting next_dagrun for example_external_task_marker_child to None, run_after=None
[2023-03-18T00:06:34.743+0000] {logging_mixin.py:137} INFO - [2023-03-18T00:06:34.743+0000] {dag.py:3441} INFO - Setting next_dagrun for example_external_task_marker_parent to None, run_after=None
[2023-03-18T00:06:34.774+0000] {processor.py:175} INFO - Processing /home/airflow/.local/lib/python3.7/site-packages/airflow/example_dags/example_external_task_marker_dag.py took 0.203 seconds
[2023-03-18T00:07:05.522+0000] {processor.py:153} INFO - Started process (PID=9242) to work on /home/airflow/.local/lib/python3.7/site-packages/airflow/example_dags/example_external_task_marker_dag.py
[2023-03-18T00:07:05.525+0000] {processor.py:743} INFO - Processing file /home/airflow/.local/lib/python3.7/site-packages/airflow/example_dags/example_external_task_marker_dag.py for tasks to queue
[2023-03-18T00:07:05.527+0000] {logging_mixin.py:137} INFO - [2023-03-18T00:07:05.527+0000] {dagbag.py:538} INFO - Filling up the DagBag from /home/airflow/.local/lib/python3.7/site-packages/airflow/example_dags/example_external_task_marker_dag.py
[2023-03-18T00:07:05.599+0000] {processor.py:753} INFO - DAG(s) dict_keys(['example_external_task_marker_child', 'example_external_task_marker_parent']) retrieved from /home/airflow/.local/lib/python3.7/site-packages/airflow/example_dags/example_external_task_marker_dag.py
[2023-03-18T00:07:05.752+0000] {logging_mixin.py:137} INFO - [2023-03-18T00:07:05.752+0000] {dag.py:2690} INFO - Sync 2 DAGs
[2023-03-18T00:07:05.838+0000] {logging_mixin.py:137} INFO - [2023-03-18T00:07:05.838+0000] {dag.py:3441} INFO - Setting next_dagrun for example_external_task_marker_child to None, run_after=None
[2023-03-18T00:07:05.848+0000] {logging_mixin.py:137} INFO - [2023-03-18T00:07:05.848+0000] {dag.py:3441} INFO - Setting next_dagrun for example_external_task_marker_parent to None, run_after=None
[2023-03-18T00:07:05.899+0000] {processor.py:175} INFO - Processing /home/airflow/.local/lib/python3.7/site-packages/airflow/example_dags/example_external_task_marker_dag.py took 0.403 seconds
[2023-03-18T00:07:36.430+0000] {processor.py:153} INFO - Started process (PID=9326) to work on /home/airflow/.local/lib/python3.7/site-packages/airflow/example_dags/example_external_task_marker_dag.py
[2023-03-18T00:07:36.435+0000] {processor.py:743} INFO - Processing file /home/airflow/.local/lib/python3.7/site-packages/airflow/example_dags/example_external_task_marker_dag.py for tasks to queue
[2023-03-18T00:07:36.440+0000] {logging_mixin.py:137} INFO - [2023-03-18T00:07:36.439+0000] {dagbag.py:538} INFO - Filling up the DagBag from /home/airflow/.local/lib/python3.7/site-packages/airflow/example_dags/example_external_task_marker_dag.py
[2023-03-18T00:07:36.507+0000] {processor.py:753} INFO - DAG(s) dict_keys(['example_external_task_marker_parent', 'example_external_task_marker_child']) retrieved from /home/airflow/.local/lib/python3.7/site-packages/airflow/example_dags/example_external_task_marker_dag.py
[2023-03-18T00:07:36.618+0000] {logging_mixin.py:137} INFO - [2023-03-18T00:07:36.617+0000] {dag.py:2690} INFO - Sync 2 DAGs
[2023-03-18T00:07:36.749+0000] {logging_mixin.py:137} INFO - [2023-03-18T00:07:36.748+0000] {dag.py:3441} INFO - Setting next_dagrun for example_external_task_marker_child to None, run_after=None
[2023-03-18T00:07:36.771+0000] {logging_mixin.py:137} INFO - [2023-03-18T00:07:36.771+0000] {dag.py:3441} INFO - Setting next_dagrun for example_external_task_marker_parent to None, run_after=None
[2023-03-18T00:07:36.836+0000] {processor.py:175} INFO - Processing /home/airflow/.local/lib/python3.7/site-packages/airflow/example_dags/example_external_task_marker_dag.py took 0.421 seconds
[2023-03-18T00:08:07.303+0000] {processor.py:153} INFO - Started process (PID=9408) to work on /home/airflow/.local/lib/python3.7/site-packages/airflow/example_dags/example_external_task_marker_dag.py
[2023-03-18T00:08:07.305+0000] {processor.py:743} INFO - Processing file /home/airflow/.local/lib/python3.7/site-packages/airflow/example_dags/example_external_task_marker_dag.py for tasks to queue
[2023-03-18T00:08:07.307+0000] {logging_mixin.py:137} INFO - [2023-03-18T00:08:07.307+0000] {dagbag.py:538} INFO - Filling up the DagBag from /home/airflow/.local/lib/python3.7/site-packages/airflow/example_dags/example_external_task_marker_dag.py
[2023-03-18T00:08:07.334+0000] {processor.py:753} INFO - DAG(s) dict_keys(['example_external_task_marker_child', 'example_external_task_marker_parent']) retrieved from /home/airflow/.local/lib/python3.7/site-packages/airflow/example_dags/example_external_task_marker_dag.py
[2023-03-18T00:08:07.373+0000] {logging_mixin.py:137} INFO - [2023-03-18T00:08:07.373+0000] {dag.py:2690} INFO - Sync 2 DAGs
[2023-03-18T00:08:07.407+0000] {logging_mixin.py:137} INFO - [2023-03-18T00:08:07.407+0000] {dag.py:3441} INFO - Setting next_dagrun for example_external_task_marker_child to None, run_after=None
[2023-03-18T00:08:07.412+0000] {logging_mixin.py:137} INFO - [2023-03-18T00:08:07.412+0000] {dag.py:3441} INFO - Setting next_dagrun for example_external_task_marker_parent to None, run_after=None
[2023-03-18T00:08:07.434+0000] {processor.py:175} INFO - Processing /home/airflow/.local/lib/python3.7/site-packages/airflow/example_dags/example_external_task_marker_dag.py took 0.136 seconds
[2023-03-18T00:08:37.769+0000] {processor.py:153} INFO - Started process (PID=9490) to work on /home/airflow/.local/lib/python3.7/site-packages/airflow/example_dags/example_external_task_marker_dag.py
[2023-03-18T00:08:37.770+0000] {processor.py:743} INFO - Processing file /home/airflow/.local/lib/python3.7/site-packages/airflow/example_dags/example_external_task_marker_dag.py for tasks to queue
[2023-03-18T00:08:37.772+0000] {logging_mixin.py:137} INFO - [2023-03-18T00:08:37.772+0000] {dagbag.py:538} INFO - Filling up the DagBag from /home/airflow/.local/lib/python3.7/site-packages/airflow/example_dags/example_external_task_marker_dag.py
[2023-03-18T00:08:37.795+0000] {processor.py:753} INFO - DAG(s) dict_keys(['example_external_task_marker_child', 'example_external_task_marker_parent']) retrieved from /home/airflow/.local/lib/python3.7/site-packages/airflow/example_dags/example_external_task_marker_dag.py
[2023-03-18T00:08:37.838+0000] {logging_mixin.py:137} INFO - [2023-03-18T00:08:37.838+0000] {dag.py:2690} INFO - Sync 2 DAGs
[2023-03-18T00:08:37.877+0000] {logging_mixin.py:137} INFO - [2023-03-18T00:08:37.877+0000] {dag.py:3441} INFO - Setting next_dagrun for example_external_task_marker_child to None, run_after=None
[2023-03-18T00:08:37.882+0000] {logging_mixin.py:137} INFO - [2023-03-18T00:08:37.882+0000] {dag.py:3441} INFO - Setting next_dagrun for example_external_task_marker_parent to None, run_after=None
[2023-03-18T00:08:37.920+0000] {processor.py:175} INFO - Processing /home/airflow/.local/lib/python3.7/site-packages/airflow/example_dags/example_external_task_marker_dag.py took 0.156 seconds
[2023-03-18T00:09:08.570+0000] {processor.py:153} INFO - Started process (PID=9572) to work on /home/airflow/.local/lib/python3.7/site-packages/airflow/example_dags/example_external_task_marker_dag.py
[2023-03-18T00:09:08.571+0000] {processor.py:743} INFO - Processing file /home/airflow/.local/lib/python3.7/site-packages/airflow/example_dags/example_external_task_marker_dag.py for tasks to queue
[2023-03-18T00:09:08.573+0000] {logging_mixin.py:137} INFO - [2023-03-18T00:09:08.572+0000] {dagbag.py:538} INFO - Filling up the DagBag from /home/airflow/.local/lib/python3.7/site-packages/airflow/example_dags/example_external_task_marker_dag.py
[2023-03-18T00:09:08.595+0000] {processor.py:753} INFO - DAG(s) dict_keys(['example_external_task_marker_parent', 'example_external_task_marker_child']) retrieved from /home/airflow/.local/lib/python3.7/site-packages/airflow/example_dags/example_external_task_marker_dag.py
[2023-03-18T00:09:08.635+0000] {logging_mixin.py:137} INFO - [2023-03-18T00:09:08.635+0000] {dag.py:2690} INFO - Sync 2 DAGs
[2023-03-18T00:09:08.664+0000] {logging_mixin.py:137} INFO - [2023-03-18T00:09:08.664+0000] {dag.py:3441} INFO - Setting next_dagrun for example_external_task_marker_child to None, run_after=None
[2023-03-18T00:09:08.668+0000] {logging_mixin.py:137} INFO - [2023-03-18T00:09:08.668+0000] {dag.py:3441} INFO - Setting next_dagrun for example_external_task_marker_parent to None, run_after=None
[2023-03-18T00:09:08.697+0000] {processor.py:175} INFO - Processing /home/airflow/.local/lib/python3.7/site-packages/airflow/example_dags/example_external_task_marker_dag.py took 0.131 seconds
[2023-03-18T00:09:39.565+0000] {processor.py:153} INFO - Started process (PID=9674) to work on /home/airflow/.local/lib/python3.7/site-packages/airflow/example_dags/example_external_task_marker_dag.py
[2023-03-18T00:09:39.570+0000] {processor.py:743} INFO - Processing file /home/airflow/.local/lib/python3.7/site-packages/airflow/example_dags/example_external_task_marker_dag.py for tasks to queue
[2023-03-18T00:09:39.576+0000] {logging_mixin.py:137} INFO - [2023-03-18T00:09:39.575+0000] {dagbag.py:538} INFO - Filling up the DagBag from /home/airflow/.local/lib/python3.7/site-packages/airflow/example_dags/example_external_task_marker_dag.py
[2023-03-18T00:09:39.619+0000] {processor.py:753} INFO - DAG(s) dict_keys(['example_external_task_marker_child', 'example_external_task_marker_parent']) retrieved from /home/airflow/.local/lib/python3.7/site-packages/airflow/example_dags/example_external_task_marker_dag.py
[2023-03-18T00:09:39.651+0000] {logging_mixin.py:137} INFO - [2023-03-18T00:09:39.651+0000] {dag.py:2690} INFO - Sync 2 DAGs
[2023-03-18T00:09:39.680+0000] {logging_mixin.py:137} INFO - [2023-03-18T00:09:39.680+0000] {dag.py:3441} INFO - Setting next_dagrun for example_external_task_marker_child to None, run_after=None
[2023-03-18T00:09:39.684+0000] {logging_mixin.py:137} INFO - [2023-03-18T00:09:39.684+0000] {dag.py:3441} INFO - Setting next_dagrun for example_external_task_marker_parent to None, run_after=None
[2023-03-18T00:09:39.709+0000] {processor.py:175} INFO - Processing /home/airflow/.local/lib/python3.7/site-packages/airflow/example_dags/example_external_task_marker_dag.py took 0.162 seconds
[2023-03-18T00:10:10.515+0000] {processor.py:153} INFO - Started process (PID=9756) to work on /home/airflow/.local/lib/python3.7/site-packages/airflow/example_dags/example_external_task_marker_dag.py
[2023-03-18T00:10:10.521+0000] {processor.py:743} INFO - Processing file /home/airflow/.local/lib/python3.7/site-packages/airflow/example_dags/example_external_task_marker_dag.py for tasks to queue
[2023-03-18T00:10:10.528+0000] {logging_mixin.py:137} INFO - [2023-03-18T00:10:10.527+0000] {dagbag.py:538} INFO - Filling up the DagBag from /home/airflow/.local/lib/python3.7/site-packages/airflow/example_dags/example_external_task_marker_dag.py
[2023-03-18T00:10:10.608+0000] {processor.py:753} INFO - DAG(s) dict_keys(['example_external_task_marker_parent', 'example_external_task_marker_child']) retrieved from /home/airflow/.local/lib/python3.7/site-packages/airflow/example_dags/example_external_task_marker_dag.py
[2023-03-18T00:10:10.659+0000] {logging_mixin.py:137} INFO - [2023-03-18T00:10:10.659+0000] {dag.py:2690} INFO - Sync 2 DAGs
[2023-03-18T00:10:10.706+0000] {logging_mixin.py:137} INFO - [2023-03-18T00:10:10.706+0000] {dag.py:3441} INFO - Setting next_dagrun for example_external_task_marker_child to None, run_after=None
[2023-03-18T00:10:10.712+0000] {logging_mixin.py:137} INFO - [2023-03-18T00:10:10.712+0000] {dag.py:3441} INFO - Setting next_dagrun for example_external_task_marker_parent to None, run_after=None
[2023-03-18T00:10:10.741+0000] {processor.py:175} INFO - Processing /home/airflow/.local/lib/python3.7/site-packages/airflow/example_dags/example_external_task_marker_dag.py took 0.242 seconds
[2023-03-18T00:10:41.169+0000] {processor.py:153} INFO - Started process (PID=9838) to work on /home/airflow/.local/lib/python3.7/site-packages/airflow/example_dags/example_external_task_marker_dag.py
[2023-03-18T00:10:41.174+0000] {processor.py:743} INFO - Processing file /home/airflow/.local/lib/python3.7/site-packages/airflow/example_dags/example_external_task_marker_dag.py for tasks to queue
[2023-03-18T00:10:41.178+0000] {logging_mixin.py:137} INFO - [2023-03-18T00:10:41.177+0000] {dagbag.py:538} INFO - Filling up the DagBag from /home/airflow/.local/lib/python3.7/site-packages/airflow/example_dags/example_external_task_marker_dag.py
[2023-03-18T00:10:41.257+0000] {processor.py:753} INFO - DAG(s) dict_keys(['example_external_task_marker_parent', 'example_external_task_marker_child']) retrieved from /home/airflow/.local/lib/python3.7/site-packages/airflow/example_dags/example_external_task_marker_dag.py
[2023-03-18T00:10:41.386+0000] {logging_mixin.py:137} INFO - [2023-03-18T00:10:41.385+0000] {dag.py:2690} INFO - Sync 2 DAGs
[2023-03-18T00:10:41.532+0000] {logging_mixin.py:137} INFO - [2023-03-18T00:10:41.531+0000] {dag.py:3441} INFO - Setting next_dagrun for example_external_task_marker_child to None, run_after=None
[2023-03-18T00:10:41.554+0000] {logging_mixin.py:137} INFO - [2023-03-18T00:10:41.554+0000] {dag.py:3441} INFO - Setting next_dagrun for example_external_task_marker_parent to None, run_after=None
[2023-03-18T00:10:41.642+0000] {processor.py:175} INFO - Processing /home/airflow/.local/lib/python3.7/site-packages/airflow/example_dags/example_external_task_marker_dag.py took 0.491 seconds
[2023-03-18T00:11:12.292+0000] {processor.py:153} INFO - Started process (PID=9920) to work on /home/airflow/.local/lib/python3.7/site-packages/airflow/example_dags/example_external_task_marker_dag.py
[2023-03-18T00:11:12.294+0000] {processor.py:743} INFO - Processing file /home/airflow/.local/lib/python3.7/site-packages/airflow/example_dags/example_external_task_marker_dag.py for tasks to queue
[2023-03-18T00:11:12.295+0000] {logging_mixin.py:137} INFO - [2023-03-18T00:11:12.294+0000] {dagbag.py:538} INFO - Filling up the DagBag from /home/airflow/.local/lib/python3.7/site-packages/airflow/example_dags/example_external_task_marker_dag.py
[2023-03-18T00:11:12.316+0000] {processor.py:753} INFO - DAG(s) dict_keys(['example_external_task_marker_child', 'example_external_task_marker_parent']) retrieved from /home/airflow/.local/lib/python3.7/site-packages/airflow/example_dags/example_external_task_marker_dag.py
[2023-03-18T00:11:12.358+0000] {logging_mixin.py:137} INFO - [2023-03-18T00:11:12.358+0000] {dag.py:2690} INFO - Sync 2 DAGs
[2023-03-18T00:11:12.392+0000] {logging_mixin.py:137} INFO - [2023-03-18T00:11:12.392+0000] {dag.py:3441} INFO - Setting next_dagrun for example_external_task_marker_child to None, run_after=None
[2023-03-18T00:11:12.397+0000] {logging_mixin.py:137} INFO - [2023-03-18T00:11:12.397+0000] {dag.py:3441} INFO - Setting next_dagrun for example_external_task_marker_parent to None, run_after=None
[2023-03-18T00:11:12.430+0000] {processor.py:175} INFO - Processing /home/airflow/.local/lib/python3.7/site-packages/airflow/example_dags/example_external_task_marker_dag.py took 0.142 seconds
[2023-03-18T00:11:42.555+0000] {processor.py:153} INFO - Started process (PID=10011) to work on /home/airflow/.local/lib/python3.7/site-packages/airflow/example_dags/example_external_task_marker_dag.py
[2023-03-18T00:11:42.557+0000] {processor.py:743} INFO - Processing file /home/airflow/.local/lib/python3.7/site-packages/airflow/example_dags/example_external_task_marker_dag.py for tasks to queue
[2023-03-18T00:11:42.559+0000] {logging_mixin.py:137} INFO - [2023-03-18T00:11:42.558+0000] {dagbag.py:538} INFO - Filling up the DagBag from /home/airflow/.local/lib/python3.7/site-packages/airflow/example_dags/example_external_task_marker_dag.py
[2023-03-18T00:11:42.587+0000] {processor.py:753} INFO - DAG(s) dict_keys(['example_external_task_marker_child', 'example_external_task_marker_parent']) retrieved from /home/airflow/.local/lib/python3.7/site-packages/airflow/example_dags/example_external_task_marker_dag.py
[2023-03-18T00:11:42.739+0000] {logging_mixin.py:137} INFO - [2023-03-18T00:11:42.738+0000] {dag.py:2690} INFO - Sync 2 DAGs
[2023-03-18T00:11:42.820+0000] {logging_mixin.py:137} INFO - [2023-03-18T00:11:42.820+0000] {dag.py:3441} INFO - Setting next_dagrun for example_external_task_marker_child to None, run_after=None
[2023-03-18T00:11:42.826+0000] {logging_mixin.py:137} INFO - [2023-03-18T00:11:42.826+0000] {dag.py:3441} INFO - Setting next_dagrun for example_external_task_marker_parent to None, run_after=None
[2023-03-18T00:11:42.849+0000] {processor.py:175} INFO - Processing /home/airflow/.local/lib/python3.7/site-packages/airflow/example_dags/example_external_task_marker_dag.py took 0.299 seconds
[2023-03-18T00:12:13.537+0000] {processor.py:153} INFO - Started process (PID=10105) to work on /home/airflow/.local/lib/python3.7/site-packages/airflow/example_dags/example_external_task_marker_dag.py
[2023-03-18T00:12:13.539+0000] {processor.py:743} INFO - Processing file /home/airflow/.local/lib/python3.7/site-packages/airflow/example_dags/example_external_task_marker_dag.py for tasks to queue
[2023-03-18T00:12:13.541+0000] {logging_mixin.py:137} INFO - [2023-03-18T00:12:13.541+0000] {dagbag.py:538} INFO - Filling up the DagBag from /home/airflow/.local/lib/python3.7/site-packages/airflow/example_dags/example_external_task_marker_dag.py
[2023-03-18T00:12:13.568+0000] {processor.py:753} INFO - DAG(s) dict_keys(['example_external_task_marker_parent', 'example_external_task_marker_child']) retrieved from /home/airflow/.local/lib/python3.7/site-packages/airflow/example_dags/example_external_task_marker_dag.py
[2023-03-18T00:12:13.623+0000] {logging_mixin.py:137} INFO - [2023-03-18T00:12:13.623+0000] {dag.py:2690} INFO - Sync 2 DAGs
[2023-03-18T00:12:13.671+0000] {logging_mixin.py:137} INFO - [2023-03-18T00:12:13.671+0000] {dag.py:3441} INFO - Setting next_dagrun for example_external_task_marker_child to None, run_after=None
[2023-03-18T00:12:13.678+0000] {logging_mixin.py:137} INFO - [2023-03-18T00:12:13.678+0000] {dag.py:3441} INFO - Setting next_dagrun for example_external_task_marker_parent to None, run_after=None
[2023-03-18T00:12:13.717+0000] {processor.py:175} INFO - Processing /home/airflow/.local/lib/python3.7/site-packages/airflow/example_dags/example_external_task_marker_dag.py took 0.187 seconds
[2023-03-18T00:12:44.116+0000] {processor.py:153} INFO - Started process (PID=10187) to work on /home/airflow/.local/lib/python3.7/site-packages/airflow/example_dags/example_external_task_marker_dag.py
[2023-03-18T00:12:44.118+0000] {processor.py:743} INFO - Processing file /home/airflow/.local/lib/python3.7/site-packages/airflow/example_dags/example_external_task_marker_dag.py for tasks to queue
[2023-03-18T00:12:44.120+0000] {logging_mixin.py:137} INFO - [2023-03-18T00:12:44.119+0000] {dagbag.py:538} INFO - Filling up the DagBag from /home/airflow/.local/lib/python3.7/site-packages/airflow/example_dags/example_external_task_marker_dag.py
[2023-03-18T00:12:44.143+0000] {processor.py:753} INFO - DAG(s) dict_keys(['example_external_task_marker_child', 'example_external_task_marker_parent']) retrieved from /home/airflow/.local/lib/python3.7/site-packages/airflow/example_dags/example_external_task_marker_dag.py
[2023-03-18T00:12:44.230+0000] {logging_mixin.py:137} INFO - [2023-03-18T00:12:44.230+0000] {dag.py:2690} INFO - Sync 2 DAGs
[2023-03-18T00:12:44.277+0000] {logging_mixin.py:137} INFO - [2023-03-18T00:12:44.277+0000] {dag.py:3441} INFO - Setting next_dagrun for example_external_task_marker_child to None, run_after=None
[2023-03-18T00:12:44.282+0000] {logging_mixin.py:137} INFO - [2023-03-18T00:12:44.282+0000] {dag.py:3441} INFO - Setting next_dagrun for example_external_task_marker_parent to None, run_after=None
[2023-03-18T00:12:44.307+0000] {processor.py:175} INFO - Processing /home/airflow/.local/lib/python3.7/site-packages/airflow/example_dags/example_external_task_marker_dag.py took 0.198 seconds
[2023-03-18T00:13:14.826+0000] {processor.py:153} INFO - Started process (PID=10269) to work on /home/airflow/.local/lib/python3.7/site-packages/airflow/example_dags/example_external_task_marker_dag.py
[2023-03-18T00:13:14.827+0000] {processor.py:743} INFO - Processing file /home/airflow/.local/lib/python3.7/site-packages/airflow/example_dags/example_external_task_marker_dag.py for tasks to queue
[2023-03-18T00:13:14.829+0000] {logging_mixin.py:137} INFO - [2023-03-18T00:13:14.828+0000] {dagbag.py:538} INFO - Filling up the DagBag from /home/airflow/.local/lib/python3.7/site-packages/airflow/example_dags/example_external_task_marker_dag.py
[2023-03-18T00:13:14.843+0000] {processor.py:753} INFO - DAG(s) dict_keys(['example_external_task_marker_child', 'example_external_task_marker_parent']) retrieved from /home/airflow/.local/lib/python3.7/site-packages/airflow/example_dags/example_external_task_marker_dag.py
[2023-03-18T00:13:14.875+0000] {logging_mixin.py:137} INFO - [2023-03-18T00:13:14.875+0000] {dag.py:2690} INFO - Sync 2 DAGs
[2023-03-18T00:13:14.904+0000] {logging_mixin.py:137} INFO - [2023-03-18T00:13:14.903+0000] {dag.py:3441} INFO - Setting next_dagrun for example_external_task_marker_child to None, run_after=None
[2023-03-18T00:13:14.908+0000] {logging_mixin.py:137} INFO - [2023-03-18T00:13:14.908+0000] {dag.py:3441} INFO - Setting next_dagrun for example_external_task_marker_parent to None, run_after=None
[2023-03-18T00:13:14.934+0000] {processor.py:175} INFO - Processing /home/airflow/.local/lib/python3.7/site-packages/airflow/example_dags/example_external_task_marker_dag.py took 0.112 seconds
[2023-03-18T00:13:45.546+0000] {processor.py:153} INFO - Started process (PID=10360) to work on /home/airflow/.local/lib/python3.7/site-packages/airflow/example_dags/example_external_task_marker_dag.py
[2023-03-18T00:13:45.548+0000] {processor.py:743} INFO - Processing file /home/airflow/.local/lib/python3.7/site-packages/airflow/example_dags/example_external_task_marker_dag.py for tasks to queue
[2023-03-18T00:13:45.552+0000] {logging_mixin.py:137} INFO - [2023-03-18T00:13:45.552+0000] {dagbag.py:538} INFO - Filling up the DagBag from /home/airflow/.local/lib/python3.7/site-packages/airflow/example_dags/example_external_task_marker_dag.py
[2023-03-18T00:13:45.594+0000] {processor.py:753} INFO - DAG(s) dict_keys(['example_external_task_marker_parent', 'example_external_task_marker_child']) retrieved from /home/airflow/.local/lib/python3.7/site-packages/airflow/example_dags/example_external_task_marker_dag.py
[2023-03-18T00:13:45.678+0000] {logging_mixin.py:137} INFO - [2023-03-18T00:13:45.678+0000] {dag.py:2690} INFO - Sync 2 DAGs
[2023-03-18T00:13:45.745+0000] {logging_mixin.py:137} INFO - [2023-03-18T00:13:45.745+0000] {dag.py:3441} INFO - Setting next_dagrun for example_external_task_marker_child to None, run_after=None
[2023-03-18T00:13:45.757+0000] {logging_mixin.py:137} INFO - [2023-03-18T00:13:45.757+0000] {dag.py:3441} INFO - Setting next_dagrun for example_external_task_marker_parent to None, run_after=None
[2023-03-18T00:13:45.797+0000] {processor.py:175} INFO - Processing /home/airflow/.local/lib/python3.7/site-packages/airflow/example_dags/example_external_task_marker_dag.py took 0.264 seconds
[2023-03-18T00:14:15.965+0000] {processor.py:153} INFO - Started process (PID=10453) to work on /home/airflow/.local/lib/python3.7/site-packages/airflow/example_dags/example_external_task_marker_dag.py
[2023-03-18T00:14:15.967+0000] {processor.py:743} INFO - Processing file /home/airflow/.local/lib/python3.7/site-packages/airflow/example_dags/example_external_task_marker_dag.py for tasks to queue
[2023-03-18T00:14:15.968+0000] {logging_mixin.py:137} INFO - [2023-03-18T00:14:15.968+0000] {dagbag.py:538} INFO - Filling up the DagBag from /home/airflow/.local/lib/python3.7/site-packages/airflow/example_dags/example_external_task_marker_dag.py
[2023-03-18T00:14:15.991+0000] {processor.py:753} INFO - DAG(s) dict_keys(['example_external_task_marker_child', 'example_external_task_marker_parent']) retrieved from /home/airflow/.local/lib/python3.7/site-packages/airflow/example_dags/example_external_task_marker_dag.py
[2023-03-18T00:14:16.043+0000] {logging_mixin.py:137} INFO - [2023-03-18T00:14:16.043+0000] {dag.py:2690} INFO - Sync 2 DAGs
[2023-03-18T00:14:16.094+0000] {logging_mixin.py:137} INFO - [2023-03-18T00:14:16.094+0000] {dag.py:3441} INFO - Setting next_dagrun for example_external_task_marker_child to None, run_after=None
[2023-03-18T00:14:16.100+0000] {logging_mixin.py:137} INFO - [2023-03-18T00:14:16.100+0000] {dag.py:3441} INFO - Setting next_dagrun for example_external_task_marker_parent to None, run_after=None
[2023-03-18T00:14:16.129+0000] {processor.py:175} INFO - Processing /home/airflow/.local/lib/python3.7/site-packages/airflow/example_dags/example_external_task_marker_dag.py took 0.168 seconds
[2023-03-18T00:14:46.964+0000] {processor.py:153} INFO - Started process (PID=10535) to work on /home/airflow/.local/lib/python3.7/site-packages/airflow/example_dags/example_external_task_marker_dag.py
[2023-03-18T00:14:46.970+0000] {processor.py:743} INFO - Processing file /home/airflow/.local/lib/python3.7/site-packages/airflow/example_dags/example_external_task_marker_dag.py for tasks to queue
[2023-03-18T00:14:46.974+0000] {logging_mixin.py:137} INFO - [2023-03-18T00:14:46.974+0000] {dagbag.py:538} INFO - Filling up the DagBag from /home/airflow/.local/lib/python3.7/site-packages/airflow/example_dags/example_external_task_marker_dag.py
[2023-03-18T00:14:47.017+0000] {processor.py:753} INFO - DAG(s) dict_keys(['example_external_task_marker_parent', 'example_external_task_marker_child']) retrieved from /home/airflow/.local/lib/python3.7/site-packages/airflow/example_dags/example_external_task_marker_dag.py
[2023-03-18T00:14:47.087+0000] {logging_mixin.py:137} INFO - [2023-03-18T00:14:47.087+0000] {dag.py:2690} INFO - Sync 2 DAGs
[2023-03-18T00:14:47.148+0000] {logging_mixin.py:137} INFO - [2023-03-18T00:14:47.148+0000] {dag.py:3441} INFO - Setting next_dagrun for example_external_task_marker_child to None, run_after=None
[2023-03-18T00:14:47.155+0000] {logging_mixin.py:137} INFO - [2023-03-18T00:14:47.155+0000] {dag.py:3441} INFO - Setting next_dagrun for example_external_task_marker_parent to None, run_after=None
[2023-03-18T00:14:47.193+0000] {processor.py:175} INFO - Processing /home/airflow/.local/lib/python3.7/site-packages/airflow/example_dags/example_external_task_marker_dag.py took 0.239 seconds
