[2023-03-18T00:00:11.399+0000] {processor.py:153} INFO - Started process (PID=8083) to work on /home/airflow/.local/lib/python3.7/site-packages/airflow/example_dags/example_branch_labels.py
[2023-03-18T00:00:11.400+0000] {processor.py:743} INFO - Processing file /home/airflow/.local/lib/python3.7/site-packages/airflow/example_dags/example_branch_labels.py for tasks to queue
[2023-03-18T00:00:11.401+0000] {logging_mixin.py:137} INFO - [2023-03-18T00:00:11.401+0000] {dagbag.py:538} INFO - Filling up the DagBag from /home/airflow/.local/lib/python3.7/site-packages/airflow/example_dags/example_branch_labels.py
[2023-03-18T00:00:11.420+0000] {processor.py:753} INFO - DAG(s) dict_keys(['example_branch_labels']) retrieved from /home/airflow/.local/lib/python3.7/site-packages/airflow/example_dags/example_branch_labels.py
[2023-03-18T00:00:11.459+0000] {logging_mixin.py:137} INFO - [2023-03-18T00:00:11.459+0000] {dag.py:2690} INFO - Sync 1 DAGs
[2023-03-18T00:00:11.501+0000] {logging_mixin.py:137} INFO - [2023-03-18T00:00:11.501+0000] {dag.py:3441} INFO - Setting next_dagrun for example_branch_labels to 2023-03-17T00:00:00+00:00, run_after=2023-03-18T00:00:00+00:00
[2023-03-18T00:00:11.530+0000] {processor.py:175} INFO - Processing /home/airflow/.local/lib/python3.7/site-packages/airflow/example_dags/example_branch_labels.py took 0.136 seconds
[2023-03-18T00:00:42.833+0000] {processor.py:153} INFO - Started process (PID=8165) to work on /home/airflow/.local/lib/python3.7/site-packages/airflow/example_dags/example_branch_labels.py
[2023-03-18T00:00:42.835+0000] {processor.py:743} INFO - Processing file /home/airflow/.local/lib/python3.7/site-packages/airflow/example_dags/example_branch_labels.py for tasks to queue
[2023-03-18T00:00:42.836+0000] {logging_mixin.py:137} INFO - [2023-03-18T00:00:42.836+0000] {dagbag.py:538} INFO - Filling up the DagBag from /home/airflow/.local/lib/python3.7/site-packages/airflow/example_dags/example_branch_labels.py
[2023-03-18T00:00:42.855+0000] {processor.py:753} INFO - DAG(s) dict_keys(['example_branch_labels']) retrieved from /home/airflow/.local/lib/python3.7/site-packages/airflow/example_dags/example_branch_labels.py
[2023-03-18T00:00:42.898+0000] {logging_mixin.py:137} INFO - [2023-03-18T00:00:42.898+0000] {dag.py:2690} INFO - Sync 1 DAGs
[2023-03-18T00:00:42.943+0000] {logging_mixin.py:137} INFO - [2023-03-18T00:00:42.943+0000] {dag.py:3441} INFO - Setting next_dagrun for example_branch_labels to 2023-03-17T00:00:00+00:00, run_after=2023-03-18T00:00:00+00:00
[2023-03-18T00:00:42.978+0000] {processor.py:175} INFO - Processing /home/airflow/.local/lib/python3.7/site-packages/airflow/example_dags/example_branch_labels.py took 0.149 seconds
[2023-03-18T00:01:13.319+0000] {processor.py:153} INFO - Started process (PID=8247) to work on /home/airflow/.local/lib/python3.7/site-packages/airflow/example_dags/example_branch_labels.py
[2023-03-18T00:01:13.321+0000] {processor.py:743} INFO - Processing file /home/airflow/.local/lib/python3.7/site-packages/airflow/example_dags/example_branch_labels.py for tasks to queue
[2023-03-18T00:01:13.323+0000] {logging_mixin.py:137} INFO - [2023-03-18T00:01:13.323+0000] {dagbag.py:538} INFO - Filling up the DagBag from /home/airflow/.local/lib/python3.7/site-packages/airflow/example_dags/example_branch_labels.py
[2023-03-18T00:01:13.367+0000] {processor.py:753} INFO - DAG(s) dict_keys(['example_branch_labels']) retrieved from /home/airflow/.local/lib/python3.7/site-packages/airflow/example_dags/example_branch_labels.py
[2023-03-18T00:01:13.421+0000] {logging_mixin.py:137} INFO - [2023-03-18T00:01:13.421+0000] {dag.py:2690} INFO - Sync 1 DAGs
[2023-03-18T00:01:13.469+0000] {logging_mixin.py:137} INFO - [2023-03-18T00:01:13.468+0000] {dag.py:3441} INFO - Setting next_dagrun for example_branch_labels to 2023-03-17T00:00:00+00:00, run_after=2023-03-18T00:00:00+00:00
[2023-03-18T00:01:13.507+0000] {processor.py:175} INFO - Processing /home/airflow/.local/lib/python3.7/site-packages/airflow/example_dags/example_branch_labels.py took 0.197 seconds
[2023-03-18T00:01:43.920+0000] {processor.py:153} INFO - Started process (PID=8329) to work on /home/airflow/.local/lib/python3.7/site-packages/airflow/example_dags/example_branch_labels.py
[2023-03-18T00:01:43.922+0000] {processor.py:743} INFO - Processing file /home/airflow/.local/lib/python3.7/site-packages/airflow/example_dags/example_branch_labels.py for tasks to queue
[2023-03-18T00:01:43.924+0000] {logging_mixin.py:137} INFO - [2023-03-18T00:01:43.924+0000] {dagbag.py:538} INFO - Filling up the DagBag from /home/airflow/.local/lib/python3.7/site-packages/airflow/example_dags/example_branch_labels.py
[2023-03-18T00:01:43.971+0000] {processor.py:753} INFO - DAG(s) dict_keys(['example_branch_labels']) retrieved from /home/airflow/.local/lib/python3.7/site-packages/airflow/example_dags/example_branch_labels.py
[2023-03-18T00:01:44.034+0000] {logging_mixin.py:137} INFO - [2023-03-18T00:01:44.034+0000] {dag.py:2690} INFO - Sync 1 DAGs
[2023-03-18T00:01:44.130+0000] {logging_mixin.py:137} INFO - [2023-03-18T00:01:44.120+0000] {dag.py:3441} INFO - Setting next_dagrun for example_branch_labels to 2023-03-17T00:00:00+00:00, run_after=2023-03-18T00:00:00+00:00
[2023-03-18T00:01:44.181+0000] {processor.py:175} INFO - Processing /home/airflow/.local/lib/python3.7/site-packages/airflow/example_dags/example_branch_labels.py took 0.268 seconds
[2023-03-18T00:02:14.737+0000] {processor.py:153} INFO - Started process (PID=8411) to work on /home/airflow/.local/lib/python3.7/site-packages/airflow/example_dags/example_branch_labels.py
[2023-03-18T00:02:14.739+0000] {processor.py:743} INFO - Processing file /home/airflow/.local/lib/python3.7/site-packages/airflow/example_dags/example_branch_labels.py for tasks to queue
[2023-03-18T00:02:14.742+0000] {logging_mixin.py:137} INFO - [2023-03-18T00:02:14.741+0000] {dagbag.py:538} INFO - Filling up the DagBag from /home/airflow/.local/lib/python3.7/site-packages/airflow/example_dags/example_branch_labels.py
[2023-03-18T00:02:14.780+0000] {processor.py:753} INFO - DAG(s) dict_keys(['example_branch_labels']) retrieved from /home/airflow/.local/lib/python3.7/site-packages/airflow/example_dags/example_branch_labels.py
[2023-03-18T00:02:14.839+0000] {logging_mixin.py:137} INFO - [2023-03-18T00:02:14.838+0000] {dag.py:2690} INFO - Sync 1 DAGs
[2023-03-18T00:02:14.907+0000] {logging_mixin.py:137} INFO - [2023-03-18T00:02:14.906+0000] {dag.py:3441} INFO - Setting next_dagrun for example_branch_labels to 2023-03-17T00:00:00+00:00, run_after=2023-03-18T00:00:00+00:00
[2023-03-18T00:02:14.961+0000] {processor.py:175} INFO - Processing /home/airflow/.local/lib/python3.7/site-packages/airflow/example_dags/example_branch_labels.py took 0.230 seconds
[2023-03-18T00:02:45.441+0000] {processor.py:153} INFO - Started process (PID=8493) to work on /home/airflow/.local/lib/python3.7/site-packages/airflow/example_dags/example_branch_labels.py
[2023-03-18T00:02:45.442+0000] {processor.py:743} INFO - Processing file /home/airflow/.local/lib/python3.7/site-packages/airflow/example_dags/example_branch_labels.py for tasks to queue
[2023-03-18T00:02:45.445+0000] {logging_mixin.py:137} INFO - [2023-03-18T00:02:45.444+0000] {dagbag.py:538} INFO - Filling up the DagBag from /home/airflow/.local/lib/python3.7/site-packages/airflow/example_dags/example_branch_labels.py
[2023-03-18T00:02:45.471+0000] {processor.py:753} INFO - DAG(s) dict_keys(['example_branch_labels']) retrieved from /home/airflow/.local/lib/python3.7/site-packages/airflow/example_dags/example_branch_labels.py
[2023-03-18T00:02:45.515+0000] {logging_mixin.py:137} INFO - [2023-03-18T00:02:45.515+0000] {dag.py:2690} INFO - Sync 1 DAGs
[2023-03-18T00:02:45.568+0000] {logging_mixin.py:137} INFO - [2023-03-18T00:02:45.568+0000] {dag.py:3441} INFO - Setting next_dagrun for example_branch_labels to 2023-03-17T00:00:00+00:00, run_after=2023-03-18T00:00:00+00:00
[2023-03-18T00:02:45.626+0000] {processor.py:175} INFO - Processing /home/airflow/.local/lib/python3.7/site-packages/airflow/example_dags/example_branch_labels.py took 0.190 seconds
[2023-03-18T00:03:15.929+0000] {processor.py:153} INFO - Started process (PID=8575) to work on /home/airflow/.local/lib/python3.7/site-packages/airflow/example_dags/example_branch_labels.py
[2023-03-18T00:03:15.930+0000] {processor.py:743} INFO - Processing file /home/airflow/.local/lib/python3.7/site-packages/airflow/example_dags/example_branch_labels.py for tasks to queue
[2023-03-18T00:03:15.932+0000] {logging_mixin.py:137} INFO - [2023-03-18T00:03:15.932+0000] {dagbag.py:538} INFO - Filling up the DagBag from /home/airflow/.local/lib/python3.7/site-packages/airflow/example_dags/example_branch_labels.py
[2023-03-18T00:03:15.962+0000] {processor.py:753} INFO - DAG(s) dict_keys(['example_branch_labels']) retrieved from /home/airflow/.local/lib/python3.7/site-packages/airflow/example_dags/example_branch_labels.py
[2023-03-18T00:03:15.993+0000] {logging_mixin.py:137} INFO - [2023-03-18T00:03:15.993+0000] {dag.py:2690} INFO - Sync 1 DAGs
[2023-03-18T00:03:16.031+0000] {logging_mixin.py:137} INFO - [2023-03-18T00:03:16.031+0000] {dag.py:3441} INFO - Setting next_dagrun for example_branch_labels to 2023-03-17T00:00:00+00:00, run_after=2023-03-18T00:00:00+00:00
[2023-03-18T00:03:16.053+0000] {processor.py:175} INFO - Processing /home/airflow/.local/lib/python3.7/site-packages/airflow/example_dags/example_branch_labels.py took 0.130 seconds
[2023-03-18T00:03:46.492+0000] {processor.py:153} INFO - Started process (PID=8657) to work on /home/airflow/.local/lib/python3.7/site-packages/airflow/example_dags/example_branch_labels.py
[2023-03-18T00:03:46.494+0000] {processor.py:743} INFO - Processing file /home/airflow/.local/lib/python3.7/site-packages/airflow/example_dags/example_branch_labels.py for tasks to queue
[2023-03-18T00:03:46.495+0000] {logging_mixin.py:137} INFO - [2023-03-18T00:03:46.494+0000] {dagbag.py:538} INFO - Filling up the DagBag from /home/airflow/.local/lib/python3.7/site-packages/airflow/example_dags/example_branch_labels.py
[2023-03-18T00:03:46.510+0000] {processor.py:753} INFO - DAG(s) dict_keys(['example_branch_labels']) retrieved from /home/airflow/.local/lib/python3.7/site-packages/airflow/example_dags/example_branch_labels.py
[2023-03-18T00:03:46.538+0000] {logging_mixin.py:137} INFO - [2023-03-18T00:03:46.537+0000] {dag.py:2690} INFO - Sync 1 DAGs
[2023-03-18T00:03:46.565+0000] {logging_mixin.py:137} INFO - [2023-03-18T00:03:46.565+0000] {dag.py:3441} INFO - Setting next_dagrun for example_branch_labels to 2023-03-17T00:00:00+00:00, run_after=2023-03-18T00:00:00+00:00
[2023-03-18T00:03:46.586+0000] {processor.py:175} INFO - Processing /home/airflow/.local/lib/python3.7/site-packages/airflow/example_dags/example_branch_labels.py took 0.097 seconds
[2023-03-18T00:04:17.171+0000] {processor.py:153} INFO - Started process (PID=8739) to work on /home/airflow/.local/lib/python3.7/site-packages/airflow/example_dags/example_branch_labels.py
[2023-03-18T00:04:17.175+0000] {processor.py:743} INFO - Processing file /home/airflow/.local/lib/python3.7/site-packages/airflow/example_dags/example_branch_labels.py for tasks to queue
[2023-03-18T00:04:17.178+0000] {logging_mixin.py:137} INFO - [2023-03-18T00:04:17.178+0000] {dagbag.py:538} INFO - Filling up the DagBag from /home/airflow/.local/lib/python3.7/site-packages/airflow/example_dags/example_branch_labels.py
[2023-03-18T00:04:17.235+0000] {processor.py:753} INFO - DAG(s) dict_keys(['example_branch_labels']) retrieved from /home/airflow/.local/lib/python3.7/site-packages/airflow/example_dags/example_branch_labels.py
[2023-03-18T00:04:17.337+0000] {logging_mixin.py:137} INFO - [2023-03-18T00:04:17.336+0000] {dag.py:2690} INFO - Sync 1 DAGs
[2023-03-18T00:04:17.439+0000] {logging_mixin.py:137} INFO - [2023-03-18T00:04:17.439+0000] {dag.py:3441} INFO - Setting next_dagrun for example_branch_labels to 2023-03-17T00:00:00+00:00, run_after=2023-03-18T00:00:00+00:00
[2023-03-18T00:04:17.487+0000] {processor.py:175} INFO - Processing /home/airflow/.local/lib/python3.7/site-packages/airflow/example_dags/example_branch_labels.py took 0.327 seconds
[2023-03-18T00:04:48.327+0000] {processor.py:153} INFO - Started process (PID=8842) to work on /home/airflow/.local/lib/python3.7/site-packages/airflow/example_dags/example_branch_labels.py
[2023-03-18T00:04:48.328+0000] {processor.py:743} INFO - Processing file /home/airflow/.local/lib/python3.7/site-packages/airflow/example_dags/example_branch_labels.py for tasks to queue
[2023-03-18T00:04:48.330+0000] {logging_mixin.py:137} INFO - [2023-03-18T00:04:48.330+0000] {dagbag.py:538} INFO - Filling up the DagBag from /home/airflow/.local/lib/python3.7/site-packages/airflow/example_dags/example_branch_labels.py
[2023-03-18T00:04:48.352+0000] {processor.py:753} INFO - DAG(s) dict_keys(['example_branch_labels']) retrieved from /home/airflow/.local/lib/python3.7/site-packages/airflow/example_dags/example_branch_labels.py
[2023-03-18T00:04:48.393+0000] {logging_mixin.py:137} INFO - [2023-03-18T00:04:48.393+0000] {dag.py:2690} INFO - Sync 1 DAGs
[2023-03-18T00:04:48.435+0000] {logging_mixin.py:137} INFO - [2023-03-18T00:04:48.435+0000] {dag.py:3441} INFO - Setting next_dagrun for example_branch_labels to 2023-03-17T00:00:00+00:00, run_after=2023-03-18T00:00:00+00:00
[2023-03-18T00:04:48.466+0000] {processor.py:175} INFO - Processing /home/airflow/.local/lib/python3.7/site-packages/airflow/example_dags/example_branch_labels.py took 0.143 seconds
[2023-03-18T00:05:19.088+0000] {processor.py:153} INFO - Started process (PID=8924) to work on /home/airflow/.local/lib/python3.7/site-packages/airflow/example_dags/example_branch_labels.py
[2023-03-18T00:05:19.090+0000] {processor.py:743} INFO - Processing file /home/airflow/.local/lib/python3.7/site-packages/airflow/example_dags/example_branch_labels.py for tasks to queue
[2023-03-18T00:05:19.091+0000] {logging_mixin.py:137} INFO - [2023-03-18T00:05:19.091+0000] {dagbag.py:538} INFO - Filling up the DagBag from /home/airflow/.local/lib/python3.7/site-packages/airflow/example_dags/example_branch_labels.py
[2023-03-18T00:05:19.109+0000] {processor.py:753} INFO - DAG(s) dict_keys(['example_branch_labels']) retrieved from /home/airflow/.local/lib/python3.7/site-packages/airflow/example_dags/example_branch_labels.py
[2023-03-18T00:05:19.143+0000] {logging_mixin.py:137} INFO - [2023-03-18T00:05:19.143+0000] {dag.py:2690} INFO - Sync 1 DAGs
[2023-03-18T00:05:19.181+0000] {logging_mixin.py:137} INFO - [2023-03-18T00:05:19.180+0000] {dag.py:3441} INFO - Setting next_dagrun for example_branch_labels to 2023-03-17T00:00:00+00:00, run_after=2023-03-18T00:00:00+00:00
[2023-03-18T00:05:19.221+0000] {processor.py:175} INFO - Processing /home/airflow/.local/lib/python3.7/site-packages/airflow/example_dags/example_branch_labels.py took 0.137 seconds
[2023-03-18T00:05:50.378+0000] {processor.py:153} INFO - Started process (PID=9006) to work on /home/airflow/.local/lib/python3.7/site-packages/airflow/example_dags/example_branch_labels.py
[2023-03-18T00:05:50.380+0000] {processor.py:743} INFO - Processing file /home/airflow/.local/lib/python3.7/site-packages/airflow/example_dags/example_branch_labels.py for tasks to queue
[2023-03-18T00:05:50.381+0000] {logging_mixin.py:137} INFO - [2023-03-18T00:05:50.381+0000] {dagbag.py:538} INFO - Filling up the DagBag from /home/airflow/.local/lib/python3.7/site-packages/airflow/example_dags/example_branch_labels.py
[2023-03-18T00:05:50.407+0000] {processor.py:753} INFO - DAG(s) dict_keys(['example_branch_labels']) retrieved from /home/airflow/.local/lib/python3.7/site-packages/airflow/example_dags/example_branch_labels.py
[2023-03-18T00:05:50.454+0000] {logging_mixin.py:137} INFO - [2023-03-18T00:05:50.454+0000] {dag.py:2690} INFO - Sync 1 DAGs
[2023-03-18T00:05:50.502+0000] {logging_mixin.py:137} INFO - [2023-03-18T00:05:50.502+0000] {dag.py:3441} INFO - Setting next_dagrun for example_branch_labels to 2023-03-17T00:00:00+00:00, run_after=2023-03-18T00:00:00+00:00
[2023-03-18T00:05:50.533+0000] {processor.py:175} INFO - Processing /home/airflow/.local/lib/python3.7/site-packages/airflow/example_dags/example_branch_labels.py took 0.159 seconds
[2023-03-18T00:06:21.296+0000] {processor.py:153} INFO - Started process (PID=9095) to work on /home/airflow/.local/lib/python3.7/site-packages/airflow/example_dags/example_branch_labels.py
[2023-03-18T00:06:21.297+0000] {processor.py:743} INFO - Processing file /home/airflow/.local/lib/python3.7/site-packages/airflow/example_dags/example_branch_labels.py for tasks to queue
[2023-03-18T00:06:21.299+0000] {logging_mixin.py:137} INFO - [2023-03-18T00:06:21.299+0000] {dagbag.py:538} INFO - Filling up the DagBag from /home/airflow/.local/lib/python3.7/site-packages/airflow/example_dags/example_branch_labels.py
[2023-03-18T00:06:21.325+0000] {processor.py:753} INFO - DAG(s) dict_keys(['example_branch_labels']) retrieved from /home/airflow/.local/lib/python3.7/site-packages/airflow/example_dags/example_branch_labels.py
[2023-03-18T00:06:21.368+0000] {logging_mixin.py:137} INFO - [2023-03-18T00:06:21.367+0000] {dag.py:2690} INFO - Sync 1 DAGs
[2023-03-18T00:06:21.417+0000] {logging_mixin.py:137} INFO - [2023-03-18T00:06:21.416+0000] {dag.py:3441} INFO - Setting next_dagrun for example_branch_labels to 2023-03-17T00:00:00+00:00, run_after=2023-03-18T00:00:00+00:00
[2023-03-18T00:06:21.452+0000] {processor.py:175} INFO - Processing /home/airflow/.local/lib/python3.7/site-packages/airflow/example_dags/example_branch_labels.py took 0.164 seconds
[2023-03-18T00:06:52.121+0000] {processor.py:153} INFO - Started process (PID=9190) to work on /home/airflow/.local/lib/python3.7/site-packages/airflow/example_dags/example_branch_labels.py
[2023-03-18T00:06:52.122+0000] {processor.py:743} INFO - Processing file /home/airflow/.local/lib/python3.7/site-packages/airflow/example_dags/example_branch_labels.py for tasks to queue
[2023-03-18T00:06:52.124+0000] {logging_mixin.py:137} INFO - [2023-03-18T00:06:52.124+0000] {dagbag.py:538} INFO - Filling up the DagBag from /home/airflow/.local/lib/python3.7/site-packages/airflow/example_dags/example_branch_labels.py
[2023-03-18T00:06:52.146+0000] {processor.py:753} INFO - DAG(s) dict_keys(['example_branch_labels']) retrieved from /home/airflow/.local/lib/python3.7/site-packages/airflow/example_dags/example_branch_labels.py
[2023-03-18T00:06:52.184+0000] {logging_mixin.py:137} INFO - [2023-03-18T00:06:52.184+0000] {dag.py:2690} INFO - Sync 1 DAGs
[2023-03-18T00:06:52.226+0000] {logging_mixin.py:137} INFO - [2023-03-18T00:06:52.226+0000] {dag.py:3441} INFO - Setting next_dagrun for example_branch_labels to 2023-03-17T00:00:00+00:00, run_after=2023-03-18T00:00:00+00:00
[2023-03-18T00:06:52.253+0000] {processor.py:175} INFO - Processing /home/airflow/.local/lib/python3.7/site-packages/airflow/example_dags/example_branch_labels.py took 0.137 seconds
[2023-03-18T00:07:22.577+0000] {processor.py:153} INFO - Started process (PID=9273) to work on /home/airflow/.local/lib/python3.7/site-packages/airflow/example_dags/example_branch_labels.py
[2023-03-18T00:07:22.579+0000] {processor.py:743} INFO - Processing file /home/airflow/.local/lib/python3.7/site-packages/airflow/example_dags/example_branch_labels.py for tasks to queue
[2023-03-18T00:07:22.582+0000] {logging_mixin.py:137} INFO - [2023-03-18T00:07:22.581+0000] {dagbag.py:538} INFO - Filling up the DagBag from /home/airflow/.local/lib/python3.7/site-packages/airflow/example_dags/example_branch_labels.py
[2023-03-18T00:07:22.617+0000] {processor.py:753} INFO - DAG(s) dict_keys(['example_branch_labels']) retrieved from /home/airflow/.local/lib/python3.7/site-packages/airflow/example_dags/example_branch_labels.py
[2023-03-18T00:07:22.682+0000] {logging_mixin.py:137} INFO - [2023-03-18T00:07:22.682+0000] {dag.py:2690} INFO - Sync 1 DAGs
[2023-03-18T00:07:22.746+0000] {logging_mixin.py:137} INFO - [2023-03-18T00:07:22.746+0000] {dag.py:3441} INFO - Setting next_dagrun for example_branch_labels to 2023-03-17T00:00:00+00:00, run_after=2023-03-18T00:00:00+00:00
[2023-03-18T00:07:22.780+0000] {processor.py:175} INFO - Processing /home/airflow/.local/lib/python3.7/site-packages/airflow/example_dags/example_branch_labels.py took 0.209 seconds
[2023-03-18T00:07:53.161+0000] {processor.py:153} INFO - Started process (PID=9356) to work on /home/airflow/.local/lib/python3.7/site-packages/airflow/example_dags/example_branch_labels.py
[2023-03-18T00:07:53.162+0000] {processor.py:743} INFO - Processing file /home/airflow/.local/lib/python3.7/site-packages/airflow/example_dags/example_branch_labels.py for tasks to queue
[2023-03-18T00:07:53.164+0000] {logging_mixin.py:137} INFO - [2023-03-18T00:07:53.163+0000] {dagbag.py:538} INFO - Filling up the DagBag from /home/airflow/.local/lib/python3.7/site-packages/airflow/example_dags/example_branch_labels.py
[2023-03-18T00:07:53.190+0000] {processor.py:753} INFO - DAG(s) dict_keys(['example_branch_labels']) retrieved from /home/airflow/.local/lib/python3.7/site-packages/airflow/example_dags/example_branch_labels.py
[2023-03-18T00:07:53.226+0000] {logging_mixin.py:137} INFO - [2023-03-18T00:07:53.226+0000] {dag.py:2690} INFO - Sync 1 DAGs
[2023-03-18T00:07:53.265+0000] {logging_mixin.py:137} INFO - [2023-03-18T00:07:53.265+0000] {dag.py:3441} INFO - Setting next_dagrun for example_branch_labels to 2023-03-17T00:00:00+00:00, run_after=2023-03-18T00:00:00+00:00
[2023-03-18T00:07:53.293+0000] {processor.py:175} INFO - Processing /home/airflow/.local/lib/python3.7/site-packages/airflow/example_dags/example_branch_labels.py took 0.135 seconds
[2023-03-18T00:08:24.392+0000] {processor.py:153} INFO - Started process (PID=9438) to work on /home/airflow/.local/lib/python3.7/site-packages/airflow/example_dags/example_branch_labels.py
[2023-03-18T00:08:24.394+0000] {processor.py:743} INFO - Processing file /home/airflow/.local/lib/python3.7/site-packages/airflow/example_dags/example_branch_labels.py for tasks to queue
[2023-03-18T00:08:24.395+0000] {logging_mixin.py:137} INFO - [2023-03-18T00:08:24.395+0000] {dagbag.py:538} INFO - Filling up the DagBag from /home/airflow/.local/lib/python3.7/site-packages/airflow/example_dags/example_branch_labels.py
[2023-03-18T00:08:24.417+0000] {processor.py:753} INFO - DAG(s) dict_keys(['example_branch_labels']) retrieved from /home/airflow/.local/lib/python3.7/site-packages/airflow/example_dags/example_branch_labels.py
[2023-03-18T00:08:24.450+0000] {logging_mixin.py:137} INFO - [2023-03-18T00:08:24.450+0000] {dag.py:2690} INFO - Sync 1 DAGs
[2023-03-18T00:08:24.491+0000] {logging_mixin.py:137} INFO - [2023-03-18T00:08:24.490+0000] {dag.py:3441} INFO - Setting next_dagrun for example_branch_labels to 2023-03-17T00:00:00+00:00, run_after=2023-03-18T00:00:00+00:00
[2023-03-18T00:08:24.527+0000] {processor.py:175} INFO - Processing /home/airflow/.local/lib/python3.7/site-packages/airflow/example_dags/example_branch_labels.py took 0.138 seconds
[2023-03-18T00:08:55.227+0000] {processor.py:153} INFO - Started process (PID=9527) to work on /home/airflow/.local/lib/python3.7/site-packages/airflow/example_dags/example_branch_labels.py
[2023-03-18T00:08:55.228+0000] {processor.py:743} INFO - Processing file /home/airflow/.local/lib/python3.7/site-packages/airflow/example_dags/example_branch_labels.py for tasks to queue
[2023-03-18T00:08:55.230+0000] {logging_mixin.py:137} INFO - [2023-03-18T00:08:55.230+0000] {dagbag.py:538} INFO - Filling up the DagBag from /home/airflow/.local/lib/python3.7/site-packages/airflow/example_dags/example_branch_labels.py
[2023-03-18T00:08:55.263+0000] {processor.py:753} INFO - DAG(s) dict_keys(['example_branch_labels']) retrieved from /home/airflow/.local/lib/python3.7/site-packages/airflow/example_dags/example_branch_labels.py
[2023-03-18T00:08:55.307+0000] {logging_mixin.py:137} INFO - [2023-03-18T00:08:55.307+0000] {dag.py:2690} INFO - Sync 1 DAGs
[2023-03-18T00:08:55.367+0000] {logging_mixin.py:137} INFO - [2023-03-18T00:08:55.367+0000] {dag.py:3441} INFO - Setting next_dagrun for example_branch_labels to 2023-03-17T00:00:00+00:00, run_after=2023-03-18T00:00:00+00:00
[2023-03-18T00:08:55.405+0000] {processor.py:175} INFO - Processing /home/airflow/.local/lib/python3.7/site-packages/airflow/example_dags/example_branch_labels.py took 0.184 seconds
[2023-03-18T00:09:25.854+0000] {processor.py:153} INFO - Started process (PID=9622) to work on /home/airflow/.local/lib/python3.7/site-packages/airflow/example_dags/example_branch_labels.py
[2023-03-18T00:09:25.856+0000] {processor.py:743} INFO - Processing file /home/airflow/.local/lib/python3.7/site-packages/airflow/example_dags/example_branch_labels.py for tasks to queue
[2023-03-18T00:09:25.857+0000] {logging_mixin.py:137} INFO - [2023-03-18T00:09:25.857+0000] {dagbag.py:538} INFO - Filling up the DagBag from /home/airflow/.local/lib/python3.7/site-packages/airflow/example_dags/example_branch_labels.py
[2023-03-18T00:09:25.874+0000] {processor.py:753} INFO - DAG(s) dict_keys(['example_branch_labels']) retrieved from /home/airflow/.local/lib/python3.7/site-packages/airflow/example_dags/example_branch_labels.py
[2023-03-18T00:09:25.902+0000] {logging_mixin.py:137} INFO - [2023-03-18T00:09:25.902+0000] {dag.py:2690} INFO - Sync 1 DAGs
[2023-03-18T00:09:25.933+0000] {logging_mixin.py:137} INFO - [2023-03-18T00:09:25.933+0000] {dag.py:3441} INFO - Setting next_dagrun for example_branch_labels to 2023-03-17T00:00:00+00:00, run_after=2023-03-18T00:00:00+00:00
[2023-03-18T00:09:25.961+0000] {processor.py:175} INFO - Processing /home/airflow/.local/lib/python3.7/site-packages/airflow/example_dags/example_branch_labels.py took 0.110 seconds
[2023-03-18T00:09:56.710+0000] {processor.py:153} INFO - Started process (PID=9704) to work on /home/airflow/.local/lib/python3.7/site-packages/airflow/example_dags/example_branch_labels.py
[2023-03-18T00:09:56.712+0000] {processor.py:743} INFO - Processing file /home/airflow/.local/lib/python3.7/site-packages/airflow/example_dags/example_branch_labels.py for tasks to queue
[2023-03-18T00:09:56.714+0000] {logging_mixin.py:137} INFO - [2023-03-18T00:09:56.713+0000] {dagbag.py:538} INFO - Filling up the DagBag from /home/airflow/.local/lib/python3.7/site-packages/airflow/example_dags/example_branch_labels.py
[2023-03-18T00:09:56.734+0000] {processor.py:753} INFO - DAG(s) dict_keys(['example_branch_labels']) retrieved from /home/airflow/.local/lib/python3.7/site-packages/airflow/example_dags/example_branch_labels.py
[2023-03-18T00:09:56.769+0000] {logging_mixin.py:137} INFO - [2023-03-18T00:09:56.769+0000] {dag.py:2690} INFO - Sync 1 DAGs
[2023-03-18T00:09:56.824+0000] {logging_mixin.py:137} INFO - [2023-03-18T00:09:56.824+0000] {dag.py:3441} INFO - Setting next_dagrun for example_branch_labels to 2023-03-17T00:00:00+00:00, run_after=2023-03-18T00:00:00+00:00
[2023-03-18T00:09:56.855+0000] {processor.py:175} INFO - Processing /home/airflow/.local/lib/python3.7/site-packages/airflow/example_dags/example_branch_labels.py took 0.149 seconds
[2023-03-18T00:10:26.996+0000] {processor.py:153} INFO - Started process (PID=9786) to work on /home/airflow/.local/lib/python3.7/site-packages/airflow/example_dags/example_branch_labels.py
[2023-03-18T00:10:26.997+0000] {processor.py:743} INFO - Processing file /home/airflow/.local/lib/python3.7/site-packages/airflow/example_dags/example_branch_labels.py for tasks to queue
[2023-03-18T00:10:26.998+0000] {logging_mixin.py:137} INFO - [2023-03-18T00:10:26.998+0000] {dagbag.py:538} INFO - Filling up the DagBag from /home/airflow/.local/lib/python3.7/site-packages/airflow/example_dags/example_branch_labels.py
[2023-03-18T00:10:27.020+0000] {processor.py:753} INFO - DAG(s) dict_keys(['example_branch_labels']) retrieved from /home/airflow/.local/lib/python3.7/site-packages/airflow/example_dags/example_branch_labels.py
[2023-03-18T00:10:27.053+0000] {logging_mixin.py:137} INFO - [2023-03-18T00:10:27.053+0000] {dag.py:2690} INFO - Sync 1 DAGs
[2023-03-18T00:10:27.092+0000] {logging_mixin.py:137} INFO - [2023-03-18T00:10:27.092+0000] {dag.py:3441} INFO - Setting next_dagrun for example_branch_labels to 2023-03-17T00:00:00+00:00, run_after=2023-03-18T00:00:00+00:00
[2023-03-18T00:10:27.117+0000] {processor.py:175} INFO - Processing /home/airflow/.local/lib/python3.7/site-packages/airflow/example_dags/example_branch_labels.py took 0.125 seconds
[2023-03-18T00:10:57.862+0000] {processor.py:153} INFO - Started process (PID=9868) to work on /home/airflow/.local/lib/python3.7/site-packages/airflow/example_dags/example_branch_labels.py
[2023-03-18T00:10:57.863+0000] {processor.py:743} INFO - Processing file /home/airflow/.local/lib/python3.7/site-packages/airflow/example_dags/example_branch_labels.py for tasks to queue
[2023-03-18T00:10:57.865+0000] {logging_mixin.py:137} INFO - [2023-03-18T00:10:57.865+0000] {dagbag.py:538} INFO - Filling up the DagBag from /home/airflow/.local/lib/python3.7/site-packages/airflow/example_dags/example_branch_labels.py
[2023-03-18T00:10:57.890+0000] {processor.py:753} INFO - DAG(s) dict_keys(['example_branch_labels']) retrieved from /home/airflow/.local/lib/python3.7/site-packages/airflow/example_dags/example_branch_labels.py
[2023-03-18T00:10:57.928+0000] {logging_mixin.py:137} INFO - [2023-03-18T00:10:57.927+0000] {dag.py:2690} INFO - Sync 1 DAGs
[2023-03-18T00:10:57.965+0000] {logging_mixin.py:137} INFO - [2023-03-18T00:10:57.964+0000] {dag.py:3441} INFO - Setting next_dagrun for example_branch_labels to 2023-03-17T00:00:00+00:00, run_after=2023-03-18T00:00:00+00:00
[2023-03-18T00:10:57.990+0000] {processor.py:175} INFO - Processing /home/airflow/.local/lib/python3.7/site-packages/airflow/example_dags/example_branch_labels.py took 0.133 seconds
[2023-03-18T00:11:28.907+0000] {processor.py:153} INFO - Started process (PID=9970) to work on /home/airflow/.local/lib/python3.7/site-packages/airflow/example_dags/example_branch_labels.py
[2023-03-18T00:11:28.908+0000] {processor.py:743} INFO - Processing file /home/airflow/.local/lib/python3.7/site-packages/airflow/example_dags/example_branch_labels.py for tasks to queue
[2023-03-18T00:11:28.910+0000] {logging_mixin.py:137} INFO - [2023-03-18T00:11:28.909+0000] {dagbag.py:538} INFO - Filling up the DagBag from /home/airflow/.local/lib/python3.7/site-packages/airflow/example_dags/example_branch_labels.py
[2023-03-18T00:11:28.930+0000] {processor.py:753} INFO - DAG(s) dict_keys(['example_branch_labels']) retrieved from /home/airflow/.local/lib/python3.7/site-packages/airflow/example_dags/example_branch_labels.py
[2023-03-18T00:11:28.976+0000] {logging_mixin.py:137} INFO - [2023-03-18T00:11:28.976+0000] {dag.py:2690} INFO - Sync 1 DAGs
[2023-03-18T00:11:29.046+0000] {logging_mixin.py:137} INFO - [2023-03-18T00:11:29.045+0000] {dag.py:3441} INFO - Setting next_dagrun for example_branch_labels to 2023-03-17T00:00:00+00:00, run_after=2023-03-18T00:00:00+00:00
[2023-03-18T00:11:29.088+0000] {processor.py:175} INFO - Processing /home/airflow/.local/lib/python3.7/site-packages/airflow/example_dags/example_branch_labels.py took 0.186 seconds
[2023-03-18T00:11:59.835+0000] {processor.py:153} INFO - Started process (PID=10052) to work on /home/airflow/.local/lib/python3.7/site-packages/airflow/example_dags/example_branch_labels.py
[2023-03-18T00:11:59.836+0000] {processor.py:743} INFO - Processing file /home/airflow/.local/lib/python3.7/site-packages/airflow/example_dags/example_branch_labels.py for tasks to queue
[2023-03-18T00:11:59.838+0000] {logging_mixin.py:137} INFO - [2023-03-18T00:11:59.837+0000] {dagbag.py:538} INFO - Filling up the DagBag from /home/airflow/.local/lib/python3.7/site-packages/airflow/example_dags/example_branch_labels.py
[2023-03-18T00:11:59.859+0000] {processor.py:753} INFO - DAG(s) dict_keys(['example_branch_labels']) retrieved from /home/airflow/.local/lib/python3.7/site-packages/airflow/example_dags/example_branch_labels.py
[2023-03-18T00:11:59.901+0000] {logging_mixin.py:137} INFO - [2023-03-18T00:11:59.901+0000] {dag.py:2690} INFO - Sync 1 DAGs
[2023-03-18T00:11:59.935+0000] {logging_mixin.py:137} INFO - [2023-03-18T00:11:59.935+0000] {dag.py:3441} INFO - Setting next_dagrun for example_branch_labels to 2023-03-17T00:00:00+00:00, run_after=2023-03-18T00:00:00+00:00
[2023-03-18T00:11:59.960+0000] {processor.py:175} INFO - Processing /home/airflow/.local/lib/python3.7/site-packages/airflow/example_dags/example_branch_labels.py took 0.129 seconds
[2023-03-18T00:12:30.910+0000] {processor.py:153} INFO - Started process (PID=10135) to work on /home/airflow/.local/lib/python3.7/site-packages/airflow/example_dags/example_branch_labels.py
[2023-03-18T00:12:30.911+0000] {processor.py:743} INFO - Processing file /home/airflow/.local/lib/python3.7/site-packages/airflow/example_dags/example_branch_labels.py for tasks to queue
[2023-03-18T00:12:30.912+0000] {logging_mixin.py:137} INFO - [2023-03-18T00:12:30.912+0000] {dagbag.py:538} INFO - Filling up the DagBag from /home/airflow/.local/lib/python3.7/site-packages/airflow/example_dags/example_branch_labels.py
[2023-03-18T00:12:30.928+0000] {processor.py:753} INFO - DAG(s) dict_keys(['example_branch_labels']) retrieved from /home/airflow/.local/lib/python3.7/site-packages/airflow/example_dags/example_branch_labels.py
[2023-03-18T00:12:30.957+0000] {logging_mixin.py:137} INFO - [2023-03-18T00:12:30.957+0000] {dag.py:2690} INFO - Sync 1 DAGs
[2023-03-18T00:12:30.988+0000] {logging_mixin.py:137} INFO - [2023-03-18T00:12:30.988+0000] {dag.py:3441} INFO - Setting next_dagrun for example_branch_labels to 2023-03-17T00:00:00+00:00, run_after=2023-03-18T00:00:00+00:00
[2023-03-18T00:12:31.008+0000] {processor.py:175} INFO - Processing /home/airflow/.local/lib/python3.7/site-packages/airflow/example_dags/example_branch_labels.py took 0.102 seconds
[2023-03-18T00:13:01.535+0000] {processor.py:153} INFO - Started process (PID=10217) to work on /home/airflow/.local/lib/python3.7/site-packages/airflow/example_dags/example_branch_labels.py
[2023-03-18T00:13:01.536+0000] {processor.py:743} INFO - Processing file /home/airflow/.local/lib/python3.7/site-packages/airflow/example_dags/example_branch_labels.py for tasks to queue
[2023-03-18T00:13:01.537+0000] {logging_mixin.py:137} INFO - [2023-03-18T00:13:01.536+0000] {dagbag.py:538} INFO - Filling up the DagBag from /home/airflow/.local/lib/python3.7/site-packages/airflow/example_dags/example_branch_labels.py
[2023-03-18T00:13:01.551+0000] {processor.py:753} INFO - DAG(s) dict_keys(['example_branch_labels']) retrieved from /home/airflow/.local/lib/python3.7/site-packages/airflow/example_dags/example_branch_labels.py
[2023-03-18T00:13:01.580+0000] {logging_mixin.py:137} INFO - [2023-03-18T00:13:01.580+0000] {dag.py:2690} INFO - Sync 1 DAGs
[2023-03-18T00:13:01.611+0000] {logging_mixin.py:137} INFO - [2023-03-18T00:13:01.611+0000] {dag.py:3441} INFO - Setting next_dagrun for example_branch_labels to 2023-03-17T00:00:00+00:00, run_after=2023-03-18T00:00:00+00:00
[2023-03-18T00:13:01.641+0000] {processor.py:175} INFO - Processing /home/airflow/.local/lib/python3.7/site-packages/airflow/example_dags/example_branch_labels.py took 0.109 seconds
[2023-03-18T00:13:32.238+0000] {processor.py:153} INFO - Started process (PID=10319) to work on /home/airflow/.local/lib/python3.7/site-packages/airflow/example_dags/example_branch_labels.py
[2023-03-18T00:13:32.240+0000] {processor.py:743} INFO - Processing file /home/airflow/.local/lib/python3.7/site-packages/airflow/example_dags/example_branch_labels.py for tasks to queue
[2023-03-18T00:13:32.242+0000] {logging_mixin.py:137} INFO - [2023-03-18T00:13:32.241+0000] {dagbag.py:538} INFO - Filling up the DagBag from /home/airflow/.local/lib/python3.7/site-packages/airflow/example_dags/example_branch_labels.py
[2023-03-18T00:13:32.269+0000] {processor.py:753} INFO - DAG(s) dict_keys(['example_branch_labels']) retrieved from /home/airflow/.local/lib/python3.7/site-packages/airflow/example_dags/example_branch_labels.py
[2023-03-18T00:13:32.319+0000] {logging_mixin.py:137} INFO - [2023-03-18T00:13:32.319+0000] {dag.py:2690} INFO - Sync 1 DAGs
[2023-03-18T00:13:32.367+0000] {logging_mixin.py:137} INFO - [2023-03-18T00:13:32.367+0000] {dag.py:3441} INFO - Setting next_dagrun for example_branch_labels to 2023-03-17T00:00:00+00:00, run_after=2023-03-18T00:00:00+00:00
[2023-03-18T00:13:32.400+0000] {processor.py:175} INFO - Processing /home/airflow/.local/lib/python3.7/site-packages/airflow/example_dags/example_branch_labels.py took 0.168 seconds
[2023-03-18T00:14:03.129+0000] {processor.py:153} INFO - Started process (PID=10402) to work on /home/airflow/.local/lib/python3.7/site-packages/airflow/example_dags/example_branch_labels.py
[2023-03-18T00:14:03.130+0000] {processor.py:743} INFO - Processing file /home/airflow/.local/lib/python3.7/site-packages/airflow/example_dags/example_branch_labels.py for tasks to queue
[2023-03-18T00:14:03.132+0000] {logging_mixin.py:137} INFO - [2023-03-18T00:14:03.132+0000] {dagbag.py:538} INFO - Filling up the DagBag from /home/airflow/.local/lib/python3.7/site-packages/airflow/example_dags/example_branch_labels.py
[2023-03-18T00:14:03.152+0000] {processor.py:753} INFO - DAG(s) dict_keys(['example_branch_labels']) retrieved from /home/airflow/.local/lib/python3.7/site-packages/airflow/example_dags/example_branch_labels.py
[2023-03-18T00:14:03.189+0000] {logging_mixin.py:137} INFO - [2023-03-18T00:14:03.189+0000] {dag.py:2690} INFO - Sync 1 DAGs
[2023-03-18T00:14:03.231+0000] {logging_mixin.py:137} INFO - [2023-03-18T00:14:03.231+0000] {dag.py:3441} INFO - Setting next_dagrun for example_branch_labels to 2023-03-17T00:00:00+00:00, run_after=2023-03-18T00:00:00+00:00
[2023-03-18T00:14:03.262+0000] {processor.py:175} INFO - Processing /home/airflow/.local/lib/python3.7/site-packages/airflow/example_dags/example_branch_labels.py took 0.139 seconds
[2023-03-18T00:14:34.396+0000] {processor.py:153} INFO - Started process (PID=10484) to work on /home/airflow/.local/lib/python3.7/site-packages/airflow/example_dags/example_branch_labels.py
[2023-03-18T00:14:34.397+0000] {processor.py:743} INFO - Processing file /home/airflow/.local/lib/python3.7/site-packages/airflow/example_dags/example_branch_labels.py for tasks to queue
[2023-03-18T00:14:34.398+0000] {logging_mixin.py:137} INFO - [2023-03-18T00:14:34.398+0000] {dagbag.py:538} INFO - Filling up the DagBag from /home/airflow/.local/lib/python3.7/site-packages/airflow/example_dags/example_branch_labels.py
[2023-03-18T00:14:34.414+0000] {processor.py:753} INFO - DAG(s) dict_keys(['example_branch_labels']) retrieved from /home/airflow/.local/lib/python3.7/site-packages/airflow/example_dags/example_branch_labels.py
[2023-03-18T00:14:34.447+0000] {logging_mixin.py:137} INFO - [2023-03-18T00:14:34.447+0000] {dag.py:2690} INFO - Sync 1 DAGs
[2023-03-18T00:14:34.479+0000] {logging_mixin.py:137} INFO - [2023-03-18T00:14:34.479+0000] {dag.py:3441} INFO - Setting next_dagrun for example_branch_labels to 2023-03-17T00:00:00+00:00, run_after=2023-03-18T00:00:00+00:00
[2023-03-18T00:14:34.500+0000] {processor.py:175} INFO - Processing /home/airflow/.local/lib/python3.7/site-packages/airflow/example_dags/example_branch_labels.py took 0.107 seconds
