[2023-03-18T00:00:11.960+0000] {processor.py:153} INFO - Started process (PID=8087) to work on /home/airflow/.local/lib/python3.7/site-packages/airflow/example_dags/example_datasets.py
[2023-03-18T00:00:11.962+0000] {processor.py:743} INFO - Processing file /home/airflow/.local/lib/python3.7/site-packages/airflow/example_dags/example_datasets.py for tasks to queue
[2023-03-18T00:00:11.963+0000] {logging_mixin.py:137} INFO - [2023-03-18T00:00:11.963+0000] {dagbag.py:538} INFO - Filling up the DagBag from /home/airflow/.local/lib/python3.7/site-packages/airflow/example_dags/example_datasets.py
[2023-03-18T00:00:11.994+0000] {processor.py:753} INFO - DAG(s) dict_keys(['dataset_produces_2', 'dataset_consumes_1', 'dataset_produces_1', 'dataset_consumes_1_and_2', 'dataset_consumes_1_never_scheduled', 'dataset_consumes_unknown_never_scheduled']) retrieved from /home/airflow/.local/lib/python3.7/site-packages/airflow/example_dags/example_datasets.py
[2023-03-18T00:00:12.065+0000] {logging_mixin.py:137} INFO - [2023-03-18T00:00:12.065+0000] {dag.py:2690} INFO - Sync 6 DAGs
[2023-03-18T00:00:12.115+0000] {logging_mixin.py:137} INFO - [2023-03-18T00:00:12.115+0000] {dag.py:3441} INFO - Setting next_dagrun for dataset_consumes_1 to None, run_after=None
[2023-03-18T00:00:12.121+0000] {logging_mixin.py:137} INFO - [2023-03-18T00:00:12.121+0000] {dag.py:3441} INFO - Setting next_dagrun for dataset_consumes_1_and_2 to None, run_after=None
[2023-03-18T00:00:12.124+0000] {logging_mixin.py:137} INFO - [2023-03-18T00:00:12.124+0000] {dag.py:3441} INFO - Setting next_dagrun for dataset_consumes_1_never_scheduled to None, run_after=None
[2023-03-18T00:00:12.126+0000] {logging_mixin.py:137} INFO - [2023-03-18T00:00:12.126+0000] {dag.py:3441} INFO - Setting next_dagrun for dataset_consumes_unknown_never_scheduled to None, run_after=None
[2023-03-18T00:00:12.132+0000] {logging_mixin.py:137} INFO - [2023-03-18T00:00:12.132+0000] {dag.py:3441} INFO - Setting next_dagrun for dataset_produces_1 to 2023-03-17T00:00:00+00:00, run_after=2023-03-18T00:00:00+00:00
[2023-03-18T00:00:12.134+0000] {logging_mixin.py:137} INFO - [2023-03-18T00:00:12.134+0000] {dag.py:3441} INFO - Setting next_dagrun for dataset_produces_2 to None, run_after=None
[2023-03-18T00:00:12.196+0000] {processor.py:175} INFO - Processing /home/airflow/.local/lib/python3.7/site-packages/airflow/example_dags/example_datasets.py took 0.241 seconds
[2023-03-18T00:00:43.518+0000] {processor.py:153} INFO - Started process (PID=8169) to work on /home/airflow/.local/lib/python3.7/site-packages/airflow/example_dags/example_datasets.py
[2023-03-18T00:00:43.522+0000] {processor.py:743} INFO - Processing file /home/airflow/.local/lib/python3.7/site-packages/airflow/example_dags/example_datasets.py for tasks to queue
[2023-03-18T00:00:43.527+0000] {logging_mixin.py:137} INFO - [2023-03-18T00:00:43.526+0000] {dagbag.py:538} INFO - Filling up the DagBag from /home/airflow/.local/lib/python3.7/site-packages/airflow/example_dags/example_datasets.py
[2023-03-18T00:00:43.603+0000] {processor.py:753} INFO - DAG(s) dict_keys(['dataset_produces_1', 'dataset_consumes_unknown_never_scheduled', 'dataset_consumes_1_and_2', 'dataset_produces_2', 'dataset_consumes_1', 'dataset_consumes_1_never_scheduled']) retrieved from /home/airflow/.local/lib/python3.7/site-packages/airflow/example_dags/example_datasets.py
[2023-03-18T00:00:43.787+0000] {logging_mixin.py:137} INFO - [2023-03-18T00:00:43.786+0000] {dag.py:2690} INFO - Sync 6 DAGs
[2023-03-18T00:00:43.915+0000] {logging_mixin.py:137} INFO - [2023-03-18T00:00:43.914+0000] {dag.py:3441} INFO - Setting next_dagrun for dataset_consumes_1 to None, run_after=None
[2023-03-18T00:00:43.933+0000] {logging_mixin.py:137} INFO - [2023-03-18T00:00:43.932+0000] {dag.py:3441} INFO - Setting next_dagrun for dataset_consumes_1_and_2 to None, run_after=None
[2023-03-18T00:00:43.940+0000] {logging_mixin.py:137} INFO - [2023-03-18T00:00:43.939+0000] {dag.py:3441} INFO - Setting next_dagrun for dataset_consumes_1_never_scheduled to None, run_after=None
[2023-03-18T00:00:43.946+0000] {logging_mixin.py:137} INFO - [2023-03-18T00:00:43.946+0000] {dag.py:3441} INFO - Setting next_dagrun for dataset_consumes_unknown_never_scheduled to None, run_after=None
[2023-03-18T00:00:43.963+0000] {logging_mixin.py:137} INFO - [2023-03-18T00:00:43.962+0000] {dag.py:3441} INFO - Setting next_dagrun for dataset_produces_1 to 2023-03-17T00:00:00+00:00, run_after=2023-03-18T00:00:00+00:00
[2023-03-18T00:00:43.971+0000] {logging_mixin.py:137} INFO - [2023-03-18T00:00:43.970+0000] {dag.py:3441} INFO - Setting next_dagrun for dataset_produces_2 to None, run_after=None
[2023-03-18T00:00:44.133+0000] {processor.py:175} INFO - Processing /home/airflow/.local/lib/python3.7/site-packages/airflow/example_dags/example_datasets.py took 0.632 seconds
[2023-03-18T00:01:14.286+0000] {processor.py:153} INFO - Started process (PID=8251) to work on /home/airflow/.local/lib/python3.7/site-packages/airflow/example_dags/example_datasets.py
[2023-03-18T00:01:14.289+0000] {processor.py:743} INFO - Processing file /home/airflow/.local/lib/python3.7/site-packages/airflow/example_dags/example_datasets.py for tasks to queue
[2023-03-18T00:01:14.291+0000] {logging_mixin.py:137} INFO - [2023-03-18T00:01:14.290+0000] {dagbag.py:538} INFO - Filling up the DagBag from /home/airflow/.local/lib/python3.7/site-packages/airflow/example_dags/example_datasets.py
[2023-03-18T00:01:14.321+0000] {processor.py:753} INFO - DAG(s) dict_keys(['dataset_consumes_1', 'dataset_consumes_1_never_scheduled', 'dataset_consumes_1_and_2', 'dataset_produces_1', 'dataset_produces_2', 'dataset_consumes_unknown_never_scheduled']) retrieved from /home/airflow/.local/lib/python3.7/site-packages/airflow/example_dags/example_datasets.py
[2023-03-18T00:01:14.416+0000] {logging_mixin.py:137} INFO - [2023-03-18T00:01:14.416+0000] {dag.py:2690} INFO - Sync 6 DAGs
[2023-03-18T00:01:14.466+0000] {logging_mixin.py:137} INFO - [2023-03-18T00:01:14.466+0000] {dag.py:3441} INFO - Setting next_dagrun for dataset_consumes_1 to None, run_after=None
[2023-03-18T00:01:14.472+0000] {logging_mixin.py:137} INFO - [2023-03-18T00:01:14.472+0000] {dag.py:3441} INFO - Setting next_dagrun for dataset_consumes_1_and_2 to None, run_after=None
[2023-03-18T00:01:14.475+0000] {logging_mixin.py:137} INFO - [2023-03-18T00:01:14.475+0000] {dag.py:3441} INFO - Setting next_dagrun for dataset_consumes_1_never_scheduled to None, run_after=None
[2023-03-18T00:01:14.480+0000] {logging_mixin.py:137} INFO - [2023-03-18T00:01:14.480+0000] {dag.py:3441} INFO - Setting next_dagrun for dataset_consumes_unknown_never_scheduled to None, run_after=None
[2023-03-18T00:01:14.485+0000] {logging_mixin.py:137} INFO - [2023-03-18T00:01:14.485+0000] {dag.py:3441} INFO - Setting next_dagrun for dataset_produces_1 to 2023-03-17T00:00:00+00:00, run_after=2023-03-18T00:00:00+00:00
[2023-03-18T00:01:14.488+0000] {logging_mixin.py:137} INFO - [2023-03-18T00:01:14.487+0000] {dag.py:3441} INFO - Setting next_dagrun for dataset_produces_2 to None, run_after=None
[2023-03-18T00:01:14.555+0000] {processor.py:175} INFO - Processing /home/airflow/.local/lib/python3.7/site-packages/airflow/example_dags/example_datasets.py took 0.280 seconds
[2023-03-18T00:01:44.629+0000] {processor.py:153} INFO - Started process (PID=8333) to work on /home/airflow/.local/lib/python3.7/site-packages/airflow/example_dags/example_datasets.py
[2023-03-18T00:01:44.631+0000] {processor.py:743} INFO - Processing file /home/airflow/.local/lib/python3.7/site-packages/airflow/example_dags/example_datasets.py for tasks to queue
[2023-03-18T00:01:44.633+0000] {logging_mixin.py:137} INFO - [2023-03-18T00:01:44.633+0000] {dagbag.py:538} INFO - Filling up the DagBag from /home/airflow/.local/lib/python3.7/site-packages/airflow/example_dags/example_datasets.py
[2023-03-18T00:01:44.681+0000] {processor.py:753} INFO - DAG(s) dict_keys(['dataset_produces_1', 'dataset_consumes_1_and_2', 'dataset_consumes_1', 'dataset_consumes_unknown_never_scheduled', 'dataset_produces_2', 'dataset_consumes_1_never_scheduled']) retrieved from /home/airflow/.local/lib/python3.7/site-packages/airflow/example_dags/example_datasets.py
[2023-03-18T00:01:44.904+0000] {logging_mixin.py:137} INFO - [2023-03-18T00:01:44.904+0000] {dag.py:2690} INFO - Sync 6 DAGs
[2023-03-18T00:01:44.957+0000] {logging_mixin.py:137} INFO - [2023-03-18T00:01:44.956+0000] {dag.py:3441} INFO - Setting next_dagrun for dataset_consumes_1 to None, run_after=None
[2023-03-18T00:01:44.963+0000] {logging_mixin.py:137} INFO - [2023-03-18T00:01:44.963+0000] {dag.py:3441} INFO - Setting next_dagrun for dataset_consumes_1_and_2 to None, run_after=None
[2023-03-18T00:01:44.966+0000] {logging_mixin.py:137} INFO - [2023-03-18T00:01:44.966+0000] {dag.py:3441} INFO - Setting next_dagrun for dataset_consumes_1_never_scheduled to None, run_after=None
[2023-03-18T00:01:44.969+0000] {logging_mixin.py:137} INFO - [2023-03-18T00:01:44.969+0000] {dag.py:3441} INFO - Setting next_dagrun for dataset_consumes_unknown_never_scheduled to None, run_after=None
[2023-03-18T00:01:44.975+0000] {logging_mixin.py:137} INFO - [2023-03-18T00:01:44.974+0000] {dag.py:3441} INFO - Setting next_dagrun for dataset_produces_1 to 2023-03-17T00:00:00+00:00, run_after=2023-03-18T00:00:00+00:00
[2023-03-18T00:01:44.978+0000] {logging_mixin.py:137} INFO - [2023-03-18T00:01:44.978+0000] {dag.py:3441} INFO - Setting next_dagrun for dataset_produces_2 to None, run_after=None
[2023-03-18T00:01:45.048+0000] {processor.py:175} INFO - Processing /home/airflow/.local/lib/python3.7/site-packages/airflow/example_dags/example_datasets.py took 0.425 seconds
[2023-03-18T00:02:15.413+0000] {processor.py:153} INFO - Started process (PID=8415) to work on /home/airflow/.local/lib/python3.7/site-packages/airflow/example_dags/example_datasets.py
[2023-03-18T00:02:15.418+0000] {processor.py:743} INFO - Processing file /home/airflow/.local/lib/python3.7/site-packages/airflow/example_dags/example_datasets.py for tasks to queue
[2023-03-18T00:02:15.420+0000] {logging_mixin.py:137} INFO - [2023-03-18T00:02:15.420+0000] {dagbag.py:538} INFO - Filling up the DagBag from /home/airflow/.local/lib/python3.7/site-packages/airflow/example_dags/example_datasets.py
[2023-03-18T00:02:15.464+0000] {processor.py:753} INFO - DAG(s) dict_keys(['dataset_consumes_1_never_scheduled', 'dataset_consumes_1_and_2', 'dataset_produces_2', 'dataset_produces_1', 'dataset_consumes_unknown_never_scheduled', 'dataset_consumes_1']) retrieved from /home/airflow/.local/lib/python3.7/site-packages/airflow/example_dags/example_datasets.py
[2023-03-18T00:02:15.585+0000] {logging_mixin.py:137} INFO - [2023-03-18T00:02:15.584+0000] {dag.py:2690} INFO - Sync 6 DAGs
[2023-03-18T00:02:15.655+0000] {logging_mixin.py:137} INFO - [2023-03-18T00:02:15.655+0000] {dag.py:3441} INFO - Setting next_dagrun for dataset_consumes_1 to None, run_after=None
[2023-03-18T00:02:15.663+0000] {logging_mixin.py:137} INFO - [2023-03-18T00:02:15.663+0000] {dag.py:3441} INFO - Setting next_dagrun for dataset_consumes_1_and_2 to None, run_after=None
[2023-03-18T00:02:15.667+0000] {logging_mixin.py:137} INFO - [2023-03-18T00:02:15.666+0000] {dag.py:3441} INFO - Setting next_dagrun for dataset_consumes_1_never_scheduled to None, run_after=None
[2023-03-18T00:02:15.670+0000] {logging_mixin.py:137} INFO - [2023-03-18T00:02:15.670+0000] {dag.py:3441} INFO - Setting next_dagrun for dataset_consumes_unknown_never_scheduled to None, run_after=None
[2023-03-18T00:02:15.677+0000] {logging_mixin.py:137} INFO - [2023-03-18T00:02:15.677+0000] {dag.py:3441} INFO - Setting next_dagrun for dataset_produces_1 to 2023-03-17T00:00:00+00:00, run_after=2023-03-18T00:00:00+00:00
[2023-03-18T00:02:15.683+0000] {logging_mixin.py:137} INFO - [2023-03-18T00:02:15.683+0000] {dag.py:3441} INFO - Setting next_dagrun for dataset_produces_2 to None, run_after=None
[2023-03-18T00:02:15.771+0000] {processor.py:175} INFO - Processing /home/airflow/.local/lib/python3.7/site-packages/airflow/example_dags/example_datasets.py took 0.363 seconds
[2023-03-18T00:02:45.996+0000] {processor.py:153} INFO - Started process (PID=8497) to work on /home/airflow/.local/lib/python3.7/site-packages/airflow/example_dags/example_datasets.py
[2023-03-18T00:02:45.998+0000] {processor.py:743} INFO - Processing file /home/airflow/.local/lib/python3.7/site-packages/airflow/example_dags/example_datasets.py for tasks to queue
[2023-03-18T00:02:46.000+0000] {logging_mixin.py:137} INFO - [2023-03-18T00:02:46.000+0000] {dagbag.py:538} INFO - Filling up the DagBag from /home/airflow/.local/lib/python3.7/site-packages/airflow/example_dags/example_datasets.py
[2023-03-18T00:02:46.025+0000] {processor.py:753} INFO - DAG(s) dict_keys(['dataset_produces_1', 'dataset_produces_2', 'dataset_consumes_1', 'dataset_consumes_unknown_never_scheduled', 'dataset_consumes_1_and_2', 'dataset_consumes_1_never_scheduled']) retrieved from /home/airflow/.local/lib/python3.7/site-packages/airflow/example_dags/example_datasets.py
[2023-03-18T00:02:46.085+0000] {logging_mixin.py:137} INFO - [2023-03-18T00:02:46.085+0000] {dag.py:2690} INFO - Sync 6 DAGs
[2023-03-18T00:02:46.144+0000] {logging_mixin.py:137} INFO - [2023-03-18T00:02:46.143+0000] {dag.py:3441} INFO - Setting next_dagrun for dataset_consumes_1 to None, run_after=None
[2023-03-18T00:02:46.152+0000] {logging_mixin.py:137} INFO - [2023-03-18T00:02:46.152+0000] {dag.py:3441} INFO - Setting next_dagrun for dataset_consumes_1_and_2 to None, run_after=None
[2023-03-18T00:02:46.156+0000] {logging_mixin.py:137} INFO - [2023-03-18T00:02:46.155+0000] {dag.py:3441} INFO - Setting next_dagrun for dataset_consumes_1_never_scheduled to None, run_after=None
[2023-03-18T00:02:46.159+0000] {logging_mixin.py:137} INFO - [2023-03-18T00:02:46.159+0000] {dag.py:3441} INFO - Setting next_dagrun for dataset_consumes_unknown_never_scheduled to None, run_after=None
[2023-03-18T00:02:46.165+0000] {logging_mixin.py:137} INFO - [2023-03-18T00:02:46.165+0000] {dag.py:3441} INFO - Setting next_dagrun for dataset_produces_1 to 2023-03-17T00:00:00+00:00, run_after=2023-03-18T00:00:00+00:00
[2023-03-18T00:02:46.168+0000] {logging_mixin.py:137} INFO - [2023-03-18T00:02:46.168+0000] {dag.py:3441} INFO - Setting next_dagrun for dataset_produces_2 to None, run_after=None
[2023-03-18T00:02:46.243+0000] {processor.py:175} INFO - Processing /home/airflow/.local/lib/python3.7/site-packages/airflow/example_dags/example_datasets.py took 0.251 seconds
[2023-03-18T00:03:16.517+0000] {processor.py:153} INFO - Started process (PID=8579) to work on /home/airflow/.local/lib/python3.7/site-packages/airflow/example_dags/example_datasets.py
[2023-03-18T00:03:16.520+0000] {processor.py:743} INFO - Processing file /home/airflow/.local/lib/python3.7/site-packages/airflow/example_dags/example_datasets.py for tasks to queue
[2023-03-18T00:03:16.523+0000] {logging_mixin.py:137} INFO - [2023-03-18T00:03:16.522+0000] {dagbag.py:538} INFO - Filling up the DagBag from /home/airflow/.local/lib/python3.7/site-packages/airflow/example_dags/example_datasets.py
[2023-03-18T00:03:16.598+0000] {processor.py:753} INFO - DAG(s) dict_keys(['dataset_consumes_1_never_scheduled', 'dataset_consumes_1', 'dataset_consumes_1_and_2', 'dataset_consumes_unknown_never_scheduled', 'dataset_produces_1', 'dataset_produces_2']) retrieved from /home/airflow/.local/lib/python3.7/site-packages/airflow/example_dags/example_datasets.py
[2023-03-18T00:03:16.661+0000] {logging_mixin.py:137} INFO - [2023-03-18T00:03:16.661+0000] {dag.py:2690} INFO - Sync 6 DAGs
[2023-03-18T00:03:16.702+0000] {logging_mixin.py:137} INFO - [2023-03-18T00:03:16.702+0000] {dag.py:3441} INFO - Setting next_dagrun for dataset_consumes_1 to None, run_after=None
[2023-03-18T00:03:16.708+0000] {logging_mixin.py:137} INFO - [2023-03-18T00:03:16.708+0000] {dag.py:3441} INFO - Setting next_dagrun for dataset_consumes_1_and_2 to None, run_after=None
[2023-03-18T00:03:16.711+0000] {logging_mixin.py:137} INFO - [2023-03-18T00:03:16.710+0000] {dag.py:3441} INFO - Setting next_dagrun for dataset_consumes_1_never_scheduled to None, run_after=None
[2023-03-18T00:03:16.713+0000] {logging_mixin.py:137} INFO - [2023-03-18T00:03:16.713+0000] {dag.py:3441} INFO - Setting next_dagrun for dataset_consumes_unknown_never_scheduled to None, run_after=None
[2023-03-18T00:03:16.718+0000] {logging_mixin.py:137} INFO - [2023-03-18T00:03:16.718+0000] {dag.py:3441} INFO - Setting next_dagrun for dataset_produces_1 to 2023-03-17T00:00:00+00:00, run_after=2023-03-18T00:00:00+00:00
[2023-03-18T00:03:16.722+0000] {logging_mixin.py:137} INFO - [2023-03-18T00:03:16.721+0000] {dag.py:3441} INFO - Setting next_dagrun for dataset_produces_2 to None, run_after=None
[2023-03-18T00:03:16.780+0000] {processor.py:175} INFO - Processing /home/airflow/.local/lib/python3.7/site-packages/airflow/example_dags/example_datasets.py took 0.273 seconds
[2023-03-18T00:03:47.221+0000] {processor.py:153} INFO - Started process (PID=8661) to work on /home/airflow/.local/lib/python3.7/site-packages/airflow/example_dags/example_datasets.py
[2023-03-18T00:03:47.224+0000] {processor.py:743} INFO - Processing file /home/airflow/.local/lib/python3.7/site-packages/airflow/example_dags/example_datasets.py for tasks to queue
[2023-03-18T00:03:47.227+0000] {logging_mixin.py:137} INFO - [2023-03-18T00:03:47.226+0000] {dagbag.py:538} INFO - Filling up the DagBag from /home/airflow/.local/lib/python3.7/site-packages/airflow/example_dags/example_datasets.py
[2023-03-18T00:03:47.273+0000] {processor.py:753} INFO - DAG(s) dict_keys(['dataset_produces_2', 'dataset_produces_1', 'dataset_consumes_1_never_scheduled', 'dataset_consumes_unknown_never_scheduled', 'dataset_consumes_1_and_2', 'dataset_consumes_1']) retrieved from /home/airflow/.local/lib/python3.7/site-packages/airflow/example_dags/example_datasets.py
[2023-03-18T00:03:47.386+0000] {logging_mixin.py:137} INFO - [2023-03-18T00:03:47.385+0000] {dag.py:2690} INFO - Sync 6 DAGs
[2023-03-18T00:03:47.458+0000] {logging_mixin.py:137} INFO - [2023-03-18T00:03:47.457+0000] {dag.py:3441} INFO - Setting next_dagrun for dataset_consumes_1 to None, run_after=None
[2023-03-18T00:03:47.467+0000] {logging_mixin.py:137} INFO - [2023-03-18T00:03:47.467+0000] {dag.py:3441} INFO - Setting next_dagrun for dataset_consumes_1_and_2 to None, run_after=None
[2023-03-18T00:03:47.471+0000] {logging_mixin.py:137} INFO - [2023-03-18T00:03:47.471+0000] {dag.py:3441} INFO - Setting next_dagrun for dataset_consumes_1_never_scheduled to None, run_after=None
[2023-03-18T00:03:47.475+0000] {logging_mixin.py:137} INFO - [2023-03-18T00:03:47.475+0000] {dag.py:3441} INFO - Setting next_dagrun for dataset_consumes_unknown_never_scheduled to None, run_after=None
[2023-03-18T00:03:47.483+0000] {logging_mixin.py:137} INFO - [2023-03-18T00:03:47.483+0000] {dag.py:3441} INFO - Setting next_dagrun for dataset_produces_1 to 2023-03-17T00:00:00+00:00, run_after=2023-03-18T00:00:00+00:00
[2023-03-18T00:03:47.488+0000] {logging_mixin.py:137} INFO - [2023-03-18T00:03:47.487+0000] {dag.py:3441} INFO - Setting next_dagrun for dataset_produces_2 to None, run_after=None
[2023-03-18T00:03:47.594+0000] {processor.py:175} INFO - Processing /home/airflow/.local/lib/python3.7/site-packages/airflow/example_dags/example_datasets.py took 0.381 seconds
[2023-03-18T00:04:17.900+0000] {processor.py:153} INFO - Started process (PID=8743) to work on /home/airflow/.local/lib/python3.7/site-packages/airflow/example_dags/example_datasets.py
[2023-03-18T00:04:17.902+0000] {processor.py:743} INFO - Processing file /home/airflow/.local/lib/python3.7/site-packages/airflow/example_dags/example_datasets.py for tasks to queue
[2023-03-18T00:04:17.903+0000] {logging_mixin.py:137} INFO - [2023-03-18T00:04:17.903+0000] {dagbag.py:538} INFO - Filling up the DagBag from /home/airflow/.local/lib/python3.7/site-packages/airflow/example_dags/example_datasets.py
[2023-03-18T00:04:17.925+0000] {processor.py:753} INFO - DAG(s) dict_keys(['dataset_consumes_1_and_2', 'dataset_produces_1', 'dataset_consumes_1', 'dataset_produces_2', 'dataset_consumes_1_never_scheduled', 'dataset_consumes_unknown_never_scheduled']) retrieved from /home/airflow/.local/lib/python3.7/site-packages/airflow/example_dags/example_datasets.py
[2023-03-18T00:04:17.989+0000] {logging_mixin.py:137} INFO - [2023-03-18T00:04:17.989+0000] {dag.py:2690} INFO - Sync 6 DAGs
[2023-03-18T00:04:18.025+0000] {logging_mixin.py:137} INFO - [2023-03-18T00:04:18.025+0000] {dag.py:3441} INFO - Setting next_dagrun for dataset_consumes_1 to None, run_after=None
[2023-03-18T00:04:18.032+0000] {logging_mixin.py:137} INFO - [2023-03-18T00:04:18.031+0000] {dag.py:3441} INFO - Setting next_dagrun for dataset_consumes_1_and_2 to None, run_after=None
[2023-03-18T00:04:18.034+0000] {logging_mixin.py:137} INFO - [2023-03-18T00:04:18.034+0000] {dag.py:3441} INFO - Setting next_dagrun for dataset_consumes_1_never_scheduled to None, run_after=None
[2023-03-18T00:04:18.036+0000] {logging_mixin.py:137} INFO - [2023-03-18T00:04:18.036+0000] {dag.py:3441} INFO - Setting next_dagrun for dataset_consumes_unknown_never_scheduled to None, run_after=None
[2023-03-18T00:04:18.040+0000] {logging_mixin.py:137} INFO - [2023-03-18T00:04:18.040+0000] {dag.py:3441} INFO - Setting next_dagrun for dataset_produces_1 to 2023-03-17T00:00:00+00:00, run_after=2023-03-18T00:00:00+00:00
[2023-03-18T00:04:18.042+0000] {logging_mixin.py:137} INFO - [2023-03-18T00:04:18.042+0000] {dag.py:3441} INFO - Setting next_dagrun for dataset_produces_2 to None, run_after=None
[2023-03-18T00:04:18.087+0000] {processor.py:175} INFO - Processing /home/airflow/.local/lib/python3.7/site-packages/airflow/example_dags/example_datasets.py took 0.191 seconds
[2023-03-18T00:04:48.678+0000] {processor.py:153} INFO - Started process (PID=8846) to work on /home/airflow/.local/lib/python3.7/site-packages/airflow/example_dags/example_datasets.py
[2023-03-18T00:04:48.679+0000] {processor.py:743} INFO - Processing file /home/airflow/.local/lib/python3.7/site-packages/airflow/example_dags/example_datasets.py for tasks to queue
[2023-03-18T00:04:48.681+0000] {logging_mixin.py:137} INFO - [2023-03-18T00:04:48.681+0000] {dagbag.py:538} INFO - Filling up the DagBag from /home/airflow/.local/lib/python3.7/site-packages/airflow/example_dags/example_datasets.py
[2023-03-18T00:04:48.705+0000] {processor.py:753} INFO - DAG(s) dict_keys(['dataset_produces_2', 'dataset_produces_1', 'dataset_consumes_unknown_never_scheduled', 'dataset_consumes_1_and_2', 'dataset_consumes_1_never_scheduled', 'dataset_consumes_1']) retrieved from /home/airflow/.local/lib/python3.7/site-packages/airflow/example_dags/example_datasets.py
[2023-03-18T00:04:48.768+0000] {logging_mixin.py:137} INFO - [2023-03-18T00:04:48.768+0000] {dag.py:2690} INFO - Sync 6 DAGs
[2023-03-18T00:04:48.811+0000] {logging_mixin.py:137} INFO - [2023-03-18T00:04:48.811+0000] {dag.py:3441} INFO - Setting next_dagrun for dataset_consumes_1 to None, run_after=None
[2023-03-18T00:04:48.819+0000] {logging_mixin.py:137} INFO - [2023-03-18T00:04:48.819+0000] {dag.py:3441} INFO - Setting next_dagrun for dataset_consumes_1_and_2 to None, run_after=None
[2023-03-18T00:04:48.822+0000] {logging_mixin.py:137} INFO - [2023-03-18T00:04:48.822+0000] {dag.py:3441} INFO - Setting next_dagrun for dataset_consumes_1_never_scheduled to None, run_after=None
[2023-03-18T00:04:48.826+0000] {logging_mixin.py:137} INFO - [2023-03-18T00:04:48.826+0000] {dag.py:3441} INFO - Setting next_dagrun for dataset_consumes_unknown_never_scheduled to None, run_after=None
[2023-03-18T00:04:48.836+0000] {logging_mixin.py:137} INFO - [2023-03-18T00:04:48.835+0000] {dag.py:3441} INFO - Setting next_dagrun for dataset_produces_1 to 2023-03-17T00:00:00+00:00, run_after=2023-03-18T00:00:00+00:00
[2023-03-18T00:04:48.841+0000] {logging_mixin.py:137} INFO - [2023-03-18T00:04:48.841+0000] {dag.py:3441} INFO - Setting next_dagrun for dataset_produces_2 to None, run_after=None
[2023-03-18T00:04:49.012+0000] {processor.py:175} INFO - Processing /home/airflow/.local/lib/python3.7/site-packages/airflow/example_dags/example_datasets.py took 0.338 seconds
[2023-03-18T00:05:19.486+0000] {processor.py:153} INFO - Started process (PID=8928) to work on /home/airflow/.local/lib/python3.7/site-packages/airflow/example_dags/example_datasets.py
[2023-03-18T00:05:19.487+0000] {processor.py:743} INFO - Processing file /home/airflow/.local/lib/python3.7/site-packages/airflow/example_dags/example_datasets.py for tasks to queue
[2023-03-18T00:05:19.488+0000] {logging_mixin.py:137} INFO - [2023-03-18T00:05:19.488+0000] {dagbag.py:538} INFO - Filling up the DagBag from /home/airflow/.local/lib/python3.7/site-packages/airflow/example_dags/example_datasets.py
[2023-03-18T00:05:19.505+0000] {processor.py:753} INFO - DAG(s) dict_keys(['dataset_produces_2', 'dataset_consumes_1_and_2', 'dataset_produces_1', 'dataset_consumes_1_never_scheduled', 'dataset_consumes_unknown_never_scheduled', 'dataset_consumes_1']) retrieved from /home/airflow/.local/lib/python3.7/site-packages/airflow/example_dags/example_datasets.py
[2023-03-18T00:05:19.558+0000] {logging_mixin.py:137} INFO - [2023-03-18T00:05:19.558+0000] {dag.py:2690} INFO - Sync 6 DAGs
[2023-03-18T00:05:19.593+0000] {logging_mixin.py:137} INFO - [2023-03-18T00:05:19.592+0000] {dag.py:3441} INFO - Setting next_dagrun for dataset_consumes_1 to None, run_after=None
[2023-03-18T00:05:19.598+0000] {logging_mixin.py:137} INFO - [2023-03-18T00:05:19.597+0000] {dag.py:3441} INFO - Setting next_dagrun for dataset_consumes_1_and_2 to None, run_after=None
[2023-03-18T00:05:19.600+0000] {logging_mixin.py:137} INFO - [2023-03-18T00:05:19.599+0000] {dag.py:3441} INFO - Setting next_dagrun for dataset_consumes_1_never_scheduled to None, run_after=None
[2023-03-18T00:05:19.601+0000] {logging_mixin.py:137} INFO - [2023-03-18T00:05:19.601+0000] {dag.py:3441} INFO - Setting next_dagrun for dataset_consumes_unknown_never_scheduled to None, run_after=None
[2023-03-18T00:05:19.606+0000] {logging_mixin.py:137} INFO - [2023-03-18T00:05:19.605+0000] {dag.py:3441} INFO - Setting next_dagrun for dataset_produces_1 to 2023-03-17T00:00:00+00:00, run_after=2023-03-18T00:00:00+00:00
[2023-03-18T00:05:19.608+0000] {logging_mixin.py:137} INFO - [2023-03-18T00:05:19.608+0000] {dag.py:3441} INFO - Setting next_dagrun for dataset_produces_2 to None, run_after=None
[2023-03-18T00:05:19.656+0000] {processor.py:175} INFO - Processing /home/airflow/.local/lib/python3.7/site-packages/airflow/example_dags/example_datasets.py took 0.173 seconds
[2023-03-18T00:05:50.822+0000] {processor.py:153} INFO - Started process (PID=9010) to work on /home/airflow/.local/lib/python3.7/site-packages/airflow/example_dags/example_datasets.py
[2023-03-18T00:05:50.823+0000] {processor.py:743} INFO - Processing file /home/airflow/.local/lib/python3.7/site-packages/airflow/example_dags/example_datasets.py for tasks to queue
[2023-03-18T00:05:50.825+0000] {logging_mixin.py:137} INFO - [2023-03-18T00:05:50.825+0000] {dagbag.py:538} INFO - Filling up the DagBag from /home/airflow/.local/lib/python3.7/site-packages/airflow/example_dags/example_datasets.py
[2023-03-18T00:05:50.847+0000] {processor.py:753} INFO - DAG(s) dict_keys(['dataset_consumes_1_never_scheduled', 'dataset_consumes_1', 'dataset_consumes_unknown_never_scheduled', 'dataset_produces_2', 'dataset_produces_1', 'dataset_consumes_1_and_2']) retrieved from /home/airflow/.local/lib/python3.7/site-packages/airflow/example_dags/example_datasets.py
[2023-03-18T00:05:50.901+0000] {logging_mixin.py:137} INFO - [2023-03-18T00:05:50.900+0000] {dag.py:2690} INFO - Sync 6 DAGs
[2023-03-18T00:05:50.935+0000] {logging_mixin.py:137} INFO - [2023-03-18T00:05:50.935+0000] {dag.py:3441} INFO - Setting next_dagrun for dataset_consumes_1 to None, run_after=None
[2023-03-18T00:05:50.939+0000] {logging_mixin.py:137} INFO - [2023-03-18T00:05:50.939+0000] {dag.py:3441} INFO - Setting next_dagrun for dataset_consumes_1_and_2 to None, run_after=None
[2023-03-18T00:05:50.941+0000] {logging_mixin.py:137} INFO - [2023-03-18T00:05:50.941+0000] {dag.py:3441} INFO - Setting next_dagrun for dataset_consumes_1_never_scheduled to None, run_after=None
[2023-03-18T00:05:50.942+0000] {logging_mixin.py:137} INFO - [2023-03-18T00:05:50.942+0000] {dag.py:3441} INFO - Setting next_dagrun for dataset_consumes_unknown_never_scheduled to None, run_after=None
[2023-03-18T00:05:50.946+0000] {logging_mixin.py:137} INFO - [2023-03-18T00:05:50.946+0000] {dag.py:3441} INFO - Setting next_dagrun for dataset_produces_1 to 2023-03-17T00:00:00+00:00, run_after=2023-03-18T00:00:00+00:00
[2023-03-18T00:05:50.948+0000] {logging_mixin.py:137} INFO - [2023-03-18T00:05:50.948+0000] {dag.py:3441} INFO - Setting next_dagrun for dataset_produces_2 to None, run_after=None
[2023-03-18T00:05:50.987+0000] {processor.py:175} INFO - Processing /home/airflow/.local/lib/python3.7/site-packages/airflow/example_dags/example_datasets.py took 0.169 seconds
[2023-03-18T00:06:21.865+0000] {processor.py:153} INFO - Started process (PID=9101) to work on /home/airflow/.local/lib/python3.7/site-packages/airflow/example_dags/example_datasets.py
[2023-03-18T00:06:21.867+0000] {processor.py:743} INFO - Processing file /home/airflow/.local/lib/python3.7/site-packages/airflow/example_dags/example_datasets.py for tasks to queue
[2023-03-18T00:06:21.868+0000] {logging_mixin.py:137} INFO - [2023-03-18T00:06:21.868+0000] {dagbag.py:538} INFO - Filling up the DagBag from /home/airflow/.local/lib/python3.7/site-packages/airflow/example_dags/example_datasets.py
[2023-03-18T00:06:21.902+0000] {processor.py:753} INFO - DAG(s) dict_keys(['dataset_consumes_unknown_never_scheduled', 'dataset_consumes_1_and_2', 'dataset_produces_2', 'dataset_consumes_1', 'dataset_produces_1', 'dataset_consumes_1_never_scheduled']) retrieved from /home/airflow/.local/lib/python3.7/site-packages/airflow/example_dags/example_datasets.py
[2023-03-18T00:06:21.983+0000] {logging_mixin.py:137} INFO - [2023-03-18T00:06:21.982+0000] {dag.py:2690} INFO - Sync 6 DAGs
[2023-03-18T00:06:22.059+0000] {logging_mixin.py:137} INFO - [2023-03-18T00:06:22.059+0000] {dag.py:3441} INFO - Setting next_dagrun for dataset_consumes_1 to None, run_after=None
[2023-03-18T00:06:22.067+0000] {logging_mixin.py:137} INFO - [2023-03-18T00:06:22.067+0000] {dag.py:3441} INFO - Setting next_dagrun for dataset_consumes_1_and_2 to None, run_after=None
[2023-03-18T00:06:22.070+0000] {logging_mixin.py:137} INFO - [2023-03-18T00:06:22.069+0000] {dag.py:3441} INFO - Setting next_dagrun for dataset_consumes_1_never_scheduled to None, run_after=None
[2023-03-18T00:06:22.072+0000] {logging_mixin.py:137} INFO - [2023-03-18T00:06:22.072+0000] {dag.py:3441} INFO - Setting next_dagrun for dataset_consumes_unknown_never_scheduled to None, run_after=None
[2023-03-18T00:06:22.077+0000] {logging_mixin.py:137} INFO - [2023-03-18T00:06:22.077+0000] {dag.py:3441} INFO - Setting next_dagrun for dataset_produces_1 to 2023-03-17T00:00:00+00:00, run_after=2023-03-18T00:00:00+00:00
[2023-03-18T00:06:22.080+0000] {logging_mixin.py:137} INFO - [2023-03-18T00:06:22.080+0000] {dag.py:3441} INFO - Setting next_dagrun for dataset_produces_2 to None, run_after=None
[2023-03-18T00:06:22.152+0000] {processor.py:175} INFO - Processing /home/airflow/.local/lib/python3.7/site-packages/airflow/example_dags/example_datasets.py took 0.293 seconds
[2023-03-18T00:06:52.704+0000] {processor.py:153} INFO - Started process (PID=9194) to work on /home/airflow/.local/lib/python3.7/site-packages/airflow/example_dags/example_datasets.py
[2023-03-18T00:06:52.706+0000] {processor.py:743} INFO - Processing file /home/airflow/.local/lib/python3.7/site-packages/airflow/example_dags/example_datasets.py for tasks to queue
[2023-03-18T00:06:52.707+0000] {logging_mixin.py:137} INFO - [2023-03-18T00:06:52.707+0000] {dagbag.py:538} INFO - Filling up the DagBag from /home/airflow/.local/lib/python3.7/site-packages/airflow/example_dags/example_datasets.py
[2023-03-18T00:06:52.724+0000] {processor.py:753} INFO - DAG(s) dict_keys(['dataset_consumes_1_never_scheduled', 'dataset_produces_1', 'dataset_produces_2', 'dataset_consumes_1_and_2', 'dataset_consumes_unknown_never_scheduled', 'dataset_consumes_1']) retrieved from /home/airflow/.local/lib/python3.7/site-packages/airflow/example_dags/example_datasets.py
[2023-03-18T00:06:52.775+0000] {logging_mixin.py:137} INFO - [2023-03-18T00:06:52.775+0000] {dag.py:2690} INFO - Sync 6 DAGs
[2023-03-18T00:06:52.807+0000] {logging_mixin.py:137} INFO - [2023-03-18T00:06:52.807+0000] {dag.py:3441} INFO - Setting next_dagrun for dataset_consumes_1 to None, run_after=None
[2023-03-18T00:06:52.812+0000] {logging_mixin.py:137} INFO - [2023-03-18T00:06:52.812+0000] {dag.py:3441} INFO - Setting next_dagrun for dataset_consumes_1_and_2 to None, run_after=None
[2023-03-18T00:06:52.814+0000] {logging_mixin.py:137} INFO - [2023-03-18T00:06:52.814+0000] {dag.py:3441} INFO - Setting next_dagrun for dataset_consumes_1_never_scheduled to None, run_after=None
[2023-03-18T00:06:52.815+0000] {logging_mixin.py:137} INFO - [2023-03-18T00:06:52.815+0000] {dag.py:3441} INFO - Setting next_dagrun for dataset_consumes_unknown_never_scheduled to None, run_after=None
[2023-03-18T00:06:52.819+0000] {logging_mixin.py:137} INFO - [2023-03-18T00:06:52.819+0000] {dag.py:3441} INFO - Setting next_dagrun for dataset_produces_1 to 2023-03-17T00:00:00+00:00, run_after=2023-03-18T00:00:00+00:00
[2023-03-18T00:06:52.821+0000] {logging_mixin.py:137} INFO - [2023-03-18T00:06:52.821+0000] {dag.py:3441} INFO - Setting next_dagrun for dataset_produces_2 to None, run_after=None
[2023-03-18T00:06:52.862+0000] {processor.py:175} INFO - Processing /home/airflow/.local/lib/python3.7/site-packages/airflow/example_dags/example_datasets.py took 0.161 seconds
[2023-03-18T00:07:23.264+0000] {processor.py:153} INFO - Started process (PID=9277) to work on /home/airflow/.local/lib/python3.7/site-packages/airflow/example_dags/example_datasets.py
[2023-03-18T00:07:23.265+0000] {processor.py:743} INFO - Processing file /home/airflow/.local/lib/python3.7/site-packages/airflow/example_dags/example_datasets.py for tasks to queue
[2023-03-18T00:07:23.266+0000] {logging_mixin.py:137} INFO - [2023-03-18T00:07:23.266+0000] {dagbag.py:538} INFO - Filling up the DagBag from /home/airflow/.local/lib/python3.7/site-packages/airflow/example_dags/example_datasets.py
[2023-03-18T00:07:23.286+0000] {processor.py:753} INFO - DAG(s) dict_keys(['dataset_consumes_1_and_2', 'dataset_produces_2', 'dataset_consumes_1_never_scheduled', 'dataset_consumes_unknown_never_scheduled', 'dataset_consumes_1', 'dataset_produces_1']) retrieved from /home/airflow/.local/lib/python3.7/site-packages/airflow/example_dags/example_datasets.py
[2023-03-18T00:07:23.348+0000] {logging_mixin.py:137} INFO - [2023-03-18T00:07:23.348+0000] {dag.py:2690} INFO - Sync 6 DAGs
[2023-03-18T00:07:23.387+0000] {logging_mixin.py:137} INFO - [2023-03-18T00:07:23.386+0000] {dag.py:3441} INFO - Setting next_dagrun for dataset_consumes_1 to None, run_after=None
[2023-03-18T00:07:23.393+0000] {logging_mixin.py:137} INFO - [2023-03-18T00:07:23.393+0000] {dag.py:3441} INFO - Setting next_dagrun for dataset_consumes_1_and_2 to None, run_after=None
[2023-03-18T00:07:23.396+0000] {logging_mixin.py:137} INFO - [2023-03-18T00:07:23.396+0000] {dag.py:3441} INFO - Setting next_dagrun for dataset_consumes_1_never_scheduled to None, run_after=None
[2023-03-18T00:07:23.399+0000] {logging_mixin.py:137} INFO - [2023-03-18T00:07:23.399+0000] {dag.py:3441} INFO - Setting next_dagrun for dataset_consumes_unknown_never_scheduled to None, run_after=None
[2023-03-18T00:07:23.403+0000] {logging_mixin.py:137} INFO - [2023-03-18T00:07:23.403+0000] {dag.py:3441} INFO - Setting next_dagrun for dataset_produces_1 to 2023-03-17T00:00:00+00:00, run_after=2023-03-18T00:00:00+00:00
[2023-03-18T00:07:23.407+0000] {logging_mixin.py:137} INFO - [2023-03-18T00:07:23.407+0000] {dag.py:3441} INFO - Setting next_dagrun for dataset_produces_2 to None, run_after=None
[2023-03-18T00:07:23.489+0000] {processor.py:175} INFO - Processing /home/airflow/.local/lib/python3.7/site-packages/airflow/example_dags/example_datasets.py took 0.229 seconds
[2023-03-18T00:07:53.546+0000] {processor.py:153} INFO - Started process (PID=9360) to work on /home/airflow/.local/lib/python3.7/site-packages/airflow/example_dags/example_datasets.py
[2023-03-18T00:07:53.548+0000] {processor.py:743} INFO - Processing file /home/airflow/.local/lib/python3.7/site-packages/airflow/example_dags/example_datasets.py for tasks to queue
[2023-03-18T00:07:53.550+0000] {logging_mixin.py:137} INFO - [2023-03-18T00:07:53.550+0000] {dagbag.py:538} INFO - Filling up the DagBag from /home/airflow/.local/lib/python3.7/site-packages/airflow/example_dags/example_datasets.py
[2023-03-18T00:07:53.585+0000] {processor.py:753} INFO - DAG(s) dict_keys(['dataset_produces_2', 'dataset_consumes_1_and_2', 'dataset_consumes_1_never_scheduled', 'dataset_consumes_1', 'dataset_consumes_unknown_never_scheduled', 'dataset_produces_1']) retrieved from /home/airflow/.local/lib/python3.7/site-packages/airflow/example_dags/example_datasets.py
[2023-03-18T00:07:53.671+0000] {logging_mixin.py:137} INFO - [2023-03-18T00:07:53.671+0000] {dag.py:2690} INFO - Sync 6 DAGs
[2023-03-18T00:07:53.718+0000] {logging_mixin.py:137} INFO - [2023-03-18T00:07:53.718+0000] {dag.py:3441} INFO - Setting next_dagrun for dataset_consumes_1 to None, run_after=None
[2023-03-18T00:07:53.725+0000] {logging_mixin.py:137} INFO - [2023-03-18T00:07:53.725+0000] {dag.py:3441} INFO - Setting next_dagrun for dataset_consumes_1_and_2 to None, run_after=None
[2023-03-18T00:07:53.728+0000] {logging_mixin.py:137} INFO - [2023-03-18T00:07:53.728+0000] {dag.py:3441} INFO - Setting next_dagrun for dataset_consumes_1_never_scheduled to None, run_after=None
[2023-03-18T00:07:53.730+0000] {logging_mixin.py:137} INFO - [2023-03-18T00:07:53.730+0000] {dag.py:3441} INFO - Setting next_dagrun for dataset_consumes_unknown_never_scheduled to None, run_after=None
[2023-03-18T00:07:53.735+0000] {logging_mixin.py:137} INFO - [2023-03-18T00:07:53.735+0000] {dag.py:3441} INFO - Setting next_dagrun for dataset_produces_1 to 2023-03-17T00:00:00+00:00, run_after=2023-03-18T00:00:00+00:00
[2023-03-18T00:07:53.738+0000] {logging_mixin.py:137} INFO - [2023-03-18T00:07:53.738+0000] {dag.py:3441} INFO - Setting next_dagrun for dataset_produces_2 to None, run_after=None
[2023-03-18T00:07:53.787+0000] {processor.py:175} INFO - Processing /home/airflow/.local/lib/python3.7/site-packages/airflow/example_dags/example_datasets.py took 0.246 seconds
[2023-03-18T00:08:24.757+0000] {processor.py:153} INFO - Started process (PID=9442) to work on /home/airflow/.local/lib/python3.7/site-packages/airflow/example_dags/example_datasets.py
[2023-03-18T00:08:24.758+0000] {processor.py:743} INFO - Processing file /home/airflow/.local/lib/python3.7/site-packages/airflow/example_dags/example_datasets.py for tasks to queue
[2023-03-18T00:08:24.759+0000] {logging_mixin.py:137} INFO - [2023-03-18T00:08:24.759+0000] {dagbag.py:538} INFO - Filling up the DagBag from /home/airflow/.local/lib/python3.7/site-packages/airflow/example_dags/example_datasets.py
[2023-03-18T00:08:24.779+0000] {processor.py:753} INFO - DAG(s) dict_keys(['dataset_consumes_1', 'dataset_consumes_unknown_never_scheduled', 'dataset_produces_1', 'dataset_produces_2', 'dataset_consumes_1_and_2', 'dataset_consumes_1_never_scheduled']) retrieved from /home/airflow/.local/lib/python3.7/site-packages/airflow/example_dags/example_datasets.py
[2023-03-18T00:08:24.826+0000] {logging_mixin.py:137} INFO - [2023-03-18T00:08:24.825+0000] {dag.py:2690} INFO - Sync 6 DAGs
[2023-03-18T00:08:24.860+0000] {logging_mixin.py:137} INFO - [2023-03-18T00:08:24.860+0000] {dag.py:3441} INFO - Setting next_dagrun for dataset_consumes_1 to None, run_after=None
[2023-03-18T00:08:24.865+0000] {logging_mixin.py:137} INFO - [2023-03-18T00:08:24.865+0000] {dag.py:3441} INFO - Setting next_dagrun for dataset_consumes_1_and_2 to None, run_after=None
[2023-03-18T00:08:24.868+0000] {logging_mixin.py:137} INFO - [2023-03-18T00:08:24.867+0000] {dag.py:3441} INFO - Setting next_dagrun for dataset_consumes_1_never_scheduled to None, run_after=None
[2023-03-18T00:08:24.870+0000] {logging_mixin.py:137} INFO - [2023-03-18T00:08:24.869+0000] {dag.py:3441} INFO - Setting next_dagrun for dataset_consumes_unknown_never_scheduled to None, run_after=None
[2023-03-18T00:08:24.874+0000] {logging_mixin.py:137} INFO - [2023-03-18T00:08:24.874+0000] {dag.py:3441} INFO - Setting next_dagrun for dataset_produces_1 to 2023-03-17T00:00:00+00:00, run_after=2023-03-18T00:00:00+00:00
[2023-03-18T00:08:24.877+0000] {logging_mixin.py:137} INFO - [2023-03-18T00:08:24.876+0000] {dag.py:3441} INFO - Setting next_dagrun for dataset_produces_2 to None, run_after=None
[2023-03-18T00:08:24.933+0000] {processor.py:175} INFO - Processing /home/airflow/.local/lib/python3.7/site-packages/airflow/example_dags/example_datasets.py took 0.180 seconds
[2023-03-18T00:08:55.813+0000] {processor.py:153} INFO - Started process (PID=9533) to work on /home/airflow/.local/lib/python3.7/site-packages/airflow/example_dags/example_datasets.py
[2023-03-18T00:08:55.815+0000] {processor.py:743} INFO - Processing file /home/airflow/.local/lib/python3.7/site-packages/airflow/example_dags/example_datasets.py for tasks to queue
[2023-03-18T00:08:55.817+0000] {logging_mixin.py:137} INFO - [2023-03-18T00:08:55.817+0000] {dagbag.py:538} INFO - Filling up the DagBag from /home/airflow/.local/lib/python3.7/site-packages/airflow/example_dags/example_datasets.py
[2023-03-18T00:08:55.845+0000] {processor.py:753} INFO - DAG(s) dict_keys(['dataset_consumes_unknown_never_scheduled', 'dataset_produces_1', 'dataset_consumes_1_never_scheduled', 'dataset_consumes_1_and_2', 'dataset_consumes_1', 'dataset_produces_2']) retrieved from /home/airflow/.local/lib/python3.7/site-packages/airflow/example_dags/example_datasets.py
[2023-03-18T00:08:55.918+0000] {logging_mixin.py:137} INFO - [2023-03-18T00:08:55.917+0000] {dag.py:2690} INFO - Sync 6 DAGs
[2023-03-18T00:08:55.957+0000] {logging_mixin.py:137} INFO - [2023-03-18T00:08:55.957+0000] {dag.py:3441} INFO - Setting next_dagrun for dataset_consumes_1 to None, run_after=None
[2023-03-18T00:08:55.965+0000] {logging_mixin.py:137} INFO - [2023-03-18T00:08:55.965+0000] {dag.py:3441} INFO - Setting next_dagrun for dataset_consumes_1_and_2 to None, run_after=None
[2023-03-18T00:08:55.968+0000] {logging_mixin.py:137} INFO - [2023-03-18T00:08:55.968+0000] {dag.py:3441} INFO - Setting next_dagrun for dataset_consumes_1_never_scheduled to None, run_after=None
[2023-03-18T00:08:55.971+0000] {logging_mixin.py:137} INFO - [2023-03-18T00:08:55.970+0000] {dag.py:3441} INFO - Setting next_dagrun for dataset_consumes_unknown_never_scheduled to None, run_after=None
[2023-03-18T00:08:55.977+0000] {logging_mixin.py:137} INFO - [2023-03-18T00:08:55.977+0000] {dag.py:3441} INFO - Setting next_dagrun for dataset_produces_1 to 2023-03-17T00:00:00+00:00, run_after=2023-03-18T00:00:00+00:00
[2023-03-18T00:08:55.980+0000] {logging_mixin.py:137} INFO - [2023-03-18T00:08:55.980+0000] {dag.py:3441} INFO - Setting next_dagrun for dataset_produces_2 to None, run_after=None
[2023-03-18T00:08:56.046+0000] {processor.py:175} INFO - Processing /home/airflow/.local/lib/python3.7/site-packages/airflow/example_dags/example_datasets.py took 0.239 seconds
[2023-03-18T00:09:26.159+0000] {processor.py:153} INFO - Started process (PID=9626) to work on /home/airflow/.local/lib/python3.7/site-packages/airflow/example_dags/example_datasets.py
[2023-03-18T00:09:26.160+0000] {processor.py:743} INFO - Processing file /home/airflow/.local/lib/python3.7/site-packages/airflow/example_dags/example_datasets.py for tasks to queue
[2023-03-18T00:09:26.162+0000] {logging_mixin.py:137} INFO - [2023-03-18T00:09:26.161+0000] {dagbag.py:538} INFO - Filling up the DagBag from /home/airflow/.local/lib/python3.7/site-packages/airflow/example_dags/example_datasets.py
[2023-03-18T00:09:26.182+0000] {processor.py:753} INFO - DAG(s) dict_keys(['dataset_produces_1', 'dataset_consumes_1', 'dataset_consumes_1_never_scheduled', 'dataset_consumes_unknown_never_scheduled', 'dataset_consumes_1_and_2', 'dataset_produces_2']) retrieved from /home/airflow/.local/lib/python3.7/site-packages/airflow/example_dags/example_datasets.py
[2023-03-18T00:09:26.234+0000] {logging_mixin.py:137} INFO - [2023-03-18T00:09:26.234+0000] {dag.py:2690} INFO - Sync 6 DAGs
[2023-03-18T00:09:26.268+0000] {logging_mixin.py:137} INFO - [2023-03-18T00:09:26.268+0000] {dag.py:3441} INFO - Setting next_dagrun for dataset_consumes_1 to None, run_after=None
[2023-03-18T00:09:26.272+0000] {logging_mixin.py:137} INFO - [2023-03-18T00:09:26.272+0000] {dag.py:3441} INFO - Setting next_dagrun for dataset_consumes_1_and_2 to None, run_after=None
[2023-03-18T00:09:26.275+0000] {logging_mixin.py:137} INFO - [2023-03-18T00:09:26.274+0000] {dag.py:3441} INFO - Setting next_dagrun for dataset_consumes_1_never_scheduled to None, run_after=None
[2023-03-18T00:09:26.277+0000] {logging_mixin.py:137} INFO - [2023-03-18T00:09:26.276+0000] {dag.py:3441} INFO - Setting next_dagrun for dataset_consumes_unknown_never_scheduled to None, run_after=None
[2023-03-18T00:09:26.281+0000] {logging_mixin.py:137} INFO - [2023-03-18T00:09:26.281+0000] {dag.py:3441} INFO - Setting next_dagrun for dataset_produces_1 to 2023-03-17T00:00:00+00:00, run_after=2023-03-18T00:00:00+00:00
[2023-03-18T00:09:26.283+0000] {logging_mixin.py:137} INFO - [2023-03-18T00:09:26.283+0000] {dag.py:3441} INFO - Setting next_dagrun for dataset_produces_2 to None, run_after=None
[2023-03-18T00:09:26.330+0000] {processor.py:175} INFO - Processing /home/airflow/.local/lib/python3.7/site-packages/airflow/example_dags/example_datasets.py took 0.175 seconds
[2023-03-18T00:09:57.183+0000] {processor.py:153} INFO - Started process (PID=9708) to work on /home/airflow/.local/lib/python3.7/site-packages/airflow/example_dags/example_datasets.py
[2023-03-18T00:09:57.184+0000] {processor.py:743} INFO - Processing file /home/airflow/.local/lib/python3.7/site-packages/airflow/example_dags/example_datasets.py for tasks to queue
[2023-03-18T00:09:57.185+0000] {logging_mixin.py:137} INFO - [2023-03-18T00:09:57.185+0000] {dagbag.py:538} INFO - Filling up the DagBag from /home/airflow/.local/lib/python3.7/site-packages/airflow/example_dags/example_datasets.py
[2023-03-18T00:09:57.207+0000] {processor.py:753} INFO - DAG(s) dict_keys(['dataset_consumes_unknown_never_scheduled', 'dataset_produces_1', 'dataset_consumes_1', 'dataset_produces_2', 'dataset_consumes_1_and_2', 'dataset_consumes_1_never_scheduled']) retrieved from /home/airflow/.local/lib/python3.7/site-packages/airflow/example_dags/example_datasets.py
[2023-03-18T00:09:57.252+0000] {logging_mixin.py:137} INFO - [2023-03-18T00:09:57.251+0000] {dag.py:2690} INFO - Sync 6 DAGs
[2023-03-18T00:09:57.280+0000] {logging_mixin.py:137} INFO - [2023-03-18T00:09:57.280+0000] {dag.py:3441} INFO - Setting next_dagrun for dataset_consumes_1 to None, run_after=None
[2023-03-18T00:09:57.284+0000] {logging_mixin.py:137} INFO - [2023-03-18T00:09:57.284+0000] {dag.py:3441} INFO - Setting next_dagrun for dataset_consumes_1_and_2 to None, run_after=None
[2023-03-18T00:09:57.286+0000] {logging_mixin.py:137} INFO - [2023-03-18T00:09:57.286+0000] {dag.py:3441} INFO - Setting next_dagrun for dataset_consumes_1_never_scheduled to None, run_after=None
[2023-03-18T00:09:57.288+0000] {logging_mixin.py:137} INFO - [2023-03-18T00:09:57.288+0000] {dag.py:3441} INFO - Setting next_dagrun for dataset_consumes_unknown_never_scheduled to None, run_after=None
[2023-03-18T00:09:57.291+0000] {logging_mixin.py:137} INFO - [2023-03-18T00:09:57.291+0000] {dag.py:3441} INFO - Setting next_dagrun for dataset_produces_1 to 2023-03-17T00:00:00+00:00, run_after=2023-03-18T00:00:00+00:00
[2023-03-18T00:09:57.293+0000] {logging_mixin.py:137} INFO - [2023-03-18T00:09:57.293+0000] {dag.py:3441} INFO - Setting next_dagrun for dataset_produces_2 to None, run_after=None
[2023-03-18T00:09:57.330+0000] {processor.py:175} INFO - Processing /home/airflow/.local/lib/python3.7/site-packages/airflow/example_dags/example_datasets.py took 0.152 seconds
[2023-03-18T00:10:27.494+0000] {processor.py:153} INFO - Started process (PID=9790) to work on /home/airflow/.local/lib/python3.7/site-packages/airflow/example_dags/example_datasets.py
[2023-03-18T00:10:27.496+0000] {processor.py:743} INFO - Processing file /home/airflow/.local/lib/python3.7/site-packages/airflow/example_dags/example_datasets.py for tasks to queue
[2023-03-18T00:10:27.497+0000] {logging_mixin.py:137} INFO - [2023-03-18T00:10:27.497+0000] {dagbag.py:538} INFO - Filling up the DagBag from /home/airflow/.local/lib/python3.7/site-packages/airflow/example_dags/example_datasets.py
[2023-03-18T00:10:27.526+0000] {processor.py:753} INFO - DAG(s) dict_keys(['dataset_produces_2', 'dataset_produces_1', 'dataset_consumes_1', 'dataset_consumes_unknown_never_scheduled', 'dataset_consumes_1_never_scheduled', 'dataset_consumes_1_and_2']) retrieved from /home/airflow/.local/lib/python3.7/site-packages/airflow/example_dags/example_datasets.py
[2023-03-18T00:10:27.584+0000] {logging_mixin.py:137} INFO - [2023-03-18T00:10:27.584+0000] {dag.py:2690} INFO - Sync 6 DAGs
[2023-03-18T00:10:27.621+0000] {logging_mixin.py:137} INFO - [2023-03-18T00:10:27.621+0000] {dag.py:3441} INFO - Setting next_dagrun for dataset_consumes_1 to None, run_after=None
[2023-03-18T00:10:27.626+0000] {logging_mixin.py:137} INFO - [2023-03-18T00:10:27.626+0000] {dag.py:3441} INFO - Setting next_dagrun for dataset_consumes_1_and_2 to None, run_after=None
[2023-03-18T00:10:27.628+0000] {logging_mixin.py:137} INFO - [2023-03-18T00:10:27.628+0000] {dag.py:3441} INFO - Setting next_dagrun for dataset_consumes_1_never_scheduled to None, run_after=None
[2023-03-18T00:10:27.630+0000] {logging_mixin.py:137} INFO - [2023-03-18T00:10:27.630+0000] {dag.py:3441} INFO - Setting next_dagrun for dataset_consumes_unknown_never_scheduled to None, run_after=None
[2023-03-18T00:10:27.634+0000] {logging_mixin.py:137} INFO - [2023-03-18T00:10:27.634+0000] {dag.py:3441} INFO - Setting next_dagrun for dataset_produces_1 to 2023-03-17T00:00:00+00:00, run_after=2023-03-18T00:00:00+00:00
[2023-03-18T00:10:27.636+0000] {logging_mixin.py:137} INFO - [2023-03-18T00:10:27.636+0000] {dag.py:3441} INFO - Setting next_dagrun for dataset_produces_2 to None, run_after=None
[2023-03-18T00:10:27.686+0000] {processor.py:175} INFO - Processing /home/airflow/.local/lib/python3.7/site-packages/airflow/example_dags/example_datasets.py took 0.198 seconds
[2023-03-18T00:10:58.430+0000] {processor.py:153} INFO - Started process (PID=9878) to work on /home/airflow/.local/lib/python3.7/site-packages/airflow/example_dags/example_datasets.py
[2023-03-18T00:10:58.436+0000] {processor.py:743} INFO - Processing file /home/airflow/.local/lib/python3.7/site-packages/airflow/example_dags/example_datasets.py for tasks to queue
[2023-03-18T00:10:58.442+0000] {logging_mixin.py:137} INFO - [2023-03-18T00:10:58.441+0000] {dagbag.py:538} INFO - Filling up the DagBag from /home/airflow/.local/lib/python3.7/site-packages/airflow/example_dags/example_datasets.py
[2023-03-18T00:10:58.505+0000] {processor.py:753} INFO - DAG(s) dict_keys(['dataset_consumes_1_and_2', 'dataset_consumes_1_never_scheduled', 'dataset_consumes_1', 'dataset_produces_1', 'dataset_consumes_unknown_never_scheduled', 'dataset_produces_2']) retrieved from /home/airflow/.local/lib/python3.7/site-packages/airflow/example_dags/example_datasets.py
[2023-03-18T00:10:58.584+0000] {logging_mixin.py:137} INFO - [2023-03-18T00:10:58.583+0000] {dag.py:2690} INFO - Sync 6 DAGs
[2023-03-18T00:10:58.635+0000] {logging_mixin.py:137} INFO - [2023-03-18T00:10:58.635+0000] {dag.py:3441} INFO - Setting next_dagrun for dataset_consumes_1 to None, run_after=None
[2023-03-18T00:10:58.651+0000] {logging_mixin.py:137} INFO - [2023-03-18T00:10:58.650+0000] {dag.py:3441} INFO - Setting next_dagrun for dataset_consumes_1_and_2 to None, run_after=None
[2023-03-18T00:10:58.655+0000] {logging_mixin.py:137} INFO - [2023-03-18T00:10:58.655+0000] {dag.py:3441} INFO - Setting next_dagrun for dataset_consumes_1_never_scheduled to None, run_after=None
[2023-03-18T00:10:58.667+0000] {logging_mixin.py:137} INFO - [2023-03-18T00:10:58.666+0000] {dag.py:3441} INFO - Setting next_dagrun for dataset_consumes_unknown_never_scheduled to None, run_after=None
[2023-03-18T00:10:58.674+0000] {logging_mixin.py:137} INFO - [2023-03-18T00:10:58.673+0000] {dag.py:3441} INFO - Setting next_dagrun for dataset_produces_1 to 2023-03-17T00:00:00+00:00, run_after=2023-03-18T00:00:00+00:00
[2023-03-18T00:10:58.686+0000] {logging_mixin.py:137} INFO - [2023-03-18T00:10:58.686+0000] {dag.py:3441} INFO - Setting next_dagrun for dataset_produces_2 to None, run_after=None
[2023-03-18T00:10:58.762+0000] {processor.py:175} INFO - Processing /home/airflow/.local/lib/python3.7/site-packages/airflow/example_dags/example_datasets.py took 0.359 seconds
[2023-03-18T00:11:29.568+0000] {processor.py:153} INFO - Started process (PID=9974) to work on /home/airflow/.local/lib/python3.7/site-packages/airflow/example_dags/example_datasets.py
[2023-03-18T00:11:29.569+0000] {processor.py:743} INFO - Processing file /home/airflow/.local/lib/python3.7/site-packages/airflow/example_dags/example_datasets.py for tasks to queue
[2023-03-18T00:11:29.571+0000] {logging_mixin.py:137} INFO - [2023-03-18T00:11:29.570+0000] {dagbag.py:538} INFO - Filling up the DagBag from /home/airflow/.local/lib/python3.7/site-packages/airflow/example_dags/example_datasets.py
[2023-03-18T00:11:29.598+0000] {processor.py:753} INFO - DAG(s) dict_keys(['dataset_consumes_1_and_2', 'dataset_produces_1', 'dataset_consumes_unknown_never_scheduled', 'dataset_produces_2', 'dataset_consumes_1', 'dataset_consumes_1_never_scheduled']) retrieved from /home/airflow/.local/lib/python3.7/site-packages/airflow/example_dags/example_datasets.py
[2023-03-18T00:11:29.677+0000] {logging_mixin.py:137} INFO - [2023-03-18T00:11:29.677+0000] {dag.py:2690} INFO - Sync 6 DAGs
[2023-03-18T00:11:29.738+0000] {logging_mixin.py:137} INFO - [2023-03-18T00:11:29.737+0000] {dag.py:3441} INFO - Setting next_dagrun for dataset_consumes_1 to None, run_after=None
[2023-03-18T00:11:29.746+0000] {logging_mixin.py:137} INFO - [2023-03-18T00:11:29.745+0000] {dag.py:3441} INFO - Setting next_dagrun for dataset_consumes_1_and_2 to None, run_after=None
[2023-03-18T00:11:29.748+0000] {logging_mixin.py:137} INFO - [2023-03-18T00:11:29.748+0000] {dag.py:3441} INFO - Setting next_dagrun for dataset_consumes_1_never_scheduled to None, run_after=None
[2023-03-18T00:11:29.750+0000] {logging_mixin.py:137} INFO - [2023-03-18T00:11:29.750+0000] {dag.py:3441} INFO - Setting next_dagrun for dataset_consumes_unknown_never_scheduled to None, run_after=None
[2023-03-18T00:11:29.757+0000] {logging_mixin.py:137} INFO - [2023-03-18T00:11:29.756+0000] {dag.py:3441} INFO - Setting next_dagrun for dataset_produces_1 to 2023-03-17T00:00:00+00:00, run_after=2023-03-18T00:00:00+00:00
[2023-03-18T00:11:29.759+0000] {logging_mixin.py:137} INFO - [2023-03-18T00:11:29.759+0000] {dag.py:3441} INFO - Setting next_dagrun for dataset_produces_2 to None, run_after=None
[2023-03-18T00:11:29.857+0000] {processor.py:175} INFO - Processing /home/airflow/.local/lib/python3.7/site-packages/airflow/example_dags/example_datasets.py took 0.295 seconds
[2023-03-18T00:12:00.213+0000] {processor.py:153} INFO - Started process (PID=10056) to work on /home/airflow/.local/lib/python3.7/site-packages/airflow/example_dags/example_datasets.py
[2023-03-18T00:12:00.214+0000] {processor.py:743} INFO - Processing file /home/airflow/.local/lib/python3.7/site-packages/airflow/example_dags/example_datasets.py for tasks to queue
[2023-03-18T00:12:00.216+0000] {logging_mixin.py:137} INFO - [2023-03-18T00:12:00.216+0000] {dagbag.py:538} INFO - Filling up the DagBag from /home/airflow/.local/lib/python3.7/site-packages/airflow/example_dags/example_datasets.py
[2023-03-18T00:12:00.243+0000] {processor.py:753} INFO - DAG(s) dict_keys(['dataset_consumes_unknown_never_scheduled', 'dataset_consumes_1', 'dataset_produces_1', 'dataset_consumes_1_and_2', 'dataset_consumes_1_never_scheduled', 'dataset_produces_2']) retrieved from /home/airflow/.local/lib/python3.7/site-packages/airflow/example_dags/example_datasets.py
[2023-03-18T00:12:00.308+0000] {logging_mixin.py:137} INFO - [2023-03-18T00:12:00.308+0000] {dag.py:2690} INFO - Sync 6 DAGs
[2023-03-18T00:12:00.356+0000] {logging_mixin.py:137} INFO - [2023-03-18T00:12:00.356+0000] {dag.py:3441} INFO - Setting next_dagrun for dataset_consumes_1 to None, run_after=None
[2023-03-18T00:12:00.362+0000] {logging_mixin.py:137} INFO - [2023-03-18T00:12:00.362+0000] {dag.py:3441} INFO - Setting next_dagrun for dataset_consumes_1_and_2 to None, run_after=None
[2023-03-18T00:12:00.365+0000] {logging_mixin.py:137} INFO - [2023-03-18T00:12:00.365+0000] {dag.py:3441} INFO - Setting next_dagrun for dataset_consumes_1_never_scheduled to None, run_after=None
[2023-03-18T00:12:00.368+0000] {logging_mixin.py:137} INFO - [2023-03-18T00:12:00.367+0000] {dag.py:3441} INFO - Setting next_dagrun for dataset_consumes_unknown_never_scheduled to None, run_after=None
[2023-03-18T00:12:00.373+0000] {logging_mixin.py:137} INFO - [2023-03-18T00:12:00.373+0000] {dag.py:3441} INFO - Setting next_dagrun for dataset_produces_1 to 2023-03-17T00:00:00+00:00, run_after=2023-03-18T00:00:00+00:00
[2023-03-18T00:12:00.376+0000] {logging_mixin.py:137} INFO - [2023-03-18T00:12:00.375+0000] {dag.py:3441} INFO - Setting next_dagrun for dataset_produces_2 to None, run_after=None
[2023-03-18T00:12:00.434+0000] {processor.py:175} INFO - Processing /home/airflow/.local/lib/python3.7/site-packages/airflow/example_dags/example_datasets.py took 0.225 seconds
[2023-03-18T00:12:31.264+0000] {processor.py:153} INFO - Started process (PID=10139) to work on /home/airflow/.local/lib/python3.7/site-packages/airflow/example_dags/example_datasets.py
[2023-03-18T00:12:31.266+0000] {processor.py:743} INFO - Processing file /home/airflow/.local/lib/python3.7/site-packages/airflow/example_dags/example_datasets.py for tasks to queue
[2023-03-18T00:12:31.267+0000] {logging_mixin.py:137} INFO - [2023-03-18T00:12:31.267+0000] {dagbag.py:538} INFO - Filling up the DagBag from /home/airflow/.local/lib/python3.7/site-packages/airflow/example_dags/example_datasets.py
[2023-03-18T00:12:31.290+0000] {processor.py:753} INFO - DAG(s) dict_keys(['dataset_consumes_1', 'dataset_produces_2', 'dataset_consumes_1_and_2', 'dataset_consumes_1_never_scheduled', 'dataset_consumes_unknown_never_scheduled', 'dataset_produces_1']) retrieved from /home/airflow/.local/lib/python3.7/site-packages/airflow/example_dags/example_datasets.py
[2023-03-18T00:12:31.344+0000] {logging_mixin.py:137} INFO - [2023-03-18T00:12:31.343+0000] {dag.py:2690} INFO - Sync 6 DAGs
[2023-03-18T00:12:31.383+0000] {logging_mixin.py:137} INFO - [2023-03-18T00:12:31.382+0000] {dag.py:3441} INFO - Setting next_dagrun for dataset_consumes_1 to None, run_after=None
[2023-03-18T00:12:31.393+0000] {logging_mixin.py:137} INFO - [2023-03-18T00:12:31.393+0000] {dag.py:3441} INFO - Setting next_dagrun for dataset_consumes_1_and_2 to None, run_after=None
[2023-03-18T00:12:31.397+0000] {logging_mixin.py:137} INFO - [2023-03-18T00:12:31.396+0000] {dag.py:3441} INFO - Setting next_dagrun for dataset_consumes_1_never_scheduled to None, run_after=None
[2023-03-18T00:12:31.404+0000] {logging_mixin.py:137} INFO - [2023-03-18T00:12:31.404+0000] {dag.py:3441} INFO - Setting next_dagrun for dataset_consumes_unknown_never_scheduled to None, run_after=None
[2023-03-18T00:12:31.413+0000] {logging_mixin.py:137} INFO - [2023-03-18T00:12:31.412+0000] {dag.py:3441} INFO - Setting next_dagrun for dataset_produces_1 to 2023-03-17T00:00:00+00:00, run_after=2023-03-18T00:00:00+00:00
[2023-03-18T00:12:31.418+0000] {logging_mixin.py:137} INFO - [2023-03-18T00:12:31.418+0000] {dag.py:3441} INFO - Setting next_dagrun for dataset_produces_2 to None, run_after=None
[2023-03-18T00:12:31.508+0000] {processor.py:175} INFO - Processing /home/airflow/.local/lib/python3.7/site-packages/airflow/example_dags/example_datasets.py took 0.249 seconds
[2023-03-18T00:13:02.081+0000] {processor.py:153} INFO - Started process (PID=10222) to work on /home/airflow/.local/lib/python3.7/site-packages/airflow/example_dags/example_datasets.py
[2023-03-18T00:13:02.082+0000] {processor.py:743} INFO - Processing file /home/airflow/.local/lib/python3.7/site-packages/airflow/example_dags/example_datasets.py for tasks to queue
[2023-03-18T00:13:02.084+0000] {logging_mixin.py:137} INFO - [2023-03-18T00:13:02.083+0000] {dagbag.py:538} INFO - Filling up the DagBag from /home/airflow/.local/lib/python3.7/site-packages/airflow/example_dags/example_datasets.py
[2023-03-18T00:13:02.103+0000] {processor.py:753} INFO - DAG(s) dict_keys(['dataset_produces_2', 'dataset_consumes_1', 'dataset_consumes_unknown_never_scheduled', 'dataset_produces_1', 'dataset_consumes_1_and_2', 'dataset_consumes_1_never_scheduled']) retrieved from /home/airflow/.local/lib/python3.7/site-packages/airflow/example_dags/example_datasets.py
[2023-03-18T00:13:02.150+0000] {logging_mixin.py:137} INFO - [2023-03-18T00:13:02.150+0000] {dag.py:2690} INFO - Sync 6 DAGs
[2023-03-18T00:13:02.180+0000] {logging_mixin.py:137} INFO - [2023-03-18T00:13:02.180+0000] {dag.py:3441} INFO - Setting next_dagrun for dataset_consumes_1 to None, run_after=None
[2023-03-18T00:13:02.185+0000] {logging_mixin.py:137} INFO - [2023-03-18T00:13:02.185+0000] {dag.py:3441} INFO - Setting next_dagrun for dataset_consumes_1_and_2 to None, run_after=None
[2023-03-18T00:13:02.187+0000] {logging_mixin.py:137} INFO - [2023-03-18T00:13:02.186+0000] {dag.py:3441} INFO - Setting next_dagrun for dataset_consumes_1_never_scheduled to None, run_after=None
[2023-03-18T00:13:02.188+0000] {logging_mixin.py:137} INFO - [2023-03-18T00:13:02.188+0000] {dag.py:3441} INFO - Setting next_dagrun for dataset_consumes_unknown_never_scheduled to None, run_after=None
[2023-03-18T00:13:02.192+0000] {logging_mixin.py:137} INFO - [2023-03-18T00:13:02.192+0000] {dag.py:3441} INFO - Setting next_dagrun for dataset_produces_1 to 2023-03-17T00:00:00+00:00, run_after=2023-03-18T00:00:00+00:00
[2023-03-18T00:13:02.194+0000] {logging_mixin.py:137} INFO - [2023-03-18T00:13:02.194+0000] {dag.py:3441} INFO - Setting next_dagrun for dataset_produces_2 to None, run_after=None
[2023-03-18T00:13:02.240+0000] {processor.py:175} INFO - Processing /home/airflow/.local/lib/python3.7/site-packages/airflow/example_dags/example_datasets.py took 0.163 seconds
[2023-03-18T00:13:33.095+0000] {processor.py:153} INFO - Started process (PID=10324) to work on /home/airflow/.local/lib/python3.7/site-packages/airflow/example_dags/example_datasets.py
[2023-03-18T00:13:33.097+0000] {processor.py:743} INFO - Processing file /home/airflow/.local/lib/python3.7/site-packages/airflow/example_dags/example_datasets.py for tasks to queue
[2023-03-18T00:13:33.099+0000] {logging_mixin.py:137} INFO - [2023-03-18T00:13:33.098+0000] {dagbag.py:538} INFO - Filling up the DagBag from /home/airflow/.local/lib/python3.7/site-packages/airflow/example_dags/example_datasets.py
[2023-03-18T00:13:33.123+0000] {processor.py:753} INFO - DAG(s) dict_keys(['dataset_consumes_1', 'dataset_consumes_unknown_never_scheduled', 'dataset_consumes_1_and_2', 'dataset_produces_1', 'dataset_produces_2', 'dataset_consumes_1_never_scheduled']) retrieved from /home/airflow/.local/lib/python3.7/site-packages/airflow/example_dags/example_datasets.py
[2023-03-18T00:13:33.186+0000] {logging_mixin.py:137} INFO - [2023-03-18T00:13:33.185+0000] {dag.py:2690} INFO - Sync 6 DAGs
[2023-03-18T00:13:33.224+0000] {logging_mixin.py:137} INFO - [2023-03-18T00:13:33.224+0000] {dag.py:3441} INFO - Setting next_dagrun for dataset_consumes_1 to None, run_after=None
[2023-03-18T00:13:33.231+0000] {logging_mixin.py:137} INFO - [2023-03-18T00:13:33.231+0000] {dag.py:3441} INFO - Setting next_dagrun for dataset_consumes_1_and_2 to None, run_after=None
[2023-03-18T00:13:33.233+0000] {logging_mixin.py:137} INFO - [2023-03-18T00:13:33.233+0000] {dag.py:3441} INFO - Setting next_dagrun for dataset_consumes_1_never_scheduled to None, run_after=None
[2023-03-18T00:13:33.236+0000] {logging_mixin.py:137} INFO - [2023-03-18T00:13:33.236+0000] {dag.py:3441} INFO - Setting next_dagrun for dataset_consumes_unknown_never_scheduled to None, run_after=None
[2023-03-18T00:13:33.242+0000] {logging_mixin.py:137} INFO - [2023-03-18T00:13:33.242+0000] {dag.py:3441} INFO - Setting next_dagrun for dataset_produces_1 to 2023-03-17T00:00:00+00:00, run_after=2023-03-18T00:00:00+00:00
[2023-03-18T00:13:33.245+0000] {logging_mixin.py:137} INFO - [2023-03-18T00:13:33.245+0000] {dag.py:3441} INFO - Setting next_dagrun for dataset_produces_2 to None, run_after=None
[2023-03-18T00:13:33.323+0000] {processor.py:175} INFO - Processing /home/airflow/.local/lib/python3.7/site-packages/airflow/example_dags/example_datasets.py took 0.234 seconds
[2023-03-18T00:14:03.689+0000] {processor.py:153} INFO - Started process (PID=10406) to work on /home/airflow/.local/lib/python3.7/site-packages/airflow/example_dags/example_datasets.py
[2023-03-18T00:14:03.690+0000] {processor.py:743} INFO - Processing file /home/airflow/.local/lib/python3.7/site-packages/airflow/example_dags/example_datasets.py for tasks to queue
[2023-03-18T00:14:03.691+0000] {logging_mixin.py:137} INFO - [2023-03-18T00:14:03.691+0000] {dagbag.py:538} INFO - Filling up the DagBag from /home/airflow/.local/lib/python3.7/site-packages/airflow/example_dags/example_datasets.py
[2023-03-18T00:14:03.713+0000] {processor.py:753} INFO - DAG(s) dict_keys(['dataset_consumes_1', 'dataset_consumes_1_and_2', 'dataset_produces_1', 'dataset_produces_2', 'dataset_consumes_1_never_scheduled', 'dataset_consumes_unknown_never_scheduled']) retrieved from /home/airflow/.local/lib/python3.7/site-packages/airflow/example_dags/example_datasets.py
[2023-03-18T00:14:03.781+0000] {logging_mixin.py:137} INFO - [2023-03-18T00:14:03.781+0000] {dag.py:2690} INFO - Sync 6 DAGs
[2023-03-18T00:14:03.822+0000] {logging_mixin.py:137} INFO - [2023-03-18T00:14:03.822+0000] {dag.py:3441} INFO - Setting next_dagrun for dataset_consumes_1 to None, run_after=None
[2023-03-18T00:14:03.828+0000] {logging_mixin.py:137} INFO - [2023-03-18T00:14:03.828+0000] {dag.py:3441} INFO - Setting next_dagrun for dataset_consumes_1_and_2 to None, run_after=None
[2023-03-18T00:14:03.831+0000] {logging_mixin.py:137} INFO - [2023-03-18T00:14:03.831+0000] {dag.py:3441} INFO - Setting next_dagrun for dataset_consumes_1_never_scheduled to None, run_after=None
[2023-03-18T00:14:03.834+0000] {logging_mixin.py:137} INFO - [2023-03-18T00:14:03.834+0000] {dag.py:3441} INFO - Setting next_dagrun for dataset_consumes_unknown_never_scheduled to None, run_after=None
[2023-03-18T00:14:03.839+0000] {logging_mixin.py:137} INFO - [2023-03-18T00:14:03.838+0000] {dag.py:3441} INFO - Setting next_dagrun for dataset_produces_1 to 2023-03-17T00:00:00+00:00, run_after=2023-03-18T00:00:00+00:00
[2023-03-18T00:14:03.841+0000] {logging_mixin.py:137} INFO - [2023-03-18T00:14:03.841+0000] {dag.py:3441} INFO - Setting next_dagrun for dataset_produces_2 to None, run_after=None
[2023-03-18T00:14:03.912+0000] {processor.py:175} INFO - Processing /home/airflow/.local/lib/python3.7/site-packages/airflow/example_dags/example_datasets.py took 0.227 seconds
[2023-03-18T00:14:34.845+0000] {processor.py:153} INFO - Started process (PID=10488) to work on /home/airflow/.local/lib/python3.7/site-packages/airflow/example_dags/example_datasets.py
[2023-03-18T00:14:34.846+0000] {processor.py:743} INFO - Processing file /home/airflow/.local/lib/python3.7/site-packages/airflow/example_dags/example_datasets.py for tasks to queue
[2023-03-18T00:14:34.848+0000] {logging_mixin.py:137} INFO - [2023-03-18T00:14:34.847+0000] {dagbag.py:538} INFO - Filling up the DagBag from /home/airflow/.local/lib/python3.7/site-packages/airflow/example_dags/example_datasets.py
[2023-03-18T00:14:34.870+0000] {processor.py:753} INFO - DAG(s) dict_keys(['dataset_produces_2', 'dataset_consumes_1_never_scheduled', 'dataset_consumes_unknown_never_scheduled', 'dataset_consumes_1', 'dataset_consumes_1_and_2', 'dataset_produces_1']) retrieved from /home/airflow/.local/lib/python3.7/site-packages/airflow/example_dags/example_datasets.py
[2023-03-18T00:14:34.921+0000] {logging_mixin.py:137} INFO - [2023-03-18T00:14:34.920+0000] {dag.py:2690} INFO - Sync 6 DAGs
[2023-03-18T00:14:34.952+0000] {logging_mixin.py:137} INFO - [2023-03-18T00:14:34.952+0000] {dag.py:3441} INFO - Setting next_dagrun for dataset_consumes_1 to None, run_after=None
[2023-03-18T00:14:34.957+0000] {logging_mixin.py:137} INFO - [2023-03-18T00:14:34.957+0000] {dag.py:3441} INFO - Setting next_dagrun for dataset_consumes_1_and_2 to None, run_after=None
[2023-03-18T00:14:34.959+0000] {logging_mixin.py:137} INFO - [2023-03-18T00:14:34.959+0000] {dag.py:3441} INFO - Setting next_dagrun for dataset_consumes_1_never_scheduled to None, run_after=None
[2023-03-18T00:14:34.961+0000] {logging_mixin.py:137} INFO - [2023-03-18T00:14:34.961+0000] {dag.py:3441} INFO - Setting next_dagrun for dataset_consumes_unknown_never_scheduled to None, run_after=None
[2023-03-18T00:14:34.965+0000] {logging_mixin.py:137} INFO - [2023-03-18T00:14:34.965+0000] {dag.py:3441} INFO - Setting next_dagrun for dataset_produces_1 to 2023-03-17T00:00:00+00:00, run_after=2023-03-18T00:00:00+00:00
[2023-03-18T00:14:34.967+0000] {logging_mixin.py:137} INFO - [2023-03-18T00:14:34.967+0000] {dag.py:3441} INFO - Setting next_dagrun for dataset_produces_2 to None, run_after=None
[2023-03-18T00:14:35.018+0000] {processor.py:175} INFO - Processing /home/airflow/.local/lib/python3.7/site-packages/airflow/example_dags/example_datasets.py took 0.177 seconds
