[2023-03-18T00:00:18.212+0000] {processor.py:153} INFO - Started process (PID=8101) to work on /home/airflow/.local/lib/python3.7/site-packages/airflow/example_dags/example_branch_operator.py
[2023-03-18T00:00:18.214+0000] {processor.py:743} INFO - Processing file /home/airflow/.local/lib/python3.7/site-packages/airflow/example_dags/example_branch_operator.py for tasks to queue
[2023-03-18T00:00:18.215+0000] {logging_mixin.py:137} INFO - [2023-03-18T00:00:18.215+0000] {dagbag.py:538} INFO - Filling up the DagBag from /home/airflow/.local/lib/python3.7/site-packages/airflow/example_dags/example_branch_operator.py
[2023-03-18T00:00:18.241+0000] {processor.py:753} INFO - DAG(s) dict_keys(['example_branch_operator']) retrieved from /home/airflow/.local/lib/python3.7/site-packages/airflow/example_dags/example_branch_operator.py
[2023-03-18T00:00:18.282+0000] {logging_mixin.py:137} INFO - [2023-03-18T00:00:18.282+0000] {dag.py:2690} INFO - Sync 1 DAGs
[2023-03-18T00:00:18.322+0000] {logging_mixin.py:137} INFO - [2023-03-18T00:00:18.322+0000] {dag.py:3441} INFO - Setting next_dagrun for example_branch_operator to 2023-03-17T00:00:00+00:00, run_after=2023-03-18T00:00:00+00:00
[2023-03-18T00:00:18.354+0000] {processor.py:175} INFO - Processing /home/airflow/.local/lib/python3.7/site-packages/airflow/example_dags/example_branch_operator.py took 0.148 seconds
[2023-03-18T00:00:49.205+0000] {processor.py:153} INFO - Started process (PID=8190) to work on /home/airflow/.local/lib/python3.7/site-packages/airflow/example_dags/example_branch_operator.py
[2023-03-18T00:00:49.207+0000] {processor.py:743} INFO - Processing file /home/airflow/.local/lib/python3.7/site-packages/airflow/example_dags/example_branch_operator.py for tasks to queue
[2023-03-18T00:00:49.208+0000] {logging_mixin.py:137} INFO - [2023-03-18T00:00:49.208+0000] {dagbag.py:538} INFO - Filling up the DagBag from /home/airflow/.local/lib/python3.7/site-packages/airflow/example_dags/example_branch_operator.py
[2023-03-18T00:00:49.237+0000] {processor.py:753} INFO - DAG(s) dict_keys(['example_branch_operator']) retrieved from /home/airflow/.local/lib/python3.7/site-packages/airflow/example_dags/example_branch_operator.py
[2023-03-18T00:00:49.273+0000] {logging_mixin.py:137} INFO - [2023-03-18T00:00:49.272+0000] {dag.py:2690} INFO - Sync 1 DAGs
[2023-03-18T00:00:49.325+0000] {logging_mixin.py:137} INFO - [2023-03-18T00:00:49.324+0000] {dag.py:3441} INFO - Setting next_dagrun for example_branch_operator to 2023-03-17T00:00:00+00:00, run_after=2023-03-18T00:00:00+00:00
[2023-03-18T00:00:49.353+0000] {processor.py:175} INFO - Processing /home/airflow/.local/lib/python3.7/site-packages/airflow/example_dags/example_branch_operator.py took 0.152 seconds
[2023-03-18T00:01:20.837+0000] {processor.py:153} INFO - Started process (PID=8272) to work on /home/airflow/.local/lib/python3.7/site-packages/airflow/example_dags/example_branch_operator.py
[2023-03-18T00:01:20.839+0000] {processor.py:743} INFO - Processing file /home/airflow/.local/lib/python3.7/site-packages/airflow/example_dags/example_branch_operator.py for tasks to queue
[2023-03-18T00:01:20.841+0000] {logging_mixin.py:137} INFO - [2023-03-18T00:01:20.841+0000] {dagbag.py:538} INFO - Filling up the DagBag from /home/airflow/.local/lib/python3.7/site-packages/airflow/example_dags/example_branch_operator.py
[2023-03-18T00:01:20.880+0000] {processor.py:753} INFO - DAG(s) dict_keys(['example_branch_operator']) retrieved from /home/airflow/.local/lib/python3.7/site-packages/airflow/example_dags/example_branch_operator.py
[2023-03-18T00:01:20.931+0000] {logging_mixin.py:137} INFO - [2023-03-18T00:01:20.930+0000] {dag.py:2690} INFO - Sync 1 DAGs
[2023-03-18T00:01:20.992+0000] {logging_mixin.py:137} INFO - [2023-03-18T00:01:20.992+0000] {dag.py:3441} INFO - Setting next_dagrun for example_branch_operator to 2023-03-17T00:00:00+00:00, run_after=2023-03-18T00:00:00+00:00
[2023-03-18T00:01:21.029+0000] {processor.py:175} INFO - Processing /home/airflow/.local/lib/python3.7/site-packages/airflow/example_dags/example_branch_operator.py took 0.199 seconds
[2023-03-18T00:01:51.279+0000] {processor.py:153} INFO - Started process (PID=8348) to work on /home/airflow/.local/lib/python3.7/site-packages/airflow/example_dags/example_branch_operator.py
[2023-03-18T00:01:51.280+0000] {processor.py:743} INFO - Processing file /home/airflow/.local/lib/python3.7/site-packages/airflow/example_dags/example_branch_operator.py for tasks to queue
[2023-03-18T00:01:51.282+0000] {logging_mixin.py:137} INFO - [2023-03-18T00:01:51.282+0000] {dagbag.py:538} INFO - Filling up the DagBag from /home/airflow/.local/lib/python3.7/site-packages/airflow/example_dags/example_branch_operator.py
[2023-03-18T00:01:51.320+0000] {processor.py:753} INFO - DAG(s) dict_keys(['example_branch_operator']) retrieved from /home/airflow/.local/lib/python3.7/site-packages/airflow/example_dags/example_branch_operator.py
[2023-03-18T00:01:51.379+0000] {logging_mixin.py:137} INFO - [2023-03-18T00:01:51.379+0000] {dag.py:2690} INFO - Sync 1 DAGs
[2023-03-18T00:01:51.444+0000] {logging_mixin.py:137} INFO - [2023-03-18T00:01:51.444+0000] {dag.py:3441} INFO - Setting next_dagrun for example_branch_operator to 2023-03-17T00:00:00+00:00, run_after=2023-03-18T00:00:00+00:00
[2023-03-18T00:01:51.487+0000] {processor.py:175} INFO - Processing /home/airflow/.local/lib/python3.7/site-packages/airflow/example_dags/example_branch_operator.py took 0.214 seconds
[2023-03-18T00:02:22.125+0000] {processor.py:153} INFO - Started process (PID=8430) to work on /home/airflow/.local/lib/python3.7/site-packages/airflow/example_dags/example_branch_operator.py
[2023-03-18T00:02:22.129+0000] {processor.py:743} INFO - Processing file /home/airflow/.local/lib/python3.7/site-packages/airflow/example_dags/example_branch_operator.py for tasks to queue
[2023-03-18T00:02:22.132+0000] {logging_mixin.py:137} INFO - [2023-03-18T00:02:22.131+0000] {dagbag.py:538} INFO - Filling up the DagBag from /home/airflow/.local/lib/python3.7/site-packages/airflow/example_dags/example_branch_operator.py
[2023-03-18T00:02:22.166+0000] {processor.py:753} INFO - DAG(s) dict_keys(['example_branch_operator']) retrieved from /home/airflow/.local/lib/python3.7/site-packages/airflow/example_dags/example_branch_operator.py
[2023-03-18T00:02:22.225+0000] {logging_mixin.py:137} INFO - [2023-03-18T00:02:22.225+0000] {dag.py:2690} INFO - Sync 1 DAGs
[2023-03-18T00:02:22.278+0000] {logging_mixin.py:137} INFO - [2023-03-18T00:02:22.278+0000] {dag.py:3441} INFO - Setting next_dagrun for example_branch_operator to 2023-03-17T00:00:00+00:00, run_after=2023-03-18T00:00:00+00:00
[2023-03-18T00:02:22.327+0000] {processor.py:175} INFO - Processing /home/airflow/.local/lib/python3.7/site-packages/airflow/example_dags/example_branch_operator.py took 0.210 seconds
[2023-03-18T00:02:52.420+0000] {processor.py:153} INFO - Started process (PID=8512) to work on /home/airflow/.local/lib/python3.7/site-packages/airflow/example_dags/example_branch_operator.py
[2023-03-18T00:02:52.423+0000] {processor.py:743} INFO - Processing file /home/airflow/.local/lib/python3.7/site-packages/airflow/example_dags/example_branch_operator.py for tasks to queue
[2023-03-18T00:02:52.424+0000] {logging_mixin.py:137} INFO - [2023-03-18T00:02:52.424+0000] {dagbag.py:538} INFO - Filling up the DagBag from /home/airflow/.local/lib/python3.7/site-packages/airflow/example_dags/example_branch_operator.py
[2023-03-18T00:02:52.466+0000] {processor.py:753} INFO - DAG(s) dict_keys(['example_branch_operator']) retrieved from /home/airflow/.local/lib/python3.7/site-packages/airflow/example_dags/example_branch_operator.py
[2023-03-18T00:02:52.506+0000] {logging_mixin.py:137} INFO - [2023-03-18T00:02:52.505+0000] {dag.py:2690} INFO - Sync 1 DAGs
[2023-03-18T00:02:52.543+0000] {logging_mixin.py:137} INFO - [2023-03-18T00:02:52.542+0000] {dag.py:3441} INFO - Setting next_dagrun for example_branch_operator to 2023-03-17T00:00:00+00:00, run_after=2023-03-18T00:00:00+00:00
[2023-03-18T00:02:52.581+0000] {processor.py:175} INFO - Processing /home/airflow/.local/lib/python3.7/site-packages/airflow/example_dags/example_branch_operator.py took 0.170 seconds
[2023-03-18T00:03:23.236+0000] {processor.py:153} INFO - Started process (PID=8594) to work on /home/airflow/.local/lib/python3.7/site-packages/airflow/example_dags/example_branch_operator.py
[2023-03-18T00:03:23.238+0000] {processor.py:743} INFO - Processing file /home/airflow/.local/lib/python3.7/site-packages/airflow/example_dags/example_branch_operator.py for tasks to queue
[2023-03-18T00:03:23.239+0000] {logging_mixin.py:137} INFO - [2023-03-18T00:03:23.239+0000] {dagbag.py:538} INFO - Filling up the DagBag from /home/airflow/.local/lib/python3.7/site-packages/airflow/example_dags/example_branch_operator.py
[2023-03-18T00:03:23.260+0000] {processor.py:753} INFO - DAG(s) dict_keys(['example_branch_operator']) retrieved from /home/airflow/.local/lib/python3.7/site-packages/airflow/example_dags/example_branch_operator.py
[2023-03-18T00:03:23.289+0000] {logging_mixin.py:137} INFO - [2023-03-18T00:03:23.289+0000] {dag.py:2690} INFO - Sync 1 DAGs
[2023-03-18T00:03:23.325+0000] {logging_mixin.py:137} INFO - [2023-03-18T00:03:23.325+0000] {dag.py:3441} INFO - Setting next_dagrun for example_branch_operator to 2023-03-17T00:00:00+00:00, run_after=2023-03-18T00:00:00+00:00
[2023-03-18T00:03:23.358+0000] {processor.py:175} INFO - Processing /home/airflow/.local/lib/python3.7/site-packages/airflow/example_dags/example_branch_operator.py took 0.126 seconds
[2023-03-18T00:03:53.957+0000] {processor.py:153} INFO - Started process (PID=8685) to work on /home/airflow/.local/lib/python3.7/site-packages/airflow/example_dags/example_branch_operator.py
[2023-03-18T00:03:53.959+0000] {processor.py:743} INFO - Processing file /home/airflow/.local/lib/python3.7/site-packages/airflow/example_dags/example_branch_operator.py for tasks to queue
[2023-03-18T00:03:53.960+0000] {logging_mixin.py:137} INFO - [2023-03-18T00:03:53.960+0000] {dagbag.py:538} INFO - Filling up the DagBag from /home/airflow/.local/lib/python3.7/site-packages/airflow/example_dags/example_branch_operator.py
[2023-03-18T00:03:53.980+0000] {processor.py:753} INFO - DAG(s) dict_keys(['example_branch_operator']) retrieved from /home/airflow/.local/lib/python3.7/site-packages/airflow/example_dags/example_branch_operator.py
[2023-03-18T00:03:54.017+0000] {logging_mixin.py:137} INFO - [2023-03-18T00:03:54.017+0000] {dag.py:2690} INFO - Sync 1 DAGs
[2023-03-18T00:03:54.058+0000] {logging_mixin.py:137} INFO - [2023-03-18T00:03:54.058+0000] {dag.py:3441} INFO - Setting next_dagrun for example_branch_operator to 2023-03-17T00:00:00+00:00, run_after=2023-03-18T00:00:00+00:00
[2023-03-18T00:03:54.088+0000] {processor.py:175} INFO - Processing /home/airflow/.local/lib/python3.7/site-packages/airflow/example_dags/example_branch_operator.py took 0.136 seconds
[2023-03-18T00:04:24.564+0000] {processor.py:153} INFO - Started process (PID=8778) to work on /home/airflow/.local/lib/python3.7/site-packages/airflow/example_dags/example_branch_operator.py
[2023-03-18T00:04:24.566+0000] {processor.py:743} INFO - Processing file /home/airflow/.local/lib/python3.7/site-packages/airflow/example_dags/example_branch_operator.py for tasks to queue
[2023-03-18T00:04:24.567+0000] {logging_mixin.py:137} INFO - [2023-03-18T00:04:24.567+0000] {dagbag.py:538} INFO - Filling up the DagBag from /home/airflow/.local/lib/python3.7/site-packages/airflow/example_dags/example_branch_operator.py
[2023-03-18T00:04:24.589+0000] {processor.py:753} INFO - DAG(s) dict_keys(['example_branch_operator']) retrieved from /home/airflow/.local/lib/python3.7/site-packages/airflow/example_dags/example_branch_operator.py
[2023-03-18T00:04:24.623+0000] {logging_mixin.py:137} INFO - [2023-03-18T00:04:24.623+0000] {dag.py:2690} INFO - Sync 1 DAGs
[2023-03-18T00:04:24.653+0000] {logging_mixin.py:137} INFO - [2023-03-18T00:04:24.653+0000] {dag.py:3441} INFO - Setting next_dagrun for example_branch_operator to 2023-03-17T00:00:00+00:00, run_after=2023-03-18T00:00:00+00:00
[2023-03-18T00:04:24.677+0000] {processor.py:175} INFO - Processing /home/airflow/.local/lib/python3.7/site-packages/airflow/example_dags/example_branch_operator.py took 0.117 seconds
[2023-03-18T00:04:55.192+0000] {processor.py:153} INFO - Started process (PID=8861) to work on /home/airflow/.local/lib/python3.7/site-packages/airflow/example_dags/example_branch_operator.py
[2023-03-18T00:04:55.194+0000] {processor.py:743} INFO - Processing file /home/airflow/.local/lib/python3.7/site-packages/airflow/example_dags/example_branch_operator.py for tasks to queue
[2023-03-18T00:04:55.196+0000] {logging_mixin.py:137} INFO - [2023-03-18T00:04:55.195+0000] {dagbag.py:538} INFO - Filling up the DagBag from /home/airflow/.local/lib/python3.7/site-packages/airflow/example_dags/example_branch_operator.py
[2023-03-18T00:04:55.221+0000] {processor.py:753} INFO - DAG(s) dict_keys(['example_branch_operator']) retrieved from /home/airflow/.local/lib/python3.7/site-packages/airflow/example_dags/example_branch_operator.py
[2023-03-18T00:04:55.267+0000] {logging_mixin.py:137} INFO - [2023-03-18T00:04:55.266+0000] {dag.py:2690} INFO - Sync 1 DAGs
[2023-03-18T00:04:55.305+0000] {logging_mixin.py:137} INFO - [2023-03-18T00:04:55.305+0000] {dag.py:3441} INFO - Setting next_dagrun for example_branch_operator to 2023-03-17T00:00:00+00:00, run_after=2023-03-18T00:00:00+00:00
[2023-03-18T00:04:55.340+0000] {processor.py:175} INFO - Processing /home/airflow/.local/lib/python3.7/site-packages/airflow/example_dags/example_branch_operator.py took 0.151 seconds
[2023-03-18T00:05:25.466+0000] {processor.py:153} INFO - Started process (PID=8943) to work on /home/airflow/.local/lib/python3.7/site-packages/airflow/example_dags/example_branch_operator.py
[2023-03-18T00:05:25.467+0000] {processor.py:743} INFO - Processing file /home/airflow/.local/lib/python3.7/site-packages/airflow/example_dags/example_branch_operator.py for tasks to queue
[2023-03-18T00:05:25.468+0000] {logging_mixin.py:137} INFO - [2023-03-18T00:05:25.468+0000] {dagbag.py:538} INFO - Filling up the DagBag from /home/airflow/.local/lib/python3.7/site-packages/airflow/example_dags/example_branch_operator.py
[2023-03-18T00:05:25.491+0000] {processor.py:753} INFO - DAG(s) dict_keys(['example_branch_operator']) retrieved from /home/airflow/.local/lib/python3.7/site-packages/airflow/example_dags/example_branch_operator.py
[2023-03-18T00:05:25.526+0000] {logging_mixin.py:137} INFO - [2023-03-18T00:05:25.526+0000] {dag.py:2690} INFO - Sync 1 DAGs
[2023-03-18T00:05:25.567+0000] {logging_mixin.py:137} INFO - [2023-03-18T00:05:25.566+0000] {dag.py:3441} INFO - Setting next_dagrun for example_branch_operator to 2023-03-17T00:00:00+00:00, run_after=2023-03-18T00:00:00+00:00
[2023-03-18T00:05:25.613+0000] {processor.py:175} INFO - Processing /home/airflow/.local/lib/python3.7/site-packages/airflow/example_dags/example_branch_operator.py took 0.151 seconds
[2023-03-18T00:05:56.203+0000] {processor.py:153} INFO - Started process (PID=9045) to work on /home/airflow/.local/lib/python3.7/site-packages/airflow/example_dags/example_branch_operator.py
[2023-03-18T00:05:56.204+0000] {processor.py:743} INFO - Processing file /home/airflow/.local/lib/python3.7/site-packages/airflow/example_dags/example_branch_operator.py for tasks to queue
[2023-03-18T00:05:56.206+0000] {logging_mixin.py:137} INFO - [2023-03-18T00:05:56.206+0000] {dagbag.py:538} INFO - Filling up the DagBag from /home/airflow/.local/lib/python3.7/site-packages/airflow/example_dags/example_branch_operator.py
[2023-03-18T00:05:56.231+0000] {processor.py:753} INFO - DAG(s) dict_keys(['example_branch_operator']) retrieved from /home/airflow/.local/lib/python3.7/site-packages/airflow/example_dags/example_branch_operator.py
[2023-03-18T00:05:56.277+0000] {logging_mixin.py:137} INFO - [2023-03-18T00:05:56.276+0000] {dag.py:2690} INFO - Sync 1 DAGs
[2023-03-18T00:05:56.349+0000] {logging_mixin.py:137} INFO - [2023-03-18T00:05:56.349+0000] {dag.py:3441} INFO - Setting next_dagrun for example_branch_operator to 2023-03-17T00:00:00+00:00, run_after=2023-03-18T00:00:00+00:00
[2023-03-18T00:05:56.387+0000] {processor.py:175} INFO - Processing /home/airflow/.local/lib/python3.7/site-packages/airflow/example_dags/example_branch_operator.py took 0.188 seconds
[2023-03-18T00:06:26.859+0000] {processor.py:153} INFO - Started process (PID=9127) to work on /home/airflow/.local/lib/python3.7/site-packages/airflow/example_dags/example_branch_operator.py
[2023-03-18T00:06:26.862+0000] {processor.py:743} INFO - Processing file /home/airflow/.local/lib/python3.7/site-packages/airflow/example_dags/example_branch_operator.py for tasks to queue
[2023-03-18T00:06:26.864+0000] {logging_mixin.py:137} INFO - [2023-03-18T00:06:26.864+0000] {dagbag.py:538} INFO - Filling up the DagBag from /home/airflow/.local/lib/python3.7/site-packages/airflow/example_dags/example_branch_operator.py
[2023-03-18T00:06:26.900+0000] {processor.py:753} INFO - DAG(s) dict_keys(['example_branch_operator']) retrieved from /home/airflow/.local/lib/python3.7/site-packages/airflow/example_dags/example_branch_operator.py
[2023-03-18T00:06:26.943+0000] {logging_mixin.py:137} INFO - [2023-03-18T00:06:26.943+0000] {dag.py:2690} INFO - Sync 1 DAGs
[2023-03-18T00:06:26.991+0000] {logging_mixin.py:137} INFO - [2023-03-18T00:06:26.991+0000] {dag.py:3441} INFO - Setting next_dagrun for example_branch_operator to 2023-03-17T00:00:00+00:00, run_after=2023-03-18T00:00:00+00:00
[2023-03-18T00:06:27.026+0000] {processor.py:175} INFO - Processing /home/airflow/.local/lib/python3.7/site-packages/airflow/example_dags/example_branch_operator.py took 0.175 seconds
[2023-03-18T00:06:58.249+0000] {processor.py:153} INFO - Started process (PID=9209) to work on /home/airflow/.local/lib/python3.7/site-packages/airflow/example_dags/example_branch_operator.py
[2023-03-18T00:06:58.250+0000] {processor.py:743} INFO - Processing file /home/airflow/.local/lib/python3.7/site-packages/airflow/example_dags/example_branch_operator.py for tasks to queue
[2023-03-18T00:06:58.251+0000] {logging_mixin.py:137} INFO - [2023-03-18T00:06:58.251+0000] {dagbag.py:538} INFO - Filling up the DagBag from /home/airflow/.local/lib/python3.7/site-packages/airflow/example_dags/example_branch_operator.py
[2023-03-18T00:06:58.271+0000] {processor.py:753} INFO - DAG(s) dict_keys(['example_branch_operator']) retrieved from /home/airflow/.local/lib/python3.7/site-packages/airflow/example_dags/example_branch_operator.py
[2023-03-18T00:06:58.300+0000] {logging_mixin.py:137} INFO - [2023-03-18T00:06:58.300+0000] {dag.py:2690} INFO - Sync 1 DAGs
[2023-03-18T00:06:58.327+0000] {logging_mixin.py:137} INFO - [2023-03-18T00:06:58.327+0000] {dag.py:3441} INFO - Setting next_dagrun for example_branch_operator to 2023-03-17T00:00:00+00:00, run_after=2023-03-18T00:00:00+00:00
[2023-03-18T00:06:58.346+0000] {processor.py:175} INFO - Processing /home/airflow/.local/lib/python3.7/site-packages/airflow/example_dags/example_branch_operator.py took 0.101 seconds
[2023-03-18T00:07:28.900+0000] {processor.py:153} INFO - Started process (PID=9292) to work on /home/airflow/.local/lib/python3.7/site-packages/airflow/example_dags/example_branch_operator.py
[2023-03-18T00:07:28.902+0000] {processor.py:743} INFO - Processing file /home/airflow/.local/lib/python3.7/site-packages/airflow/example_dags/example_branch_operator.py for tasks to queue
[2023-03-18T00:07:28.906+0000] {logging_mixin.py:137} INFO - [2023-03-18T00:07:28.905+0000] {dagbag.py:538} INFO - Filling up the DagBag from /home/airflow/.local/lib/python3.7/site-packages/airflow/example_dags/example_branch_operator.py
[2023-03-18T00:07:28.938+0000] {processor.py:753} INFO - DAG(s) dict_keys(['example_branch_operator']) retrieved from /home/airflow/.local/lib/python3.7/site-packages/airflow/example_dags/example_branch_operator.py
[2023-03-18T00:07:28.978+0000] {logging_mixin.py:137} INFO - [2023-03-18T00:07:28.978+0000] {dag.py:2690} INFO - Sync 1 DAGs
[2023-03-18T00:07:29.025+0000] {logging_mixin.py:137} INFO - [2023-03-18T00:07:29.024+0000] {dag.py:3441} INFO - Setting next_dagrun for example_branch_operator to 2023-03-17T00:00:00+00:00, run_after=2023-03-18T00:00:00+00:00
[2023-03-18T00:07:29.066+0000] {processor.py:175} INFO - Processing /home/airflow/.local/lib/python3.7/site-packages/airflow/example_dags/example_branch_operator.py took 0.173 seconds
[2023-03-18T00:07:59.131+0000] {processor.py:153} INFO - Started process (PID=9375) to work on /home/airflow/.local/lib/python3.7/site-packages/airflow/example_dags/example_branch_operator.py
[2023-03-18T00:07:59.133+0000] {processor.py:743} INFO - Processing file /home/airflow/.local/lib/python3.7/site-packages/airflow/example_dags/example_branch_operator.py for tasks to queue
[2023-03-18T00:07:59.135+0000] {logging_mixin.py:137} INFO - [2023-03-18T00:07:59.135+0000] {dagbag.py:538} INFO - Filling up the DagBag from /home/airflow/.local/lib/python3.7/site-packages/airflow/example_dags/example_branch_operator.py
[2023-03-18T00:07:59.160+0000] {processor.py:753} INFO - DAG(s) dict_keys(['example_branch_operator']) retrieved from /home/airflow/.local/lib/python3.7/site-packages/airflow/example_dags/example_branch_operator.py
[2023-03-18T00:07:59.206+0000] {logging_mixin.py:137} INFO - [2023-03-18T00:07:59.205+0000] {dag.py:2690} INFO - Sync 1 DAGs
[2023-03-18T00:07:59.267+0000] {logging_mixin.py:137} INFO - [2023-03-18T00:07:59.266+0000] {dag.py:3441} INFO - Setting next_dagrun for example_branch_operator to 2023-03-17T00:00:00+00:00, run_after=2023-03-18T00:00:00+00:00
[2023-03-18T00:07:59.309+0000] {processor.py:175} INFO - Processing /home/airflow/.local/lib/python3.7/site-packages/airflow/example_dags/example_branch_operator.py took 0.182 seconds
[2023-03-18T00:08:30.251+0000] {processor.py:153} INFO - Started process (PID=9477) to work on /home/airflow/.local/lib/python3.7/site-packages/airflow/example_dags/example_branch_operator.py
[2023-03-18T00:08:30.253+0000] {processor.py:743} INFO - Processing file /home/airflow/.local/lib/python3.7/site-packages/airflow/example_dags/example_branch_operator.py for tasks to queue
[2023-03-18T00:08:30.254+0000] {logging_mixin.py:137} INFO - [2023-03-18T00:08:30.254+0000] {dagbag.py:538} INFO - Filling up the DagBag from /home/airflow/.local/lib/python3.7/site-packages/airflow/example_dags/example_branch_operator.py
[2023-03-18T00:08:30.280+0000] {processor.py:753} INFO - DAG(s) dict_keys(['example_branch_operator']) retrieved from /home/airflow/.local/lib/python3.7/site-packages/airflow/example_dags/example_branch_operator.py
[2023-03-18T00:08:30.319+0000] {logging_mixin.py:137} INFO - [2023-03-18T00:08:30.319+0000] {dag.py:2690} INFO - Sync 1 DAGs
[2023-03-18T00:08:30.363+0000] {logging_mixin.py:137} INFO - [2023-03-18T00:08:30.363+0000] {dag.py:3441} INFO - Setting next_dagrun for example_branch_operator to 2023-03-17T00:00:00+00:00, run_after=2023-03-18T00:00:00+00:00
[2023-03-18T00:08:30.394+0000] {processor.py:175} INFO - Processing /home/airflow/.local/lib/python3.7/site-packages/airflow/example_dags/example_branch_operator.py took 0.147 seconds
[2023-03-18T00:09:01.017+0000] {processor.py:153} INFO - Started process (PID=9559) to work on /home/airflow/.local/lib/python3.7/site-packages/airflow/example_dags/example_branch_operator.py
[2023-03-18T00:09:01.019+0000] {processor.py:743} INFO - Processing file /home/airflow/.local/lib/python3.7/site-packages/airflow/example_dags/example_branch_operator.py for tasks to queue
[2023-03-18T00:09:01.021+0000] {logging_mixin.py:137} INFO - [2023-03-18T00:09:01.021+0000] {dagbag.py:538} INFO - Filling up the DagBag from /home/airflow/.local/lib/python3.7/site-packages/airflow/example_dags/example_branch_operator.py
[2023-03-18T00:09:01.051+0000] {processor.py:753} INFO - DAG(s) dict_keys(['example_branch_operator']) retrieved from /home/airflow/.local/lib/python3.7/site-packages/airflow/example_dags/example_branch_operator.py
[2023-03-18T00:09:01.095+0000] {logging_mixin.py:137} INFO - [2023-03-18T00:09:01.095+0000] {dag.py:2690} INFO - Sync 1 DAGs
[2023-03-18T00:09:01.151+0000] {logging_mixin.py:137} INFO - [2023-03-18T00:09:01.151+0000] {dag.py:3441} INFO - Setting next_dagrun for example_branch_operator to 2023-03-17T00:00:00+00:00, run_after=2023-03-18T00:00:00+00:00
[2023-03-18T00:09:01.193+0000] {processor.py:175} INFO - Processing /home/airflow/.local/lib/python3.7/site-packages/airflow/example_dags/example_branch_operator.py took 0.184 seconds
[2023-03-18T00:09:31.481+0000] {processor.py:153} INFO - Started process (PID=9641) to work on /home/airflow/.local/lib/python3.7/site-packages/airflow/example_dags/example_branch_operator.py
[2023-03-18T00:09:31.482+0000] {processor.py:743} INFO - Processing file /home/airflow/.local/lib/python3.7/site-packages/airflow/example_dags/example_branch_operator.py for tasks to queue
[2023-03-18T00:09:31.484+0000] {logging_mixin.py:137} INFO - [2023-03-18T00:09:31.484+0000] {dagbag.py:538} INFO - Filling up the DagBag from /home/airflow/.local/lib/python3.7/site-packages/airflow/example_dags/example_branch_operator.py
[2023-03-18T00:09:31.516+0000] {processor.py:753} INFO - DAG(s) dict_keys(['example_branch_operator']) retrieved from /home/airflow/.local/lib/python3.7/site-packages/airflow/example_dags/example_branch_operator.py
[2023-03-18T00:09:31.556+0000] {logging_mixin.py:137} INFO - [2023-03-18T00:09:31.556+0000] {dag.py:2690} INFO - Sync 1 DAGs
[2023-03-18T00:09:31.592+0000] {logging_mixin.py:137} INFO - [2023-03-18T00:09:31.592+0000] {dag.py:3441} INFO - Setting next_dagrun for example_branch_operator to 2023-03-17T00:00:00+00:00, run_after=2023-03-18T00:00:00+00:00
[2023-03-18T00:09:31.626+0000] {processor.py:175} INFO - Processing /home/airflow/.local/lib/python3.7/site-packages/airflow/example_dags/example_branch_operator.py took 0.149 seconds
[2023-03-18T00:10:01.694+0000] {processor.py:153} INFO - Started process (PID=9723) to work on /home/airflow/.local/lib/python3.7/site-packages/airflow/example_dags/example_branch_operator.py
[2023-03-18T00:10:01.696+0000] {processor.py:743} INFO - Processing file /home/airflow/.local/lib/python3.7/site-packages/airflow/example_dags/example_branch_operator.py for tasks to queue
[2023-03-18T00:10:01.698+0000] {logging_mixin.py:137} INFO - [2023-03-18T00:10:01.697+0000] {dagbag.py:538} INFO - Filling up the DagBag from /home/airflow/.local/lib/python3.7/site-packages/airflow/example_dags/example_branch_operator.py
[2023-03-18T00:10:01.731+0000] {processor.py:753} INFO - DAG(s) dict_keys(['example_branch_operator']) retrieved from /home/airflow/.local/lib/python3.7/site-packages/airflow/example_dags/example_branch_operator.py
[2023-03-18T00:10:01.777+0000] {logging_mixin.py:137} INFO - [2023-03-18T00:10:01.777+0000] {dag.py:2690} INFO - Sync 1 DAGs
[2023-03-18T00:10:01.822+0000] {logging_mixin.py:137} INFO - [2023-03-18T00:10:01.822+0000] {dag.py:3441} INFO - Setting next_dagrun for example_branch_operator to 2023-03-17T00:00:00+00:00, run_after=2023-03-18T00:00:00+00:00
[2023-03-18T00:10:01.854+0000] {processor.py:175} INFO - Processing /home/airflow/.local/lib/python3.7/site-packages/airflow/example_dags/example_branch_operator.py took 0.165 seconds
[2023-03-18T00:10:32.194+0000] {processor.py:153} INFO - Started process (PID=9825) to work on /home/airflow/.local/lib/python3.7/site-packages/airflow/example_dags/example_branch_operator.py
[2023-03-18T00:10:32.196+0000] {processor.py:743} INFO - Processing file /home/airflow/.local/lib/python3.7/site-packages/airflow/example_dags/example_branch_operator.py for tasks to queue
[2023-03-18T00:10:32.197+0000] {logging_mixin.py:137} INFO - [2023-03-18T00:10:32.197+0000] {dagbag.py:538} INFO - Filling up the DagBag from /home/airflow/.local/lib/python3.7/site-packages/airflow/example_dags/example_branch_operator.py
[2023-03-18T00:10:32.232+0000] {processor.py:753} INFO - DAG(s) dict_keys(['example_branch_operator']) retrieved from /home/airflow/.local/lib/python3.7/site-packages/airflow/example_dags/example_branch_operator.py
[2023-03-18T00:10:32.292+0000] {logging_mixin.py:137} INFO - [2023-03-18T00:10:32.291+0000] {dag.py:2690} INFO - Sync 1 DAGs
[2023-03-18T00:10:32.397+0000] {logging_mixin.py:137} INFO - [2023-03-18T00:10:32.396+0000] {dag.py:3441} INFO - Setting next_dagrun for example_branch_operator to 2023-03-17T00:00:00+00:00, run_after=2023-03-18T00:00:00+00:00
[2023-03-18T00:10:32.450+0000] {processor.py:175} INFO - Processing /home/airflow/.local/lib/python3.7/site-packages/airflow/example_dags/example_branch_operator.py took 0.262 seconds
[2023-03-18T00:11:02.740+0000] {processor.py:153} INFO - Started process (PID=9907) to work on /home/airflow/.local/lib/python3.7/site-packages/airflow/example_dags/example_branch_operator.py
[2023-03-18T00:11:02.741+0000] {processor.py:743} INFO - Processing file /home/airflow/.local/lib/python3.7/site-packages/airflow/example_dags/example_branch_operator.py for tasks to queue
[2023-03-18T00:11:02.742+0000] {logging_mixin.py:137} INFO - [2023-03-18T00:11:02.742+0000] {dagbag.py:538} INFO - Filling up the DagBag from /home/airflow/.local/lib/python3.7/site-packages/airflow/example_dags/example_branch_operator.py
[2023-03-18T00:11:02.762+0000] {processor.py:753} INFO - DAG(s) dict_keys(['example_branch_operator']) retrieved from /home/airflow/.local/lib/python3.7/site-packages/airflow/example_dags/example_branch_operator.py
[2023-03-18T00:11:02.792+0000] {logging_mixin.py:137} INFO - [2023-03-18T00:11:02.792+0000] {dag.py:2690} INFO - Sync 1 DAGs
[2023-03-18T00:11:02.816+0000] {logging_mixin.py:137} INFO - [2023-03-18T00:11:02.816+0000] {dag.py:3441} INFO - Setting next_dagrun for example_branch_operator to 2023-03-17T00:00:00+00:00, run_after=2023-03-18T00:00:00+00:00
[2023-03-18T00:11:02.835+0000] {processor.py:175} INFO - Processing /home/airflow/.local/lib/python3.7/site-packages/airflow/example_dags/example_branch_operator.py took 0.098 seconds
[2023-03-18T00:11:33.327+0000] {processor.py:153} INFO - Started process (PID=9989) to work on /home/airflow/.local/lib/python3.7/site-packages/airflow/example_dags/example_branch_operator.py
[2023-03-18T00:11:33.328+0000] {processor.py:743} INFO - Processing file /home/airflow/.local/lib/python3.7/site-packages/airflow/example_dags/example_branch_operator.py for tasks to queue
[2023-03-18T00:11:33.330+0000] {logging_mixin.py:137} INFO - [2023-03-18T00:11:33.330+0000] {dagbag.py:538} INFO - Filling up the DagBag from /home/airflow/.local/lib/python3.7/site-packages/airflow/example_dags/example_branch_operator.py
[2023-03-18T00:11:33.358+0000] {processor.py:753} INFO - DAG(s) dict_keys(['example_branch_operator']) retrieved from /home/airflow/.local/lib/python3.7/site-packages/airflow/example_dags/example_branch_operator.py
[2023-03-18T00:11:33.402+0000] {logging_mixin.py:137} INFO - [2023-03-18T00:11:33.401+0000] {dag.py:2690} INFO - Sync 1 DAGs
[2023-03-18T00:11:33.444+0000] {logging_mixin.py:137} INFO - [2023-03-18T00:11:33.444+0000] {dag.py:3441} INFO - Setting next_dagrun for example_branch_operator to 2023-03-17T00:00:00+00:00, run_after=2023-03-18T00:00:00+00:00
[2023-03-18T00:11:33.471+0000] {processor.py:175} INFO - Processing /home/airflow/.local/lib/python3.7/site-packages/airflow/example_dags/example_branch_operator.py took 0.148 seconds
[2023-03-18T00:12:04.122+0000] {processor.py:153} INFO - Started process (PID=10071) to work on /home/airflow/.local/lib/python3.7/site-packages/airflow/example_dags/example_branch_operator.py
[2023-03-18T00:12:04.123+0000] {processor.py:743} INFO - Processing file /home/airflow/.local/lib/python3.7/site-packages/airflow/example_dags/example_branch_operator.py for tasks to queue
[2023-03-18T00:12:04.124+0000] {logging_mixin.py:137} INFO - [2023-03-18T00:12:04.124+0000] {dagbag.py:538} INFO - Filling up the DagBag from /home/airflow/.local/lib/python3.7/site-packages/airflow/example_dags/example_branch_operator.py
[2023-03-18T00:12:04.144+0000] {processor.py:753} INFO - DAG(s) dict_keys(['example_branch_operator']) retrieved from /home/airflow/.local/lib/python3.7/site-packages/airflow/example_dags/example_branch_operator.py
[2023-03-18T00:12:04.177+0000] {logging_mixin.py:137} INFO - [2023-03-18T00:12:04.177+0000] {dag.py:2690} INFO - Sync 1 DAGs
[2023-03-18T00:12:04.210+0000] {logging_mixin.py:137} INFO - [2023-03-18T00:12:04.210+0000] {dag.py:3441} INFO - Setting next_dagrun for example_branch_operator to 2023-03-17T00:00:00+00:00, run_after=2023-03-18T00:00:00+00:00
[2023-03-18T00:12:04.240+0000] {processor.py:175} INFO - Processing /home/airflow/.local/lib/python3.7/site-packages/airflow/example_dags/example_branch_operator.py took 0.122 seconds
[2023-03-18T00:12:34.748+0000] {processor.py:153} INFO - Started process (PID=10154) to work on /home/airflow/.local/lib/python3.7/site-packages/airflow/example_dags/example_branch_operator.py
[2023-03-18T00:12:34.750+0000] {processor.py:743} INFO - Processing file /home/airflow/.local/lib/python3.7/site-packages/airflow/example_dags/example_branch_operator.py for tasks to queue
[2023-03-18T00:12:34.751+0000] {logging_mixin.py:137} INFO - [2023-03-18T00:12:34.751+0000] {dagbag.py:538} INFO - Filling up the DagBag from /home/airflow/.local/lib/python3.7/site-packages/airflow/example_dags/example_branch_operator.py
[2023-03-18T00:12:34.771+0000] {processor.py:753} INFO - DAG(s) dict_keys(['example_branch_operator']) retrieved from /home/airflow/.local/lib/python3.7/site-packages/airflow/example_dags/example_branch_operator.py
[2023-03-18T00:12:34.828+0000] {logging_mixin.py:137} INFO - [2023-03-18T00:12:34.827+0000] {dag.py:2690} INFO - Sync 1 DAGs
[2023-03-18T00:12:34.887+0000] {logging_mixin.py:137} INFO - [2023-03-18T00:12:34.887+0000] {dag.py:3441} INFO - Setting next_dagrun for example_branch_operator to 2023-03-17T00:00:00+00:00, run_after=2023-03-18T00:00:00+00:00
[2023-03-18T00:12:34.912+0000] {processor.py:175} INFO - Processing /home/airflow/.local/lib/python3.7/site-packages/airflow/example_dags/example_branch_operator.py took 0.167 seconds
[2023-03-18T00:13:05.288+0000] {processor.py:153} INFO - Started process (PID=10256) to work on /home/airflow/.local/lib/python3.7/site-packages/airflow/example_dags/example_branch_operator.py
[2023-03-18T00:13:05.290+0000] {processor.py:743} INFO - Processing file /home/airflow/.local/lib/python3.7/site-packages/airflow/example_dags/example_branch_operator.py for tasks to queue
[2023-03-18T00:13:05.291+0000] {logging_mixin.py:137} INFO - [2023-03-18T00:13:05.291+0000] {dagbag.py:538} INFO - Filling up the DagBag from /home/airflow/.local/lib/python3.7/site-packages/airflow/example_dags/example_branch_operator.py
[2023-03-18T00:13:05.319+0000] {processor.py:753} INFO - DAG(s) dict_keys(['example_branch_operator']) retrieved from /home/airflow/.local/lib/python3.7/site-packages/airflow/example_dags/example_branch_operator.py
[2023-03-18T00:13:05.391+0000] {logging_mixin.py:137} INFO - [2023-03-18T00:13:05.390+0000] {dag.py:2690} INFO - Sync 1 DAGs
[2023-03-18T00:13:05.469+0000] {logging_mixin.py:137} INFO - [2023-03-18T00:13:05.469+0000] {dag.py:3441} INFO - Setting next_dagrun for example_branch_operator to 2023-03-17T00:00:00+00:00, run_after=2023-03-18T00:00:00+00:00
[2023-03-18T00:13:05.521+0000] {processor.py:175} INFO - Processing /home/airflow/.local/lib/python3.7/site-packages/airflow/example_dags/example_branch_operator.py took 0.241 seconds
[2023-03-18T00:13:35.844+0000] {processor.py:153} INFO - Started process (PID=10338) to work on /home/airflow/.local/lib/python3.7/site-packages/airflow/example_dags/example_branch_operator.py
[2023-03-18T00:13:35.846+0000] {processor.py:743} INFO - Processing file /home/airflow/.local/lib/python3.7/site-packages/airflow/example_dags/example_branch_operator.py for tasks to queue
[2023-03-18T00:13:35.847+0000] {logging_mixin.py:137} INFO - [2023-03-18T00:13:35.847+0000] {dagbag.py:538} INFO - Filling up the DagBag from /home/airflow/.local/lib/python3.7/site-packages/airflow/example_dags/example_branch_operator.py
[2023-03-18T00:13:35.866+0000] {processor.py:753} INFO - DAG(s) dict_keys(['example_branch_operator']) retrieved from /home/airflow/.local/lib/python3.7/site-packages/airflow/example_dags/example_branch_operator.py
[2023-03-18T00:13:35.896+0000] {logging_mixin.py:137} INFO - [2023-03-18T00:13:35.895+0000] {dag.py:2690} INFO - Sync 1 DAGs
[2023-03-18T00:13:35.930+0000] {logging_mixin.py:137} INFO - [2023-03-18T00:13:35.930+0000] {dag.py:3441} INFO - Setting next_dagrun for example_branch_operator to 2023-03-17T00:00:00+00:00, run_after=2023-03-18T00:00:00+00:00
[2023-03-18T00:13:35.958+0000] {processor.py:175} INFO - Processing /home/airflow/.local/lib/python3.7/site-packages/airflow/example_dags/example_branch_operator.py took 0.118 seconds
[2023-03-18T00:14:06.304+0000] {processor.py:153} INFO - Started process (PID=10420) to work on /home/airflow/.local/lib/python3.7/site-packages/airflow/example_dags/example_branch_operator.py
[2023-03-18T00:14:06.305+0000] {processor.py:743} INFO - Processing file /home/airflow/.local/lib/python3.7/site-packages/airflow/example_dags/example_branch_operator.py for tasks to queue
[2023-03-18T00:14:06.306+0000] {logging_mixin.py:137} INFO - [2023-03-18T00:14:06.306+0000] {dagbag.py:538} INFO - Filling up the DagBag from /home/airflow/.local/lib/python3.7/site-packages/airflow/example_dags/example_branch_operator.py
[2023-03-18T00:14:06.323+0000] {processor.py:753} INFO - DAG(s) dict_keys(['example_branch_operator']) retrieved from /home/airflow/.local/lib/python3.7/site-packages/airflow/example_dags/example_branch_operator.py
[2023-03-18T00:14:06.351+0000] {logging_mixin.py:137} INFO - [2023-03-18T00:14:06.351+0000] {dag.py:2690} INFO - Sync 1 DAGs
[2023-03-18T00:14:06.380+0000] {logging_mixin.py:137} INFO - [2023-03-18T00:14:06.380+0000] {dag.py:3441} INFO - Setting next_dagrun for example_branch_operator to 2023-03-17T00:00:00+00:00, run_after=2023-03-18T00:00:00+00:00
[2023-03-18T00:14:06.400+0000] {processor.py:175} INFO - Processing /home/airflow/.local/lib/python3.7/site-packages/airflow/example_dags/example_branch_operator.py took 0.100 seconds
[2023-03-18T00:14:37.169+0000] {processor.py:153} INFO - Started process (PID=10502) to work on /home/airflow/.local/lib/python3.7/site-packages/airflow/example_dags/example_branch_operator.py
[2023-03-18T00:14:37.171+0000] {processor.py:743} INFO - Processing file /home/airflow/.local/lib/python3.7/site-packages/airflow/example_dags/example_branch_operator.py for tasks to queue
[2023-03-18T00:14:37.172+0000] {logging_mixin.py:137} INFO - [2023-03-18T00:14:37.172+0000] {dagbag.py:538} INFO - Filling up the DagBag from /home/airflow/.local/lib/python3.7/site-packages/airflow/example_dags/example_branch_operator.py
[2023-03-18T00:14:37.191+0000] {processor.py:753} INFO - DAG(s) dict_keys(['example_branch_operator']) retrieved from /home/airflow/.local/lib/python3.7/site-packages/airflow/example_dags/example_branch_operator.py
[2023-03-18T00:14:37.223+0000] {logging_mixin.py:137} INFO - [2023-03-18T00:14:37.223+0000] {dag.py:2690} INFO - Sync 1 DAGs
[2023-03-18T00:14:37.252+0000] {logging_mixin.py:137} INFO - [2023-03-18T00:14:37.252+0000] {dag.py:3441} INFO - Setting next_dagrun for example_branch_operator to 2023-03-17T00:00:00+00:00, run_after=2023-03-18T00:00:00+00:00
[2023-03-18T00:14:37.272+0000] {processor.py:175} INFO - Processing /home/airflow/.local/lib/python3.7/site-packages/airflow/example_dags/example_branch_operator.py took 0.107 seconds
