[2023-03-18T00:00:20.961+0000] {processor.py:153} INFO - Started process (PID=8115) to work on /home/airflow/.local/lib/python3.7/site-packages/airflow/example_dags/example_xcomargs.py
[2023-03-18T00:00:20.963+0000] {processor.py:743} INFO - Processing file /home/airflow/.local/lib/python3.7/site-packages/airflow/example_dags/example_xcomargs.py for tasks to queue
[2023-03-18T00:00:20.965+0000] {logging_mixin.py:137} INFO - [2023-03-18T00:00:20.964+0000] {dagbag.py:538} INFO - Filling up the DagBag from /home/airflow/.local/lib/python3.7/site-packages/airflow/example_dags/example_xcomargs.py
[2023-03-18T00:00:21.000+0000] {processor.py:753} INFO - DAG(s) dict_keys(['example_xcom_args_with_operators', 'example_xcom_args']) retrieved from /home/airflow/.local/lib/python3.7/site-packages/airflow/example_dags/example_xcomargs.py
[2023-03-18T00:00:21.108+0000] {logging_mixin.py:137} INFO - [2023-03-18T00:00:21.108+0000] {dag.py:2690} INFO - Sync 2 DAGs
[2023-03-18T00:00:21.149+0000] {logging_mixin.py:137} INFO - [2023-03-18T00:00:21.149+0000] {dag.py:3441} INFO - Setting next_dagrun for example_xcom_args to None, run_after=None
[2023-03-18T00:00:21.154+0000] {logging_mixin.py:137} INFO - [2023-03-18T00:00:21.154+0000] {dag.py:3441} INFO - Setting next_dagrun for example_xcom_args_with_operators to None, run_after=None
[2023-03-18T00:00:21.177+0000] {processor.py:175} INFO - Processing /home/airflow/.local/lib/python3.7/site-packages/airflow/example_dags/example_xcomargs.py took 0.219 seconds
[2023-03-18T00:00:54.356+0000] {processor.py:153} INFO - Started process (PID=8217) to work on /home/airflow/.local/lib/python3.7/site-packages/airflow/example_dags/example_xcomargs.py
[2023-03-18T00:00:54.358+0000] {processor.py:743} INFO - Processing file /home/airflow/.local/lib/python3.7/site-packages/airflow/example_dags/example_xcomargs.py for tasks to queue
[2023-03-18T00:00:54.361+0000] {logging_mixin.py:137} INFO - [2023-03-18T00:00:54.360+0000] {dagbag.py:538} INFO - Filling up the DagBag from /home/airflow/.local/lib/python3.7/site-packages/airflow/example_dags/example_xcomargs.py
[2023-03-18T00:00:54.408+0000] {processor.py:753} INFO - DAG(s) dict_keys(['example_xcom_args_with_operators', 'example_xcom_args']) retrieved from /home/airflow/.local/lib/python3.7/site-packages/airflow/example_dags/example_xcomargs.py
[2023-03-18T00:00:54.477+0000] {logging_mixin.py:137} INFO - [2023-03-18T00:00:54.477+0000] {dag.py:2690} INFO - Sync 2 DAGs
[2023-03-18T00:00:54.537+0000] {logging_mixin.py:137} INFO - [2023-03-18T00:00:54.536+0000] {dag.py:3441} INFO - Setting next_dagrun for example_xcom_args to None, run_after=None
[2023-03-18T00:00:54.545+0000] {logging_mixin.py:137} INFO - [2023-03-18T00:00:54.545+0000] {dag.py:3441} INFO - Setting next_dagrun for example_xcom_args_with_operators to None, run_after=None
[2023-03-18T00:00:54.585+0000] {processor.py:175} INFO - Processing /home/airflow/.local/lib/python3.7/site-packages/airflow/example_dags/example_xcomargs.py took 0.234 seconds
[2023-03-18T00:01:25.552+0000] {processor.py:153} INFO - Started process (PID=8299) to work on /home/airflow/.local/lib/python3.7/site-packages/airflow/example_dags/example_xcomargs.py
[2023-03-18T00:01:25.554+0000] {processor.py:743} INFO - Processing file /home/airflow/.local/lib/python3.7/site-packages/airflow/example_dags/example_xcomargs.py for tasks to queue
[2023-03-18T00:01:25.556+0000] {logging_mixin.py:137} INFO - [2023-03-18T00:01:25.555+0000] {dagbag.py:538} INFO - Filling up the DagBag from /home/airflow/.local/lib/python3.7/site-packages/airflow/example_dags/example_xcomargs.py
[2023-03-18T00:01:25.608+0000] {processor.py:753} INFO - DAG(s) dict_keys(['example_xcom_args', 'example_xcom_args_with_operators']) retrieved from /home/airflow/.local/lib/python3.7/site-packages/airflow/example_dags/example_xcomargs.py
[2023-03-18T00:01:25.674+0000] {logging_mixin.py:137} INFO - [2023-03-18T00:01:25.673+0000] {dag.py:2690} INFO - Sync 2 DAGs
[2023-03-18T00:01:25.732+0000] {logging_mixin.py:137} INFO - [2023-03-18T00:01:25.731+0000] {dag.py:3441} INFO - Setting next_dagrun for example_xcom_args to None, run_after=None
[2023-03-18T00:01:25.742+0000] {logging_mixin.py:137} INFO - [2023-03-18T00:01:25.742+0000] {dag.py:3441} INFO - Setting next_dagrun for example_xcom_args_with_operators to None, run_after=None
[2023-03-18T00:01:25.788+0000] {processor.py:175} INFO - Processing /home/airflow/.local/lib/python3.7/site-packages/airflow/example_dags/example_xcomargs.py took 0.248 seconds
[2023-03-18T00:01:56.540+0000] {processor.py:153} INFO - Started process (PID=8382) to work on /home/airflow/.local/lib/python3.7/site-packages/airflow/example_dags/example_xcomargs.py
[2023-03-18T00:01:56.542+0000] {processor.py:743} INFO - Processing file /home/airflow/.local/lib/python3.7/site-packages/airflow/example_dags/example_xcomargs.py for tasks to queue
[2023-03-18T00:01:56.545+0000] {logging_mixin.py:137} INFO - [2023-03-18T00:01:56.544+0000] {dagbag.py:538} INFO - Filling up the DagBag from /home/airflow/.local/lib/python3.7/site-packages/airflow/example_dags/example_xcomargs.py
[2023-03-18T00:01:56.629+0000] {processor.py:753} INFO - DAG(s) dict_keys(['example_xcom_args', 'example_xcom_args_with_operators']) retrieved from /home/airflow/.local/lib/python3.7/site-packages/airflow/example_dags/example_xcomargs.py
[2023-03-18T00:01:56.729+0000] {logging_mixin.py:137} INFO - [2023-03-18T00:01:56.729+0000] {dag.py:2690} INFO - Sync 2 DAGs
[2023-03-18T00:01:56.799+0000] {logging_mixin.py:137} INFO - [2023-03-18T00:01:56.798+0000] {dag.py:3441} INFO - Setting next_dagrun for example_xcom_args to None, run_after=None
[2023-03-18T00:01:56.809+0000] {logging_mixin.py:137} INFO - [2023-03-18T00:01:56.808+0000] {dag.py:3441} INFO - Setting next_dagrun for example_xcom_args_with_operators to None, run_after=None
[2023-03-18T00:01:56.855+0000] {processor.py:175} INFO - Processing /home/airflow/.local/lib/python3.7/site-packages/airflow/example_dags/example_xcomargs.py took 0.323 seconds
[2023-03-18T00:02:28.466+0000] {processor.py:153} INFO - Started process (PID=8464) to work on /home/airflow/.local/lib/python3.7/site-packages/airflow/example_dags/example_xcomargs.py
[2023-03-18T00:02:28.471+0000] {processor.py:743} INFO - Processing file /home/airflow/.local/lib/python3.7/site-packages/airflow/example_dags/example_xcomargs.py for tasks to queue
[2023-03-18T00:02:28.473+0000] {logging_mixin.py:137} INFO - [2023-03-18T00:02:28.473+0000] {dagbag.py:538} INFO - Filling up the DagBag from /home/airflow/.local/lib/python3.7/site-packages/airflow/example_dags/example_xcomargs.py
[2023-03-18T00:02:28.533+0000] {processor.py:753} INFO - DAG(s) dict_keys(['example_xcom_args', 'example_xcom_args_with_operators']) retrieved from /home/airflow/.local/lib/python3.7/site-packages/airflow/example_dags/example_xcomargs.py
[2023-03-18T00:02:28.627+0000] {logging_mixin.py:137} INFO - [2023-03-18T00:02:28.626+0000] {dag.py:2690} INFO - Sync 2 DAGs
[2023-03-18T00:02:28.711+0000] {logging_mixin.py:137} INFO - [2023-03-18T00:02:28.710+0000] {dag.py:3441} INFO - Setting next_dagrun for example_xcom_args to None, run_after=None
[2023-03-18T00:02:28.724+0000] {logging_mixin.py:137} INFO - [2023-03-18T00:02:28.723+0000] {dag.py:3441} INFO - Setting next_dagrun for example_xcom_args_with_operators to None, run_after=None
[2023-03-18T00:02:28.793+0000] {processor.py:175} INFO - Processing /home/airflow/.local/lib/python3.7/site-packages/airflow/example_dags/example_xcomargs.py took 0.334 seconds
[2023-03-18T00:02:58.944+0000] {processor.py:153} INFO - Started process (PID=8546) to work on /home/airflow/.local/lib/python3.7/site-packages/airflow/example_dags/example_xcomargs.py
[2023-03-18T00:02:58.945+0000] {processor.py:743} INFO - Processing file /home/airflow/.local/lib/python3.7/site-packages/airflow/example_dags/example_xcomargs.py for tasks to queue
[2023-03-18T00:02:58.947+0000] {logging_mixin.py:137} INFO - [2023-03-18T00:02:58.947+0000] {dagbag.py:538} INFO - Filling up the DagBag from /home/airflow/.local/lib/python3.7/site-packages/airflow/example_dags/example_xcomargs.py
[2023-03-18T00:02:59.015+0000] {processor.py:753} INFO - DAG(s) dict_keys(['example_xcom_args_with_operators', 'example_xcom_args']) retrieved from /home/airflow/.local/lib/python3.7/site-packages/airflow/example_dags/example_xcomargs.py
[2023-03-18T00:02:59.122+0000] {logging_mixin.py:137} INFO - [2023-03-18T00:02:59.121+0000] {dag.py:2690} INFO - Sync 2 DAGs
[2023-03-18T00:02:59.210+0000] {logging_mixin.py:137} INFO - [2023-03-18T00:02:59.210+0000] {dag.py:3441} INFO - Setting next_dagrun for example_xcom_args to None, run_after=None
[2023-03-18T00:02:59.218+0000] {logging_mixin.py:137} INFO - [2023-03-18T00:02:59.218+0000] {dag.py:3441} INFO - Setting next_dagrun for example_xcom_args_with_operators to None, run_after=None
[2023-03-18T00:02:59.254+0000] {processor.py:175} INFO - Processing /home/airflow/.local/lib/python3.7/site-packages/airflow/example_dags/example_xcomargs.py took 0.324 seconds
[2023-03-18T00:03:30.094+0000] {processor.py:153} INFO - Started process (PID=8628) to work on /home/airflow/.local/lib/python3.7/site-packages/airflow/example_dags/example_xcomargs.py
[2023-03-18T00:03:30.099+0000] {processor.py:743} INFO - Processing file /home/airflow/.local/lib/python3.7/site-packages/airflow/example_dags/example_xcomargs.py for tasks to queue
[2023-03-18T00:03:30.105+0000] {logging_mixin.py:137} INFO - [2023-03-18T00:03:30.104+0000] {dagbag.py:538} INFO - Filling up the DagBag from /home/airflow/.local/lib/python3.7/site-packages/airflow/example_dags/example_xcomargs.py
[2023-03-18T00:03:30.243+0000] {processor.py:753} INFO - DAG(s) dict_keys(['example_xcom_args_with_operators', 'example_xcom_args']) retrieved from /home/airflow/.local/lib/python3.7/site-packages/airflow/example_dags/example_xcomargs.py
[2023-03-18T00:03:30.368+0000] {logging_mixin.py:137} INFO - [2023-03-18T00:03:30.368+0000] {dag.py:2690} INFO - Sync 2 DAGs
[2023-03-18T00:03:30.478+0000] {logging_mixin.py:137} INFO - [2023-03-18T00:03:30.478+0000] {dag.py:3441} INFO - Setting next_dagrun for example_xcom_args to None, run_after=None
[2023-03-18T00:03:30.484+0000] {logging_mixin.py:137} INFO - [2023-03-18T00:03:30.484+0000] {dag.py:3441} INFO - Setting next_dagrun for example_xcom_args_with_operators to None, run_after=None
[2023-03-18T00:03:30.512+0000] {processor.py:175} INFO - Processing /home/airflow/.local/lib/python3.7/site-packages/airflow/example_dags/example_xcomargs.py took 0.436 seconds
[2023-03-18T00:04:01.386+0000] {processor.py:153} INFO - Started process (PID=8710) to work on /home/airflow/.local/lib/python3.7/site-packages/airflow/example_dags/example_xcomargs.py
[2023-03-18T00:04:01.390+0000] {processor.py:743} INFO - Processing file /home/airflow/.local/lib/python3.7/site-packages/airflow/example_dags/example_xcomargs.py for tasks to queue
[2023-03-18T00:04:01.395+0000] {logging_mixin.py:137} INFO - [2023-03-18T00:04:01.394+0000] {dagbag.py:538} INFO - Filling up the DagBag from /home/airflow/.local/lib/python3.7/site-packages/airflow/example_dags/example_xcomargs.py
[2023-03-18T00:04:01.482+0000] {processor.py:753} INFO - DAG(s) dict_keys(['example_xcom_args_with_operators', 'example_xcom_args']) retrieved from /home/airflow/.local/lib/python3.7/site-packages/airflow/example_dags/example_xcomargs.py
[2023-03-18T00:04:01.555+0000] {logging_mixin.py:137} INFO - [2023-03-18T00:04:01.555+0000] {dag.py:2690} INFO - Sync 2 DAGs
[2023-03-18T00:04:01.609+0000] {logging_mixin.py:137} INFO - [2023-03-18T00:04:01.609+0000] {dag.py:3441} INFO - Setting next_dagrun for example_xcom_args to None, run_after=None
[2023-03-18T00:04:01.617+0000] {logging_mixin.py:137} INFO - [2023-03-18T00:04:01.617+0000] {dag.py:3441} INFO - Setting next_dagrun for example_xcom_args_with_operators to None, run_after=None
[2023-03-18T00:04:01.652+0000] {processor.py:175} INFO - Processing /home/airflow/.local/lib/python3.7/site-packages/airflow/example_dags/example_xcomargs.py took 0.281 seconds
[2023-03-18T00:04:32.074+0000] {processor.py:153} INFO - Started process (PID=8792) to work on /home/airflow/.local/lib/python3.7/site-packages/airflow/example_dags/example_xcomargs.py
[2023-03-18T00:04:32.075+0000] {processor.py:743} INFO - Processing file /home/airflow/.local/lib/python3.7/site-packages/airflow/example_dags/example_xcomargs.py for tasks to queue
[2023-03-18T00:04:32.076+0000] {logging_mixin.py:137} INFO - [2023-03-18T00:04:32.076+0000] {dagbag.py:538} INFO - Filling up the DagBag from /home/airflow/.local/lib/python3.7/site-packages/airflow/example_dags/example_xcomargs.py
[2023-03-18T00:04:32.105+0000] {processor.py:753} INFO - DAG(s) dict_keys(['example_xcom_args_with_operators', 'example_xcom_args']) retrieved from /home/airflow/.local/lib/python3.7/site-packages/airflow/example_dags/example_xcomargs.py
[2023-03-18T00:04:32.145+0000] {logging_mixin.py:137} INFO - [2023-03-18T00:04:32.145+0000] {dag.py:2690} INFO - Sync 2 DAGs
[2023-03-18T00:04:32.179+0000] {logging_mixin.py:137} INFO - [2023-03-18T00:04:32.179+0000] {dag.py:3441} INFO - Setting next_dagrun for example_xcom_args to None, run_after=None
[2023-03-18T00:04:32.184+0000] {logging_mixin.py:137} INFO - [2023-03-18T00:04:32.184+0000] {dag.py:3441} INFO - Setting next_dagrun for example_xcom_args_with_operators to None, run_after=None
[2023-03-18T00:04:32.208+0000] {processor.py:175} INFO - Processing /home/airflow/.local/lib/python3.7/site-packages/airflow/example_dags/example_xcomargs.py took 0.138 seconds
[2023-03-18T00:05:02.652+0000] {processor.py:153} INFO - Started process (PID=8895) to work on /home/airflow/.local/lib/python3.7/site-packages/airflow/example_dags/example_xcomargs.py
[2023-03-18T00:05:02.653+0000] {processor.py:743} INFO - Processing file /home/airflow/.local/lib/python3.7/site-packages/airflow/example_dags/example_xcomargs.py for tasks to queue
[2023-03-18T00:05:02.654+0000] {logging_mixin.py:137} INFO - [2023-03-18T00:05:02.654+0000] {dagbag.py:538} INFO - Filling up the DagBag from /home/airflow/.local/lib/python3.7/site-packages/airflow/example_dags/example_xcomargs.py
[2023-03-18T00:05:02.685+0000] {processor.py:753} INFO - DAG(s) dict_keys(['example_xcom_args_with_operators', 'example_xcom_args']) retrieved from /home/airflow/.local/lib/python3.7/site-packages/airflow/example_dags/example_xcomargs.py
[2023-03-18T00:05:02.727+0000] {logging_mixin.py:137} INFO - [2023-03-18T00:05:02.726+0000] {dag.py:2690} INFO - Sync 2 DAGs
[2023-03-18T00:05:02.762+0000] {logging_mixin.py:137} INFO - [2023-03-18T00:05:02.762+0000] {dag.py:3441} INFO - Setting next_dagrun for example_xcom_args to None, run_after=None
[2023-03-18T00:05:02.768+0000] {logging_mixin.py:137} INFO - [2023-03-18T00:05:02.768+0000] {dag.py:3441} INFO - Setting next_dagrun for example_xcom_args_with_operators to None, run_after=None
[2023-03-18T00:05:02.796+0000] {processor.py:175} INFO - Processing /home/airflow/.local/lib/python3.7/site-packages/airflow/example_dags/example_xcomargs.py took 0.147 seconds
[2023-03-18T00:05:32.914+0000] {processor.py:153} INFO - Started process (PID=8977) to work on /home/airflow/.local/lib/python3.7/site-packages/airflow/example_dags/example_xcomargs.py
[2023-03-18T00:05:32.915+0000] {processor.py:743} INFO - Processing file /home/airflow/.local/lib/python3.7/site-packages/airflow/example_dags/example_xcomargs.py for tasks to queue
[2023-03-18T00:05:32.917+0000] {logging_mixin.py:137} INFO - [2023-03-18T00:05:32.917+0000] {dagbag.py:538} INFO - Filling up the DagBag from /home/airflow/.local/lib/python3.7/site-packages/airflow/example_dags/example_xcomargs.py
[2023-03-18T00:05:32.955+0000] {processor.py:753} INFO - DAG(s) dict_keys(['example_xcom_args_with_operators', 'example_xcom_args']) retrieved from /home/airflow/.local/lib/python3.7/site-packages/airflow/example_dags/example_xcomargs.py
[2023-03-18T00:05:32.994+0000] {logging_mixin.py:137} INFO - [2023-03-18T00:05:32.994+0000] {dag.py:2690} INFO - Sync 2 DAGs
[2023-03-18T00:05:33.040+0000] {logging_mixin.py:137} INFO - [2023-03-18T00:05:33.040+0000] {dag.py:3441} INFO - Setting next_dagrun for example_xcom_args to None, run_after=None
[2023-03-18T00:05:33.046+0000] {logging_mixin.py:137} INFO - [2023-03-18T00:05:33.046+0000] {dag.py:3441} INFO - Setting next_dagrun for example_xcom_args_with_operators to None, run_after=None
[2023-03-18T00:05:33.077+0000] {processor.py:175} INFO - Processing /home/airflow/.local/lib/python3.7/site-packages/airflow/example_dags/example_xcomargs.py took 0.167 seconds
[2023-03-18T00:06:03.861+0000] {processor.py:153} INFO - Started process (PID=9059) to work on /home/airflow/.local/lib/python3.7/site-packages/airflow/example_dags/example_xcomargs.py
[2023-03-18T00:06:03.864+0000] {processor.py:743} INFO - Processing file /home/airflow/.local/lib/python3.7/site-packages/airflow/example_dags/example_xcomargs.py for tasks to queue
[2023-03-18T00:06:03.867+0000] {logging_mixin.py:137} INFO - [2023-03-18T00:06:03.866+0000] {dagbag.py:538} INFO - Filling up the DagBag from /home/airflow/.local/lib/python3.7/site-packages/airflow/example_dags/example_xcomargs.py
[2023-03-18T00:06:03.936+0000] {processor.py:753} INFO - DAG(s) dict_keys(['example_xcom_args', 'example_xcom_args_with_operators']) retrieved from /home/airflow/.local/lib/python3.7/site-packages/airflow/example_dags/example_xcomargs.py
[2023-03-18T00:06:03.997+0000] {logging_mixin.py:137} INFO - [2023-03-18T00:06:03.996+0000] {dag.py:2690} INFO - Sync 2 DAGs
[2023-03-18T00:06:04.079+0000] {logging_mixin.py:137} INFO - [2023-03-18T00:06:04.079+0000] {dag.py:3441} INFO - Setting next_dagrun for example_xcom_args to None, run_after=None
[2023-03-18T00:06:04.087+0000] {logging_mixin.py:137} INFO - [2023-03-18T00:06:04.086+0000] {dag.py:3441} INFO - Setting next_dagrun for example_xcom_args_with_operators to None, run_after=None
[2023-03-18T00:06:04.143+0000] {processor.py:175} INFO - Processing /home/airflow/.local/lib/python3.7/site-packages/airflow/example_dags/example_xcomargs.py took 0.289 seconds
[2023-03-18T00:06:34.576+0000] {processor.py:153} INFO - Started process (PID=9141) to work on /home/airflow/.local/lib/python3.7/site-packages/airflow/example_dags/example_xcomargs.py
[2023-03-18T00:06:34.578+0000] {processor.py:743} INFO - Processing file /home/airflow/.local/lib/python3.7/site-packages/airflow/example_dags/example_xcomargs.py for tasks to queue
[2023-03-18T00:06:34.580+0000] {logging_mixin.py:137} INFO - [2023-03-18T00:06:34.579+0000] {dagbag.py:538} INFO - Filling up the DagBag from /home/airflow/.local/lib/python3.7/site-packages/airflow/example_dags/example_xcomargs.py
[2023-03-18T00:06:34.638+0000] {processor.py:753} INFO - DAG(s) dict_keys(['example_xcom_args_with_operators', 'example_xcom_args']) retrieved from /home/airflow/.local/lib/python3.7/site-packages/airflow/example_dags/example_xcomargs.py
[2023-03-18T00:06:34.710+0000] {logging_mixin.py:137} INFO - [2023-03-18T00:06:34.710+0000] {dag.py:2690} INFO - Sync 2 DAGs
[2023-03-18T00:06:34.757+0000] {logging_mixin.py:137} INFO - [2023-03-18T00:06:34.757+0000] {dag.py:3441} INFO - Setting next_dagrun for example_xcom_args to None, run_after=None
[2023-03-18T00:06:34.763+0000] {logging_mixin.py:137} INFO - [2023-03-18T00:06:34.763+0000] {dag.py:3441} INFO - Setting next_dagrun for example_xcom_args_with_operators to None, run_after=None
[2023-03-18T00:06:34.803+0000] {processor.py:175} INFO - Processing /home/airflow/.local/lib/python3.7/site-packages/airflow/example_dags/example_xcomargs.py took 0.232 seconds
[2023-03-18T00:07:05.523+0000] {processor.py:153} INFO - Started process (PID=9243) to work on /home/airflow/.local/lib/python3.7/site-packages/airflow/example_dags/example_xcomargs.py
[2023-03-18T00:07:05.525+0000] {processor.py:743} INFO - Processing file /home/airflow/.local/lib/python3.7/site-packages/airflow/example_dags/example_xcomargs.py for tasks to queue
[2023-03-18T00:07:05.527+0000] {logging_mixin.py:137} INFO - [2023-03-18T00:07:05.527+0000] {dagbag.py:538} INFO - Filling up the DagBag from /home/airflow/.local/lib/python3.7/site-packages/airflow/example_dags/example_xcomargs.py
[2023-03-18T00:07:05.655+0000] {processor.py:753} INFO - DAG(s) dict_keys(['example_xcom_args_with_operators', 'example_xcom_args']) retrieved from /home/airflow/.local/lib/python3.7/site-packages/airflow/example_dags/example_xcomargs.py
[2023-03-18T00:07:05.774+0000] {logging_mixin.py:137} INFO - [2023-03-18T00:07:05.773+0000] {dag.py:2690} INFO - Sync 2 DAGs
[2023-03-18T00:07:05.861+0000] {logging_mixin.py:137} INFO - [2023-03-18T00:07:05.861+0000] {dag.py:3441} INFO - Setting next_dagrun for example_xcom_args to None, run_after=None
[2023-03-18T00:07:05.871+0000] {logging_mixin.py:137} INFO - [2023-03-18T00:07:05.871+0000] {dag.py:3441} INFO - Setting next_dagrun for example_xcom_args_with_operators to None, run_after=None
[2023-03-18T00:07:05.917+0000] {processor.py:175} INFO - Processing /home/airflow/.local/lib/python3.7/site-packages/airflow/example_dags/example_xcomargs.py took 0.416 seconds
[2023-03-18T00:07:36.433+0000] {processor.py:153} INFO - Started process (PID=9327) to work on /home/airflow/.local/lib/python3.7/site-packages/airflow/example_dags/example_xcomargs.py
[2023-03-18T00:07:36.438+0000] {processor.py:743} INFO - Processing file /home/airflow/.local/lib/python3.7/site-packages/airflow/example_dags/example_xcomargs.py for tasks to queue
[2023-03-18T00:07:36.442+0000] {logging_mixin.py:137} INFO - [2023-03-18T00:07:36.441+0000] {dagbag.py:538} INFO - Filling up the DagBag from /home/airflow/.local/lib/python3.7/site-packages/airflow/example_dags/example_xcomargs.py
[2023-03-18T00:07:36.554+0000] {processor.py:753} INFO - DAG(s) dict_keys(['example_xcom_args_with_operators', 'example_xcom_args']) retrieved from /home/airflow/.local/lib/python3.7/site-packages/airflow/example_dags/example_xcomargs.py
[2023-03-18T00:07:36.666+0000] {logging_mixin.py:137} INFO - [2023-03-18T00:07:36.666+0000] {dag.py:2690} INFO - Sync 2 DAGs
[2023-03-18T00:07:36.814+0000] {logging_mixin.py:137} INFO - [2023-03-18T00:07:36.814+0000] {dag.py:3441} INFO - Setting next_dagrun for example_xcom_args to None, run_after=None
[2023-03-18T00:07:36.830+0000] {logging_mixin.py:137} INFO - [2023-03-18T00:07:36.830+0000] {dag.py:3441} INFO - Setting next_dagrun for example_xcom_args_with_operators to None, run_after=None
[2023-03-18T00:07:36.874+0000] {processor.py:175} INFO - Processing /home/airflow/.local/lib/python3.7/site-packages/airflow/example_dags/example_xcomargs.py took 0.457 seconds
[2023-03-18T00:08:07.303+0000] {processor.py:153} INFO - Started process (PID=9409) to work on /home/airflow/.local/lib/python3.7/site-packages/airflow/example_dags/example_xcomargs.py
[2023-03-18T00:08:07.305+0000] {processor.py:743} INFO - Processing file /home/airflow/.local/lib/python3.7/site-packages/airflow/example_dags/example_xcomargs.py for tasks to queue
[2023-03-18T00:08:07.307+0000] {logging_mixin.py:137} INFO - [2023-03-18T00:08:07.306+0000] {dagbag.py:538} INFO - Filling up the DagBag from /home/airflow/.local/lib/python3.7/site-packages/airflow/example_dags/example_xcomargs.py
[2023-03-18T00:08:07.351+0000] {processor.py:753} INFO - DAG(s) dict_keys(['example_xcom_args', 'example_xcom_args_with_operators']) retrieved from /home/airflow/.local/lib/python3.7/site-packages/airflow/example_dags/example_xcomargs.py
[2023-03-18T00:08:07.384+0000] {logging_mixin.py:137} INFO - [2023-03-18T00:08:07.384+0000] {dag.py:2690} INFO - Sync 2 DAGs
[2023-03-18T00:08:07.419+0000] {logging_mixin.py:137} INFO - [2023-03-18T00:08:07.419+0000] {dag.py:3441} INFO - Setting next_dagrun for example_xcom_args to None, run_after=None
[2023-03-18T00:08:07.424+0000] {logging_mixin.py:137} INFO - [2023-03-18T00:08:07.423+0000] {dag.py:3441} INFO - Setting next_dagrun for example_xcom_args_with_operators to None, run_after=None
[2023-03-18T00:08:07.445+0000] {processor.py:175} INFO - Processing /home/airflow/.local/lib/python3.7/site-packages/airflow/example_dags/example_xcomargs.py took 0.147 seconds
[2023-03-18T00:08:37.769+0000] {processor.py:153} INFO - Started process (PID=9491) to work on /home/airflow/.local/lib/python3.7/site-packages/airflow/example_dags/example_xcomargs.py
[2023-03-18T00:08:37.770+0000] {processor.py:743} INFO - Processing file /home/airflow/.local/lib/python3.7/site-packages/airflow/example_dags/example_xcomargs.py for tasks to queue
[2023-03-18T00:08:37.772+0000] {logging_mixin.py:137} INFO - [2023-03-18T00:08:37.772+0000] {dagbag.py:538} INFO - Filling up the DagBag from /home/airflow/.local/lib/python3.7/site-packages/airflow/example_dags/example_xcomargs.py
[2023-03-18T00:08:37.807+0000] {processor.py:753} INFO - DAG(s) dict_keys(['example_xcom_args', 'example_xcom_args_with_operators']) retrieved from /home/airflow/.local/lib/python3.7/site-packages/airflow/example_dags/example_xcomargs.py
[2023-03-18T00:08:37.854+0000] {logging_mixin.py:137} INFO - [2023-03-18T00:08:37.854+0000] {dag.py:2690} INFO - Sync 2 DAGs
[2023-03-18T00:08:37.888+0000] {logging_mixin.py:137} INFO - [2023-03-18T00:08:37.888+0000] {dag.py:3441} INFO - Setting next_dagrun for example_xcom_args to None, run_after=None
[2023-03-18T00:08:37.895+0000] {logging_mixin.py:137} INFO - [2023-03-18T00:08:37.895+0000] {dag.py:3441} INFO - Setting next_dagrun for example_xcom_args_with_operators to None, run_after=None
[2023-03-18T00:08:37.918+0000] {processor.py:175} INFO - Processing /home/airflow/.local/lib/python3.7/site-packages/airflow/example_dags/example_xcomargs.py took 0.153 seconds
[2023-03-18T00:09:08.570+0000] {processor.py:153} INFO - Started process (PID=9573) to work on /home/airflow/.local/lib/python3.7/site-packages/airflow/example_dags/example_xcomargs.py
[2023-03-18T00:09:08.572+0000] {processor.py:743} INFO - Processing file /home/airflow/.local/lib/python3.7/site-packages/airflow/example_dags/example_xcomargs.py for tasks to queue
[2023-03-18T00:09:08.573+0000] {logging_mixin.py:137} INFO - [2023-03-18T00:09:08.573+0000] {dagbag.py:538} INFO - Filling up the DagBag from /home/airflow/.local/lib/python3.7/site-packages/airflow/example_dags/example_xcomargs.py
[2023-03-18T00:09:08.613+0000] {processor.py:753} INFO - DAG(s) dict_keys(['example_xcom_args', 'example_xcom_args_with_operators']) retrieved from /home/airflow/.local/lib/python3.7/site-packages/airflow/example_dags/example_xcomargs.py
[2023-03-18T00:09:08.648+0000] {logging_mixin.py:137} INFO - [2023-03-18T00:09:08.647+0000] {dag.py:2690} INFO - Sync 2 DAGs
[2023-03-18T00:09:08.676+0000] {logging_mixin.py:137} INFO - [2023-03-18T00:09:08.676+0000] {dag.py:3441} INFO - Setting next_dagrun for example_xcom_args to None, run_after=None
[2023-03-18T00:09:08.685+0000] {logging_mixin.py:137} INFO - [2023-03-18T00:09:08.685+0000] {dag.py:3441} INFO - Setting next_dagrun for example_xcom_args_with_operators to None, run_after=None
[2023-03-18T00:09:08.719+0000] {processor.py:175} INFO - Processing /home/airflow/.local/lib/python3.7/site-packages/airflow/example_dags/example_xcomargs.py took 0.152 seconds
[2023-03-18T00:09:39.563+0000] {processor.py:153} INFO - Started process (PID=9675) to work on /home/airflow/.local/lib/python3.7/site-packages/airflow/example_dags/example_xcomargs.py
[2023-03-18T00:09:39.569+0000] {processor.py:743} INFO - Processing file /home/airflow/.local/lib/python3.7/site-packages/airflow/example_dags/example_xcomargs.py for tasks to queue
[2023-03-18T00:09:39.573+0000] {logging_mixin.py:137} INFO - [2023-03-18T00:09:39.572+0000] {dagbag.py:538} INFO - Filling up the DagBag from /home/airflow/.local/lib/python3.7/site-packages/airflow/example_dags/example_xcomargs.py
[2023-03-18T00:09:39.630+0000] {processor.py:753} INFO - DAG(s) dict_keys(['example_xcom_args', 'example_xcom_args_with_operators']) retrieved from /home/airflow/.local/lib/python3.7/site-packages/airflow/example_dags/example_xcomargs.py
[2023-03-18T00:09:39.661+0000] {logging_mixin.py:137} INFO - [2023-03-18T00:09:39.661+0000] {dag.py:2690} INFO - Sync 2 DAGs
[2023-03-18T00:09:39.691+0000] {logging_mixin.py:137} INFO - [2023-03-18T00:09:39.691+0000] {dag.py:3441} INFO - Setting next_dagrun for example_xcom_args to None, run_after=None
[2023-03-18T00:09:39.695+0000] {logging_mixin.py:137} INFO - [2023-03-18T00:09:39.695+0000] {dag.py:3441} INFO - Setting next_dagrun for example_xcom_args_with_operators to None, run_after=None
[2023-03-18T00:09:39.715+0000] {processor.py:175} INFO - Processing /home/airflow/.local/lib/python3.7/site-packages/airflow/example_dags/example_xcomargs.py took 0.169 seconds
[2023-03-18T00:10:10.517+0000] {processor.py:153} INFO - Started process (PID=9757) to work on /home/airflow/.local/lib/python3.7/site-packages/airflow/example_dags/example_xcomargs.py
[2023-03-18T00:10:10.522+0000] {processor.py:743} INFO - Processing file /home/airflow/.local/lib/python3.7/site-packages/airflow/example_dags/example_xcomargs.py for tasks to queue
[2023-03-18T00:10:10.527+0000] {logging_mixin.py:137} INFO - [2023-03-18T00:10:10.526+0000] {dagbag.py:538} INFO - Filling up the DagBag from /home/airflow/.local/lib/python3.7/site-packages/airflow/example_dags/example_xcomargs.py
[2023-03-18T00:10:10.631+0000] {processor.py:753} INFO - DAG(s) dict_keys(['example_xcom_args', 'example_xcom_args_with_operators']) retrieved from /home/airflow/.local/lib/python3.7/site-packages/airflow/example_dags/example_xcomargs.py
[2023-03-18T00:10:10.675+0000] {logging_mixin.py:137} INFO - [2023-03-18T00:10:10.675+0000] {dag.py:2690} INFO - Sync 2 DAGs
[2023-03-18T00:10:10.720+0000] {logging_mixin.py:137} INFO - [2023-03-18T00:10:10.720+0000] {dag.py:3441} INFO - Setting next_dagrun for example_xcom_args to None, run_after=None
[2023-03-18T00:10:10.726+0000] {logging_mixin.py:137} INFO - [2023-03-18T00:10:10.726+0000] {dag.py:3441} INFO - Setting next_dagrun for example_xcom_args_with_operators to None, run_after=None
[2023-03-18T00:10:10.754+0000] {processor.py:175} INFO - Processing /home/airflow/.local/lib/python3.7/site-packages/airflow/example_dags/example_xcomargs.py took 0.254 seconds
[2023-03-18T00:10:41.167+0000] {processor.py:153} INFO - Started process (PID=9839) to work on /home/airflow/.local/lib/python3.7/site-packages/airflow/example_dags/example_xcomargs.py
[2023-03-18T00:10:41.171+0000] {processor.py:743} INFO - Processing file /home/airflow/.local/lib/python3.7/site-packages/airflow/example_dags/example_xcomargs.py for tasks to queue
[2023-03-18T00:10:41.175+0000] {logging_mixin.py:137} INFO - [2023-03-18T00:10:41.175+0000] {dagbag.py:538} INFO - Filling up the DagBag from /home/airflow/.local/lib/python3.7/site-packages/airflow/example_dags/example_xcomargs.py
[2023-03-18T00:10:41.308+0000] {processor.py:753} INFO - DAG(s) dict_keys(['example_xcom_args_with_operators', 'example_xcom_args']) retrieved from /home/airflow/.local/lib/python3.7/site-packages/airflow/example_dags/example_xcomargs.py
[2023-03-18T00:10:41.433+0000] {logging_mixin.py:137} INFO - [2023-03-18T00:10:41.432+0000] {dag.py:2690} INFO - Sync 2 DAGs
[2023-03-18T00:10:41.587+0000] {logging_mixin.py:137} INFO - [2023-03-18T00:10:41.587+0000] {dag.py:3441} INFO - Setting next_dagrun for example_xcom_args to None, run_after=None
[2023-03-18T00:10:41.606+0000] {logging_mixin.py:137} INFO - [2023-03-18T00:10:41.606+0000] {dag.py:3441} INFO - Setting next_dagrun for example_xcom_args_with_operators to None, run_after=None
[2023-03-18T00:10:41.689+0000] {processor.py:175} INFO - Processing /home/airflow/.local/lib/python3.7/site-packages/airflow/example_dags/example_xcomargs.py took 0.536 seconds
[2023-03-18T00:11:12.292+0000] {processor.py:153} INFO - Started process (PID=9921) to work on /home/airflow/.local/lib/python3.7/site-packages/airflow/example_dags/example_xcomargs.py
[2023-03-18T00:11:12.294+0000] {processor.py:743} INFO - Processing file /home/airflow/.local/lib/python3.7/site-packages/airflow/example_dags/example_xcomargs.py for tasks to queue
[2023-03-18T00:11:12.295+0000] {logging_mixin.py:137} INFO - [2023-03-18T00:11:12.295+0000] {dagbag.py:538} INFO - Filling up the DagBag from /home/airflow/.local/lib/python3.7/site-packages/airflow/example_dags/example_xcomargs.py
[2023-03-18T00:11:12.333+0000] {processor.py:753} INFO - DAG(s) dict_keys(['example_xcom_args_with_operators', 'example_xcom_args']) retrieved from /home/airflow/.local/lib/python3.7/site-packages/airflow/example_dags/example_xcomargs.py
[2023-03-18T00:11:12.374+0000] {logging_mixin.py:137} INFO - [2023-03-18T00:11:12.374+0000] {dag.py:2690} INFO - Sync 2 DAGs
[2023-03-18T00:11:12.408+0000] {logging_mixin.py:137} INFO - [2023-03-18T00:11:12.408+0000] {dag.py:3441} INFO - Setting next_dagrun for example_xcom_args to None, run_after=None
[2023-03-18T00:11:12.413+0000] {logging_mixin.py:137} INFO - [2023-03-18T00:11:12.413+0000] {dag.py:3441} INFO - Setting next_dagrun for example_xcom_args_with_operators to None, run_after=None
[2023-03-18T00:11:12.447+0000] {processor.py:175} INFO - Processing /home/airflow/.local/lib/python3.7/site-packages/airflow/example_dags/example_xcomargs.py took 0.158 seconds
[2023-03-18T00:11:42.555+0000] {processor.py:153} INFO - Started process (PID=10012) to work on /home/airflow/.local/lib/python3.7/site-packages/airflow/example_dags/example_xcomargs.py
[2023-03-18T00:11:42.557+0000] {processor.py:743} INFO - Processing file /home/airflow/.local/lib/python3.7/site-packages/airflow/example_dags/example_xcomargs.py for tasks to queue
[2023-03-18T00:11:42.559+0000] {logging_mixin.py:137} INFO - [2023-03-18T00:11:42.558+0000] {dagbag.py:538} INFO - Filling up the DagBag from /home/airflow/.local/lib/python3.7/site-packages/airflow/example_dags/example_xcomargs.py
[2023-03-18T00:11:42.618+0000] {processor.py:753} INFO - DAG(s) dict_keys(['example_xcom_args_with_operators', 'example_xcom_args']) retrieved from /home/airflow/.local/lib/python3.7/site-packages/airflow/example_dags/example_xcomargs.py
[2023-03-18T00:11:42.756+0000] {logging_mixin.py:137} INFO - [2023-03-18T00:11:42.756+0000] {dag.py:2690} INFO - Sync 2 DAGs
[2023-03-18T00:11:42.825+0000] {logging_mixin.py:137} INFO - [2023-03-18T00:11:42.825+0000] {dag.py:3441} INFO - Setting next_dagrun for example_xcom_args to None, run_after=None
[2023-03-18T00:11:42.830+0000] {logging_mixin.py:137} INFO - [2023-03-18T00:11:42.830+0000] {dag.py:3441} INFO - Setting next_dagrun for example_xcom_args_with_operators to None, run_after=None
[2023-03-18T00:11:42.853+0000] {processor.py:175} INFO - Processing /home/airflow/.local/lib/python3.7/site-packages/airflow/example_dags/example_xcomargs.py took 0.302 seconds
[2023-03-18T00:12:13.783+0000] {processor.py:153} INFO - Started process (PID=10106) to work on /home/airflow/.local/lib/python3.7/site-packages/airflow/example_dags/example_xcomargs.py
[2023-03-18T00:12:13.786+0000] {processor.py:743} INFO - Processing file /home/airflow/.local/lib/python3.7/site-packages/airflow/example_dags/example_xcomargs.py for tasks to queue
[2023-03-18T00:12:13.789+0000] {logging_mixin.py:137} INFO - [2023-03-18T00:12:13.788+0000] {dagbag.py:538} INFO - Filling up the DagBag from /home/airflow/.local/lib/python3.7/site-packages/airflow/example_dags/example_xcomargs.py
[2023-03-18T00:12:13.834+0000] {processor.py:753} INFO - DAG(s) dict_keys(['example_xcom_args_with_operators', 'example_xcom_args']) retrieved from /home/airflow/.local/lib/python3.7/site-packages/airflow/example_dags/example_xcomargs.py
[2023-03-18T00:12:13.893+0000] {logging_mixin.py:137} INFO - [2023-03-18T00:12:13.893+0000] {dag.py:2690} INFO - Sync 2 DAGs
[2023-03-18T00:12:13.939+0000] {logging_mixin.py:137} INFO - [2023-03-18T00:12:13.939+0000] {dag.py:3441} INFO - Setting next_dagrun for example_xcom_args to None, run_after=None
[2023-03-18T00:12:13.947+0000] {logging_mixin.py:137} INFO - [2023-03-18T00:12:13.946+0000] {dag.py:3441} INFO - Setting next_dagrun for example_xcom_args_with_operators to None, run_after=None
[2023-03-18T00:12:13.990+0000] {processor.py:175} INFO - Processing /home/airflow/.local/lib/python3.7/site-packages/airflow/example_dags/example_xcomargs.py took 0.212 seconds
[2023-03-18T00:12:44.209+0000] {processor.py:153} INFO - Started process (PID=10188) to work on /home/airflow/.local/lib/python3.7/site-packages/airflow/example_dags/example_xcomargs.py
[2023-03-18T00:12:44.211+0000] {processor.py:743} INFO - Processing file /home/airflow/.local/lib/python3.7/site-packages/airflow/example_dags/example_xcomargs.py for tasks to queue
[2023-03-18T00:12:44.213+0000] {logging_mixin.py:137} INFO - [2023-03-18T00:12:44.213+0000] {dagbag.py:538} INFO - Filling up the DagBag from /home/airflow/.local/lib/python3.7/site-packages/airflow/example_dags/example_xcomargs.py
[2023-03-18T00:12:44.255+0000] {processor.py:753} INFO - DAG(s) dict_keys(['example_xcom_args', 'example_xcom_args_with_operators']) retrieved from /home/airflow/.local/lib/python3.7/site-packages/airflow/example_dags/example_xcomargs.py
[2023-03-18T00:12:44.298+0000] {logging_mixin.py:137} INFO - [2023-03-18T00:12:44.298+0000] {dag.py:2690} INFO - Sync 2 DAGs
[2023-03-18T00:12:44.328+0000] {logging_mixin.py:137} INFO - [2023-03-18T00:12:44.328+0000] {dag.py:3441} INFO - Setting next_dagrun for example_xcom_args to None, run_after=None
[2023-03-18T00:12:44.334+0000] {logging_mixin.py:137} INFO - [2023-03-18T00:12:44.334+0000] {dag.py:3441} INFO - Setting next_dagrun for example_xcom_args_with_operators to None, run_after=None
[2023-03-18T00:12:44.358+0000] {processor.py:175} INFO - Processing /home/airflow/.local/lib/python3.7/site-packages/airflow/example_dags/example_xcomargs.py took 0.154 seconds
[2023-03-18T00:13:14.848+0000] {processor.py:153} INFO - Started process (PID=10270) to work on /home/airflow/.local/lib/python3.7/site-packages/airflow/example_dags/example_xcomargs.py
[2023-03-18T00:13:14.849+0000] {processor.py:743} INFO - Processing file /home/airflow/.local/lib/python3.7/site-packages/airflow/example_dags/example_xcomargs.py for tasks to queue
[2023-03-18T00:13:14.850+0000] {logging_mixin.py:137} INFO - [2023-03-18T00:13:14.850+0000] {dagbag.py:538} INFO - Filling up the DagBag from /home/airflow/.local/lib/python3.7/site-packages/airflow/example_dags/example_xcomargs.py
[2023-03-18T00:13:14.879+0000] {processor.py:753} INFO - DAG(s) dict_keys(['example_xcom_args', 'example_xcom_args_with_operators']) retrieved from /home/airflow/.local/lib/python3.7/site-packages/airflow/example_dags/example_xcomargs.py
[2023-03-18T00:13:14.911+0000] {logging_mixin.py:137} INFO - [2023-03-18T00:13:14.911+0000] {dag.py:2690} INFO - Sync 2 DAGs
[2023-03-18T00:13:14.943+0000] {logging_mixin.py:137} INFO - [2023-03-18T00:13:14.943+0000] {dag.py:3441} INFO - Setting next_dagrun for example_xcom_args to None, run_after=None
[2023-03-18T00:13:14.950+0000] {logging_mixin.py:137} INFO - [2023-03-18T00:13:14.950+0000] {dag.py:3441} INFO - Setting next_dagrun for example_xcom_args_with_operators to None, run_after=None
[2023-03-18T00:13:14.975+0000] {processor.py:175} INFO - Processing /home/airflow/.local/lib/python3.7/site-packages/airflow/example_dags/example_xcomargs.py took 0.131 seconds
[2023-03-18T00:13:45.673+0000] {processor.py:153} INFO - Started process (PID=10361) to work on /home/airflow/.local/lib/python3.7/site-packages/airflow/example_dags/example_xcomargs.py
[2023-03-18T00:13:45.674+0000] {processor.py:743} INFO - Processing file /home/airflow/.local/lib/python3.7/site-packages/airflow/example_dags/example_xcomargs.py for tasks to queue
[2023-03-18T00:13:45.676+0000] {logging_mixin.py:137} INFO - [2023-03-18T00:13:45.676+0000] {dagbag.py:538} INFO - Filling up the DagBag from /home/airflow/.local/lib/python3.7/site-packages/airflow/example_dags/example_xcomargs.py
[2023-03-18T00:13:45.756+0000] {processor.py:753} INFO - DAG(s) dict_keys(['example_xcom_args', 'example_xcom_args_with_operators']) retrieved from /home/airflow/.local/lib/python3.7/site-packages/airflow/example_dags/example_xcomargs.py
[2023-03-18T00:13:45.822+0000] {logging_mixin.py:137} INFO - [2023-03-18T00:13:45.822+0000] {dag.py:2690} INFO - Sync 2 DAGs
[2023-03-18T00:13:45.859+0000] {logging_mixin.py:137} INFO - [2023-03-18T00:13:45.859+0000] {dag.py:3441} INFO - Setting next_dagrun for example_xcom_args to None, run_after=None
[2023-03-18T00:13:45.866+0000] {logging_mixin.py:137} INFO - [2023-03-18T00:13:45.866+0000] {dag.py:3441} INFO - Setting next_dagrun for example_xcom_args_with_operators to None, run_after=None
[2023-03-18T00:13:45.905+0000] {processor.py:175} INFO - Processing /home/airflow/.local/lib/python3.7/site-packages/airflow/example_dags/example_xcomargs.py took 0.237 seconds
[2023-03-18T00:14:16.204+0000] {processor.py:153} INFO - Started process (PID=10454) to work on /home/airflow/.local/lib/python3.7/site-packages/airflow/example_dags/example_xcomargs.py
[2023-03-18T00:14:16.205+0000] {processor.py:743} INFO - Processing file /home/airflow/.local/lib/python3.7/site-packages/airflow/example_dags/example_xcomargs.py for tasks to queue
[2023-03-18T00:14:16.206+0000] {logging_mixin.py:137} INFO - [2023-03-18T00:14:16.206+0000] {dagbag.py:538} INFO - Filling up the DagBag from /home/airflow/.local/lib/python3.7/site-packages/airflow/example_dags/example_xcomargs.py
[2023-03-18T00:14:16.234+0000] {processor.py:753} INFO - DAG(s) dict_keys(['example_xcom_args', 'example_xcom_args_with_operators']) retrieved from /home/airflow/.local/lib/python3.7/site-packages/airflow/example_dags/example_xcomargs.py
[2023-03-18T00:14:16.274+0000] {logging_mixin.py:137} INFO - [2023-03-18T00:14:16.273+0000] {dag.py:2690} INFO - Sync 2 DAGs
[2023-03-18T00:14:16.303+0000] {logging_mixin.py:137} INFO - [2023-03-18T00:14:16.303+0000] {dag.py:3441} INFO - Setting next_dagrun for example_xcom_args to None, run_after=None
[2023-03-18T00:14:16.308+0000] {logging_mixin.py:137} INFO - [2023-03-18T00:14:16.308+0000] {dag.py:3441} INFO - Setting next_dagrun for example_xcom_args_with_operators to None, run_after=None
[2023-03-18T00:14:16.331+0000] {processor.py:175} INFO - Processing /home/airflow/.local/lib/python3.7/site-packages/airflow/example_dags/example_xcomargs.py took 0.131 seconds
[2023-03-18T00:14:47.000+0000] {processor.py:153} INFO - Started process (PID=10536) to work on /home/airflow/.local/lib/python3.7/site-packages/airflow/example_dags/example_xcomargs.py
[2023-03-18T00:14:47.003+0000] {processor.py:743} INFO - Processing file /home/airflow/.local/lib/python3.7/site-packages/airflow/example_dags/example_xcomargs.py for tasks to queue
[2023-03-18T00:14:47.006+0000] {logging_mixin.py:137} INFO - [2023-03-18T00:14:47.006+0000] {dagbag.py:538} INFO - Filling up the DagBag from /home/airflow/.local/lib/python3.7/site-packages/airflow/example_dags/example_xcomargs.py
[2023-03-18T00:14:47.059+0000] {processor.py:753} INFO - DAG(s) dict_keys(['example_xcom_args_with_operators', 'example_xcom_args']) retrieved from /home/airflow/.local/lib/python3.7/site-packages/airflow/example_dags/example_xcomargs.py
[2023-03-18T00:14:47.137+0000] {logging_mixin.py:137} INFO - [2023-03-18T00:14:47.137+0000] {dag.py:2690} INFO - Sync 2 DAGs
[2023-03-18T00:14:47.198+0000] {logging_mixin.py:137} INFO - [2023-03-18T00:14:47.198+0000] {dag.py:3441} INFO - Setting next_dagrun for example_xcom_args to None, run_after=None
[2023-03-18T00:14:47.205+0000] {logging_mixin.py:137} INFO - [2023-03-18T00:14:47.205+0000] {dag.py:3441} INFO - Setting next_dagrun for example_xcom_args_with_operators to None, run_after=None
[2023-03-18T00:14:47.236+0000] {processor.py:175} INFO - Processing /home/airflow/.local/lib/python3.7/site-packages/airflow/example_dags/example_xcomargs.py took 0.244 seconds
[2023-03-18T00:15:17.508+0000] {processor.py:153} INFO - Started process (PID=10618) to work on /home/airflow/.local/lib/python3.7/site-packages/airflow/example_dags/example_xcomargs.py
[2023-03-18T00:15:17.509+0000] {processor.py:743} INFO - Processing file /home/airflow/.local/lib/python3.7/site-packages/airflow/example_dags/example_xcomargs.py for tasks to queue
[2023-03-18T00:15:17.510+0000] {logging_mixin.py:137} INFO - [2023-03-18T00:15:17.510+0000] {dagbag.py:538} INFO - Filling up the DagBag from /home/airflow/.local/lib/python3.7/site-packages/airflow/example_dags/example_xcomargs.py
[2023-03-18T00:15:17.534+0000] {processor.py:753} INFO - DAG(s) dict_keys(['example_xcom_args', 'example_xcom_args_with_operators']) retrieved from /home/airflow/.local/lib/python3.7/site-packages/airflow/example_dags/example_xcomargs.py
[2023-03-18T00:15:17.563+0000] {logging_mixin.py:137} INFO - [2023-03-18T00:15:17.563+0000] {dag.py:2690} INFO - Sync 2 DAGs
[2023-03-18T00:15:17.591+0000] {logging_mixin.py:137} INFO - [2023-03-18T00:15:17.590+0000] {dag.py:3441} INFO - Setting next_dagrun for example_xcom_args to None, run_after=None
[2023-03-18T00:15:17.596+0000] {logging_mixin.py:137} INFO - [2023-03-18T00:15:17.596+0000] {dag.py:3441} INFO - Setting next_dagrun for example_xcom_args_with_operators to None, run_after=None
[2023-03-18T00:15:17.617+0000] {processor.py:175} INFO - Processing /home/airflow/.local/lib/python3.7/site-packages/airflow/example_dags/example_xcomargs.py took 0.112 seconds
[2023-03-18T00:15:48.348+0000] {processor.py:153} INFO - Started process (PID=10707) to work on /home/airflow/.local/lib/python3.7/site-packages/airflow/example_dags/example_xcomargs.py
[2023-03-18T00:15:48.350+0000] {processor.py:743} INFO - Processing file /home/airflow/.local/lib/python3.7/site-packages/airflow/example_dags/example_xcomargs.py for tasks to queue
[2023-03-18T00:15:48.352+0000] {logging_mixin.py:137} INFO - [2023-03-18T00:15:48.352+0000] {dagbag.py:538} INFO - Filling up the DagBag from /home/airflow/.local/lib/python3.7/site-packages/airflow/example_dags/example_xcomargs.py
[2023-03-18T00:15:48.390+0000] {processor.py:753} INFO - DAG(s) dict_keys(['example_xcom_args_with_operators', 'example_xcom_args']) retrieved from /home/airflow/.local/lib/python3.7/site-packages/airflow/example_dags/example_xcomargs.py
[2023-03-18T00:15:48.443+0000] {logging_mixin.py:137} INFO - [2023-03-18T00:15:48.443+0000] {dag.py:2690} INFO - Sync 2 DAGs
[2023-03-18T00:15:48.511+0000] {logging_mixin.py:137} INFO - [2023-03-18T00:15:48.511+0000] {dag.py:3441} INFO - Setting next_dagrun for example_xcom_args to None, run_after=None
[2023-03-18T00:15:48.518+0000] {logging_mixin.py:137} INFO - [2023-03-18T00:15:48.517+0000] {dag.py:3441} INFO - Setting next_dagrun for example_xcom_args_with_operators to None, run_after=None
[2023-03-18T00:15:48.558+0000] {processor.py:175} INFO - Processing /home/airflow/.local/lib/python3.7/site-packages/airflow/example_dags/example_xcomargs.py took 0.217 seconds
[2023-03-18T00:16:19.697+0000] {processor.py:153} INFO - Started process (PID=10802) to work on /home/airflow/.local/lib/python3.7/site-packages/airflow/example_dags/example_xcomargs.py
[2023-03-18T00:16:19.698+0000] {processor.py:743} INFO - Processing file /home/airflow/.local/lib/python3.7/site-packages/airflow/example_dags/example_xcomargs.py for tasks to queue
[2023-03-18T00:16:19.700+0000] {logging_mixin.py:137} INFO - [2023-03-18T00:16:19.700+0000] {dagbag.py:538} INFO - Filling up the DagBag from /home/airflow/.local/lib/python3.7/site-packages/airflow/example_dags/example_xcomargs.py
[2023-03-18T00:16:19.737+0000] {processor.py:753} INFO - DAG(s) dict_keys(['example_xcom_args', 'example_xcom_args_with_operators']) retrieved from /home/airflow/.local/lib/python3.7/site-packages/airflow/example_dags/example_xcomargs.py
[2023-03-18T00:16:19.825+0000] {logging_mixin.py:137} INFO - [2023-03-18T00:16:19.825+0000] {dag.py:2690} INFO - Sync 2 DAGs
[2023-03-18T00:16:19.894+0000] {logging_mixin.py:137} INFO - [2023-03-18T00:16:19.893+0000] {dag.py:3441} INFO - Setting next_dagrun for example_xcom_args to None, run_after=None
[2023-03-18T00:16:19.901+0000] {logging_mixin.py:137} INFO - [2023-03-18T00:16:19.901+0000] {dag.py:3441} INFO - Setting next_dagrun for example_xcom_args_with_operators to None, run_after=None
[2023-03-18T00:16:19.934+0000] {processor.py:175} INFO - Processing /home/airflow/.local/lib/python3.7/site-packages/airflow/example_dags/example_xcomargs.py took 0.242 seconds
