[2023-03-18T00:00:19.590+0000] {processor.py:153} INFO - Started process (PID=8105) to work on /home/airflow/.local/lib/python3.7/site-packages/airflow/example_dags/example_branch_datetime_operator.py
[2023-03-18T00:00:19.592+0000] {processor.py:743} INFO - Processing file /home/airflow/.local/lib/python3.7/site-packages/airflow/example_dags/example_branch_datetime_operator.py for tasks to queue
[2023-03-18T00:00:19.593+0000] {logging_mixin.py:137} INFO - [2023-03-18T00:00:19.593+0000] {dagbag.py:538} INFO - Filling up the DagBag from /home/airflow/.local/lib/python3.7/site-packages/airflow/example_dags/example_branch_datetime_operator.py
[2023-03-18T00:00:19.621+0000] {processor.py:753} INFO - DAG(s) dict_keys(['example_branch_datetime_operator', 'example_branch_datetime_operator_3', 'example_branch_datetime_operator_2']) retrieved from /home/airflow/.local/lib/python3.7/site-packages/airflow/example_dags/example_branch_datetime_operator.py
[2023-03-18T00:00:19.659+0000] {logging_mixin.py:137} INFO - [2023-03-18T00:00:19.659+0000] {dag.py:2690} INFO - Sync 3 DAGs
[2023-03-18T00:00:19.718+0000] {logging_mixin.py:137} INFO - [2023-03-18T00:00:19.718+0000] {dag.py:3441} INFO - Setting next_dagrun for example_branch_datetime_operator to 2023-03-17T00:00:00+00:00, run_after=2023-03-18T00:00:00+00:00
[2023-03-18T00:00:19.727+0000] {logging_mixin.py:137} INFO - [2023-03-18T00:00:19.727+0000] {dag.py:3441} INFO - Setting next_dagrun for example_branch_datetime_operator_2 to 2023-03-17T00:00:00+00:00, run_after=2023-03-18T00:00:00+00:00
[2023-03-18T00:00:19.732+0000] {logging_mixin.py:137} INFO - [2023-03-18T00:00:19.732+0000] {dag.py:3441} INFO - Setting next_dagrun for example_branch_datetime_operator_3 to 2023-03-17T00:00:00+00:00, run_after=2023-03-18T00:00:00+00:00
[2023-03-18T00:00:19.763+0000] {processor.py:175} INFO - Processing /home/airflow/.local/lib/python3.7/site-packages/airflow/example_dags/example_branch_datetime_operator.py took 0.177 seconds
[2023-03-18T00:00:51.824+0000] {processor.py:153} INFO - Started process (PID=8207) to work on /home/airflow/.local/lib/python3.7/site-packages/airflow/example_dags/example_branch_datetime_operator.py
[2023-03-18T00:00:51.832+0000] {processor.py:743} INFO - Processing file /home/airflow/.local/lib/python3.7/site-packages/airflow/example_dags/example_branch_datetime_operator.py for tasks to queue
[2023-03-18T00:00:51.836+0000] {logging_mixin.py:137} INFO - [2023-03-18T00:00:51.835+0000] {dagbag.py:538} INFO - Filling up the DagBag from /home/airflow/.local/lib/python3.7/site-packages/airflow/example_dags/example_branch_datetime_operator.py
[2023-03-18T00:00:51.915+0000] {processor.py:753} INFO - DAG(s) dict_keys(['example_branch_datetime_operator_2', 'example_branch_datetime_operator_3', 'example_branch_datetime_operator']) retrieved from /home/airflow/.local/lib/python3.7/site-packages/airflow/example_dags/example_branch_datetime_operator.py
[2023-03-18T00:00:52.177+0000] {logging_mixin.py:137} INFO - [2023-03-18T00:00:52.171+0000] {dag.py:2690} INFO - Sync 3 DAGs
[2023-03-18T00:00:52.320+0000] {logging_mixin.py:137} INFO - [2023-03-18T00:00:52.319+0000] {dag.py:3441} INFO - Setting next_dagrun for example_branch_datetime_operator to 2023-03-17T00:00:00+00:00, run_after=2023-03-18T00:00:00+00:00
[2023-03-18T00:00:52.336+0000] {logging_mixin.py:137} INFO - [2023-03-18T00:00:52.336+0000] {dag.py:3441} INFO - Setting next_dagrun for example_branch_datetime_operator_2 to 2023-03-17T00:00:00+00:00, run_after=2023-03-18T00:00:00+00:00
[2023-03-18T00:00:52.346+0000] {logging_mixin.py:137} INFO - [2023-03-18T00:00:52.346+0000] {dag.py:3441} INFO - Setting next_dagrun for example_branch_datetime_operator_3 to 2023-03-17T00:00:00+00:00, run_after=2023-03-18T00:00:00+00:00
[2023-03-18T00:00:52.418+0000] {processor.py:175} INFO - Processing /home/airflow/.local/lib/python3.7/site-packages/airflow/example_dags/example_branch_datetime_operator.py took 0.628 seconds
[2023-03-18T00:01:22.796+0000] {processor.py:153} INFO - Started process (PID=8284) to work on /home/airflow/.local/lib/python3.7/site-packages/airflow/example_dags/example_branch_datetime_operator.py
[2023-03-18T00:01:22.802+0000] {processor.py:743} INFO - Processing file /home/airflow/.local/lib/python3.7/site-packages/airflow/example_dags/example_branch_datetime_operator.py for tasks to queue
[2023-03-18T00:01:22.804+0000] {logging_mixin.py:137} INFO - [2023-03-18T00:01:22.804+0000] {dagbag.py:538} INFO - Filling up the DagBag from /home/airflow/.local/lib/python3.7/site-packages/airflow/example_dags/example_branch_datetime_operator.py
[2023-03-18T00:01:22.889+0000] {processor.py:753} INFO - DAG(s) dict_keys(['example_branch_datetime_operator_3', 'example_branch_datetime_operator', 'example_branch_datetime_operator_2']) retrieved from /home/airflow/.local/lib/python3.7/site-packages/airflow/example_dags/example_branch_datetime_operator.py
[2023-03-18T00:01:22.981+0000] {logging_mixin.py:137} INFO - [2023-03-18T00:01:22.981+0000] {dag.py:2690} INFO - Sync 3 DAGs
[2023-03-18T00:01:23.062+0000] {logging_mixin.py:137} INFO - [2023-03-18T00:01:23.062+0000] {dag.py:3441} INFO - Setting next_dagrun for example_branch_datetime_operator to 2023-03-17T00:00:00+00:00, run_after=2023-03-18T00:00:00+00:00
[2023-03-18T00:01:23.080+0000] {logging_mixin.py:137} INFO - [2023-03-18T00:01:23.080+0000] {dag.py:3441} INFO - Setting next_dagrun for example_branch_datetime_operator_2 to 2023-03-17T00:00:00+00:00, run_after=2023-03-18T00:00:00+00:00
[2023-03-18T00:01:23.090+0000] {logging_mixin.py:137} INFO - [2023-03-18T00:01:23.090+0000] {dag.py:3441} INFO - Setting next_dagrun for example_branch_datetime_operator_3 to 2023-03-17T00:00:00+00:00, run_after=2023-03-18T00:00:00+00:00
[2023-03-18T00:01:23.167+0000] {processor.py:175} INFO - Processing /home/airflow/.local/lib/python3.7/site-packages/airflow/example_dags/example_branch_datetime_operator.py took 0.387 seconds
[2023-03-18T00:01:53.650+0000] {processor.py:153} INFO - Started process (PID=8361) to work on /home/airflow/.local/lib/python3.7/site-packages/airflow/example_dags/example_branch_datetime_operator.py
[2023-03-18T00:01:53.660+0000] {processor.py:743} INFO - Processing file /home/airflow/.local/lib/python3.7/site-packages/airflow/example_dags/example_branch_datetime_operator.py for tasks to queue
[2023-03-18T00:01:53.665+0000] {logging_mixin.py:137} INFO - [2023-03-18T00:01:53.664+0000] {dagbag.py:538} INFO - Filling up the DagBag from /home/airflow/.local/lib/python3.7/site-packages/airflow/example_dags/example_branch_datetime_operator.py
[2023-03-18T00:01:53.758+0000] {processor.py:753} INFO - DAG(s) dict_keys(['example_branch_datetime_operator', 'example_branch_datetime_operator_2', 'example_branch_datetime_operator_3']) retrieved from /home/airflow/.local/lib/python3.7/site-packages/airflow/example_dags/example_branch_datetime_operator.py
[2023-03-18T00:01:53.886+0000] {logging_mixin.py:137} INFO - [2023-03-18T00:01:53.885+0000] {dag.py:2690} INFO - Sync 3 DAGs
[2023-03-18T00:01:53.986+0000] {logging_mixin.py:137} INFO - [2023-03-18T00:01:53.985+0000] {dag.py:3441} INFO - Setting next_dagrun for example_branch_datetime_operator to 2023-03-17T00:00:00+00:00, run_after=2023-03-18T00:00:00+00:00
[2023-03-18T00:01:53.997+0000] {logging_mixin.py:137} INFO - [2023-03-18T00:01:53.997+0000] {dag.py:3441} INFO - Setting next_dagrun for example_branch_datetime_operator_2 to 2023-03-17T00:00:00+00:00, run_after=2023-03-18T00:00:00+00:00
[2023-03-18T00:01:54.002+0000] {logging_mixin.py:137} INFO - [2023-03-18T00:01:54.002+0000] {dag.py:3441} INFO - Setting next_dagrun for example_branch_datetime_operator_3 to 2023-03-17T00:00:00+00:00, run_after=2023-03-18T00:00:00+00:00
[2023-03-18T00:01:54.064+0000] {processor.py:175} INFO - Processing /home/airflow/.local/lib/python3.7/site-packages/airflow/example_dags/example_branch_datetime_operator.py took 0.426 seconds
[2023-03-18T00:02:24.471+0000] {processor.py:153} INFO - Started process (PID=8443) to work on /home/airflow/.local/lib/python3.7/site-packages/airflow/example_dags/example_branch_datetime_operator.py
[2023-03-18T00:02:24.475+0000] {processor.py:743} INFO - Processing file /home/airflow/.local/lib/python3.7/site-packages/airflow/example_dags/example_branch_datetime_operator.py for tasks to queue
[2023-03-18T00:02:24.477+0000] {logging_mixin.py:137} INFO - [2023-03-18T00:02:24.477+0000] {dagbag.py:538} INFO - Filling up the DagBag from /home/airflow/.local/lib/python3.7/site-packages/airflow/example_dags/example_branch_datetime_operator.py
[2023-03-18T00:02:24.562+0000] {processor.py:753} INFO - DAG(s) dict_keys(['example_branch_datetime_operator_3', 'example_branch_datetime_operator', 'example_branch_datetime_operator_2']) retrieved from /home/airflow/.local/lib/python3.7/site-packages/airflow/example_dags/example_branch_datetime_operator.py
[2023-03-18T00:02:24.783+0000] {logging_mixin.py:137} INFO - [2023-03-18T00:02:24.783+0000] {dag.py:2690} INFO - Sync 3 DAGs
[2023-03-18T00:02:24.885+0000] {logging_mixin.py:137} INFO - [2023-03-18T00:02:24.884+0000] {dag.py:3441} INFO - Setting next_dagrun for example_branch_datetime_operator to 2023-03-17T00:00:00+00:00, run_after=2023-03-18T00:00:00+00:00
[2023-03-18T00:02:24.900+0000] {logging_mixin.py:137} INFO - [2023-03-18T00:02:24.900+0000] {dag.py:3441} INFO - Setting next_dagrun for example_branch_datetime_operator_2 to 2023-03-17T00:00:00+00:00, run_after=2023-03-18T00:00:00+00:00
[2023-03-18T00:02:24.906+0000] {logging_mixin.py:137} INFO - [2023-03-18T00:02:24.905+0000] {dag.py:3441} INFO - Setting next_dagrun for example_branch_datetime_operator_3 to 2023-03-17T00:00:00+00:00, run_after=2023-03-18T00:00:00+00:00
[2023-03-18T00:02:24.956+0000] {processor.py:175} INFO - Processing /home/airflow/.local/lib/python3.7/site-packages/airflow/example_dags/example_branch_datetime_operator.py took 0.509 seconds
[2023-03-18T00:02:55.924+0000] {processor.py:153} INFO - Started process (PID=8525) to work on /home/airflow/.local/lib/python3.7/site-packages/airflow/example_dags/example_branch_datetime_operator.py
[2023-03-18T00:02:55.929+0000] {processor.py:743} INFO - Processing file /home/airflow/.local/lib/python3.7/site-packages/airflow/example_dags/example_branch_datetime_operator.py for tasks to queue
[2023-03-18T00:02:55.931+0000] {logging_mixin.py:137} INFO - [2023-03-18T00:02:55.931+0000] {dagbag.py:538} INFO - Filling up the DagBag from /home/airflow/.local/lib/python3.7/site-packages/airflow/example_dags/example_branch_datetime_operator.py
[2023-03-18T00:02:56.021+0000] {processor.py:753} INFO - DAG(s) dict_keys(['example_branch_datetime_operator', 'example_branch_datetime_operator_2', 'example_branch_datetime_operator_3']) retrieved from /home/airflow/.local/lib/python3.7/site-packages/airflow/example_dags/example_branch_datetime_operator.py
[2023-03-18T00:02:56.174+0000] {logging_mixin.py:137} INFO - [2023-03-18T00:02:56.174+0000] {dag.py:2690} INFO - Sync 3 DAGs
[2023-03-18T00:02:56.272+0000] {logging_mixin.py:137} INFO - [2023-03-18T00:02:56.271+0000] {dag.py:3441} INFO - Setting next_dagrun for example_branch_datetime_operator to 2023-03-17T00:00:00+00:00, run_after=2023-03-18T00:00:00+00:00
[2023-03-18T00:02:56.286+0000] {logging_mixin.py:137} INFO - [2023-03-18T00:02:56.285+0000] {dag.py:3441} INFO - Setting next_dagrun for example_branch_datetime_operator_2 to 2023-03-17T00:00:00+00:00, run_after=2023-03-18T00:00:00+00:00
[2023-03-18T00:02:56.292+0000] {logging_mixin.py:137} INFO - [2023-03-18T00:02:56.292+0000] {dag.py:3441} INFO - Setting next_dagrun for example_branch_datetime_operator_3 to 2023-03-17T00:00:00+00:00, run_after=2023-03-18T00:00:00+00:00
[2023-03-18T00:02:56.342+0000] {processor.py:175} INFO - Processing /home/airflow/.local/lib/python3.7/site-packages/airflow/example_dags/example_branch_datetime_operator.py took 0.436 seconds
[2023-03-18T00:03:26.592+0000] {processor.py:153} INFO - Started process (PID=8607) to work on /home/airflow/.local/lib/python3.7/site-packages/airflow/example_dags/example_branch_datetime_operator.py
[2023-03-18T00:03:26.598+0000] {processor.py:743} INFO - Processing file /home/airflow/.local/lib/python3.7/site-packages/airflow/example_dags/example_branch_datetime_operator.py for tasks to queue
[2023-03-18T00:03:26.603+0000] {logging_mixin.py:137} INFO - [2023-03-18T00:03:26.603+0000] {dagbag.py:538} INFO - Filling up the DagBag from /home/airflow/.local/lib/python3.7/site-packages/airflow/example_dags/example_branch_datetime_operator.py
[2023-03-18T00:03:26.679+0000] {processor.py:753} INFO - DAG(s) dict_keys(['example_branch_datetime_operator', 'example_branch_datetime_operator_2', 'example_branch_datetime_operator_3']) retrieved from /home/airflow/.local/lib/python3.7/site-packages/airflow/example_dags/example_branch_datetime_operator.py
[2023-03-18T00:03:26.817+0000] {logging_mixin.py:137} INFO - [2023-03-18T00:03:26.817+0000] {dag.py:2690} INFO - Sync 3 DAGs
[2023-03-18T00:03:26.895+0000] {logging_mixin.py:137} INFO - [2023-03-18T00:03:26.895+0000] {dag.py:3441} INFO - Setting next_dagrun for example_branch_datetime_operator to 2023-03-17T00:00:00+00:00, run_after=2023-03-18T00:00:00+00:00
[2023-03-18T00:03:26.905+0000] {logging_mixin.py:137} INFO - [2023-03-18T00:03:26.905+0000] {dag.py:3441} INFO - Setting next_dagrun for example_branch_datetime_operator_2 to 2023-03-17T00:00:00+00:00, run_after=2023-03-18T00:00:00+00:00
[2023-03-18T00:03:26.910+0000] {logging_mixin.py:137} INFO - [2023-03-18T00:03:26.910+0000] {dag.py:3441} INFO - Setting next_dagrun for example_branch_datetime_operator_3 to 2023-03-17T00:00:00+00:00, run_after=2023-03-18T00:00:00+00:00
[2023-03-18T00:03:26.960+0000] {processor.py:175} INFO - Processing /home/airflow/.local/lib/python3.7/site-packages/airflow/example_dags/example_branch_datetime_operator.py took 0.391 seconds
[2023-03-18T00:03:57.217+0000] {processor.py:153} INFO - Started process (PID=8700) to work on /home/airflow/.local/lib/python3.7/site-packages/airflow/example_dags/example_branch_datetime_operator.py
[2023-03-18T00:03:57.219+0000] {processor.py:743} INFO - Processing file /home/airflow/.local/lib/python3.7/site-packages/airflow/example_dags/example_branch_datetime_operator.py for tasks to queue
[2023-03-18T00:03:57.220+0000] {logging_mixin.py:137} INFO - [2023-03-18T00:03:57.220+0000] {dagbag.py:538} INFO - Filling up the DagBag from /home/airflow/.local/lib/python3.7/site-packages/airflow/example_dags/example_branch_datetime_operator.py
[2023-03-18T00:03:57.250+0000] {processor.py:753} INFO - DAG(s) dict_keys(['example_branch_datetime_operator_2', 'example_branch_datetime_operator', 'example_branch_datetime_operator_3']) retrieved from /home/airflow/.local/lib/python3.7/site-packages/airflow/example_dags/example_branch_datetime_operator.py
[2023-03-18T00:03:57.300+0000] {logging_mixin.py:137} INFO - [2023-03-18T00:03:57.300+0000] {dag.py:2690} INFO - Sync 3 DAGs
[2023-03-18T00:03:57.334+0000] {logging_mixin.py:137} INFO - [2023-03-18T00:03:57.334+0000] {dag.py:3441} INFO - Setting next_dagrun for example_branch_datetime_operator to 2023-03-17T00:00:00+00:00, run_after=2023-03-18T00:00:00+00:00
[2023-03-18T00:03:57.341+0000] {logging_mixin.py:137} INFO - [2023-03-18T00:03:57.341+0000] {dag.py:3441} INFO - Setting next_dagrun for example_branch_datetime_operator_2 to 2023-03-17T00:00:00+00:00, run_after=2023-03-18T00:00:00+00:00
[2023-03-18T00:03:57.345+0000] {logging_mixin.py:137} INFO - [2023-03-18T00:03:57.344+0000] {dag.py:3441} INFO - Setting next_dagrun for example_branch_datetime_operator_3 to 2023-03-17T00:00:00+00:00, run_after=2023-03-18T00:00:00+00:00
[2023-03-18T00:03:57.378+0000] {processor.py:175} INFO - Processing /home/airflow/.local/lib/python3.7/site-packages/airflow/example_dags/example_branch_datetime_operator.py took 0.166 seconds
[2023-03-18T00:04:27.946+0000] {processor.py:153} INFO - Started process (PID=8782) to work on /home/airflow/.local/lib/python3.7/site-packages/airflow/example_dags/example_branch_datetime_operator.py
[2023-03-18T00:04:27.958+0000] {processor.py:743} INFO - Processing file /home/airflow/.local/lib/python3.7/site-packages/airflow/example_dags/example_branch_datetime_operator.py for tasks to queue
[2023-03-18T00:04:27.964+0000] {logging_mixin.py:137} INFO - [2023-03-18T00:04:27.963+0000] {dagbag.py:538} INFO - Filling up the DagBag from /home/airflow/.local/lib/python3.7/site-packages/airflow/example_dags/example_branch_datetime_operator.py
[2023-03-18T00:04:28.047+0000] {processor.py:753} INFO - DAG(s) dict_keys(['example_branch_datetime_operator_3', 'example_branch_datetime_operator_2', 'example_branch_datetime_operator']) retrieved from /home/airflow/.local/lib/python3.7/site-packages/airflow/example_dags/example_branch_datetime_operator.py
[2023-03-18T00:04:28.107+0000] {logging_mixin.py:137} INFO - [2023-03-18T00:04:28.107+0000] {dag.py:2690} INFO - Sync 3 DAGs
[2023-03-18T00:04:28.147+0000] {logging_mixin.py:137} INFO - [2023-03-18T00:04:28.146+0000] {dag.py:3441} INFO - Setting next_dagrun for example_branch_datetime_operator to 2023-03-17T00:00:00+00:00, run_after=2023-03-18T00:00:00+00:00
[2023-03-18T00:04:28.153+0000] {logging_mixin.py:137} INFO - [2023-03-18T00:04:28.153+0000] {dag.py:3441} INFO - Setting next_dagrun for example_branch_datetime_operator_2 to 2023-03-17T00:00:00+00:00, run_after=2023-03-18T00:00:00+00:00
[2023-03-18T00:04:28.157+0000] {logging_mixin.py:137} INFO - [2023-03-18T00:04:28.157+0000] {dag.py:3441} INFO - Setting next_dagrun for example_branch_datetime_operator_3 to 2023-03-17T00:00:00+00:00, run_after=2023-03-18T00:00:00+00:00
[2023-03-18T00:04:28.178+0000] {processor.py:175} INFO - Processing /home/airflow/.local/lib/python3.7/site-packages/airflow/example_dags/example_branch_datetime_operator.py took 0.256 seconds
[2023-03-18T00:04:58.418+0000] {processor.py:153} INFO - Started process (PID=8865) to work on /home/airflow/.local/lib/python3.7/site-packages/airflow/example_dags/example_branch_datetime_operator.py
[2023-03-18T00:04:58.420+0000] {processor.py:743} INFO - Processing file /home/airflow/.local/lib/python3.7/site-packages/airflow/example_dags/example_branch_datetime_operator.py for tasks to queue
[2023-03-18T00:04:58.421+0000] {logging_mixin.py:137} INFO - [2023-03-18T00:04:58.421+0000] {dagbag.py:538} INFO - Filling up the DagBag from /home/airflow/.local/lib/python3.7/site-packages/airflow/example_dags/example_branch_datetime_operator.py
[2023-03-18T00:04:58.449+0000] {processor.py:753} INFO - DAG(s) dict_keys(['example_branch_datetime_operator_3', 'example_branch_datetime_operator_2', 'example_branch_datetime_operator']) retrieved from /home/airflow/.local/lib/python3.7/site-packages/airflow/example_dags/example_branch_datetime_operator.py
[2023-03-18T00:04:58.493+0000] {logging_mixin.py:137} INFO - [2023-03-18T00:04:58.493+0000] {dag.py:2690} INFO - Sync 3 DAGs
[2023-03-18T00:04:58.530+0000] {logging_mixin.py:137} INFO - [2023-03-18T00:04:58.530+0000] {dag.py:3441} INFO - Setting next_dagrun for example_branch_datetime_operator to 2023-03-17T00:00:00+00:00, run_after=2023-03-18T00:00:00+00:00
[2023-03-18T00:04:58.536+0000] {logging_mixin.py:137} INFO - [2023-03-18T00:04:58.536+0000] {dag.py:3441} INFO - Setting next_dagrun for example_branch_datetime_operator_2 to 2023-03-17T00:00:00+00:00, run_after=2023-03-18T00:00:00+00:00
[2023-03-18T00:04:58.542+0000] {logging_mixin.py:137} INFO - [2023-03-18T00:04:58.541+0000] {dag.py:3441} INFO - Setting next_dagrun for example_branch_datetime_operator_3 to 2023-03-17T00:00:00+00:00, run_after=2023-03-18T00:00:00+00:00
[2023-03-18T00:04:58.567+0000] {processor.py:175} INFO - Processing /home/airflow/.local/lib/python3.7/site-packages/airflow/example_dags/example_branch_datetime_operator.py took 0.152 seconds
[2023-03-18T00:05:28.948+0000] {processor.py:153} INFO - Started process (PID=8967) to work on /home/airflow/.local/lib/python3.7/site-packages/airflow/example_dags/example_branch_datetime_operator.py
[2023-03-18T00:05:28.952+0000] {processor.py:743} INFO - Processing file /home/airflow/.local/lib/python3.7/site-packages/airflow/example_dags/example_branch_datetime_operator.py for tasks to queue
[2023-03-18T00:05:28.954+0000] {logging_mixin.py:137} INFO - [2023-03-18T00:05:28.954+0000] {dagbag.py:538} INFO - Filling up the DagBag from /home/airflow/.local/lib/python3.7/site-packages/airflow/example_dags/example_branch_datetime_operator.py
[2023-03-18T00:05:29.007+0000] {processor.py:753} INFO - DAG(s) dict_keys(['example_branch_datetime_operator_3', 'example_branch_datetime_operator', 'example_branch_datetime_operator_2']) retrieved from /home/airflow/.local/lib/python3.7/site-packages/airflow/example_dags/example_branch_datetime_operator.py
[2023-03-18T00:05:29.108+0000] {logging_mixin.py:137} INFO - [2023-03-18T00:05:29.108+0000] {dag.py:2690} INFO - Sync 3 DAGs
[2023-03-18T00:05:29.178+0000] {logging_mixin.py:137} INFO - [2023-03-18T00:05:29.177+0000] {dag.py:3441} INFO - Setting next_dagrun for example_branch_datetime_operator to 2023-03-17T00:00:00+00:00, run_after=2023-03-18T00:00:00+00:00
[2023-03-18T00:05:29.189+0000] {logging_mixin.py:137} INFO - [2023-03-18T00:05:29.189+0000] {dag.py:3441} INFO - Setting next_dagrun for example_branch_datetime_operator_2 to 2023-03-17T00:00:00+00:00, run_after=2023-03-18T00:00:00+00:00
[2023-03-18T00:05:29.193+0000] {logging_mixin.py:137} INFO - [2023-03-18T00:05:29.193+0000] {dag.py:3441} INFO - Setting next_dagrun for example_branch_datetime_operator_3 to 2023-03-17T00:00:00+00:00, run_after=2023-03-18T00:00:00+00:00
[2023-03-18T00:05:29.229+0000] {processor.py:175} INFO - Processing /home/airflow/.local/lib/python3.7/site-packages/airflow/example_dags/example_branch_datetime_operator.py took 0.297 seconds
[2023-03-18T00:05:59.623+0000] {processor.py:153} INFO - Started process (PID=9049) to work on /home/airflow/.local/lib/python3.7/site-packages/airflow/example_dags/example_branch_datetime_operator.py
[2023-03-18T00:05:59.625+0000] {processor.py:743} INFO - Processing file /home/airflow/.local/lib/python3.7/site-packages/airflow/example_dags/example_branch_datetime_operator.py for tasks to queue
[2023-03-18T00:05:59.626+0000] {logging_mixin.py:137} INFO - [2023-03-18T00:05:59.626+0000] {dagbag.py:538} INFO - Filling up the DagBag from /home/airflow/.local/lib/python3.7/site-packages/airflow/example_dags/example_branch_datetime_operator.py
[2023-03-18T00:05:59.646+0000] {processor.py:753} INFO - DAG(s) dict_keys(['example_branch_datetime_operator_3', 'example_branch_datetime_operator', 'example_branch_datetime_operator_2']) retrieved from /home/airflow/.local/lib/python3.7/site-packages/airflow/example_dags/example_branch_datetime_operator.py
[2023-03-18T00:05:59.687+0000] {logging_mixin.py:137} INFO - [2023-03-18T00:05:59.687+0000] {dag.py:2690} INFO - Sync 3 DAGs
[2023-03-18T00:05:59.721+0000] {logging_mixin.py:137} INFO - [2023-03-18T00:05:59.720+0000] {dag.py:3441} INFO - Setting next_dagrun for example_branch_datetime_operator to 2023-03-17T00:00:00+00:00, run_after=2023-03-18T00:00:00+00:00
[2023-03-18T00:05:59.727+0000] {logging_mixin.py:137} INFO - [2023-03-18T00:05:59.727+0000] {dag.py:3441} INFO - Setting next_dagrun for example_branch_datetime_operator_2 to 2023-03-17T00:00:00+00:00, run_after=2023-03-18T00:00:00+00:00
[2023-03-18T00:05:59.731+0000] {logging_mixin.py:137} INFO - [2023-03-18T00:05:59.731+0000] {dag.py:3441} INFO - Setting next_dagrun for example_branch_datetime_operator_3 to 2023-03-17T00:00:00+00:00, run_after=2023-03-18T00:00:00+00:00
[2023-03-18T00:05:59.757+0000] {processor.py:175} INFO - Processing /home/airflow/.local/lib/python3.7/site-packages/airflow/example_dags/example_branch_datetime_operator.py took 0.138 seconds
[2023-03-18T00:06:30.448+0000] {processor.py:153} INFO - Started process (PID=9131) to work on /home/airflow/.local/lib/python3.7/site-packages/airflow/example_dags/example_branch_datetime_operator.py
[2023-03-18T00:06:30.450+0000] {processor.py:743} INFO - Processing file /home/airflow/.local/lib/python3.7/site-packages/airflow/example_dags/example_branch_datetime_operator.py for tasks to queue
[2023-03-18T00:06:30.452+0000] {logging_mixin.py:137} INFO - [2023-03-18T00:06:30.452+0000] {dagbag.py:538} INFO - Filling up the DagBag from /home/airflow/.local/lib/python3.7/site-packages/airflow/example_dags/example_branch_datetime_operator.py
[2023-03-18T00:06:30.480+0000] {processor.py:753} INFO - DAG(s) dict_keys(['example_branch_datetime_operator_2', 'example_branch_datetime_operator', 'example_branch_datetime_operator_3']) retrieved from /home/airflow/.local/lib/python3.7/site-packages/airflow/example_dags/example_branch_datetime_operator.py
[2023-03-18T00:06:30.536+0000] {logging_mixin.py:137} INFO - [2023-03-18T00:06:30.535+0000] {dag.py:2690} INFO - Sync 3 DAGs
[2023-03-18T00:06:30.588+0000] {logging_mixin.py:137} INFO - [2023-03-18T00:06:30.588+0000] {dag.py:3441} INFO - Setting next_dagrun for example_branch_datetime_operator to 2023-03-17T00:00:00+00:00, run_after=2023-03-18T00:00:00+00:00
[2023-03-18T00:06:30.597+0000] {logging_mixin.py:137} INFO - [2023-03-18T00:06:30.597+0000] {dag.py:3441} INFO - Setting next_dagrun for example_branch_datetime_operator_2 to 2023-03-17T00:00:00+00:00, run_after=2023-03-18T00:00:00+00:00
[2023-03-18T00:06:30.601+0000] {logging_mixin.py:137} INFO - [2023-03-18T00:06:30.601+0000] {dag.py:3441} INFO - Setting next_dagrun for example_branch_datetime_operator_3 to 2023-03-17T00:00:00+00:00, run_after=2023-03-18T00:00:00+00:00
[2023-03-18T00:06:30.641+0000] {processor.py:175} INFO - Processing /home/airflow/.local/lib/python3.7/site-packages/airflow/example_dags/example_branch_datetime_operator.py took 0.198 seconds
[2023-03-18T00:07:01.614+0000] {processor.py:153} INFO - Started process (PID=9213) to work on /home/airflow/.local/lib/python3.7/site-packages/airflow/example_dags/example_branch_datetime_operator.py
[2023-03-18T00:07:01.620+0000] {processor.py:743} INFO - Processing file /home/airflow/.local/lib/python3.7/site-packages/airflow/example_dags/example_branch_datetime_operator.py for tasks to queue
[2023-03-18T00:07:01.625+0000] {logging_mixin.py:137} INFO - [2023-03-18T00:07:01.624+0000] {dagbag.py:538} INFO - Filling up the DagBag from /home/airflow/.local/lib/python3.7/site-packages/airflow/example_dags/example_branch_datetime_operator.py
[2023-03-18T00:07:01.738+0000] {processor.py:753} INFO - DAG(s) dict_keys(['example_branch_datetime_operator_3', 'example_branch_datetime_operator_2', 'example_branch_datetime_operator']) retrieved from /home/airflow/.local/lib/python3.7/site-packages/airflow/example_dags/example_branch_datetime_operator.py
[2023-03-18T00:07:01.816+0000] {logging_mixin.py:137} INFO - [2023-03-18T00:07:01.816+0000] {dag.py:2690} INFO - Sync 3 DAGs
[2023-03-18T00:07:01.882+0000] {logging_mixin.py:137} INFO - [2023-03-18T00:07:01.882+0000] {dag.py:3441} INFO - Setting next_dagrun for example_branch_datetime_operator to 2023-03-17T00:00:00+00:00, run_after=2023-03-18T00:00:00+00:00
[2023-03-18T00:07:01.890+0000] {logging_mixin.py:137} INFO - [2023-03-18T00:07:01.889+0000] {dag.py:3441} INFO - Setting next_dagrun for example_branch_datetime_operator_2 to 2023-03-17T00:00:00+00:00, run_after=2023-03-18T00:00:00+00:00
[2023-03-18T00:07:01.894+0000] {logging_mixin.py:137} INFO - [2023-03-18T00:07:01.894+0000] {dag.py:3441} INFO - Setting next_dagrun for example_branch_datetime_operator_3 to 2023-03-17T00:00:00+00:00, run_after=2023-03-18T00:00:00+00:00
[2023-03-18T00:07:01.920+0000] {processor.py:175} INFO - Processing /home/airflow/.local/lib/python3.7/site-packages/airflow/example_dags/example_branch_datetime_operator.py took 0.322 seconds
[2023-03-18T00:07:32.618+0000] {processor.py:153} INFO - Started process (PID=9306) to work on /home/airflow/.local/lib/python3.7/site-packages/airflow/example_dags/example_branch_datetime_operator.py
[2023-03-18T00:07:32.623+0000] {processor.py:743} INFO - Processing file /home/airflow/.local/lib/python3.7/site-packages/airflow/example_dags/example_branch_datetime_operator.py for tasks to queue
[2023-03-18T00:07:32.626+0000] {logging_mixin.py:137} INFO - [2023-03-18T00:07:32.626+0000] {dagbag.py:538} INFO - Filling up the DagBag from /home/airflow/.local/lib/python3.7/site-packages/airflow/example_dags/example_branch_datetime_operator.py
[2023-03-18T00:07:32.675+0000] {processor.py:753} INFO - DAG(s) dict_keys(['example_branch_datetime_operator_2', 'example_branch_datetime_operator_3', 'example_branch_datetime_operator']) retrieved from /home/airflow/.local/lib/python3.7/site-packages/airflow/example_dags/example_branch_datetime_operator.py
[2023-03-18T00:07:32.800+0000] {logging_mixin.py:137} INFO - [2023-03-18T00:07:32.800+0000] {dag.py:2690} INFO - Sync 3 DAGs
[2023-03-18T00:07:32.900+0000] {logging_mixin.py:137} INFO - [2023-03-18T00:07:32.893+0000] {dag.py:3441} INFO - Setting next_dagrun for example_branch_datetime_operator to 2023-03-17T00:00:00+00:00, run_after=2023-03-18T00:00:00+00:00
[2023-03-18T00:07:32.920+0000] {logging_mixin.py:137} INFO - [2023-03-18T00:07:32.920+0000] {dag.py:3441} INFO - Setting next_dagrun for example_branch_datetime_operator_2 to 2023-03-17T00:00:00+00:00, run_after=2023-03-18T00:00:00+00:00
[2023-03-18T00:07:32.929+0000] {logging_mixin.py:137} INFO - [2023-03-18T00:07:32.928+0000] {dag.py:3441} INFO - Setting next_dagrun for example_branch_datetime_operator_3 to 2023-03-17T00:00:00+00:00, run_after=2023-03-18T00:00:00+00:00
[2023-03-18T00:07:33.033+0000] {processor.py:175} INFO - Processing /home/airflow/.local/lib/python3.7/site-packages/airflow/example_dags/example_branch_datetime_operator.py took 0.436 seconds
[2023-03-18T00:08:03.611+0000] {processor.py:153} INFO - Started process (PID=9399) to work on /home/airflow/.local/lib/python3.7/site-packages/airflow/example_dags/example_branch_datetime_operator.py
[2023-03-18T00:08:03.616+0000] {processor.py:743} INFO - Processing file /home/airflow/.local/lib/python3.7/site-packages/airflow/example_dags/example_branch_datetime_operator.py for tasks to queue
[2023-03-18T00:08:03.620+0000] {logging_mixin.py:137} INFO - [2023-03-18T00:08:03.619+0000] {dagbag.py:538} INFO - Filling up the DagBag from /home/airflow/.local/lib/python3.7/site-packages/airflow/example_dags/example_branch_datetime_operator.py
[2023-03-18T00:08:03.698+0000] {processor.py:753} INFO - DAG(s) dict_keys(['example_branch_datetime_operator_2', 'example_branch_datetime_operator_3', 'example_branch_datetime_operator']) retrieved from /home/airflow/.local/lib/python3.7/site-packages/airflow/example_dags/example_branch_datetime_operator.py
[2023-03-18T00:08:03.854+0000] {logging_mixin.py:137} INFO - [2023-03-18T00:08:03.854+0000] {dag.py:2690} INFO - Sync 3 DAGs
[2023-03-18T00:08:03.923+0000] {logging_mixin.py:137} INFO - [2023-03-18T00:08:03.923+0000] {dag.py:3441} INFO - Setting next_dagrun for example_branch_datetime_operator to 2023-03-17T00:00:00+00:00, run_after=2023-03-18T00:00:00+00:00
[2023-03-18T00:08:03.934+0000] {logging_mixin.py:137} INFO - [2023-03-18T00:08:03.934+0000] {dag.py:3441} INFO - Setting next_dagrun for example_branch_datetime_operator_2 to 2023-03-17T00:00:00+00:00, run_after=2023-03-18T00:00:00+00:00
[2023-03-18T00:08:03.940+0000] {logging_mixin.py:137} INFO - [2023-03-18T00:08:03.939+0000] {dag.py:3441} INFO - Setting next_dagrun for example_branch_datetime_operator_3 to 2023-03-17T00:00:00+00:00, run_after=2023-03-18T00:00:00+00:00
[2023-03-18T00:08:03.966+0000] {processor.py:175} INFO - Processing /home/airflow/.local/lib/python3.7/site-packages/airflow/example_dags/example_branch_datetime_operator.py took 0.372 seconds
[2023-03-18T00:08:34.650+0000] {processor.py:153} INFO - Started process (PID=9481) to work on /home/airflow/.local/lib/python3.7/site-packages/airflow/example_dags/example_branch_datetime_operator.py
[2023-03-18T00:08:34.651+0000] {processor.py:743} INFO - Processing file /home/airflow/.local/lib/python3.7/site-packages/airflow/example_dags/example_branch_datetime_operator.py for tasks to queue
[2023-03-18T00:08:34.653+0000] {logging_mixin.py:137} INFO - [2023-03-18T00:08:34.652+0000] {dagbag.py:538} INFO - Filling up the DagBag from /home/airflow/.local/lib/python3.7/site-packages/airflow/example_dags/example_branch_datetime_operator.py
[2023-03-18T00:08:34.679+0000] {processor.py:753} INFO - DAG(s) dict_keys(['example_branch_datetime_operator', 'example_branch_datetime_operator_3', 'example_branch_datetime_operator_2']) retrieved from /home/airflow/.local/lib/python3.7/site-packages/airflow/example_dags/example_branch_datetime_operator.py
[2023-03-18T00:08:34.726+0000] {logging_mixin.py:137} INFO - [2023-03-18T00:08:34.726+0000] {dag.py:2690} INFO - Sync 3 DAGs
[2023-03-18T00:08:34.759+0000] {logging_mixin.py:137} INFO - [2023-03-18T00:08:34.758+0000] {dag.py:3441} INFO - Setting next_dagrun for example_branch_datetime_operator to 2023-03-17T00:00:00+00:00, run_after=2023-03-18T00:00:00+00:00
[2023-03-18T00:08:34.769+0000] {logging_mixin.py:137} INFO - [2023-03-18T00:08:34.769+0000] {dag.py:3441} INFO - Setting next_dagrun for example_branch_datetime_operator_2 to 2023-03-17T00:00:00+00:00, run_after=2023-03-18T00:00:00+00:00
[2023-03-18T00:08:34.774+0000] {logging_mixin.py:137} INFO - [2023-03-18T00:08:34.774+0000] {dag.py:3441} INFO - Setting next_dagrun for example_branch_datetime_operator_3 to 2023-03-17T00:00:00+00:00, run_after=2023-03-18T00:00:00+00:00
[2023-03-18T00:08:34.816+0000] {processor.py:175} INFO - Processing /home/airflow/.local/lib/python3.7/site-packages/airflow/example_dags/example_branch_datetime_operator.py took 0.170 seconds
[2023-03-18T00:09:05.505+0000] {processor.py:153} INFO - Started process (PID=9563) to work on /home/airflow/.local/lib/python3.7/site-packages/airflow/example_dags/example_branch_datetime_operator.py
[2023-03-18T00:09:05.508+0000] {processor.py:743} INFO - Processing file /home/airflow/.local/lib/python3.7/site-packages/airflow/example_dags/example_branch_datetime_operator.py for tasks to queue
[2023-03-18T00:09:05.510+0000] {logging_mixin.py:137} INFO - [2023-03-18T00:09:05.509+0000] {dagbag.py:538} INFO - Filling up the DagBag from /home/airflow/.local/lib/python3.7/site-packages/airflow/example_dags/example_branch_datetime_operator.py
[2023-03-18T00:09:05.566+0000] {processor.py:753} INFO - DAG(s) dict_keys(['example_branch_datetime_operator', 'example_branch_datetime_operator_3', 'example_branch_datetime_operator_2']) retrieved from /home/airflow/.local/lib/python3.7/site-packages/airflow/example_dags/example_branch_datetime_operator.py
[2023-03-18T00:09:05.616+0000] {logging_mixin.py:137} INFO - [2023-03-18T00:09:05.616+0000] {dag.py:2690} INFO - Sync 3 DAGs
[2023-03-18T00:09:05.672+0000] {logging_mixin.py:137} INFO - [2023-03-18T00:09:05.671+0000] {dag.py:3441} INFO - Setting next_dagrun for example_branch_datetime_operator to 2023-03-17T00:00:00+00:00, run_after=2023-03-18T00:00:00+00:00
[2023-03-18T00:09:05.680+0000] {logging_mixin.py:137} INFO - [2023-03-18T00:09:05.679+0000] {dag.py:3441} INFO - Setting next_dagrun for example_branch_datetime_operator_2 to 2023-03-17T00:00:00+00:00, run_after=2023-03-18T00:00:00+00:00
[2023-03-18T00:09:05.684+0000] {logging_mixin.py:137} INFO - [2023-03-18T00:09:05.684+0000] {dag.py:3441} INFO - Setting next_dagrun for example_branch_datetime_operator_3 to 2023-03-17T00:00:00+00:00, run_after=2023-03-18T00:00:00+00:00
[2023-03-18T00:09:05.727+0000] {processor.py:175} INFO - Processing /home/airflow/.local/lib/python3.7/site-packages/airflow/example_dags/example_branch_datetime_operator.py took 0.226 seconds
[2023-03-18T00:09:36.737+0000] {processor.py:153} INFO - Started process (PID=9654) to work on /home/airflow/.local/lib/python3.7/site-packages/airflow/example_dags/example_branch_datetime_operator.py
[2023-03-18T00:09:36.741+0000] {processor.py:743} INFO - Processing file /home/airflow/.local/lib/python3.7/site-packages/airflow/example_dags/example_branch_datetime_operator.py for tasks to queue
[2023-03-18T00:09:36.744+0000] {logging_mixin.py:137} INFO - [2023-03-18T00:09:36.743+0000] {dagbag.py:538} INFO - Filling up the DagBag from /home/airflow/.local/lib/python3.7/site-packages/airflow/example_dags/example_branch_datetime_operator.py
[2023-03-18T00:09:36.811+0000] {processor.py:753} INFO - DAG(s) dict_keys(['example_branch_datetime_operator_3', 'example_branch_datetime_operator_2', 'example_branch_datetime_operator']) retrieved from /home/airflow/.local/lib/python3.7/site-packages/airflow/example_dags/example_branch_datetime_operator.py
[2023-03-18T00:09:36.996+0000] {logging_mixin.py:137} INFO - [2023-03-18T00:09:36.995+0000] {dag.py:2690} INFO - Sync 3 DAGs
[2023-03-18T00:09:37.081+0000] {logging_mixin.py:137} INFO - [2023-03-18T00:09:37.081+0000] {dag.py:3441} INFO - Setting next_dagrun for example_branch_datetime_operator to 2023-03-17T00:00:00+00:00, run_after=2023-03-18T00:00:00+00:00
[2023-03-18T00:09:37.096+0000] {logging_mixin.py:137} INFO - [2023-03-18T00:09:37.095+0000] {dag.py:3441} INFO - Setting next_dagrun for example_branch_datetime_operator_2 to 2023-03-17T00:00:00+00:00, run_after=2023-03-18T00:00:00+00:00
[2023-03-18T00:09:37.105+0000] {logging_mixin.py:137} INFO - [2023-03-18T00:09:37.103+0000] {dag.py:3441} INFO - Setting next_dagrun for example_branch_datetime_operator_3 to 2023-03-17T00:00:00+00:00, run_after=2023-03-18T00:00:00+00:00
[2023-03-18T00:09:37.146+0000] {processor.py:175} INFO - Processing /home/airflow/.local/lib/python3.7/site-packages/airflow/example_dags/example_branch_datetime_operator.py took 0.418 seconds
[2023-03-18T00:10:08.138+0000] {processor.py:153} INFO - Started process (PID=9747) to work on /home/airflow/.local/lib/python3.7/site-packages/airflow/example_dags/example_branch_datetime_operator.py
[2023-03-18T00:10:08.142+0000] {processor.py:743} INFO - Processing file /home/airflow/.local/lib/python3.7/site-packages/airflow/example_dags/example_branch_datetime_operator.py for tasks to queue
[2023-03-18T00:10:08.145+0000] {logging_mixin.py:137} INFO - [2023-03-18T00:10:08.144+0000] {dagbag.py:538} INFO - Filling up the DagBag from /home/airflow/.local/lib/python3.7/site-packages/airflow/example_dags/example_branch_datetime_operator.py
[2023-03-18T00:10:08.170+0000] {processor.py:753} INFO - DAG(s) dict_keys(['example_branch_datetime_operator', 'example_branch_datetime_operator_2', 'example_branch_datetime_operator_3']) retrieved from /home/airflow/.local/lib/python3.7/site-packages/airflow/example_dags/example_branch_datetime_operator.py
[2023-03-18T00:10:08.220+0000] {logging_mixin.py:137} INFO - [2023-03-18T00:10:08.220+0000] {dag.py:2690} INFO - Sync 3 DAGs
[2023-03-18T00:10:08.265+0000] {logging_mixin.py:137} INFO - [2023-03-18T00:10:08.265+0000] {dag.py:3441} INFO - Setting next_dagrun for example_branch_datetime_operator to 2023-03-17T00:00:00+00:00, run_after=2023-03-18T00:00:00+00:00
[2023-03-18T00:10:08.272+0000] {logging_mixin.py:137} INFO - [2023-03-18T00:10:08.271+0000] {dag.py:3441} INFO - Setting next_dagrun for example_branch_datetime_operator_2 to 2023-03-17T00:00:00+00:00, run_after=2023-03-18T00:00:00+00:00
[2023-03-18T00:10:08.276+0000] {logging_mixin.py:137} INFO - [2023-03-18T00:10:08.276+0000] {dag.py:3441} INFO - Setting next_dagrun for example_branch_datetime_operator_3 to 2023-03-17T00:00:00+00:00, run_after=2023-03-18T00:00:00+00:00
[2023-03-18T00:10:08.300+0000] {processor.py:175} INFO - Processing /home/airflow/.local/lib/python3.7/site-packages/airflow/example_dags/example_branch_datetime_operator.py took 0.169 seconds
[2023-03-18T00:10:38.761+0000] {processor.py:153} INFO - Started process (PID=9829) to work on /home/airflow/.local/lib/python3.7/site-packages/airflow/example_dags/example_branch_datetime_operator.py
[2023-03-18T00:10:38.764+0000] {processor.py:743} INFO - Processing file /home/airflow/.local/lib/python3.7/site-packages/airflow/example_dags/example_branch_datetime_operator.py for tasks to queue
[2023-03-18T00:10:38.767+0000] {logging_mixin.py:137} INFO - [2023-03-18T00:10:38.766+0000] {dagbag.py:538} INFO - Filling up the DagBag from /home/airflow/.local/lib/python3.7/site-packages/airflow/example_dags/example_branch_datetime_operator.py
[2023-03-18T00:10:38.835+0000] {processor.py:753} INFO - DAG(s) dict_keys(['example_branch_datetime_operator', 'example_branch_datetime_operator_3', 'example_branch_datetime_operator_2']) retrieved from /home/airflow/.local/lib/python3.7/site-packages/airflow/example_dags/example_branch_datetime_operator.py
[2023-03-18T00:10:38.936+0000] {logging_mixin.py:137} INFO - [2023-03-18T00:10:38.936+0000] {dag.py:2690} INFO - Sync 3 DAGs
[2023-03-18T00:10:39.038+0000] {logging_mixin.py:137} INFO - [2023-03-18T00:10:39.038+0000] {dag.py:3441} INFO - Setting next_dagrun for example_branch_datetime_operator to 2023-03-17T00:00:00+00:00, run_after=2023-03-18T00:00:00+00:00
[2023-03-18T00:10:39.046+0000] {logging_mixin.py:137} INFO - [2023-03-18T00:10:39.046+0000] {dag.py:3441} INFO - Setting next_dagrun for example_branch_datetime_operator_2 to 2023-03-17T00:00:00+00:00, run_after=2023-03-18T00:00:00+00:00
[2023-03-18T00:10:39.051+0000] {logging_mixin.py:137} INFO - [2023-03-18T00:10:39.051+0000] {dag.py:3441} INFO - Setting next_dagrun for example_branch_datetime_operator_3 to 2023-03-17T00:00:00+00:00, run_after=2023-03-18T00:00:00+00:00
[2023-03-18T00:10:39.084+0000] {processor.py:175} INFO - Processing /home/airflow/.local/lib/python3.7/site-packages/airflow/example_dags/example_branch_datetime_operator.py took 0.340 seconds
[2023-03-18T00:11:10.036+0000] {processor.py:153} INFO - Started process (PID=9911) to work on /home/airflow/.local/lib/python3.7/site-packages/airflow/example_dags/example_branch_datetime_operator.py
[2023-03-18T00:11:10.037+0000] {processor.py:743} INFO - Processing file /home/airflow/.local/lib/python3.7/site-packages/airflow/example_dags/example_branch_datetime_operator.py for tasks to queue
[2023-03-18T00:11:10.039+0000] {logging_mixin.py:137} INFO - [2023-03-18T00:11:10.038+0000] {dagbag.py:538} INFO - Filling up the DagBag from /home/airflow/.local/lib/python3.7/site-packages/airflow/example_dags/example_branch_datetime_operator.py
[2023-03-18T00:11:10.082+0000] {processor.py:753} INFO - DAG(s) dict_keys(['example_branch_datetime_operator_2', 'example_branch_datetime_operator', 'example_branch_datetime_operator_3']) retrieved from /home/airflow/.local/lib/python3.7/site-packages/airflow/example_dags/example_branch_datetime_operator.py
[2023-03-18T00:11:10.155+0000] {logging_mixin.py:137} INFO - [2023-03-18T00:11:10.155+0000] {dag.py:2690} INFO - Sync 3 DAGs
[2023-03-18T00:11:10.196+0000] {logging_mixin.py:137} INFO - [2023-03-18T00:11:10.196+0000] {dag.py:3441} INFO - Setting next_dagrun for example_branch_datetime_operator to 2023-03-17T00:00:00+00:00, run_after=2023-03-18T00:00:00+00:00
[2023-03-18T00:11:10.206+0000] {logging_mixin.py:137} INFO - [2023-03-18T00:11:10.206+0000] {dag.py:3441} INFO - Setting next_dagrun for example_branch_datetime_operator_2 to 2023-03-17T00:00:00+00:00, run_after=2023-03-18T00:00:00+00:00
[2023-03-18T00:11:10.216+0000] {logging_mixin.py:137} INFO - [2023-03-18T00:11:10.216+0000] {dag.py:3441} INFO - Setting next_dagrun for example_branch_datetime_operator_3 to 2023-03-17T00:00:00+00:00, run_after=2023-03-18T00:00:00+00:00
[2023-03-18T00:11:10.260+0000] {processor.py:175} INFO - Processing /home/airflow/.local/lib/python3.7/site-packages/airflow/example_dags/example_branch_datetime_operator.py took 0.236 seconds
[2023-03-18T00:11:41.031+0000] {processor.py:153} INFO - Started process (PID=10000) to work on /home/airflow/.local/lib/python3.7/site-packages/airflow/example_dags/example_branch_datetime_operator.py
[2023-03-18T00:11:41.036+0000] {processor.py:743} INFO - Processing file /home/airflow/.local/lib/python3.7/site-packages/airflow/example_dags/example_branch_datetime_operator.py for tasks to queue
[2023-03-18T00:11:41.039+0000] {logging_mixin.py:137} INFO - [2023-03-18T00:11:41.039+0000] {dagbag.py:538} INFO - Filling up the DagBag from /home/airflow/.local/lib/python3.7/site-packages/airflow/example_dags/example_branch_datetime_operator.py
[2023-03-18T00:11:41.084+0000] {processor.py:753} INFO - DAG(s) dict_keys(['example_branch_datetime_operator', 'example_branch_datetime_operator_2', 'example_branch_datetime_operator_3']) retrieved from /home/airflow/.local/lib/python3.7/site-packages/airflow/example_dags/example_branch_datetime_operator.py
[2023-03-18T00:11:41.173+0000] {logging_mixin.py:137} INFO - [2023-03-18T00:11:41.173+0000] {dag.py:2690} INFO - Sync 3 DAGs
[2023-03-18T00:11:41.268+0000] {logging_mixin.py:137} INFO - [2023-03-18T00:11:41.268+0000] {dag.py:3441} INFO - Setting next_dagrun for example_branch_datetime_operator to 2023-03-17T00:00:00+00:00, run_after=2023-03-18T00:00:00+00:00
[2023-03-18T00:11:41.277+0000] {logging_mixin.py:137} INFO - [2023-03-18T00:11:41.276+0000] {dag.py:3441} INFO - Setting next_dagrun for example_branch_datetime_operator_2 to 2023-03-17T00:00:00+00:00, run_after=2023-03-18T00:00:00+00:00
[2023-03-18T00:11:41.281+0000] {logging_mixin.py:137} INFO - [2023-03-18T00:11:41.281+0000] {dag.py:3441} INFO - Setting next_dagrun for example_branch_datetime_operator_3 to 2023-03-17T00:00:00+00:00, run_after=2023-03-18T00:00:00+00:00
[2023-03-18T00:11:41.313+0000] {processor.py:175} INFO - Processing /home/airflow/.local/lib/python3.7/site-packages/airflow/example_dags/example_branch_datetime_operator.py took 0.294 seconds
[2023-03-18T00:12:11.937+0000] {processor.py:153} INFO - Started process (PID=10096) to work on /home/airflow/.local/lib/python3.7/site-packages/airflow/example_dags/example_branch_datetime_operator.py
[2023-03-18T00:12:11.943+0000] {processor.py:743} INFO - Processing file /home/airflow/.local/lib/python3.7/site-packages/airflow/example_dags/example_branch_datetime_operator.py for tasks to queue
[2023-03-18T00:12:11.949+0000] {logging_mixin.py:137} INFO - [2023-03-18T00:12:11.948+0000] {dagbag.py:538} INFO - Filling up the DagBag from /home/airflow/.local/lib/python3.7/site-packages/airflow/example_dags/example_branch_datetime_operator.py
[2023-03-18T00:12:12.029+0000] {processor.py:753} INFO - DAG(s) dict_keys(['example_branch_datetime_operator_3', 'example_branch_datetime_operator_2', 'example_branch_datetime_operator']) retrieved from /home/airflow/.local/lib/python3.7/site-packages/airflow/example_dags/example_branch_datetime_operator.py
[2023-03-18T00:12:12.107+0000] {logging_mixin.py:137} INFO - [2023-03-18T00:12:12.106+0000] {dag.py:2690} INFO - Sync 3 DAGs
[2023-03-18T00:12:12.191+0000] {logging_mixin.py:137} INFO - [2023-03-18T00:12:12.190+0000] {dag.py:3441} INFO - Setting next_dagrun for example_branch_datetime_operator to 2023-03-17T00:00:00+00:00, run_after=2023-03-18T00:00:00+00:00
[2023-03-18T00:12:12.207+0000] {logging_mixin.py:137} INFO - [2023-03-18T00:12:12.206+0000] {dag.py:3441} INFO - Setting next_dagrun for example_branch_datetime_operator_2 to 2023-03-17T00:00:00+00:00, run_after=2023-03-18T00:00:00+00:00
[2023-03-18T00:12:12.214+0000] {logging_mixin.py:137} INFO - [2023-03-18T00:12:12.214+0000] {dag.py:3441} INFO - Setting next_dagrun for example_branch_datetime_operator_3 to 2023-03-17T00:00:00+00:00, run_after=2023-03-18T00:00:00+00:00
[2023-03-18T00:12:12.277+0000] {processor.py:175} INFO - Processing /home/airflow/.local/lib/python3.7/site-packages/airflow/example_dags/example_branch_datetime_operator.py took 0.365 seconds
[2023-03-18T00:12:43.311+0000] {processor.py:153} INFO - Started process (PID=10178) to work on /home/airflow/.local/lib/python3.7/site-packages/airflow/example_dags/example_branch_datetime_operator.py
[2023-03-18T00:12:43.312+0000] {processor.py:743} INFO - Processing file /home/airflow/.local/lib/python3.7/site-packages/airflow/example_dags/example_branch_datetime_operator.py for tasks to queue
[2023-03-18T00:12:43.313+0000] {logging_mixin.py:137} INFO - [2023-03-18T00:12:43.313+0000] {dagbag.py:538} INFO - Filling up the DagBag from /home/airflow/.local/lib/python3.7/site-packages/airflow/example_dags/example_branch_datetime_operator.py
[2023-03-18T00:12:43.342+0000] {processor.py:753} INFO - DAG(s) dict_keys(['example_branch_datetime_operator_3', 'example_branch_datetime_operator', 'example_branch_datetime_operator_2']) retrieved from /home/airflow/.local/lib/python3.7/site-packages/airflow/example_dags/example_branch_datetime_operator.py
[2023-03-18T00:12:43.390+0000] {logging_mixin.py:137} INFO - [2023-03-18T00:12:43.390+0000] {dag.py:2690} INFO - Sync 3 DAGs
[2023-03-18T00:12:43.422+0000] {logging_mixin.py:137} INFO - [2023-03-18T00:12:43.422+0000] {dag.py:3441} INFO - Setting next_dagrun for example_branch_datetime_operator to 2023-03-17T00:00:00+00:00, run_after=2023-03-18T00:00:00+00:00
[2023-03-18T00:12:43.428+0000] {logging_mixin.py:137} INFO - [2023-03-18T00:12:43.428+0000] {dag.py:3441} INFO - Setting next_dagrun for example_branch_datetime_operator_2 to 2023-03-17T00:00:00+00:00, run_after=2023-03-18T00:00:00+00:00
[2023-03-18T00:12:43.432+0000] {logging_mixin.py:137} INFO - [2023-03-18T00:12:43.432+0000] {dag.py:3441} INFO - Setting next_dagrun for example_branch_datetime_operator_3 to 2023-03-17T00:00:00+00:00, run_after=2023-03-18T00:00:00+00:00
[2023-03-18T00:12:43.454+0000] {processor.py:175} INFO - Processing /home/airflow/.local/lib/python3.7/site-packages/airflow/example_dags/example_branch_datetime_operator.py took 0.147 seconds
[2023-03-18T00:13:13.832+0000] {processor.py:153} INFO - Started process (PID=10260) to work on /home/airflow/.local/lib/python3.7/site-packages/airflow/example_dags/example_branch_datetime_operator.py
[2023-03-18T00:13:13.833+0000] {processor.py:743} INFO - Processing file /home/airflow/.local/lib/python3.7/site-packages/airflow/example_dags/example_branch_datetime_operator.py for tasks to queue
[2023-03-18T00:13:13.835+0000] {logging_mixin.py:137} INFO - [2023-03-18T00:13:13.835+0000] {dagbag.py:538} INFO - Filling up the DagBag from /home/airflow/.local/lib/python3.7/site-packages/airflow/example_dags/example_branch_datetime_operator.py
[2023-03-18T00:13:13.863+0000] {processor.py:753} INFO - DAG(s) dict_keys(['example_branch_datetime_operator_2', 'example_branch_datetime_operator', 'example_branch_datetime_operator_3']) retrieved from /home/airflow/.local/lib/python3.7/site-packages/airflow/example_dags/example_branch_datetime_operator.py
[2023-03-18T00:13:13.917+0000] {logging_mixin.py:137} INFO - [2023-03-18T00:13:13.917+0000] {dag.py:2690} INFO - Sync 3 DAGs
[2023-03-18T00:13:13.967+0000] {logging_mixin.py:137} INFO - [2023-03-18T00:13:13.966+0000] {dag.py:3441} INFO - Setting next_dagrun for example_branch_datetime_operator to 2023-03-17T00:00:00+00:00, run_after=2023-03-18T00:00:00+00:00
[2023-03-18T00:13:13.976+0000] {logging_mixin.py:137} INFO - [2023-03-18T00:13:13.975+0000] {dag.py:3441} INFO - Setting next_dagrun for example_branch_datetime_operator_2 to 2023-03-17T00:00:00+00:00, run_after=2023-03-18T00:00:00+00:00
[2023-03-18T00:13:13.980+0000] {logging_mixin.py:137} INFO - [2023-03-18T00:13:13.980+0000] {dag.py:3441} INFO - Setting next_dagrun for example_branch_datetime_operator_3 to 2023-03-17T00:00:00+00:00, run_after=2023-03-18T00:00:00+00:00
[2023-03-18T00:13:14.003+0000] {processor.py:175} INFO - Processing /home/airflow/.local/lib/python3.7/site-packages/airflow/example_dags/example_branch_datetime_operator.py took 0.175 seconds
[2023-03-18T00:13:44.208+0000] {processor.py:153} INFO - Started process (PID=10349) to work on /home/airflow/.local/lib/python3.7/site-packages/airflow/example_dags/example_branch_datetime_operator.py
[2023-03-18T00:13:44.209+0000] {processor.py:743} INFO - Processing file /home/airflow/.local/lib/python3.7/site-packages/airflow/example_dags/example_branch_datetime_operator.py for tasks to queue
[2023-03-18T00:13:44.211+0000] {logging_mixin.py:137} INFO - [2023-03-18T00:13:44.211+0000] {dagbag.py:538} INFO - Filling up the DagBag from /home/airflow/.local/lib/python3.7/site-packages/airflow/example_dags/example_branch_datetime_operator.py
[2023-03-18T00:13:44.250+0000] {processor.py:753} INFO - DAG(s) dict_keys(['example_branch_datetime_operator_2', 'example_branch_datetime_operator', 'example_branch_datetime_operator_3']) retrieved from /home/airflow/.local/lib/python3.7/site-packages/airflow/example_dags/example_branch_datetime_operator.py
[2023-03-18T00:13:44.298+0000] {logging_mixin.py:137} INFO - [2023-03-18T00:13:44.297+0000] {dag.py:2690} INFO - Sync 3 DAGs
[2023-03-18T00:13:44.345+0000] {logging_mixin.py:137} INFO - [2023-03-18T00:13:44.345+0000] {dag.py:3441} INFO - Setting next_dagrun for example_branch_datetime_operator to 2023-03-17T00:00:00+00:00, run_after=2023-03-18T00:00:00+00:00
[2023-03-18T00:13:44.353+0000] {logging_mixin.py:137} INFO - [2023-03-18T00:13:44.353+0000] {dag.py:3441} INFO - Setting next_dagrun for example_branch_datetime_operator_2 to 2023-03-17T00:00:00+00:00, run_after=2023-03-18T00:00:00+00:00
[2023-03-18T00:13:44.358+0000] {logging_mixin.py:137} INFO - [2023-03-18T00:13:44.358+0000] {dag.py:3441} INFO - Setting next_dagrun for example_branch_datetime_operator_3 to 2023-03-17T00:00:00+00:00, run_after=2023-03-18T00:00:00+00:00
[2023-03-18T00:13:44.383+0000] {processor.py:175} INFO - Processing /home/airflow/.local/lib/python3.7/site-packages/airflow/example_dags/example_branch_datetime_operator.py took 0.179 seconds
[2023-03-18T00:14:14.767+0000] {processor.py:153} INFO - Started process (PID=10444) to work on /home/airflow/.local/lib/python3.7/site-packages/airflow/example_dags/example_branch_datetime_operator.py
[2023-03-18T00:14:14.771+0000] {processor.py:743} INFO - Processing file /home/airflow/.local/lib/python3.7/site-packages/airflow/example_dags/example_branch_datetime_operator.py for tasks to queue
[2023-03-18T00:14:14.774+0000] {logging_mixin.py:137} INFO - [2023-03-18T00:14:14.774+0000] {dagbag.py:538} INFO - Filling up the DagBag from /home/airflow/.local/lib/python3.7/site-packages/airflow/example_dags/example_branch_datetime_operator.py
[2023-03-18T00:14:14.843+0000] {processor.py:753} INFO - DAG(s) dict_keys(['example_branch_datetime_operator_2', 'example_branch_datetime_operator', 'example_branch_datetime_operator_3']) retrieved from /home/airflow/.local/lib/python3.7/site-packages/airflow/example_dags/example_branch_datetime_operator.py
[2023-03-18T00:14:14.944+0000] {logging_mixin.py:137} INFO - [2023-03-18T00:14:14.943+0000] {dag.py:2690} INFO - Sync 3 DAGs
[2023-03-18T00:14:15.017+0000] {logging_mixin.py:137} INFO - [2023-03-18T00:14:15.017+0000] {dag.py:3441} INFO - Setting next_dagrun for example_branch_datetime_operator to 2023-03-17T00:00:00+00:00, run_after=2023-03-18T00:00:00+00:00
[2023-03-18T00:14:15.027+0000] {logging_mixin.py:137} INFO - [2023-03-18T00:14:15.027+0000] {dag.py:3441} INFO - Setting next_dagrun for example_branch_datetime_operator_2 to 2023-03-17T00:00:00+00:00, run_after=2023-03-18T00:00:00+00:00
[2023-03-18T00:14:15.032+0000] {logging_mixin.py:137} INFO - [2023-03-18T00:14:15.032+0000] {dag.py:3441} INFO - Setting next_dagrun for example_branch_datetime_operator_3 to 2023-03-17T00:00:00+00:00, run_after=2023-03-18T00:00:00+00:00
[2023-03-18T00:14:15.076+0000] {processor.py:175} INFO - Processing /home/airflow/.local/lib/python3.7/site-packages/airflow/example_dags/example_branch_datetime_operator.py took 0.324 seconds
[2023-03-18T00:14:45.453+0000] {processor.py:153} INFO - Started process (PID=10526) to work on /home/airflow/.local/lib/python3.7/site-packages/airflow/example_dags/example_branch_datetime_operator.py
[2023-03-18T00:14:45.454+0000] {processor.py:743} INFO - Processing file /home/airflow/.local/lib/python3.7/site-packages/airflow/example_dags/example_branch_datetime_operator.py for tasks to queue
[2023-03-18T00:14:45.455+0000] {logging_mixin.py:137} INFO - [2023-03-18T00:14:45.455+0000] {dagbag.py:538} INFO - Filling up the DagBag from /home/airflow/.local/lib/python3.7/site-packages/airflow/example_dags/example_branch_datetime_operator.py
[2023-03-18T00:14:45.486+0000] {processor.py:753} INFO - DAG(s) dict_keys(['example_branch_datetime_operator_2', 'example_branch_datetime_operator_3', 'example_branch_datetime_operator']) retrieved from /home/airflow/.local/lib/python3.7/site-packages/airflow/example_dags/example_branch_datetime_operator.py
[2023-03-18T00:14:45.543+0000] {logging_mixin.py:137} INFO - [2023-03-18T00:14:45.543+0000] {dag.py:2690} INFO - Sync 3 DAGs
[2023-03-18T00:14:45.581+0000] {logging_mixin.py:137} INFO - [2023-03-18T00:14:45.581+0000] {dag.py:3441} INFO - Setting next_dagrun for example_branch_datetime_operator to 2023-03-17T00:00:00+00:00, run_after=2023-03-18T00:00:00+00:00
[2023-03-18T00:14:45.588+0000] {logging_mixin.py:137} INFO - [2023-03-18T00:14:45.588+0000] {dag.py:3441} INFO - Setting next_dagrun for example_branch_datetime_operator_2 to 2023-03-17T00:00:00+00:00, run_after=2023-03-18T00:00:00+00:00
[2023-03-18T00:14:45.593+0000] {logging_mixin.py:137} INFO - [2023-03-18T00:14:45.593+0000] {dag.py:3441} INFO - Setting next_dagrun for example_branch_datetime_operator_3 to 2023-03-17T00:00:00+00:00, run_after=2023-03-18T00:00:00+00:00
[2023-03-18T00:14:45.617+0000] {processor.py:175} INFO - Processing /home/airflow/.local/lib/python3.7/site-packages/airflow/example_dags/example_branch_datetime_operator.py took 0.170 seconds
[2023-03-18T00:15:16.337+0000] {processor.py:153} INFO - Started process (PID=10608) to work on /home/airflow/.local/lib/python3.7/site-packages/airflow/example_dags/example_branch_datetime_operator.py
[2023-03-18T00:15:16.341+0000] {processor.py:743} INFO - Processing file /home/airflow/.local/lib/python3.7/site-packages/airflow/example_dags/example_branch_datetime_operator.py for tasks to queue
[2023-03-18T00:15:16.344+0000] {logging_mixin.py:137} INFO - [2023-03-18T00:15:16.344+0000] {dagbag.py:538} INFO - Filling up the DagBag from /home/airflow/.local/lib/python3.7/site-packages/airflow/example_dags/example_branch_datetime_operator.py
[2023-03-18T00:15:16.431+0000] {processor.py:753} INFO - DAG(s) dict_keys(['example_branch_datetime_operator', 'example_branch_datetime_operator_3', 'example_branch_datetime_operator_2']) retrieved from /home/airflow/.local/lib/python3.7/site-packages/airflow/example_dags/example_branch_datetime_operator.py
[2023-03-18T00:15:16.480+0000] {logging_mixin.py:137} INFO - [2023-03-18T00:15:16.480+0000] {dag.py:2690} INFO - Sync 3 DAGs
[2023-03-18T00:15:16.514+0000] {logging_mixin.py:137} INFO - [2023-03-18T00:15:16.514+0000] {dag.py:3441} INFO - Setting next_dagrun for example_branch_datetime_operator to 2023-03-17T00:00:00+00:00, run_after=2023-03-18T00:00:00+00:00
[2023-03-18T00:15:16.520+0000] {logging_mixin.py:137} INFO - [2023-03-18T00:15:16.520+0000] {dag.py:3441} INFO - Setting next_dagrun for example_branch_datetime_operator_2 to 2023-03-17T00:00:00+00:00, run_after=2023-03-18T00:00:00+00:00
[2023-03-18T00:15:16.524+0000] {logging_mixin.py:137} INFO - [2023-03-18T00:15:16.524+0000] {dag.py:3441} INFO - Setting next_dagrun for example_branch_datetime_operator_3 to 2023-03-17T00:00:00+00:00, run_after=2023-03-18T00:00:00+00:00
[2023-03-18T00:15:16.552+0000] {processor.py:175} INFO - Processing /home/airflow/.local/lib/python3.7/site-packages/airflow/example_dags/example_branch_datetime_operator.py took 0.225 seconds
[2023-03-18T00:15:46.735+0000] {processor.py:153} INFO - Started process (PID=10690) to work on /home/airflow/.local/lib/python3.7/site-packages/airflow/example_dags/example_branch_datetime_operator.py
[2023-03-18T00:15:46.737+0000] {processor.py:743} INFO - Processing file /home/airflow/.local/lib/python3.7/site-packages/airflow/example_dags/example_branch_datetime_operator.py for tasks to queue
[2023-03-18T00:15:46.738+0000] {logging_mixin.py:137} INFO - [2023-03-18T00:15:46.738+0000] {dagbag.py:538} INFO - Filling up the DagBag from /home/airflow/.local/lib/python3.7/site-packages/airflow/example_dags/example_branch_datetime_operator.py
[2023-03-18T00:15:46.781+0000] {processor.py:753} INFO - DAG(s) dict_keys(['example_branch_datetime_operator', 'example_branch_datetime_operator_2', 'example_branch_datetime_operator_3']) retrieved from /home/airflow/.local/lib/python3.7/site-packages/airflow/example_dags/example_branch_datetime_operator.py
[2023-03-18T00:15:46.910+0000] {logging_mixin.py:137} INFO - [2023-03-18T00:15:46.910+0000] {dag.py:2690} INFO - Sync 3 DAGs
[2023-03-18T00:15:47.009+0000] {logging_mixin.py:137} INFO - [2023-03-18T00:15:47.009+0000] {dag.py:3441} INFO - Setting next_dagrun for example_branch_datetime_operator to 2023-03-17T00:00:00+00:00, run_after=2023-03-18T00:00:00+00:00
[2023-03-18T00:15:47.017+0000] {logging_mixin.py:137} INFO - [2023-03-18T00:15:47.017+0000] {dag.py:3441} INFO - Setting next_dagrun for example_branch_datetime_operator_2 to 2023-03-17T00:00:00+00:00, run_after=2023-03-18T00:00:00+00:00
[2023-03-18T00:15:47.023+0000] {logging_mixin.py:137} INFO - [2023-03-18T00:15:47.023+0000] {dag.py:3441} INFO - Setting next_dagrun for example_branch_datetime_operator_3 to 2023-03-17T00:00:00+00:00, run_after=2023-03-18T00:00:00+00:00
[2023-03-18T00:15:47.051+0000] {processor.py:175} INFO - Processing /home/airflow/.local/lib/python3.7/site-packages/airflow/example_dags/example_branch_datetime_operator.py took 0.321 seconds
[2023-03-18T00:16:17.589+0000] {processor.py:153} INFO - Started process (PID=10781) to work on /home/airflow/.local/lib/python3.7/site-packages/airflow/example_dags/example_branch_datetime_operator.py
[2023-03-18T00:16:17.594+0000] {processor.py:743} INFO - Processing file /home/airflow/.local/lib/python3.7/site-packages/airflow/example_dags/example_branch_datetime_operator.py for tasks to queue
[2023-03-18T00:16:17.599+0000] {logging_mixin.py:137} INFO - [2023-03-18T00:16:17.599+0000] {dagbag.py:538} INFO - Filling up the DagBag from /home/airflow/.local/lib/python3.7/site-packages/airflow/example_dags/example_branch_datetime_operator.py
[2023-03-18T00:16:17.673+0000] {processor.py:753} INFO - DAG(s) dict_keys(['example_branch_datetime_operator', 'example_branch_datetime_operator_3', 'example_branch_datetime_operator_2']) retrieved from /home/airflow/.local/lib/python3.7/site-packages/airflow/example_dags/example_branch_datetime_operator.py
[2023-03-18T00:16:17.812+0000] {logging_mixin.py:137} INFO - [2023-03-18T00:16:17.812+0000] {dag.py:2690} INFO - Sync 3 DAGs
[2023-03-18T00:16:17.893+0000] {logging_mixin.py:137} INFO - [2023-03-18T00:16:17.892+0000] {dag.py:3441} INFO - Setting next_dagrun for example_branch_datetime_operator to 2023-03-17T00:00:00+00:00, run_after=2023-03-18T00:00:00+00:00
[2023-03-18T00:16:17.914+0000] {logging_mixin.py:137} INFO - [2023-03-18T00:16:17.914+0000] {dag.py:3441} INFO - Setting next_dagrun for example_branch_datetime_operator_2 to 2023-03-17T00:00:00+00:00, run_after=2023-03-18T00:00:00+00:00
[2023-03-18T00:16:17.921+0000] {logging_mixin.py:137} INFO - [2023-03-18T00:16:17.921+0000] {dag.py:3441} INFO - Setting next_dagrun for example_branch_datetime_operator_3 to 2023-03-17T00:00:00+00:00, run_after=2023-03-18T00:00:00+00:00
[2023-03-18T00:16:17.982+0000] {processor.py:175} INFO - Processing /home/airflow/.local/lib/python3.7/site-packages/airflow/example_dags/example_branch_datetime_operator.py took 0.418 seconds
