[2023-03-18T00:00:20.337+0000] {processor.py:153} INFO - Started process (PID=8110) to work on /home/airflow/.local/lib/python3.7/site-packages/airflow/example_dags/example_dynamic_task_mapping.py
[2023-03-18T00:00:20.339+0000] {processor.py:743} INFO - Processing file /home/airflow/.local/lib/python3.7/site-packages/airflow/example_dags/example_dynamic_task_mapping.py for tasks to queue
[2023-03-18T00:00:20.341+0000] {logging_mixin.py:137} INFO - [2023-03-18T00:00:20.340+0000] {dagbag.py:538} INFO - Filling up the DagBag from /home/airflow/.local/lib/python3.7/site-packages/airflow/example_dags/example_dynamic_task_mapping.py
[2023-03-18T00:00:20.377+0000] {processor.py:753} INFO - DAG(s) dict_keys(['example_dynamic_task_mapping']) retrieved from /home/airflow/.local/lib/python3.7/site-packages/airflow/example_dags/example_dynamic_task_mapping.py
[2023-03-18T00:00:20.415+0000] {logging_mixin.py:137} INFO - [2023-03-18T00:00:20.415+0000] {dag.py:2690} INFO - Sync 1 DAGs
[2023-03-18T00:00:20.487+0000] {logging_mixin.py:137} INFO - [2023-03-18T00:00:20.487+0000] {dag.py:3441} INFO - Setting next_dagrun for example_dynamic_task_mapping to 2022-03-04T00:00:00+00:00, run_after=2022-03-05T00:00:00+00:00
[2023-03-18T00:00:20.517+0000] {processor.py:175} INFO - Processing /home/airflow/.local/lib/python3.7/site-packages/airflow/example_dags/example_dynamic_task_mapping.py took 0.184 seconds
[2023-03-18T00:00:53.353+0000] {processor.py:153} INFO - Started process (PID=8212) to work on /home/airflow/.local/lib/python3.7/site-packages/airflow/example_dags/example_dynamic_task_mapping.py
[2023-03-18T00:00:53.355+0000] {processor.py:743} INFO - Processing file /home/airflow/.local/lib/python3.7/site-packages/airflow/example_dags/example_dynamic_task_mapping.py for tasks to queue
[2023-03-18T00:00:53.357+0000] {logging_mixin.py:137} INFO - [2023-03-18T00:00:53.357+0000] {dagbag.py:538} INFO - Filling up the DagBag from /home/airflow/.local/lib/python3.7/site-packages/airflow/example_dags/example_dynamic_task_mapping.py
[2023-03-18T00:00:53.427+0000] {processor.py:753} INFO - DAG(s) dict_keys(['example_dynamic_task_mapping']) retrieved from /home/airflow/.local/lib/python3.7/site-packages/airflow/example_dags/example_dynamic_task_mapping.py
[2023-03-18T00:00:53.599+0000] {logging_mixin.py:137} INFO - [2023-03-18T00:00:53.599+0000] {dag.py:2690} INFO - Sync 1 DAGs
[2023-03-18T00:00:53.698+0000] {logging_mixin.py:137} INFO - [2023-03-18T00:00:53.697+0000] {dag.py:3441} INFO - Setting next_dagrun for example_dynamic_task_mapping to 2022-03-04T00:00:00+00:00, run_after=2022-03-05T00:00:00+00:00
[2023-03-18T00:00:53.749+0000] {processor.py:175} INFO - Processing /home/airflow/.local/lib/python3.7/site-packages/airflow/example_dags/example_dynamic_task_mapping.py took 0.401 seconds
[2023-03-18T00:01:24.171+0000] {processor.py:153} INFO - Started process (PID=8294) to work on /home/airflow/.local/lib/python3.7/site-packages/airflow/example_dags/example_dynamic_task_mapping.py
[2023-03-18T00:01:24.173+0000] {processor.py:743} INFO - Processing file /home/airflow/.local/lib/python3.7/site-packages/airflow/example_dags/example_dynamic_task_mapping.py for tasks to queue
[2023-03-18T00:01:24.174+0000] {logging_mixin.py:137} INFO - [2023-03-18T00:01:24.174+0000] {dagbag.py:538} INFO - Filling up the DagBag from /home/airflow/.local/lib/python3.7/site-packages/airflow/example_dags/example_dynamic_task_mapping.py
[2023-03-18T00:01:24.221+0000] {processor.py:753} INFO - DAG(s) dict_keys(['example_dynamic_task_mapping']) retrieved from /home/airflow/.local/lib/python3.7/site-packages/airflow/example_dags/example_dynamic_task_mapping.py
[2023-03-18T00:01:24.260+0000] {logging_mixin.py:137} INFO - [2023-03-18T00:01:24.260+0000] {dag.py:2690} INFO - Sync 1 DAGs
[2023-03-18T00:01:24.324+0000] {logging_mixin.py:137} INFO - [2023-03-18T00:01:24.323+0000] {dag.py:3441} INFO - Setting next_dagrun for example_dynamic_task_mapping to 2022-03-04T00:00:00+00:00, run_after=2022-03-05T00:00:00+00:00
[2023-03-18T00:01:24.381+0000] {processor.py:175} INFO - Processing /home/airflow/.local/lib/python3.7/site-packages/airflow/example_dags/example_dynamic_task_mapping.py took 0.217 seconds
[2023-03-18T00:01:55.616+0000] {processor.py:153} INFO - Started process (PID=8377) to work on /home/airflow/.local/lib/python3.7/site-packages/airflow/example_dags/example_dynamic_task_mapping.py
[2023-03-18T00:01:55.618+0000] {processor.py:743} INFO - Processing file /home/airflow/.local/lib/python3.7/site-packages/airflow/example_dags/example_dynamic_task_mapping.py for tasks to queue
[2023-03-18T00:01:55.621+0000] {logging_mixin.py:137} INFO - [2023-03-18T00:01:55.621+0000] {dagbag.py:538} INFO - Filling up the DagBag from /home/airflow/.local/lib/python3.7/site-packages/airflow/example_dags/example_dynamic_task_mapping.py
[2023-03-18T00:01:55.685+0000] {processor.py:753} INFO - DAG(s) dict_keys(['example_dynamic_task_mapping']) retrieved from /home/airflow/.local/lib/python3.7/site-packages/airflow/example_dags/example_dynamic_task_mapping.py
[2023-03-18T00:01:55.757+0000] {logging_mixin.py:137} INFO - [2023-03-18T00:01:55.756+0000] {dag.py:2690} INFO - Sync 1 DAGs
[2023-03-18T00:01:55.864+0000] {logging_mixin.py:137} INFO - [2023-03-18T00:01:55.864+0000] {dag.py:3441} INFO - Setting next_dagrun for example_dynamic_task_mapping to 2022-03-04T00:00:00+00:00, run_after=2022-03-05T00:00:00+00:00
[2023-03-18T00:01:55.938+0000] {processor.py:175} INFO - Processing /home/airflow/.local/lib/python3.7/site-packages/airflow/example_dags/example_dynamic_task_mapping.py took 0.332 seconds
[2023-03-18T00:02:26.749+0000] {processor.py:153} INFO - Started process (PID=8459) to work on /home/airflow/.local/lib/python3.7/site-packages/airflow/example_dags/example_dynamic_task_mapping.py
[2023-03-18T00:02:26.751+0000] {processor.py:743} INFO - Processing file /home/airflow/.local/lib/python3.7/site-packages/airflow/example_dags/example_dynamic_task_mapping.py for tasks to queue
[2023-03-18T00:02:26.754+0000] {logging_mixin.py:137} INFO - [2023-03-18T00:02:26.753+0000] {dagbag.py:538} INFO - Filling up the DagBag from /home/airflow/.local/lib/python3.7/site-packages/airflow/example_dags/example_dynamic_task_mapping.py
[2023-03-18T00:02:26.871+0000] {processor.py:753} INFO - DAG(s) dict_keys(['example_dynamic_task_mapping']) retrieved from /home/airflow/.local/lib/python3.7/site-packages/airflow/example_dags/example_dynamic_task_mapping.py
[2023-03-18T00:02:26.959+0000] {logging_mixin.py:137} INFO - [2023-03-18T00:02:26.958+0000] {dag.py:2690} INFO - Sync 1 DAGs
[2023-03-18T00:02:27.053+0000] {logging_mixin.py:137} INFO - [2023-03-18T00:02:27.053+0000] {dag.py:3441} INFO - Setting next_dagrun for example_dynamic_task_mapping to 2022-03-04T00:00:00+00:00, run_after=2022-03-05T00:00:00+00:00
[2023-03-18T00:02:27.142+0000] {processor.py:175} INFO - Processing /home/airflow/.local/lib/python3.7/site-packages/airflow/example_dags/example_dynamic_task_mapping.py took 0.401 seconds
[2023-03-18T00:02:57.867+0000] {processor.py:153} INFO - Started process (PID=8541) to work on /home/airflow/.local/lib/python3.7/site-packages/airflow/example_dags/example_dynamic_task_mapping.py
[2023-03-18T00:02:57.869+0000] {processor.py:743} INFO - Processing file /home/airflow/.local/lib/python3.7/site-packages/airflow/example_dags/example_dynamic_task_mapping.py for tasks to queue
[2023-03-18T00:02:57.872+0000] {logging_mixin.py:137} INFO - [2023-03-18T00:02:57.871+0000] {dagbag.py:538} INFO - Filling up the DagBag from /home/airflow/.local/lib/python3.7/site-packages/airflow/example_dags/example_dynamic_task_mapping.py
[2023-03-18T00:02:57.946+0000] {processor.py:753} INFO - DAG(s) dict_keys(['example_dynamic_task_mapping']) retrieved from /home/airflow/.local/lib/python3.7/site-packages/airflow/example_dags/example_dynamic_task_mapping.py
[2023-03-18T00:02:58.025+0000] {logging_mixin.py:137} INFO - [2023-03-18T00:02:58.024+0000] {dag.py:2690} INFO - Sync 1 DAGs
[2023-03-18T00:02:58.140+0000] {logging_mixin.py:137} INFO - [2023-03-18T00:02:58.140+0000] {dag.py:3441} INFO - Setting next_dagrun for example_dynamic_task_mapping to 2022-03-04T00:00:00+00:00, run_after=2022-03-05T00:00:00+00:00
[2023-03-18T00:02:58.230+0000] {processor.py:175} INFO - Processing /home/airflow/.local/lib/python3.7/site-packages/airflow/example_dags/example_dynamic_task_mapping.py took 0.378 seconds
[2023-03-18T00:03:28.447+0000] {processor.py:153} INFO - Started process (PID=8623) to work on /home/airflow/.local/lib/python3.7/site-packages/airflow/example_dags/example_dynamic_task_mapping.py
[2023-03-18T00:03:28.448+0000] {processor.py:743} INFO - Processing file /home/airflow/.local/lib/python3.7/site-packages/airflow/example_dags/example_dynamic_task_mapping.py for tasks to queue
[2023-03-18T00:03:28.450+0000] {logging_mixin.py:137} INFO - [2023-03-18T00:03:28.449+0000] {dagbag.py:538} INFO - Filling up the DagBag from /home/airflow/.local/lib/python3.7/site-packages/airflow/example_dags/example_dynamic_task_mapping.py
[2023-03-18T00:03:28.484+0000] {processor.py:753} INFO - DAG(s) dict_keys(['example_dynamic_task_mapping']) retrieved from /home/airflow/.local/lib/python3.7/site-packages/airflow/example_dags/example_dynamic_task_mapping.py
[2023-03-18T00:03:28.553+0000] {logging_mixin.py:137} INFO - [2023-03-18T00:03:28.553+0000] {dag.py:2690} INFO - Sync 1 DAGs
[2023-03-18T00:03:28.614+0000] {logging_mixin.py:137} INFO - [2023-03-18T00:03:28.613+0000] {dag.py:3441} INFO - Setting next_dagrun for example_dynamic_task_mapping to 2022-03-04T00:00:00+00:00, run_after=2022-03-05T00:00:00+00:00
[2023-03-18T00:03:28.667+0000] {processor.py:175} INFO - Processing /home/airflow/.local/lib/python3.7/site-packages/airflow/example_dags/example_dynamic_task_mapping.py took 0.225 seconds
[2023-03-18T00:03:58.970+0000] {processor.py:153} INFO - Started process (PID=8706) to work on /home/airflow/.local/lib/python3.7/site-packages/airflow/example_dags/example_dynamic_task_mapping.py
[2023-03-18T00:03:58.971+0000] {processor.py:743} INFO - Processing file /home/airflow/.local/lib/python3.7/site-packages/airflow/example_dags/example_dynamic_task_mapping.py for tasks to queue
[2023-03-18T00:03:58.972+0000] {logging_mixin.py:137} INFO - [2023-03-18T00:03:58.972+0000] {dagbag.py:538} INFO - Filling up the DagBag from /home/airflow/.local/lib/python3.7/site-packages/airflow/example_dags/example_dynamic_task_mapping.py
[2023-03-18T00:03:58.999+0000] {processor.py:753} INFO - DAG(s) dict_keys(['example_dynamic_task_mapping']) retrieved from /home/airflow/.local/lib/python3.7/site-packages/airflow/example_dags/example_dynamic_task_mapping.py
[2023-03-18T00:03:59.030+0000] {logging_mixin.py:137} INFO - [2023-03-18T00:03:59.030+0000] {dag.py:2690} INFO - Sync 1 DAGs
[2023-03-18T00:03:59.064+0000] {logging_mixin.py:137} INFO - [2023-03-18T00:03:59.064+0000] {dag.py:3441} INFO - Setting next_dagrun for example_dynamic_task_mapping to 2022-03-04T00:00:00+00:00, run_after=2022-03-05T00:00:00+00:00
[2023-03-18T00:03:59.088+0000] {processor.py:175} INFO - Processing /home/airflow/.local/lib/python3.7/site-packages/airflow/example_dags/example_dynamic_task_mapping.py took 0.123 seconds
[2023-03-18T00:04:29.760+0000] {processor.py:153} INFO - Started process (PID=8787) to work on /home/airflow/.local/lib/python3.7/site-packages/airflow/example_dags/example_dynamic_task_mapping.py
[2023-03-18T00:04:29.761+0000] {processor.py:743} INFO - Processing file /home/airflow/.local/lib/python3.7/site-packages/airflow/example_dags/example_dynamic_task_mapping.py for tasks to queue
[2023-03-18T00:04:29.762+0000] {logging_mixin.py:137} INFO - [2023-03-18T00:04:29.762+0000] {dagbag.py:538} INFO - Filling up the DagBag from /home/airflow/.local/lib/python3.7/site-packages/airflow/example_dags/example_dynamic_task_mapping.py
[2023-03-18T00:04:29.790+0000] {processor.py:753} INFO - DAG(s) dict_keys(['example_dynamic_task_mapping']) retrieved from /home/airflow/.local/lib/python3.7/site-packages/airflow/example_dags/example_dynamic_task_mapping.py
[2023-03-18T00:04:29.892+0000] {logging_mixin.py:137} INFO - [2023-03-18T00:04:29.891+0000] {dag.py:2690} INFO - Sync 1 DAGs
[2023-03-18T00:04:29.924+0000] {logging_mixin.py:137} INFO - [2023-03-18T00:04:29.924+0000] {dag.py:3441} INFO - Setting next_dagrun for example_dynamic_task_mapping to 2022-03-04T00:00:00+00:00, run_after=2022-03-05T00:00:00+00:00
[2023-03-18T00:04:29.946+0000] {processor.py:175} INFO - Processing /home/airflow/.local/lib/python3.7/site-packages/airflow/example_dags/example_dynamic_task_mapping.py took 0.190 seconds
[2023-03-18T00:05:00.085+0000] {processor.py:153} INFO - Started process (PID=8890) to work on /home/airflow/.local/lib/python3.7/site-packages/airflow/example_dags/example_dynamic_task_mapping.py
[2023-03-18T00:05:00.089+0000] {processor.py:743} INFO - Processing file /home/airflow/.local/lib/python3.7/site-packages/airflow/example_dags/example_dynamic_task_mapping.py for tasks to queue
[2023-03-18T00:05:00.095+0000] {logging_mixin.py:137} INFO - [2023-03-18T00:05:00.094+0000] {dagbag.py:538} INFO - Filling up the DagBag from /home/airflow/.local/lib/python3.7/site-packages/airflow/example_dags/example_dynamic_task_mapping.py
[2023-03-18T00:05:00.165+0000] {processor.py:753} INFO - DAG(s) dict_keys(['example_dynamic_task_mapping']) retrieved from /home/airflow/.local/lib/python3.7/site-packages/airflow/example_dags/example_dynamic_task_mapping.py
[2023-03-18T00:05:00.217+0000] {logging_mixin.py:137} INFO - [2023-03-18T00:05:00.217+0000] {dag.py:2690} INFO - Sync 1 DAGs
[2023-03-18T00:05:00.290+0000] {logging_mixin.py:137} INFO - [2023-03-18T00:05:00.290+0000] {dag.py:3441} INFO - Setting next_dagrun for example_dynamic_task_mapping to 2022-03-04T00:00:00+00:00, run_after=2022-03-05T00:00:00+00:00
[2023-03-18T00:05:00.337+0000] {processor.py:175} INFO - Processing /home/airflow/.local/lib/python3.7/site-packages/airflow/example_dags/example_dynamic_task_mapping.py took 0.273 seconds
[2023-03-18T00:05:30.591+0000] {processor.py:153} INFO - Started process (PID=8972) to work on /home/airflow/.local/lib/python3.7/site-packages/airflow/example_dags/example_dynamic_task_mapping.py
[2023-03-18T00:05:30.592+0000] {processor.py:743} INFO - Processing file /home/airflow/.local/lib/python3.7/site-packages/airflow/example_dags/example_dynamic_task_mapping.py for tasks to queue
[2023-03-18T00:05:30.594+0000] {logging_mixin.py:137} INFO - [2023-03-18T00:05:30.593+0000] {dagbag.py:538} INFO - Filling up the DagBag from /home/airflow/.local/lib/python3.7/site-packages/airflow/example_dags/example_dynamic_task_mapping.py
[2023-03-18T00:05:30.620+0000] {processor.py:753} INFO - DAG(s) dict_keys(['example_dynamic_task_mapping']) retrieved from /home/airflow/.local/lib/python3.7/site-packages/airflow/example_dags/example_dynamic_task_mapping.py
[2023-03-18T00:05:30.647+0000] {logging_mixin.py:137} INFO - [2023-03-18T00:05:30.647+0000] {dag.py:2690} INFO - Sync 1 DAGs
[2023-03-18T00:05:30.676+0000] {logging_mixin.py:137} INFO - [2023-03-18T00:05:30.676+0000] {dag.py:3441} INFO - Setting next_dagrun for example_dynamic_task_mapping to 2022-03-04T00:00:00+00:00, run_after=2022-03-05T00:00:00+00:00
[2023-03-18T00:05:30.698+0000] {processor.py:175} INFO - Processing /home/airflow/.local/lib/python3.7/site-packages/airflow/example_dags/example_dynamic_task_mapping.py took 0.110 seconds
[2023-03-18T00:06:01.296+0000] {processor.py:153} INFO - Started process (PID=9054) to work on /home/airflow/.local/lib/python3.7/site-packages/airflow/example_dags/example_dynamic_task_mapping.py
[2023-03-18T00:06:01.298+0000] {processor.py:743} INFO - Processing file /home/airflow/.local/lib/python3.7/site-packages/airflow/example_dags/example_dynamic_task_mapping.py for tasks to queue
[2023-03-18T00:06:01.300+0000] {logging_mixin.py:137} INFO - [2023-03-18T00:06:01.300+0000] {dagbag.py:538} INFO - Filling up the DagBag from /home/airflow/.local/lib/python3.7/site-packages/airflow/example_dags/example_dynamic_task_mapping.py
[2023-03-18T00:06:01.343+0000] {processor.py:753} INFO - DAG(s) dict_keys(['example_dynamic_task_mapping']) retrieved from /home/airflow/.local/lib/python3.7/site-packages/airflow/example_dags/example_dynamic_task_mapping.py
[2023-03-18T00:06:01.390+0000] {logging_mixin.py:137} INFO - [2023-03-18T00:06:01.390+0000] {dag.py:2690} INFO - Sync 1 DAGs
[2023-03-18T00:06:01.434+0000] {logging_mixin.py:137} INFO - [2023-03-18T00:06:01.434+0000] {dag.py:3441} INFO - Setting next_dagrun for example_dynamic_task_mapping to 2022-03-04T00:00:00+00:00, run_after=2022-03-05T00:00:00+00:00
[2023-03-18T00:06:01.474+0000] {processor.py:175} INFO - Processing /home/airflow/.local/lib/python3.7/site-packages/airflow/example_dags/example_dynamic_task_mapping.py took 0.184 seconds
[2023-03-18T00:06:32.134+0000] {processor.py:153} INFO - Started process (PID=9136) to work on /home/airflow/.local/lib/python3.7/site-packages/airflow/example_dags/example_dynamic_task_mapping.py
[2023-03-18T00:06:32.136+0000] {processor.py:743} INFO - Processing file /home/airflow/.local/lib/python3.7/site-packages/airflow/example_dags/example_dynamic_task_mapping.py for tasks to queue
[2023-03-18T00:06:32.137+0000] {logging_mixin.py:137} INFO - [2023-03-18T00:06:32.137+0000] {dagbag.py:538} INFO - Filling up the DagBag from /home/airflow/.local/lib/python3.7/site-packages/airflow/example_dags/example_dynamic_task_mapping.py
[2023-03-18T00:06:32.179+0000] {processor.py:753} INFO - DAG(s) dict_keys(['example_dynamic_task_mapping']) retrieved from /home/airflow/.local/lib/python3.7/site-packages/airflow/example_dags/example_dynamic_task_mapping.py
[2023-03-18T00:06:32.220+0000] {logging_mixin.py:137} INFO - [2023-03-18T00:06:32.220+0000] {dag.py:2690} INFO - Sync 1 DAGs
[2023-03-18T00:06:32.251+0000] {logging_mixin.py:137} INFO - [2023-03-18T00:06:32.251+0000] {dag.py:3441} INFO - Setting next_dagrun for example_dynamic_task_mapping to 2022-03-04T00:00:00+00:00, run_after=2022-03-05T00:00:00+00:00
[2023-03-18T00:06:32.283+0000] {processor.py:175} INFO - Processing /home/airflow/.local/lib/python3.7/site-packages/airflow/example_dags/example_dynamic_task_mapping.py took 0.154 seconds
[2023-03-18T00:07:02.951+0000] {processor.py:153} INFO - Started process (PID=9225) to work on /home/airflow/.local/lib/python3.7/site-packages/airflow/example_dags/example_dynamic_task_mapping.py
[2023-03-18T00:07:02.953+0000] {processor.py:743} INFO - Processing file /home/airflow/.local/lib/python3.7/site-packages/airflow/example_dags/example_dynamic_task_mapping.py for tasks to queue
[2023-03-18T00:07:02.954+0000] {logging_mixin.py:137} INFO - [2023-03-18T00:07:02.954+0000] {dagbag.py:538} INFO - Filling up the DagBag from /home/airflow/.local/lib/python3.7/site-packages/airflow/example_dags/example_dynamic_task_mapping.py
[2023-03-18T00:07:02.984+0000] {processor.py:753} INFO - DAG(s) dict_keys(['example_dynamic_task_mapping']) retrieved from /home/airflow/.local/lib/python3.7/site-packages/airflow/example_dags/example_dynamic_task_mapping.py
[2023-03-18T00:07:03.019+0000] {logging_mixin.py:137} INFO - [2023-03-18T00:07:03.018+0000] {dag.py:2690} INFO - Sync 1 DAGs
[2023-03-18T00:07:03.052+0000] {logging_mixin.py:137} INFO - [2023-03-18T00:07:03.051+0000] {dag.py:3441} INFO - Setting next_dagrun for example_dynamic_task_mapping to 2022-03-04T00:00:00+00:00, run_after=2022-03-05T00:00:00+00:00
[2023-03-18T00:07:03.084+0000] {processor.py:175} INFO - Processing /home/airflow/.local/lib/python3.7/site-packages/airflow/example_dags/example_dynamic_task_mapping.py took 0.137 seconds
[2023-03-18T00:07:33.716+0000] {processor.py:153} INFO - Started process (PID=9311) to work on /home/airflow/.local/lib/python3.7/site-packages/airflow/example_dags/example_dynamic_task_mapping.py
[2023-03-18T00:07:33.717+0000] {processor.py:743} INFO - Processing file /home/airflow/.local/lib/python3.7/site-packages/airflow/example_dags/example_dynamic_task_mapping.py for tasks to queue
[2023-03-18T00:07:33.719+0000] {logging_mixin.py:137} INFO - [2023-03-18T00:07:33.718+0000] {dagbag.py:538} INFO - Filling up the DagBag from /home/airflow/.local/lib/python3.7/site-packages/airflow/example_dags/example_dynamic_task_mapping.py
[2023-03-18T00:07:33.789+0000] {processor.py:753} INFO - DAG(s) dict_keys(['example_dynamic_task_mapping']) retrieved from /home/airflow/.local/lib/python3.7/site-packages/airflow/example_dags/example_dynamic_task_mapping.py
[2023-03-18T00:07:33.845+0000] {logging_mixin.py:137} INFO - [2023-03-18T00:07:33.845+0000] {dag.py:2690} INFO - Sync 1 DAGs
[2023-03-18T00:07:33.900+0000] {logging_mixin.py:137} INFO - [2023-03-18T00:07:33.900+0000] {dag.py:3441} INFO - Setting next_dagrun for example_dynamic_task_mapping to 2022-03-04T00:00:00+00:00, run_after=2022-03-05T00:00:00+00:00
[2023-03-18T00:07:34.027+0000] {processor.py:175} INFO - Processing /home/airflow/.local/lib/python3.7/site-packages/airflow/example_dags/example_dynamic_task_mapping.py took 0.315 seconds
[2023-03-18T00:08:04.742+0000] {processor.py:153} INFO - Started process (PID=9404) to work on /home/airflow/.local/lib/python3.7/site-packages/airflow/example_dags/example_dynamic_task_mapping.py
[2023-03-18T00:08:04.743+0000] {processor.py:743} INFO - Processing file /home/airflow/.local/lib/python3.7/site-packages/airflow/example_dags/example_dynamic_task_mapping.py for tasks to queue
[2023-03-18T00:08:04.745+0000] {logging_mixin.py:137} INFO - [2023-03-18T00:08:04.745+0000] {dagbag.py:538} INFO - Filling up the DagBag from /home/airflow/.local/lib/python3.7/site-packages/airflow/example_dags/example_dynamic_task_mapping.py
[2023-03-18T00:08:04.784+0000] {processor.py:753} INFO - DAG(s) dict_keys(['example_dynamic_task_mapping']) retrieved from /home/airflow/.local/lib/python3.7/site-packages/airflow/example_dags/example_dynamic_task_mapping.py
[2023-03-18T00:08:04.821+0000] {logging_mixin.py:137} INFO - [2023-03-18T00:08:04.821+0000] {dag.py:2690} INFO - Sync 1 DAGs
[2023-03-18T00:08:04.856+0000] {logging_mixin.py:137} INFO - [2023-03-18T00:08:04.856+0000] {dag.py:3441} INFO - Setting next_dagrun for example_dynamic_task_mapping to 2022-03-04T00:00:00+00:00, run_after=2022-03-05T00:00:00+00:00
[2023-03-18T00:08:04.880+0000] {processor.py:175} INFO - Processing /home/airflow/.local/lib/python3.7/site-packages/airflow/example_dags/example_dynamic_task_mapping.py took 0.143 seconds
[2023-03-18T00:08:35.344+0000] {processor.py:153} INFO - Started process (PID=9486) to work on /home/airflow/.local/lib/python3.7/site-packages/airflow/example_dags/example_dynamic_task_mapping.py
[2023-03-18T00:08:35.345+0000] {processor.py:743} INFO - Processing file /home/airflow/.local/lib/python3.7/site-packages/airflow/example_dags/example_dynamic_task_mapping.py for tasks to queue
[2023-03-18T00:08:35.347+0000] {logging_mixin.py:137} INFO - [2023-03-18T00:08:35.346+0000] {dagbag.py:538} INFO - Filling up the DagBag from /home/airflow/.local/lib/python3.7/site-packages/airflow/example_dags/example_dynamic_task_mapping.py
[2023-03-18T00:08:35.383+0000] {processor.py:753} INFO - DAG(s) dict_keys(['example_dynamic_task_mapping']) retrieved from /home/airflow/.local/lib/python3.7/site-packages/airflow/example_dags/example_dynamic_task_mapping.py
[2023-03-18T00:08:35.420+0000] {logging_mixin.py:137} INFO - [2023-03-18T00:08:35.420+0000] {dag.py:2690} INFO - Sync 1 DAGs
[2023-03-18T00:08:35.456+0000] {logging_mixin.py:137} INFO - [2023-03-18T00:08:35.455+0000] {dag.py:3441} INFO - Setting next_dagrun for example_dynamic_task_mapping to 2022-03-04T00:00:00+00:00, run_after=2022-03-05T00:00:00+00:00
[2023-03-18T00:08:35.479+0000] {processor.py:175} INFO - Processing /home/airflow/.local/lib/python3.7/site-packages/airflow/example_dags/example_dynamic_task_mapping.py took 0.140 seconds
[2023-03-18T00:09:06.222+0000] {processor.py:153} INFO - Started process (PID=9568) to work on /home/airflow/.local/lib/python3.7/site-packages/airflow/example_dags/example_dynamic_task_mapping.py
[2023-03-18T00:09:06.224+0000] {processor.py:743} INFO - Processing file /home/airflow/.local/lib/python3.7/site-packages/airflow/example_dags/example_dynamic_task_mapping.py for tasks to queue
[2023-03-18T00:09:06.226+0000] {logging_mixin.py:137} INFO - [2023-03-18T00:09:06.225+0000] {dagbag.py:538} INFO - Filling up the DagBag from /home/airflow/.local/lib/python3.7/site-packages/airflow/example_dags/example_dynamic_task_mapping.py
[2023-03-18T00:09:06.259+0000] {processor.py:753} INFO - DAG(s) dict_keys(['example_dynamic_task_mapping']) retrieved from /home/airflow/.local/lib/python3.7/site-packages/airflow/example_dags/example_dynamic_task_mapping.py
[2023-03-18T00:09:06.293+0000] {logging_mixin.py:137} INFO - [2023-03-18T00:09:06.293+0000] {dag.py:2690} INFO - Sync 1 DAGs
[2023-03-18T00:09:06.324+0000] {logging_mixin.py:137} INFO - [2023-03-18T00:09:06.324+0000] {dag.py:3441} INFO - Setting next_dagrun for example_dynamic_task_mapping to 2022-03-04T00:00:00+00:00, run_after=2022-03-05T00:00:00+00:00
[2023-03-18T00:09:06.345+0000] {processor.py:175} INFO - Processing /home/airflow/.local/lib/python3.7/site-packages/airflow/example_dags/example_dynamic_task_mapping.py took 0.129 seconds
[2023-03-18T00:09:37.985+0000] {processor.py:153} INFO - Started process (PID=9670) to work on /home/airflow/.local/lib/python3.7/site-packages/airflow/example_dags/example_dynamic_task_mapping.py
[2023-03-18T00:09:37.987+0000] {processor.py:743} INFO - Processing file /home/airflow/.local/lib/python3.7/site-packages/airflow/example_dags/example_dynamic_task_mapping.py for tasks to queue
[2023-03-18T00:09:37.989+0000] {logging_mixin.py:137} INFO - [2023-03-18T00:09:37.989+0000] {dagbag.py:538} INFO - Filling up the DagBag from /home/airflow/.local/lib/python3.7/site-packages/airflow/example_dags/example_dynamic_task_mapping.py
[2023-03-18T00:09:38.029+0000] {processor.py:753} INFO - DAG(s) dict_keys(['example_dynamic_task_mapping']) retrieved from /home/airflow/.local/lib/python3.7/site-packages/airflow/example_dags/example_dynamic_task_mapping.py
[2023-03-18T00:09:38.075+0000] {logging_mixin.py:137} INFO - [2023-03-18T00:09:38.074+0000] {dag.py:2690} INFO - Sync 1 DAGs
[2023-03-18T00:09:38.149+0000] {logging_mixin.py:137} INFO - [2023-03-18T00:09:38.149+0000] {dag.py:3441} INFO - Setting next_dagrun for example_dynamic_task_mapping to 2022-03-04T00:00:00+00:00, run_after=2022-03-05T00:00:00+00:00
[2023-03-18T00:09:38.195+0000] {processor.py:175} INFO - Processing /home/airflow/.local/lib/python3.7/site-packages/airflow/example_dags/example_dynamic_task_mapping.py took 0.218 seconds
[2023-03-18T00:10:08.907+0000] {processor.py:153} INFO - Started process (PID=9752) to work on /home/airflow/.local/lib/python3.7/site-packages/airflow/example_dags/example_dynamic_task_mapping.py
[2023-03-18T00:10:08.909+0000] {processor.py:743} INFO - Processing file /home/airflow/.local/lib/python3.7/site-packages/airflow/example_dags/example_dynamic_task_mapping.py for tasks to queue
[2023-03-18T00:10:08.911+0000] {logging_mixin.py:137} INFO - [2023-03-18T00:10:08.911+0000] {dagbag.py:538} INFO - Filling up the DagBag from /home/airflow/.local/lib/python3.7/site-packages/airflow/example_dags/example_dynamic_task_mapping.py
[2023-03-18T00:10:08.961+0000] {processor.py:753} INFO - DAG(s) dict_keys(['example_dynamic_task_mapping']) retrieved from /home/airflow/.local/lib/python3.7/site-packages/airflow/example_dags/example_dynamic_task_mapping.py
[2023-03-18T00:10:09.065+0000] {logging_mixin.py:137} INFO - [2023-03-18T00:10:09.064+0000] {dag.py:2690} INFO - Sync 1 DAGs
[2023-03-18T00:10:09.136+0000] {logging_mixin.py:137} INFO - [2023-03-18T00:10:09.136+0000] {dag.py:3441} INFO - Setting next_dagrun for example_dynamic_task_mapping to 2022-03-04T00:00:00+00:00, run_after=2022-03-05T00:00:00+00:00
[2023-03-18T00:10:09.181+0000] {processor.py:175} INFO - Processing /home/airflow/.local/lib/python3.7/site-packages/airflow/example_dags/example_dynamic_task_mapping.py took 0.281 seconds
[2023-03-18T00:10:39.771+0000] {processor.py:153} INFO - Started process (PID=9834) to work on /home/airflow/.local/lib/python3.7/site-packages/airflow/example_dags/example_dynamic_task_mapping.py
[2023-03-18T00:10:39.773+0000] {processor.py:743} INFO - Processing file /home/airflow/.local/lib/python3.7/site-packages/airflow/example_dags/example_dynamic_task_mapping.py for tasks to queue
[2023-03-18T00:10:39.774+0000] {logging_mixin.py:137} INFO - [2023-03-18T00:10:39.773+0000] {dagbag.py:538} INFO - Filling up the DagBag from /home/airflow/.local/lib/python3.7/site-packages/airflow/example_dags/example_dynamic_task_mapping.py
[2023-03-18T00:10:39.799+0000] {processor.py:753} INFO - DAG(s) dict_keys(['example_dynamic_task_mapping']) retrieved from /home/airflow/.local/lib/python3.7/site-packages/airflow/example_dags/example_dynamic_task_mapping.py
[2023-03-18T00:10:39.829+0000] {logging_mixin.py:137} INFO - [2023-03-18T00:10:39.828+0000] {dag.py:2690} INFO - Sync 1 DAGs
[2023-03-18T00:10:39.861+0000] {logging_mixin.py:137} INFO - [2023-03-18T00:10:39.861+0000] {dag.py:3441} INFO - Setting next_dagrun for example_dynamic_task_mapping to 2022-03-04T00:00:00+00:00, run_after=2022-03-05T00:00:00+00:00
[2023-03-18T00:10:39.887+0000] {processor.py:175} INFO - Processing /home/airflow/.local/lib/python3.7/site-packages/airflow/example_dags/example_dynamic_task_mapping.py took 0.119 seconds
[2023-03-18T00:11:10.774+0000] {processor.py:153} INFO - Started process (PID=9916) to work on /home/airflow/.local/lib/python3.7/site-packages/airflow/example_dags/example_dynamic_task_mapping.py
[2023-03-18T00:11:10.775+0000] {processor.py:743} INFO - Processing file /home/airflow/.local/lib/python3.7/site-packages/airflow/example_dags/example_dynamic_task_mapping.py for tasks to queue
[2023-03-18T00:11:10.777+0000] {logging_mixin.py:137} INFO - [2023-03-18T00:11:10.777+0000] {dagbag.py:538} INFO - Filling up the DagBag from /home/airflow/.local/lib/python3.7/site-packages/airflow/example_dags/example_dynamic_task_mapping.py
[2023-03-18T00:11:10.810+0000] {processor.py:753} INFO - DAG(s) dict_keys(['example_dynamic_task_mapping']) retrieved from /home/airflow/.local/lib/python3.7/site-packages/airflow/example_dags/example_dynamic_task_mapping.py
[2023-03-18T00:11:10.842+0000] {logging_mixin.py:137} INFO - [2023-03-18T00:11:10.842+0000] {dag.py:2690} INFO - Sync 1 DAGs
[2023-03-18T00:11:10.876+0000] {logging_mixin.py:137} INFO - [2023-03-18T00:11:10.876+0000] {dag.py:3441} INFO - Setting next_dagrun for example_dynamic_task_mapping to 2022-03-04T00:00:00+00:00, run_after=2022-03-05T00:00:00+00:00
[2023-03-18T00:11:10.902+0000] {processor.py:175} INFO - Processing /home/airflow/.local/lib/python3.7/site-packages/airflow/example_dags/example_dynamic_task_mapping.py took 0.134 seconds
[2023-03-18T00:11:41.936+0000] {processor.py:153} INFO - Started process (PID=10007) to work on /home/airflow/.local/lib/python3.7/site-packages/airflow/example_dags/example_dynamic_task_mapping.py
[2023-03-18T00:11:41.938+0000] {processor.py:743} INFO - Processing file /home/airflow/.local/lib/python3.7/site-packages/airflow/example_dags/example_dynamic_task_mapping.py for tasks to queue
[2023-03-18T00:11:41.939+0000] {logging_mixin.py:137} INFO - [2023-03-18T00:11:41.939+0000] {dagbag.py:538} INFO - Filling up the DagBag from /home/airflow/.local/lib/python3.7/site-packages/airflow/example_dags/example_dynamic_task_mapping.py
[2023-03-18T00:11:41.972+0000] {processor.py:753} INFO - DAG(s) dict_keys(['example_dynamic_task_mapping']) retrieved from /home/airflow/.local/lib/python3.7/site-packages/airflow/example_dags/example_dynamic_task_mapping.py
[2023-03-18T00:11:42.041+0000] {logging_mixin.py:137} INFO - [2023-03-18T00:11:42.041+0000] {dag.py:2690} INFO - Sync 1 DAGs
[2023-03-18T00:11:42.086+0000] {logging_mixin.py:137} INFO - [2023-03-18T00:11:42.085+0000] {dag.py:3441} INFO - Setting next_dagrun for example_dynamic_task_mapping to 2022-03-04T00:00:00+00:00, run_after=2022-03-05T00:00:00+00:00
[2023-03-18T00:11:42.115+0000] {processor.py:175} INFO - Processing /home/airflow/.local/lib/python3.7/site-packages/airflow/example_dags/example_dynamic_task_mapping.py took 0.183 seconds
[2023-03-18T00:12:12.906+0000] {processor.py:153} INFO - Started process (PID=10101) to work on /home/airflow/.local/lib/python3.7/site-packages/airflow/example_dags/example_dynamic_task_mapping.py
[2023-03-18T00:12:12.908+0000] {processor.py:743} INFO - Processing file /home/airflow/.local/lib/python3.7/site-packages/airflow/example_dags/example_dynamic_task_mapping.py for tasks to queue
[2023-03-18T00:12:12.910+0000] {logging_mixin.py:137} INFO - [2023-03-18T00:12:12.910+0000] {dagbag.py:538} INFO - Filling up the DagBag from /home/airflow/.local/lib/python3.7/site-packages/airflow/example_dags/example_dynamic_task_mapping.py
[2023-03-18T00:12:12.967+0000] {processor.py:753} INFO - DAG(s) dict_keys(['example_dynamic_task_mapping']) retrieved from /home/airflow/.local/lib/python3.7/site-packages/airflow/example_dags/example_dynamic_task_mapping.py
[2023-03-18T00:12:13.044+0000] {logging_mixin.py:137} INFO - [2023-03-18T00:12:13.044+0000] {dag.py:2690} INFO - Sync 1 DAGs
[2023-03-18T00:12:13.106+0000] {logging_mixin.py:137} INFO - [2023-03-18T00:12:13.106+0000] {dag.py:3441} INFO - Setting next_dagrun for example_dynamic_task_mapping to 2022-03-04T00:00:00+00:00, run_after=2022-03-05T00:00:00+00:00
[2023-03-18T00:12:13.168+0000] {processor.py:175} INFO - Processing /home/airflow/.local/lib/python3.7/site-packages/airflow/example_dags/example_dynamic_task_mapping.py took 0.271 seconds
[2023-03-18T00:12:43.774+0000] {processor.py:153} INFO - Started process (PID=10183) to work on /home/airflow/.local/lib/python3.7/site-packages/airflow/example_dags/example_dynamic_task_mapping.py
[2023-03-18T00:12:43.775+0000] {processor.py:743} INFO - Processing file /home/airflow/.local/lib/python3.7/site-packages/airflow/example_dags/example_dynamic_task_mapping.py for tasks to queue
[2023-03-18T00:12:43.776+0000] {logging_mixin.py:137} INFO - [2023-03-18T00:12:43.776+0000] {dagbag.py:538} INFO - Filling up the DagBag from /home/airflow/.local/lib/python3.7/site-packages/airflow/example_dags/example_dynamic_task_mapping.py
[2023-03-18T00:12:43.804+0000] {processor.py:753} INFO - DAG(s) dict_keys(['example_dynamic_task_mapping']) retrieved from /home/airflow/.local/lib/python3.7/site-packages/airflow/example_dags/example_dynamic_task_mapping.py
[2023-03-18T00:12:43.831+0000] {logging_mixin.py:137} INFO - [2023-03-18T00:12:43.831+0000] {dag.py:2690} INFO - Sync 1 DAGs
[2023-03-18T00:12:43.868+0000] {logging_mixin.py:137} INFO - [2023-03-18T00:12:43.867+0000] {dag.py:3441} INFO - Setting next_dagrun for example_dynamic_task_mapping to 2022-03-04T00:00:00+00:00, run_after=2022-03-05T00:00:00+00:00
[2023-03-18T00:12:43.901+0000] {processor.py:175} INFO - Processing /home/airflow/.local/lib/python3.7/site-packages/airflow/example_dags/example_dynamic_task_mapping.py took 0.132 seconds
[2023-03-18T00:13:14.556+0000] {processor.py:153} INFO - Started process (PID=10265) to work on /home/airflow/.local/lib/python3.7/site-packages/airflow/example_dags/example_dynamic_task_mapping.py
[2023-03-18T00:13:14.558+0000] {processor.py:743} INFO - Processing file /home/airflow/.local/lib/python3.7/site-packages/airflow/example_dags/example_dynamic_task_mapping.py for tasks to queue
[2023-03-18T00:13:14.559+0000] {logging_mixin.py:137} INFO - [2023-03-18T00:13:14.559+0000] {dagbag.py:538} INFO - Filling up the DagBag from /home/airflow/.local/lib/python3.7/site-packages/airflow/example_dags/example_dynamic_task_mapping.py
[2023-03-18T00:13:14.582+0000] {processor.py:753} INFO - DAG(s) dict_keys(['example_dynamic_task_mapping']) retrieved from /home/airflow/.local/lib/python3.7/site-packages/airflow/example_dags/example_dynamic_task_mapping.py
[2023-03-18T00:13:14.610+0000] {logging_mixin.py:137} INFO - [2023-03-18T00:13:14.609+0000] {dag.py:2690} INFO - Sync 1 DAGs
[2023-03-18T00:13:14.639+0000] {logging_mixin.py:137} INFO - [2023-03-18T00:13:14.638+0000] {dag.py:3441} INFO - Setting next_dagrun for example_dynamic_task_mapping to 2022-03-04T00:00:00+00:00, run_after=2022-03-05T00:00:00+00:00
[2023-03-18T00:13:14.662+0000] {processor.py:175} INFO - Processing /home/airflow/.local/lib/python3.7/site-packages/airflow/example_dags/example_dynamic_task_mapping.py took 0.110 seconds
[2023-03-18T00:13:45.016+0000] {processor.py:153} INFO - Started process (PID=10356) to work on /home/airflow/.local/lib/python3.7/site-packages/airflow/example_dags/example_dynamic_task_mapping.py
[2023-03-18T00:13:45.018+0000] {processor.py:743} INFO - Processing file /home/airflow/.local/lib/python3.7/site-packages/airflow/example_dags/example_dynamic_task_mapping.py for tasks to queue
[2023-03-18T00:13:45.019+0000] {logging_mixin.py:137} INFO - [2023-03-18T00:13:45.019+0000] {dagbag.py:538} INFO - Filling up the DagBag from /home/airflow/.local/lib/python3.7/site-packages/airflow/example_dags/example_dynamic_task_mapping.py
[2023-03-18T00:13:45.057+0000] {processor.py:753} INFO - DAG(s) dict_keys(['example_dynamic_task_mapping']) retrieved from /home/airflow/.local/lib/python3.7/site-packages/airflow/example_dags/example_dynamic_task_mapping.py
[2023-03-18T00:13:45.143+0000] {logging_mixin.py:137} INFO - [2023-03-18T00:13:45.143+0000] {dag.py:2690} INFO - Sync 1 DAGs
[2023-03-18T00:13:45.216+0000] {logging_mixin.py:137} INFO - [2023-03-18T00:13:45.216+0000] {dag.py:3441} INFO - Setting next_dagrun for example_dynamic_task_mapping to 2022-03-04T00:00:00+00:00, run_after=2022-03-05T00:00:00+00:00
[2023-03-18T00:13:45.261+0000] {processor.py:175} INFO - Processing /home/airflow/.local/lib/python3.7/site-packages/airflow/example_dags/example_dynamic_task_mapping.py took 0.249 seconds
[2023-03-18T00:14:15.598+0000] {processor.py:153} INFO - Started process (PID=10449) to work on /home/airflow/.local/lib/python3.7/site-packages/airflow/example_dags/example_dynamic_task_mapping.py
[2023-03-18T00:14:15.600+0000] {processor.py:743} INFO - Processing file /home/airflow/.local/lib/python3.7/site-packages/airflow/example_dags/example_dynamic_task_mapping.py for tasks to queue
[2023-03-18T00:14:15.601+0000] {logging_mixin.py:137} INFO - [2023-03-18T00:14:15.601+0000] {dagbag.py:538} INFO - Filling up the DagBag from /home/airflow/.local/lib/python3.7/site-packages/airflow/example_dags/example_dynamic_task_mapping.py
[2023-03-18T00:14:15.634+0000] {processor.py:753} INFO - DAG(s) dict_keys(['example_dynamic_task_mapping']) retrieved from /home/airflow/.local/lib/python3.7/site-packages/airflow/example_dags/example_dynamic_task_mapping.py
[2023-03-18T00:14:15.667+0000] {logging_mixin.py:137} INFO - [2023-03-18T00:14:15.667+0000] {dag.py:2690} INFO - Sync 1 DAGs
[2023-03-18T00:14:15.702+0000] {logging_mixin.py:137} INFO - [2023-03-18T00:14:15.702+0000] {dag.py:3441} INFO - Setting next_dagrun for example_dynamic_task_mapping to 2022-03-04T00:00:00+00:00, run_after=2022-03-05T00:00:00+00:00
[2023-03-18T00:14:15.728+0000] {processor.py:175} INFO - Processing /home/airflow/.local/lib/python3.7/site-packages/airflow/example_dags/example_dynamic_task_mapping.py took 0.134 seconds
[2023-03-18T00:14:46.127+0000] {processor.py:153} INFO - Started process (PID=10531) to work on /home/airflow/.local/lib/python3.7/site-packages/airflow/example_dags/example_dynamic_task_mapping.py
[2023-03-18T00:14:46.129+0000] {processor.py:743} INFO - Processing file /home/airflow/.local/lib/python3.7/site-packages/airflow/example_dags/example_dynamic_task_mapping.py for tasks to queue
[2023-03-18T00:14:46.130+0000] {logging_mixin.py:137} INFO - [2023-03-18T00:14:46.130+0000] {dagbag.py:538} INFO - Filling up the DagBag from /home/airflow/.local/lib/python3.7/site-packages/airflow/example_dags/example_dynamic_task_mapping.py
[2023-03-18T00:14:46.161+0000] {processor.py:753} INFO - DAG(s) dict_keys(['example_dynamic_task_mapping']) retrieved from /home/airflow/.local/lib/python3.7/site-packages/airflow/example_dags/example_dynamic_task_mapping.py
[2023-03-18T00:14:46.195+0000] {logging_mixin.py:137} INFO - [2023-03-18T00:14:46.195+0000] {dag.py:2690} INFO - Sync 1 DAGs
[2023-03-18T00:14:46.232+0000] {logging_mixin.py:137} INFO - [2023-03-18T00:14:46.231+0000] {dag.py:3441} INFO - Setting next_dagrun for example_dynamic_task_mapping to 2022-03-04T00:00:00+00:00, run_after=2022-03-05T00:00:00+00:00
[2023-03-18T00:14:46.267+0000] {processor.py:175} INFO - Processing /home/airflow/.local/lib/python3.7/site-packages/airflow/example_dags/example_dynamic_task_mapping.py took 0.144 seconds
