[2023-03-18T00:00:19.326+0000] {processor.py:153} INFO - Started process (PID=8103) to work on /home/airflow/.local/lib/python3.7/site-packages/airflow/example_dags/example_time_delta_sensor_async.py
[2023-03-18T00:00:19.331+0000] {processor.py:743} INFO - Processing file /home/airflow/.local/lib/python3.7/site-packages/airflow/example_dags/example_time_delta_sensor_async.py for tasks to queue
[2023-03-18T00:00:19.335+0000] {logging_mixin.py:137} INFO - [2023-03-18T00:00:19.335+0000] {dagbag.py:538} INFO - Filling up the DagBag from /home/airflow/.local/lib/python3.7/site-packages/airflow/example_dags/example_time_delta_sensor_async.py
[2023-03-18T00:00:19.396+0000] {processor.py:753} INFO - DAG(s) dict_keys(['example_time_delta_sensor_async']) retrieved from /home/airflow/.local/lib/python3.7/site-packages/airflow/example_dags/example_time_delta_sensor_async.py
[2023-03-18T00:00:19.469+0000] {logging_mixin.py:137} INFO - [2023-03-18T00:00:19.469+0000] {dag.py:2690} INFO - Sync 1 DAGs
[2023-03-18T00:00:19.505+0000] {logging_mixin.py:137} INFO - [2023-03-18T00:00:19.504+0000] {dag.py:3441} INFO - Setting next_dagrun for example_time_delta_sensor_async to None, run_after=None
[2023-03-18T00:00:19.540+0000] {processor.py:175} INFO - Processing /home/airflow/.local/lib/python3.7/site-packages/airflow/example_dags/example_time_delta_sensor_async.py took 0.229 seconds
[2023-03-18T00:00:50.721+0000] {processor.py:153} INFO - Started process (PID=8205) to work on /home/airflow/.local/lib/python3.7/site-packages/airflow/example_dags/example_time_delta_sensor_async.py
[2023-03-18T00:00:50.734+0000] {processor.py:743} INFO - Processing file /home/airflow/.local/lib/python3.7/site-packages/airflow/example_dags/example_time_delta_sensor_async.py for tasks to queue
[2023-03-18T00:00:50.740+0000] {logging_mixin.py:137} INFO - [2023-03-18T00:00:50.739+0000] {dagbag.py:538} INFO - Filling up the DagBag from /home/airflow/.local/lib/python3.7/site-packages/airflow/example_dags/example_time_delta_sensor_async.py
[2023-03-18T00:00:50.842+0000] {processor.py:753} INFO - DAG(s) dict_keys(['example_time_delta_sensor_async']) retrieved from /home/airflow/.local/lib/python3.7/site-packages/airflow/example_dags/example_time_delta_sensor_async.py
[2023-03-18T00:00:51.153+0000] {logging_mixin.py:137} INFO - [2023-03-18T00:00:51.153+0000] {dag.py:2690} INFO - Sync 1 DAGs
[2023-03-18T00:00:51.284+0000] {logging_mixin.py:137} INFO - [2023-03-18T00:00:51.284+0000] {dag.py:3441} INFO - Setting next_dagrun for example_time_delta_sensor_async to None, run_after=None
[2023-03-18T00:00:51.355+0000] {processor.py:175} INFO - Processing /home/airflow/.local/lib/python3.7/site-packages/airflow/example_dags/example_time_delta_sensor_async.py took 0.661 seconds
[2023-03-18T00:01:21.837+0000] {processor.py:153} INFO - Started process (PID=8276) to work on /home/airflow/.local/lib/python3.7/site-packages/airflow/example_dags/example_time_delta_sensor_async.py
[2023-03-18T00:01:21.839+0000] {processor.py:743} INFO - Processing file /home/airflow/.local/lib/python3.7/site-packages/airflow/example_dags/example_time_delta_sensor_async.py for tasks to queue
[2023-03-18T00:01:21.842+0000] {logging_mixin.py:137} INFO - [2023-03-18T00:01:21.841+0000] {dagbag.py:538} INFO - Filling up the DagBag from /home/airflow/.local/lib/python3.7/site-packages/airflow/example_dags/example_time_delta_sensor_async.py
[2023-03-18T00:01:21.904+0000] {processor.py:753} INFO - DAG(s) dict_keys(['example_time_delta_sensor_async']) retrieved from /home/airflow/.local/lib/python3.7/site-packages/airflow/example_dags/example_time_delta_sensor_async.py
[2023-03-18T00:01:21.972+0000] {logging_mixin.py:137} INFO - [2023-03-18T00:01:21.972+0000] {dag.py:2690} INFO - Sync 1 DAGs
[2023-03-18T00:01:22.086+0000] {logging_mixin.py:137} INFO - [2023-03-18T00:01:22.085+0000] {dag.py:3441} INFO - Setting next_dagrun for example_time_delta_sensor_async to None, run_after=None
[2023-03-18T00:01:22.168+0000] {processor.py:175} INFO - Processing /home/airflow/.local/lib/python3.7/site-packages/airflow/example_dags/example_time_delta_sensor_async.py took 0.339 seconds
[2023-03-18T00:01:52.323+0000] {processor.py:153} INFO - Started process (PID=8357) to work on /home/airflow/.local/lib/python3.7/site-packages/airflow/example_dags/example_time_delta_sensor_async.py
[2023-03-18T00:01:52.329+0000] {processor.py:743} INFO - Processing file /home/airflow/.local/lib/python3.7/site-packages/airflow/example_dags/example_time_delta_sensor_async.py for tasks to queue
[2023-03-18T00:01:52.332+0000] {logging_mixin.py:137} INFO - [2023-03-18T00:01:52.332+0000] {dagbag.py:538} INFO - Filling up the DagBag from /home/airflow/.local/lib/python3.7/site-packages/airflow/example_dags/example_time_delta_sensor_async.py
[2023-03-18T00:01:52.362+0000] {processor.py:753} INFO - DAG(s) dict_keys(['example_time_delta_sensor_async']) retrieved from /home/airflow/.local/lib/python3.7/site-packages/airflow/example_dags/example_time_delta_sensor_async.py
[2023-03-18T00:01:52.423+0000] {logging_mixin.py:137} INFO - [2023-03-18T00:01:52.423+0000] {dag.py:2690} INFO - Sync 1 DAGs
[2023-03-18T00:01:52.502+0000] {logging_mixin.py:137} INFO - [2023-03-18T00:01:52.501+0000] {dag.py:3441} INFO - Setting next_dagrun for example_time_delta_sensor_async to None, run_after=None
[2023-03-18T00:01:52.554+0000] {processor.py:175} INFO - Processing /home/airflow/.local/lib/python3.7/site-packages/airflow/example_dags/example_time_delta_sensor_async.py took 0.238 seconds
[2023-03-18T00:02:23.223+0000] {processor.py:153} INFO - Started process (PID=8432) to work on /home/airflow/.local/lib/python3.7/site-packages/airflow/example_dags/example_time_delta_sensor_async.py
[2023-03-18T00:02:23.225+0000] {processor.py:743} INFO - Processing file /home/airflow/.local/lib/python3.7/site-packages/airflow/example_dags/example_time_delta_sensor_async.py for tasks to queue
[2023-03-18T00:02:23.227+0000] {logging_mixin.py:137} INFO - [2023-03-18T00:02:23.226+0000] {dagbag.py:538} INFO - Filling up the DagBag from /home/airflow/.local/lib/python3.7/site-packages/airflow/example_dags/example_time_delta_sensor_async.py
[2023-03-18T00:02:23.252+0000] {processor.py:753} INFO - DAG(s) dict_keys(['example_time_delta_sensor_async']) retrieved from /home/airflow/.local/lib/python3.7/site-packages/airflow/example_dags/example_time_delta_sensor_async.py
[2023-03-18T00:02:23.398+0000] {logging_mixin.py:137} INFO - [2023-03-18T00:02:23.397+0000] {dag.py:2690} INFO - Sync 1 DAGs
[2023-03-18T00:02:23.505+0000] {logging_mixin.py:137} INFO - [2023-03-18T00:02:23.504+0000] {dag.py:3441} INFO - Setting next_dagrun for example_time_delta_sensor_async to None, run_after=None
[2023-03-18T00:02:23.558+0000] {processor.py:175} INFO - Processing /home/airflow/.local/lib/python3.7/site-packages/airflow/example_dags/example_time_delta_sensor_async.py took 0.340 seconds
[2023-03-18T00:02:53.648+0000] {processor.py:153} INFO - Started process (PID=8514) to work on /home/airflow/.local/lib/python3.7/site-packages/airflow/example_dags/example_time_delta_sensor_async.py
[2023-03-18T00:02:53.650+0000] {processor.py:743} INFO - Processing file /home/airflow/.local/lib/python3.7/site-packages/airflow/example_dags/example_time_delta_sensor_async.py for tasks to queue
[2023-03-18T00:02:53.651+0000] {logging_mixin.py:137} INFO - [2023-03-18T00:02:53.651+0000] {dagbag.py:538} INFO - Filling up the DagBag from /home/airflow/.local/lib/python3.7/site-packages/airflow/example_dags/example_time_delta_sensor_async.py
[2023-03-18T00:02:53.670+0000] {processor.py:753} INFO - DAG(s) dict_keys(['example_time_delta_sensor_async']) retrieved from /home/airflow/.local/lib/python3.7/site-packages/airflow/example_dags/example_time_delta_sensor_async.py
[2023-03-18T00:02:53.714+0000] {logging_mixin.py:137} INFO - [2023-03-18T00:02:53.713+0000] {dag.py:2690} INFO - Sync 1 DAGs
[2023-03-18T00:02:53.774+0000] {logging_mixin.py:137} INFO - [2023-03-18T00:02:53.774+0000] {dag.py:3441} INFO - Setting next_dagrun for example_time_delta_sensor_async to None, run_after=None
[2023-03-18T00:02:53.812+0000] {processor.py:175} INFO - Processing /home/airflow/.local/lib/python3.7/site-packages/airflow/example_dags/example_time_delta_sensor_async.py took 0.169 seconds
[2023-03-18T00:03:24.332+0000] {processor.py:153} INFO - Started process (PID=8596) to work on /home/airflow/.local/lib/python3.7/site-packages/airflow/example_dags/example_time_delta_sensor_async.py
[2023-03-18T00:03:24.334+0000] {processor.py:743} INFO - Processing file /home/airflow/.local/lib/python3.7/site-packages/airflow/example_dags/example_time_delta_sensor_async.py for tasks to queue
[2023-03-18T00:03:24.336+0000] {logging_mixin.py:137} INFO - [2023-03-18T00:03:24.336+0000] {dagbag.py:538} INFO - Filling up the DagBag from /home/airflow/.local/lib/python3.7/site-packages/airflow/example_dags/example_time_delta_sensor_async.py
[2023-03-18T00:03:24.357+0000] {processor.py:753} INFO - DAG(s) dict_keys(['example_time_delta_sensor_async']) retrieved from /home/airflow/.local/lib/python3.7/site-packages/airflow/example_dags/example_time_delta_sensor_async.py
[2023-03-18T00:03:24.405+0000] {logging_mixin.py:137} INFO - [2023-03-18T00:03:24.405+0000] {dag.py:2690} INFO - Sync 1 DAGs
[2023-03-18T00:03:24.440+0000] {logging_mixin.py:137} INFO - [2023-03-18T00:03:24.440+0000] {dag.py:3441} INFO - Setting next_dagrun for example_time_delta_sensor_async to None, run_after=None
[2023-03-18T00:03:24.465+0000] {processor.py:175} INFO - Processing /home/airflow/.local/lib/python3.7/site-packages/airflow/example_dags/example_time_delta_sensor_async.py took 0.143 seconds
[2023-03-18T00:03:55.158+0000] {processor.py:153} INFO - Started process (PID=8698) to work on /home/airflow/.local/lib/python3.7/site-packages/airflow/example_dags/example_time_delta_sensor_async.py
[2023-03-18T00:03:55.162+0000] {processor.py:743} INFO - Processing file /home/airflow/.local/lib/python3.7/site-packages/airflow/example_dags/example_time_delta_sensor_async.py for tasks to queue
[2023-03-18T00:03:55.165+0000] {logging_mixin.py:137} INFO - [2023-03-18T00:03:55.165+0000] {dagbag.py:538} INFO - Filling up the DagBag from /home/airflow/.local/lib/python3.7/site-packages/airflow/example_dags/example_time_delta_sensor_async.py
[2023-03-18T00:03:55.224+0000] {processor.py:753} INFO - DAG(s) dict_keys(['example_time_delta_sensor_async']) retrieved from /home/airflow/.local/lib/python3.7/site-packages/airflow/example_dags/example_time_delta_sensor_async.py
[2023-03-18T00:03:55.354+0000] {logging_mixin.py:137} INFO - [2023-03-18T00:03:55.353+0000] {dag.py:2690} INFO - Sync 1 DAGs
[2023-03-18T00:03:55.440+0000] {logging_mixin.py:137} INFO - [2023-03-18T00:03:55.440+0000] {dag.py:3441} INFO - Setting next_dagrun for example_time_delta_sensor_async to None, run_after=None
[2023-03-18T00:03:55.490+0000] {processor.py:175} INFO - Processing /home/airflow/.local/lib/python3.7/site-packages/airflow/example_dags/example_time_delta_sensor_async.py took 0.349 seconds
[2023-03-18T00:04:25.626+0000] {processor.py:153} INFO - Started process (PID=8780) to work on /home/airflow/.local/lib/python3.7/site-packages/airflow/example_dags/example_time_delta_sensor_async.py
[2023-03-18T00:04:25.628+0000] {processor.py:743} INFO - Processing file /home/airflow/.local/lib/python3.7/site-packages/airflow/example_dags/example_time_delta_sensor_async.py for tasks to queue
[2023-03-18T00:04:25.631+0000] {logging_mixin.py:137} INFO - [2023-03-18T00:04:25.630+0000] {dagbag.py:538} INFO - Filling up the DagBag from /home/airflow/.local/lib/python3.7/site-packages/airflow/example_dags/example_time_delta_sensor_async.py
[2023-03-18T00:04:25.657+0000] {processor.py:753} INFO - DAG(s) dict_keys(['example_time_delta_sensor_async']) retrieved from /home/airflow/.local/lib/python3.7/site-packages/airflow/example_dags/example_time_delta_sensor_async.py
[2023-03-18T00:04:25.701+0000] {logging_mixin.py:137} INFO - [2023-03-18T00:04:25.701+0000] {dag.py:2690} INFO - Sync 1 DAGs
[2023-03-18T00:04:25.755+0000] {logging_mixin.py:137} INFO - [2023-03-18T00:04:25.755+0000] {dag.py:3441} INFO - Setting next_dagrun for example_time_delta_sensor_async to None, run_after=None
[2023-03-18T00:04:25.790+0000] {processor.py:175} INFO - Processing /home/airflow/.local/lib/python3.7/site-packages/airflow/example_dags/example_time_delta_sensor_async.py took 0.171 seconds
[2023-03-18T00:04:56.214+0000] {processor.py:153} INFO - Started process (PID=8863) to work on /home/airflow/.local/lib/python3.7/site-packages/airflow/example_dags/example_time_delta_sensor_async.py
[2023-03-18T00:04:56.216+0000] {processor.py:743} INFO - Processing file /home/airflow/.local/lib/python3.7/site-packages/airflow/example_dags/example_time_delta_sensor_async.py for tasks to queue
[2023-03-18T00:04:56.217+0000] {logging_mixin.py:137} INFO - [2023-03-18T00:04:56.217+0000] {dagbag.py:538} INFO - Filling up the DagBag from /home/airflow/.local/lib/python3.7/site-packages/airflow/example_dags/example_time_delta_sensor_async.py
[2023-03-18T00:04:56.264+0000] {processor.py:753} INFO - DAG(s) dict_keys(['example_time_delta_sensor_async']) retrieved from /home/airflow/.local/lib/python3.7/site-packages/airflow/example_dags/example_time_delta_sensor_async.py
[2023-03-18T00:04:56.352+0000] {logging_mixin.py:137} INFO - [2023-03-18T00:04:56.352+0000] {dag.py:2690} INFO - Sync 1 DAGs
[2023-03-18T00:04:56.383+0000] {logging_mixin.py:137} INFO - [2023-03-18T00:04:56.383+0000] {dag.py:3441} INFO - Setting next_dagrun for example_time_delta_sensor_async to None, run_after=None
[2023-03-18T00:04:56.415+0000] {processor.py:175} INFO - Processing /home/airflow/.local/lib/python3.7/site-packages/airflow/example_dags/example_time_delta_sensor_async.py took 0.204 seconds
[2023-03-18T00:05:26.549+0000] {processor.py:153} INFO - Started process (PID=8954) to work on /home/airflow/.local/lib/python3.7/site-packages/airflow/example_dags/example_time_delta_sensor_async.py
[2023-03-18T00:05:26.552+0000] {processor.py:743} INFO - Processing file /home/airflow/.local/lib/python3.7/site-packages/airflow/example_dags/example_time_delta_sensor_async.py for tasks to queue
[2023-03-18T00:05:26.554+0000] {logging_mixin.py:137} INFO - [2023-03-18T00:05:26.554+0000] {dagbag.py:538} INFO - Filling up the DagBag from /home/airflow/.local/lib/python3.7/site-packages/airflow/example_dags/example_time_delta_sensor_async.py
[2023-03-18T00:05:26.596+0000] {processor.py:753} INFO - DAG(s) dict_keys(['example_time_delta_sensor_async']) retrieved from /home/airflow/.local/lib/python3.7/site-packages/airflow/example_dags/example_time_delta_sensor_async.py
[2023-03-18T00:05:26.699+0000] {logging_mixin.py:137} INFO - [2023-03-18T00:05:26.698+0000] {dag.py:2690} INFO - Sync 1 DAGs
[2023-03-18T00:05:26.776+0000] {logging_mixin.py:137} INFO - [2023-03-18T00:05:26.776+0000] {dag.py:3441} INFO - Setting next_dagrun for example_time_delta_sensor_async to None, run_after=None
[2023-03-18T00:05:26.831+0000] {processor.py:175} INFO - Processing /home/airflow/.local/lib/python3.7/site-packages/airflow/example_dags/example_time_delta_sensor_async.py took 0.290 seconds
[2023-03-18T00:05:57.418+0000] {processor.py:153} INFO - Started process (PID=9047) to work on /home/airflow/.local/lib/python3.7/site-packages/airflow/example_dags/example_time_delta_sensor_async.py
[2023-03-18T00:05:57.421+0000] {processor.py:743} INFO - Processing file /home/airflow/.local/lib/python3.7/site-packages/airflow/example_dags/example_time_delta_sensor_async.py for tasks to queue
[2023-03-18T00:05:57.422+0000] {logging_mixin.py:137} INFO - [2023-03-18T00:05:57.422+0000] {dagbag.py:538} INFO - Filling up the DagBag from /home/airflow/.local/lib/python3.7/site-packages/airflow/example_dags/example_time_delta_sensor_async.py
[2023-03-18T00:05:57.440+0000] {processor.py:753} INFO - DAG(s) dict_keys(['example_time_delta_sensor_async']) retrieved from /home/airflow/.local/lib/python3.7/site-packages/airflow/example_dags/example_time_delta_sensor_async.py
[2023-03-18T00:05:57.481+0000] {logging_mixin.py:137} INFO - [2023-03-18T00:05:57.481+0000] {dag.py:2690} INFO - Sync 1 DAGs
[2023-03-18T00:05:57.521+0000] {logging_mixin.py:137} INFO - [2023-03-18T00:05:57.521+0000] {dag.py:3441} INFO - Setting next_dagrun for example_time_delta_sensor_async to None, run_after=None
[2023-03-18T00:05:57.554+0000] {processor.py:175} INFO - Processing /home/airflow/.local/lib/python3.7/site-packages/airflow/example_dags/example_time_delta_sensor_async.py took 0.140 seconds
[2023-03-18T00:06:28.140+0000] {processor.py:153} INFO - Started process (PID=9129) to work on /home/airflow/.local/lib/python3.7/site-packages/airflow/example_dags/example_time_delta_sensor_async.py
[2023-03-18T00:06:28.145+0000] {processor.py:743} INFO - Processing file /home/airflow/.local/lib/python3.7/site-packages/airflow/example_dags/example_time_delta_sensor_async.py for tasks to queue
[2023-03-18T00:06:28.149+0000] {logging_mixin.py:137} INFO - [2023-03-18T00:06:28.149+0000] {dagbag.py:538} INFO - Filling up the DagBag from /home/airflow/.local/lib/python3.7/site-packages/airflow/example_dags/example_time_delta_sensor_async.py
[2023-03-18T00:06:28.220+0000] {processor.py:753} INFO - DAG(s) dict_keys(['example_time_delta_sensor_async']) retrieved from /home/airflow/.local/lib/python3.7/site-packages/airflow/example_dags/example_time_delta_sensor_async.py
[2023-03-18T00:06:28.286+0000] {logging_mixin.py:137} INFO - [2023-03-18T00:06:28.286+0000] {dag.py:2690} INFO - Sync 1 DAGs
[2023-03-18T00:06:28.324+0000] {logging_mixin.py:137} INFO - [2023-03-18T00:06:28.324+0000] {dag.py:3441} INFO - Setting next_dagrun for example_time_delta_sensor_async to None, run_after=None
[2023-03-18T00:06:28.355+0000] {processor.py:175} INFO - Processing /home/airflow/.local/lib/python3.7/site-packages/airflow/example_dags/example_time_delta_sensor_async.py took 0.232 seconds
[2023-03-18T00:06:59.267+0000] {processor.py:153} INFO - Started process (PID=9211) to work on /home/airflow/.local/lib/python3.7/site-packages/airflow/example_dags/example_time_delta_sensor_async.py
[2023-03-18T00:06:59.269+0000] {processor.py:743} INFO - Processing file /home/airflow/.local/lib/python3.7/site-packages/airflow/example_dags/example_time_delta_sensor_async.py for tasks to queue
[2023-03-18T00:06:59.270+0000] {logging_mixin.py:137} INFO - [2023-03-18T00:06:59.270+0000] {dagbag.py:538} INFO - Filling up the DagBag from /home/airflow/.local/lib/python3.7/site-packages/airflow/example_dags/example_time_delta_sensor_async.py
[2023-03-18T00:06:59.289+0000] {processor.py:753} INFO - DAG(s) dict_keys(['example_time_delta_sensor_async']) retrieved from /home/airflow/.local/lib/python3.7/site-packages/airflow/example_dags/example_time_delta_sensor_async.py
[2023-03-18T00:06:59.336+0000] {logging_mixin.py:137} INFO - [2023-03-18T00:06:59.335+0000] {dag.py:2690} INFO - Sync 1 DAGs
[2023-03-18T00:06:59.375+0000] {logging_mixin.py:137} INFO - [2023-03-18T00:06:59.375+0000] {dag.py:3441} INFO - Setting next_dagrun for example_time_delta_sensor_async to None, run_after=None
[2023-03-18T00:06:59.406+0000] {processor.py:175} INFO - Processing /home/airflow/.local/lib/python3.7/site-packages/airflow/example_dags/example_time_delta_sensor_async.py took 0.144 seconds
[2023-03-18T00:07:30.200+0000] {processor.py:153} INFO - Started process (PID=9294) to work on /home/airflow/.local/lib/python3.7/site-packages/airflow/example_dags/example_time_delta_sensor_async.py
[2023-03-18T00:07:30.204+0000] {processor.py:743} INFO - Processing file /home/airflow/.local/lib/python3.7/site-packages/airflow/example_dags/example_time_delta_sensor_async.py for tasks to queue
[2023-03-18T00:07:30.208+0000] {logging_mixin.py:137} INFO - [2023-03-18T00:07:30.207+0000] {dagbag.py:538} INFO - Filling up the DagBag from /home/airflow/.local/lib/python3.7/site-packages/airflow/example_dags/example_time_delta_sensor_async.py
[2023-03-18T00:07:30.247+0000] {processor.py:753} INFO - DAG(s) dict_keys(['example_time_delta_sensor_async']) retrieved from /home/airflow/.local/lib/python3.7/site-packages/airflow/example_dags/example_time_delta_sensor_async.py
[2023-03-18T00:07:30.329+0000] {logging_mixin.py:137} INFO - [2023-03-18T00:07:30.328+0000] {dag.py:2690} INFO - Sync 1 DAGs
[2023-03-18T00:07:30.426+0000] {logging_mixin.py:137} INFO - [2023-03-18T00:07:30.426+0000] {dag.py:3441} INFO - Setting next_dagrun for example_time_delta_sensor_async to None, run_after=None
[2023-03-18T00:07:30.498+0000] {processor.py:175} INFO - Processing /home/airflow/.local/lib/python3.7/site-packages/airflow/example_dags/example_time_delta_sensor_async.py took 0.308 seconds
[2023-03-18T00:08:01.372+0000] {processor.py:153} INFO - Started process (PID=9386) to work on /home/airflow/.local/lib/python3.7/site-packages/airflow/example_dags/example_time_delta_sensor_async.py
[2023-03-18T00:08:01.374+0000] {processor.py:743} INFO - Processing file /home/airflow/.local/lib/python3.7/site-packages/airflow/example_dags/example_time_delta_sensor_async.py for tasks to queue
[2023-03-18T00:08:01.376+0000] {logging_mixin.py:137} INFO - [2023-03-18T00:08:01.376+0000] {dagbag.py:538} INFO - Filling up the DagBag from /home/airflow/.local/lib/python3.7/site-packages/airflow/example_dags/example_time_delta_sensor_async.py
[2023-03-18T00:08:01.400+0000] {processor.py:753} INFO - DAG(s) dict_keys(['example_time_delta_sensor_async']) retrieved from /home/airflow/.local/lib/python3.7/site-packages/airflow/example_dags/example_time_delta_sensor_async.py
[2023-03-18T00:08:01.451+0000] {logging_mixin.py:137} INFO - [2023-03-18T00:08:01.451+0000] {dag.py:2690} INFO - Sync 1 DAGs
[2023-03-18T00:08:01.499+0000] {logging_mixin.py:137} INFO - [2023-03-18T00:08:01.498+0000] {dag.py:3441} INFO - Setting next_dagrun for example_time_delta_sensor_async to None, run_after=None
[2023-03-18T00:08:01.538+0000] {processor.py:175} INFO - Processing /home/airflow/.local/lib/python3.7/site-packages/airflow/example_dags/example_time_delta_sensor_async.py took 0.171 seconds
[2023-03-18T00:08:32.452+0000] {processor.py:153} INFO - Started process (PID=9479) to work on /home/airflow/.local/lib/python3.7/site-packages/airflow/example_dags/example_time_delta_sensor_async.py
[2023-03-18T00:08:32.453+0000] {processor.py:743} INFO - Processing file /home/airflow/.local/lib/python3.7/site-packages/airflow/example_dags/example_time_delta_sensor_async.py for tasks to queue
[2023-03-18T00:08:32.455+0000] {logging_mixin.py:137} INFO - [2023-03-18T00:08:32.455+0000] {dagbag.py:538} INFO - Filling up the DagBag from /home/airflow/.local/lib/python3.7/site-packages/airflow/example_dags/example_time_delta_sensor_async.py
[2023-03-18T00:08:32.475+0000] {processor.py:753} INFO - DAG(s) dict_keys(['example_time_delta_sensor_async']) retrieved from /home/airflow/.local/lib/python3.7/site-packages/airflow/example_dags/example_time_delta_sensor_async.py
[2023-03-18T00:08:32.506+0000] {logging_mixin.py:137} INFO - [2023-03-18T00:08:32.506+0000] {dag.py:2690} INFO - Sync 1 DAGs
[2023-03-18T00:08:32.544+0000] {logging_mixin.py:137} INFO - [2023-03-18T00:08:32.544+0000] {dag.py:3441} INFO - Setting next_dagrun for example_time_delta_sensor_async to None, run_after=None
[2023-03-18T00:08:32.569+0000] {processor.py:175} INFO - Processing /home/airflow/.local/lib/python3.7/site-packages/airflow/example_dags/example_time_delta_sensor_async.py took 0.121 seconds
[2023-03-18T00:09:03.259+0000] {processor.py:153} INFO - Started process (PID=9561) to work on /home/airflow/.local/lib/python3.7/site-packages/airflow/example_dags/example_time_delta_sensor_async.py
[2023-03-18T00:09:03.261+0000] {processor.py:743} INFO - Processing file /home/airflow/.local/lib/python3.7/site-packages/airflow/example_dags/example_time_delta_sensor_async.py for tasks to queue
[2023-03-18T00:09:03.262+0000] {logging_mixin.py:137} INFO - [2023-03-18T00:09:03.262+0000] {dagbag.py:538} INFO - Filling up the DagBag from /home/airflow/.local/lib/python3.7/site-packages/airflow/example_dags/example_time_delta_sensor_async.py
[2023-03-18T00:09:03.286+0000] {processor.py:753} INFO - DAG(s) dict_keys(['example_time_delta_sensor_async']) retrieved from /home/airflow/.local/lib/python3.7/site-packages/airflow/example_dags/example_time_delta_sensor_async.py
[2023-03-18T00:09:03.341+0000] {logging_mixin.py:137} INFO - [2023-03-18T00:09:03.340+0000] {dag.py:2690} INFO - Sync 1 DAGs
[2023-03-18T00:09:03.387+0000] {logging_mixin.py:137} INFO - [2023-03-18T00:09:03.387+0000] {dag.py:3441} INFO - Setting next_dagrun for example_time_delta_sensor_async to None, run_after=None
[2023-03-18T00:09:03.427+0000] {processor.py:175} INFO - Processing /home/airflow/.local/lib/python3.7/site-packages/airflow/example_dags/example_time_delta_sensor_async.py took 0.172 seconds
[2023-03-18T00:09:33.518+0000] {processor.py:153} INFO - Started process (PID=9643) to work on /home/airflow/.local/lib/python3.7/site-packages/airflow/example_dags/example_time_delta_sensor_async.py
[2023-03-18T00:09:33.519+0000] {processor.py:743} INFO - Processing file /home/airflow/.local/lib/python3.7/site-packages/airflow/example_dags/example_time_delta_sensor_async.py for tasks to queue
[2023-03-18T00:09:33.520+0000] {logging_mixin.py:137} INFO - [2023-03-18T00:09:33.520+0000] {dagbag.py:538} INFO - Filling up the DagBag from /home/airflow/.local/lib/python3.7/site-packages/airflow/example_dags/example_time_delta_sensor_async.py
[2023-03-18T00:09:33.534+0000] {processor.py:753} INFO - DAG(s) dict_keys(['example_time_delta_sensor_async']) retrieved from /home/airflow/.local/lib/python3.7/site-packages/airflow/example_dags/example_time_delta_sensor_async.py
[2023-03-18T00:09:33.566+0000] {logging_mixin.py:137} INFO - [2023-03-18T00:09:33.566+0000] {dag.py:2690} INFO - Sync 1 DAGs
[2023-03-18T00:09:33.600+0000] {logging_mixin.py:137} INFO - [2023-03-18T00:09:33.600+0000] {dag.py:3441} INFO - Setting next_dagrun for example_time_delta_sensor_async to None, run_after=None
[2023-03-18T00:09:33.629+0000] {processor.py:175} INFO - Processing /home/airflow/.local/lib/python3.7/site-packages/airflow/example_dags/example_time_delta_sensor_async.py took 0.117 seconds
[2023-03-18T00:10:03.740+0000] {processor.py:153} INFO - Started process (PID=9745) to work on /home/airflow/.local/lib/python3.7/site-packages/airflow/example_dags/example_time_delta_sensor_async.py
[2023-03-18T00:10:03.747+0000] {processor.py:743} INFO - Processing file /home/airflow/.local/lib/python3.7/site-packages/airflow/example_dags/example_time_delta_sensor_async.py for tasks to queue
[2023-03-18T00:10:03.751+0000] {logging_mixin.py:137} INFO - [2023-03-18T00:10:03.750+0000] {dagbag.py:538} INFO - Filling up the DagBag from /home/airflow/.local/lib/python3.7/site-packages/airflow/example_dags/example_time_delta_sensor_async.py
[2023-03-18T00:10:03.805+0000] {processor.py:753} INFO - DAG(s) dict_keys(['example_time_delta_sensor_async']) retrieved from /home/airflow/.local/lib/python3.7/site-packages/airflow/example_dags/example_time_delta_sensor_async.py
[2023-03-18T00:10:03.908+0000] {logging_mixin.py:137} INFO - [2023-03-18T00:10:03.908+0000] {dag.py:2690} INFO - Sync 1 DAGs
[2023-03-18T00:10:03.981+0000] {logging_mixin.py:137} INFO - [2023-03-18T00:10:03.980+0000] {dag.py:3441} INFO - Setting next_dagrun for example_time_delta_sensor_async to None, run_after=None
[2023-03-18T00:10:04.032+0000] {processor.py:175} INFO - Processing /home/airflow/.local/lib/python3.7/site-packages/airflow/example_dags/example_time_delta_sensor_async.py took 0.302 seconds
[2023-03-18T00:10:34.460+0000] {processor.py:153} INFO - Started process (PID=9827) to work on /home/airflow/.local/lib/python3.7/site-packages/airflow/example_dags/example_time_delta_sensor_async.py
[2023-03-18T00:10:34.461+0000] {processor.py:743} INFO - Processing file /home/airflow/.local/lib/python3.7/site-packages/airflow/example_dags/example_time_delta_sensor_async.py for tasks to queue
[2023-03-18T00:10:34.463+0000] {logging_mixin.py:137} INFO - [2023-03-18T00:10:34.462+0000] {dagbag.py:538} INFO - Filling up the DagBag from /home/airflow/.local/lib/python3.7/site-packages/airflow/example_dags/example_time_delta_sensor_async.py
[2023-03-18T00:10:34.488+0000] {processor.py:753} INFO - DAG(s) dict_keys(['example_time_delta_sensor_async']) retrieved from /home/airflow/.local/lib/python3.7/site-packages/airflow/example_dags/example_time_delta_sensor_async.py
[2023-03-18T00:10:34.542+0000] {logging_mixin.py:137} INFO - [2023-03-18T00:10:34.542+0000] {dag.py:2690} INFO - Sync 1 DAGs
[2023-03-18T00:10:34.586+0000] {logging_mixin.py:137} INFO - [2023-03-18T00:10:34.586+0000] {dag.py:3441} INFO - Setting next_dagrun for example_time_delta_sensor_async to None, run_after=None
[2023-03-18T00:10:34.620+0000] {processor.py:175} INFO - Processing /home/airflow/.local/lib/python3.7/site-packages/airflow/example_dags/example_time_delta_sensor_async.py took 0.164 seconds
[2023-03-18T00:11:04.782+0000] {processor.py:153} INFO - Started process (PID=9909) to work on /home/airflow/.local/lib/python3.7/site-packages/airflow/example_dags/example_time_delta_sensor_async.py
[2023-03-18T00:11:04.784+0000] {processor.py:743} INFO - Processing file /home/airflow/.local/lib/python3.7/site-packages/airflow/example_dags/example_time_delta_sensor_async.py for tasks to queue
[2023-03-18T00:11:04.785+0000] {logging_mixin.py:137} INFO - [2023-03-18T00:11:04.785+0000] {dagbag.py:538} INFO - Filling up the DagBag from /home/airflow/.local/lib/python3.7/site-packages/airflow/example_dags/example_time_delta_sensor_async.py
[2023-03-18T00:11:04.804+0000] {processor.py:753} INFO - DAG(s) dict_keys(['example_time_delta_sensor_async']) retrieved from /home/airflow/.local/lib/python3.7/site-packages/airflow/example_dags/example_time_delta_sensor_async.py
[2023-03-18T00:11:04.842+0000] {logging_mixin.py:137} INFO - [2023-03-18T00:11:04.842+0000] {dag.py:2690} INFO - Sync 1 DAGs
[2023-03-18T00:11:04.874+0000] {logging_mixin.py:137} INFO - [2023-03-18T00:11:04.873+0000] {dag.py:3441} INFO - Setting next_dagrun for example_time_delta_sensor_async to None, run_after=None
[2023-03-18T00:11:04.897+0000] {processor.py:175} INFO - Processing /home/airflow/.local/lib/python3.7/site-packages/airflow/example_dags/example_time_delta_sensor_async.py took 0.119 seconds
[2023-03-18T00:11:35.725+0000] {processor.py:153} INFO - Started process (PID=9991) to work on /home/airflow/.local/lib/python3.7/site-packages/airflow/example_dags/example_time_delta_sensor_async.py
[2023-03-18T00:11:35.733+0000] {processor.py:743} INFO - Processing file /home/airflow/.local/lib/python3.7/site-packages/airflow/example_dags/example_time_delta_sensor_async.py for tasks to queue
[2023-03-18T00:11:35.739+0000] {logging_mixin.py:137} INFO - [2023-03-18T00:11:35.738+0000] {dagbag.py:538} INFO - Filling up the DagBag from /home/airflow/.local/lib/python3.7/site-packages/airflow/example_dags/example_time_delta_sensor_async.py
[2023-03-18T00:11:35.783+0000] {processor.py:753} INFO - DAG(s) dict_keys(['example_time_delta_sensor_async']) retrieved from /home/airflow/.local/lib/python3.7/site-packages/airflow/example_dags/example_time_delta_sensor_async.py
[2023-03-18T00:11:35.833+0000] {logging_mixin.py:137} INFO - [2023-03-18T00:11:35.833+0000] {dag.py:2690} INFO - Sync 1 DAGs
[2023-03-18T00:11:35.877+0000] {logging_mixin.py:137} INFO - [2023-03-18T00:11:35.877+0000] {dag.py:3441} INFO - Setting next_dagrun for example_time_delta_sensor_async to None, run_after=None
[2023-03-18T00:11:35.906+0000] {processor.py:175} INFO - Processing /home/airflow/.local/lib/python3.7/site-packages/airflow/example_dags/example_time_delta_sensor_async.py took 0.202 seconds
[2023-03-18T00:12:06.264+0000] {processor.py:153} INFO - Started process (PID=10073) to work on /home/airflow/.local/lib/python3.7/site-packages/airflow/example_dags/example_time_delta_sensor_async.py
[2023-03-18T00:12:06.266+0000] {processor.py:743} INFO - Processing file /home/airflow/.local/lib/python3.7/site-packages/airflow/example_dags/example_time_delta_sensor_async.py for tasks to queue
[2023-03-18T00:12:06.269+0000] {logging_mixin.py:137} INFO - [2023-03-18T00:12:06.268+0000] {dagbag.py:538} INFO - Filling up the DagBag from /home/airflow/.local/lib/python3.7/site-packages/airflow/example_dags/example_time_delta_sensor_async.py
[2023-03-18T00:12:06.377+0000] {processor.py:753} INFO - DAG(s) dict_keys(['example_time_delta_sensor_async']) retrieved from /home/airflow/.local/lib/python3.7/site-packages/airflow/example_dags/example_time_delta_sensor_async.py
[2023-03-18T00:12:06.490+0000] {logging_mixin.py:137} INFO - [2023-03-18T00:12:06.489+0000] {dag.py:2690} INFO - Sync 1 DAGs
[2023-03-18T00:12:06.639+0000] {logging_mixin.py:137} INFO - [2023-03-18T00:12:06.639+0000] {dag.py:3441} INFO - Setting next_dagrun for example_time_delta_sensor_async to None, run_after=None
[2023-03-18T00:12:06.713+0000] {processor.py:175} INFO - Processing /home/airflow/.local/lib/python3.7/site-packages/airflow/example_dags/example_time_delta_sensor_async.py took 0.476 seconds
[2023-03-18T00:12:36.966+0000] {processor.py:153} INFO - Started process (PID=10165) to work on /home/airflow/.local/lib/python3.7/site-packages/airflow/example_dags/example_time_delta_sensor_async.py
[2023-03-18T00:12:36.967+0000] {processor.py:743} INFO - Processing file /home/airflow/.local/lib/python3.7/site-packages/airflow/example_dags/example_time_delta_sensor_async.py for tasks to queue
[2023-03-18T00:12:36.969+0000] {logging_mixin.py:137} INFO - [2023-03-18T00:12:36.969+0000] {dagbag.py:538} INFO - Filling up the DagBag from /home/airflow/.local/lib/python3.7/site-packages/airflow/example_dags/example_time_delta_sensor_async.py
[2023-03-18T00:12:36.989+0000] {processor.py:753} INFO - DAG(s) dict_keys(['example_time_delta_sensor_async']) retrieved from /home/airflow/.local/lib/python3.7/site-packages/airflow/example_dags/example_time_delta_sensor_async.py
[2023-03-18T00:12:37.028+0000] {logging_mixin.py:137} INFO - [2023-03-18T00:12:37.027+0000] {dag.py:2690} INFO - Sync 1 DAGs
[2023-03-18T00:12:37.071+0000] {logging_mixin.py:137} INFO - [2023-03-18T00:12:37.070+0000] {dag.py:3441} INFO - Setting next_dagrun for example_time_delta_sensor_async to None, run_after=None
[2023-03-18T00:12:37.107+0000] {processor.py:175} INFO - Processing /home/airflow/.local/lib/python3.7/site-packages/airflow/example_dags/example_time_delta_sensor_async.py took 0.145 seconds
[2023-03-18T00:13:07.434+0000] {processor.py:153} INFO - Started process (PID=10258) to work on /home/airflow/.local/lib/python3.7/site-packages/airflow/example_dags/example_time_delta_sensor_async.py
[2023-03-18T00:13:07.439+0000] {processor.py:743} INFO - Processing file /home/airflow/.local/lib/python3.7/site-packages/airflow/example_dags/example_time_delta_sensor_async.py for tasks to queue
[2023-03-18T00:13:07.445+0000] {logging_mixin.py:137} INFO - [2023-03-18T00:13:07.444+0000] {dagbag.py:538} INFO - Filling up the DagBag from /home/airflow/.local/lib/python3.7/site-packages/airflow/example_dags/example_time_delta_sensor_async.py
[2023-03-18T00:13:07.512+0000] {processor.py:753} INFO - DAG(s) dict_keys(['example_time_delta_sensor_async']) retrieved from /home/airflow/.local/lib/python3.7/site-packages/airflow/example_dags/example_time_delta_sensor_async.py
[2023-03-18T00:13:07.628+0000] {logging_mixin.py:137} INFO - [2023-03-18T00:13:07.628+0000] {dag.py:2690} INFO - Sync 1 DAGs
[2023-03-18T00:13:07.665+0000] {logging_mixin.py:137} INFO - [2023-03-18T00:13:07.665+0000] {dag.py:3441} INFO - Setting next_dagrun for example_time_delta_sensor_async to None, run_after=None
[2023-03-18T00:13:07.688+0000] {processor.py:175} INFO - Processing /home/airflow/.local/lib/python3.7/site-packages/airflow/example_dags/example_time_delta_sensor_async.py took 0.271 seconds
[2023-03-18T00:13:37.933+0000] {processor.py:153} INFO - Started process (PID=10340) to work on /home/airflow/.local/lib/python3.7/site-packages/airflow/example_dags/example_time_delta_sensor_async.py
[2023-03-18T00:13:37.939+0000] {processor.py:743} INFO - Processing file /home/airflow/.local/lib/python3.7/site-packages/airflow/example_dags/example_time_delta_sensor_async.py for tasks to queue
[2023-03-18T00:13:37.941+0000] {logging_mixin.py:137} INFO - [2023-03-18T00:13:37.941+0000] {dagbag.py:538} INFO - Filling up the DagBag from /home/airflow/.local/lib/python3.7/site-packages/airflow/example_dags/example_time_delta_sensor_async.py
[2023-03-18T00:13:37.962+0000] {processor.py:753} INFO - DAG(s) dict_keys(['example_time_delta_sensor_async']) retrieved from /home/airflow/.local/lib/python3.7/site-packages/airflow/example_dags/example_time_delta_sensor_async.py
[2023-03-18T00:13:38.013+0000] {logging_mixin.py:137} INFO - [2023-03-18T00:13:38.012+0000] {dag.py:2690} INFO - Sync 1 DAGs
[2023-03-18T00:13:38.050+0000] {logging_mixin.py:137} INFO - [2023-03-18T00:13:38.049+0000] {dag.py:3441} INFO - Setting next_dagrun for example_time_delta_sensor_async to None, run_after=None
[2023-03-18T00:13:38.089+0000] {processor.py:175} INFO - Processing /home/airflow/.local/lib/python3.7/site-packages/airflow/example_dags/example_time_delta_sensor_async.py took 0.162 seconds
[2023-03-18T00:14:08.361+0000] {processor.py:153} INFO - Started process (PID=10422) to work on /home/airflow/.local/lib/python3.7/site-packages/airflow/example_dags/example_time_delta_sensor_async.py
[2023-03-18T00:14:08.363+0000] {processor.py:743} INFO - Processing file /home/airflow/.local/lib/python3.7/site-packages/airflow/example_dags/example_time_delta_sensor_async.py for tasks to queue
[2023-03-18T00:14:08.364+0000] {logging_mixin.py:137} INFO - [2023-03-18T00:14:08.364+0000] {dagbag.py:538} INFO - Filling up the DagBag from /home/airflow/.local/lib/python3.7/site-packages/airflow/example_dags/example_time_delta_sensor_async.py
[2023-03-18T00:14:08.392+0000] {processor.py:753} INFO - DAG(s) dict_keys(['example_time_delta_sensor_async']) retrieved from /home/airflow/.local/lib/python3.7/site-packages/airflow/example_dags/example_time_delta_sensor_async.py
[2023-03-18T00:14:08.471+0000] {logging_mixin.py:137} INFO - [2023-03-18T00:14:08.470+0000] {dag.py:2690} INFO - Sync 1 DAGs
[2023-03-18T00:14:08.525+0000] {logging_mixin.py:137} INFO - [2023-03-18T00:14:08.525+0000] {dag.py:3441} INFO - Setting next_dagrun for example_time_delta_sensor_async to None, run_after=None
[2023-03-18T00:14:08.568+0000] {processor.py:175} INFO - Processing /home/airflow/.local/lib/python3.7/site-packages/airflow/example_dags/example_time_delta_sensor_async.py took 0.213 seconds
[2023-03-18T00:14:39.208+0000] {processor.py:153} INFO - Started process (PID=10513) to work on /home/airflow/.local/lib/python3.7/site-packages/airflow/example_dags/example_time_delta_sensor_async.py
[2023-03-18T00:14:39.209+0000] {processor.py:743} INFO - Processing file /home/airflow/.local/lib/python3.7/site-packages/airflow/example_dags/example_time_delta_sensor_async.py for tasks to queue
[2023-03-18T00:14:39.210+0000] {logging_mixin.py:137} INFO - [2023-03-18T00:14:39.210+0000] {dagbag.py:538} INFO - Filling up the DagBag from /home/airflow/.local/lib/python3.7/site-packages/airflow/example_dags/example_time_delta_sensor_async.py
[2023-03-18T00:14:39.245+0000] {processor.py:753} INFO - DAG(s) dict_keys(['example_time_delta_sensor_async']) retrieved from /home/airflow/.local/lib/python3.7/site-packages/airflow/example_dags/example_time_delta_sensor_async.py
[2023-03-18T00:14:39.363+0000] {logging_mixin.py:137} INFO - [2023-03-18T00:14:39.363+0000] {dag.py:2690} INFO - Sync 1 DAGs
[2023-03-18T00:14:39.445+0000] {logging_mixin.py:137} INFO - [2023-03-18T00:14:39.445+0000] {dag.py:3441} INFO - Setting next_dagrun for example_time_delta_sensor_async to None, run_after=None
[2023-03-18T00:14:39.487+0000] {processor.py:175} INFO - Processing /home/airflow/.local/lib/python3.7/site-packages/airflow/example_dags/example_time_delta_sensor_async.py took 0.283 seconds
[2023-03-18T00:15:10.038+0000] {processor.py:153} INFO - Started process (PID=10606) to work on /home/airflow/.local/lib/python3.7/site-packages/airflow/example_dags/example_time_delta_sensor_async.py
[2023-03-18T00:15:10.041+0000] {processor.py:743} INFO - Processing file /home/airflow/.local/lib/python3.7/site-packages/airflow/example_dags/example_time_delta_sensor_async.py for tasks to queue
[2023-03-18T00:15:10.043+0000] {logging_mixin.py:137} INFO - [2023-03-18T00:15:10.043+0000] {dagbag.py:538} INFO - Filling up the DagBag from /home/airflow/.local/lib/python3.7/site-packages/airflow/example_dags/example_time_delta_sensor_async.py
[2023-03-18T00:15:10.101+0000] {processor.py:753} INFO - DAG(s) dict_keys(['example_time_delta_sensor_async']) retrieved from /home/airflow/.local/lib/python3.7/site-packages/airflow/example_dags/example_time_delta_sensor_async.py
[2023-03-18T00:15:10.220+0000] {logging_mixin.py:137} INFO - [2023-03-18T00:15:10.219+0000] {dag.py:2690} INFO - Sync 1 DAGs
[2023-03-18T00:15:10.300+0000] {logging_mixin.py:137} INFO - [2023-03-18T00:15:10.299+0000] {dag.py:3441} INFO - Setting next_dagrun for example_time_delta_sensor_async to None, run_after=None
[2023-03-18T00:15:10.355+0000] {processor.py:175} INFO - Processing /home/airflow/.local/lib/python3.7/site-packages/airflow/example_dags/example_time_delta_sensor_async.py took 0.339 seconds
[2023-03-18T00:15:40.477+0000] {processor.py:153} INFO - Started process (PID=10688) to work on /home/airflow/.local/lib/python3.7/site-packages/airflow/example_dags/example_time_delta_sensor_async.py
[2023-03-18T00:15:40.478+0000] {processor.py:743} INFO - Processing file /home/airflow/.local/lib/python3.7/site-packages/airflow/example_dags/example_time_delta_sensor_async.py for tasks to queue
[2023-03-18T00:15:40.480+0000] {logging_mixin.py:137} INFO - [2023-03-18T00:15:40.480+0000] {dagbag.py:538} INFO - Filling up the DagBag from /home/airflow/.local/lib/python3.7/site-packages/airflow/example_dags/example_time_delta_sensor_async.py
[2023-03-18T00:15:40.496+0000] {processor.py:753} INFO - DAG(s) dict_keys(['example_time_delta_sensor_async']) retrieved from /home/airflow/.local/lib/python3.7/site-packages/airflow/example_dags/example_time_delta_sensor_async.py
[2023-03-18T00:15:40.536+0000] {logging_mixin.py:137} INFO - [2023-03-18T00:15:40.536+0000] {dag.py:2690} INFO - Sync 1 DAGs
[2023-03-18T00:15:40.566+0000] {logging_mixin.py:137} INFO - [2023-03-18T00:15:40.566+0000] {dag.py:3441} INFO - Setting next_dagrun for example_time_delta_sensor_async to None, run_after=None
[2023-03-18T00:15:40.595+0000] {processor.py:175} INFO - Processing /home/airflow/.local/lib/python3.7/site-packages/airflow/example_dags/example_time_delta_sensor_async.py took 0.121 seconds
[2023-03-18T00:16:11.083+0000] {processor.py:153} INFO - Started process (PID=10770) to work on /home/airflow/.local/lib/python3.7/site-packages/airflow/example_dags/example_time_delta_sensor_async.py
[2023-03-18T00:16:11.085+0000] {processor.py:743} INFO - Processing file /home/airflow/.local/lib/python3.7/site-packages/airflow/example_dags/example_time_delta_sensor_async.py for tasks to queue
[2023-03-18T00:16:11.087+0000] {logging_mixin.py:137} INFO - [2023-03-18T00:16:11.087+0000] {dagbag.py:538} INFO - Filling up the DagBag from /home/airflow/.local/lib/python3.7/site-packages/airflow/example_dags/example_time_delta_sensor_async.py
[2023-03-18T00:16:11.117+0000] {processor.py:753} INFO - DAG(s) dict_keys(['example_time_delta_sensor_async']) retrieved from /home/airflow/.local/lib/python3.7/site-packages/airflow/example_dags/example_time_delta_sensor_async.py
[2023-03-18T00:16:11.170+0000] {logging_mixin.py:137} INFO - [2023-03-18T00:16:11.170+0000] {dag.py:2690} INFO - Sync 1 DAGs
[2023-03-18T00:16:11.237+0000] {logging_mixin.py:137} INFO - [2023-03-18T00:16:11.236+0000] {dag.py:3441} INFO - Setting next_dagrun for example_time_delta_sensor_async to None, run_after=None
[2023-03-18T00:16:11.282+0000] {processor.py:175} INFO - Processing /home/airflow/.local/lib/python3.7/site-packages/airflow/example_dags/example_time_delta_sensor_async.py took 0.206 seconds
