[2023-03-18T00:00:13.539+0000] {processor.py:153} INFO - Started process (PID=8094) to work on /home/airflow/.local/lib/python3.7/site-packages/airflow/example_dags/example_short_circuit_decorator.py
[2023-03-18T00:00:13.540+0000] {processor.py:743} INFO - Processing file /home/airflow/.local/lib/python3.7/site-packages/airflow/example_dags/example_short_circuit_decorator.py for tasks to queue
[2023-03-18T00:00:13.542+0000] {logging_mixin.py:137} INFO - [2023-03-18T00:00:13.542+0000] {dagbag.py:538} INFO - Filling up the DagBag from /home/airflow/.local/lib/python3.7/site-packages/airflow/example_dags/example_short_circuit_decorator.py
[2023-03-18T00:00:13.569+0000] {processor.py:753} INFO - DAG(s) dict_keys(['example_short_circuit_decorator']) retrieved from /home/airflow/.local/lib/python3.7/site-packages/airflow/example_dags/example_short_circuit_decorator.py
[2023-03-18T00:00:13.598+0000] {logging_mixin.py:137} INFO - [2023-03-18T00:00:13.597+0000] {dag.py:2690} INFO - Sync 1 DAGs
[2023-03-18T00:00:13.626+0000] {logging_mixin.py:137} INFO - [2023-03-18T00:00:13.626+0000] {dag.py:3441} INFO - Setting next_dagrun for example_short_circuit_decorator to 2023-03-17T00:00:13.626519+00:00, run_after=2023-03-18T00:00:13.626519+00:00
[2023-03-18T00:00:13.649+0000] {processor.py:175} INFO - Processing /home/airflow/.local/lib/python3.7/site-packages/airflow/example_dags/example_short_circuit_decorator.py took 0.113 seconds
[2023-03-18T00:00:44.606+0000] {processor.py:153} INFO - Started process (PID=8176) to work on /home/airflow/.local/lib/python3.7/site-packages/airflow/example_dags/example_short_circuit_decorator.py
[2023-03-18T00:00:44.608+0000] {processor.py:743} INFO - Processing file /home/airflow/.local/lib/python3.7/site-packages/airflow/example_dags/example_short_circuit_decorator.py for tasks to queue
[2023-03-18T00:00:44.610+0000] {logging_mixin.py:137} INFO - [2023-03-18T00:00:44.609+0000] {dagbag.py:538} INFO - Filling up the DagBag from /home/airflow/.local/lib/python3.7/site-packages/airflow/example_dags/example_short_circuit_decorator.py
[2023-03-18T00:00:44.646+0000] {processor.py:753} INFO - DAG(s) dict_keys(['example_short_circuit_decorator']) retrieved from /home/airflow/.local/lib/python3.7/site-packages/airflow/example_dags/example_short_circuit_decorator.py
[2023-03-18T00:00:44.685+0000] {logging_mixin.py:137} INFO - [2023-03-18T00:00:44.685+0000] {dag.py:2690} INFO - Sync 1 DAGs
[2023-03-18T00:00:44.725+0000] {logging_mixin.py:137} INFO - [2023-03-18T00:00:44.724+0000] {dag.py:3441} INFO - Setting next_dagrun for example_short_circuit_decorator to 2023-03-17T00:00:44.724334+00:00, run_after=2023-03-18T00:00:44.724334+00:00
[2023-03-18T00:00:44.755+0000] {processor.py:175} INFO - Processing /home/airflow/.local/lib/python3.7/site-packages/airflow/example_dags/example_short_circuit_decorator.py took 0.153 seconds
[2023-03-18T00:01:15.207+0000] {processor.py:153} INFO - Started process (PID=8258) to work on /home/airflow/.local/lib/python3.7/site-packages/airflow/example_dags/example_short_circuit_decorator.py
[2023-03-18T00:01:15.209+0000] {processor.py:743} INFO - Processing file /home/airflow/.local/lib/python3.7/site-packages/airflow/example_dags/example_short_circuit_decorator.py for tasks to queue
[2023-03-18T00:01:15.211+0000] {logging_mixin.py:137} INFO - [2023-03-18T00:01:15.211+0000] {dagbag.py:538} INFO - Filling up the DagBag from /home/airflow/.local/lib/python3.7/site-packages/airflow/example_dags/example_short_circuit_decorator.py
[2023-03-18T00:01:15.273+0000] {processor.py:753} INFO - DAG(s) dict_keys(['example_short_circuit_decorator']) retrieved from /home/airflow/.local/lib/python3.7/site-packages/airflow/example_dags/example_short_circuit_decorator.py
[2023-03-18T00:01:15.329+0000] {logging_mixin.py:137} INFO - [2023-03-18T00:01:15.329+0000] {dag.py:2690} INFO - Sync 1 DAGs
[2023-03-18T00:01:15.390+0000] {logging_mixin.py:137} INFO - [2023-03-18T00:01:15.390+0000] {dag.py:3441} INFO - Setting next_dagrun for example_short_circuit_decorator to 2023-03-17T00:01:15.389916+00:00, run_after=2023-03-18T00:01:15.389916+00:00
[2023-03-18T00:01:15.427+0000] {processor.py:175} INFO - Processing /home/airflow/.local/lib/python3.7/site-packages/airflow/example_dags/example_short_circuit_decorator.py took 0.227 seconds
[2023-03-18T00:01:45.686+0000] {processor.py:153} INFO - Started process (PID=8340) to work on /home/airflow/.local/lib/python3.7/site-packages/airflow/example_dags/example_short_circuit_decorator.py
[2023-03-18T00:01:45.689+0000] {processor.py:743} INFO - Processing file /home/airflow/.local/lib/python3.7/site-packages/airflow/example_dags/example_short_circuit_decorator.py for tasks to queue
[2023-03-18T00:01:45.691+0000] {logging_mixin.py:137} INFO - [2023-03-18T00:01:45.690+0000] {dagbag.py:538} INFO - Filling up the DagBag from /home/airflow/.local/lib/python3.7/site-packages/airflow/example_dags/example_short_circuit_decorator.py
[2023-03-18T00:01:45.758+0000] {processor.py:753} INFO - DAG(s) dict_keys(['example_short_circuit_decorator']) retrieved from /home/airflow/.local/lib/python3.7/site-packages/airflow/example_dags/example_short_circuit_decorator.py
[2023-03-18T00:01:45.815+0000] {logging_mixin.py:137} INFO - [2023-03-18T00:01:45.815+0000] {dag.py:2690} INFO - Sync 1 DAGs
[2023-03-18T00:01:45.867+0000] {logging_mixin.py:137} INFO - [2023-03-18T00:01:45.867+0000] {dag.py:3441} INFO - Setting next_dagrun for example_short_circuit_decorator to 2023-03-17T00:01:45.867018+00:00, run_after=2023-03-18T00:01:45.867018+00:00
[2023-03-18T00:01:45.913+0000] {processor.py:175} INFO - Processing /home/airflow/.local/lib/python3.7/site-packages/airflow/example_dags/example_short_circuit_decorator.py took 0.237 seconds
[2023-03-18T00:02:16.341+0000] {processor.py:153} INFO - Started process (PID=8422) to work on /home/airflow/.local/lib/python3.7/site-packages/airflow/example_dags/example_short_circuit_decorator.py
[2023-03-18T00:02:16.344+0000] {processor.py:743} INFO - Processing file /home/airflow/.local/lib/python3.7/site-packages/airflow/example_dags/example_short_circuit_decorator.py for tasks to queue
[2023-03-18T00:02:16.352+0000] {logging_mixin.py:137} INFO - [2023-03-18T00:02:16.351+0000] {dagbag.py:538} INFO - Filling up the DagBag from /home/airflow/.local/lib/python3.7/site-packages/airflow/example_dags/example_short_circuit_decorator.py
[2023-03-18T00:02:16.405+0000] {processor.py:753} INFO - DAG(s) dict_keys(['example_short_circuit_decorator']) retrieved from /home/airflow/.local/lib/python3.7/site-packages/airflow/example_dags/example_short_circuit_decorator.py
[2023-03-18T00:02:16.465+0000] {logging_mixin.py:137} INFO - [2023-03-18T00:02:16.464+0000] {dag.py:2690} INFO - Sync 1 DAGs
[2023-03-18T00:02:16.525+0000] {logging_mixin.py:137} INFO - [2023-03-18T00:02:16.524+0000] {dag.py:3441} INFO - Setting next_dagrun for example_short_circuit_decorator to 2023-03-17T00:02:16.524339+00:00, run_after=2023-03-18T00:02:16.524339+00:00
[2023-03-18T00:02:16.569+0000] {processor.py:175} INFO - Processing /home/airflow/.local/lib/python3.7/site-packages/airflow/example_dags/example_short_circuit_decorator.py took 0.236 seconds
[2023-03-18T00:02:46.749+0000] {processor.py:153} INFO - Started process (PID=8504) to work on /home/airflow/.local/lib/python3.7/site-packages/airflow/example_dags/example_short_circuit_decorator.py
[2023-03-18T00:02:46.751+0000] {processor.py:743} INFO - Processing file /home/airflow/.local/lib/python3.7/site-packages/airflow/example_dags/example_short_circuit_decorator.py for tasks to queue
[2023-03-18T00:02:46.752+0000] {logging_mixin.py:137} INFO - [2023-03-18T00:02:46.752+0000] {dagbag.py:538} INFO - Filling up the DagBag from /home/airflow/.local/lib/python3.7/site-packages/airflow/example_dags/example_short_circuit_decorator.py
[2023-03-18T00:02:46.784+0000] {processor.py:753} INFO - DAG(s) dict_keys(['example_short_circuit_decorator']) retrieved from /home/airflow/.local/lib/python3.7/site-packages/airflow/example_dags/example_short_circuit_decorator.py
[2023-03-18T00:02:46.836+0000] {logging_mixin.py:137} INFO - [2023-03-18T00:02:46.836+0000] {dag.py:2690} INFO - Sync 1 DAGs
[2023-03-18T00:02:46.912+0000] {logging_mixin.py:137} INFO - [2023-03-18T00:02:46.912+0000] {dag.py:3441} INFO - Setting next_dagrun for example_short_circuit_decorator to 2023-03-17T00:02:46.911544+00:00, run_after=2023-03-18T00:02:46.911544+00:00
[2023-03-18T00:02:46.970+0000] {processor.py:175} INFO - Processing /home/airflow/.local/lib/python3.7/site-packages/airflow/example_dags/example_short_circuit_decorator.py took 0.225 seconds
[2023-03-18T00:03:17.311+0000] {processor.py:153} INFO - Started process (PID=8586) to work on /home/airflow/.local/lib/python3.7/site-packages/airflow/example_dags/example_short_circuit_decorator.py
[2023-03-18T00:03:17.312+0000] {processor.py:743} INFO - Processing file /home/airflow/.local/lib/python3.7/site-packages/airflow/example_dags/example_short_circuit_decorator.py for tasks to queue
[2023-03-18T00:03:17.314+0000] {logging_mixin.py:137} INFO - [2023-03-18T00:03:17.313+0000] {dagbag.py:538} INFO - Filling up the DagBag from /home/airflow/.local/lib/python3.7/site-packages/airflow/example_dags/example_short_circuit_decorator.py
[2023-03-18T00:03:17.345+0000] {processor.py:753} INFO - DAG(s) dict_keys(['example_short_circuit_decorator']) retrieved from /home/airflow/.local/lib/python3.7/site-packages/airflow/example_dags/example_short_circuit_decorator.py
[2023-03-18T00:03:17.385+0000] {logging_mixin.py:137} INFO - [2023-03-18T00:03:17.385+0000] {dag.py:2690} INFO - Sync 1 DAGs
[2023-03-18T00:03:17.437+0000] {logging_mixin.py:137} INFO - [2023-03-18T00:03:17.437+0000] {dag.py:3441} INFO - Setting next_dagrun for example_short_circuit_decorator to 2023-03-17T00:03:17.436759+00:00, run_after=2023-03-18T00:03:17.436759+00:00
[2023-03-18T00:03:17.463+0000] {processor.py:175} INFO - Processing /home/airflow/.local/lib/python3.7/site-packages/airflow/example_dags/example_short_circuit_decorator.py took 0.156 seconds
[2023-03-18T00:03:48.156+0000] {processor.py:153} INFO - Started process (PID=8668) to work on /home/airflow/.local/lib/python3.7/site-packages/airflow/example_dags/example_short_circuit_decorator.py
[2023-03-18T00:03:48.158+0000] {processor.py:743} INFO - Processing file /home/airflow/.local/lib/python3.7/site-packages/airflow/example_dags/example_short_circuit_decorator.py for tasks to queue
[2023-03-18T00:03:48.159+0000] {logging_mixin.py:137} INFO - [2023-03-18T00:03:48.159+0000] {dagbag.py:538} INFO - Filling up the DagBag from /home/airflow/.local/lib/python3.7/site-packages/airflow/example_dags/example_short_circuit_decorator.py
[2023-03-18T00:03:48.190+0000] {processor.py:753} INFO - DAG(s) dict_keys(['example_short_circuit_decorator']) retrieved from /home/airflow/.local/lib/python3.7/site-packages/airflow/example_dags/example_short_circuit_decorator.py
[2023-03-18T00:03:48.225+0000] {logging_mixin.py:137} INFO - [2023-03-18T00:03:48.225+0000] {dag.py:2690} INFO - Sync 1 DAGs
[2023-03-18T00:03:48.254+0000] {logging_mixin.py:137} INFO - [2023-03-18T00:03:48.254+0000] {dag.py:3441} INFO - Setting next_dagrun for example_short_circuit_decorator to 2023-03-17T00:03:48.254171+00:00, run_after=2023-03-18T00:03:48.254171+00:00
[2023-03-18T00:03:48.278+0000] {processor.py:175} INFO - Processing /home/airflow/.local/lib/python3.7/site-packages/airflow/example_dags/example_short_circuit_decorator.py took 0.126 seconds
[2023-03-18T00:04:18.465+0000] {processor.py:153} INFO - Started process (PID=8750) to work on /home/airflow/.local/lib/python3.7/site-packages/airflow/example_dags/example_short_circuit_decorator.py
[2023-03-18T00:04:18.466+0000] {processor.py:743} INFO - Processing file /home/airflow/.local/lib/python3.7/site-packages/airflow/example_dags/example_short_circuit_decorator.py for tasks to queue
[2023-03-18T00:04:18.467+0000] {logging_mixin.py:137} INFO - [2023-03-18T00:04:18.467+0000] {dagbag.py:538} INFO - Filling up the DagBag from /home/airflow/.local/lib/python3.7/site-packages/airflow/example_dags/example_short_circuit_decorator.py
[2023-03-18T00:04:18.498+0000] {processor.py:753} INFO - DAG(s) dict_keys(['example_short_circuit_decorator']) retrieved from /home/airflow/.local/lib/python3.7/site-packages/airflow/example_dags/example_short_circuit_decorator.py
[2023-03-18T00:04:18.542+0000] {logging_mixin.py:137} INFO - [2023-03-18T00:04:18.542+0000] {dag.py:2690} INFO - Sync 1 DAGs
[2023-03-18T00:04:18.574+0000] {logging_mixin.py:137} INFO - [2023-03-18T00:04:18.574+0000] {dag.py:3441} INFO - Setting next_dagrun for example_short_circuit_decorator to 2023-03-17T00:04:18.574316+00:00, run_after=2023-03-18T00:04:18.574316+00:00
[2023-03-18T00:04:18.601+0000] {processor.py:175} INFO - Processing /home/airflow/.local/lib/python3.7/site-packages/airflow/example_dags/example_short_circuit_decorator.py took 0.140 seconds
[2023-03-18T00:04:49.520+0000] {processor.py:153} INFO - Started process (PID=8853) to work on /home/airflow/.local/lib/python3.7/site-packages/airflow/example_dags/example_short_circuit_decorator.py
[2023-03-18T00:04:49.522+0000] {processor.py:743} INFO - Processing file /home/airflow/.local/lib/python3.7/site-packages/airflow/example_dags/example_short_circuit_decorator.py for tasks to queue
[2023-03-18T00:04:49.523+0000] {logging_mixin.py:137} INFO - [2023-03-18T00:04:49.523+0000] {dagbag.py:538} INFO - Filling up the DagBag from /home/airflow/.local/lib/python3.7/site-packages/airflow/example_dags/example_short_circuit_decorator.py
[2023-03-18T00:04:49.550+0000] {processor.py:753} INFO - DAG(s) dict_keys(['example_short_circuit_decorator']) retrieved from /home/airflow/.local/lib/python3.7/site-packages/airflow/example_dags/example_short_circuit_decorator.py
[2023-03-18T00:04:49.580+0000] {logging_mixin.py:137} INFO - [2023-03-18T00:04:49.580+0000] {dag.py:2690} INFO - Sync 1 DAGs
[2023-03-18T00:04:49.620+0000] {logging_mixin.py:137} INFO - [2023-03-18T00:04:49.620+0000] {dag.py:3441} INFO - Setting next_dagrun for example_short_circuit_decorator to 2023-03-17T00:04:49.619826+00:00, run_after=2023-03-18T00:04:49.619826+00:00
[2023-03-18T00:04:49.645+0000] {processor.py:175} INFO - Processing /home/airflow/.local/lib/python3.7/site-packages/airflow/example_dags/example_short_circuit_decorator.py took 0.129 seconds
[2023-03-18T00:05:20.433+0000] {processor.py:153} INFO - Started process (PID=8935) to work on /home/airflow/.local/lib/python3.7/site-packages/airflow/example_dags/example_short_circuit_decorator.py
[2023-03-18T00:05:20.435+0000] {processor.py:743} INFO - Processing file /home/airflow/.local/lib/python3.7/site-packages/airflow/example_dags/example_short_circuit_decorator.py for tasks to queue
[2023-03-18T00:05:20.437+0000] {logging_mixin.py:137} INFO - [2023-03-18T00:05:20.437+0000] {dagbag.py:538} INFO - Filling up the DagBag from /home/airflow/.local/lib/python3.7/site-packages/airflow/example_dags/example_short_circuit_decorator.py
[2023-03-18T00:05:20.475+0000] {processor.py:753} INFO - DAG(s) dict_keys(['example_short_circuit_decorator']) retrieved from /home/airflow/.local/lib/python3.7/site-packages/airflow/example_dags/example_short_circuit_decorator.py
[2023-03-18T00:05:20.532+0000] {logging_mixin.py:137} INFO - [2023-03-18T00:05:20.532+0000] {dag.py:2690} INFO - Sync 1 DAGs
[2023-03-18T00:05:20.569+0000] {logging_mixin.py:137} INFO - [2023-03-18T00:05:20.569+0000] {dag.py:3441} INFO - Setting next_dagrun for example_short_circuit_decorator to 2023-03-17T00:05:20.568805+00:00, run_after=2023-03-18T00:05:20.568805+00:00
[2023-03-18T00:05:20.595+0000] {processor.py:175} INFO - Processing /home/airflow/.local/lib/python3.7/site-packages/airflow/example_dags/example_short_circuit_decorator.py took 0.167 seconds
[2023-03-18T00:05:51.386+0000] {processor.py:153} INFO - Started process (PID=9017) to work on /home/airflow/.local/lib/python3.7/site-packages/airflow/example_dags/example_short_circuit_decorator.py
[2023-03-18T00:05:51.388+0000] {processor.py:743} INFO - Processing file /home/airflow/.local/lib/python3.7/site-packages/airflow/example_dags/example_short_circuit_decorator.py for tasks to queue
[2023-03-18T00:05:51.390+0000] {logging_mixin.py:137} INFO - [2023-03-18T00:05:51.389+0000] {dagbag.py:538} INFO - Filling up the DagBag from /home/airflow/.local/lib/python3.7/site-packages/airflow/example_dags/example_short_circuit_decorator.py
[2023-03-18T00:05:51.423+0000] {processor.py:753} INFO - DAG(s) dict_keys(['example_short_circuit_decorator']) retrieved from /home/airflow/.local/lib/python3.7/site-packages/airflow/example_dags/example_short_circuit_decorator.py
[2023-03-18T00:05:51.454+0000] {logging_mixin.py:137} INFO - [2023-03-18T00:05:51.453+0000] {dag.py:2690} INFO - Sync 1 DAGs
[2023-03-18T00:05:51.483+0000] {logging_mixin.py:137} INFO - [2023-03-18T00:05:51.482+0000] {dag.py:3441} INFO - Setting next_dagrun for example_short_circuit_decorator to 2023-03-17T00:05:51.482686+00:00, run_after=2023-03-18T00:05:51.482686+00:00
[2023-03-18T00:05:51.503+0000] {processor.py:175} INFO - Processing /home/airflow/.local/lib/python3.7/site-packages/airflow/example_dags/example_short_circuit_decorator.py took 0.123 seconds
[2023-03-18T00:06:22.757+0000] {processor.py:153} INFO - Started process (PID=9108) to work on /home/airflow/.local/lib/python3.7/site-packages/airflow/example_dags/example_short_circuit_decorator.py
[2023-03-18T00:06:22.759+0000] {processor.py:743} INFO - Processing file /home/airflow/.local/lib/python3.7/site-packages/airflow/example_dags/example_short_circuit_decorator.py for tasks to queue
[2023-03-18T00:06:22.760+0000] {logging_mixin.py:137} INFO - [2023-03-18T00:06:22.760+0000] {dagbag.py:538} INFO - Filling up the DagBag from /home/airflow/.local/lib/python3.7/site-packages/airflow/example_dags/example_short_circuit_decorator.py
[2023-03-18T00:06:22.808+0000] {processor.py:753} INFO - DAG(s) dict_keys(['example_short_circuit_decorator']) retrieved from /home/airflow/.local/lib/python3.7/site-packages/airflow/example_dags/example_short_circuit_decorator.py
[2023-03-18T00:06:22.931+0000] {logging_mixin.py:137} INFO - [2023-03-18T00:06:22.931+0000] {dag.py:2690} INFO - Sync 1 DAGs
[2023-03-18T00:06:23.003+0000] {logging_mixin.py:137} INFO - [2023-03-18T00:06:23.002+0000] {dag.py:3441} INFO - Setting next_dagrun for example_short_circuit_decorator to 2023-03-17T00:06:23.002493+00:00, run_after=2023-03-18T00:06:23.002493+00:00
[2023-03-18T00:06:23.045+0000] {processor.py:175} INFO - Processing /home/airflow/.local/lib/python3.7/site-packages/airflow/example_dags/example_short_circuit_decorator.py took 0.294 seconds
[2023-03-18T00:06:53.229+0000] {processor.py:153} INFO - Started process (PID=9201) to work on /home/airflow/.local/lib/python3.7/site-packages/airflow/example_dags/example_short_circuit_decorator.py
[2023-03-18T00:06:53.230+0000] {processor.py:743} INFO - Processing file /home/airflow/.local/lib/python3.7/site-packages/airflow/example_dags/example_short_circuit_decorator.py for tasks to queue
[2023-03-18T00:06:53.231+0000] {logging_mixin.py:137} INFO - [2023-03-18T00:06:53.231+0000] {dagbag.py:538} INFO - Filling up the DagBag from /home/airflow/.local/lib/python3.7/site-packages/airflow/example_dags/example_short_circuit_decorator.py
[2023-03-18T00:06:53.261+0000] {processor.py:753} INFO - DAG(s) dict_keys(['example_short_circuit_decorator']) retrieved from /home/airflow/.local/lib/python3.7/site-packages/airflow/example_dags/example_short_circuit_decorator.py
[2023-03-18T00:06:53.294+0000] {logging_mixin.py:137} INFO - [2023-03-18T00:06:53.294+0000] {dag.py:2690} INFO - Sync 1 DAGs
[2023-03-18T00:06:53.322+0000] {logging_mixin.py:137} INFO - [2023-03-18T00:06:53.322+0000] {dag.py:3441} INFO - Setting next_dagrun for example_short_circuit_decorator to 2023-03-17T00:06:53.322532+00:00, run_after=2023-03-18T00:06:53.322532+00:00
[2023-03-18T00:06:53.344+0000] {processor.py:175} INFO - Processing /home/airflow/.local/lib/python3.7/site-packages/airflow/example_dags/example_short_circuit_decorator.py took 0.119 seconds
[2023-03-18T00:07:24.009+0000] {processor.py:153} INFO - Started process (PID=9284) to work on /home/airflow/.local/lib/python3.7/site-packages/airflow/example_dags/example_short_circuit_decorator.py
[2023-03-18T00:07:24.011+0000] {processor.py:743} INFO - Processing file /home/airflow/.local/lib/python3.7/site-packages/airflow/example_dags/example_short_circuit_decorator.py for tasks to queue
[2023-03-18T00:07:24.013+0000] {logging_mixin.py:137} INFO - [2023-03-18T00:07:24.013+0000] {dagbag.py:538} INFO - Filling up the DagBag from /home/airflow/.local/lib/python3.7/site-packages/airflow/example_dags/example_short_circuit_decorator.py
[2023-03-18T00:07:24.060+0000] {processor.py:753} INFO - DAG(s) dict_keys(['example_short_circuit_decorator']) retrieved from /home/airflow/.local/lib/python3.7/site-packages/airflow/example_dags/example_short_circuit_decorator.py
[2023-03-18T00:07:24.108+0000] {logging_mixin.py:137} INFO - [2023-03-18T00:07:24.108+0000] {dag.py:2690} INFO - Sync 1 DAGs
[2023-03-18T00:07:24.155+0000] {logging_mixin.py:137} INFO - [2023-03-18T00:07:24.155+0000] {dag.py:3441} INFO - Setting next_dagrun for example_short_circuit_decorator to 2023-03-17T00:07:24.154605+00:00, run_after=2023-03-18T00:07:24.154605+00:00
[2023-03-18T00:07:24.199+0000] {processor.py:175} INFO - Processing /home/airflow/.local/lib/python3.7/site-packages/airflow/example_dags/example_short_circuit_decorator.py took 0.194 seconds
[2023-03-18T00:07:54.444+0000] {processor.py:153} INFO - Started process (PID=9367) to work on /home/airflow/.local/lib/python3.7/site-packages/airflow/example_dags/example_short_circuit_decorator.py
[2023-03-18T00:07:54.446+0000] {processor.py:743} INFO - Processing file /home/airflow/.local/lib/python3.7/site-packages/airflow/example_dags/example_short_circuit_decorator.py for tasks to queue
[2023-03-18T00:07:54.448+0000] {logging_mixin.py:137} INFO - [2023-03-18T00:07:54.447+0000] {dagbag.py:538} INFO - Filling up the DagBag from /home/airflow/.local/lib/python3.7/site-packages/airflow/example_dags/example_short_circuit_decorator.py
[2023-03-18T00:07:54.493+0000] {processor.py:753} INFO - DAG(s) dict_keys(['example_short_circuit_decorator']) retrieved from /home/airflow/.local/lib/python3.7/site-packages/airflow/example_dags/example_short_circuit_decorator.py
[2023-03-18T00:07:54.532+0000] {logging_mixin.py:137} INFO - [2023-03-18T00:07:54.532+0000] {dag.py:2690} INFO - Sync 1 DAGs
[2023-03-18T00:07:54.566+0000] {logging_mixin.py:137} INFO - [2023-03-18T00:07:54.566+0000] {dag.py:3441} INFO - Setting next_dagrun for example_short_circuit_decorator to 2023-03-17T00:07:54.566523+00:00, run_after=2023-03-18T00:07:54.566523+00:00
[2023-03-18T00:07:54.591+0000] {processor.py:175} INFO - Processing /home/airflow/.local/lib/python3.7/site-packages/airflow/example_dags/example_short_circuit_decorator.py took 0.153 seconds
[2023-03-18T00:08:25.333+0000] {processor.py:153} INFO - Started process (PID=9449) to work on /home/airflow/.local/lib/python3.7/site-packages/airflow/example_dags/example_short_circuit_decorator.py
[2023-03-18T00:08:25.335+0000] {processor.py:743} INFO - Processing file /home/airflow/.local/lib/python3.7/site-packages/airflow/example_dags/example_short_circuit_decorator.py for tasks to queue
[2023-03-18T00:08:25.336+0000] {logging_mixin.py:137} INFO - [2023-03-18T00:08:25.336+0000] {dagbag.py:538} INFO - Filling up the DagBag from /home/airflow/.local/lib/python3.7/site-packages/airflow/example_dags/example_short_circuit_decorator.py
[2023-03-18T00:08:25.376+0000] {processor.py:753} INFO - DAG(s) dict_keys(['example_short_circuit_decorator']) retrieved from /home/airflow/.local/lib/python3.7/site-packages/airflow/example_dags/example_short_circuit_decorator.py
[2023-03-18T00:08:25.427+0000] {logging_mixin.py:137} INFO - [2023-03-18T00:08:25.427+0000] {dag.py:2690} INFO - Sync 1 DAGs
[2023-03-18T00:08:25.472+0000] {logging_mixin.py:137} INFO - [2023-03-18T00:08:25.471+0000] {dag.py:3441} INFO - Setting next_dagrun for example_short_circuit_decorator to 2023-03-17T00:08:25.471164+00:00, run_after=2023-03-18T00:08:25.471164+00:00
[2023-03-18T00:08:25.505+0000] {processor.py:175} INFO - Processing /home/airflow/.local/lib/python3.7/site-packages/airflow/example_dags/example_short_circuit_decorator.py took 0.176 seconds
[2023-03-18T00:08:56.554+0000] {processor.py:153} INFO - Started process (PID=9540) to work on /home/airflow/.local/lib/python3.7/site-packages/airflow/example_dags/example_short_circuit_decorator.py
[2023-03-18T00:08:56.556+0000] {processor.py:743} INFO - Processing file /home/airflow/.local/lib/python3.7/site-packages/airflow/example_dags/example_short_circuit_decorator.py for tasks to queue
[2023-03-18T00:08:56.557+0000] {logging_mixin.py:137} INFO - [2023-03-18T00:08:56.557+0000] {dagbag.py:538} INFO - Filling up the DagBag from /home/airflow/.local/lib/python3.7/site-packages/airflow/example_dags/example_short_circuit_decorator.py
[2023-03-18T00:08:56.592+0000] {processor.py:753} INFO - DAG(s) dict_keys(['example_short_circuit_decorator']) retrieved from /home/airflow/.local/lib/python3.7/site-packages/airflow/example_dags/example_short_circuit_decorator.py
[2023-03-18T00:08:56.708+0000] {logging_mixin.py:137} INFO - [2023-03-18T00:08:56.708+0000] {dag.py:2690} INFO - Sync 1 DAGs
[2023-03-18T00:08:56.803+0000] {logging_mixin.py:137} INFO - [2023-03-18T00:08:56.802+0000] {dag.py:3441} INFO - Setting next_dagrun for example_short_circuit_decorator to 2023-03-17T00:08:56.802086+00:00, run_after=2023-03-18T00:08:56.802086+00:00
[2023-03-18T00:08:56.892+0000] {processor.py:175} INFO - Processing /home/airflow/.local/lib/python3.7/site-packages/airflow/example_dags/example_short_circuit_decorator.py took 0.343 seconds
[2023-03-18T00:09:27.077+0000] {processor.py:153} INFO - Started process (PID=9633) to work on /home/airflow/.local/lib/python3.7/site-packages/airflow/example_dags/example_short_circuit_decorator.py
[2023-03-18T00:09:27.078+0000] {processor.py:743} INFO - Processing file /home/airflow/.local/lib/python3.7/site-packages/airflow/example_dags/example_short_circuit_decorator.py for tasks to queue
[2023-03-18T00:09:27.080+0000] {logging_mixin.py:137} INFO - [2023-03-18T00:09:27.080+0000] {dagbag.py:538} INFO - Filling up the DagBag from /home/airflow/.local/lib/python3.7/site-packages/airflow/example_dags/example_short_circuit_decorator.py
[2023-03-18T00:09:27.132+0000] {processor.py:753} INFO - DAG(s) dict_keys(['example_short_circuit_decorator']) retrieved from /home/airflow/.local/lib/python3.7/site-packages/airflow/example_dags/example_short_circuit_decorator.py
[2023-03-18T00:09:27.201+0000] {logging_mixin.py:137} INFO - [2023-03-18T00:09:27.201+0000] {dag.py:2690} INFO - Sync 1 DAGs
[2023-03-18T00:09:27.276+0000] {logging_mixin.py:137} INFO - [2023-03-18T00:09:27.275+0000] {dag.py:3441} INFO - Setting next_dagrun for example_short_circuit_decorator to 2023-03-17T00:09:27.274919+00:00, run_after=2023-03-18T00:09:27.274919+00:00
[2023-03-18T00:09:27.332+0000] {processor.py:175} INFO - Processing /home/airflow/.local/lib/python3.7/site-packages/airflow/example_dags/example_short_circuit_decorator.py took 0.259 seconds
[2023-03-18T00:09:57.833+0000] {processor.py:153} INFO - Started process (PID=9716) to work on /home/airflow/.local/lib/python3.7/site-packages/airflow/example_dags/example_short_circuit_decorator.py
[2023-03-18T00:09:57.835+0000] {processor.py:743} INFO - Processing file /home/airflow/.local/lib/python3.7/site-packages/airflow/example_dags/example_short_circuit_decorator.py for tasks to queue
[2023-03-18T00:09:57.836+0000] {logging_mixin.py:137} INFO - [2023-03-18T00:09:57.836+0000] {dagbag.py:538} INFO - Filling up the DagBag from /home/airflow/.local/lib/python3.7/site-packages/airflow/example_dags/example_short_circuit_decorator.py
[2023-03-18T00:09:57.868+0000] {processor.py:753} INFO - DAG(s) dict_keys(['example_short_circuit_decorator']) retrieved from /home/airflow/.local/lib/python3.7/site-packages/airflow/example_dags/example_short_circuit_decorator.py
[2023-03-18T00:09:57.891+0000] {logging_mixin.py:137} INFO - [2023-03-18T00:09:57.891+0000] {dag.py:2690} INFO - Sync 1 DAGs
[2023-03-18T00:09:57.915+0000] {logging_mixin.py:137} INFO - [2023-03-18T00:09:57.915+0000] {dag.py:3441} INFO - Setting next_dagrun for example_short_circuit_decorator to 2023-03-17T00:09:57.914814+00:00, run_after=2023-03-18T00:09:57.914814+00:00
[2023-03-18T00:09:57.933+0000] {processor.py:175} INFO - Processing /home/airflow/.local/lib/python3.7/site-packages/airflow/example_dags/example_short_circuit_decorator.py took 0.106 seconds
[2023-03-18T00:10:28.095+0000] {processor.py:153} INFO - Started process (PID=9797) to work on /home/airflow/.local/lib/python3.7/site-packages/airflow/example_dags/example_short_circuit_decorator.py
[2023-03-18T00:10:28.096+0000] {processor.py:743} INFO - Processing file /home/airflow/.local/lib/python3.7/site-packages/airflow/example_dags/example_short_circuit_decorator.py for tasks to queue
[2023-03-18T00:10:28.098+0000] {logging_mixin.py:137} INFO - [2023-03-18T00:10:28.098+0000] {dagbag.py:538} INFO - Filling up the DagBag from /home/airflow/.local/lib/python3.7/site-packages/airflow/example_dags/example_short_circuit_decorator.py
[2023-03-18T00:10:28.133+0000] {processor.py:753} INFO - DAG(s) dict_keys(['example_short_circuit_decorator']) retrieved from /home/airflow/.local/lib/python3.7/site-packages/airflow/example_dags/example_short_circuit_decorator.py
[2023-03-18T00:10:28.172+0000] {logging_mixin.py:137} INFO - [2023-03-18T00:10:28.172+0000] {dag.py:2690} INFO - Sync 1 DAGs
[2023-03-18T00:10:28.211+0000] {logging_mixin.py:137} INFO - [2023-03-18T00:10:28.211+0000] {dag.py:3441} INFO - Setting next_dagrun for example_short_circuit_decorator to 2023-03-17T00:10:28.211167+00:00, run_after=2023-03-18T00:10:28.211167+00:00
[2023-03-18T00:10:28.246+0000] {processor.py:175} INFO - Processing /home/airflow/.local/lib/python3.7/site-packages/airflow/example_dags/example_short_circuit_decorator.py took 0.158 seconds
[2023-03-18T00:10:59.362+0000] {processor.py:153} INFO - Started process (PID=9888) to work on /home/airflow/.local/lib/python3.7/site-packages/airflow/example_dags/example_short_circuit_decorator.py
[2023-03-18T00:10:59.364+0000] {processor.py:743} INFO - Processing file /home/airflow/.local/lib/python3.7/site-packages/airflow/example_dags/example_short_circuit_decorator.py for tasks to queue
[2023-03-18T00:10:59.365+0000] {logging_mixin.py:137} INFO - [2023-03-18T00:10:59.365+0000] {dagbag.py:538} INFO - Filling up the DagBag from /home/airflow/.local/lib/python3.7/site-packages/airflow/example_dags/example_short_circuit_decorator.py
[2023-03-18T00:10:59.408+0000] {processor.py:753} INFO - DAG(s) dict_keys(['example_short_circuit_decorator']) retrieved from /home/airflow/.local/lib/python3.7/site-packages/airflow/example_dags/example_short_circuit_decorator.py
[2023-03-18T00:10:59.473+0000] {logging_mixin.py:137} INFO - [2023-03-18T00:10:59.473+0000] {dag.py:2690} INFO - Sync 1 DAGs
[2023-03-18T00:10:59.523+0000] {logging_mixin.py:137} INFO - [2023-03-18T00:10:59.523+0000] {dag.py:3441} INFO - Setting next_dagrun for example_short_circuit_decorator to 2023-03-17T00:10:59.522343+00:00, run_after=2023-03-18T00:10:59.522343+00:00
[2023-03-18T00:10:59.571+0000] {processor.py:175} INFO - Processing /home/airflow/.local/lib/python3.7/site-packages/airflow/example_dags/example_short_circuit_decorator.py took 0.214 seconds
[2023-03-18T00:11:30.567+0000] {processor.py:153} INFO - Started process (PID=9982) to work on /home/airflow/.local/lib/python3.7/site-packages/airflow/example_dags/example_short_circuit_decorator.py
[2023-03-18T00:11:30.570+0000] {processor.py:743} INFO - Processing file /home/airflow/.local/lib/python3.7/site-packages/airflow/example_dags/example_short_circuit_decorator.py for tasks to queue
[2023-03-18T00:11:30.572+0000] {logging_mixin.py:137} INFO - [2023-03-18T00:11:30.571+0000] {dagbag.py:538} INFO - Filling up the DagBag from /home/airflow/.local/lib/python3.7/site-packages/airflow/example_dags/example_short_circuit_decorator.py
[2023-03-18T00:11:30.624+0000] {processor.py:753} INFO - DAG(s) dict_keys(['example_short_circuit_decorator']) retrieved from /home/airflow/.local/lib/python3.7/site-packages/airflow/example_dags/example_short_circuit_decorator.py
[2023-03-18T00:11:30.672+0000] {logging_mixin.py:137} INFO - [2023-03-18T00:11:30.672+0000] {dag.py:2690} INFO - Sync 1 DAGs
[2023-03-18T00:11:30.718+0000] {logging_mixin.py:137} INFO - [2023-03-18T00:11:30.718+0000] {dag.py:3441} INFO - Setting next_dagrun for example_short_circuit_decorator to 2023-03-17T00:11:30.717588+00:00, run_after=2023-03-18T00:11:30.717588+00:00
[2023-03-18T00:11:30.761+0000] {processor.py:175} INFO - Processing /home/airflow/.local/lib/python3.7/site-packages/airflow/example_dags/example_short_circuit_decorator.py took 0.200 seconds
[2023-03-18T00:12:01.015+0000] {processor.py:153} INFO - Started process (PID=10064) to work on /home/airflow/.local/lib/python3.7/site-packages/airflow/example_dags/example_short_circuit_decorator.py
[2023-03-18T00:12:01.016+0000] {processor.py:743} INFO - Processing file /home/airflow/.local/lib/python3.7/site-packages/airflow/example_dags/example_short_circuit_decorator.py for tasks to queue
[2023-03-18T00:12:01.017+0000] {logging_mixin.py:137} INFO - [2023-03-18T00:12:01.017+0000] {dagbag.py:538} INFO - Filling up the DagBag from /home/airflow/.local/lib/python3.7/site-packages/airflow/example_dags/example_short_circuit_decorator.py
[2023-03-18T00:12:01.056+0000] {processor.py:753} INFO - DAG(s) dict_keys(['example_short_circuit_decorator']) retrieved from /home/airflow/.local/lib/python3.7/site-packages/airflow/example_dags/example_short_circuit_decorator.py
[2023-03-18T00:12:01.091+0000] {logging_mixin.py:137} INFO - [2023-03-18T00:12:01.091+0000] {dag.py:2690} INFO - Sync 1 DAGs
[2023-03-18T00:12:01.131+0000] {logging_mixin.py:137} INFO - [2023-03-18T00:12:01.130+0000] {dag.py:3441} INFO - Setting next_dagrun for example_short_circuit_decorator to 2023-03-17T00:12:01.130476+00:00, run_after=2023-03-18T00:12:01.130476+00:00
[2023-03-18T00:12:01.167+0000] {processor.py:175} INFO - Processing /home/airflow/.local/lib/python3.7/site-packages/airflow/example_dags/example_short_circuit_decorator.py took 0.156 seconds
[2023-03-18T00:12:32.145+0000] {processor.py:153} INFO - Started process (PID=10147) to work on /home/airflow/.local/lib/python3.7/site-packages/airflow/example_dags/example_short_circuit_decorator.py
[2023-03-18T00:12:32.146+0000] {processor.py:743} INFO - Processing file /home/airflow/.local/lib/python3.7/site-packages/airflow/example_dags/example_short_circuit_decorator.py for tasks to queue
[2023-03-18T00:12:32.147+0000] {logging_mixin.py:137} INFO - [2023-03-18T00:12:32.147+0000] {dagbag.py:538} INFO - Filling up the DagBag from /home/airflow/.local/lib/python3.7/site-packages/airflow/example_dags/example_short_circuit_decorator.py
[2023-03-18T00:12:32.179+0000] {processor.py:753} INFO - DAG(s) dict_keys(['example_short_circuit_decorator']) retrieved from /home/airflow/.local/lib/python3.7/site-packages/airflow/example_dags/example_short_circuit_decorator.py
[2023-03-18T00:12:32.209+0000] {logging_mixin.py:137} INFO - [2023-03-18T00:12:32.209+0000] {dag.py:2690} INFO - Sync 1 DAGs
[2023-03-18T00:12:32.244+0000] {logging_mixin.py:137} INFO - [2023-03-18T00:12:32.244+0000] {dag.py:3441} INFO - Setting next_dagrun for example_short_circuit_decorator to 2023-03-17T00:12:32.244473+00:00, run_after=2023-03-18T00:12:32.244473+00:00
[2023-03-18T00:12:32.270+0000] {processor.py:175} INFO - Processing /home/airflow/.local/lib/python3.7/site-packages/airflow/example_dags/example_short_circuit_decorator.py took 0.129 seconds
[2023-03-18T00:13:02.567+0000] {processor.py:153} INFO - Started process (PID=10229) to work on /home/airflow/.local/lib/python3.7/site-packages/airflow/example_dags/example_short_circuit_decorator.py
[2023-03-18T00:13:02.568+0000] {processor.py:743} INFO - Processing file /home/airflow/.local/lib/python3.7/site-packages/airflow/example_dags/example_short_circuit_decorator.py for tasks to queue
[2023-03-18T00:13:02.569+0000] {logging_mixin.py:137} INFO - [2023-03-18T00:13:02.569+0000] {dagbag.py:538} INFO - Filling up the DagBag from /home/airflow/.local/lib/python3.7/site-packages/airflow/example_dags/example_short_circuit_decorator.py
[2023-03-18T00:13:02.598+0000] {processor.py:753} INFO - DAG(s) dict_keys(['example_short_circuit_decorator']) retrieved from /home/airflow/.local/lib/python3.7/site-packages/airflow/example_dags/example_short_circuit_decorator.py
[2023-03-18T00:13:02.628+0000] {logging_mixin.py:137} INFO - [2023-03-18T00:13:02.628+0000] {dag.py:2690} INFO - Sync 1 DAGs
[2023-03-18T00:13:02.659+0000] {logging_mixin.py:137} INFO - [2023-03-18T00:13:02.658+0000] {dag.py:3441} INFO - Setting next_dagrun for example_short_circuit_decorator to 2023-03-17T00:13:02.658568+00:00, run_after=2023-03-18T00:13:02.658568+00:00
[2023-03-18T00:13:02.682+0000] {processor.py:175} INFO - Processing /home/airflow/.local/lib/python3.7/site-packages/airflow/example_dags/example_short_circuit_decorator.py took 0.119 seconds
[2023-03-18T00:13:33.893+0000] {processor.py:153} INFO - Started process (PID=10331) to work on /home/airflow/.local/lib/python3.7/site-packages/airflow/example_dags/example_short_circuit_decorator.py
[2023-03-18T00:13:33.895+0000] {processor.py:743} INFO - Processing file /home/airflow/.local/lib/python3.7/site-packages/airflow/example_dags/example_short_circuit_decorator.py for tasks to queue
[2023-03-18T00:13:33.897+0000] {logging_mixin.py:137} INFO - [2023-03-18T00:13:33.897+0000] {dagbag.py:538} INFO - Filling up the DagBag from /home/airflow/.local/lib/python3.7/site-packages/airflow/example_dags/example_short_circuit_decorator.py
[2023-03-18T00:13:33.971+0000] {processor.py:753} INFO - DAG(s) dict_keys(['example_short_circuit_decorator']) retrieved from /home/airflow/.local/lib/python3.7/site-packages/airflow/example_dags/example_short_circuit_decorator.py
[2023-03-18T00:13:34.023+0000] {logging_mixin.py:137} INFO - [2023-03-18T00:13:34.022+0000] {dag.py:2690} INFO - Sync 1 DAGs
[2023-03-18T00:13:34.083+0000] {logging_mixin.py:137} INFO - [2023-03-18T00:13:34.083+0000] {dag.py:3441} INFO - Setting next_dagrun for example_short_circuit_decorator to 2023-03-17T00:13:34.083268+00:00, run_after=2023-03-18T00:13:34.083268+00:00
[2023-03-18T00:13:34.113+0000] {processor.py:175} INFO - Processing /home/airflow/.local/lib/python3.7/site-packages/airflow/example_dags/example_short_circuit_decorator.py took 0.227 seconds
[2023-03-18T00:14:04.479+0000] {processor.py:153} INFO - Started process (PID=10413) to work on /home/airflow/.local/lib/python3.7/site-packages/airflow/example_dags/example_short_circuit_decorator.py
[2023-03-18T00:14:04.480+0000] {processor.py:743} INFO - Processing file /home/airflow/.local/lib/python3.7/site-packages/airflow/example_dags/example_short_circuit_decorator.py for tasks to queue
[2023-03-18T00:14:04.482+0000] {logging_mixin.py:137} INFO - [2023-03-18T00:14:04.482+0000] {dagbag.py:538} INFO - Filling up the DagBag from /home/airflow/.local/lib/python3.7/site-packages/airflow/example_dags/example_short_circuit_decorator.py
[2023-03-18T00:14:04.529+0000] {processor.py:753} INFO - DAG(s) dict_keys(['example_short_circuit_decorator']) retrieved from /home/airflow/.local/lib/python3.7/site-packages/airflow/example_dags/example_short_circuit_decorator.py
[2023-03-18T00:14:04.570+0000] {logging_mixin.py:137} INFO - [2023-03-18T00:14:04.569+0000] {dag.py:2690} INFO - Sync 1 DAGs
[2023-03-18T00:14:04.607+0000] {logging_mixin.py:137} INFO - [2023-03-18T00:14:04.607+0000] {dag.py:3441} INFO - Setting next_dagrun for example_short_circuit_decorator to 2023-03-17T00:14:04.606978+00:00, run_after=2023-03-18T00:14:04.606978+00:00
[2023-03-18T00:14:04.636+0000] {processor.py:175} INFO - Processing /home/airflow/.local/lib/python3.7/site-packages/airflow/example_dags/example_short_circuit_decorator.py took 0.162 seconds
[2023-03-18T00:14:35.466+0000] {processor.py:153} INFO - Started process (PID=10495) to work on /home/airflow/.local/lib/python3.7/site-packages/airflow/example_dags/example_short_circuit_decorator.py
[2023-03-18T00:14:35.468+0000] {processor.py:743} INFO - Processing file /home/airflow/.local/lib/python3.7/site-packages/airflow/example_dags/example_short_circuit_decorator.py for tasks to queue
[2023-03-18T00:14:35.470+0000] {logging_mixin.py:137} INFO - [2023-03-18T00:14:35.469+0000] {dagbag.py:538} INFO - Filling up the DagBag from /home/airflow/.local/lib/python3.7/site-packages/airflow/example_dags/example_short_circuit_decorator.py
[2023-03-18T00:14:35.509+0000] {processor.py:753} INFO - DAG(s) dict_keys(['example_short_circuit_decorator']) retrieved from /home/airflow/.local/lib/python3.7/site-packages/airflow/example_dags/example_short_circuit_decorator.py
[2023-03-18T00:14:35.546+0000] {logging_mixin.py:137} INFO - [2023-03-18T00:14:35.546+0000] {dag.py:2690} INFO - Sync 1 DAGs
[2023-03-18T00:14:35.582+0000] {logging_mixin.py:137} INFO - [2023-03-18T00:14:35.582+0000] {dag.py:3441} INFO - Setting next_dagrun for example_short_circuit_decorator to 2023-03-17T00:14:35.582265+00:00, run_after=2023-03-18T00:14:35.582265+00:00
[2023-03-18T00:14:35.610+0000] {processor.py:175} INFO - Processing /home/airflow/.local/lib/python3.7/site-packages/airflow/example_dags/example_short_circuit_decorator.py took 0.148 seconds
[2023-03-18T00:15:06.896+0000] {processor.py:153} INFO - Started process (PID=10577) to work on /home/airflow/.local/lib/python3.7/site-packages/airflow/example_dags/example_short_circuit_decorator.py
[2023-03-18T00:15:06.898+0000] {processor.py:743} INFO - Processing file /home/airflow/.local/lib/python3.7/site-packages/airflow/example_dags/example_short_circuit_decorator.py for tasks to queue
[2023-03-18T00:15:06.900+0000] {logging_mixin.py:137} INFO - [2023-03-18T00:15:06.900+0000] {dagbag.py:538} INFO - Filling up the DagBag from /home/airflow/.local/lib/python3.7/site-packages/airflow/example_dags/example_short_circuit_decorator.py
[2023-03-18T00:15:06.971+0000] {processor.py:753} INFO - DAG(s) dict_keys(['example_short_circuit_decorator']) retrieved from /home/airflow/.local/lib/python3.7/site-packages/airflow/example_dags/example_short_circuit_decorator.py
[2023-03-18T00:15:07.017+0000] {logging_mixin.py:137} INFO - [2023-03-18T00:15:07.017+0000] {dag.py:2690} INFO - Sync 1 DAGs
[2023-03-18T00:15:07.089+0000] {logging_mixin.py:137} INFO - [2023-03-18T00:15:07.089+0000] {dag.py:3441} INFO - Setting next_dagrun for example_short_circuit_decorator to 2023-03-17T00:15:07.089301+00:00, run_after=2023-03-18T00:15:07.089301+00:00
[2023-03-18T00:15:07.144+0000] {processor.py:175} INFO - Processing /home/airflow/.local/lib/python3.7/site-packages/airflow/example_dags/example_short_circuit_decorator.py took 0.254 seconds
[2023-03-18T00:15:37.416+0000] {processor.py:153} INFO - Started process (PID=10679) to work on /home/airflow/.local/lib/python3.7/site-packages/airflow/example_dags/example_short_circuit_decorator.py
[2023-03-18T00:15:37.418+0000] {processor.py:743} INFO - Processing file /home/airflow/.local/lib/python3.7/site-packages/airflow/example_dags/example_short_circuit_decorator.py for tasks to queue
[2023-03-18T00:15:37.419+0000] {logging_mixin.py:137} INFO - [2023-03-18T00:15:37.419+0000] {dagbag.py:538} INFO - Filling up the DagBag from /home/airflow/.local/lib/python3.7/site-packages/airflow/example_dags/example_short_circuit_decorator.py
[2023-03-18T00:15:37.471+0000] {processor.py:753} INFO - DAG(s) dict_keys(['example_short_circuit_decorator']) retrieved from /home/airflow/.local/lib/python3.7/site-packages/airflow/example_dags/example_short_circuit_decorator.py
[2023-03-18T00:15:37.517+0000] {logging_mixin.py:137} INFO - [2023-03-18T00:15:37.517+0000] {dag.py:2690} INFO - Sync 1 DAGs
[2023-03-18T00:15:37.556+0000] {logging_mixin.py:137} INFO - [2023-03-18T00:15:37.556+0000] {dag.py:3441} INFO - Setting next_dagrun for example_short_circuit_decorator to 2023-03-17T00:15:37.556006+00:00, run_after=2023-03-18T00:15:37.556006+00:00
[2023-03-18T00:15:37.582+0000] {processor.py:175} INFO - Processing /home/airflow/.local/lib/python3.7/site-packages/airflow/example_dags/example_short_circuit_decorator.py took 0.172 seconds
[2023-03-18T00:16:08.109+0000] {processor.py:153} INFO - Started process (PID=10762) to work on /home/airflow/.local/lib/python3.7/site-packages/airflow/example_dags/example_short_circuit_decorator.py
[2023-03-18T00:16:08.111+0000] {processor.py:743} INFO - Processing file /home/airflow/.local/lib/python3.7/site-packages/airflow/example_dags/example_short_circuit_decorator.py for tasks to queue
[2023-03-18T00:16:08.113+0000] {logging_mixin.py:137} INFO - [2023-03-18T00:16:08.113+0000] {dagbag.py:538} INFO - Filling up the DagBag from /home/airflow/.local/lib/python3.7/site-packages/airflow/example_dags/example_short_circuit_decorator.py
[2023-03-18T00:16:08.159+0000] {processor.py:753} INFO - DAG(s) dict_keys(['example_short_circuit_decorator']) retrieved from /home/airflow/.local/lib/python3.7/site-packages/airflow/example_dags/example_short_circuit_decorator.py
[2023-03-18T00:16:08.238+0000] {logging_mixin.py:137} INFO - [2023-03-18T00:16:08.237+0000] {dag.py:2690} INFO - Sync 1 DAGs
[2023-03-18T00:16:08.349+0000] {logging_mixin.py:137} INFO - [2023-03-18T00:16:08.348+0000] {dag.py:3441} INFO - Setting next_dagrun for example_short_circuit_decorator to 2023-03-17T00:16:08.347068+00:00, run_after=2023-03-18T00:16:08.347068+00:00
[2023-03-18T00:16:08.429+0000] {processor.py:175} INFO - Processing /home/airflow/.local/lib/python3.7/site-packages/airflow/example_dags/example_short_circuit_decorator.py took 0.327 seconds
