[2023-03-18T00:00:20.533+0000] {processor.py:153} INFO - Started process (PID=8111) to work on /home/airflow/.local/lib/python3.7/site-packages/airflow/example_dags/example_latest_only_with_trigger.py
[2023-03-18T00:00:20.534+0000] {processor.py:743} INFO - Processing file /home/airflow/.local/lib/python3.7/site-packages/airflow/example_dags/example_latest_only_with_trigger.py for tasks to queue
[2023-03-18T00:00:20.536+0000] {logging_mixin.py:137} INFO - [2023-03-18T00:00:20.535+0000] {dagbag.py:538} INFO - Filling up the DagBag from /home/airflow/.local/lib/python3.7/site-packages/airflow/example_dags/example_latest_only_with_trigger.py
[2023-03-18T00:00:20.556+0000] {processor.py:753} INFO - DAG(s) dict_keys(['latest_only_with_trigger']) retrieved from /home/airflow/.local/lib/python3.7/site-packages/airflow/example_dags/example_latest_only_with_trigger.py
[2023-03-18T00:00:20.595+0000] {logging_mixin.py:137} INFO - [2023-03-18T00:00:20.594+0000] {dag.py:2690} INFO - Sync 1 DAGs
[2023-03-18T00:00:20.632+0000] {logging_mixin.py:137} INFO - [2023-03-18T00:00:20.631+0000] {dag.py:3441} INFO - Setting next_dagrun for latest_only_with_trigger to 2023-03-17T20:00:20.631471+00:00, run_after=2023-03-18T00:00:20.631471+00:00
[2023-03-18T00:00:20.663+0000] {processor.py:175} INFO - Processing /home/airflow/.local/lib/python3.7/site-packages/airflow/example_dags/example_latest_only_with_trigger.py took 0.134 seconds
[2023-03-18T00:00:53.623+0000] {processor.py:153} INFO - Started process (PID=8213) to work on /home/airflow/.local/lib/python3.7/site-packages/airflow/example_dags/example_latest_only_with_trigger.py
[2023-03-18T00:00:53.626+0000] {processor.py:743} INFO - Processing file /home/airflow/.local/lib/python3.7/site-packages/airflow/example_dags/example_latest_only_with_trigger.py for tasks to queue
[2023-03-18T00:00:53.632+0000] {logging_mixin.py:137} INFO - [2023-03-18T00:00:53.631+0000] {dagbag.py:538} INFO - Filling up the DagBag from /home/airflow/.local/lib/python3.7/site-packages/airflow/example_dags/example_latest_only_with_trigger.py
[2023-03-18T00:00:53.682+0000] {processor.py:753} INFO - DAG(s) dict_keys(['latest_only_with_trigger']) retrieved from /home/airflow/.local/lib/python3.7/site-packages/airflow/example_dags/example_latest_only_with_trigger.py
[2023-03-18T00:00:53.749+0000] {logging_mixin.py:137} INFO - [2023-03-18T00:00:53.749+0000] {dag.py:2690} INFO - Sync 1 DAGs
[2023-03-18T00:00:53.821+0000] {logging_mixin.py:137} INFO - [2023-03-18T00:00:53.821+0000] {dag.py:3441} INFO - Setting next_dagrun for latest_only_with_trigger to 2023-03-17T20:00:53.820784+00:00, run_after=2023-03-18T00:00:53.820784+00:00
[2023-03-18T00:00:53.877+0000] {processor.py:175} INFO - Processing /home/airflow/.local/lib/python3.7/site-packages/airflow/example_dags/example_latest_only_with_trigger.py took 0.262 seconds
[2023-03-18T00:01:24.454+0000] {processor.py:153} INFO - Started process (PID=8295) to work on /home/airflow/.local/lib/python3.7/site-packages/airflow/example_dags/example_latest_only_with_trigger.py
[2023-03-18T00:01:24.456+0000] {processor.py:743} INFO - Processing file /home/airflow/.local/lib/python3.7/site-packages/airflow/example_dags/example_latest_only_with_trigger.py for tasks to queue
[2023-03-18T00:01:24.457+0000] {logging_mixin.py:137} INFO - [2023-03-18T00:01:24.457+0000] {dagbag.py:538} INFO - Filling up the DagBag from /home/airflow/.local/lib/python3.7/site-packages/airflow/example_dags/example_latest_only_with_trigger.py
[2023-03-18T00:01:24.484+0000] {processor.py:753} INFO - DAG(s) dict_keys(['latest_only_with_trigger']) retrieved from /home/airflow/.local/lib/python3.7/site-packages/airflow/example_dags/example_latest_only_with_trigger.py
[2023-03-18T00:01:24.537+0000] {logging_mixin.py:137} INFO - [2023-03-18T00:01:24.536+0000] {dag.py:2690} INFO - Sync 1 DAGs
[2023-03-18T00:01:24.602+0000] {logging_mixin.py:137} INFO - [2023-03-18T00:01:24.601+0000] {dag.py:3441} INFO - Setting next_dagrun for latest_only_with_trigger to 2023-03-17T20:01:24.601364+00:00, run_after=2023-03-18T00:01:24.601364+00:00
[2023-03-18T00:01:24.659+0000] {processor.py:175} INFO - Processing /home/airflow/.local/lib/python3.7/site-packages/airflow/example_dags/example_latest_only_with_trigger.py took 0.210 seconds
[2023-03-18T00:01:55.711+0000] {processor.py:153} INFO - Started process (PID=8378) to work on /home/airflow/.local/lib/python3.7/site-packages/airflow/example_dags/example_latest_only_with_trigger.py
[2023-03-18T00:01:55.713+0000] {processor.py:743} INFO - Processing file /home/airflow/.local/lib/python3.7/site-packages/airflow/example_dags/example_latest_only_with_trigger.py for tasks to queue
[2023-03-18T00:01:55.716+0000] {logging_mixin.py:137} INFO - [2023-03-18T00:01:55.715+0000] {dagbag.py:538} INFO - Filling up the DagBag from /home/airflow/.local/lib/python3.7/site-packages/airflow/example_dags/example_latest_only_with_trigger.py
[2023-03-18T00:01:55.764+0000] {processor.py:753} INFO - DAG(s) dict_keys(['latest_only_with_trigger']) retrieved from /home/airflow/.local/lib/python3.7/site-packages/airflow/example_dags/example_latest_only_with_trigger.py
[2023-03-18T00:01:55.930+0000] {logging_mixin.py:137} INFO - [2023-03-18T00:01:55.930+0000] {dag.py:2690} INFO - Sync 1 DAGs
[2023-03-18T00:01:56.028+0000] {logging_mixin.py:137} INFO - [2023-03-18T00:01:56.027+0000] {dag.py:3441} INFO - Setting next_dagrun for latest_only_with_trigger to 2023-03-17T20:01:56.027461+00:00, run_after=2023-03-18T00:01:56.027461+00:00
[2023-03-18T00:01:56.084+0000] {processor.py:175} INFO - Processing /home/airflow/.local/lib/python3.7/site-packages/airflow/example_dags/example_latest_only_with_trigger.py took 0.394 seconds
[2023-03-18T00:02:26.978+0000] {processor.py:153} INFO - Started process (PID=8460) to work on /home/airflow/.local/lib/python3.7/site-packages/airflow/example_dags/example_latest_only_with_trigger.py
[2023-03-18T00:02:26.980+0000] {processor.py:743} INFO - Processing file /home/airflow/.local/lib/python3.7/site-packages/airflow/example_dags/example_latest_only_with_trigger.py for tasks to queue
[2023-03-18T00:02:26.983+0000] {logging_mixin.py:137} INFO - [2023-03-18T00:02:26.982+0000] {dagbag.py:538} INFO - Filling up the DagBag from /home/airflow/.local/lib/python3.7/site-packages/airflow/example_dags/example_latest_only_with_trigger.py
[2023-03-18T00:02:27.087+0000] {processor.py:753} INFO - DAG(s) dict_keys(['latest_only_with_trigger']) retrieved from /home/airflow/.local/lib/python3.7/site-packages/airflow/example_dags/example_latest_only_with_trigger.py
[2023-03-18T00:02:27.233+0000] {logging_mixin.py:137} INFO - [2023-03-18T00:02:27.232+0000] {dag.py:2690} INFO - Sync 1 DAGs
[2023-03-18T00:02:27.342+0000] {logging_mixin.py:137} INFO - [2023-03-18T00:02:27.342+0000] {dag.py:3441} INFO - Setting next_dagrun for latest_only_with_trigger to 2023-03-17T20:02:27.340339+00:00, run_after=2023-03-18T00:02:27.340339+00:00
[2023-03-18T00:02:27.464+0000] {processor.py:175} INFO - Processing /home/airflow/.local/lib/python3.7/site-packages/airflow/example_dags/example_latest_only_with_trigger.py took 0.492 seconds
[2023-03-18T00:02:58.008+0000] {processor.py:153} INFO - Started process (PID=8542) to work on /home/airflow/.local/lib/python3.7/site-packages/airflow/example_dags/example_latest_only_with_trigger.py
[2023-03-18T00:02:58.011+0000] {processor.py:743} INFO - Processing file /home/airflow/.local/lib/python3.7/site-packages/airflow/example_dags/example_latest_only_with_trigger.py for tasks to queue
[2023-03-18T00:02:58.014+0000] {logging_mixin.py:137} INFO - [2023-03-18T00:02:58.014+0000] {dagbag.py:538} INFO - Filling up the DagBag from /home/airflow/.local/lib/python3.7/site-packages/airflow/example_dags/example_latest_only_with_trigger.py
[2023-03-18T00:02:58.069+0000] {processor.py:753} INFO - DAG(s) dict_keys(['latest_only_with_trigger']) retrieved from /home/airflow/.local/lib/python3.7/site-packages/airflow/example_dags/example_latest_only_with_trigger.py
[2023-03-18T00:02:58.211+0000] {logging_mixin.py:137} INFO - [2023-03-18T00:02:58.211+0000] {dag.py:2690} INFO - Sync 1 DAGs
[2023-03-18T00:02:58.290+0000] {logging_mixin.py:137} INFO - [2023-03-18T00:02:58.290+0000] {dag.py:3441} INFO - Setting next_dagrun for latest_only_with_trigger to 2023-03-17T20:02:58.289683+00:00, run_after=2023-03-18T00:02:58.289683+00:00
[2023-03-18T00:02:58.334+0000] {processor.py:175} INFO - Processing /home/airflow/.local/lib/python3.7/site-packages/airflow/example_dags/example_latest_only_with_trigger.py took 0.339 seconds
[2023-03-18T00:03:28.447+0000] {processor.py:153} INFO - Started process (PID=8624) to work on /home/airflow/.local/lib/python3.7/site-packages/airflow/example_dags/example_latest_only_with_trigger.py
[2023-03-18T00:03:28.449+0000] {processor.py:743} INFO - Processing file /home/airflow/.local/lib/python3.7/site-packages/airflow/example_dags/example_latest_only_with_trigger.py for tasks to queue
[2023-03-18T00:03:28.450+0000] {logging_mixin.py:137} INFO - [2023-03-18T00:03:28.450+0000] {dagbag.py:538} INFO - Filling up the DagBag from /home/airflow/.local/lib/python3.7/site-packages/airflow/example_dags/example_latest_only_with_trigger.py
[2023-03-18T00:03:28.469+0000] {processor.py:753} INFO - DAG(s) dict_keys(['latest_only_with_trigger']) retrieved from /home/airflow/.local/lib/python3.7/site-packages/airflow/example_dags/example_latest_only_with_trigger.py
[2023-03-18T00:03:28.543+0000] {logging_mixin.py:137} INFO - [2023-03-18T00:03:28.543+0000] {dag.py:2690} INFO - Sync 1 DAGs
[2023-03-18T00:03:28.604+0000] {logging_mixin.py:137} INFO - [2023-03-18T00:03:28.604+0000] {dag.py:3441} INFO - Setting next_dagrun for latest_only_with_trigger to 2023-03-17T20:03:28.604440+00:00, run_after=2023-03-18T00:03:28.604440+00:00
[2023-03-18T00:03:28.657+0000] {processor.py:175} INFO - Processing /home/airflow/.local/lib/python3.7/site-packages/airflow/example_dags/example_latest_only_with_trigger.py took 0.214 seconds
[2023-03-18T00:03:58.792+0000] {processor.py:153} INFO - Started process (PID=8705) to work on /home/airflow/.local/lib/python3.7/site-packages/airflow/example_dags/example_latest_only_with_trigger.py
[2023-03-18T00:03:58.793+0000] {processor.py:743} INFO - Processing file /home/airflow/.local/lib/python3.7/site-packages/airflow/example_dags/example_latest_only_with_trigger.py for tasks to queue
[2023-03-18T00:03:58.795+0000] {logging_mixin.py:137} INFO - [2023-03-18T00:03:58.794+0000] {dagbag.py:538} INFO - Filling up the DagBag from /home/airflow/.local/lib/python3.7/site-packages/airflow/example_dags/example_latest_only_with_trigger.py
[2023-03-18T00:03:58.812+0000] {processor.py:753} INFO - DAG(s) dict_keys(['latest_only_with_trigger']) retrieved from /home/airflow/.local/lib/python3.7/site-packages/airflow/example_dags/example_latest_only_with_trigger.py
[2023-03-18T00:03:58.844+0000] {logging_mixin.py:137} INFO - [2023-03-18T00:03:58.844+0000] {dag.py:2690} INFO - Sync 1 DAGs
[2023-03-18T00:03:58.884+0000] {logging_mixin.py:137} INFO - [2023-03-18T00:03:58.884+0000] {dag.py:3441} INFO - Setting next_dagrun for latest_only_with_trigger to 2023-03-17T20:03:58.884105+00:00, run_after=2023-03-18T00:03:58.884105+00:00
[2023-03-18T00:03:58.916+0000] {processor.py:175} INFO - Processing /home/airflow/.local/lib/python3.7/site-packages/airflow/example_dags/example_latest_only_with_trigger.py took 0.128 seconds
[2023-03-18T00:04:29.760+0000] {processor.py:153} INFO - Started process (PID=8788) to work on /home/airflow/.local/lib/python3.7/site-packages/airflow/example_dags/example_latest_only_with_trigger.py
[2023-03-18T00:04:29.761+0000] {processor.py:743} INFO - Processing file /home/airflow/.local/lib/python3.7/site-packages/airflow/example_dags/example_latest_only_with_trigger.py for tasks to queue
[2023-03-18T00:04:29.762+0000] {logging_mixin.py:137} INFO - [2023-03-18T00:04:29.762+0000] {dagbag.py:538} INFO - Filling up the DagBag from /home/airflow/.local/lib/python3.7/site-packages/airflow/example_dags/example_latest_only_with_trigger.py
[2023-03-18T00:04:29.780+0000] {processor.py:753} INFO - DAG(s) dict_keys(['latest_only_with_trigger']) retrieved from /home/airflow/.local/lib/python3.7/site-packages/airflow/example_dags/example_latest_only_with_trigger.py
[2023-03-18T00:04:29.807+0000] {logging_mixin.py:137} INFO - [2023-03-18T00:04:29.807+0000] {dag.py:2690} INFO - Sync 1 DAGs
[2023-03-18T00:04:29.830+0000] {logging_mixin.py:137} INFO - [2023-03-18T00:04:29.830+0000] {dag.py:3441} INFO - Setting next_dagrun for latest_only_with_trigger to 2023-03-17T20:04:29.830301+00:00, run_after=2023-03-18T00:04:29.830301+00:00
[2023-03-18T00:04:29.849+0000] {processor.py:175} INFO - Processing /home/airflow/.local/lib/python3.7/site-packages/airflow/example_dags/example_latest_only_with_trigger.py took 0.092 seconds
[2023-03-18T00:05:00.202+0000] {processor.py:153} INFO - Started process (PID=8891) to work on /home/airflow/.local/lib/python3.7/site-packages/airflow/example_dags/example_latest_only_with_trigger.py
[2023-03-18T00:05:00.204+0000] {processor.py:743} INFO - Processing file /home/airflow/.local/lib/python3.7/site-packages/airflow/example_dags/example_latest_only_with_trigger.py for tasks to queue
[2023-03-18T00:05:00.206+0000] {logging_mixin.py:137} INFO - [2023-03-18T00:05:00.206+0000] {dagbag.py:538} INFO - Filling up the DagBag from /home/airflow/.local/lib/python3.7/site-packages/airflow/example_dags/example_latest_only_with_trigger.py
[2023-03-18T00:05:00.251+0000] {processor.py:753} INFO - DAG(s) dict_keys(['latest_only_with_trigger']) retrieved from /home/airflow/.local/lib/python3.7/site-packages/airflow/example_dags/example_latest_only_with_trigger.py
[2023-03-18T00:05:00.341+0000] {logging_mixin.py:137} INFO - [2023-03-18T00:05:00.341+0000] {dag.py:2690} INFO - Sync 1 DAGs
[2023-03-18T00:05:00.389+0000] {logging_mixin.py:137} INFO - [2023-03-18T00:05:00.388+0000] {dag.py:3441} INFO - Setting next_dagrun for latest_only_with_trigger to 2023-03-17T20:05:00.388481+00:00, run_after=2023-03-18T00:05:00.388481+00:00
[2023-03-18T00:05:00.424+0000] {processor.py:175} INFO - Processing /home/airflow/.local/lib/python3.7/site-packages/airflow/example_dags/example_latest_only_with_trigger.py took 0.230 seconds
[2023-03-18T00:05:30.592+0000] {processor.py:153} INFO - Started process (PID=8973) to work on /home/airflow/.local/lib/python3.7/site-packages/airflow/example_dags/example_latest_only_with_trigger.py
[2023-03-18T00:05:30.593+0000] {processor.py:743} INFO - Processing file /home/airflow/.local/lib/python3.7/site-packages/airflow/example_dags/example_latest_only_with_trigger.py for tasks to queue
[2023-03-18T00:05:30.594+0000] {logging_mixin.py:137} INFO - [2023-03-18T00:05:30.594+0000] {dagbag.py:538} INFO - Filling up the DagBag from /home/airflow/.local/lib/python3.7/site-packages/airflow/example_dags/example_latest_only_with_trigger.py
[2023-03-18T00:05:30.610+0000] {processor.py:753} INFO - DAG(s) dict_keys(['latest_only_with_trigger']) retrieved from /home/airflow/.local/lib/python3.7/site-packages/airflow/example_dags/example_latest_only_with_trigger.py
[2023-03-18T00:05:30.640+0000] {logging_mixin.py:137} INFO - [2023-03-18T00:05:30.640+0000] {dag.py:2690} INFO - Sync 1 DAGs
[2023-03-18T00:05:30.669+0000] {logging_mixin.py:137} INFO - [2023-03-18T00:05:30.669+0000] {dag.py:3441} INFO - Setting next_dagrun for latest_only_with_trigger to 2023-03-17T20:05:30.669122+00:00, run_after=2023-03-18T00:05:30.669122+00:00
[2023-03-18T00:05:30.692+0000] {processor.py:175} INFO - Processing /home/airflow/.local/lib/python3.7/site-packages/airflow/example_dags/example_latest_only_with_trigger.py took 0.104 seconds
[2023-03-18T00:06:01.474+0000] {processor.py:153} INFO - Started process (PID=9055) to work on /home/airflow/.local/lib/python3.7/site-packages/airflow/example_dags/example_latest_only_with_trigger.py
[2023-03-18T00:06:01.476+0000] {processor.py:743} INFO - Processing file /home/airflow/.local/lib/python3.7/site-packages/airflow/example_dags/example_latest_only_with_trigger.py for tasks to queue
[2023-03-18T00:06:01.478+0000] {logging_mixin.py:137} INFO - [2023-03-18T00:06:01.478+0000] {dagbag.py:538} INFO - Filling up the DagBag from /home/airflow/.local/lib/python3.7/site-packages/airflow/example_dags/example_latest_only_with_trigger.py
[2023-03-18T00:06:01.510+0000] {processor.py:753} INFO - DAG(s) dict_keys(['latest_only_with_trigger']) retrieved from /home/airflow/.local/lib/python3.7/site-packages/airflow/example_dags/example_latest_only_with_trigger.py
[2023-03-18T00:06:01.564+0000] {logging_mixin.py:137} INFO - [2023-03-18T00:06:01.564+0000] {dag.py:2690} INFO - Sync 1 DAGs
[2023-03-18T00:06:01.619+0000] {logging_mixin.py:137} INFO - [2023-03-18T00:06:01.619+0000] {dag.py:3441} INFO - Setting next_dagrun for latest_only_with_trigger to 2023-03-17T20:06:01.619276+00:00, run_after=2023-03-18T00:06:01.619276+00:00
[2023-03-18T00:06:01.661+0000] {processor.py:175} INFO - Processing /home/airflow/.local/lib/python3.7/site-packages/airflow/example_dags/example_latest_only_with_trigger.py took 0.193 seconds
[2023-03-18T00:06:32.298+0000] {processor.py:153} INFO - Started process (PID=9137) to work on /home/airflow/.local/lib/python3.7/site-packages/airflow/example_dags/example_latest_only_with_trigger.py
[2023-03-18T00:06:32.300+0000] {processor.py:743} INFO - Processing file /home/airflow/.local/lib/python3.7/site-packages/airflow/example_dags/example_latest_only_with_trigger.py for tasks to queue
[2023-03-18T00:06:32.301+0000] {logging_mixin.py:137} INFO - [2023-03-18T00:06:32.301+0000] {dagbag.py:538} INFO - Filling up the DagBag from /home/airflow/.local/lib/python3.7/site-packages/airflow/example_dags/example_latest_only_with_trigger.py
[2023-03-18T00:06:32.320+0000] {processor.py:753} INFO - DAG(s) dict_keys(['latest_only_with_trigger']) retrieved from /home/airflow/.local/lib/python3.7/site-packages/airflow/example_dags/example_latest_only_with_trigger.py
[2023-03-18T00:06:32.359+0000] {logging_mixin.py:137} INFO - [2023-03-18T00:06:32.358+0000] {dag.py:2690} INFO - Sync 1 DAGs
[2023-03-18T00:06:32.401+0000] {logging_mixin.py:137} INFO - [2023-03-18T00:06:32.401+0000] {dag.py:3441} INFO - Setting next_dagrun for latest_only_with_trigger to 2023-03-17T20:06:32.400752+00:00, run_after=2023-03-18T00:06:32.400752+00:00
[2023-03-18T00:06:32.448+0000] {processor.py:175} INFO - Processing /home/airflow/.local/lib/python3.7/site-packages/airflow/example_dags/example_latest_only_with_trigger.py took 0.153 seconds
[2023-03-18T00:07:03.133+0000] {processor.py:153} INFO - Started process (PID=9228) to work on /home/airflow/.local/lib/python3.7/site-packages/airflow/example_dags/example_latest_only_with_trigger.py
[2023-03-18T00:07:03.135+0000] {processor.py:743} INFO - Processing file /home/airflow/.local/lib/python3.7/site-packages/airflow/example_dags/example_latest_only_with_trigger.py for tasks to queue
[2023-03-18T00:07:03.137+0000] {logging_mixin.py:137} INFO - [2023-03-18T00:07:03.136+0000] {dagbag.py:538} INFO - Filling up the DagBag from /home/airflow/.local/lib/python3.7/site-packages/airflow/example_dags/example_latest_only_with_trigger.py
[2023-03-18T00:07:03.156+0000] {processor.py:753} INFO - DAG(s) dict_keys(['latest_only_with_trigger']) retrieved from /home/airflow/.local/lib/python3.7/site-packages/airflow/example_dags/example_latest_only_with_trigger.py
[2023-03-18T00:07:03.239+0000] {logging_mixin.py:137} INFO - [2023-03-18T00:07:03.239+0000] {dag.py:2690} INFO - Sync 1 DAGs
[2023-03-18T00:07:03.304+0000] {logging_mixin.py:137} INFO - [2023-03-18T00:07:03.304+0000] {dag.py:3441} INFO - Setting next_dagrun for latest_only_with_trigger to 2023-03-17T20:07:03.303195+00:00, run_after=2023-03-18T00:07:03.303195+00:00
[2023-03-18T00:07:03.352+0000] {processor.py:175} INFO - Processing /home/airflow/.local/lib/python3.7/site-packages/airflow/example_dags/example_latest_only_with_trigger.py took 0.224 seconds
[2023-03-18T00:07:33.844+0000] {processor.py:153} INFO - Started process (PID=9312) to work on /home/airflow/.local/lib/python3.7/site-packages/airflow/example_dags/example_latest_only_with_trigger.py
[2023-03-18T00:07:33.846+0000] {processor.py:743} INFO - Processing file /home/airflow/.local/lib/python3.7/site-packages/airflow/example_dags/example_latest_only_with_trigger.py for tasks to queue
[2023-03-18T00:07:33.847+0000] {logging_mixin.py:137} INFO - [2023-03-18T00:07:33.847+0000] {dagbag.py:538} INFO - Filling up the DagBag from /home/airflow/.local/lib/python3.7/site-packages/airflow/example_dags/example_latest_only_with_trigger.py
[2023-03-18T00:07:33.875+0000] {processor.py:753} INFO - DAG(s) dict_keys(['latest_only_with_trigger']) retrieved from /home/airflow/.local/lib/python3.7/site-packages/airflow/example_dags/example_latest_only_with_trigger.py
[2023-03-18T00:07:34.010+0000] {logging_mixin.py:137} INFO - [2023-03-18T00:07:34.009+0000] {dag.py:2690} INFO - Sync 1 DAGs
[2023-03-18T00:07:34.072+0000] {logging_mixin.py:137} INFO - [2023-03-18T00:07:34.072+0000] {dag.py:3441} INFO - Setting next_dagrun for latest_only_with_trigger to 2023-03-17T20:07:34.072264+00:00, run_after=2023-03-18T00:07:34.072264+00:00
[2023-03-18T00:07:34.104+0000] {processor.py:175} INFO - Processing /home/airflow/.local/lib/python3.7/site-packages/airflow/example_dags/example_latest_only_with_trigger.py took 0.266 seconds
[2023-03-18T00:08:04.766+0000] {processor.py:153} INFO - Started process (PID=9405) to work on /home/airflow/.local/lib/python3.7/site-packages/airflow/example_dags/example_latest_only_with_trigger.py
[2023-03-18T00:08:04.768+0000] {processor.py:743} INFO - Processing file /home/airflow/.local/lib/python3.7/site-packages/airflow/example_dags/example_latest_only_with_trigger.py for tasks to queue
[2023-03-18T00:08:04.769+0000] {logging_mixin.py:137} INFO - [2023-03-18T00:08:04.769+0000] {dagbag.py:538} INFO - Filling up the DagBag from /home/airflow/.local/lib/python3.7/site-packages/airflow/example_dags/example_latest_only_with_trigger.py
[2023-03-18T00:08:04.792+0000] {processor.py:753} INFO - DAG(s) dict_keys(['latest_only_with_trigger']) retrieved from /home/airflow/.local/lib/python3.7/site-packages/airflow/example_dags/example_latest_only_with_trigger.py
[2023-03-18T00:08:04.831+0000] {logging_mixin.py:137} INFO - [2023-03-18T00:08:04.831+0000] {dag.py:2690} INFO - Sync 1 DAGs
[2023-03-18T00:08:04.865+0000] {logging_mixin.py:137} INFO - [2023-03-18T00:08:04.865+0000] {dag.py:3441} INFO - Setting next_dagrun for latest_only_with_trigger to 2023-03-17T20:08:04.864732+00:00, run_after=2023-03-18T00:08:04.864732+00:00
[2023-03-18T00:08:04.890+0000] {processor.py:175} INFO - Processing /home/airflow/.local/lib/python3.7/site-packages/airflow/example_dags/example_latest_only_with_trigger.py took 0.128 seconds
[2023-03-18T00:08:35.368+0000] {processor.py:153} INFO - Started process (PID=9487) to work on /home/airflow/.local/lib/python3.7/site-packages/airflow/example_dags/example_latest_only_with_trigger.py
[2023-03-18T00:08:35.370+0000] {processor.py:743} INFO - Processing file /home/airflow/.local/lib/python3.7/site-packages/airflow/example_dags/example_latest_only_with_trigger.py for tasks to queue
[2023-03-18T00:08:35.372+0000] {logging_mixin.py:137} INFO - [2023-03-18T00:08:35.371+0000] {dagbag.py:538} INFO - Filling up the DagBag from /home/airflow/.local/lib/python3.7/site-packages/airflow/example_dags/example_latest_only_with_trigger.py
[2023-03-18T00:08:35.396+0000] {processor.py:753} INFO - DAG(s) dict_keys(['latest_only_with_trigger']) retrieved from /home/airflow/.local/lib/python3.7/site-packages/airflow/example_dags/example_latest_only_with_trigger.py
[2023-03-18T00:08:35.437+0000] {logging_mixin.py:137} INFO - [2023-03-18T00:08:35.436+0000] {dag.py:2690} INFO - Sync 1 DAGs
[2023-03-18T00:08:35.469+0000] {logging_mixin.py:137} INFO - [2023-03-18T00:08:35.469+0000] {dag.py:3441} INFO - Setting next_dagrun for latest_only_with_trigger to 2023-03-17T20:08:35.469213+00:00, run_after=2023-03-18T00:08:35.469213+00:00
[2023-03-18T00:08:35.494+0000] {processor.py:175} INFO - Processing /home/airflow/.local/lib/python3.7/site-packages/airflow/example_dags/example_latest_only_with_trigger.py took 0.131 seconds
[2023-03-18T00:09:06.283+0000] {processor.py:153} INFO - Started process (PID=9569) to work on /home/airflow/.local/lib/python3.7/site-packages/airflow/example_dags/example_latest_only_with_trigger.py
[2023-03-18T00:09:06.284+0000] {processor.py:743} INFO - Processing file /home/airflow/.local/lib/python3.7/site-packages/airflow/example_dags/example_latest_only_with_trigger.py for tasks to queue
[2023-03-18T00:09:06.285+0000] {logging_mixin.py:137} INFO - [2023-03-18T00:09:06.285+0000] {dagbag.py:538} INFO - Filling up the DagBag from /home/airflow/.local/lib/python3.7/site-packages/airflow/example_dags/example_latest_only_with_trigger.py
[2023-03-18T00:09:06.302+0000] {processor.py:753} INFO - DAG(s) dict_keys(['latest_only_with_trigger']) retrieved from /home/airflow/.local/lib/python3.7/site-packages/airflow/example_dags/example_latest_only_with_trigger.py
[2023-03-18T00:09:06.332+0000] {logging_mixin.py:137} INFO - [2023-03-18T00:09:06.332+0000] {dag.py:2690} INFO - Sync 1 DAGs
[2023-03-18T00:09:06.361+0000] {logging_mixin.py:137} INFO - [2023-03-18T00:09:06.361+0000] {dag.py:3441} INFO - Setting next_dagrun for latest_only_with_trigger to 2023-03-17T20:09:06.361249+00:00, run_after=2023-03-18T00:09:06.361249+00:00
[2023-03-18T00:09:06.385+0000] {processor.py:175} INFO - Processing /home/airflow/.local/lib/python3.7/site-packages/airflow/example_dags/example_latest_only_with_trigger.py took 0.107 seconds
[2023-03-18T00:09:37.984+0000] {processor.py:153} INFO - Started process (PID=9671) to work on /home/airflow/.local/lib/python3.7/site-packages/airflow/example_dags/example_latest_only_with_trigger.py
[2023-03-18T00:09:37.987+0000] {processor.py:743} INFO - Processing file /home/airflow/.local/lib/python3.7/site-packages/airflow/example_dags/example_latest_only_with_trigger.py for tasks to queue
[2023-03-18T00:09:37.989+0000] {logging_mixin.py:137} INFO - [2023-03-18T00:09:37.989+0000] {dagbag.py:538} INFO - Filling up the DagBag from /home/airflow/.local/lib/python3.7/site-packages/airflow/example_dags/example_latest_only_with_trigger.py
[2023-03-18T00:09:38.014+0000] {processor.py:753} INFO - DAG(s) dict_keys(['latest_only_with_trigger']) retrieved from /home/airflow/.local/lib/python3.7/site-packages/airflow/example_dags/example_latest_only_with_trigger.py
[2023-03-18T00:09:38.064+0000] {logging_mixin.py:137} INFO - [2023-03-18T00:09:38.064+0000] {dag.py:2690} INFO - Sync 1 DAGs
[2023-03-18T00:09:38.131+0000] {logging_mixin.py:137} INFO - [2023-03-18T00:09:38.130+0000] {dag.py:3441} INFO - Setting next_dagrun for latest_only_with_trigger to 2023-03-17T20:09:38.129830+00:00, run_after=2023-03-18T00:09:38.129830+00:00
[2023-03-18T00:09:38.189+0000] {processor.py:175} INFO - Processing /home/airflow/.local/lib/python3.7/site-packages/airflow/example_dags/example_latest_only_with_trigger.py took 0.212 seconds
[2023-03-18T00:10:08.907+0000] {processor.py:153} INFO - Started process (PID=9753) to work on /home/airflow/.local/lib/python3.7/site-packages/airflow/example_dags/example_latest_only_with_trigger.py
[2023-03-18T00:10:08.909+0000] {processor.py:743} INFO - Processing file /home/airflow/.local/lib/python3.7/site-packages/airflow/example_dags/example_latest_only_with_trigger.py for tasks to queue
[2023-03-18T00:10:08.911+0000] {logging_mixin.py:137} INFO - [2023-03-18T00:10:08.911+0000] {dagbag.py:538} INFO - Filling up the DagBag from /home/airflow/.local/lib/python3.7/site-packages/airflow/example_dags/example_latest_only_with_trigger.py
[2023-03-18T00:10:08.940+0000] {processor.py:753} INFO - DAG(s) dict_keys(['latest_only_with_trigger']) retrieved from /home/airflow/.local/lib/python3.7/site-packages/airflow/example_dags/example_latest_only_with_trigger.py
[2023-03-18T00:10:09.012+0000] {logging_mixin.py:137} INFO - [2023-03-18T00:10:09.011+0000] {dag.py:2690} INFO - Sync 1 DAGs
[2023-03-18T00:10:09.103+0000] {logging_mixin.py:137} INFO - [2023-03-18T00:10:09.103+0000] {dag.py:3441} INFO - Setting next_dagrun for latest_only_with_trigger to 2023-03-17T20:10:09.102726+00:00, run_after=2023-03-18T00:10:09.102726+00:00
[2023-03-18T00:10:09.155+0000] {processor.py:175} INFO - Processing /home/airflow/.local/lib/python3.7/site-packages/airflow/example_dags/example_latest_only_with_trigger.py took 0.255 seconds
[2023-03-18T00:10:39.771+0000] {processor.py:153} INFO - Started process (PID=9835) to work on /home/airflow/.local/lib/python3.7/site-packages/airflow/example_dags/example_latest_only_with_trigger.py
[2023-03-18T00:10:39.773+0000] {processor.py:743} INFO - Processing file /home/airflow/.local/lib/python3.7/site-packages/airflow/example_dags/example_latest_only_with_trigger.py for tasks to queue
[2023-03-18T00:10:39.774+0000] {logging_mixin.py:137} INFO - [2023-03-18T00:10:39.773+0000] {dagbag.py:538} INFO - Filling up the DagBag from /home/airflow/.local/lib/python3.7/site-packages/airflow/example_dags/example_latest_only_with_trigger.py
[2023-03-18T00:10:39.790+0000] {processor.py:753} INFO - DAG(s) dict_keys(['latest_only_with_trigger']) retrieved from /home/airflow/.local/lib/python3.7/site-packages/airflow/example_dags/example_latest_only_with_trigger.py
[2023-03-18T00:10:39.818+0000] {logging_mixin.py:137} INFO - [2023-03-18T00:10:39.818+0000] {dag.py:2690} INFO - Sync 1 DAGs
[2023-03-18T00:10:39.850+0000] {logging_mixin.py:137} INFO - [2023-03-18T00:10:39.850+0000] {dag.py:3441} INFO - Setting next_dagrun for latest_only_with_trigger to 2023-03-17T20:10:39.850290+00:00, run_after=2023-03-18T00:10:39.850290+00:00
[2023-03-18T00:10:39.882+0000] {processor.py:175} INFO - Processing /home/airflow/.local/lib/python3.7/site-packages/airflow/example_dags/example_latest_only_with_trigger.py took 0.114 seconds
[2023-03-18T00:11:10.903+0000] {processor.py:153} INFO - Started process (PID=9917) to work on /home/airflow/.local/lib/python3.7/site-packages/airflow/example_dags/example_latest_only_with_trigger.py
[2023-03-18T00:11:10.905+0000] {processor.py:743} INFO - Processing file /home/airflow/.local/lib/python3.7/site-packages/airflow/example_dags/example_latest_only_with_trigger.py for tasks to queue
[2023-03-18T00:11:10.906+0000] {logging_mixin.py:137} INFO - [2023-03-18T00:11:10.906+0000] {dagbag.py:538} INFO - Filling up the DagBag from /home/airflow/.local/lib/python3.7/site-packages/airflow/example_dags/example_latest_only_with_trigger.py
[2023-03-18T00:11:10.925+0000] {processor.py:753} INFO - DAG(s) dict_keys(['latest_only_with_trigger']) retrieved from /home/airflow/.local/lib/python3.7/site-packages/airflow/example_dags/example_latest_only_with_trigger.py
[2023-03-18T00:11:10.963+0000] {logging_mixin.py:137} INFO - [2023-03-18T00:11:10.963+0000] {dag.py:2690} INFO - Sync 1 DAGs
[2023-03-18T00:11:11.053+0000] {logging_mixin.py:137} INFO - [2023-03-18T00:11:11.053+0000] {dag.py:3441} INFO - Setting next_dagrun for latest_only_with_trigger to 2023-03-17T20:11:11.052168+00:00, run_after=2023-03-18T00:11:11.052168+00:00
[2023-03-18T00:11:11.140+0000] {processor.py:175} INFO - Processing /home/airflow/.local/lib/python3.7/site-packages/airflow/example_dags/example_latest_only_with_trigger.py took 0.242 seconds
[2023-03-18T00:11:42.091+0000] {processor.py:153} INFO - Started process (PID=10008) to work on /home/airflow/.local/lib/python3.7/site-packages/airflow/example_dags/example_latest_only_with_trigger.py
[2023-03-18T00:11:42.093+0000] {processor.py:743} INFO - Processing file /home/airflow/.local/lib/python3.7/site-packages/airflow/example_dags/example_latest_only_with_trigger.py for tasks to queue
[2023-03-18T00:11:42.094+0000] {logging_mixin.py:137} INFO - [2023-03-18T00:11:42.094+0000] {dagbag.py:538} INFO - Filling up the DagBag from /home/airflow/.local/lib/python3.7/site-packages/airflow/example_dags/example_latest_only_with_trigger.py
[2023-03-18T00:11:42.131+0000] {processor.py:753} INFO - DAG(s) dict_keys(['latest_only_with_trigger']) retrieved from /home/airflow/.local/lib/python3.7/site-packages/airflow/example_dags/example_latest_only_with_trigger.py
[2023-03-18T00:11:42.167+0000] {logging_mixin.py:137} INFO - [2023-03-18T00:11:42.166+0000] {dag.py:2690} INFO - Sync 1 DAGs
[2023-03-18T00:11:42.238+0000] {logging_mixin.py:137} INFO - [2023-03-18T00:11:42.237+0000] {dag.py:3441} INFO - Setting next_dagrun for latest_only_with_trigger to 2023-03-17T20:11:42.236713+00:00, run_after=2023-03-18T00:11:42.236713+00:00
[2023-03-18T00:11:42.293+0000] {processor.py:175} INFO - Processing /home/airflow/.local/lib/python3.7/site-packages/airflow/example_dags/example_latest_only_with_trigger.py took 0.207 seconds
[2023-03-18T00:12:13.194+0000] {processor.py:153} INFO - Started process (PID=10102) to work on /home/airflow/.local/lib/python3.7/site-packages/airflow/example_dags/example_latest_only_with_trigger.py
[2023-03-18T00:12:13.196+0000] {processor.py:743} INFO - Processing file /home/airflow/.local/lib/python3.7/site-packages/airflow/example_dags/example_latest_only_with_trigger.py for tasks to queue
[2023-03-18T00:12:13.199+0000] {logging_mixin.py:137} INFO - [2023-03-18T00:12:13.199+0000] {dagbag.py:538} INFO - Filling up the DagBag from /home/airflow/.local/lib/python3.7/site-packages/airflow/example_dags/example_latest_only_with_trigger.py
[2023-03-18T00:12:13.250+0000] {processor.py:753} INFO - DAG(s) dict_keys(['latest_only_with_trigger']) retrieved from /home/airflow/.local/lib/python3.7/site-packages/airflow/example_dags/example_latest_only_with_trigger.py
[2023-03-18T00:12:13.309+0000] {logging_mixin.py:137} INFO - [2023-03-18T00:12:13.309+0000] {dag.py:2690} INFO - Sync 1 DAGs
[2023-03-18T00:12:13.375+0000] {logging_mixin.py:137} INFO - [2023-03-18T00:12:13.375+0000] {dag.py:3441} INFO - Setting next_dagrun for latest_only_with_trigger to 2023-03-17T20:12:13.374878+00:00, run_after=2023-03-18T00:12:13.374878+00:00
[2023-03-18T00:12:13.422+0000] {processor.py:175} INFO - Processing /home/airflow/.local/lib/python3.7/site-packages/airflow/example_dags/example_latest_only_with_trigger.py took 0.234 seconds
[2023-03-18T00:12:43.806+0000] {processor.py:153} INFO - Started process (PID=10184) to work on /home/airflow/.local/lib/python3.7/site-packages/airflow/example_dags/example_latest_only_with_trigger.py
[2023-03-18T00:12:43.807+0000] {processor.py:743} INFO - Processing file /home/airflow/.local/lib/python3.7/site-packages/airflow/example_dags/example_latest_only_with_trigger.py for tasks to queue
[2023-03-18T00:12:43.808+0000] {logging_mixin.py:137} INFO - [2023-03-18T00:12:43.808+0000] {dagbag.py:538} INFO - Filling up the DagBag from /home/airflow/.local/lib/python3.7/site-packages/airflow/example_dags/example_latest_only_with_trigger.py
[2023-03-18T00:12:43.824+0000] {processor.py:753} INFO - DAG(s) dict_keys(['latest_only_with_trigger']) retrieved from /home/airflow/.local/lib/python3.7/site-packages/airflow/example_dags/example_latest_only_with_trigger.py
[2023-03-18T00:12:43.857+0000] {logging_mixin.py:137} INFO - [2023-03-18T00:12:43.857+0000] {dag.py:2690} INFO - Sync 1 DAGs
[2023-03-18T00:12:43.896+0000] {logging_mixin.py:137} INFO - [2023-03-18T00:12:43.895+0000] {dag.py:3441} INFO - Setting next_dagrun for latest_only_with_trigger to 2023-03-17T20:12:43.895634+00:00, run_after=2023-03-18T00:12:43.895634+00:00
[2023-03-18T00:12:43.930+0000] {processor.py:175} INFO - Processing /home/airflow/.local/lib/python3.7/site-packages/airflow/example_dags/example_latest_only_with_trigger.py took 0.128 seconds
[2023-03-18T00:13:14.556+0000] {processor.py:153} INFO - Started process (PID=10266) to work on /home/airflow/.local/lib/python3.7/site-packages/airflow/example_dags/example_latest_only_with_trigger.py
[2023-03-18T00:13:14.558+0000] {processor.py:743} INFO - Processing file /home/airflow/.local/lib/python3.7/site-packages/airflow/example_dags/example_latest_only_with_trigger.py for tasks to queue
[2023-03-18T00:13:14.559+0000] {logging_mixin.py:137} INFO - [2023-03-18T00:13:14.559+0000] {dagbag.py:538} INFO - Filling up the DagBag from /home/airflow/.local/lib/python3.7/site-packages/airflow/example_dags/example_latest_only_with_trigger.py
[2023-03-18T00:13:14.574+0000] {processor.py:753} INFO - DAG(s) dict_keys(['latest_only_with_trigger']) retrieved from /home/airflow/.local/lib/python3.7/site-packages/airflow/example_dags/example_latest_only_with_trigger.py
[2023-03-18T00:13:14.601+0000] {logging_mixin.py:137} INFO - [2023-03-18T00:13:14.601+0000] {dag.py:2690} INFO - Sync 1 DAGs
[2023-03-18T00:13:14.629+0000] {logging_mixin.py:137} INFO - [2023-03-18T00:13:14.629+0000] {dag.py:3441} INFO - Setting next_dagrun for latest_only_with_trigger to 2023-03-17T20:13:14.628873+00:00, run_after=2023-03-18T00:13:14.628873+00:00
[2023-03-18T00:13:14.653+0000] {processor.py:175} INFO - Processing /home/airflow/.local/lib/python3.7/site-packages/airflow/example_dags/example_latest_only_with_trigger.py took 0.101 seconds
[2023-03-18T00:13:45.016+0000] {processor.py:153} INFO - Started process (PID=10357) to work on /home/airflow/.local/lib/python3.7/site-packages/airflow/example_dags/example_latest_only_with_trigger.py
[2023-03-18T00:13:45.018+0000] {processor.py:743} INFO - Processing file /home/airflow/.local/lib/python3.7/site-packages/airflow/example_dags/example_latest_only_with_trigger.py for tasks to queue
[2023-03-18T00:13:45.019+0000] {logging_mixin.py:137} INFO - [2023-03-18T00:13:45.019+0000] {dagbag.py:538} INFO - Filling up the DagBag from /home/airflow/.local/lib/python3.7/site-packages/airflow/example_dags/example_latest_only_with_trigger.py
[2023-03-18T00:13:45.036+0000] {processor.py:753} INFO - DAG(s) dict_keys(['latest_only_with_trigger']) retrieved from /home/airflow/.local/lib/python3.7/site-packages/airflow/example_dags/example_latest_only_with_trigger.py
[2023-03-18T00:13:45.114+0000] {logging_mixin.py:137} INFO - [2023-03-18T00:13:45.114+0000] {dag.py:2690} INFO - Sync 1 DAGs
[2023-03-18T00:13:45.200+0000] {logging_mixin.py:137} INFO - [2023-03-18T00:13:45.200+0000] {dag.py:3441} INFO - Setting next_dagrun for latest_only_with_trigger to 2023-03-17T20:13:45.200227+00:00, run_after=2023-03-18T00:13:45.200227+00:00
[2023-03-18T00:13:45.237+0000] {processor.py:175} INFO - Processing /home/airflow/.local/lib/python3.7/site-packages/airflow/example_dags/example_latest_only_with_trigger.py took 0.224 seconds
[2023-03-18T00:14:15.744+0000] {processor.py:153} INFO - Started process (PID=10450) to work on /home/airflow/.local/lib/python3.7/site-packages/airflow/example_dags/example_latest_only_with_trigger.py
[2023-03-18T00:14:15.745+0000] {processor.py:743} INFO - Processing file /home/airflow/.local/lib/python3.7/site-packages/airflow/example_dags/example_latest_only_with_trigger.py for tasks to queue
[2023-03-18T00:14:15.747+0000] {logging_mixin.py:137} INFO - [2023-03-18T00:14:15.747+0000] {dagbag.py:538} INFO - Filling up the DagBag from /home/airflow/.local/lib/python3.7/site-packages/airflow/example_dags/example_latest_only_with_trigger.py
[2023-03-18T00:14:15.769+0000] {processor.py:753} INFO - DAG(s) dict_keys(['latest_only_with_trigger']) retrieved from /home/airflow/.local/lib/python3.7/site-packages/airflow/example_dags/example_latest_only_with_trigger.py
[2023-03-18T00:14:15.804+0000] {logging_mixin.py:137} INFO - [2023-03-18T00:14:15.803+0000] {dag.py:2690} INFO - Sync 1 DAGs
[2023-03-18T00:14:15.843+0000] {logging_mixin.py:137} INFO - [2023-03-18T00:14:15.843+0000] {dag.py:3441} INFO - Setting next_dagrun for latest_only_with_trigger to 2023-03-17T20:14:15.842911+00:00, run_after=2023-03-18T00:14:15.842911+00:00
[2023-03-18T00:14:15.870+0000] {processor.py:175} INFO - Processing /home/airflow/.local/lib/python3.7/site-packages/airflow/example_dags/example_latest_only_with_trigger.py took 0.130 seconds
[2023-03-18T00:14:46.325+0000] {processor.py:153} INFO - Started process (PID=10532) to work on /home/airflow/.local/lib/python3.7/site-packages/airflow/example_dags/example_latest_only_with_trigger.py
[2023-03-18T00:14:46.326+0000] {processor.py:743} INFO - Processing file /home/airflow/.local/lib/python3.7/site-packages/airflow/example_dags/example_latest_only_with_trigger.py for tasks to queue
[2023-03-18T00:14:46.327+0000] {logging_mixin.py:137} INFO - [2023-03-18T00:14:46.327+0000] {dagbag.py:538} INFO - Filling up the DagBag from /home/airflow/.local/lib/python3.7/site-packages/airflow/example_dags/example_latest_only_with_trigger.py
[2023-03-18T00:14:46.344+0000] {processor.py:753} INFO - DAG(s) dict_keys(['latest_only_with_trigger']) retrieved from /home/airflow/.local/lib/python3.7/site-packages/airflow/example_dags/example_latest_only_with_trigger.py
[2023-03-18T00:14:46.372+0000] {logging_mixin.py:137} INFO - [2023-03-18T00:14:46.371+0000] {dag.py:2690} INFO - Sync 1 DAGs
[2023-03-18T00:14:46.407+0000] {logging_mixin.py:137} INFO - [2023-03-18T00:14:46.406+0000] {dag.py:3441} INFO - Setting next_dagrun for latest_only_with_trigger to 2023-03-17T20:14:46.406379+00:00, run_after=2023-03-18T00:14:46.406379+00:00
[2023-03-18T00:14:46.461+0000] {processor.py:175} INFO - Processing /home/airflow/.local/lib/python3.7/site-packages/airflow/example_dags/example_latest_only_with_trigger.py took 0.141 seconds
[2023-03-18T00:15:17.173+0000] {processor.py:153} INFO - Started process (PID=10614) to work on /home/airflow/.local/lib/python3.7/site-packages/airflow/example_dags/example_latest_only_with_trigger.py
[2023-03-18T00:15:17.174+0000] {processor.py:743} INFO - Processing file /home/airflow/.local/lib/python3.7/site-packages/airflow/example_dags/example_latest_only_with_trigger.py for tasks to queue
[2023-03-18T00:15:17.176+0000] {logging_mixin.py:137} INFO - [2023-03-18T00:15:17.175+0000] {dagbag.py:538} INFO - Filling up the DagBag from /home/airflow/.local/lib/python3.7/site-packages/airflow/example_dags/example_latest_only_with_trigger.py
[2023-03-18T00:15:17.192+0000] {processor.py:753} INFO - DAG(s) dict_keys(['latest_only_with_trigger']) retrieved from /home/airflow/.local/lib/python3.7/site-packages/airflow/example_dags/example_latest_only_with_trigger.py
[2023-03-18T00:15:17.223+0000] {logging_mixin.py:137} INFO - [2023-03-18T00:15:17.222+0000] {dag.py:2690} INFO - Sync 1 DAGs
[2023-03-18T00:15:17.256+0000] {logging_mixin.py:137} INFO - [2023-03-18T00:15:17.256+0000] {dag.py:3441} INFO - Setting next_dagrun for latest_only_with_trigger to 2023-03-17T20:15:17.256063+00:00, run_after=2023-03-18T00:15:17.256063+00:00
[2023-03-18T00:15:17.281+0000] {processor.py:175} INFO - Processing /home/airflow/.local/lib/python3.7/site-packages/airflow/example_dags/example_latest_only_with_trigger.py took 0.112 seconds
[2023-03-18T00:15:47.958+0000] {processor.py:153} INFO - Started process (PID=10696) to work on /home/airflow/.local/lib/python3.7/site-packages/airflow/example_dags/example_latest_only_with_trigger.py
[2023-03-18T00:15:47.959+0000] {processor.py:743} INFO - Processing file /home/airflow/.local/lib/python3.7/site-packages/airflow/example_dags/example_latest_only_with_trigger.py for tasks to queue
[2023-03-18T00:15:47.960+0000] {logging_mixin.py:137} INFO - [2023-03-18T00:15:47.960+0000] {dagbag.py:538} INFO - Filling up the DagBag from /home/airflow/.local/lib/python3.7/site-packages/airflow/example_dags/example_latest_only_with_trigger.py
[2023-03-18T00:15:47.976+0000] {processor.py:753} INFO - DAG(s) dict_keys(['latest_only_with_trigger']) retrieved from /home/airflow/.local/lib/python3.7/site-packages/airflow/example_dags/example_latest_only_with_trigger.py
[2023-03-18T00:15:48.005+0000] {logging_mixin.py:137} INFO - [2023-03-18T00:15:48.005+0000] {dag.py:2690} INFO - Sync 1 DAGs
[2023-03-18T00:15:48.035+0000] {logging_mixin.py:137} INFO - [2023-03-18T00:15:48.035+0000] {dag.py:3441} INFO - Setting next_dagrun for latest_only_with_trigger to 2023-03-17T20:15:48.034972+00:00, run_after=2023-03-18T00:15:48.034972+00:00
[2023-03-18T00:15:48.065+0000] {processor.py:175} INFO - Processing /home/airflow/.local/lib/python3.7/site-packages/airflow/example_dags/example_latest_only_with_trigger.py took 0.111 seconds
