[2023-03-18T00:00:13.804+0000] {processor.py:153} INFO - Started process (PID=8097) to work on /home/airflow/.local/lib/python3.7/site-packages/airflow/example_dags/example_latest_only.py
[2023-03-18T00:00:13.805+0000] {processor.py:743} INFO - Processing file /home/airflow/.local/lib/python3.7/site-packages/airflow/example_dags/example_latest_only.py for tasks to queue
[2023-03-18T00:00:13.807+0000] {logging_mixin.py:137} INFO - [2023-03-18T00:00:13.807+0000] {dagbag.py:538} INFO - Filling up the DagBag from /home/airflow/.local/lib/python3.7/site-packages/airflow/example_dags/example_latest_only.py
[2023-03-18T00:00:13.824+0000] {processor.py:753} INFO - DAG(s) dict_keys(['latest_only']) retrieved from /home/airflow/.local/lib/python3.7/site-packages/airflow/example_dags/example_latest_only.py
[2023-03-18T00:00:13.850+0000] {logging_mixin.py:137} INFO - [2023-03-18T00:00:13.850+0000] {dag.py:2690} INFO - Sync 1 DAGs
[2023-03-18T00:00:13.881+0000] {logging_mixin.py:137} INFO - [2023-03-18T00:00:13.881+0000] {dag.py:3441} INFO - Setting next_dagrun for latest_only to 2023-03-17T20:00:13.881031+00:00, run_after=2023-03-18T00:00:13.881031+00:00
[2023-03-18T00:00:13.905+0000] {processor.py:175} INFO - Processing /home/airflow/.local/lib/python3.7/site-packages/airflow/example_dags/example_latest_only.py took 0.106 seconds
[2023-03-18T00:00:44.875+0000] {processor.py:153} INFO - Started process (PID=8179) to work on /home/airflow/.local/lib/python3.7/site-packages/airflow/example_dags/example_latest_only.py
[2023-03-18T00:00:44.876+0000] {processor.py:743} INFO - Processing file /home/airflow/.local/lib/python3.7/site-packages/airflow/example_dags/example_latest_only.py for tasks to queue
[2023-03-18T00:00:44.877+0000] {logging_mixin.py:137} INFO - [2023-03-18T00:00:44.877+0000] {dagbag.py:538} INFO - Filling up the DagBag from /home/airflow/.local/lib/python3.7/site-packages/airflow/example_dags/example_latest_only.py
[2023-03-18T00:00:44.893+0000] {processor.py:753} INFO - DAG(s) dict_keys(['latest_only']) retrieved from /home/airflow/.local/lib/python3.7/site-packages/airflow/example_dags/example_latest_only.py
[2023-03-18T00:00:44.920+0000] {logging_mixin.py:137} INFO - [2023-03-18T00:00:44.920+0000] {dag.py:2690} INFO - Sync 1 DAGs
[2023-03-18T00:00:44.945+0000] {logging_mixin.py:137} INFO - [2023-03-18T00:00:44.944+0000] {dag.py:3441} INFO - Setting next_dagrun for latest_only to 2023-03-17T20:00:44.944795+00:00, run_after=2023-03-18T00:00:44.944795+00:00
[2023-03-18T00:00:44.963+0000] {processor.py:175} INFO - Processing /home/airflow/.local/lib/python3.7/site-packages/airflow/example_dags/example_latest_only.py took 0.092 seconds
[2023-03-18T00:01:15.650+0000] {processor.py:153} INFO - Started process (PID=8261) to work on /home/airflow/.local/lib/python3.7/site-packages/airflow/example_dags/example_latest_only.py
[2023-03-18T00:01:15.653+0000] {processor.py:743} INFO - Processing file /home/airflow/.local/lib/python3.7/site-packages/airflow/example_dags/example_latest_only.py for tasks to queue
[2023-03-18T00:01:15.655+0000] {logging_mixin.py:137} INFO - [2023-03-18T00:01:15.655+0000] {dagbag.py:538} INFO - Filling up the DagBag from /home/airflow/.local/lib/python3.7/site-packages/airflow/example_dags/example_latest_only.py
[2023-03-18T00:01:15.687+0000] {processor.py:753} INFO - DAG(s) dict_keys(['latest_only']) retrieved from /home/airflow/.local/lib/python3.7/site-packages/airflow/example_dags/example_latest_only.py
[2023-03-18T00:01:15.755+0000] {logging_mixin.py:137} INFO - [2023-03-18T00:01:15.754+0000] {dag.py:2690} INFO - Sync 1 DAGs
[2023-03-18T00:01:15.807+0000] {logging_mixin.py:137} INFO - [2023-03-18T00:01:15.807+0000] {dag.py:3441} INFO - Setting next_dagrun for latest_only to 2023-03-17T20:01:15.806606+00:00, run_after=2023-03-18T00:01:15.806606+00:00
[2023-03-18T00:01:15.853+0000] {processor.py:175} INFO - Processing /home/airflow/.local/lib/python3.7/site-packages/airflow/example_dags/example_latest_only.py took 0.211 seconds
[2023-03-18T00:01:46.112+0000] {processor.py:153} INFO - Started process (PID=8343) to work on /home/airflow/.local/lib/python3.7/site-packages/airflow/example_dags/example_latest_only.py
[2023-03-18T00:01:46.114+0000] {processor.py:743} INFO - Processing file /home/airflow/.local/lib/python3.7/site-packages/airflow/example_dags/example_latest_only.py for tasks to queue
[2023-03-18T00:01:46.117+0000] {logging_mixin.py:137} INFO - [2023-03-18T00:01:46.116+0000] {dagbag.py:538} INFO - Filling up the DagBag from /home/airflow/.local/lib/python3.7/site-packages/airflow/example_dags/example_latest_only.py
[2023-03-18T00:01:46.148+0000] {processor.py:753} INFO - DAG(s) dict_keys(['latest_only']) retrieved from /home/airflow/.local/lib/python3.7/site-packages/airflow/example_dags/example_latest_only.py
[2023-03-18T00:01:46.204+0000] {logging_mixin.py:137} INFO - [2023-03-18T00:01:46.204+0000] {dag.py:2690} INFO - Sync 1 DAGs
[2023-03-18T00:01:46.255+0000] {logging_mixin.py:137} INFO - [2023-03-18T00:01:46.255+0000] {dag.py:3441} INFO - Setting next_dagrun for latest_only to 2023-03-17T20:01:46.255376+00:00, run_after=2023-03-18T00:01:46.255376+00:00
[2023-03-18T00:01:46.299+0000] {processor.py:175} INFO - Processing /home/airflow/.local/lib/python3.7/site-packages/airflow/example_dags/example_latest_only.py took 0.193 seconds
[2023-03-18T00:02:16.840+0000] {processor.py:153} INFO - Started process (PID=8425) to work on /home/airflow/.local/lib/python3.7/site-packages/airflow/example_dags/example_latest_only.py
[2023-03-18T00:02:16.842+0000] {processor.py:743} INFO - Processing file /home/airflow/.local/lib/python3.7/site-packages/airflow/example_dags/example_latest_only.py for tasks to queue
[2023-03-18T00:02:16.844+0000] {logging_mixin.py:137} INFO - [2023-03-18T00:02:16.843+0000] {dagbag.py:538} INFO - Filling up the DagBag from /home/airflow/.local/lib/python3.7/site-packages/airflow/example_dags/example_latest_only.py
[2023-03-18T00:02:16.870+0000] {processor.py:753} INFO - DAG(s) dict_keys(['latest_only']) retrieved from /home/airflow/.local/lib/python3.7/site-packages/airflow/example_dags/example_latest_only.py
[2023-03-18T00:02:16.921+0000] {logging_mixin.py:137} INFO - [2023-03-18T00:02:16.920+0000] {dag.py:2690} INFO - Sync 1 DAGs
[2023-03-18T00:02:16.982+0000] {logging_mixin.py:137} INFO - [2023-03-18T00:02:16.982+0000] {dag.py:3441} INFO - Setting next_dagrun for latest_only to 2023-03-17T20:02:16.981759+00:00, run_after=2023-03-18T00:02:16.981759+00:00
[2023-03-18T00:02:17.030+0000] {processor.py:175} INFO - Processing /home/airflow/.local/lib/python3.7/site-packages/airflow/example_dags/example_latest_only.py took 0.196 seconds
[2023-03-18T00:02:47.251+0000] {processor.py:153} INFO - Started process (PID=8507) to work on /home/airflow/.local/lib/python3.7/site-packages/airflow/example_dags/example_latest_only.py
[2023-03-18T00:02:47.254+0000] {processor.py:743} INFO - Processing file /home/airflow/.local/lib/python3.7/site-packages/airflow/example_dags/example_latest_only.py for tasks to queue
[2023-03-18T00:02:47.258+0000] {logging_mixin.py:137} INFO - [2023-03-18T00:02:47.258+0000] {dagbag.py:538} INFO - Filling up the DagBag from /home/airflow/.local/lib/python3.7/site-packages/airflow/example_dags/example_latest_only.py
[2023-03-18T00:02:47.291+0000] {processor.py:753} INFO - DAG(s) dict_keys(['latest_only']) retrieved from /home/airflow/.local/lib/python3.7/site-packages/airflow/example_dags/example_latest_only.py
[2023-03-18T00:02:47.351+0000] {logging_mixin.py:137} INFO - [2023-03-18T00:02:47.351+0000] {dag.py:2690} INFO - Sync 1 DAGs
[2023-03-18T00:02:47.398+0000] {logging_mixin.py:137} INFO - [2023-03-18T00:02:47.398+0000] {dag.py:3441} INFO - Setting next_dagrun for latest_only to 2023-03-17T20:02:47.398345+00:00, run_after=2023-03-18T00:02:47.398345+00:00
[2023-03-18T00:02:47.435+0000] {processor.py:175} INFO - Processing /home/airflow/.local/lib/python3.7/site-packages/airflow/example_dags/example_latest_only.py took 0.194 seconds
[2023-03-18T00:03:17.541+0000] {processor.py:153} INFO - Started process (PID=8589) to work on /home/airflow/.local/lib/python3.7/site-packages/airflow/example_dags/example_latest_only.py
[2023-03-18T00:03:17.542+0000] {processor.py:743} INFO - Processing file /home/airflow/.local/lib/python3.7/site-packages/airflow/example_dags/example_latest_only.py for tasks to queue
[2023-03-18T00:03:17.543+0000] {logging_mixin.py:137} INFO - [2023-03-18T00:03:17.543+0000] {dagbag.py:538} INFO - Filling up the DagBag from /home/airflow/.local/lib/python3.7/site-packages/airflow/example_dags/example_latest_only.py
[2023-03-18T00:03:17.558+0000] {processor.py:753} INFO - DAG(s) dict_keys(['latest_only']) retrieved from /home/airflow/.local/lib/python3.7/site-packages/airflow/example_dags/example_latest_only.py
[2023-03-18T00:03:17.590+0000] {logging_mixin.py:137} INFO - [2023-03-18T00:03:17.590+0000] {dag.py:2690} INFO - Sync 1 DAGs
[2023-03-18T00:03:17.623+0000] {logging_mixin.py:137} INFO - [2023-03-18T00:03:17.623+0000] {dag.py:3441} INFO - Setting next_dagrun for latest_only to 2023-03-17T20:03:17.622695+00:00, run_after=2023-03-18T00:03:17.622695+00:00
[2023-03-18T00:03:17.647+0000] {processor.py:175} INFO - Processing /home/airflow/.local/lib/python3.7/site-packages/airflow/example_dags/example_latest_only.py took 0.110 seconds
[2023-03-18T00:03:48.471+0000] {processor.py:153} INFO - Started process (PID=8671) to work on /home/airflow/.local/lib/python3.7/site-packages/airflow/example_dags/example_latest_only.py
[2023-03-18T00:03:48.473+0000] {processor.py:743} INFO - Processing file /home/airflow/.local/lib/python3.7/site-packages/airflow/example_dags/example_latest_only.py for tasks to queue
[2023-03-18T00:03:48.475+0000] {logging_mixin.py:137} INFO - [2023-03-18T00:03:48.475+0000] {dagbag.py:538} INFO - Filling up the DagBag from /home/airflow/.local/lib/python3.7/site-packages/airflow/example_dags/example_latest_only.py
[2023-03-18T00:03:48.502+0000] {processor.py:753} INFO - DAG(s) dict_keys(['latest_only']) retrieved from /home/airflow/.local/lib/python3.7/site-packages/airflow/example_dags/example_latest_only.py
[2023-03-18T00:03:48.548+0000] {logging_mixin.py:137} INFO - [2023-03-18T00:03:48.547+0000] {dag.py:2690} INFO - Sync 1 DAGs
[2023-03-18T00:03:48.593+0000] {logging_mixin.py:137} INFO - [2023-03-18T00:03:48.593+0000] {dag.py:3441} INFO - Setting next_dagrun for latest_only to 2023-03-17T20:03:48.593213+00:00, run_after=2023-03-18T00:03:48.593213+00:00
[2023-03-18T00:03:48.619+0000] {processor.py:175} INFO - Processing /home/airflow/.local/lib/python3.7/site-packages/airflow/example_dags/example_latest_only.py took 0.154 seconds
[2023-03-18T00:04:18.710+0000] {processor.py:153} INFO - Started process (PID=8753) to work on /home/airflow/.local/lib/python3.7/site-packages/airflow/example_dags/example_latest_only.py
[2023-03-18T00:04:18.711+0000] {processor.py:743} INFO - Processing file /home/airflow/.local/lib/python3.7/site-packages/airflow/example_dags/example_latest_only.py for tasks to queue
[2023-03-18T00:04:18.712+0000] {logging_mixin.py:137} INFO - [2023-03-18T00:04:18.712+0000] {dagbag.py:538} INFO - Filling up the DagBag from /home/airflow/.local/lib/python3.7/site-packages/airflow/example_dags/example_latest_only.py
[2023-03-18T00:04:18.728+0000] {processor.py:753} INFO - DAG(s) dict_keys(['latest_only']) retrieved from /home/airflow/.local/lib/python3.7/site-packages/airflow/example_dags/example_latest_only.py
[2023-03-18T00:04:18.775+0000] {logging_mixin.py:137} INFO - [2023-03-18T00:04:18.775+0000] {dag.py:2690} INFO - Sync 1 DAGs
[2023-03-18T00:04:18.803+0000] {logging_mixin.py:137} INFO - [2023-03-18T00:04:18.802+0000] {dag.py:3441} INFO - Setting next_dagrun for latest_only to 2023-03-17T20:04:18.802772+00:00, run_after=2023-03-18T00:04:18.802772+00:00
[2023-03-18T00:04:18.822+0000] {processor.py:175} INFO - Processing /home/airflow/.local/lib/python3.7/site-packages/airflow/example_dags/example_latest_only.py took 0.116 seconds
[2023-03-18T00:04:49.726+0000] {processor.py:153} INFO - Started process (PID=8856) to work on /home/airflow/.local/lib/python3.7/site-packages/airflow/example_dags/example_latest_only.py
[2023-03-18T00:04:49.727+0000] {processor.py:743} INFO - Processing file /home/airflow/.local/lib/python3.7/site-packages/airflow/example_dags/example_latest_only.py for tasks to queue
[2023-03-18T00:04:49.728+0000] {logging_mixin.py:137} INFO - [2023-03-18T00:04:49.728+0000] {dagbag.py:538} INFO - Filling up the DagBag from /home/airflow/.local/lib/python3.7/site-packages/airflow/example_dags/example_latest_only.py
[2023-03-18T00:04:49.746+0000] {processor.py:753} INFO - DAG(s) dict_keys(['latest_only']) retrieved from /home/airflow/.local/lib/python3.7/site-packages/airflow/example_dags/example_latest_only.py
[2023-03-18T00:04:49.778+0000] {logging_mixin.py:137} INFO - [2023-03-18T00:04:49.778+0000] {dag.py:2690} INFO - Sync 1 DAGs
[2023-03-18T00:04:49.818+0000] {logging_mixin.py:137} INFO - [2023-03-18T00:04:49.818+0000] {dag.py:3441} INFO - Setting next_dagrun for latest_only to 2023-03-17T20:04:49.818056+00:00, run_after=2023-03-18T00:04:49.818056+00:00
[2023-03-18T00:04:49.841+0000] {processor.py:175} INFO - Processing /home/airflow/.local/lib/python3.7/site-packages/airflow/example_dags/example_latest_only.py took 0.120 seconds
[2023-03-18T00:05:20.813+0000] {processor.py:153} INFO - Started process (PID=8938) to work on /home/airflow/.local/lib/python3.7/site-packages/airflow/example_dags/example_latest_only.py
[2023-03-18T00:05:20.814+0000] {processor.py:743} INFO - Processing file /home/airflow/.local/lib/python3.7/site-packages/airflow/example_dags/example_latest_only.py for tasks to queue
[2023-03-18T00:05:20.816+0000] {logging_mixin.py:137} INFO - [2023-03-18T00:05:20.815+0000] {dagbag.py:538} INFO - Filling up the DagBag from /home/airflow/.local/lib/python3.7/site-packages/airflow/example_dags/example_latest_only.py
[2023-03-18T00:05:20.835+0000] {processor.py:753} INFO - DAG(s) dict_keys(['latest_only']) retrieved from /home/airflow/.local/lib/python3.7/site-packages/airflow/example_dags/example_latest_only.py
[2023-03-18T00:05:20.877+0000] {logging_mixin.py:137} INFO - [2023-03-18T00:05:20.876+0000] {dag.py:2690} INFO - Sync 1 DAGs
[2023-03-18T00:05:20.937+0000] {logging_mixin.py:137} INFO - [2023-03-18T00:05:20.937+0000] {dag.py:3441} INFO - Setting next_dagrun for latest_only to 2023-03-17T20:05:20.937104+00:00, run_after=2023-03-18T00:05:20.937104+00:00
[2023-03-18T00:05:21.002+0000] {processor.py:175} INFO - Processing /home/airflow/.local/lib/python3.7/site-packages/airflow/example_dags/example_latest_only.py took 0.193 seconds
[2023-03-18T00:05:51.593+0000] {processor.py:153} INFO - Started process (PID=9020) to work on /home/airflow/.local/lib/python3.7/site-packages/airflow/example_dags/example_latest_only.py
[2023-03-18T00:05:51.594+0000] {processor.py:743} INFO - Processing file /home/airflow/.local/lib/python3.7/site-packages/airflow/example_dags/example_latest_only.py for tasks to queue
[2023-03-18T00:05:51.596+0000] {logging_mixin.py:137} INFO - [2023-03-18T00:05:51.595+0000] {dagbag.py:538} INFO - Filling up the DagBag from /home/airflow/.local/lib/python3.7/site-packages/airflow/example_dags/example_latest_only.py
[2023-03-18T00:05:51.610+0000] {processor.py:753} INFO - DAG(s) dict_keys(['latest_only']) retrieved from /home/airflow/.local/lib/python3.7/site-packages/airflow/example_dags/example_latest_only.py
[2023-03-18T00:05:51.639+0000] {logging_mixin.py:137} INFO - [2023-03-18T00:05:51.639+0000] {dag.py:2690} INFO - Sync 1 DAGs
[2023-03-18T00:05:51.667+0000] {logging_mixin.py:137} INFO - [2023-03-18T00:05:51.667+0000] {dag.py:3441} INFO - Setting next_dagrun for latest_only to 2023-03-17T20:05:51.666891+00:00, run_after=2023-03-18T00:05:51.666891+00:00
[2023-03-18T00:05:51.713+0000] {processor.py:175} INFO - Processing /home/airflow/.local/lib/python3.7/site-packages/airflow/example_dags/example_latest_only.py took 0.123 seconds
[2023-03-18T00:06:23.229+0000] {processor.py:153} INFO - Started process (PID=9122) to work on /home/airflow/.local/lib/python3.7/site-packages/airflow/example_dags/example_latest_only.py
[2023-03-18T00:06:23.231+0000] {processor.py:743} INFO - Processing file /home/airflow/.local/lib/python3.7/site-packages/airflow/example_dags/example_latest_only.py for tasks to queue
[2023-03-18T00:06:23.233+0000] {logging_mixin.py:137} INFO - [2023-03-18T00:06:23.232+0000] {dagbag.py:538} INFO - Filling up the DagBag from /home/airflow/.local/lib/python3.7/site-packages/airflow/example_dags/example_latest_only.py
[2023-03-18T00:06:23.263+0000] {processor.py:753} INFO - DAG(s) dict_keys(['latest_only']) retrieved from /home/airflow/.local/lib/python3.7/site-packages/airflow/example_dags/example_latest_only.py
[2023-03-18T00:06:23.356+0000] {logging_mixin.py:137} INFO - [2023-03-18T00:06:23.355+0000] {dag.py:2690} INFO - Sync 1 DAGs
[2023-03-18T00:06:23.400+0000] {logging_mixin.py:137} INFO - [2023-03-18T00:06:23.400+0000] {dag.py:3441} INFO - Setting next_dagrun for latest_only to 2023-03-17T20:06:23.400327+00:00, run_after=2023-03-18T00:06:23.400327+00:00
[2023-03-18T00:06:23.444+0000] {processor.py:175} INFO - Processing /home/airflow/.local/lib/python3.7/site-packages/airflow/example_dags/example_latest_only.py took 0.220 seconds
[2023-03-18T00:06:53.522+0000] {processor.py:153} INFO - Started process (PID=9204) to work on /home/airflow/.local/lib/python3.7/site-packages/airflow/example_dags/example_latest_only.py
[2023-03-18T00:06:53.523+0000] {processor.py:743} INFO - Processing file /home/airflow/.local/lib/python3.7/site-packages/airflow/example_dags/example_latest_only.py for tasks to queue
[2023-03-18T00:06:53.525+0000] {logging_mixin.py:137} INFO - [2023-03-18T00:06:53.524+0000] {dagbag.py:538} INFO - Filling up the DagBag from /home/airflow/.local/lib/python3.7/site-packages/airflow/example_dags/example_latest_only.py
[2023-03-18T00:06:53.538+0000] {processor.py:753} INFO - DAG(s) dict_keys(['latest_only']) retrieved from /home/airflow/.local/lib/python3.7/site-packages/airflow/example_dags/example_latest_only.py
[2023-03-18T00:06:53.563+0000] {logging_mixin.py:137} INFO - [2023-03-18T00:06:53.562+0000] {dag.py:2690} INFO - Sync 1 DAGs
[2023-03-18T00:06:53.587+0000] {logging_mixin.py:137} INFO - [2023-03-18T00:06:53.586+0000] {dag.py:3441} INFO - Setting next_dagrun for latest_only to 2023-03-17T20:06:53.586678+00:00, run_after=2023-03-18T00:06:53.586678+00:00
[2023-03-18T00:06:53.607+0000] {processor.py:175} INFO - Processing /home/airflow/.local/lib/python3.7/site-packages/airflow/example_dags/example_latest_only.py took 0.088 seconds
[2023-03-18T00:07:24.359+0000] {processor.py:153} INFO - Started process (PID=9287) to work on /home/airflow/.local/lib/python3.7/site-packages/airflow/example_dags/example_latest_only.py
[2023-03-18T00:07:24.361+0000] {processor.py:743} INFO - Processing file /home/airflow/.local/lib/python3.7/site-packages/airflow/example_dags/example_latest_only.py for tasks to queue
[2023-03-18T00:07:24.362+0000] {logging_mixin.py:137} INFO - [2023-03-18T00:07:24.362+0000] {dagbag.py:538} INFO - Filling up the DagBag from /home/airflow/.local/lib/python3.7/site-packages/airflow/example_dags/example_latest_only.py
[2023-03-18T00:07:24.380+0000] {processor.py:753} INFO - DAG(s) dict_keys(['latest_only']) retrieved from /home/airflow/.local/lib/python3.7/site-packages/airflow/example_dags/example_latest_only.py
[2023-03-18T00:07:24.413+0000] {logging_mixin.py:137} INFO - [2023-03-18T00:07:24.413+0000] {dag.py:2690} INFO - Sync 1 DAGs
[2023-03-18T00:07:24.445+0000] {logging_mixin.py:137} INFO - [2023-03-18T00:07:24.445+0000] {dag.py:3441} INFO - Setting next_dagrun for latest_only to 2023-03-17T20:07:24.444774+00:00, run_after=2023-03-18T00:07:24.444774+00:00
[2023-03-18T00:07:24.475+0000] {processor.py:175} INFO - Processing /home/airflow/.local/lib/python3.7/site-packages/airflow/example_dags/example_latest_only.py took 0.120 seconds
[2023-03-18T00:07:54.631+0000] {processor.py:153} INFO - Started process (PID=9370) to work on /home/airflow/.local/lib/python3.7/site-packages/airflow/example_dags/example_latest_only.py
[2023-03-18T00:07:54.632+0000] {processor.py:743} INFO - Processing file /home/airflow/.local/lib/python3.7/site-packages/airflow/example_dags/example_latest_only.py for tasks to queue
[2023-03-18T00:07:54.634+0000] {logging_mixin.py:137} INFO - [2023-03-18T00:07:54.633+0000] {dagbag.py:538} INFO - Filling up the DagBag from /home/airflow/.local/lib/python3.7/site-packages/airflow/example_dags/example_latest_only.py
[2023-03-18T00:07:54.651+0000] {processor.py:753} INFO - DAG(s) dict_keys(['latest_only']) retrieved from /home/airflow/.local/lib/python3.7/site-packages/airflow/example_dags/example_latest_only.py
[2023-03-18T00:07:54.680+0000] {logging_mixin.py:137} INFO - [2023-03-18T00:07:54.679+0000] {dag.py:2690} INFO - Sync 1 DAGs
[2023-03-18T00:07:54.719+0000] {logging_mixin.py:137} INFO - [2023-03-18T00:07:54.719+0000] {dag.py:3441} INFO - Setting next_dagrun for latest_only to 2023-03-17T20:07:54.719056+00:00, run_after=2023-03-18T00:07:54.719056+00:00
[2023-03-18T00:07:54.745+0000] {processor.py:175} INFO - Processing /home/airflow/.local/lib/python3.7/site-packages/airflow/example_dags/example_latest_only.py took 0.119 seconds
[2023-03-18T00:08:25.672+0000] {processor.py:153} INFO - Started process (PID=9452) to work on /home/airflow/.local/lib/python3.7/site-packages/airflow/example_dags/example_latest_only.py
[2023-03-18T00:08:25.673+0000] {processor.py:743} INFO - Processing file /home/airflow/.local/lib/python3.7/site-packages/airflow/example_dags/example_latest_only.py for tasks to queue
[2023-03-18T00:08:25.675+0000] {logging_mixin.py:137} INFO - [2023-03-18T00:08:25.675+0000] {dagbag.py:538} INFO - Filling up the DagBag from /home/airflow/.local/lib/python3.7/site-packages/airflow/example_dags/example_latest_only.py
[2023-03-18T00:08:25.699+0000] {processor.py:753} INFO - DAG(s) dict_keys(['latest_only']) retrieved from /home/airflow/.local/lib/python3.7/site-packages/airflow/example_dags/example_latest_only.py
[2023-03-18T00:08:25.733+0000] {logging_mixin.py:137} INFO - [2023-03-18T00:08:25.732+0000] {dag.py:2690} INFO - Sync 1 DAGs
[2023-03-18T00:08:25.766+0000] {logging_mixin.py:137} INFO - [2023-03-18T00:08:25.766+0000] {dag.py:3441} INFO - Setting next_dagrun for latest_only to 2023-03-17T20:08:25.766207+00:00, run_after=2023-03-18T00:08:25.766207+00:00
[2023-03-18T00:08:25.791+0000] {processor.py:175} INFO - Processing /home/airflow/.local/lib/python3.7/site-packages/airflow/example_dags/example_latest_only.py took 0.123 seconds
[2023-03-18T00:08:57.036+0000] {processor.py:153} INFO - Started process (PID=9554) to work on /home/airflow/.local/lib/python3.7/site-packages/airflow/example_dags/example_latest_only.py
[2023-03-18T00:08:57.038+0000] {processor.py:743} INFO - Processing file /home/airflow/.local/lib/python3.7/site-packages/airflow/example_dags/example_latest_only.py for tasks to queue
[2023-03-18T00:08:57.039+0000] {logging_mixin.py:137} INFO - [2023-03-18T00:08:57.039+0000] {dagbag.py:538} INFO - Filling up the DagBag from /home/airflow/.local/lib/python3.7/site-packages/airflow/example_dags/example_latest_only.py
[2023-03-18T00:08:57.098+0000] {processor.py:753} INFO - DAG(s) dict_keys(['latest_only']) retrieved from /home/airflow/.local/lib/python3.7/site-packages/airflow/example_dags/example_latest_only.py
[2023-03-18T00:08:57.195+0000] {logging_mixin.py:137} INFO - [2023-03-18T00:08:57.195+0000] {dag.py:2690} INFO - Sync 1 DAGs
[2023-03-18T00:08:57.261+0000] {logging_mixin.py:137} INFO - [2023-03-18T00:08:57.261+0000] {dag.py:3441} INFO - Setting next_dagrun for latest_only to 2023-03-17T20:08:57.260675+00:00, run_after=2023-03-18T00:08:57.260675+00:00
[2023-03-18T00:08:57.307+0000] {processor.py:175} INFO - Processing /home/airflow/.local/lib/python3.7/site-packages/airflow/example_dags/example_latest_only.py took 0.277 seconds
[2023-03-18T00:09:27.838+0000] {processor.py:153} INFO - Started process (PID=9636) to work on /home/airflow/.local/lib/python3.7/site-packages/airflow/example_dags/example_latest_only.py
[2023-03-18T00:09:27.839+0000] {processor.py:743} INFO - Processing file /home/airflow/.local/lib/python3.7/site-packages/airflow/example_dags/example_latest_only.py for tasks to queue
[2023-03-18T00:09:27.840+0000] {logging_mixin.py:137} INFO - [2023-03-18T00:09:27.840+0000] {dagbag.py:538} INFO - Filling up the DagBag from /home/airflow/.local/lib/python3.7/site-packages/airflow/example_dags/example_latest_only.py
[2023-03-18T00:09:27.858+0000] {processor.py:753} INFO - DAG(s) dict_keys(['latest_only']) retrieved from /home/airflow/.local/lib/python3.7/site-packages/airflow/example_dags/example_latest_only.py
[2023-03-18T00:09:27.898+0000] {logging_mixin.py:137} INFO - [2023-03-18T00:09:27.897+0000] {dag.py:2690} INFO - Sync 1 DAGs
[2023-03-18T00:09:27.947+0000] {logging_mixin.py:137} INFO - [2023-03-18T00:09:27.946+0000] {dag.py:3441} INFO - Setting next_dagrun for latest_only to 2023-03-17T20:09:27.946314+00:00, run_after=2023-03-18T00:09:27.946314+00:00
[2023-03-18T00:09:27.984+0000] {processor.py:175} INFO - Processing /home/airflow/.local/lib/python3.7/site-packages/airflow/example_dags/example_latest_only.py took 0.149 seconds
[2023-03-18T00:09:58.107+0000] {processor.py:153} INFO - Started process (PID=9718) to work on /home/airflow/.local/lib/python3.7/site-packages/airflow/example_dags/example_latest_only.py
[2023-03-18T00:09:58.108+0000] {processor.py:743} INFO - Processing file /home/airflow/.local/lib/python3.7/site-packages/airflow/example_dags/example_latest_only.py for tasks to queue
[2023-03-18T00:09:58.110+0000] {logging_mixin.py:137} INFO - [2023-03-18T00:09:58.110+0000] {dagbag.py:538} INFO - Filling up the DagBag from /home/airflow/.local/lib/python3.7/site-packages/airflow/example_dags/example_latest_only.py
[2023-03-18T00:09:58.125+0000] {processor.py:753} INFO - DAG(s) dict_keys(['latest_only']) retrieved from /home/airflow/.local/lib/python3.7/site-packages/airflow/example_dags/example_latest_only.py
[2023-03-18T00:09:58.156+0000] {logging_mixin.py:137} INFO - [2023-03-18T00:09:58.156+0000] {dag.py:2690} INFO - Sync 1 DAGs
[2023-03-18T00:09:58.190+0000] {logging_mixin.py:137} INFO - [2023-03-18T00:09:58.190+0000] {dag.py:3441} INFO - Setting next_dagrun for latest_only to 2023-03-17T20:09:58.190144+00:00, run_after=2023-03-18T00:09:58.190144+00:00
[2023-03-18T00:09:58.216+0000] {processor.py:175} INFO - Processing /home/airflow/.local/lib/python3.7/site-packages/airflow/example_dags/example_latest_only.py took 0.113 seconds
[2023-03-18T00:10:28.411+0000] {processor.py:153} INFO - Started process (PID=9800) to work on /home/airflow/.local/lib/python3.7/site-packages/airflow/example_dags/example_latest_only.py
[2023-03-18T00:10:28.413+0000] {processor.py:743} INFO - Processing file /home/airflow/.local/lib/python3.7/site-packages/airflow/example_dags/example_latest_only.py for tasks to queue
[2023-03-18T00:10:28.414+0000] {logging_mixin.py:137} INFO - [2023-03-18T00:10:28.414+0000] {dagbag.py:538} INFO - Filling up the DagBag from /home/airflow/.local/lib/python3.7/site-packages/airflow/example_dags/example_latest_only.py
[2023-03-18T00:10:28.435+0000] {processor.py:753} INFO - DAG(s) dict_keys(['latest_only']) retrieved from /home/airflow/.local/lib/python3.7/site-packages/airflow/example_dags/example_latest_only.py
[2023-03-18T00:10:28.473+0000] {logging_mixin.py:137} INFO - [2023-03-18T00:10:28.472+0000] {dag.py:2690} INFO - Sync 1 DAGs
[2023-03-18T00:10:28.514+0000] {logging_mixin.py:137} INFO - [2023-03-18T00:10:28.514+0000] {dag.py:3441} INFO - Setting next_dagrun for latest_only to 2023-03-17T20:10:28.514362+00:00, run_after=2023-03-18T00:10:28.514362+00:00
[2023-03-18T00:10:28.544+0000] {processor.py:175} INFO - Processing /home/airflow/.local/lib/python3.7/site-packages/airflow/example_dags/example_latest_only.py took 0.137 seconds
[2023-03-18T00:10:59.707+0000] {processor.py:153} INFO - Started process (PID=9891) to work on /home/airflow/.local/lib/python3.7/site-packages/airflow/example_dags/example_latest_only.py
[2023-03-18T00:10:59.709+0000] {processor.py:743} INFO - Processing file /home/airflow/.local/lib/python3.7/site-packages/airflow/example_dags/example_latest_only.py for tasks to queue
[2023-03-18T00:10:59.710+0000] {logging_mixin.py:137} INFO - [2023-03-18T00:10:59.710+0000] {dagbag.py:538} INFO - Filling up the DagBag from /home/airflow/.local/lib/python3.7/site-packages/airflow/example_dags/example_latest_only.py
[2023-03-18T00:10:59.737+0000] {processor.py:753} INFO - DAG(s) dict_keys(['latest_only']) retrieved from /home/airflow/.local/lib/python3.7/site-packages/airflow/example_dags/example_latest_only.py
[2023-03-18T00:10:59.820+0000] {logging_mixin.py:137} INFO - [2023-03-18T00:10:59.820+0000] {dag.py:2690} INFO - Sync 1 DAGs
[2023-03-18T00:10:59.860+0000] {logging_mixin.py:137} INFO - [2023-03-18T00:10:59.860+0000] {dag.py:3441} INFO - Setting next_dagrun for latest_only to 2023-03-17T20:10:59.860198+00:00, run_after=2023-03-18T00:10:59.860198+00:00
[2023-03-18T00:10:59.896+0000] {processor.py:175} INFO - Processing /home/airflow/.local/lib/python3.7/site-packages/airflow/example_dags/example_latest_only.py took 0.193 seconds
[2023-03-18T00:11:30.827+0000] {processor.py:153} INFO - Started process (PID=9985) to work on /home/airflow/.local/lib/python3.7/site-packages/airflow/example_dags/example_latest_only.py
[2023-03-18T00:11:30.829+0000] {processor.py:743} INFO - Processing file /home/airflow/.local/lib/python3.7/site-packages/airflow/example_dags/example_latest_only.py for tasks to queue
[2023-03-18T00:11:30.831+0000] {logging_mixin.py:137} INFO - [2023-03-18T00:11:30.830+0000] {dagbag.py:538} INFO - Filling up the DagBag from /home/airflow/.local/lib/python3.7/site-packages/airflow/example_dags/example_latest_only.py
[2023-03-18T00:11:30.853+0000] {processor.py:753} INFO - DAG(s) dict_keys(['latest_only']) retrieved from /home/airflow/.local/lib/python3.7/site-packages/airflow/example_dags/example_latest_only.py
[2023-03-18T00:11:30.972+0000] {logging_mixin.py:137} INFO - [2023-03-18T00:11:30.972+0000] {dag.py:2690} INFO - Sync 1 DAGs
[2023-03-18T00:11:31.019+0000] {logging_mixin.py:137} INFO - [2023-03-18T00:11:31.019+0000] {dag.py:3441} INFO - Setting next_dagrun for latest_only to 2023-03-17T20:11:31.019067+00:00, run_after=2023-03-18T00:11:31.019067+00:00
[2023-03-18T00:11:31.043+0000] {processor.py:175} INFO - Processing /home/airflow/.local/lib/python3.7/site-packages/airflow/example_dags/example_latest_only.py took 0.222 seconds
[2023-03-18T00:12:01.919+0000] {processor.py:153} INFO - Started process (PID=10067) to work on /home/airflow/.local/lib/python3.7/site-packages/airflow/example_dags/example_latest_only.py
[2023-03-18T00:12:01.923+0000] {processor.py:743} INFO - Processing file /home/airflow/.local/lib/python3.7/site-packages/airflow/example_dags/example_latest_only.py for tasks to queue
[2023-03-18T00:12:01.928+0000] {logging_mixin.py:137} INFO - [2023-03-18T00:12:01.927+0000] {dagbag.py:538} INFO - Filling up the DagBag from /home/airflow/.local/lib/python3.7/site-packages/airflow/example_dags/example_latest_only.py
[2023-03-18T00:12:01.972+0000] {processor.py:753} INFO - DAG(s) dict_keys(['latest_only']) retrieved from /home/airflow/.local/lib/python3.7/site-packages/airflow/example_dags/example_latest_only.py
[2023-03-18T00:12:02.008+0000] {logging_mixin.py:137} INFO - [2023-03-18T00:12:02.007+0000] {dag.py:2690} INFO - Sync 1 DAGs
[2023-03-18T00:12:02.057+0000] {logging_mixin.py:137} INFO - [2023-03-18T00:12:02.056+0000] {dag.py:3441} INFO - Setting next_dagrun for latest_only to 2023-03-17T20:12:02.056564+00:00, run_after=2023-03-18T00:12:02.056564+00:00
[2023-03-18T00:12:02.086+0000] {processor.py:175} INFO - Processing /home/airflow/.local/lib/python3.7/site-packages/airflow/example_dags/example_latest_only.py took 0.185 seconds
[2023-03-18T00:12:32.320+0000] {processor.py:153} INFO - Started process (PID=10150) to work on /home/airflow/.local/lib/python3.7/site-packages/airflow/example_dags/example_latest_only.py
[2023-03-18T00:12:32.321+0000] {processor.py:743} INFO - Processing file /home/airflow/.local/lib/python3.7/site-packages/airflow/example_dags/example_latest_only.py for tasks to queue
[2023-03-18T00:12:32.322+0000] {logging_mixin.py:137} INFO - [2023-03-18T00:12:32.322+0000] {dagbag.py:538} INFO - Filling up the DagBag from /home/airflow/.local/lib/python3.7/site-packages/airflow/example_dags/example_latest_only.py
[2023-03-18T00:12:32.339+0000] {processor.py:753} INFO - DAG(s) dict_keys(['latest_only']) retrieved from /home/airflow/.local/lib/python3.7/site-packages/airflow/example_dags/example_latest_only.py
[2023-03-18T00:12:32.369+0000] {logging_mixin.py:137} INFO - [2023-03-18T00:12:32.369+0000] {dag.py:2690} INFO - Sync 1 DAGs
[2023-03-18T00:12:32.399+0000] {logging_mixin.py:137} INFO - [2023-03-18T00:12:32.399+0000] {dag.py:3441} INFO - Setting next_dagrun for latest_only to 2023-03-17T20:12:32.399471+00:00, run_after=2023-03-18T00:12:32.399471+00:00
[2023-03-18T00:12:32.421+0000] {processor.py:175} INFO - Processing /home/airflow/.local/lib/python3.7/site-packages/airflow/example_dags/example_latest_only.py took 0.105 seconds
[2023-03-18T00:13:02.803+0000] {processor.py:153} INFO - Started process (PID=10232) to work on /home/airflow/.local/lib/python3.7/site-packages/airflow/example_dags/example_latest_only.py
[2023-03-18T00:13:02.804+0000] {processor.py:743} INFO - Processing file /home/airflow/.local/lib/python3.7/site-packages/airflow/example_dags/example_latest_only.py for tasks to queue
[2023-03-18T00:13:02.805+0000] {logging_mixin.py:137} INFO - [2023-03-18T00:13:02.805+0000] {dagbag.py:538} INFO - Filling up the DagBag from /home/airflow/.local/lib/python3.7/site-packages/airflow/example_dags/example_latest_only.py
[2023-03-18T00:13:02.820+0000] {processor.py:753} INFO - DAG(s) dict_keys(['latest_only']) retrieved from /home/airflow/.local/lib/python3.7/site-packages/airflow/example_dags/example_latest_only.py
[2023-03-18T00:13:02.847+0000] {logging_mixin.py:137} INFO - [2023-03-18T00:13:02.846+0000] {dag.py:2690} INFO - Sync 1 DAGs
[2023-03-18T00:13:02.875+0000] {logging_mixin.py:137} INFO - [2023-03-18T00:13:02.875+0000] {dag.py:3441} INFO - Setting next_dagrun for latest_only to 2023-03-17T20:13:02.874752+00:00, run_after=2023-03-18T00:13:02.874752+00:00
[2023-03-18T00:13:02.895+0000] {processor.py:175} INFO - Processing /home/airflow/.local/lib/python3.7/site-packages/airflow/example_dags/example_latest_only.py took 0.095 seconds
[2023-03-18T00:13:34.323+0000] {processor.py:153} INFO - Started process (PID=10334) to work on /home/airflow/.local/lib/python3.7/site-packages/airflow/example_dags/example_latest_only.py
[2023-03-18T00:13:34.324+0000] {processor.py:743} INFO - Processing file /home/airflow/.local/lib/python3.7/site-packages/airflow/example_dags/example_latest_only.py for tasks to queue
[2023-03-18T00:13:34.325+0000] {logging_mixin.py:137} INFO - [2023-03-18T00:13:34.325+0000] {dagbag.py:538} INFO - Filling up the DagBag from /home/airflow/.local/lib/python3.7/site-packages/airflow/example_dags/example_latest_only.py
[2023-03-18T00:13:34.342+0000] {processor.py:753} INFO - DAG(s) dict_keys(['latest_only']) retrieved from /home/airflow/.local/lib/python3.7/site-packages/airflow/example_dags/example_latest_only.py
[2023-03-18T00:13:34.375+0000] {logging_mixin.py:137} INFO - [2023-03-18T00:13:34.375+0000] {dag.py:2690} INFO - Sync 1 DAGs
[2023-03-18T00:13:34.408+0000] {logging_mixin.py:137} INFO - [2023-03-18T00:13:34.408+0000] {dag.py:3441} INFO - Setting next_dagrun for latest_only to 2023-03-17T20:13:34.407859+00:00, run_after=2023-03-18T00:13:34.407859+00:00
[2023-03-18T00:13:34.432+0000] {processor.py:175} INFO - Processing /home/airflow/.local/lib/python3.7/site-packages/airflow/example_dags/example_latest_only.py took 0.114 seconds
[2023-03-18T00:14:04.852+0000] {processor.py:153} INFO - Started process (PID=10416) to work on /home/airflow/.local/lib/python3.7/site-packages/airflow/example_dags/example_latest_only.py
[2023-03-18T00:14:04.854+0000] {processor.py:743} INFO - Processing file /home/airflow/.local/lib/python3.7/site-packages/airflow/example_dags/example_latest_only.py for tasks to queue
[2023-03-18T00:14:04.857+0000] {logging_mixin.py:137} INFO - [2023-03-18T00:14:04.856+0000] {dagbag.py:538} INFO - Filling up the DagBag from /home/airflow/.local/lib/python3.7/site-packages/airflow/example_dags/example_latest_only.py
[2023-03-18T00:14:04.885+0000] {processor.py:753} INFO - DAG(s) dict_keys(['latest_only']) retrieved from /home/airflow/.local/lib/python3.7/site-packages/airflow/example_dags/example_latest_only.py
[2023-03-18T00:14:04.922+0000] {logging_mixin.py:137} INFO - [2023-03-18T00:14:04.922+0000] {dag.py:2690} INFO - Sync 1 DAGs
[2023-03-18T00:14:04.960+0000] {logging_mixin.py:137} INFO - [2023-03-18T00:14:04.960+0000] {dag.py:3441} INFO - Setting next_dagrun for latest_only to 2023-03-17T20:14:04.959895+00:00, run_after=2023-03-18T00:14:04.959895+00:00
[2023-03-18T00:14:05.007+0000] {processor.py:175} INFO - Processing /home/airflow/.local/lib/python3.7/site-packages/airflow/example_dags/example_latest_only.py took 0.162 seconds
[2023-03-18T00:14:35.734+0000] {processor.py:153} INFO - Started process (PID=10498) to work on /home/airflow/.local/lib/python3.7/site-packages/airflow/example_dags/example_latest_only.py
[2023-03-18T00:14:35.736+0000] {processor.py:743} INFO - Processing file /home/airflow/.local/lib/python3.7/site-packages/airflow/example_dags/example_latest_only.py for tasks to queue
[2023-03-18T00:14:35.738+0000] {logging_mixin.py:137} INFO - [2023-03-18T00:14:35.738+0000] {dagbag.py:538} INFO - Filling up the DagBag from /home/airflow/.local/lib/python3.7/site-packages/airflow/example_dags/example_latest_only.py
[2023-03-18T00:14:35.755+0000] {processor.py:753} INFO - DAG(s) dict_keys(['latest_only']) retrieved from /home/airflow/.local/lib/python3.7/site-packages/airflow/example_dags/example_latest_only.py
[2023-03-18T00:14:35.785+0000] {logging_mixin.py:137} INFO - [2023-03-18T00:14:35.785+0000] {dag.py:2690} INFO - Sync 1 DAGs
[2023-03-18T00:14:35.818+0000] {logging_mixin.py:137} INFO - [2023-03-18T00:14:35.818+0000] {dag.py:3441} INFO - Setting next_dagrun for latest_only to 2023-03-17T20:14:35.818471+00:00, run_after=2023-03-18T00:14:35.818471+00:00
[2023-03-18T00:14:35.844+0000] {processor.py:175} INFO - Processing /home/airflow/.local/lib/python3.7/site-packages/airflow/example_dags/example_latest_only.py took 0.116 seconds
