[2023-03-18T00:00:13.258+0000] {processor.py:153} INFO - Started process (PID=8091) to work on /home/airflow/.local/lib/python3.7/site-packages/airflow/example_dags/example_sensor_decorator.py
[2023-03-18T00:00:13.260+0000] {processor.py:743} INFO - Processing file /home/airflow/.local/lib/python3.7/site-packages/airflow/example_dags/example_sensor_decorator.py for tasks to queue
[2023-03-18T00:00:13.261+0000] {logging_mixin.py:137} INFO - [2023-03-18T00:00:13.261+0000] {dagbag.py:538} INFO - Filling up the DagBag from /home/airflow/.local/lib/python3.7/site-packages/airflow/example_dags/example_sensor_decorator.py
[2023-03-18T00:00:13.289+0000] {processor.py:753} INFO - DAG(s) dict_keys(['example_sensor_decorator']) retrieved from /home/airflow/.local/lib/python3.7/site-packages/airflow/example_dags/example_sensor_decorator.py
[2023-03-18T00:00:13.316+0000] {logging_mixin.py:137} INFO - [2023-03-18T00:00:13.316+0000] {dag.py:2690} INFO - Sync 1 DAGs
[2023-03-18T00:00:13.344+0000] {logging_mixin.py:137} INFO - [2023-03-18T00:00:13.344+0000] {dag.py:3441} INFO - Setting next_dagrun for example_sensor_decorator to None, run_after=None
[2023-03-18T00:00:13.368+0000] {processor.py:175} INFO - Processing /home/airflow/.local/lib/python3.7/site-packages/airflow/example_dags/example_sensor_decorator.py took 0.113 seconds
[2023-03-18T00:00:44.389+0000] {processor.py:153} INFO - Started process (PID=8173) to work on /home/airflow/.local/lib/python3.7/site-packages/airflow/example_dags/example_sensor_decorator.py
[2023-03-18T00:00:44.391+0000] {processor.py:743} INFO - Processing file /home/airflow/.local/lib/python3.7/site-packages/airflow/example_dags/example_sensor_decorator.py for tasks to queue
[2023-03-18T00:00:44.392+0000] {logging_mixin.py:137} INFO - [2023-03-18T00:00:44.392+0000] {dagbag.py:538} INFO - Filling up the DagBag from /home/airflow/.local/lib/python3.7/site-packages/airflow/example_dags/example_sensor_decorator.py
[2023-03-18T00:00:44.427+0000] {processor.py:753} INFO - DAG(s) dict_keys(['example_sensor_decorator']) retrieved from /home/airflow/.local/lib/python3.7/site-packages/airflow/example_dags/example_sensor_decorator.py
[2023-03-18T00:00:44.464+0000] {logging_mixin.py:137} INFO - [2023-03-18T00:00:44.464+0000] {dag.py:2690} INFO - Sync 1 DAGs
[2023-03-18T00:00:44.501+0000] {logging_mixin.py:137} INFO - [2023-03-18T00:00:44.501+0000] {dag.py:3441} INFO - Setting next_dagrun for example_sensor_decorator to None, run_after=None
[2023-03-18T00:00:44.534+0000] {processor.py:175} INFO - Processing /home/airflow/.local/lib/python3.7/site-packages/airflow/example_dags/example_sensor_decorator.py took 0.150 seconds
[2023-03-18T00:01:14.759+0000] {processor.py:153} INFO - Started process (PID=8255) to work on /home/airflow/.local/lib/python3.7/site-packages/airflow/example_dags/example_sensor_decorator.py
[2023-03-18T00:01:14.760+0000] {processor.py:743} INFO - Processing file /home/airflow/.local/lib/python3.7/site-packages/airflow/example_dags/example_sensor_decorator.py for tasks to queue
[2023-03-18T00:01:14.762+0000] {logging_mixin.py:137} INFO - [2023-03-18T00:01:14.762+0000] {dagbag.py:538} INFO - Filling up the DagBag from /home/airflow/.local/lib/python3.7/site-packages/airflow/example_dags/example_sensor_decorator.py
[2023-03-18T00:01:14.811+0000] {processor.py:753} INFO - DAG(s) dict_keys(['example_sensor_decorator']) retrieved from /home/airflow/.local/lib/python3.7/site-packages/airflow/example_dags/example_sensor_decorator.py
[2023-03-18T00:01:14.906+0000] {logging_mixin.py:137} INFO - [2023-03-18T00:01:14.906+0000] {dag.py:2690} INFO - Sync 1 DAGs
[2023-03-18T00:01:14.984+0000] {logging_mixin.py:137} INFO - [2023-03-18T00:01:14.983+0000] {dag.py:3441} INFO - Setting next_dagrun for example_sensor_decorator to None, run_after=None
[2023-03-18T00:01:15.038+0000] {processor.py:175} INFO - Processing /home/airflow/.local/lib/python3.7/site-packages/airflow/example_dags/example_sensor_decorator.py took 0.284 seconds
[2023-03-18T00:01:45.347+0000] {processor.py:153} INFO - Started process (PID=8337) to work on /home/airflow/.local/lib/python3.7/site-packages/airflow/example_dags/example_sensor_decorator.py
[2023-03-18T00:01:45.349+0000] {processor.py:743} INFO - Processing file /home/airflow/.local/lib/python3.7/site-packages/airflow/example_dags/example_sensor_decorator.py for tasks to queue
[2023-03-18T00:01:45.352+0000] {logging_mixin.py:137} INFO - [2023-03-18T00:01:45.351+0000] {dagbag.py:538} INFO - Filling up the DagBag from /home/airflow/.local/lib/python3.7/site-packages/airflow/example_dags/example_sensor_decorator.py
[2023-03-18T00:01:45.411+0000] {processor.py:753} INFO - DAG(s) dict_keys(['example_sensor_decorator']) retrieved from /home/airflow/.local/lib/python3.7/site-packages/airflow/example_dags/example_sensor_decorator.py
[2023-03-18T00:01:45.467+0000] {logging_mixin.py:137} INFO - [2023-03-18T00:01:45.466+0000] {dag.py:2690} INFO - Sync 1 DAGs
[2023-03-18T00:01:45.514+0000] {logging_mixin.py:137} INFO - [2023-03-18T00:01:45.513+0000] {dag.py:3441} INFO - Setting next_dagrun for example_sensor_decorator to None, run_after=None
[2023-03-18T00:01:45.561+0000] {processor.py:175} INFO - Processing /home/airflow/.local/lib/python3.7/site-packages/airflow/example_dags/example_sensor_decorator.py took 0.219 seconds
[2023-03-18T00:02:16.071+0000] {processor.py:153} INFO - Started process (PID=8419) to work on /home/airflow/.local/lib/python3.7/site-packages/airflow/example_dags/example_sensor_decorator.py
[2023-03-18T00:02:16.073+0000] {processor.py:743} INFO - Processing file /home/airflow/.local/lib/python3.7/site-packages/airflow/example_dags/example_sensor_decorator.py for tasks to queue
[2023-03-18T00:02:16.075+0000] {logging_mixin.py:137} INFO - [2023-03-18T00:02:16.075+0000] {dagbag.py:538} INFO - Filling up the DagBag from /home/airflow/.local/lib/python3.7/site-packages/airflow/example_dags/example_sensor_decorator.py
[2023-03-18T00:02:16.118+0000] {processor.py:753} INFO - DAG(s) dict_keys(['example_sensor_decorator']) retrieved from /home/airflow/.local/lib/python3.7/site-packages/airflow/example_dags/example_sensor_decorator.py
[2023-03-18T00:02:16.154+0000] {logging_mixin.py:137} INFO - [2023-03-18T00:02:16.154+0000] {dag.py:2690} INFO - Sync 1 DAGs
[2023-03-18T00:02:16.201+0000] {logging_mixin.py:137} INFO - [2023-03-18T00:02:16.201+0000] {dag.py:3441} INFO - Setting next_dagrun for example_sensor_decorator to None, run_after=None
[2023-03-18T00:02:16.239+0000] {processor.py:175} INFO - Processing /home/airflow/.local/lib/python3.7/site-packages/airflow/example_dags/example_sensor_decorator.py took 0.173 seconds
[2023-03-18T00:02:46.535+0000] {processor.py:153} INFO - Started process (PID=8501) to work on /home/airflow/.local/lib/python3.7/site-packages/airflow/example_dags/example_sensor_decorator.py
[2023-03-18T00:02:46.538+0000] {processor.py:743} INFO - Processing file /home/airflow/.local/lib/python3.7/site-packages/airflow/example_dags/example_sensor_decorator.py for tasks to queue
[2023-03-18T00:02:46.539+0000] {logging_mixin.py:137} INFO - [2023-03-18T00:02:46.539+0000] {dagbag.py:538} INFO - Filling up the DagBag from /home/airflow/.local/lib/python3.7/site-packages/airflow/example_dags/example_sensor_decorator.py
[2023-03-18T00:02:46.571+0000] {processor.py:753} INFO - DAG(s) dict_keys(['example_sensor_decorator']) retrieved from /home/airflow/.local/lib/python3.7/site-packages/airflow/example_dags/example_sensor_decorator.py
[2023-03-18T00:02:46.601+0000] {logging_mixin.py:137} INFO - [2023-03-18T00:02:46.601+0000] {dag.py:2690} INFO - Sync 1 DAGs
[2023-03-18T00:02:46.642+0000] {logging_mixin.py:137} INFO - [2023-03-18T00:02:46.642+0000] {dag.py:3441} INFO - Setting next_dagrun for example_sensor_decorator to None, run_after=None
[2023-03-18T00:02:46.671+0000] {processor.py:175} INFO - Processing /home/airflow/.local/lib/python3.7/site-packages/airflow/example_dags/example_sensor_decorator.py took 0.145 seconds
[2023-03-18T00:03:16.986+0000] {processor.py:153} INFO - Started process (PID=8583) to work on /home/airflow/.local/lib/python3.7/site-packages/airflow/example_dags/example_sensor_decorator.py
[2023-03-18T00:03:16.988+0000] {processor.py:743} INFO - Processing file /home/airflow/.local/lib/python3.7/site-packages/airflow/example_dags/example_sensor_decorator.py for tasks to queue
[2023-03-18T00:03:16.990+0000] {logging_mixin.py:137} INFO - [2023-03-18T00:03:16.990+0000] {dagbag.py:538} INFO - Filling up the DagBag from /home/airflow/.local/lib/python3.7/site-packages/airflow/example_dags/example_sensor_decorator.py
[2023-03-18T00:03:17.022+0000] {processor.py:753} INFO - DAG(s) dict_keys(['example_sensor_decorator']) retrieved from /home/airflow/.local/lib/python3.7/site-packages/airflow/example_dags/example_sensor_decorator.py
[2023-03-18T00:03:17.056+0000] {logging_mixin.py:137} INFO - [2023-03-18T00:03:17.056+0000] {dag.py:2690} INFO - Sync 1 DAGs
[2023-03-18T00:03:17.091+0000] {logging_mixin.py:137} INFO - [2023-03-18T00:03:17.091+0000] {dag.py:3441} INFO - Setting next_dagrun for example_sensor_decorator to None, run_after=None
[2023-03-18T00:03:17.124+0000] {processor.py:175} INFO - Processing /home/airflow/.local/lib/python3.7/site-packages/airflow/example_dags/example_sensor_decorator.py took 0.145 seconds
[2023-03-18T00:03:47.966+0000] {processor.py:153} INFO - Started process (PID=8665) to work on /home/airflow/.local/lib/python3.7/site-packages/airflow/example_dags/example_sensor_decorator.py
[2023-03-18T00:03:47.967+0000] {processor.py:743} INFO - Processing file /home/airflow/.local/lib/python3.7/site-packages/airflow/example_dags/example_sensor_decorator.py for tasks to queue
[2023-03-18T00:03:47.968+0000] {logging_mixin.py:137} INFO - [2023-03-18T00:03:47.968+0000] {dagbag.py:538} INFO - Filling up the DagBag from /home/airflow/.local/lib/python3.7/site-packages/airflow/example_dags/example_sensor_decorator.py
[2023-03-18T00:03:47.994+0000] {processor.py:753} INFO - DAG(s) dict_keys(['example_sensor_decorator']) retrieved from /home/airflow/.local/lib/python3.7/site-packages/airflow/example_dags/example_sensor_decorator.py
[2023-03-18T00:03:48.024+0000] {logging_mixin.py:137} INFO - [2023-03-18T00:03:48.024+0000] {dag.py:2690} INFO - Sync 1 DAGs
[2023-03-18T00:03:48.055+0000] {logging_mixin.py:137} INFO - [2023-03-18T00:03:48.054+0000] {dag.py:3441} INFO - Setting next_dagrun for example_sensor_decorator to None, run_after=None
[2023-03-18T00:03:48.079+0000] {processor.py:175} INFO - Processing /home/airflow/.local/lib/python3.7/site-packages/airflow/example_dags/example_sensor_decorator.py took 0.118 seconds
[2023-03-18T00:04:18.270+0000] {processor.py:153} INFO - Started process (PID=8747) to work on /home/airflow/.local/lib/python3.7/site-packages/airflow/example_dags/example_sensor_decorator.py
[2023-03-18T00:04:18.271+0000] {processor.py:743} INFO - Processing file /home/airflow/.local/lib/python3.7/site-packages/airflow/example_dags/example_sensor_decorator.py for tasks to queue
[2023-03-18T00:04:18.273+0000] {logging_mixin.py:137} INFO - [2023-03-18T00:04:18.272+0000] {dagbag.py:538} INFO - Filling up the DagBag from /home/airflow/.local/lib/python3.7/site-packages/airflow/example_dags/example_sensor_decorator.py
[2023-03-18T00:04:18.297+0000] {processor.py:753} INFO - DAG(s) dict_keys(['example_sensor_decorator']) retrieved from /home/airflow/.local/lib/python3.7/site-packages/airflow/example_dags/example_sensor_decorator.py
[2023-03-18T00:04:18.323+0000] {logging_mixin.py:137} INFO - [2023-03-18T00:04:18.323+0000] {dag.py:2690} INFO - Sync 1 DAGs
[2023-03-18T00:04:18.352+0000] {logging_mixin.py:137} INFO - [2023-03-18T00:04:18.352+0000] {dag.py:3441} INFO - Setting next_dagrun for example_sensor_decorator to None, run_after=None
[2023-03-18T00:04:18.376+0000] {processor.py:175} INFO - Processing /home/airflow/.local/lib/python3.7/site-packages/airflow/example_dags/example_sensor_decorator.py took 0.110 seconds
[2023-03-18T00:04:49.308+0000] {processor.py:153} INFO - Started process (PID=8850) to work on /home/airflow/.local/lib/python3.7/site-packages/airflow/example_dags/example_sensor_decorator.py
[2023-03-18T00:04:49.310+0000] {processor.py:743} INFO - Processing file /home/airflow/.local/lib/python3.7/site-packages/airflow/example_dags/example_sensor_decorator.py for tasks to queue
[2023-03-18T00:04:49.311+0000] {logging_mixin.py:137} INFO - [2023-03-18T00:04:49.311+0000] {dagbag.py:538} INFO - Filling up the DagBag from /home/airflow/.local/lib/python3.7/site-packages/airflow/example_dags/example_sensor_decorator.py
[2023-03-18T00:04:49.336+0000] {processor.py:753} INFO - DAG(s) dict_keys(['example_sensor_decorator']) retrieved from /home/airflow/.local/lib/python3.7/site-packages/airflow/example_dags/example_sensor_decorator.py
[2023-03-18T00:04:49.363+0000] {logging_mixin.py:137} INFO - [2023-03-18T00:04:49.363+0000] {dag.py:2690} INFO - Sync 1 DAGs
[2023-03-18T00:04:49.394+0000] {logging_mixin.py:137} INFO - [2023-03-18T00:04:49.393+0000] {dag.py:3441} INFO - Setting next_dagrun for example_sensor_decorator to None, run_after=None
[2023-03-18T00:04:49.417+0000] {processor.py:175} INFO - Processing /home/airflow/.local/lib/python3.7/site-packages/airflow/example_dags/example_sensor_decorator.py took 0.113 seconds
[2023-03-18T00:05:20.059+0000] {processor.py:153} INFO - Started process (PID=8932) to work on /home/airflow/.local/lib/python3.7/site-packages/airflow/example_dags/example_sensor_decorator.py
[2023-03-18T00:05:20.060+0000] {processor.py:743} INFO - Processing file /home/airflow/.local/lib/python3.7/site-packages/airflow/example_dags/example_sensor_decorator.py for tasks to queue
[2023-03-18T00:05:20.062+0000] {logging_mixin.py:137} INFO - [2023-03-18T00:05:20.061+0000] {dagbag.py:538} INFO - Filling up the DagBag from /home/airflow/.local/lib/python3.7/site-packages/airflow/example_dags/example_sensor_decorator.py
[2023-03-18T00:05:20.092+0000] {processor.py:753} INFO - DAG(s) dict_keys(['example_sensor_decorator']) retrieved from /home/airflow/.local/lib/python3.7/site-packages/airflow/example_dags/example_sensor_decorator.py
[2023-03-18T00:05:20.125+0000] {logging_mixin.py:137} INFO - [2023-03-18T00:05:20.125+0000] {dag.py:2690} INFO - Sync 1 DAGs
[2023-03-18T00:05:20.172+0000] {logging_mixin.py:137} INFO - [2023-03-18T00:05:20.172+0000] {dag.py:3441} INFO - Setting next_dagrun for example_sensor_decorator to None, run_after=None
[2023-03-18T00:05:20.212+0000] {processor.py:175} INFO - Processing /home/airflow/.local/lib/python3.7/site-packages/airflow/example_dags/example_sensor_decorator.py took 0.157 seconds
[2023-03-18T00:05:51.188+0000] {processor.py:153} INFO - Started process (PID=9014) to work on /home/airflow/.local/lib/python3.7/site-packages/airflow/example_dags/example_sensor_decorator.py
[2023-03-18T00:05:51.189+0000] {processor.py:743} INFO - Processing file /home/airflow/.local/lib/python3.7/site-packages/airflow/example_dags/example_sensor_decorator.py for tasks to queue
[2023-03-18T00:05:51.190+0000] {logging_mixin.py:137} INFO - [2023-03-18T00:05:51.190+0000] {dagbag.py:538} INFO - Filling up the DagBag from /home/airflow/.local/lib/python3.7/site-packages/airflow/example_dags/example_sensor_decorator.py
[2023-03-18T00:05:51.214+0000] {processor.py:753} INFO - DAG(s) dict_keys(['example_sensor_decorator']) retrieved from /home/airflow/.local/lib/python3.7/site-packages/airflow/example_dags/example_sensor_decorator.py
[2023-03-18T00:05:51.241+0000] {logging_mixin.py:137} INFO - [2023-03-18T00:05:51.241+0000] {dag.py:2690} INFO - Sync 1 DAGs
[2023-03-18T00:05:51.275+0000] {logging_mixin.py:137} INFO - [2023-03-18T00:05:51.275+0000] {dag.py:3441} INFO - Setting next_dagrun for example_sensor_decorator to None, run_after=None
[2023-03-18T00:05:51.297+0000] {processor.py:175} INFO - Processing /home/airflow/.local/lib/python3.7/site-packages/airflow/example_dags/example_sensor_decorator.py took 0.114 seconds
[2023-03-18T00:06:22.386+0000] {processor.py:153} INFO - Started process (PID=9105) to work on /home/airflow/.local/lib/python3.7/site-packages/airflow/example_dags/example_sensor_decorator.py
[2023-03-18T00:06:22.387+0000] {processor.py:743} INFO - Processing file /home/airflow/.local/lib/python3.7/site-packages/airflow/example_dags/example_sensor_decorator.py for tasks to queue
[2023-03-18T00:06:22.389+0000] {logging_mixin.py:137} INFO - [2023-03-18T00:06:22.389+0000] {dagbag.py:538} INFO - Filling up the DagBag from /home/airflow/.local/lib/python3.7/site-packages/airflow/example_dags/example_sensor_decorator.py
[2023-03-18T00:06:22.423+0000] {processor.py:753} INFO - DAG(s) dict_keys(['example_sensor_decorator']) retrieved from /home/airflow/.local/lib/python3.7/site-packages/airflow/example_dags/example_sensor_decorator.py
[2023-03-18T00:06:22.466+0000] {logging_mixin.py:137} INFO - [2023-03-18T00:06:22.466+0000] {dag.py:2690} INFO - Sync 1 DAGs
[2023-03-18T00:06:22.537+0000] {logging_mixin.py:137} INFO - [2023-03-18T00:06:22.537+0000] {dag.py:3441} INFO - Setting next_dagrun for example_sensor_decorator to None, run_after=None
[2023-03-18T00:06:22.606+0000] {processor.py:175} INFO - Processing /home/airflow/.local/lib/python3.7/site-packages/airflow/example_dags/example_sensor_decorator.py took 0.226 seconds
[2023-03-18T00:06:53.032+0000] {processor.py:153} INFO - Started process (PID=9198) to work on /home/airflow/.local/lib/python3.7/site-packages/airflow/example_dags/example_sensor_decorator.py
[2023-03-18T00:06:53.033+0000] {processor.py:743} INFO - Processing file /home/airflow/.local/lib/python3.7/site-packages/airflow/example_dags/example_sensor_decorator.py for tasks to queue
[2023-03-18T00:06:53.035+0000] {logging_mixin.py:137} INFO - [2023-03-18T00:06:53.035+0000] {dagbag.py:538} INFO - Filling up the DagBag from /home/airflow/.local/lib/python3.7/site-packages/airflow/example_dags/example_sensor_decorator.py
[2023-03-18T00:06:53.062+0000] {processor.py:753} INFO - DAG(s) dict_keys(['example_sensor_decorator']) retrieved from /home/airflow/.local/lib/python3.7/site-packages/airflow/example_dags/example_sensor_decorator.py
[2023-03-18T00:06:53.090+0000] {logging_mixin.py:137} INFO - [2023-03-18T00:06:53.090+0000] {dag.py:2690} INFO - Sync 1 DAGs
[2023-03-18T00:06:53.123+0000] {logging_mixin.py:137} INFO - [2023-03-18T00:06:53.123+0000] {dag.py:3441} INFO - Setting next_dagrun for example_sensor_decorator to None, run_after=None
[2023-03-18T00:06:53.153+0000] {processor.py:175} INFO - Processing /home/airflow/.local/lib/python3.7/site-packages/airflow/example_dags/example_sensor_decorator.py took 0.125 seconds
[2023-03-18T00:07:23.761+0000] {processor.py:153} INFO - Started process (PID=9281) to work on /home/airflow/.local/lib/python3.7/site-packages/airflow/example_dags/example_sensor_decorator.py
[2023-03-18T00:07:23.763+0000] {processor.py:743} INFO - Processing file /home/airflow/.local/lib/python3.7/site-packages/airflow/example_dags/example_sensor_decorator.py for tasks to queue
[2023-03-18T00:07:23.764+0000] {logging_mixin.py:137} INFO - [2023-03-18T00:07:23.764+0000] {dagbag.py:538} INFO - Filling up the DagBag from /home/airflow/.local/lib/python3.7/site-packages/airflow/example_dags/example_sensor_decorator.py
[2023-03-18T00:07:23.800+0000] {processor.py:753} INFO - DAG(s) dict_keys(['example_sensor_decorator']) retrieved from /home/airflow/.local/lib/python3.7/site-packages/airflow/example_dags/example_sensor_decorator.py
[2023-03-18T00:07:23.835+0000] {logging_mixin.py:137} INFO - [2023-03-18T00:07:23.835+0000] {dag.py:2690} INFO - Sync 1 DAGs
[2023-03-18T00:07:23.875+0000] {logging_mixin.py:137} INFO - [2023-03-18T00:07:23.875+0000] {dag.py:3441} INFO - Setting next_dagrun for example_sensor_decorator to None, run_after=None
[2023-03-18T00:07:23.905+0000] {processor.py:175} INFO - Processing /home/airflow/.local/lib/python3.7/site-packages/airflow/example_dags/example_sensor_decorator.py took 0.151 seconds
[2023-03-18T00:07:53.970+0000] {processor.py:153} INFO - Started process (PID=9364) to work on /home/airflow/.local/lib/python3.7/site-packages/airflow/example_dags/example_sensor_decorator.py
[2023-03-18T00:07:53.971+0000] {processor.py:743} INFO - Processing file /home/airflow/.local/lib/python3.7/site-packages/airflow/example_dags/example_sensor_decorator.py for tasks to queue
[2023-03-18T00:07:53.972+0000] {logging_mixin.py:137} INFO - [2023-03-18T00:07:53.972+0000] {dagbag.py:538} INFO - Filling up the DagBag from /home/airflow/.local/lib/python3.7/site-packages/airflow/example_dags/example_sensor_decorator.py
[2023-03-18T00:07:54.003+0000] {processor.py:753} INFO - DAG(s) dict_keys(['example_sensor_decorator']) retrieved from /home/airflow/.local/lib/python3.7/site-packages/airflow/example_dags/example_sensor_decorator.py
[2023-03-18T00:07:54.033+0000] {logging_mixin.py:137} INFO - [2023-03-18T00:07:54.033+0000] {dag.py:2690} INFO - Sync 1 DAGs
[2023-03-18T00:07:54.066+0000] {logging_mixin.py:137} INFO - [2023-03-18T00:07:54.066+0000] {dag.py:3441} INFO - Setting next_dagrun for example_sensor_decorator to None, run_after=None
[2023-03-18T00:07:54.091+0000] {processor.py:175} INFO - Processing /home/airflow/.local/lib/python3.7/site-packages/airflow/example_dags/example_sensor_decorator.py took 0.125 seconds
[2023-03-18T00:08:25.108+0000] {processor.py:153} INFO - Started process (PID=9446) to work on /home/airflow/.local/lib/python3.7/site-packages/airflow/example_dags/example_sensor_decorator.py
[2023-03-18T00:08:25.109+0000] {processor.py:743} INFO - Processing file /home/airflow/.local/lib/python3.7/site-packages/airflow/example_dags/example_sensor_decorator.py for tasks to queue
[2023-03-18T00:08:25.110+0000] {logging_mixin.py:137} INFO - [2023-03-18T00:08:25.110+0000] {dagbag.py:538} INFO - Filling up the DagBag from /home/airflow/.local/lib/python3.7/site-packages/airflow/example_dags/example_sensor_decorator.py
[2023-03-18T00:08:25.141+0000] {processor.py:753} INFO - DAG(s) dict_keys(['example_sensor_decorator']) retrieved from /home/airflow/.local/lib/python3.7/site-packages/airflow/example_dags/example_sensor_decorator.py
[2023-03-18T00:08:25.172+0000] {logging_mixin.py:137} INFO - [2023-03-18T00:08:25.171+0000] {dag.py:2690} INFO - Sync 1 DAGs
[2023-03-18T00:08:25.228+0000] {logging_mixin.py:137} INFO - [2023-03-18T00:08:25.228+0000] {dag.py:3441} INFO - Setting next_dagrun for example_sensor_decorator to None, run_after=None
[2023-03-18T00:08:25.260+0000] {processor.py:175} INFO - Processing /home/airflow/.local/lib/python3.7/site-packages/airflow/example_dags/example_sensor_decorator.py took 0.157 seconds
[2023-03-18T00:08:56.290+0000] {processor.py:153} INFO - Started process (PID=9537) to work on /home/airflow/.local/lib/python3.7/site-packages/airflow/example_dags/example_sensor_decorator.py
[2023-03-18T00:08:56.292+0000] {processor.py:743} INFO - Processing file /home/airflow/.local/lib/python3.7/site-packages/airflow/example_dags/example_sensor_decorator.py for tasks to queue
[2023-03-18T00:08:56.293+0000] {logging_mixin.py:137} INFO - [2023-03-18T00:08:56.293+0000] {dagbag.py:538} INFO - Filling up the DagBag from /home/airflow/.local/lib/python3.7/site-packages/airflow/example_dags/example_sensor_decorator.py
[2023-03-18T00:08:56.327+0000] {processor.py:753} INFO - DAG(s) dict_keys(['example_sensor_decorator']) retrieved from /home/airflow/.local/lib/python3.7/site-packages/airflow/example_dags/example_sensor_decorator.py
[2023-03-18T00:08:56.360+0000] {logging_mixin.py:137} INFO - [2023-03-18T00:08:56.360+0000] {dag.py:2690} INFO - Sync 1 DAGs
[2023-03-18T00:08:56.420+0000] {logging_mixin.py:137} INFO - [2023-03-18T00:08:56.419+0000] {dag.py:3441} INFO - Setting next_dagrun for example_sensor_decorator to None, run_after=None
[2023-03-18T00:08:56.466+0000] {processor.py:175} INFO - Processing /home/airflow/.local/lib/python3.7/site-packages/airflow/example_dags/example_sensor_decorator.py took 0.180 seconds
[2023-03-18T00:09:26.504+0000] {processor.py:153} INFO - Started process (PID=9630) to work on /home/airflow/.local/lib/python3.7/site-packages/airflow/example_dags/example_sensor_decorator.py
[2023-03-18T00:09:26.505+0000] {processor.py:743} INFO - Processing file /home/airflow/.local/lib/python3.7/site-packages/airflow/example_dags/example_sensor_decorator.py for tasks to queue
[2023-03-18T00:09:26.506+0000] {logging_mixin.py:137} INFO - [2023-03-18T00:09:26.506+0000] {dagbag.py:538} INFO - Filling up the DagBag from /home/airflow/.local/lib/python3.7/site-packages/airflow/example_dags/example_sensor_decorator.py
[2023-03-18T00:09:26.530+0000] {processor.py:753} INFO - DAG(s) dict_keys(['example_sensor_decorator']) retrieved from /home/airflow/.local/lib/python3.7/site-packages/airflow/example_dags/example_sensor_decorator.py
[2023-03-18T00:09:26.554+0000] {logging_mixin.py:137} INFO - [2023-03-18T00:09:26.554+0000] {dag.py:2690} INFO - Sync 1 DAGs
[2023-03-18T00:09:26.581+0000] {logging_mixin.py:137} INFO - [2023-03-18T00:09:26.581+0000] {dag.py:3441} INFO - Setting next_dagrun for example_sensor_decorator to None, run_after=None
[2023-03-18T00:09:26.609+0000] {processor.py:175} INFO - Processing /home/airflow/.local/lib/python3.7/site-packages/airflow/example_dags/example_sensor_decorator.py took 0.109 seconds
[2023-03-18T00:09:57.486+0000] {processor.py:153} INFO - Started process (PID=9712) to work on /home/airflow/.local/lib/python3.7/site-packages/airflow/example_dags/example_sensor_decorator.py
[2023-03-18T00:09:57.487+0000] {processor.py:743} INFO - Processing file /home/airflow/.local/lib/python3.7/site-packages/airflow/example_dags/example_sensor_decorator.py for tasks to queue
[2023-03-18T00:09:57.488+0000] {logging_mixin.py:137} INFO - [2023-03-18T00:09:57.488+0000] {dagbag.py:538} INFO - Filling up the DagBag from /home/airflow/.local/lib/python3.7/site-packages/airflow/example_dags/example_sensor_decorator.py
[2023-03-18T00:09:57.514+0000] {processor.py:753} INFO - DAG(s) dict_keys(['example_sensor_decorator']) retrieved from /home/airflow/.local/lib/python3.7/site-packages/airflow/example_dags/example_sensor_decorator.py
[2023-03-18T00:09:57.541+0000] {logging_mixin.py:137} INFO - [2023-03-18T00:09:57.541+0000] {dag.py:2690} INFO - Sync 1 DAGs
[2023-03-18T00:09:57.570+0000] {logging_mixin.py:137} INFO - [2023-03-18T00:09:57.570+0000] {dag.py:3441} INFO - Setting next_dagrun for example_sensor_decorator to None, run_after=None
[2023-03-18T00:09:57.592+0000] {processor.py:175} INFO - Processing /home/airflow/.local/lib/python3.7/site-packages/airflow/example_dags/example_sensor_decorator.py took 0.110 seconds
[2023-03-18T00:10:27.876+0000] {processor.py:153} INFO - Started process (PID=9794) to work on /home/airflow/.local/lib/python3.7/site-packages/airflow/example_dags/example_sensor_decorator.py
[2023-03-18T00:10:27.878+0000] {processor.py:743} INFO - Processing file /home/airflow/.local/lib/python3.7/site-packages/airflow/example_dags/example_sensor_decorator.py for tasks to queue
[2023-03-18T00:10:27.879+0000] {logging_mixin.py:137} INFO - [2023-03-18T00:10:27.879+0000] {dagbag.py:538} INFO - Filling up the DagBag from /home/airflow/.local/lib/python3.7/site-packages/airflow/example_dags/example_sensor_decorator.py
[2023-03-18T00:10:27.916+0000] {processor.py:753} INFO - DAG(s) dict_keys(['example_sensor_decorator']) retrieved from /home/airflow/.local/lib/python3.7/site-packages/airflow/example_dags/example_sensor_decorator.py
[2023-03-18T00:10:27.951+0000] {logging_mixin.py:137} INFO - [2023-03-18T00:10:27.951+0000] {dag.py:2690} INFO - Sync 1 DAGs
[2023-03-18T00:10:27.987+0000] {logging_mixin.py:137} INFO - [2023-03-18T00:10:27.987+0000] {dag.py:3441} INFO - Setting next_dagrun for example_sensor_decorator to None, run_after=None
[2023-03-18T00:10:28.017+0000] {processor.py:175} INFO - Processing /home/airflow/.local/lib/python3.7/site-packages/airflow/example_dags/example_sensor_decorator.py took 0.145 seconds
[2023-03-18T00:10:59.012+0000] {processor.py:153} INFO - Started process (PID=9885) to work on /home/airflow/.local/lib/python3.7/site-packages/airflow/example_dags/example_sensor_decorator.py
[2023-03-18T00:10:59.013+0000] {processor.py:743} INFO - Processing file /home/airflow/.local/lib/python3.7/site-packages/airflow/example_dags/example_sensor_decorator.py for tasks to queue
[2023-03-18T00:10:59.015+0000] {logging_mixin.py:137} INFO - [2023-03-18T00:10:59.015+0000] {dagbag.py:538} INFO - Filling up the DagBag from /home/airflow/.local/lib/python3.7/site-packages/airflow/example_dags/example_sensor_decorator.py
[2023-03-18T00:10:59.058+0000] {processor.py:753} INFO - DAG(s) dict_keys(['example_sensor_decorator']) retrieved from /home/airflow/.local/lib/python3.7/site-packages/airflow/example_dags/example_sensor_decorator.py
[2023-03-18T00:10:59.114+0000] {logging_mixin.py:137} INFO - [2023-03-18T00:10:59.113+0000] {dag.py:2690} INFO - Sync 1 DAGs
[2023-03-18T00:10:59.176+0000] {logging_mixin.py:137} INFO - [2023-03-18T00:10:59.176+0000] {dag.py:3441} INFO - Setting next_dagrun for example_sensor_decorator to None, run_after=None
[2023-03-18T00:10:59.228+0000] {processor.py:175} INFO - Processing /home/airflow/.local/lib/python3.7/site-packages/airflow/example_dags/example_sensor_decorator.py took 0.221 seconds
[2023-03-18T00:11:30.122+0000] {processor.py:153} INFO - Started process (PID=9978) to work on /home/airflow/.local/lib/python3.7/site-packages/airflow/example_dags/example_sensor_decorator.py
[2023-03-18T00:11:30.124+0000] {processor.py:743} INFO - Processing file /home/airflow/.local/lib/python3.7/site-packages/airflow/example_dags/example_sensor_decorator.py for tasks to queue
[2023-03-18T00:11:30.126+0000] {logging_mixin.py:137} INFO - [2023-03-18T00:11:30.125+0000] {dagbag.py:538} INFO - Filling up the DagBag from /home/airflow/.local/lib/python3.7/site-packages/airflow/example_dags/example_sensor_decorator.py
[2023-03-18T00:11:30.168+0000] {processor.py:753} INFO - DAG(s) dict_keys(['example_sensor_decorator']) retrieved from /home/airflow/.local/lib/python3.7/site-packages/airflow/example_dags/example_sensor_decorator.py
[2023-03-18T00:11:30.208+0000] {logging_mixin.py:137} INFO - [2023-03-18T00:11:30.207+0000] {dag.py:2690} INFO - Sync 1 DAGs
[2023-03-18T00:11:30.252+0000] {logging_mixin.py:137} INFO - [2023-03-18T00:11:30.251+0000] {dag.py:3441} INFO - Setting next_dagrun for example_sensor_decorator to None, run_after=None
[2023-03-18T00:11:30.287+0000] {processor.py:175} INFO - Processing /home/airflow/.local/lib/python3.7/site-packages/airflow/example_dags/example_sensor_decorator.py took 0.169 seconds
[2023-03-18T00:12:00.629+0000] {processor.py:153} INFO - Started process (PID=10060) to work on /home/airflow/.local/lib/python3.7/site-packages/airflow/example_dags/example_sensor_decorator.py
[2023-03-18T00:12:00.631+0000] {processor.py:743} INFO - Processing file /home/airflow/.local/lib/python3.7/site-packages/airflow/example_dags/example_sensor_decorator.py for tasks to queue
[2023-03-18T00:12:00.632+0000] {logging_mixin.py:137} INFO - [2023-03-18T00:12:00.632+0000] {dagbag.py:538} INFO - Filling up the DagBag from /home/airflow/.local/lib/python3.7/site-packages/airflow/example_dags/example_sensor_decorator.py
[2023-03-18T00:12:00.665+0000] {processor.py:753} INFO - DAG(s) dict_keys(['example_sensor_decorator']) retrieved from /home/airflow/.local/lib/python3.7/site-packages/airflow/example_dags/example_sensor_decorator.py
[2023-03-18T00:12:00.697+0000] {logging_mixin.py:137} INFO - [2023-03-18T00:12:00.697+0000] {dag.py:2690} INFO - Sync 1 DAGs
[2023-03-18T00:12:00.734+0000] {logging_mixin.py:137} INFO - [2023-03-18T00:12:00.734+0000] {dag.py:3441} INFO - Setting next_dagrun for example_sensor_decorator to None, run_after=None
[2023-03-18T00:12:00.761+0000] {processor.py:175} INFO - Processing /home/airflow/.local/lib/python3.7/site-packages/airflow/example_dags/example_sensor_decorator.py took 0.136 seconds
[2023-03-18T00:12:31.797+0000] {processor.py:153} INFO - Started process (PID=10144) to work on /home/airflow/.local/lib/python3.7/site-packages/airflow/example_dags/example_sensor_decorator.py
[2023-03-18T00:12:31.799+0000] {processor.py:743} INFO - Processing file /home/airflow/.local/lib/python3.7/site-packages/airflow/example_dags/example_sensor_decorator.py for tasks to queue
[2023-03-18T00:12:31.801+0000] {logging_mixin.py:137} INFO - [2023-03-18T00:12:31.801+0000] {dagbag.py:538} INFO - Filling up the DagBag from /home/airflow/.local/lib/python3.7/site-packages/airflow/example_dags/example_sensor_decorator.py
[2023-03-18T00:12:31.861+0000] {processor.py:753} INFO - DAG(s) dict_keys(['example_sensor_decorator']) retrieved from /home/airflow/.local/lib/python3.7/site-packages/airflow/example_dags/example_sensor_decorator.py
[2023-03-18T00:12:31.905+0000] {logging_mixin.py:137} INFO - [2023-03-18T00:12:31.905+0000] {dag.py:2690} INFO - Sync 1 DAGs
[2023-03-18T00:12:31.947+0000] {logging_mixin.py:137} INFO - [2023-03-18T00:12:31.947+0000] {dag.py:3441} INFO - Setting next_dagrun for example_sensor_decorator to None, run_after=None
[2023-03-18T00:12:31.977+0000] {processor.py:175} INFO - Processing /home/airflow/.local/lib/python3.7/site-packages/airflow/example_dags/example_sensor_decorator.py took 0.187 seconds
[2023-03-18T00:13:02.391+0000] {processor.py:153} INFO - Started process (PID=10226) to work on /home/airflow/.local/lib/python3.7/site-packages/airflow/example_dags/example_sensor_decorator.py
[2023-03-18T00:13:02.392+0000] {processor.py:743} INFO - Processing file /home/airflow/.local/lib/python3.7/site-packages/airflow/example_dags/example_sensor_decorator.py for tasks to queue
[2023-03-18T00:13:02.393+0000] {logging_mixin.py:137} INFO - [2023-03-18T00:13:02.393+0000] {dagbag.py:538} INFO - Filling up the DagBag from /home/airflow/.local/lib/python3.7/site-packages/airflow/example_dags/example_sensor_decorator.py
[2023-03-18T00:13:02.418+0000] {processor.py:753} INFO - DAG(s) dict_keys(['example_sensor_decorator']) retrieved from /home/airflow/.local/lib/python3.7/site-packages/airflow/example_dags/example_sensor_decorator.py
[2023-03-18T00:13:02.444+0000] {logging_mixin.py:137} INFO - [2023-03-18T00:13:02.443+0000] {dag.py:2690} INFO - Sync 1 DAGs
[2023-03-18T00:13:02.472+0000] {logging_mixin.py:137} INFO - [2023-03-18T00:13:02.472+0000] {dag.py:3441} INFO - Setting next_dagrun for example_sensor_decorator to None, run_after=None
[2023-03-18T00:13:02.495+0000] {processor.py:175} INFO - Processing /home/airflow/.local/lib/python3.7/site-packages/airflow/example_dags/example_sensor_decorator.py took 0.107 seconds
[2023-03-18T00:13:33.579+0000] {processor.py:153} INFO - Started process (PID=10328) to work on /home/airflow/.local/lib/python3.7/site-packages/airflow/example_dags/example_sensor_decorator.py
[2023-03-18T00:13:33.581+0000] {processor.py:743} INFO - Processing file /home/airflow/.local/lib/python3.7/site-packages/airflow/example_dags/example_sensor_decorator.py for tasks to queue
[2023-03-18T00:13:33.582+0000] {logging_mixin.py:137} INFO - [2023-03-18T00:13:33.582+0000] {dagbag.py:538} INFO - Filling up the DagBag from /home/airflow/.local/lib/python3.7/site-packages/airflow/example_dags/example_sensor_decorator.py
[2023-03-18T00:13:33.618+0000] {processor.py:753} INFO - DAG(s) dict_keys(['example_sensor_decorator']) retrieved from /home/airflow/.local/lib/python3.7/site-packages/airflow/example_dags/example_sensor_decorator.py
[2023-03-18T00:13:33.655+0000] {logging_mixin.py:137} INFO - [2023-03-18T00:13:33.655+0000] {dag.py:2690} INFO - Sync 1 DAGs
[2023-03-18T00:13:33.723+0000] {logging_mixin.py:137} INFO - [2023-03-18T00:13:33.723+0000] {dag.py:3441} INFO - Setting next_dagrun for example_sensor_decorator to None, run_after=None
[2023-03-18T00:13:33.771+0000] {processor.py:175} INFO - Processing /home/airflow/.local/lib/python3.7/site-packages/airflow/example_dags/example_sensor_decorator.py took 0.199 seconds
[2023-03-18T00:14:04.220+0000] {processor.py:153} INFO - Started process (PID=10410) to work on /home/airflow/.local/lib/python3.7/site-packages/airflow/example_dags/example_sensor_decorator.py
[2023-03-18T00:14:04.222+0000] {processor.py:743} INFO - Processing file /home/airflow/.local/lib/python3.7/site-packages/airflow/example_dags/example_sensor_decorator.py for tasks to queue
[2023-03-18T00:14:04.224+0000] {logging_mixin.py:137} INFO - [2023-03-18T00:14:04.224+0000] {dagbag.py:538} INFO - Filling up the DagBag from /home/airflow/.local/lib/python3.7/site-packages/airflow/example_dags/example_sensor_decorator.py
[2023-03-18T00:14:04.263+0000] {processor.py:753} INFO - DAG(s) dict_keys(['example_sensor_decorator']) retrieved from /home/airflow/.local/lib/python3.7/site-packages/airflow/example_dags/example_sensor_decorator.py
[2023-03-18T00:14:04.309+0000] {logging_mixin.py:137} INFO - [2023-03-18T00:14:04.309+0000] {dag.py:2690} INFO - Sync 1 DAGs
[2023-03-18T00:14:04.366+0000] {logging_mixin.py:137} INFO - [2023-03-18T00:14:04.366+0000] {dag.py:3441} INFO - Setting next_dagrun for example_sensor_decorator to None, run_after=None
[2023-03-18T00:14:04.399+0000] {processor.py:175} INFO - Processing /home/airflow/.local/lib/python3.7/site-packages/airflow/example_dags/example_sensor_decorator.py took 0.185 seconds
[2023-03-18T00:14:35.223+0000] {processor.py:153} INFO - Started process (PID=10492) to work on /home/airflow/.local/lib/python3.7/site-packages/airflow/example_dags/example_sensor_decorator.py
[2023-03-18T00:14:35.225+0000] {processor.py:743} INFO - Processing file /home/airflow/.local/lib/python3.7/site-packages/airflow/example_dags/example_sensor_decorator.py for tasks to queue
[2023-03-18T00:14:35.227+0000] {logging_mixin.py:137} INFO - [2023-03-18T00:14:35.226+0000] {dagbag.py:538} INFO - Filling up the DagBag from /home/airflow/.local/lib/python3.7/site-packages/airflow/example_dags/example_sensor_decorator.py
[2023-03-18T00:14:35.260+0000] {processor.py:753} INFO - DAG(s) dict_keys(['example_sensor_decorator']) retrieved from /home/airflow/.local/lib/python3.7/site-packages/airflow/example_dags/example_sensor_decorator.py
[2023-03-18T00:14:35.298+0000] {logging_mixin.py:137} INFO - [2023-03-18T00:14:35.298+0000] {dag.py:2690} INFO - Sync 1 DAGs
[2023-03-18T00:14:35.347+0000] {logging_mixin.py:137} INFO - [2023-03-18T00:14:35.346+0000] {dag.py:3441} INFO - Setting next_dagrun for example_sensor_decorator to None, run_after=None
[2023-03-18T00:14:35.378+0000] {processor.py:175} INFO - Processing /home/airflow/.local/lib/python3.7/site-packages/airflow/example_dags/example_sensor_decorator.py took 0.161 seconds
