[2023-03-18T00:00:11.957+0000] {processor.py:153} INFO - Started process (PID=8088) to work on /home/airflow/.local/lib/python3.7/site-packages/airflow/example_dags/example_complex.py
[2023-03-18T00:00:11.959+0000] {processor.py:743} INFO - Processing file /home/airflow/.local/lib/python3.7/site-packages/airflow/example_dags/example_complex.py for tasks to queue
[2023-03-18T00:00:11.961+0000] {logging_mixin.py:137} INFO - [2023-03-18T00:00:11.961+0000] {dagbag.py:538} INFO - Filling up the DagBag from /home/airflow/.local/lib/python3.7/site-packages/airflow/example_dags/example_complex.py
[2023-03-18T00:00:11.982+0000] {logging_mixin.py:137} INFO - [2023-03-18T00:00:11.981+0000] {taskmixin.py:205} WARNING - Dependency <Task(BashOperator): create_entry_group>, delete_entry_group already registered for DAG: example_complex
[2023-03-18T00:00:11.983+0000] {logging_mixin.py:137} INFO - [2023-03-18T00:00:11.983+0000] {taskmixin.py:205} WARNING - Dependency <Task(BashOperator): delete_entry_group>, create_entry_group already registered for DAG: example_complex
[2023-03-18T00:00:11.984+0000] {logging_mixin.py:137} INFO - [2023-03-18T00:00:11.984+0000] {taskmixin.py:205} WARNING - Dependency <Task(BashOperator): create_entry_gcs>, delete_entry already registered for DAG: example_complex
[2023-03-18T00:00:11.985+0000] {logging_mixin.py:137} INFO - [2023-03-18T00:00:11.985+0000] {taskmixin.py:205} WARNING - Dependency <Task(BashOperator): delete_entry>, create_entry_gcs already registered for DAG: example_complex
[2023-03-18T00:00:11.986+0000] {logging_mixin.py:137} INFO - [2023-03-18T00:00:11.986+0000] {taskmixin.py:205} WARNING - Dependency <Task(BashOperator): create_tag>, delete_tag already registered for DAG: example_complex
[2023-03-18T00:00:11.988+0000] {logging_mixin.py:137} INFO - [2023-03-18T00:00:11.987+0000] {taskmixin.py:205} WARNING - Dependency <Task(BashOperator): delete_tag>, create_tag already registered for DAG: example_complex
[2023-03-18T00:00:12.001+0000] {processor.py:753} INFO - DAG(s) dict_keys(['example_complex']) retrieved from /home/airflow/.local/lib/python3.7/site-packages/airflow/example_dags/example_complex.py
[2023-03-18T00:00:12.056+0000] {logging_mixin.py:137} INFO - [2023-03-18T00:00:12.056+0000] {dag.py:2690} INFO - Sync 1 DAGs
[2023-03-18T00:00:12.103+0000] {logging_mixin.py:137} INFO - [2023-03-18T00:00:12.103+0000] {dag.py:3441} INFO - Setting next_dagrun for example_complex to None, run_after=None
[2023-03-18T00:00:12.138+0000] {processor.py:175} INFO - Processing /home/airflow/.local/lib/python3.7/site-packages/airflow/example_dags/example_complex.py took 0.185 seconds
[2023-03-18T00:00:43.687+0000] {processor.py:153} INFO - Started process (PID=8170) to work on /home/airflow/.local/lib/python3.7/site-packages/airflow/example_dags/example_complex.py
[2023-03-18T00:00:43.692+0000] {processor.py:743} INFO - Processing file /home/airflow/.local/lib/python3.7/site-packages/airflow/example_dags/example_complex.py for tasks to queue
[2023-03-18T00:00:43.696+0000] {logging_mixin.py:137} INFO - [2023-03-18T00:00:43.695+0000] {dagbag.py:538} INFO - Filling up the DagBag from /home/airflow/.local/lib/python3.7/site-packages/airflow/example_dags/example_complex.py
[2023-03-18T00:00:43.760+0000] {logging_mixin.py:137} INFO - [2023-03-18T00:00:43.759+0000] {taskmixin.py:205} WARNING - Dependency <Task(BashOperator): create_entry_group>, delete_entry_group already registered for DAG: example_complex
[2023-03-18T00:00:43.762+0000] {logging_mixin.py:137} INFO - [2023-03-18T00:00:43.762+0000] {taskmixin.py:205} WARNING - Dependency <Task(BashOperator): delete_entry_group>, create_entry_group already registered for DAG: example_complex
[2023-03-18T00:00:43.765+0000] {logging_mixin.py:137} INFO - [2023-03-18T00:00:43.765+0000] {taskmixin.py:205} WARNING - Dependency <Task(BashOperator): create_entry_gcs>, delete_entry already registered for DAG: example_complex
[2023-03-18T00:00:43.768+0000] {logging_mixin.py:137} INFO - [2023-03-18T00:00:43.767+0000] {taskmixin.py:205} WARNING - Dependency <Task(BashOperator): delete_entry>, create_entry_gcs already registered for DAG: example_complex
[2023-03-18T00:00:43.771+0000] {logging_mixin.py:137} INFO - [2023-03-18T00:00:43.771+0000] {taskmixin.py:205} WARNING - Dependency <Task(BashOperator): create_tag>, delete_tag already registered for DAG: example_complex
[2023-03-18T00:00:43.774+0000] {logging_mixin.py:137} INFO - [2023-03-18T00:00:43.773+0000] {taskmixin.py:205} WARNING - Dependency <Task(BashOperator): delete_tag>, create_tag already registered for DAG: example_complex
[2023-03-18T00:00:43.807+0000] {processor.py:753} INFO - DAG(s) dict_keys(['example_complex']) retrieved from /home/airflow/.local/lib/python3.7/site-packages/airflow/example_dags/example_complex.py
[2023-03-18T00:00:43.977+0000] {logging_mixin.py:137} INFO - [2023-03-18T00:00:43.976+0000] {dag.py:2690} INFO - Sync 1 DAGs
[2023-03-18T00:00:44.108+0000] {logging_mixin.py:137} INFO - [2023-03-18T00:00:44.107+0000] {dag.py:3441} INFO - Setting next_dagrun for example_complex to None, run_after=None
[2023-03-18T00:00:44.202+0000] {processor.py:175} INFO - Processing /home/airflow/.local/lib/python3.7/site-packages/airflow/example_dags/example_complex.py took 0.531 seconds
[2023-03-18T00:01:14.286+0000] {processor.py:153} INFO - Started process (PID=8252) to work on /home/airflow/.local/lib/python3.7/site-packages/airflow/example_dags/example_complex.py
[2023-03-18T00:01:14.289+0000] {processor.py:743} INFO - Processing file /home/airflow/.local/lib/python3.7/site-packages/airflow/example_dags/example_complex.py for tasks to queue
[2023-03-18T00:01:14.291+0000] {logging_mixin.py:137} INFO - [2023-03-18T00:01:14.291+0000] {dagbag.py:538} INFO - Filling up the DagBag from /home/airflow/.local/lib/python3.7/site-packages/airflow/example_dags/example_complex.py
[2023-03-18T00:01:14.313+0000] {logging_mixin.py:137} INFO - [2023-03-18T00:01:14.313+0000] {taskmixin.py:205} WARNING - Dependency <Task(BashOperator): create_entry_group>, delete_entry_group already registered for DAG: example_complex
[2023-03-18T00:01:14.314+0000] {logging_mixin.py:137} INFO - [2023-03-18T00:01:14.314+0000] {taskmixin.py:205} WARNING - Dependency <Task(BashOperator): delete_entry_group>, create_entry_group already registered for DAG: example_complex
[2023-03-18T00:01:14.315+0000] {logging_mixin.py:137} INFO - [2023-03-18T00:01:14.315+0000] {taskmixin.py:205} WARNING - Dependency <Task(BashOperator): create_entry_gcs>, delete_entry already registered for DAG: example_complex
[2023-03-18T00:01:14.316+0000] {logging_mixin.py:137} INFO - [2023-03-18T00:01:14.316+0000] {taskmixin.py:205} WARNING - Dependency <Task(BashOperator): delete_entry>, create_entry_gcs already registered for DAG: example_complex
[2023-03-18T00:01:14.318+0000] {logging_mixin.py:137} INFO - [2023-03-18T00:01:14.317+0000] {taskmixin.py:205} WARNING - Dependency <Task(BashOperator): create_tag>, delete_tag already registered for DAG: example_complex
[2023-03-18T00:01:14.319+0000] {logging_mixin.py:137} INFO - [2023-03-18T00:01:14.319+0000] {taskmixin.py:205} WARNING - Dependency <Task(BashOperator): delete_tag>, create_tag already registered for DAG: example_complex
[2023-03-18T00:01:14.335+0000] {processor.py:753} INFO - DAG(s) dict_keys(['example_complex']) retrieved from /home/airflow/.local/lib/python3.7/site-packages/airflow/example_dags/example_complex.py
[2023-03-18T00:01:14.411+0000] {logging_mixin.py:137} INFO - [2023-03-18T00:01:14.411+0000] {dag.py:2690} INFO - Sync 1 DAGs
[2023-03-18T00:01:14.456+0000] {logging_mixin.py:137} INFO - [2023-03-18T00:01:14.455+0000] {dag.py:3441} INFO - Setting next_dagrun for example_complex to None, run_after=None
[2023-03-18T00:01:14.490+0000] {processor.py:175} INFO - Processing /home/airflow/.local/lib/python3.7/site-packages/airflow/example_dags/example_complex.py took 0.215 seconds
[2023-03-18T00:01:44.856+0000] {processor.py:153} INFO - Started process (PID=8334) to work on /home/airflow/.local/lib/python3.7/site-packages/airflow/example_dags/example_complex.py
[2023-03-18T00:01:44.859+0000] {processor.py:743} INFO - Processing file /home/airflow/.local/lib/python3.7/site-packages/airflow/example_dags/example_complex.py for tasks to queue
[2023-03-18T00:01:44.863+0000] {logging_mixin.py:137} INFO - [2023-03-18T00:01:44.862+0000] {dagbag.py:538} INFO - Filling up the DagBag from /home/airflow/.local/lib/python3.7/site-packages/airflow/example_dags/example_complex.py
[2023-03-18T00:01:44.904+0000] {logging_mixin.py:137} INFO - [2023-03-18T00:01:44.903+0000] {taskmixin.py:205} WARNING - Dependency <Task(BashOperator): create_entry_group>, delete_entry_group already registered for DAG: example_complex
[2023-03-18T00:01:44.905+0000] {logging_mixin.py:137} INFO - [2023-03-18T00:01:44.905+0000] {taskmixin.py:205} WARNING - Dependency <Task(BashOperator): delete_entry_group>, create_entry_group already registered for DAG: example_complex
[2023-03-18T00:01:44.907+0000] {logging_mixin.py:137} INFO - [2023-03-18T00:01:44.907+0000] {taskmixin.py:205} WARNING - Dependency <Task(BashOperator): create_entry_gcs>, delete_entry already registered for DAG: example_complex
[2023-03-18T00:01:44.909+0000] {logging_mixin.py:137} INFO - [2023-03-18T00:01:44.909+0000] {taskmixin.py:205} WARNING - Dependency <Task(BashOperator): delete_entry>, create_entry_gcs already registered for DAG: example_complex
[2023-03-18T00:01:44.911+0000] {logging_mixin.py:137} INFO - [2023-03-18T00:01:44.911+0000] {taskmixin.py:205} WARNING - Dependency <Task(BashOperator): create_tag>, delete_tag already registered for DAG: example_complex
[2023-03-18T00:01:44.912+0000] {logging_mixin.py:137} INFO - [2023-03-18T00:01:44.912+0000] {taskmixin.py:205} WARNING - Dependency <Task(BashOperator): delete_tag>, create_tag already registered for DAG: example_complex
[2023-03-18T00:01:44.928+0000] {processor.py:753} INFO - DAG(s) dict_keys(['example_complex']) retrieved from /home/airflow/.local/lib/python3.7/site-packages/airflow/example_dags/example_complex.py
[2023-03-18T00:01:44.985+0000] {logging_mixin.py:137} INFO - [2023-03-18T00:01:44.985+0000] {dag.py:2690} INFO - Sync 1 DAGs
[2023-03-18T00:01:45.034+0000] {logging_mixin.py:137} INFO - [2023-03-18T00:01:45.034+0000] {dag.py:3441} INFO - Setting next_dagrun for example_complex to None, run_after=None
[2023-03-18T00:01:45.072+0000] {processor.py:175} INFO - Processing /home/airflow/.local/lib/python3.7/site-packages/airflow/example_dags/example_complex.py took 0.227 seconds
[2023-03-18T00:02:15.461+0000] {processor.py:153} INFO - Started process (PID=8416) to work on /home/airflow/.local/lib/python3.7/site-packages/airflow/example_dags/example_complex.py
[2023-03-18T00:02:15.466+0000] {processor.py:743} INFO - Processing file /home/airflow/.local/lib/python3.7/site-packages/airflow/example_dags/example_complex.py for tasks to queue
[2023-03-18T00:02:15.469+0000] {logging_mixin.py:137} INFO - [2023-03-18T00:02:15.468+0000] {dagbag.py:538} INFO - Filling up the DagBag from /home/airflow/.local/lib/python3.7/site-packages/airflow/example_dags/example_complex.py
[2023-03-18T00:02:15.513+0000] {logging_mixin.py:137} INFO - [2023-03-18T00:02:15.512+0000] {taskmixin.py:205} WARNING - Dependency <Task(BashOperator): create_entry_group>, delete_entry_group already registered for DAG: example_complex
[2023-03-18T00:02:15.514+0000] {logging_mixin.py:137} INFO - [2023-03-18T00:02:15.514+0000] {taskmixin.py:205} WARNING - Dependency <Task(BashOperator): delete_entry_group>, create_entry_group already registered for DAG: example_complex
[2023-03-18T00:02:15.516+0000] {logging_mixin.py:137} INFO - [2023-03-18T00:02:15.516+0000] {taskmixin.py:205} WARNING - Dependency <Task(BashOperator): create_entry_gcs>, delete_entry already registered for DAG: example_complex
[2023-03-18T00:02:15.517+0000] {logging_mixin.py:137} INFO - [2023-03-18T00:02:15.517+0000] {taskmixin.py:205} WARNING - Dependency <Task(BashOperator): delete_entry>, create_entry_gcs already registered for DAG: example_complex
[2023-03-18T00:02:15.520+0000] {logging_mixin.py:137} INFO - [2023-03-18T00:02:15.519+0000] {taskmixin.py:205} WARNING - Dependency <Task(BashOperator): create_tag>, delete_tag already registered for DAG: example_complex
[2023-03-18T00:02:15.521+0000] {logging_mixin.py:137} INFO - [2023-03-18T00:02:15.521+0000] {taskmixin.py:205} WARNING - Dependency <Task(BashOperator): delete_tag>, create_tag already registered for DAG: example_complex
[2023-03-18T00:02:15.544+0000] {processor.py:753} INFO - DAG(s) dict_keys(['example_complex']) retrieved from /home/airflow/.local/lib/python3.7/site-packages/airflow/example_dags/example_complex.py
[2023-03-18T00:02:15.631+0000] {logging_mixin.py:137} INFO - [2023-03-18T00:02:15.630+0000] {dag.py:2690} INFO - Sync 1 DAGs
[2023-03-18T00:02:15.694+0000] {logging_mixin.py:137} INFO - [2023-03-18T00:02:15.694+0000] {dag.py:3441} INFO - Setting next_dagrun for example_complex to None, run_after=None
[2023-03-18T00:02:15.746+0000] {processor.py:175} INFO - Processing /home/airflow/.local/lib/python3.7/site-packages/airflow/example_dags/example_complex.py took 0.297 seconds
[2023-03-18T00:02:46.129+0000] {processor.py:153} INFO - Started process (PID=8498) to work on /home/airflow/.local/lib/python3.7/site-packages/airflow/example_dags/example_complex.py
[2023-03-18T00:02:46.131+0000] {processor.py:743} INFO - Processing file /home/airflow/.local/lib/python3.7/site-packages/airflow/example_dags/example_complex.py for tasks to queue
[2023-03-18T00:02:46.133+0000] {logging_mixin.py:137} INFO - [2023-03-18T00:02:46.133+0000] {dagbag.py:538} INFO - Filling up the DagBag from /home/airflow/.local/lib/python3.7/site-packages/airflow/example_dags/example_complex.py
[2023-03-18T00:02:46.158+0000] {logging_mixin.py:137} INFO - [2023-03-18T00:02:46.158+0000] {taskmixin.py:205} WARNING - Dependency <Task(BashOperator): create_entry_group>, delete_entry_group already registered for DAG: example_complex
[2023-03-18T00:02:46.160+0000] {logging_mixin.py:137} INFO - [2023-03-18T00:02:46.159+0000] {taskmixin.py:205} WARNING - Dependency <Task(BashOperator): delete_entry_group>, create_entry_group already registered for DAG: example_complex
[2023-03-18T00:02:46.161+0000] {logging_mixin.py:137} INFO - [2023-03-18T00:02:46.161+0000] {taskmixin.py:205} WARNING - Dependency <Task(BashOperator): create_entry_gcs>, delete_entry already registered for DAG: example_complex
[2023-03-18T00:02:46.162+0000] {logging_mixin.py:137} INFO - [2023-03-18T00:02:46.162+0000] {taskmixin.py:205} WARNING - Dependency <Task(BashOperator): delete_entry>, create_entry_gcs already registered for DAG: example_complex
[2023-03-18T00:02:46.163+0000] {logging_mixin.py:137} INFO - [2023-03-18T00:02:46.163+0000] {taskmixin.py:205} WARNING - Dependency <Task(BashOperator): create_tag>, delete_tag already registered for DAG: example_complex
[2023-03-18T00:02:46.164+0000] {logging_mixin.py:137} INFO - [2023-03-18T00:02:46.164+0000] {taskmixin.py:205} WARNING - Dependency <Task(BashOperator): delete_tag>, create_tag already registered for DAG: example_complex
[2023-03-18T00:02:46.182+0000] {processor.py:753} INFO - DAG(s) dict_keys(['example_complex']) retrieved from /home/airflow/.local/lib/python3.7/site-packages/airflow/example_dags/example_complex.py
[2023-03-18T00:02:46.238+0000] {logging_mixin.py:137} INFO - [2023-03-18T00:02:46.237+0000] {dag.py:2690} INFO - Sync 1 DAGs
[2023-03-18T00:02:46.293+0000] {logging_mixin.py:137} INFO - [2023-03-18T00:02:46.292+0000] {dag.py:3441} INFO - Setting next_dagrun for example_complex to None, run_after=None
[2023-03-18T00:02:46.337+0000] {processor.py:175} INFO - Processing /home/airflow/.local/lib/python3.7/site-packages/airflow/example_dags/example_complex.py took 0.216 seconds
[2023-03-18T00:03:16.711+0000] {processor.py:153} INFO - Started process (PID=8580) to work on /home/airflow/.local/lib/python3.7/site-packages/airflow/example_dags/example_complex.py
[2023-03-18T00:03:16.713+0000] {processor.py:743} INFO - Processing file /home/airflow/.local/lib/python3.7/site-packages/airflow/example_dags/example_complex.py for tasks to queue
[2023-03-18T00:03:16.714+0000] {logging_mixin.py:137} INFO - [2023-03-18T00:03:16.714+0000] {dagbag.py:538} INFO - Filling up the DagBag from /home/airflow/.local/lib/python3.7/site-packages/airflow/example_dags/example_complex.py
[2023-03-18T00:03:16.736+0000] {logging_mixin.py:137} INFO - [2023-03-18T00:03:16.736+0000] {taskmixin.py:205} WARNING - Dependency <Task(BashOperator): create_entry_group>, delete_entry_group already registered for DAG: example_complex
[2023-03-18T00:03:16.737+0000] {logging_mixin.py:137} INFO - [2023-03-18T00:03:16.737+0000] {taskmixin.py:205} WARNING - Dependency <Task(BashOperator): delete_entry_group>, create_entry_group already registered for DAG: example_complex
[2023-03-18T00:03:16.738+0000] {logging_mixin.py:137} INFO - [2023-03-18T00:03:16.738+0000] {taskmixin.py:205} WARNING - Dependency <Task(BashOperator): create_entry_gcs>, delete_entry already registered for DAG: example_complex
[2023-03-18T00:03:16.739+0000] {logging_mixin.py:137} INFO - [2023-03-18T00:03:16.739+0000] {taskmixin.py:205} WARNING - Dependency <Task(BashOperator): delete_entry>, create_entry_gcs already registered for DAG: example_complex
[2023-03-18T00:03:16.740+0000] {logging_mixin.py:137} INFO - [2023-03-18T00:03:16.740+0000] {taskmixin.py:205} WARNING - Dependency <Task(BashOperator): create_tag>, delete_tag already registered for DAG: example_complex
[2023-03-18T00:03:16.741+0000] {logging_mixin.py:137} INFO - [2023-03-18T00:03:16.741+0000] {taskmixin.py:205} WARNING - Dependency <Task(BashOperator): delete_tag>, create_tag already registered for DAG: example_complex
[2023-03-18T00:03:16.751+0000] {processor.py:753} INFO - DAG(s) dict_keys(['example_complex']) retrieved from /home/airflow/.local/lib/python3.7/site-packages/airflow/example_dags/example_complex.py
[2023-03-18T00:03:16.797+0000] {logging_mixin.py:137} INFO - [2023-03-18T00:03:16.797+0000] {dag.py:2690} INFO - Sync 1 DAGs
[2023-03-18T00:03:16.833+0000] {logging_mixin.py:137} INFO - [2023-03-18T00:03:16.833+0000] {dag.py:3441} INFO - Setting next_dagrun for example_complex to None, run_after=None
[2023-03-18T00:03:16.861+0000] {processor.py:175} INFO - Processing /home/airflow/.local/lib/python3.7/site-packages/airflow/example_dags/example_complex.py took 0.155 seconds
[2023-03-18T00:03:47.380+0000] {processor.py:153} INFO - Started process (PID=8662) to work on /home/airflow/.local/lib/python3.7/site-packages/airflow/example_dags/example_complex.py
[2023-03-18T00:03:47.383+0000] {processor.py:743} INFO - Processing file /home/airflow/.local/lib/python3.7/site-packages/airflow/example_dags/example_complex.py for tasks to queue
[2023-03-18T00:03:47.386+0000] {logging_mixin.py:137} INFO - [2023-03-18T00:03:47.386+0000] {dagbag.py:538} INFO - Filling up the DagBag from /home/airflow/.local/lib/python3.7/site-packages/airflow/example_dags/example_complex.py
[2023-03-18T00:03:47.420+0000] {logging_mixin.py:137} INFO - [2023-03-18T00:03:47.420+0000] {taskmixin.py:205} WARNING - Dependency <Task(BashOperator): create_entry_group>, delete_entry_group already registered for DAG: example_complex
[2023-03-18T00:03:47.422+0000] {logging_mixin.py:137} INFO - [2023-03-18T00:03:47.422+0000] {taskmixin.py:205} WARNING - Dependency <Task(BashOperator): delete_entry_group>, create_entry_group already registered for DAG: example_complex
[2023-03-18T00:03:47.424+0000] {logging_mixin.py:137} INFO - [2023-03-18T00:03:47.423+0000] {taskmixin.py:205} WARNING - Dependency <Task(BashOperator): create_entry_gcs>, delete_entry already registered for DAG: example_complex
[2023-03-18T00:03:47.425+0000] {logging_mixin.py:137} INFO - [2023-03-18T00:03:47.425+0000] {taskmixin.py:205} WARNING - Dependency <Task(BashOperator): delete_entry>, create_entry_gcs already registered for DAG: example_complex
[2023-03-18T00:03:47.427+0000] {logging_mixin.py:137} INFO - [2023-03-18T00:03:47.427+0000] {taskmixin.py:205} WARNING - Dependency <Task(BashOperator): create_tag>, delete_tag already registered for DAG: example_complex
[2023-03-18T00:03:47.428+0000] {logging_mixin.py:137} INFO - [2023-03-18T00:03:47.428+0000] {taskmixin.py:205} WARNING - Dependency <Task(BashOperator): delete_tag>, create_tag already registered for DAG: example_complex
[2023-03-18T00:03:47.448+0000] {processor.py:753} INFO - DAG(s) dict_keys(['example_complex']) retrieved from /home/airflow/.local/lib/python3.7/site-packages/airflow/example_dags/example_complex.py
[2023-03-18T00:03:47.533+0000] {logging_mixin.py:137} INFO - [2023-03-18T00:03:47.533+0000] {dag.py:2690} INFO - Sync 1 DAGs
[2023-03-18T00:03:47.634+0000] {logging_mixin.py:137} INFO - [2023-03-18T00:03:47.633+0000] {dag.py:3441} INFO - Setting next_dagrun for example_complex to None, run_after=None
[2023-03-18T00:03:47.694+0000] {processor.py:175} INFO - Processing /home/airflow/.local/lib/python3.7/site-packages/airflow/example_dags/example_complex.py took 0.324 seconds
[2023-03-18T00:04:17.978+0000] {processor.py:153} INFO - Started process (PID=8744) to work on /home/airflow/.local/lib/python3.7/site-packages/airflow/example_dags/example_complex.py
[2023-03-18T00:04:17.980+0000] {processor.py:743} INFO - Processing file /home/airflow/.local/lib/python3.7/site-packages/airflow/example_dags/example_complex.py for tasks to queue
[2023-03-18T00:04:17.981+0000] {logging_mixin.py:137} INFO - [2023-03-18T00:04:17.981+0000] {dagbag.py:538} INFO - Filling up the DagBag from /home/airflow/.local/lib/python3.7/site-packages/airflow/example_dags/example_complex.py
[2023-03-18T00:04:17.997+0000] {logging_mixin.py:137} INFO - [2023-03-18T00:04:17.997+0000] {taskmixin.py:205} WARNING - Dependency <Task(BashOperator): create_entry_group>, delete_entry_group already registered for DAG: example_complex
[2023-03-18T00:04:17.998+0000] {logging_mixin.py:137} INFO - [2023-03-18T00:04:17.998+0000] {taskmixin.py:205} WARNING - Dependency <Task(BashOperator): delete_entry_group>, create_entry_group already registered for DAG: example_complex
[2023-03-18T00:04:17.999+0000] {logging_mixin.py:137} INFO - [2023-03-18T00:04:17.998+0000] {taskmixin.py:205} WARNING - Dependency <Task(BashOperator): create_entry_gcs>, delete_entry already registered for DAG: example_complex
[2023-03-18T00:04:17.999+0000] {logging_mixin.py:137} INFO - [2023-03-18T00:04:17.999+0000] {taskmixin.py:205} WARNING - Dependency <Task(BashOperator): delete_entry>, create_entry_gcs already registered for DAG: example_complex
[2023-03-18T00:04:18.000+0000] {logging_mixin.py:137} INFO - [2023-03-18T00:04:18.000+0000] {taskmixin.py:205} WARNING - Dependency <Task(BashOperator): create_tag>, delete_tag already registered for DAG: example_complex
[2023-03-18T00:04:18.001+0000] {logging_mixin.py:137} INFO - [2023-03-18T00:04:18.001+0000] {taskmixin.py:205} WARNING - Dependency <Task(BashOperator): delete_tag>, create_tag already registered for DAG: example_complex
[2023-03-18T00:04:18.011+0000] {processor.py:753} INFO - DAG(s) dict_keys(['example_complex']) retrieved from /home/airflow/.local/lib/python3.7/site-packages/airflow/example_dags/example_complex.py
[2023-03-18T00:04:18.060+0000] {logging_mixin.py:137} INFO - [2023-03-18T00:04:18.060+0000] {dag.py:2690} INFO - Sync 1 DAGs
[2023-03-18T00:04:18.095+0000] {logging_mixin.py:137} INFO - [2023-03-18T00:04:18.094+0000] {dag.py:3441} INFO - Setting next_dagrun for example_complex to None, run_after=None
[2023-03-18T00:04:18.122+0000] {processor.py:175} INFO - Processing /home/airflow/.local/lib/python3.7/site-packages/airflow/example_dags/example_complex.py took 0.148 seconds
[2023-03-18T00:04:48.816+0000] {processor.py:153} INFO - Started process (PID=8847) to work on /home/airflow/.local/lib/python3.7/site-packages/airflow/example_dags/example_complex.py
[2023-03-18T00:04:48.818+0000] {processor.py:743} INFO - Processing file /home/airflow/.local/lib/python3.7/site-packages/airflow/example_dags/example_complex.py for tasks to queue
[2023-03-18T00:04:48.821+0000] {logging_mixin.py:137} INFO - [2023-03-18T00:04:48.820+0000] {dagbag.py:538} INFO - Filling up the DagBag from /home/airflow/.local/lib/python3.7/site-packages/airflow/example_dags/example_complex.py
[2023-03-18T00:04:48.867+0000] {logging_mixin.py:137} INFO - [2023-03-18T00:04:48.867+0000] {taskmixin.py:205} WARNING - Dependency <Task(BashOperator): create_entry_group>, delete_entry_group already registered for DAG: example_complex
[2023-03-18T00:04:48.870+0000] {logging_mixin.py:137} INFO - [2023-03-18T00:04:48.869+0000] {taskmixin.py:205} WARNING - Dependency <Task(BashOperator): delete_entry_group>, create_entry_group already registered for DAG: example_complex
[2023-03-18T00:04:48.873+0000] {logging_mixin.py:137} INFO - [2023-03-18T00:04:48.873+0000] {taskmixin.py:205} WARNING - Dependency <Task(BashOperator): create_entry_gcs>, delete_entry already registered for DAG: example_complex
[2023-03-18T00:04:48.876+0000] {logging_mixin.py:137} INFO - [2023-03-18T00:04:48.875+0000] {taskmixin.py:205} WARNING - Dependency <Task(BashOperator): delete_entry>, create_entry_gcs already registered for DAG: example_complex
[2023-03-18T00:04:48.879+0000] {logging_mixin.py:137} INFO - [2023-03-18T00:04:48.879+0000] {taskmixin.py:205} WARNING - Dependency <Task(BashOperator): create_tag>, delete_tag already registered for DAG: example_complex
[2023-03-18T00:04:48.882+0000] {logging_mixin.py:137} INFO - [2023-03-18T00:04:48.881+0000] {taskmixin.py:205} WARNING - Dependency <Task(BashOperator): delete_tag>, create_tag already registered for DAG: example_complex
[2023-03-18T00:04:48.918+0000] {processor.py:753} INFO - DAG(s) dict_keys(['example_complex']) retrieved from /home/airflow/.local/lib/python3.7/site-packages/airflow/example_dags/example_complex.py
[2023-03-18T00:04:49.077+0000] {logging_mixin.py:137} INFO - [2023-03-18T00:04:49.076+0000] {dag.py:2690} INFO - Sync 1 DAGs
[2023-03-18T00:04:49.146+0000] {logging_mixin.py:137} INFO - [2023-03-18T00:04:49.145+0000] {dag.py:3441} INFO - Setting next_dagrun for example_complex to None, run_after=None
[2023-03-18T00:04:49.183+0000] {processor.py:175} INFO - Processing /home/airflow/.local/lib/python3.7/site-packages/airflow/example_dags/example_complex.py took 0.373 seconds
[2023-03-18T00:05:19.702+0000] {processor.py:153} INFO - Started process (PID=8929) to work on /home/airflow/.local/lib/python3.7/site-packages/airflow/example_dags/example_complex.py
[2023-03-18T00:05:19.703+0000] {processor.py:743} INFO - Processing file /home/airflow/.local/lib/python3.7/site-packages/airflow/example_dags/example_complex.py for tasks to queue
[2023-03-18T00:05:19.705+0000] {logging_mixin.py:137} INFO - [2023-03-18T00:05:19.705+0000] {dagbag.py:538} INFO - Filling up the DagBag from /home/airflow/.local/lib/python3.7/site-packages/airflow/example_dags/example_complex.py
[2023-03-18T00:05:19.721+0000] {logging_mixin.py:137} INFO - [2023-03-18T00:05:19.720+0000] {taskmixin.py:205} WARNING - Dependency <Task(BashOperator): create_entry_group>, delete_entry_group already registered for DAG: example_complex
[2023-03-18T00:05:19.721+0000] {logging_mixin.py:137} INFO - [2023-03-18T00:05:19.721+0000] {taskmixin.py:205} WARNING - Dependency <Task(BashOperator): delete_entry_group>, create_entry_group already registered for DAG: example_complex
[2023-03-18T00:05:19.722+0000] {logging_mixin.py:137} INFO - [2023-03-18T00:05:19.722+0000] {taskmixin.py:205} WARNING - Dependency <Task(BashOperator): create_entry_gcs>, delete_entry already registered for DAG: example_complex
[2023-03-18T00:05:19.723+0000] {logging_mixin.py:137} INFO - [2023-03-18T00:05:19.723+0000] {taskmixin.py:205} WARNING - Dependency <Task(BashOperator): delete_entry>, create_entry_gcs already registered for DAG: example_complex
[2023-03-18T00:05:19.724+0000] {logging_mixin.py:137} INFO - [2023-03-18T00:05:19.724+0000] {taskmixin.py:205} WARNING - Dependency <Task(BashOperator): create_tag>, delete_tag already registered for DAG: example_complex
[2023-03-18T00:05:19.724+0000] {logging_mixin.py:137} INFO - [2023-03-18T00:05:19.724+0000] {taskmixin.py:205} WARNING - Dependency <Task(BashOperator): delete_tag>, create_tag already registered for DAG: example_complex
[2023-03-18T00:05:19.734+0000] {processor.py:753} INFO - DAG(s) dict_keys(['example_complex']) retrieved from /home/airflow/.local/lib/python3.7/site-packages/airflow/example_dags/example_complex.py
[2023-03-18T00:05:19.776+0000] {logging_mixin.py:137} INFO - [2023-03-18T00:05:19.776+0000] {dag.py:2690} INFO - Sync 1 DAGs
[2023-03-18T00:05:19.809+0000] {logging_mixin.py:137} INFO - [2023-03-18T00:05:19.809+0000] {dag.py:3441} INFO - Setting next_dagrun for example_complex to None, run_after=None
[2023-03-18T00:05:19.840+0000] {processor.py:175} INFO - Processing /home/airflow/.local/lib/python3.7/site-packages/airflow/example_dags/example_complex.py took 0.142 seconds
[2023-03-18T00:05:50.917+0000] {processor.py:153} INFO - Started process (PID=9011) to work on /home/airflow/.local/lib/python3.7/site-packages/airflow/example_dags/example_complex.py
[2023-03-18T00:05:50.918+0000] {processor.py:743} INFO - Processing file /home/airflow/.local/lib/python3.7/site-packages/airflow/example_dags/example_complex.py for tasks to queue
[2023-03-18T00:05:50.920+0000] {logging_mixin.py:137} INFO - [2023-03-18T00:05:50.919+0000] {dagbag.py:538} INFO - Filling up the DagBag from /home/airflow/.local/lib/python3.7/site-packages/airflow/example_dags/example_complex.py
[2023-03-18T00:05:50.934+0000] {logging_mixin.py:137} INFO - [2023-03-18T00:05:50.934+0000] {taskmixin.py:205} WARNING - Dependency <Task(BashOperator): create_entry_group>, delete_entry_group already registered for DAG: example_complex
[2023-03-18T00:05:50.935+0000] {logging_mixin.py:137} INFO - [2023-03-18T00:05:50.935+0000] {taskmixin.py:205} WARNING - Dependency <Task(BashOperator): delete_entry_group>, create_entry_group already registered for DAG: example_complex
[2023-03-18T00:05:50.935+0000] {logging_mixin.py:137} INFO - [2023-03-18T00:05:50.935+0000] {taskmixin.py:205} WARNING - Dependency <Task(BashOperator): create_entry_gcs>, delete_entry already registered for DAG: example_complex
[2023-03-18T00:05:50.936+0000] {logging_mixin.py:137} INFO - [2023-03-18T00:05:50.936+0000] {taskmixin.py:205} WARNING - Dependency <Task(BashOperator): delete_entry>, create_entry_gcs already registered for DAG: example_complex
[2023-03-18T00:05:50.937+0000] {logging_mixin.py:137} INFO - [2023-03-18T00:05:50.937+0000] {taskmixin.py:205} WARNING - Dependency <Task(BashOperator): create_tag>, delete_tag already registered for DAG: example_complex
[2023-03-18T00:05:50.937+0000] {logging_mixin.py:137} INFO - [2023-03-18T00:05:50.937+0000] {taskmixin.py:205} WARNING - Dependency <Task(BashOperator): delete_tag>, create_tag already registered for DAG: example_complex
[2023-03-18T00:05:50.946+0000] {processor.py:753} INFO - DAG(s) dict_keys(['example_complex']) retrieved from /home/airflow/.local/lib/python3.7/site-packages/airflow/example_dags/example_complex.py
[2023-03-18T00:05:50.985+0000] {logging_mixin.py:137} INFO - [2023-03-18T00:05:50.985+0000] {dag.py:2690} INFO - Sync 1 DAGs
[2023-03-18T00:05:51.032+0000] {logging_mixin.py:137} INFO - [2023-03-18T00:05:51.031+0000] {dag.py:3441} INFO - Setting next_dagrun for example_complex to None, run_after=None
[2023-03-18T00:05:51.072+0000] {processor.py:175} INFO - Processing /home/airflow/.local/lib/python3.7/site-packages/airflow/example_dags/example_complex.py took 0.159 seconds
[2023-03-18T00:06:21.905+0000] {processor.py:153} INFO - Started process (PID=9102) to work on /home/airflow/.local/lib/python3.7/site-packages/airflow/example_dags/example_complex.py
[2023-03-18T00:06:21.907+0000] {processor.py:743} INFO - Processing file /home/airflow/.local/lib/python3.7/site-packages/airflow/example_dags/example_complex.py for tasks to queue
[2023-03-18T00:06:21.909+0000] {logging_mixin.py:137} INFO - [2023-03-18T00:06:21.909+0000] {dagbag.py:538} INFO - Filling up the DagBag from /home/airflow/.local/lib/python3.7/site-packages/airflow/example_dags/example_complex.py
[2023-03-18T00:06:21.933+0000] {logging_mixin.py:137} INFO - [2023-03-18T00:06:21.933+0000] {taskmixin.py:205} WARNING - Dependency <Task(BashOperator): create_entry_group>, delete_entry_group already registered for DAG: example_complex
[2023-03-18T00:06:21.934+0000] {logging_mixin.py:137} INFO - [2023-03-18T00:06:21.934+0000] {taskmixin.py:205} WARNING - Dependency <Task(BashOperator): delete_entry_group>, create_entry_group already registered for DAG: example_complex
[2023-03-18T00:06:21.936+0000] {logging_mixin.py:137} INFO - [2023-03-18T00:06:21.936+0000] {taskmixin.py:205} WARNING - Dependency <Task(BashOperator): create_entry_gcs>, delete_entry already registered for DAG: example_complex
[2023-03-18T00:06:21.938+0000] {logging_mixin.py:137} INFO - [2023-03-18T00:06:21.938+0000] {taskmixin.py:205} WARNING - Dependency <Task(BashOperator): delete_entry>, create_entry_gcs already registered for DAG: example_complex
[2023-03-18T00:06:21.940+0000] {logging_mixin.py:137} INFO - [2023-03-18T00:06:21.940+0000] {taskmixin.py:205} WARNING - Dependency <Task(BashOperator): create_tag>, delete_tag already registered for DAG: example_complex
[2023-03-18T00:06:21.941+0000] {logging_mixin.py:137} INFO - [2023-03-18T00:06:21.941+0000] {taskmixin.py:205} WARNING - Dependency <Task(BashOperator): delete_tag>, create_tag already registered for DAG: example_complex
[2023-03-18T00:06:21.955+0000] {processor.py:753} INFO - DAG(s) dict_keys(['example_complex']) retrieved from /home/airflow/.local/lib/python3.7/site-packages/airflow/example_dags/example_complex.py
[2023-03-18T00:06:22.028+0000] {logging_mixin.py:137} INFO - [2023-03-18T00:06:22.028+0000] {dag.py:2690} INFO - Sync 1 DAGs
[2023-03-18T00:06:22.089+0000] {logging_mixin.py:137} INFO - [2023-03-18T00:06:22.089+0000] {dag.py:3441} INFO - Setting next_dagrun for example_complex to None, run_after=None
[2023-03-18T00:06:22.136+0000] {processor.py:175} INFO - Processing /home/airflow/.local/lib/python3.7/site-packages/airflow/example_dags/example_complex.py took 0.238 seconds
[2023-03-18T00:06:52.773+0000] {processor.py:153} INFO - Started process (PID=9195) to work on /home/airflow/.local/lib/python3.7/site-packages/airflow/example_dags/example_complex.py
[2023-03-18T00:06:52.774+0000] {processor.py:743} INFO - Processing file /home/airflow/.local/lib/python3.7/site-packages/airflow/example_dags/example_complex.py for tasks to queue
[2023-03-18T00:06:52.775+0000] {logging_mixin.py:137} INFO - [2023-03-18T00:06:52.775+0000] {dagbag.py:538} INFO - Filling up the DagBag from /home/airflow/.local/lib/python3.7/site-packages/airflow/example_dags/example_complex.py
[2023-03-18T00:06:52.790+0000] {logging_mixin.py:137} INFO - [2023-03-18T00:06:52.790+0000] {taskmixin.py:205} WARNING - Dependency <Task(BashOperator): create_entry_group>, delete_entry_group already registered for DAG: example_complex
[2023-03-18T00:06:52.791+0000] {logging_mixin.py:137} INFO - [2023-03-18T00:06:52.791+0000] {taskmixin.py:205} WARNING - Dependency <Task(BashOperator): delete_entry_group>, create_entry_group already registered for DAG: example_complex
[2023-03-18T00:06:52.792+0000] {logging_mixin.py:137} INFO - [2023-03-18T00:06:52.791+0000] {taskmixin.py:205} WARNING - Dependency <Task(BashOperator): create_entry_gcs>, delete_entry already registered for DAG: example_complex
[2023-03-18T00:06:52.792+0000] {logging_mixin.py:137} INFO - [2023-03-18T00:06:52.792+0000] {taskmixin.py:205} WARNING - Dependency <Task(BashOperator): delete_entry>, create_entry_gcs already registered for DAG: example_complex
[2023-03-18T00:06:52.793+0000] {logging_mixin.py:137} INFO - [2023-03-18T00:06:52.793+0000] {taskmixin.py:205} WARNING - Dependency <Task(BashOperator): create_tag>, delete_tag already registered for DAG: example_complex
[2023-03-18T00:06:52.794+0000] {logging_mixin.py:137} INFO - [2023-03-18T00:06:52.794+0000] {taskmixin.py:205} WARNING - Dependency <Task(BashOperator): delete_tag>, create_tag already registered for DAG: example_complex
[2023-03-18T00:06:52.803+0000] {processor.py:753} INFO - DAG(s) dict_keys(['example_complex']) retrieved from /home/airflow/.local/lib/python3.7/site-packages/airflow/example_dags/example_complex.py
[2023-03-18T00:06:52.840+0000] {logging_mixin.py:137} INFO - [2023-03-18T00:06:52.840+0000] {dag.py:2690} INFO - Sync 1 DAGs
[2023-03-18T00:06:52.870+0000] {logging_mixin.py:137} INFO - [2023-03-18T00:06:52.870+0000] {dag.py:3441} INFO - Setting next_dagrun for example_complex to None, run_after=None
[2023-03-18T00:06:52.894+0000] {processor.py:175} INFO - Processing /home/airflow/.local/lib/python3.7/site-packages/airflow/example_dags/example_complex.py took 0.125 seconds
[2023-03-18T00:07:23.341+0000] {processor.py:153} INFO - Started process (PID=9278) to work on /home/airflow/.local/lib/python3.7/site-packages/airflow/example_dags/example_complex.py
[2023-03-18T00:07:23.343+0000] {processor.py:743} INFO - Processing file /home/airflow/.local/lib/python3.7/site-packages/airflow/example_dags/example_complex.py for tasks to queue
[2023-03-18T00:07:23.344+0000] {logging_mixin.py:137} INFO - [2023-03-18T00:07:23.344+0000] {dagbag.py:538} INFO - Filling up the DagBag from /home/airflow/.local/lib/python3.7/site-packages/airflow/example_dags/example_complex.py
[2023-03-18T00:07:23.363+0000] {logging_mixin.py:137} INFO - [2023-03-18T00:07:23.363+0000] {taskmixin.py:205} WARNING - Dependency <Task(BashOperator): create_entry_group>, delete_entry_group already registered for DAG: example_complex
[2023-03-18T00:07:23.364+0000] {logging_mixin.py:137} INFO - [2023-03-18T00:07:23.364+0000] {taskmixin.py:205} WARNING - Dependency <Task(BashOperator): delete_entry_group>, create_entry_group already registered for DAG: example_complex
[2023-03-18T00:07:23.365+0000] {logging_mixin.py:137} INFO - [2023-03-18T00:07:23.365+0000] {taskmixin.py:205} WARNING - Dependency <Task(BashOperator): create_entry_gcs>, delete_entry already registered for DAG: example_complex
[2023-03-18T00:07:23.366+0000] {logging_mixin.py:137} INFO - [2023-03-18T00:07:23.366+0000] {taskmixin.py:205} WARNING - Dependency <Task(BashOperator): delete_entry>, create_entry_gcs already registered for DAG: example_complex
[2023-03-18T00:07:23.367+0000] {logging_mixin.py:137} INFO - [2023-03-18T00:07:23.367+0000] {taskmixin.py:205} WARNING - Dependency <Task(BashOperator): create_tag>, delete_tag already registered for DAG: example_complex
[2023-03-18T00:07:23.368+0000] {logging_mixin.py:137} INFO - [2023-03-18T00:07:23.368+0000] {taskmixin.py:205} WARNING - Dependency <Task(BashOperator): delete_tag>, create_tag already registered for DAG: example_complex
[2023-03-18T00:07:23.380+0000] {processor.py:753} INFO - DAG(s) dict_keys(['example_complex']) retrieved from /home/airflow/.local/lib/python3.7/site-packages/airflow/example_dags/example_complex.py
[2023-03-18T00:07:23.450+0000] {logging_mixin.py:137} INFO - [2023-03-18T00:07:23.450+0000] {dag.py:2690} INFO - Sync 1 DAGs
[2023-03-18T00:07:23.505+0000] {logging_mixin.py:137} INFO - [2023-03-18T00:07:23.505+0000] {dag.py:3441} INFO - Setting next_dagrun for example_complex to None, run_after=None
[2023-03-18T00:07:23.569+0000] {processor.py:175} INFO - Processing /home/airflow/.local/lib/python3.7/site-packages/airflow/example_dags/example_complex.py took 0.234 seconds
[2023-03-18T00:07:53.746+0000] {processor.py:153} INFO - Started process (PID=9361) to work on /home/airflow/.local/lib/python3.7/site-packages/airflow/example_dags/example_complex.py
[2023-03-18T00:07:53.747+0000] {processor.py:743} INFO - Processing file /home/airflow/.local/lib/python3.7/site-packages/airflow/example_dags/example_complex.py for tasks to queue
[2023-03-18T00:07:53.749+0000] {logging_mixin.py:137} INFO - [2023-03-18T00:07:53.749+0000] {dagbag.py:538} INFO - Filling up the DagBag from /home/airflow/.local/lib/python3.7/site-packages/airflow/example_dags/example_complex.py
[2023-03-18T00:07:53.766+0000] {logging_mixin.py:137} INFO - [2023-03-18T00:07:53.765+0000] {taskmixin.py:205} WARNING - Dependency <Task(BashOperator): create_entry_group>, delete_entry_group already registered for DAG: example_complex
[2023-03-18T00:07:53.766+0000] {logging_mixin.py:137} INFO - [2023-03-18T00:07:53.766+0000] {taskmixin.py:205} WARNING - Dependency <Task(BashOperator): delete_entry_group>, create_entry_group already registered for DAG: example_complex
[2023-03-18T00:07:53.767+0000] {logging_mixin.py:137} INFO - [2023-03-18T00:07:53.767+0000] {taskmixin.py:205} WARNING - Dependency <Task(BashOperator): create_entry_gcs>, delete_entry already registered for DAG: example_complex
[2023-03-18T00:07:53.768+0000] {logging_mixin.py:137} INFO - [2023-03-18T00:07:53.768+0000] {taskmixin.py:205} WARNING - Dependency <Task(BashOperator): delete_entry>, create_entry_gcs already registered for DAG: example_complex
[2023-03-18T00:07:53.770+0000] {logging_mixin.py:137} INFO - [2023-03-18T00:07:53.769+0000] {taskmixin.py:205} WARNING - Dependency <Task(BashOperator): create_tag>, delete_tag already registered for DAG: example_complex
[2023-03-18T00:07:53.771+0000] {logging_mixin.py:137} INFO - [2023-03-18T00:07:53.771+0000] {taskmixin.py:205} WARNING - Dependency <Task(BashOperator): delete_tag>, create_tag already registered for DAG: example_complex
[2023-03-18T00:07:53.780+0000] {processor.py:753} INFO - DAG(s) dict_keys(['example_complex']) retrieved from /home/airflow/.local/lib/python3.7/site-packages/airflow/example_dags/example_complex.py
[2023-03-18T00:07:53.817+0000] {logging_mixin.py:137} INFO - [2023-03-18T00:07:53.817+0000] {dag.py:2690} INFO - Sync 1 DAGs
[2023-03-18T00:07:53.847+0000] {logging_mixin.py:137} INFO - [2023-03-18T00:07:53.846+0000] {dag.py:3441} INFO - Setting next_dagrun for example_complex to None, run_after=None
[2023-03-18T00:07:53.874+0000] {processor.py:175} INFO - Processing /home/airflow/.local/lib/python3.7/site-packages/airflow/example_dags/example_complex.py took 0.132 seconds
[2023-03-18T00:08:24.778+0000] {processor.py:153} INFO - Started process (PID=9443) to work on /home/airflow/.local/lib/python3.7/site-packages/airflow/example_dags/example_complex.py
[2023-03-18T00:08:24.779+0000] {processor.py:743} INFO - Processing file /home/airflow/.local/lib/python3.7/site-packages/airflow/example_dags/example_complex.py for tasks to queue
[2023-03-18T00:08:24.780+0000] {logging_mixin.py:137} INFO - [2023-03-18T00:08:24.780+0000] {dagbag.py:538} INFO - Filling up the DagBag from /home/airflow/.local/lib/python3.7/site-packages/airflow/example_dags/example_complex.py
[2023-03-18T00:08:24.794+0000] {logging_mixin.py:137} INFO - [2023-03-18T00:08:24.794+0000] {taskmixin.py:205} WARNING - Dependency <Task(BashOperator): create_entry_group>, delete_entry_group already registered for DAG: example_complex
[2023-03-18T00:08:24.795+0000] {logging_mixin.py:137} INFO - [2023-03-18T00:08:24.795+0000] {taskmixin.py:205} WARNING - Dependency <Task(BashOperator): delete_entry_group>, create_entry_group already registered for DAG: example_complex
[2023-03-18T00:08:24.795+0000] {logging_mixin.py:137} INFO - [2023-03-18T00:08:24.795+0000] {taskmixin.py:205} WARNING - Dependency <Task(BashOperator): create_entry_gcs>, delete_entry already registered for DAG: example_complex
[2023-03-18T00:08:24.796+0000] {logging_mixin.py:137} INFO - [2023-03-18T00:08:24.796+0000] {taskmixin.py:205} WARNING - Dependency <Task(BashOperator): delete_entry>, create_entry_gcs already registered for DAG: example_complex
[2023-03-18T00:08:24.797+0000] {logging_mixin.py:137} INFO - [2023-03-18T00:08:24.797+0000] {taskmixin.py:205} WARNING - Dependency <Task(BashOperator): create_tag>, delete_tag already registered for DAG: example_complex
[2023-03-18T00:08:24.797+0000] {logging_mixin.py:137} INFO - [2023-03-18T00:08:24.797+0000] {taskmixin.py:205} WARNING - Dependency <Task(BashOperator): delete_tag>, create_tag already registered for DAG: example_complex
[2023-03-18T00:08:24.805+0000] {processor.py:753} INFO - DAG(s) dict_keys(['example_complex']) retrieved from /home/airflow/.local/lib/python3.7/site-packages/airflow/example_dags/example_complex.py
[2023-03-18T00:08:24.841+0000] {logging_mixin.py:137} INFO - [2023-03-18T00:08:24.841+0000] {dag.py:2690} INFO - Sync 1 DAGs
[2023-03-18T00:08:24.877+0000] {logging_mixin.py:137} INFO - [2023-03-18T00:08:24.877+0000] {dag.py:3441} INFO - Setting next_dagrun for example_complex to None, run_after=None
[2023-03-18T00:08:24.921+0000] {processor.py:175} INFO - Processing /home/airflow/.local/lib/python3.7/site-packages/airflow/example_dags/example_complex.py took 0.147 seconds
[2023-03-18T00:08:55.883+0000] {processor.py:153} INFO - Started process (PID=9534) to work on /home/airflow/.local/lib/python3.7/site-packages/airflow/example_dags/example_complex.py
[2023-03-18T00:08:55.885+0000] {processor.py:743} INFO - Processing file /home/airflow/.local/lib/python3.7/site-packages/airflow/example_dags/example_complex.py for tasks to queue
[2023-03-18T00:08:55.886+0000] {logging_mixin.py:137} INFO - [2023-03-18T00:08:55.886+0000] {dagbag.py:538} INFO - Filling up the DagBag from /home/airflow/.local/lib/python3.7/site-packages/airflow/example_dags/example_complex.py
[2023-03-18T00:08:55.905+0000] {logging_mixin.py:137} INFO - [2023-03-18T00:08:55.905+0000] {taskmixin.py:205} WARNING - Dependency <Task(BashOperator): create_entry_group>, delete_entry_group already registered for DAG: example_complex
[2023-03-18T00:08:55.906+0000] {logging_mixin.py:137} INFO - [2023-03-18T00:08:55.906+0000] {taskmixin.py:205} WARNING - Dependency <Task(BashOperator): delete_entry_group>, create_entry_group already registered for DAG: example_complex
[2023-03-18T00:08:55.907+0000] {logging_mixin.py:137} INFO - [2023-03-18T00:08:55.907+0000] {taskmixin.py:205} WARNING - Dependency <Task(BashOperator): create_entry_gcs>, delete_entry already registered for DAG: example_complex
[2023-03-18T00:08:55.908+0000] {logging_mixin.py:137} INFO - [2023-03-18T00:08:55.907+0000] {taskmixin.py:205} WARNING - Dependency <Task(BashOperator): delete_entry>, create_entry_gcs already registered for DAG: example_complex
[2023-03-18T00:08:55.909+0000] {logging_mixin.py:137} INFO - [2023-03-18T00:08:55.908+0000] {taskmixin.py:205} WARNING - Dependency <Task(BashOperator): create_tag>, delete_tag already registered for DAG: example_complex
[2023-03-18T00:08:55.910+0000] {logging_mixin.py:137} INFO - [2023-03-18T00:08:55.909+0000] {taskmixin.py:205} WARNING - Dependency <Task(BashOperator): delete_tag>, create_tag already registered for DAG: example_complex
[2023-03-18T00:08:55.923+0000] {processor.py:753} INFO - DAG(s) dict_keys(['example_complex']) retrieved from /home/airflow/.local/lib/python3.7/site-packages/airflow/example_dags/example_complex.py
[2023-03-18T00:08:55.993+0000] {logging_mixin.py:137} INFO - [2023-03-18T00:08:55.993+0000] {dag.py:2690} INFO - Sync 1 DAGs
[2023-03-18T00:08:56.040+0000] {logging_mixin.py:137} INFO - [2023-03-18T00:08:56.040+0000] {dag.py:3441} INFO - Setting next_dagrun for example_complex to None, run_after=None
[2023-03-18T00:08:56.072+0000] {processor.py:175} INFO - Processing /home/airflow/.local/lib/python3.7/site-packages/airflow/example_dags/example_complex.py took 0.195 seconds
[2023-03-18T00:09:26.224+0000] {processor.py:153} INFO - Started process (PID=9627) to work on /home/airflow/.local/lib/python3.7/site-packages/airflow/example_dags/example_complex.py
[2023-03-18T00:09:26.225+0000] {processor.py:743} INFO - Processing file /home/airflow/.local/lib/python3.7/site-packages/airflow/example_dags/example_complex.py for tasks to queue
[2023-03-18T00:09:26.227+0000] {logging_mixin.py:137} INFO - [2023-03-18T00:09:26.226+0000] {dagbag.py:538} INFO - Filling up the DagBag from /home/airflow/.local/lib/python3.7/site-packages/airflow/example_dags/example_complex.py
[2023-03-18T00:09:26.242+0000] {logging_mixin.py:137} INFO - [2023-03-18T00:09:26.242+0000] {taskmixin.py:205} WARNING - Dependency <Task(BashOperator): create_entry_group>, delete_entry_group already registered for DAG: example_complex
[2023-03-18T00:09:26.243+0000] {logging_mixin.py:137} INFO - [2023-03-18T00:09:26.243+0000] {taskmixin.py:205} WARNING - Dependency <Task(BashOperator): delete_entry_group>, create_entry_group already registered for DAG: example_complex
[2023-03-18T00:09:26.244+0000] {logging_mixin.py:137} INFO - [2023-03-18T00:09:26.243+0000] {taskmixin.py:205} WARNING - Dependency <Task(BashOperator): create_entry_gcs>, delete_entry already registered for DAG: example_complex
[2023-03-18T00:09:26.244+0000] {logging_mixin.py:137} INFO - [2023-03-18T00:09:26.244+0000] {taskmixin.py:205} WARNING - Dependency <Task(BashOperator): delete_entry>, create_entry_gcs already registered for DAG: example_complex
[2023-03-18T00:09:26.245+0000] {logging_mixin.py:137} INFO - [2023-03-18T00:09:26.245+0000] {taskmixin.py:205} WARNING - Dependency <Task(BashOperator): create_tag>, delete_tag already registered for DAG: example_complex
[2023-03-18T00:09:26.246+0000] {logging_mixin.py:137} INFO - [2023-03-18T00:09:26.246+0000] {taskmixin.py:205} WARNING - Dependency <Task(BashOperator): delete_tag>, create_tag already registered for DAG: example_complex
[2023-03-18T00:09:26.255+0000] {processor.py:753} INFO - DAG(s) dict_keys(['example_complex']) retrieved from /home/airflow/.local/lib/python3.7/site-packages/airflow/example_dags/example_complex.py
[2023-03-18T00:09:26.296+0000] {logging_mixin.py:137} INFO - [2023-03-18T00:09:26.296+0000] {dag.py:2690} INFO - Sync 1 DAGs
[2023-03-18T00:09:26.330+0000] {logging_mixin.py:137} INFO - [2023-03-18T00:09:26.330+0000] {dag.py:3441} INFO - Setting next_dagrun for example_complex to None, run_after=None
[2023-03-18T00:09:26.357+0000] {processor.py:175} INFO - Processing /home/airflow/.local/lib/python3.7/site-packages/airflow/example_dags/example_complex.py took 0.137 seconds
[2023-03-18T00:09:57.266+0000] {processor.py:153} INFO - Started process (PID=9709) to work on /home/airflow/.local/lib/python3.7/site-packages/airflow/example_dags/example_complex.py
[2023-03-18T00:09:57.267+0000] {processor.py:743} INFO - Processing file /home/airflow/.local/lib/python3.7/site-packages/airflow/example_dags/example_complex.py for tasks to queue
[2023-03-18T00:09:57.268+0000] {logging_mixin.py:137} INFO - [2023-03-18T00:09:57.268+0000] {dagbag.py:538} INFO - Filling up the DagBag from /home/airflow/.local/lib/python3.7/site-packages/airflow/example_dags/example_complex.py
[2023-03-18T00:09:57.282+0000] {logging_mixin.py:137} INFO - [2023-03-18T00:09:57.282+0000] {taskmixin.py:205} WARNING - Dependency <Task(BashOperator): create_entry_group>, delete_entry_group already registered for DAG: example_complex
[2023-03-18T00:09:57.282+0000] {logging_mixin.py:137} INFO - [2023-03-18T00:09:57.282+0000] {taskmixin.py:205} WARNING - Dependency <Task(BashOperator): delete_entry_group>, create_entry_group already registered for DAG: example_complex
[2023-03-18T00:09:57.283+0000] {logging_mixin.py:137} INFO - [2023-03-18T00:09:57.283+0000] {taskmixin.py:205} WARNING - Dependency <Task(BashOperator): create_entry_gcs>, delete_entry already registered for DAG: example_complex
[2023-03-18T00:09:57.284+0000] {logging_mixin.py:137} INFO - [2023-03-18T00:09:57.284+0000] {taskmixin.py:205} WARNING - Dependency <Task(BashOperator): delete_entry>, create_entry_gcs already registered for DAG: example_complex
[2023-03-18T00:09:57.285+0000] {logging_mixin.py:137} INFO - [2023-03-18T00:09:57.284+0000] {taskmixin.py:205} WARNING - Dependency <Task(BashOperator): create_tag>, delete_tag already registered for DAG: example_complex
[2023-03-18T00:09:57.285+0000] {logging_mixin.py:137} INFO - [2023-03-18T00:09:57.285+0000] {taskmixin.py:205} WARNING - Dependency <Task(BashOperator): delete_tag>, create_tag already registered for DAG: example_complex
[2023-03-18T00:09:57.293+0000] {processor.py:753} INFO - DAG(s) dict_keys(['example_complex']) retrieved from /home/airflow/.local/lib/python3.7/site-packages/airflow/example_dags/example_complex.py
[2023-03-18T00:09:57.327+0000] {logging_mixin.py:137} INFO - [2023-03-18T00:09:57.327+0000] {dag.py:2690} INFO - Sync 1 DAGs
[2023-03-18T00:09:57.355+0000] {logging_mixin.py:137} INFO - [2023-03-18T00:09:57.355+0000] {dag.py:3441} INFO - Setting next_dagrun for example_complex to None, run_after=None
[2023-03-18T00:09:57.376+0000] {processor.py:175} INFO - Processing /home/airflow/.local/lib/python3.7/site-packages/airflow/example_dags/example_complex.py took 0.114 seconds
[2023-03-18T00:10:27.564+0000] {processor.py:153} INFO - Started process (PID=9791) to work on /home/airflow/.local/lib/python3.7/site-packages/airflow/example_dags/example_complex.py
[2023-03-18T00:10:27.565+0000] {processor.py:743} INFO - Processing file /home/airflow/.local/lib/python3.7/site-packages/airflow/example_dags/example_complex.py for tasks to queue
[2023-03-18T00:10:27.567+0000] {logging_mixin.py:137} INFO - [2023-03-18T00:10:27.567+0000] {dagbag.py:538} INFO - Filling up the DagBag from /home/airflow/.local/lib/python3.7/site-packages/airflow/example_dags/example_complex.py
[2023-03-18T00:10:27.585+0000] {logging_mixin.py:137} INFO - [2023-03-18T00:10:27.585+0000] {taskmixin.py:205} WARNING - Dependency <Task(BashOperator): create_entry_group>, delete_entry_group already registered for DAG: example_complex
[2023-03-18T00:10:27.586+0000] {logging_mixin.py:137} INFO - [2023-03-18T00:10:27.585+0000] {taskmixin.py:205} WARNING - Dependency <Task(BashOperator): delete_entry_group>, create_entry_group already registered for DAG: example_complex
[2023-03-18T00:10:27.587+0000] {logging_mixin.py:137} INFO - [2023-03-18T00:10:27.586+0000] {taskmixin.py:205} WARNING - Dependency <Task(BashOperator): create_entry_gcs>, delete_entry already registered for DAG: example_complex
[2023-03-18T00:10:27.587+0000] {logging_mixin.py:137} INFO - [2023-03-18T00:10:27.587+0000] {taskmixin.py:205} WARNING - Dependency <Task(BashOperator): delete_entry>, create_entry_gcs already registered for DAG: example_complex
[2023-03-18T00:10:27.588+0000] {logging_mixin.py:137} INFO - [2023-03-18T00:10:27.588+0000] {taskmixin.py:205} WARNING - Dependency <Task(BashOperator): create_tag>, delete_tag already registered for DAG: example_complex
[2023-03-18T00:10:27.589+0000] {logging_mixin.py:137} INFO - [2023-03-18T00:10:27.589+0000] {taskmixin.py:205} WARNING - Dependency <Task(BashOperator): delete_tag>, create_tag already registered for DAG: example_complex
[2023-03-18T00:10:27.600+0000] {processor.py:753} INFO - DAG(s) dict_keys(['example_complex']) retrieved from /home/airflow/.local/lib/python3.7/site-packages/airflow/example_dags/example_complex.py
[2023-03-18T00:10:27.644+0000] {logging_mixin.py:137} INFO - [2023-03-18T00:10:27.644+0000] {dag.py:2690} INFO - Sync 1 DAGs
[2023-03-18T00:10:27.682+0000] {logging_mixin.py:137} INFO - [2023-03-18T00:10:27.682+0000] {dag.py:3441} INFO - Setting next_dagrun for example_complex to None, run_after=None
[2023-03-18T00:10:27.710+0000] {processor.py:175} INFO - Processing /home/airflow/.local/lib/python3.7/site-packages/airflow/example_dags/example_complex.py took 0.151 seconds
[2023-03-18T00:10:58.429+0000] {processor.py:153} INFO - Started process (PID=9879) to work on /home/airflow/.local/lib/python3.7/site-packages/airflow/example_dags/example_complex.py
[2023-03-18T00:10:58.436+0000] {processor.py:743} INFO - Processing file /home/airflow/.local/lib/python3.7/site-packages/airflow/example_dags/example_complex.py for tasks to queue
[2023-03-18T00:10:58.443+0000] {logging_mixin.py:137} INFO - [2023-03-18T00:10:58.443+0000] {dagbag.py:538} INFO - Filling up the DagBag from /home/airflow/.local/lib/python3.7/site-packages/airflow/example_dags/example_complex.py
[2023-03-18T00:10:58.497+0000] {logging_mixin.py:137} INFO - [2023-03-18T00:10:58.497+0000] {taskmixin.py:205} WARNING - Dependency <Task(BashOperator): create_entry_group>, delete_entry_group already registered for DAG: example_complex
[2023-03-18T00:10:58.498+0000] {logging_mixin.py:137} INFO - [2023-03-18T00:10:58.498+0000] {taskmixin.py:205} WARNING - Dependency <Task(BashOperator): delete_entry_group>, create_entry_group already registered for DAG: example_complex
[2023-03-18T00:10:58.499+0000] {logging_mixin.py:137} INFO - [2023-03-18T00:10:58.499+0000] {taskmixin.py:205} WARNING - Dependency <Task(BashOperator): create_entry_gcs>, delete_entry already registered for DAG: example_complex
[2023-03-18T00:10:58.500+0000] {logging_mixin.py:137} INFO - [2023-03-18T00:10:58.500+0000] {taskmixin.py:205} WARNING - Dependency <Task(BashOperator): delete_entry>, create_entry_gcs already registered for DAG: example_complex
[2023-03-18T00:10:58.502+0000] {logging_mixin.py:137} INFO - [2023-03-18T00:10:58.502+0000] {taskmixin.py:205} WARNING - Dependency <Task(BashOperator): create_tag>, delete_tag already registered for DAG: example_complex
[2023-03-18T00:10:58.503+0000] {logging_mixin.py:137} INFO - [2023-03-18T00:10:58.503+0000] {taskmixin.py:205} WARNING - Dependency <Task(BashOperator): delete_tag>, create_tag already registered for DAG: example_complex
[2023-03-18T00:10:58.515+0000] {processor.py:753} INFO - DAG(s) dict_keys(['example_complex']) retrieved from /home/airflow/.local/lib/python3.7/site-packages/airflow/example_dags/example_complex.py
[2023-03-18T00:10:58.586+0000] {logging_mixin.py:137} INFO - [2023-03-18T00:10:58.585+0000] {dag.py:2690} INFO - Sync 1 DAGs
[2023-03-18T00:10:58.636+0000] {logging_mixin.py:137} INFO - [2023-03-18T00:10:58.635+0000] {dag.py:3441} INFO - Setting next_dagrun for example_complex to None, run_after=None
[2023-03-18T00:10:58.704+0000] {processor.py:175} INFO - Processing /home/airflow/.local/lib/python3.7/site-packages/airflow/example_dags/example_complex.py took 0.299 seconds
[2023-03-18T00:11:29.694+0000] {processor.py:153} INFO - Started process (PID=9975) to work on /home/airflow/.local/lib/python3.7/site-packages/airflow/example_dags/example_complex.py
[2023-03-18T00:11:29.696+0000] {processor.py:743} INFO - Processing file /home/airflow/.local/lib/python3.7/site-packages/airflow/example_dags/example_complex.py for tasks to queue
[2023-03-18T00:11:29.698+0000] {logging_mixin.py:137} INFO - [2023-03-18T00:11:29.698+0000] {dagbag.py:538} INFO - Filling up the DagBag from /home/airflow/.local/lib/python3.7/site-packages/airflow/example_dags/example_complex.py
[2023-03-18T00:11:29.726+0000] {logging_mixin.py:137} INFO - [2023-03-18T00:11:29.726+0000] {taskmixin.py:205} WARNING - Dependency <Task(BashOperator): create_entry_group>, delete_entry_group already registered for DAG: example_complex
[2023-03-18T00:11:29.727+0000] {logging_mixin.py:137} INFO - [2023-03-18T00:11:29.727+0000] {taskmixin.py:205} WARNING - Dependency <Task(BashOperator): delete_entry_group>, create_entry_group already registered for DAG: example_complex
[2023-03-18T00:11:29.728+0000] {logging_mixin.py:137} INFO - [2023-03-18T00:11:29.728+0000] {taskmixin.py:205} WARNING - Dependency <Task(BashOperator): create_entry_gcs>, delete_entry already registered for DAG: example_complex
[2023-03-18T00:11:29.729+0000] {logging_mixin.py:137} INFO - [2023-03-18T00:11:29.729+0000] {taskmixin.py:205} WARNING - Dependency <Task(BashOperator): delete_entry>, create_entry_gcs already registered for DAG: example_complex
[2023-03-18T00:11:29.730+0000] {logging_mixin.py:137} INFO - [2023-03-18T00:11:29.730+0000] {taskmixin.py:205} WARNING - Dependency <Task(BashOperator): create_tag>, delete_tag already registered for DAG: example_complex
[2023-03-18T00:11:29.731+0000] {logging_mixin.py:137} INFO - [2023-03-18T00:11:29.731+0000] {taskmixin.py:205} WARNING - Dependency <Task(BashOperator): delete_tag>, create_tag already registered for DAG: example_complex
[2023-03-18T00:11:29.744+0000] {processor.py:753} INFO - DAG(s) dict_keys(['example_complex']) retrieved from /home/airflow/.local/lib/python3.7/site-packages/airflow/example_dags/example_complex.py
[2023-03-18T00:11:29.803+0000] {logging_mixin.py:137} INFO - [2023-03-18T00:11:29.803+0000] {dag.py:2690} INFO - Sync 1 DAGs
[2023-03-18T00:11:29.877+0000] {logging_mixin.py:137} INFO - [2023-03-18T00:11:29.877+0000] {dag.py:3441} INFO - Setting next_dagrun for example_complex to None, run_after=None
[2023-03-18T00:11:29.921+0000] {processor.py:175} INFO - Processing /home/airflow/.local/lib/python3.7/site-packages/airflow/example_dags/example_complex.py took 0.231 seconds
[2023-03-18T00:12:00.247+0000] {processor.py:153} INFO - Started process (PID=10057) to work on /home/airflow/.local/lib/python3.7/site-packages/airflow/example_dags/example_complex.py
[2023-03-18T00:12:00.249+0000] {processor.py:743} INFO - Processing file /home/airflow/.local/lib/python3.7/site-packages/airflow/example_dags/example_complex.py for tasks to queue
[2023-03-18T00:12:00.250+0000] {logging_mixin.py:137} INFO - [2023-03-18T00:12:00.250+0000] {dagbag.py:538} INFO - Filling up the DagBag from /home/airflow/.local/lib/python3.7/site-packages/airflow/example_dags/example_complex.py
[2023-03-18T00:12:00.270+0000] {logging_mixin.py:137} INFO - [2023-03-18T00:12:00.270+0000] {taskmixin.py:205} WARNING - Dependency <Task(BashOperator): create_entry_group>, delete_entry_group already registered for DAG: example_complex
[2023-03-18T00:12:00.271+0000] {logging_mixin.py:137} INFO - [2023-03-18T00:12:00.271+0000] {taskmixin.py:205} WARNING - Dependency <Task(BashOperator): delete_entry_group>, create_entry_group already registered for DAG: example_complex
[2023-03-18T00:12:00.272+0000] {logging_mixin.py:137} INFO - [2023-03-18T00:12:00.272+0000] {taskmixin.py:205} WARNING - Dependency <Task(BashOperator): create_entry_gcs>, delete_entry already registered for DAG: example_complex
[2023-03-18T00:12:00.273+0000] {logging_mixin.py:137} INFO - [2023-03-18T00:12:00.273+0000] {taskmixin.py:205} WARNING - Dependency <Task(BashOperator): delete_entry>, create_entry_gcs already registered for DAG: example_complex
[2023-03-18T00:12:00.274+0000] {logging_mixin.py:137} INFO - [2023-03-18T00:12:00.274+0000] {taskmixin.py:205} WARNING - Dependency <Task(BashOperator): create_tag>, delete_tag already registered for DAG: example_complex
[2023-03-18T00:12:00.275+0000] {logging_mixin.py:137} INFO - [2023-03-18T00:12:00.275+0000] {taskmixin.py:205} WARNING - Dependency <Task(BashOperator): delete_tag>, create_tag already registered for DAG: example_complex
[2023-03-18T00:12:00.288+0000] {processor.py:753} INFO - DAG(s) dict_keys(['example_complex']) retrieved from /home/airflow/.local/lib/python3.7/site-packages/airflow/example_dags/example_complex.py
[2023-03-18T00:12:00.337+0000] {logging_mixin.py:137} INFO - [2023-03-18T00:12:00.337+0000] {dag.py:2690} INFO - Sync 1 DAGs
[2023-03-18T00:12:00.379+0000] {logging_mixin.py:137} INFO - [2023-03-18T00:12:00.379+0000] {dag.py:3441} INFO - Setting next_dagrun for example_complex to None, run_after=None
[2023-03-18T00:12:00.411+0000] {processor.py:175} INFO - Processing /home/airflow/.local/lib/python3.7/site-packages/airflow/example_dags/example_complex.py took 0.168 seconds
[2023-03-18T00:12:31.351+0000] {processor.py:153} INFO - Started process (PID=10140) to work on /home/airflow/.local/lib/python3.7/site-packages/airflow/example_dags/example_complex.py
[2023-03-18T00:12:31.352+0000] {processor.py:743} INFO - Processing file /home/airflow/.local/lib/python3.7/site-packages/airflow/example_dags/example_complex.py for tasks to queue
[2023-03-18T00:12:31.353+0000] {logging_mixin.py:137} INFO - [2023-03-18T00:12:31.353+0000] {dagbag.py:538} INFO - Filling up the DagBag from /home/airflow/.local/lib/python3.7/site-packages/airflow/example_dags/example_complex.py
[2023-03-18T00:12:31.371+0000] {logging_mixin.py:137} INFO - [2023-03-18T00:12:31.371+0000] {taskmixin.py:205} WARNING - Dependency <Task(BashOperator): create_entry_group>, delete_entry_group already registered for DAG: example_complex
[2023-03-18T00:12:31.372+0000] {logging_mixin.py:137} INFO - [2023-03-18T00:12:31.372+0000] {taskmixin.py:205} WARNING - Dependency <Task(BashOperator): delete_entry_group>, create_entry_group already registered for DAG: example_complex
[2023-03-18T00:12:31.373+0000] {logging_mixin.py:137} INFO - [2023-03-18T00:12:31.372+0000] {taskmixin.py:205} WARNING - Dependency <Task(BashOperator): create_entry_gcs>, delete_entry already registered for DAG: example_complex
[2023-03-18T00:12:31.373+0000] {logging_mixin.py:137} INFO - [2023-03-18T00:12:31.373+0000] {taskmixin.py:205} WARNING - Dependency <Task(BashOperator): delete_entry>, create_entry_gcs already registered for DAG: example_complex
[2023-03-18T00:12:31.374+0000] {logging_mixin.py:137} INFO - [2023-03-18T00:12:31.374+0000] {taskmixin.py:205} WARNING - Dependency <Task(BashOperator): create_tag>, delete_tag already registered for DAG: example_complex
[2023-03-18T00:12:31.375+0000] {logging_mixin.py:137} INFO - [2023-03-18T00:12:31.375+0000] {taskmixin.py:205} WARNING - Dependency <Task(BashOperator): delete_tag>, create_tag already registered for DAG: example_complex
[2023-03-18T00:12:31.391+0000] {processor.py:753} INFO - DAG(s) dict_keys(['example_complex']) retrieved from /home/airflow/.local/lib/python3.7/site-packages/airflow/example_dags/example_complex.py
[2023-03-18T00:12:31.475+0000] {logging_mixin.py:137} INFO - [2023-03-18T00:12:31.475+0000] {dag.py:2690} INFO - Sync 1 DAGs
[2023-03-18T00:12:31.515+0000] {logging_mixin.py:137} INFO - [2023-03-18T00:12:31.515+0000] {dag.py:3441} INFO - Setting next_dagrun for example_complex to None, run_after=None
[2023-03-18T00:12:31.549+0000] {processor.py:175} INFO - Processing /home/airflow/.local/lib/python3.7/site-packages/airflow/example_dags/example_complex.py took 0.202 seconds
[2023-03-18T00:13:02.145+0000] {processor.py:153} INFO - Started process (PID=10223) to work on /home/airflow/.local/lib/python3.7/site-packages/airflow/example_dags/example_complex.py
[2023-03-18T00:13:02.146+0000] {processor.py:743} INFO - Processing file /home/airflow/.local/lib/python3.7/site-packages/airflow/example_dags/example_complex.py for tasks to queue
[2023-03-18T00:13:02.147+0000] {logging_mixin.py:137} INFO - [2023-03-18T00:13:02.147+0000] {dagbag.py:538} INFO - Filling up the DagBag from /home/airflow/.local/lib/python3.7/site-packages/airflow/example_dags/example_complex.py
[2023-03-18T00:13:02.161+0000] {logging_mixin.py:137} INFO - [2023-03-18T00:13:02.161+0000] {taskmixin.py:205} WARNING - Dependency <Task(BashOperator): create_entry_group>, delete_entry_group already registered for DAG: example_complex
[2023-03-18T00:13:02.162+0000] {logging_mixin.py:137} INFO - [2023-03-18T00:13:02.162+0000] {taskmixin.py:205} WARNING - Dependency <Task(BashOperator): delete_entry_group>, create_entry_group already registered for DAG: example_complex
[2023-03-18T00:13:02.163+0000] {logging_mixin.py:137} INFO - [2023-03-18T00:13:02.163+0000] {taskmixin.py:205} WARNING - Dependency <Task(BashOperator): create_entry_gcs>, delete_entry already registered for DAG: example_complex
[2023-03-18T00:13:02.163+0000] {logging_mixin.py:137} INFO - [2023-03-18T00:13:02.163+0000] {taskmixin.py:205} WARNING - Dependency <Task(BashOperator): delete_entry>, create_entry_gcs already registered for DAG: example_complex
[2023-03-18T00:13:02.164+0000] {logging_mixin.py:137} INFO - [2023-03-18T00:13:02.164+0000] {taskmixin.py:205} WARNING - Dependency <Task(BashOperator): create_tag>, delete_tag already registered for DAG: example_complex
[2023-03-18T00:13:02.165+0000] {logging_mixin.py:137} INFO - [2023-03-18T00:13:02.165+0000] {taskmixin.py:205} WARNING - Dependency <Task(BashOperator): delete_tag>, create_tag already registered for DAG: example_complex
[2023-03-18T00:13:02.174+0000] {processor.py:753} INFO - DAG(s) dict_keys(['example_complex']) retrieved from /home/airflow/.local/lib/python3.7/site-packages/airflow/example_dags/example_complex.py
[2023-03-18T00:13:02.209+0000] {logging_mixin.py:137} INFO - [2023-03-18T00:13:02.209+0000] {dag.py:2690} INFO - Sync 1 DAGs
[2023-03-18T00:13:02.238+0000] {logging_mixin.py:137} INFO - [2023-03-18T00:13:02.238+0000] {dag.py:3441} INFO - Setting next_dagrun for example_complex to None, run_after=None
[2023-03-18T00:13:02.263+0000] {processor.py:175} INFO - Processing /home/airflow/.local/lib/python3.7/site-packages/airflow/example_dags/example_complex.py took 0.123 seconds
[2023-03-18T00:13:33.179+0000] {processor.py:153} INFO - Started process (PID=10325) to work on /home/airflow/.local/lib/python3.7/site-packages/airflow/example_dags/example_complex.py
[2023-03-18T00:13:33.181+0000] {processor.py:743} INFO - Processing file /home/airflow/.local/lib/python3.7/site-packages/airflow/example_dags/example_complex.py for tasks to queue
[2023-03-18T00:13:33.182+0000] {logging_mixin.py:137} INFO - [2023-03-18T00:13:33.182+0000] {dagbag.py:538} INFO - Filling up the DagBag from /home/airflow/.local/lib/python3.7/site-packages/airflow/example_dags/example_complex.py
[2023-03-18T00:13:33.201+0000] {logging_mixin.py:137} INFO - [2023-03-18T00:13:33.200+0000] {taskmixin.py:205} WARNING - Dependency <Task(BashOperator): create_entry_group>, delete_entry_group already registered for DAG: example_complex
[2023-03-18T00:13:33.202+0000] {logging_mixin.py:137} INFO - [2023-03-18T00:13:33.202+0000] {taskmixin.py:205} WARNING - Dependency <Task(BashOperator): delete_entry_group>, create_entry_group already registered for DAG: example_complex
[2023-03-18T00:13:33.203+0000] {logging_mixin.py:137} INFO - [2023-03-18T00:13:33.202+0000] {taskmixin.py:205} WARNING - Dependency <Task(BashOperator): create_entry_gcs>, delete_entry already registered for DAG: example_complex
[2023-03-18T00:13:33.203+0000] {logging_mixin.py:137} INFO - [2023-03-18T00:13:33.203+0000] {taskmixin.py:205} WARNING - Dependency <Task(BashOperator): delete_entry>, create_entry_gcs already registered for DAG: example_complex
[2023-03-18T00:13:33.204+0000] {logging_mixin.py:137} INFO - [2023-03-18T00:13:33.204+0000] {taskmixin.py:205} WARNING - Dependency <Task(BashOperator): create_tag>, delete_tag already registered for DAG: example_complex
[2023-03-18T00:13:33.205+0000] {logging_mixin.py:137} INFO - [2023-03-18T00:13:33.205+0000] {taskmixin.py:205} WARNING - Dependency <Task(BashOperator): delete_tag>, create_tag already registered for DAG: example_complex
[2023-03-18T00:13:33.216+0000] {processor.py:753} INFO - DAG(s) dict_keys(['example_complex']) retrieved from /home/airflow/.local/lib/python3.7/site-packages/airflow/example_dags/example_complex.py
[2023-03-18T00:13:33.293+0000] {logging_mixin.py:137} INFO - [2023-03-18T00:13:33.293+0000] {dag.py:2690} INFO - Sync 1 DAGs
[2023-03-18T00:13:33.361+0000] {logging_mixin.py:137} INFO - [2023-03-18T00:13:33.360+0000] {dag.py:3441} INFO - Setting next_dagrun for example_complex to None, run_after=None
[2023-03-18T00:13:33.393+0000] {processor.py:175} INFO - Processing /home/airflow/.local/lib/python3.7/site-packages/airflow/example_dags/example_complex.py took 0.218 seconds
[2023-03-18T00:14:03.774+0000] {processor.py:153} INFO - Started process (PID=10407) to work on /home/airflow/.local/lib/python3.7/site-packages/airflow/example_dags/example_complex.py
[2023-03-18T00:14:03.775+0000] {processor.py:743} INFO - Processing file /home/airflow/.local/lib/python3.7/site-packages/airflow/example_dags/example_complex.py for tasks to queue
[2023-03-18T00:14:03.777+0000] {logging_mixin.py:137} INFO - [2023-03-18T00:14:03.777+0000] {dagbag.py:538} INFO - Filling up the DagBag from /home/airflow/.local/lib/python3.7/site-packages/airflow/example_dags/example_complex.py
[2023-03-18T00:14:03.796+0000] {logging_mixin.py:137} INFO - [2023-03-18T00:14:03.796+0000] {taskmixin.py:205} WARNING - Dependency <Task(BashOperator): create_entry_group>, delete_entry_group already registered for DAG: example_complex
[2023-03-18T00:14:03.797+0000] {logging_mixin.py:137} INFO - [2023-03-18T00:14:03.797+0000] {taskmixin.py:205} WARNING - Dependency <Task(BashOperator): delete_entry_group>, create_entry_group already registered for DAG: example_complex
[2023-03-18T00:14:03.798+0000] {logging_mixin.py:137} INFO - [2023-03-18T00:14:03.798+0000] {taskmixin.py:205} WARNING - Dependency <Task(BashOperator): create_entry_gcs>, delete_entry already registered for DAG: example_complex
[2023-03-18T00:14:03.799+0000] {logging_mixin.py:137} INFO - [2023-03-18T00:14:03.799+0000] {taskmixin.py:205} WARNING - Dependency <Task(BashOperator): delete_entry>, create_entry_gcs already registered for DAG: example_complex
[2023-03-18T00:14:03.800+0000] {logging_mixin.py:137} INFO - [2023-03-18T00:14:03.800+0000] {taskmixin.py:205} WARNING - Dependency <Task(BashOperator): create_tag>, delete_tag already registered for DAG: example_complex
[2023-03-18T00:14:03.801+0000] {logging_mixin.py:137} INFO - [2023-03-18T00:14:03.801+0000] {taskmixin.py:205} WARNING - Dependency <Task(BashOperator): delete_tag>, create_tag already registered for DAG: example_complex
[2023-03-18T00:14:03.813+0000] {processor.py:753} INFO - DAG(s) dict_keys(['example_complex']) retrieved from /home/airflow/.local/lib/python3.7/site-packages/airflow/example_dags/example_complex.py
[2023-03-18T00:14:03.874+0000] {logging_mixin.py:137} INFO - [2023-03-18T00:14:03.874+0000] {dag.py:2690} INFO - Sync 1 DAGs
[2023-03-18T00:14:03.922+0000] {logging_mixin.py:137} INFO - [2023-03-18T00:14:03.921+0000] {dag.py:3441} INFO - Setting next_dagrun for example_complex to None, run_after=None
[2023-03-18T00:14:03.958+0000] {processor.py:175} INFO - Processing /home/airflow/.local/lib/python3.7/site-packages/airflow/example_dags/example_complex.py took 0.189 seconds
[2023-03-18T00:14:34.923+0000] {processor.py:153} INFO - Started process (PID=10489) to work on /home/airflow/.local/lib/python3.7/site-packages/airflow/example_dags/example_complex.py
[2023-03-18T00:14:34.924+0000] {processor.py:743} INFO - Processing file /home/airflow/.local/lib/python3.7/site-packages/airflow/example_dags/example_complex.py for tasks to queue
[2023-03-18T00:14:34.925+0000] {logging_mixin.py:137} INFO - [2023-03-18T00:14:34.925+0000] {dagbag.py:538} INFO - Filling up the DagBag from /home/airflow/.local/lib/python3.7/site-packages/airflow/example_dags/example_complex.py
[2023-03-18T00:14:34.939+0000] {logging_mixin.py:137} INFO - [2023-03-18T00:14:34.939+0000] {taskmixin.py:205} WARNING - Dependency <Task(BashOperator): create_entry_group>, delete_entry_group already registered for DAG: example_complex
[2023-03-18T00:14:34.940+0000] {logging_mixin.py:137} INFO - [2023-03-18T00:14:34.940+0000] {taskmixin.py:205} WARNING - Dependency <Task(BashOperator): delete_entry_group>, create_entry_group already registered for DAG: example_complex
[2023-03-18T00:14:34.941+0000] {logging_mixin.py:137} INFO - [2023-03-18T00:14:34.940+0000] {taskmixin.py:205} WARNING - Dependency <Task(BashOperator): create_entry_gcs>, delete_entry already registered for DAG: example_complex
[2023-03-18T00:14:34.941+0000] {logging_mixin.py:137} INFO - [2023-03-18T00:14:34.941+0000] {taskmixin.py:205} WARNING - Dependency <Task(BashOperator): delete_entry>, create_entry_gcs already registered for DAG: example_complex
[2023-03-18T00:14:34.942+0000] {logging_mixin.py:137} INFO - [2023-03-18T00:14:34.942+0000] {taskmixin.py:205} WARNING - Dependency <Task(BashOperator): create_tag>, delete_tag already registered for DAG: example_complex
[2023-03-18T00:14:34.943+0000] {logging_mixin.py:137} INFO - [2023-03-18T00:14:34.943+0000] {taskmixin.py:205} WARNING - Dependency <Task(BashOperator): delete_tag>, create_tag already registered for DAG: example_complex
[2023-03-18T00:14:34.951+0000] {processor.py:753} INFO - DAG(s) dict_keys(['example_complex']) retrieved from /home/airflow/.local/lib/python3.7/site-packages/airflow/example_dags/example_complex.py
[2023-03-18T00:14:34.990+0000] {logging_mixin.py:137} INFO - [2023-03-18T00:14:34.989+0000] {dag.py:2690} INFO - Sync 1 DAGs
[2023-03-18T00:14:35.020+0000] {logging_mixin.py:137} INFO - [2023-03-18T00:14:35.020+0000] {dag.py:3441} INFO - Setting next_dagrun for example_complex to None, run_after=None
[2023-03-18T00:14:35.047+0000] {processor.py:175} INFO - Processing /home/airflow/.local/lib/python3.7/site-packages/airflow/example_dags/example_complex.py took 0.128 seconds
[2023-03-18T00:15:06.006+0000] {processor.py:153} INFO - Started process (PID=10571) to work on /home/airflow/.local/lib/python3.7/site-packages/airflow/example_dags/example_complex.py
[2023-03-18T00:15:06.007+0000] {processor.py:743} INFO - Processing file /home/airflow/.local/lib/python3.7/site-packages/airflow/example_dags/example_complex.py for tasks to queue
[2023-03-18T00:15:06.009+0000] {logging_mixin.py:137} INFO - [2023-03-18T00:15:06.009+0000] {dagbag.py:538} INFO - Filling up the DagBag from /home/airflow/.local/lib/python3.7/site-packages/airflow/example_dags/example_complex.py
[2023-03-18T00:15:06.026+0000] {logging_mixin.py:137} INFO - [2023-03-18T00:15:06.026+0000] {taskmixin.py:205} WARNING - Dependency <Task(BashOperator): create_entry_group>, delete_entry_group already registered for DAG: example_complex
[2023-03-18T00:15:06.027+0000] {logging_mixin.py:137} INFO - [2023-03-18T00:15:06.027+0000] {taskmixin.py:205} WARNING - Dependency <Task(BashOperator): delete_entry_group>, create_entry_group already registered for DAG: example_complex
[2023-03-18T00:15:06.028+0000] {logging_mixin.py:137} INFO - [2023-03-18T00:15:06.028+0000] {taskmixin.py:205} WARNING - Dependency <Task(BashOperator): create_entry_gcs>, delete_entry already registered for DAG: example_complex
[2023-03-18T00:15:06.029+0000] {logging_mixin.py:137} INFO - [2023-03-18T00:15:06.029+0000] {taskmixin.py:205} WARNING - Dependency <Task(BashOperator): delete_entry>, create_entry_gcs already registered for DAG: example_complex
[2023-03-18T00:15:06.030+0000] {logging_mixin.py:137} INFO - [2023-03-18T00:15:06.030+0000] {taskmixin.py:205} WARNING - Dependency <Task(BashOperator): create_tag>, delete_tag already registered for DAG: example_complex
[2023-03-18T00:15:06.031+0000] {logging_mixin.py:137} INFO - [2023-03-18T00:15:06.031+0000] {taskmixin.py:205} WARNING - Dependency <Task(BashOperator): delete_tag>, create_tag already registered for DAG: example_complex
[2023-03-18T00:15:06.043+0000] {processor.py:753} INFO - DAG(s) dict_keys(['example_complex']) retrieved from /home/airflow/.local/lib/python3.7/site-packages/airflow/example_dags/example_complex.py
[2023-03-18T00:15:06.107+0000] {logging_mixin.py:137} INFO - [2023-03-18T00:15:06.107+0000] {dag.py:2690} INFO - Sync 1 DAGs
[2023-03-18T00:15:06.146+0000] {logging_mixin.py:137} INFO - [2023-03-18T00:15:06.146+0000] {dag.py:3441} INFO - Setting next_dagrun for example_complex to None, run_after=None
[2023-03-18T00:15:06.189+0000] {processor.py:175} INFO - Processing /home/airflow/.local/lib/python3.7/site-packages/airflow/example_dags/example_complex.py took 0.189 seconds
[2023-03-18T00:15:36.602+0000] {processor.py:153} INFO - Started process (PID=10673) to work on /home/airflow/.local/lib/python3.7/site-packages/airflow/example_dags/example_complex.py
[2023-03-18T00:15:36.604+0000] {processor.py:743} INFO - Processing file /home/airflow/.local/lib/python3.7/site-packages/airflow/example_dags/example_complex.py for tasks to queue
[2023-03-18T00:15:36.605+0000] {logging_mixin.py:137} INFO - [2023-03-18T00:15:36.605+0000] {dagbag.py:538} INFO - Filling up the DagBag from /home/airflow/.local/lib/python3.7/site-packages/airflow/example_dags/example_complex.py
[2023-03-18T00:15:36.625+0000] {logging_mixin.py:137} INFO - [2023-03-18T00:15:36.625+0000] {taskmixin.py:205} WARNING - Dependency <Task(BashOperator): create_entry_group>, delete_entry_group already registered for DAG: example_complex
[2023-03-18T00:15:36.626+0000] {logging_mixin.py:137} INFO - [2023-03-18T00:15:36.626+0000] {taskmixin.py:205} WARNING - Dependency <Task(BashOperator): delete_entry_group>, create_entry_group already registered for DAG: example_complex
[2023-03-18T00:15:36.627+0000] {logging_mixin.py:137} INFO - [2023-03-18T00:15:36.627+0000] {taskmixin.py:205} WARNING - Dependency <Task(BashOperator): create_entry_gcs>, delete_entry already registered for DAG: example_complex
[2023-03-18T00:15:36.627+0000] {logging_mixin.py:137} INFO - [2023-03-18T00:15:36.627+0000] {taskmixin.py:205} WARNING - Dependency <Task(BashOperator): delete_entry>, create_entry_gcs already registered for DAG: example_complex
[2023-03-18T00:15:36.629+0000] {logging_mixin.py:137} INFO - [2023-03-18T00:15:36.628+0000] {taskmixin.py:205} WARNING - Dependency <Task(BashOperator): create_tag>, delete_tag already registered for DAG: example_complex
[2023-03-18T00:15:36.629+0000] {logging_mixin.py:137} INFO - [2023-03-18T00:15:36.629+0000] {taskmixin.py:205} WARNING - Dependency <Task(BashOperator): delete_tag>, create_tag already registered for DAG: example_complex
[2023-03-18T00:15:36.651+0000] {processor.py:753} INFO - DAG(s) dict_keys(['example_complex']) retrieved from /home/airflow/.local/lib/python3.7/site-packages/airflow/example_dags/example_complex.py
[2023-03-18T00:15:36.785+0000] {logging_mixin.py:137} INFO - [2023-03-18T00:15:36.785+0000] {dag.py:2690} INFO - Sync 1 DAGs
[2023-03-18T00:15:36.849+0000] {logging_mixin.py:137} INFO - [2023-03-18T00:15:36.848+0000] {dag.py:3441} INFO - Setting next_dagrun for example_complex to None, run_after=None
[2023-03-18T00:15:36.903+0000] {processor.py:175} INFO - Processing /home/airflow/.local/lib/python3.7/site-packages/airflow/example_dags/example_complex.py took 0.306 seconds
[2023-03-18T00:16:07.346+0000] {processor.py:153} INFO - Started process (PID=10755) to work on /home/airflow/.local/lib/python3.7/site-packages/airflow/example_dags/example_complex.py
[2023-03-18T00:16:07.347+0000] {processor.py:743} INFO - Processing file /home/airflow/.local/lib/python3.7/site-packages/airflow/example_dags/example_complex.py for tasks to queue
[2023-03-18T00:16:07.349+0000] {logging_mixin.py:137} INFO - [2023-03-18T00:16:07.349+0000] {dagbag.py:538} INFO - Filling up the DagBag from /home/airflow/.local/lib/python3.7/site-packages/airflow/example_dags/example_complex.py
[2023-03-18T00:16:07.368+0000] {logging_mixin.py:137} INFO - [2023-03-18T00:16:07.368+0000] {taskmixin.py:205} WARNING - Dependency <Task(BashOperator): create_entry_group>, delete_entry_group already registered for DAG: example_complex
[2023-03-18T00:16:07.369+0000] {logging_mixin.py:137} INFO - [2023-03-18T00:16:07.369+0000] {taskmixin.py:205} WARNING - Dependency <Task(BashOperator): delete_entry_group>, create_entry_group already registered for DAG: example_complex
[2023-03-18T00:16:07.370+0000] {logging_mixin.py:137} INFO - [2023-03-18T00:16:07.370+0000] {taskmixin.py:205} WARNING - Dependency <Task(BashOperator): create_entry_gcs>, delete_entry already registered for DAG: example_complex
[2023-03-18T00:16:07.371+0000] {logging_mixin.py:137} INFO - [2023-03-18T00:16:07.371+0000] {taskmixin.py:205} WARNING - Dependency <Task(BashOperator): delete_entry>, create_entry_gcs already registered for DAG: example_complex
[2023-03-18T00:16:07.372+0000] {logging_mixin.py:137} INFO - [2023-03-18T00:16:07.372+0000] {taskmixin.py:205} WARNING - Dependency <Task(BashOperator): create_tag>, delete_tag already registered for DAG: example_complex
[2023-03-18T00:16:07.373+0000] {logging_mixin.py:137} INFO - [2023-03-18T00:16:07.373+0000] {taskmixin.py:205} WARNING - Dependency <Task(BashOperator): delete_tag>, create_tag already registered for DAG: example_complex
[2023-03-18T00:16:07.384+0000] {processor.py:753} INFO - DAG(s) dict_keys(['example_complex']) retrieved from /home/airflow/.local/lib/python3.7/site-packages/airflow/example_dags/example_complex.py
[2023-03-18T00:16:07.436+0000] {logging_mixin.py:137} INFO - [2023-03-18T00:16:07.436+0000] {dag.py:2690} INFO - Sync 1 DAGs
[2023-03-18T00:16:07.475+0000] {logging_mixin.py:137} INFO - [2023-03-18T00:16:07.475+0000] {dag.py:3441} INFO - Setting next_dagrun for example_complex to None, run_after=None
[2023-03-18T00:16:07.504+0000] {processor.py:175} INFO - Processing /home/airflow/.local/lib/python3.7/site-packages/airflow/example_dags/example_complex.py took 0.163 seconds
