[2023-03-18T00:00:19.323+0000] {processor.py:153} INFO - Started process (PID=8102) to work on /home/airflow/.local/lib/python3.7/site-packages/airflow/example_dags/example_nested_branch_dag.py
[2023-03-18T00:00:19.328+0000] {processor.py:743} INFO - Processing file /home/airflow/.local/lib/python3.7/site-packages/airflow/example_dags/example_nested_branch_dag.py for tasks to queue
[2023-03-18T00:00:19.332+0000] {logging_mixin.py:137} INFO - [2023-03-18T00:00:19.332+0000] {dagbag.py:538} INFO - Filling up the DagBag from /home/airflow/.local/lib/python3.7/site-packages/airflow/example_dags/example_nested_branch_dag.py
[2023-03-18T00:00:19.453+0000] {processor.py:753} INFO - DAG(s) dict_keys(['example_nested_branch_dag']) retrieved from /home/airflow/.local/lib/python3.7/site-packages/airflow/example_dags/example_nested_branch_dag.py
[2023-03-18T00:00:19.487+0000] {logging_mixin.py:137} INFO - [2023-03-18T00:00:19.487+0000] {dag.py:2690} INFO - Sync 1 DAGs
[2023-03-18T00:00:19.524+0000] {logging_mixin.py:137} INFO - [2023-03-18T00:00:19.523+0000] {dag.py:3441} INFO - Setting next_dagrun for example_nested_branch_dag to 2023-03-17T00:00:00+00:00, run_after=2023-03-18T00:00:00+00:00
[2023-03-18T00:00:19.551+0000] {processor.py:175} INFO - Processing /home/airflow/.local/lib/python3.7/site-packages/airflow/example_dags/example_nested_branch_dag.py took 0.242 seconds
[2023-03-18T00:00:50.721+0000] {processor.py:153} INFO - Started process (PID=8204) to work on /home/airflow/.local/lib/python3.7/site-packages/airflow/example_dags/example_nested_branch_dag.py
[2023-03-18T00:00:50.733+0000] {processor.py:743} INFO - Processing file /home/airflow/.local/lib/python3.7/site-packages/airflow/example_dags/example_nested_branch_dag.py for tasks to queue
[2023-03-18T00:00:50.740+0000] {logging_mixin.py:137} INFO - [2023-03-18T00:00:50.739+0000] {dagbag.py:538} INFO - Filling up the DagBag from /home/airflow/.local/lib/python3.7/site-packages/airflow/example_dags/example_nested_branch_dag.py
[2023-03-18T00:00:50.988+0000] {processor.py:753} INFO - DAG(s) dict_keys(['example_nested_branch_dag']) retrieved from /home/airflow/.local/lib/python3.7/site-packages/airflow/example_dags/example_nested_branch_dag.py
[2023-03-18T00:00:51.198+0000] {logging_mixin.py:137} INFO - [2023-03-18T00:00:51.198+0000] {dag.py:2690} INFO - Sync 1 DAGs
[2023-03-18T00:00:51.317+0000] {logging_mixin.py:137} INFO - [2023-03-18T00:00:51.317+0000] {dag.py:3441} INFO - Setting next_dagrun for example_nested_branch_dag to 2023-03-17T00:00:00+00:00, run_after=2023-03-18T00:00:00+00:00
[2023-03-18T00:00:51.382+0000] {processor.py:175} INFO - Processing /home/airflow/.local/lib/python3.7/site-packages/airflow/example_dags/example_nested_branch_dag.py took 0.682 seconds
[2023-03-18T00:01:21.837+0000] {processor.py:153} INFO - Started process (PID=8275) to work on /home/airflow/.local/lib/python3.7/site-packages/airflow/example_dags/example_nested_branch_dag.py
[2023-03-18T00:01:21.839+0000] {processor.py:743} INFO - Processing file /home/airflow/.local/lib/python3.7/site-packages/airflow/example_dags/example_nested_branch_dag.py for tasks to queue
[2023-03-18T00:01:21.842+0000] {logging_mixin.py:137} INFO - [2023-03-18T00:01:21.841+0000] {dagbag.py:538} INFO - Filling up the DagBag from /home/airflow/.local/lib/python3.7/site-packages/airflow/example_dags/example_nested_branch_dag.py
[2023-03-18T00:01:21.934+0000] {processor.py:753} INFO - DAG(s) dict_keys(['example_nested_branch_dag']) retrieved from /home/airflow/.local/lib/python3.7/site-packages/airflow/example_dags/example_nested_branch_dag.py
[2023-03-18T00:01:22.010+0000] {logging_mixin.py:137} INFO - [2023-03-18T00:01:22.010+0000] {dag.py:2690} INFO - Sync 1 DAGs
[2023-03-18T00:01:22.121+0000] {logging_mixin.py:137} INFO - [2023-03-18T00:01:22.121+0000] {dag.py:3441} INFO - Setting next_dagrun for example_nested_branch_dag to 2023-03-17T00:00:00+00:00, run_after=2023-03-18T00:00:00+00:00
[2023-03-18T00:01:22.196+0000] {processor.py:175} INFO - Processing /home/airflow/.local/lib/python3.7/site-packages/airflow/example_dags/example_nested_branch_dag.py took 0.367 seconds
[2023-03-18T00:01:52.326+0000] {processor.py:153} INFO - Started process (PID=8356) to work on /home/airflow/.local/lib/python3.7/site-packages/airflow/example_dags/example_nested_branch_dag.py
[2023-03-18T00:01:52.331+0000] {processor.py:743} INFO - Processing file /home/airflow/.local/lib/python3.7/site-packages/airflow/example_dags/example_nested_branch_dag.py for tasks to queue
[2023-03-18T00:01:52.333+0000] {logging_mixin.py:137} INFO - [2023-03-18T00:01:52.333+0000] {dagbag.py:538} INFO - Filling up the DagBag from /home/airflow/.local/lib/python3.7/site-packages/airflow/example_dags/example_nested_branch_dag.py
[2023-03-18T00:01:52.390+0000] {processor.py:753} INFO - DAG(s) dict_keys(['example_nested_branch_dag']) retrieved from /home/airflow/.local/lib/python3.7/site-packages/airflow/example_dags/example_nested_branch_dag.py
[2023-03-18T00:01:52.466+0000] {logging_mixin.py:137} INFO - [2023-03-18T00:01:52.466+0000] {dag.py:2690} INFO - Sync 1 DAGs
[2023-03-18T00:01:52.549+0000] {logging_mixin.py:137} INFO - [2023-03-18T00:01:52.548+0000] {dag.py:3441} INFO - Setting next_dagrun for example_nested_branch_dag to 2023-03-17T00:00:00+00:00, run_after=2023-03-18T00:00:00+00:00
[2023-03-18T00:01:52.592+0000] {processor.py:175} INFO - Processing /home/airflow/.local/lib/python3.7/site-packages/airflow/example_dags/example_nested_branch_dag.py took 0.277 seconds
[2023-03-18T00:02:23.223+0000] {processor.py:153} INFO - Started process (PID=8431) to work on /home/airflow/.local/lib/python3.7/site-packages/airflow/example_dags/example_nested_branch_dag.py
[2023-03-18T00:02:23.224+0000] {processor.py:743} INFO - Processing file /home/airflow/.local/lib/python3.7/site-packages/airflow/example_dags/example_nested_branch_dag.py for tasks to queue
[2023-03-18T00:02:23.226+0000] {logging_mixin.py:137} INFO - [2023-03-18T00:02:23.226+0000] {dagbag.py:538} INFO - Filling up the DagBag from /home/airflow/.local/lib/python3.7/site-packages/airflow/example_dags/example_nested_branch_dag.py
[2023-03-18T00:02:23.280+0000] {processor.py:753} INFO - DAG(s) dict_keys(['example_nested_branch_dag']) retrieved from /home/airflow/.local/lib/python3.7/site-packages/airflow/example_dags/example_nested_branch_dag.py
[2023-03-18T00:02:23.399+0000] {logging_mixin.py:137} INFO - [2023-03-18T00:02:23.398+0000] {dag.py:2690} INFO - Sync 1 DAGs
[2023-03-18T00:02:23.502+0000] {logging_mixin.py:137} INFO - [2023-03-18T00:02:23.501+0000] {dag.py:3441} INFO - Setting next_dagrun for example_nested_branch_dag to 2023-03-17T00:00:00+00:00, run_after=2023-03-18T00:00:00+00:00
[2023-03-18T00:02:23.557+0000] {processor.py:175} INFO - Processing /home/airflow/.local/lib/python3.7/site-packages/airflow/example_dags/example_nested_branch_dag.py took 0.340 seconds
[2023-03-18T00:02:53.649+0000] {processor.py:153} INFO - Started process (PID=8513) to work on /home/airflow/.local/lib/python3.7/site-packages/airflow/example_dags/example_nested_branch_dag.py
[2023-03-18T00:02:53.651+0000] {processor.py:743} INFO - Processing file /home/airflow/.local/lib/python3.7/site-packages/airflow/example_dags/example_nested_branch_dag.py for tasks to queue
[2023-03-18T00:02:53.652+0000] {logging_mixin.py:137} INFO - [2023-03-18T00:02:53.652+0000] {dagbag.py:538} INFO - Filling up the DagBag from /home/airflow/.local/lib/python3.7/site-packages/airflow/example_dags/example_nested_branch_dag.py
[2023-03-18T00:02:53.692+0000] {processor.py:753} INFO - DAG(s) dict_keys(['example_nested_branch_dag']) retrieved from /home/airflow/.local/lib/python3.7/site-packages/airflow/example_dags/example_nested_branch_dag.py
[2023-03-18T00:02:53.761+0000] {logging_mixin.py:137} INFO - [2023-03-18T00:02:53.761+0000] {dag.py:2690} INFO - Sync 1 DAGs
[2023-03-18T00:02:53.806+0000] {logging_mixin.py:137} INFO - [2023-03-18T00:02:53.805+0000] {dag.py:3441} INFO - Setting next_dagrun for example_nested_branch_dag to 2023-03-17T00:00:00+00:00, run_after=2023-03-18T00:00:00+00:00
[2023-03-18T00:02:53.839+0000] {processor.py:175} INFO - Processing /home/airflow/.local/lib/python3.7/site-packages/airflow/example_dags/example_nested_branch_dag.py took 0.196 seconds
[2023-03-18T00:03:24.329+0000] {processor.py:153} INFO - Started process (PID=8595) to work on /home/airflow/.local/lib/python3.7/site-packages/airflow/example_dags/example_nested_branch_dag.py
[2023-03-18T00:03:24.335+0000] {processor.py:743} INFO - Processing file /home/airflow/.local/lib/python3.7/site-packages/airflow/example_dags/example_nested_branch_dag.py for tasks to queue
[2023-03-18T00:03:24.337+0000] {logging_mixin.py:137} INFO - [2023-03-18T00:03:24.336+0000] {dagbag.py:538} INFO - Filling up the DagBag from /home/airflow/.local/lib/python3.7/site-packages/airflow/example_dags/example_nested_branch_dag.py
[2023-03-18T00:03:24.396+0000] {processor.py:753} INFO - DAG(s) dict_keys(['example_nested_branch_dag']) retrieved from /home/airflow/.local/lib/python3.7/site-packages/airflow/example_dags/example_nested_branch_dag.py
[2023-03-18T00:03:24.433+0000] {logging_mixin.py:137} INFO - [2023-03-18T00:03:24.433+0000] {dag.py:2690} INFO - Sync 1 DAGs
[2023-03-18T00:03:24.465+0000] {logging_mixin.py:137} INFO - [2023-03-18T00:03:24.465+0000] {dag.py:3441} INFO - Setting next_dagrun for example_nested_branch_dag to 2023-03-17T00:00:00+00:00, run_after=2023-03-18T00:00:00+00:00
[2023-03-18T00:03:24.487+0000] {processor.py:175} INFO - Processing /home/airflow/.local/lib/python3.7/site-packages/airflow/example_dags/example_nested_branch_dag.py took 0.165 seconds
[2023-03-18T00:03:55.147+0000] {processor.py:153} INFO - Started process (PID=8697) to work on /home/airflow/.local/lib/python3.7/site-packages/airflow/example_dags/example_nested_branch_dag.py
[2023-03-18T00:03:55.152+0000] {processor.py:743} INFO - Processing file /home/airflow/.local/lib/python3.7/site-packages/airflow/example_dags/example_nested_branch_dag.py for tasks to queue
[2023-03-18T00:03:55.155+0000] {logging_mixin.py:137} INFO - [2023-03-18T00:03:55.155+0000] {dagbag.py:538} INFO - Filling up the DagBag from /home/airflow/.local/lib/python3.7/site-packages/airflow/example_dags/example_nested_branch_dag.py
[2023-03-18T00:03:55.261+0000] {processor.py:753} INFO - DAG(s) dict_keys(['example_nested_branch_dag']) retrieved from /home/airflow/.local/lib/python3.7/site-packages/airflow/example_dags/example_nested_branch_dag.py
[2023-03-18T00:03:55.368+0000] {logging_mixin.py:137} INFO - [2023-03-18T00:03:55.368+0000] {dag.py:2690} INFO - Sync 1 DAGs
[2023-03-18T00:03:55.452+0000] {logging_mixin.py:137} INFO - [2023-03-18T00:03:55.452+0000] {dag.py:3441} INFO - Setting next_dagrun for example_nested_branch_dag to 2023-03-17T00:00:00+00:00, run_after=2023-03-18T00:00:00+00:00
[2023-03-18T00:03:55.501+0000] {processor.py:175} INFO - Processing /home/airflow/.local/lib/python3.7/site-packages/airflow/example_dags/example_nested_branch_dag.py took 0.364 seconds
[2023-03-18T00:04:25.624+0000] {processor.py:153} INFO - Started process (PID=8779) to work on /home/airflow/.local/lib/python3.7/site-packages/airflow/example_dags/example_nested_branch_dag.py
[2023-03-18T00:04:25.626+0000] {processor.py:743} INFO - Processing file /home/airflow/.local/lib/python3.7/site-packages/airflow/example_dags/example_nested_branch_dag.py for tasks to queue
[2023-03-18T00:04:25.629+0000] {logging_mixin.py:137} INFO - [2023-03-18T00:04:25.629+0000] {dagbag.py:538} INFO - Filling up the DagBag from /home/airflow/.local/lib/python3.7/site-packages/airflow/example_dags/example_nested_branch_dag.py
[2023-03-18T00:04:25.679+0000] {processor.py:753} INFO - DAG(s) dict_keys(['example_nested_branch_dag']) retrieved from /home/airflow/.local/lib/python3.7/site-packages/airflow/example_dags/example_nested_branch_dag.py
[2023-03-18T00:04:25.725+0000] {logging_mixin.py:137} INFO - [2023-03-18T00:04:25.725+0000] {dag.py:2690} INFO - Sync 1 DAGs
[2023-03-18T00:04:25.781+0000] {logging_mixin.py:137} INFO - [2023-03-18T00:04:25.780+0000] {dag.py:3441} INFO - Setting next_dagrun for example_nested_branch_dag to 2023-03-17T00:00:00+00:00, run_after=2023-03-18T00:00:00+00:00
[2023-03-18T00:04:25.808+0000] {processor.py:175} INFO - Processing /home/airflow/.local/lib/python3.7/site-packages/airflow/example_dags/example_nested_branch_dag.py took 0.189 seconds
[2023-03-18T00:04:56.214+0000] {processor.py:153} INFO - Started process (PID=8862) to work on /home/airflow/.local/lib/python3.7/site-packages/airflow/example_dags/example_nested_branch_dag.py
[2023-03-18T00:04:56.216+0000] {processor.py:743} INFO - Processing file /home/airflow/.local/lib/python3.7/site-packages/airflow/example_dags/example_nested_branch_dag.py for tasks to queue
[2023-03-18T00:04:56.217+0000] {logging_mixin.py:137} INFO - [2023-03-18T00:04:56.217+0000] {dagbag.py:538} INFO - Filling up the DagBag from /home/airflow/.local/lib/python3.7/site-packages/airflow/example_dags/example_nested_branch_dag.py
[2023-03-18T00:04:56.299+0000] {processor.py:753} INFO - DAG(s) dict_keys(['example_nested_branch_dag']) retrieved from /home/airflow/.local/lib/python3.7/site-packages/airflow/example_dags/example_nested_branch_dag.py
[2023-03-18T00:04:56.359+0000] {logging_mixin.py:137} INFO - [2023-03-18T00:04:56.359+0000] {dag.py:2690} INFO - Sync 1 DAGs
[2023-03-18T00:04:56.389+0000] {logging_mixin.py:137} INFO - [2023-03-18T00:04:56.389+0000] {dag.py:3441} INFO - Setting next_dagrun for example_nested_branch_dag to 2023-03-17T00:00:00+00:00, run_after=2023-03-18T00:00:00+00:00
[2023-03-18T00:04:56.420+0000] {processor.py:175} INFO - Processing /home/airflow/.local/lib/python3.7/site-packages/airflow/example_dags/example_nested_branch_dag.py took 0.210 seconds
[2023-03-18T00:05:26.552+0000] {processor.py:153} INFO - Started process (PID=8953) to work on /home/airflow/.local/lib/python3.7/site-packages/airflow/example_dags/example_nested_branch_dag.py
[2023-03-18T00:05:26.556+0000] {processor.py:743} INFO - Processing file /home/airflow/.local/lib/python3.7/site-packages/airflow/example_dags/example_nested_branch_dag.py for tasks to queue
[2023-03-18T00:05:26.558+0000] {logging_mixin.py:137} INFO - [2023-03-18T00:05:26.558+0000] {dagbag.py:538} INFO - Filling up the DagBag from /home/airflow/.local/lib/python3.7/site-packages/airflow/example_dags/example_nested_branch_dag.py
[2023-03-18T00:05:26.639+0000] {processor.py:753} INFO - DAG(s) dict_keys(['example_nested_branch_dag']) retrieved from /home/airflow/.local/lib/python3.7/site-packages/airflow/example_dags/example_nested_branch_dag.py
[2023-03-18T00:05:26.740+0000] {logging_mixin.py:137} INFO - [2023-03-18T00:05:26.739+0000] {dag.py:2690} INFO - Sync 1 DAGs
[2023-03-18T00:05:26.812+0000] {logging_mixin.py:137} INFO - [2023-03-18T00:05:26.811+0000] {dag.py:3441} INFO - Setting next_dagrun for example_nested_branch_dag to 2023-03-17T00:00:00+00:00, run_after=2023-03-18T00:00:00+00:00
[2023-03-18T00:05:26.866+0000] {processor.py:175} INFO - Processing /home/airflow/.local/lib/python3.7/site-packages/airflow/example_dags/example_nested_branch_dag.py took 0.326 seconds
[2023-03-18T00:05:57.418+0000] {processor.py:153} INFO - Started process (PID=9046) to work on /home/airflow/.local/lib/python3.7/site-packages/airflow/example_dags/example_nested_branch_dag.py
[2023-03-18T00:05:57.420+0000] {processor.py:743} INFO - Processing file /home/airflow/.local/lib/python3.7/site-packages/airflow/example_dags/example_nested_branch_dag.py for tasks to queue
[2023-03-18T00:05:57.422+0000] {logging_mixin.py:137} INFO - [2023-03-18T00:05:57.422+0000] {dagbag.py:538} INFO - Filling up the DagBag from /home/airflow/.local/lib/python3.7/site-packages/airflow/example_dags/example_nested_branch_dag.py
[2023-03-18T00:05:57.454+0000] {processor.py:753} INFO - DAG(s) dict_keys(['example_nested_branch_dag']) retrieved from /home/airflow/.local/lib/python3.7/site-packages/airflow/example_dags/example_nested_branch_dag.py
[2023-03-18T00:05:57.493+0000] {logging_mixin.py:137} INFO - [2023-03-18T00:05:57.493+0000] {dag.py:2690} INFO - Sync 1 DAGs
[2023-03-18T00:05:57.538+0000] {logging_mixin.py:137} INFO - [2023-03-18T00:05:57.538+0000] {dag.py:3441} INFO - Setting next_dagrun for example_nested_branch_dag to 2023-03-17T00:00:00+00:00, run_after=2023-03-18T00:00:00+00:00
[2023-03-18T00:05:57.568+0000] {processor.py:175} INFO - Processing /home/airflow/.local/lib/python3.7/site-packages/airflow/example_dags/example_nested_branch_dag.py took 0.155 seconds
[2023-03-18T00:06:28.141+0000] {processor.py:153} INFO - Started process (PID=9128) to work on /home/airflow/.local/lib/python3.7/site-packages/airflow/example_dags/example_nested_branch_dag.py
[2023-03-18T00:06:28.146+0000] {processor.py:743} INFO - Processing file /home/airflow/.local/lib/python3.7/site-packages/airflow/example_dags/example_nested_branch_dag.py for tasks to queue
[2023-03-18T00:06:28.150+0000] {logging_mixin.py:137} INFO - [2023-03-18T00:06:28.149+0000] {dagbag.py:538} INFO - Filling up the DagBag from /home/airflow/.local/lib/python3.7/site-packages/airflow/example_dags/example_nested_branch_dag.py
[2023-03-18T00:06:28.266+0000] {processor.py:753} INFO - DAG(s) dict_keys(['example_nested_branch_dag']) retrieved from /home/airflow/.local/lib/python3.7/site-packages/airflow/example_dags/example_nested_branch_dag.py
[2023-03-18T00:06:28.306+0000] {logging_mixin.py:137} INFO - [2023-03-18T00:06:28.305+0000] {dag.py:2690} INFO - Sync 1 DAGs
[2023-03-18T00:06:28.341+0000] {logging_mixin.py:137} INFO - [2023-03-18T00:06:28.340+0000] {dag.py:3441} INFO - Setting next_dagrun for example_nested_branch_dag to 2023-03-17T00:00:00+00:00, run_after=2023-03-18T00:00:00+00:00
[2023-03-18T00:06:28.376+0000] {processor.py:175} INFO - Processing /home/airflow/.local/lib/python3.7/site-packages/airflow/example_dags/example_nested_branch_dag.py took 0.254 seconds
[2023-03-18T00:06:59.267+0000] {processor.py:153} INFO - Started process (PID=9210) to work on /home/airflow/.local/lib/python3.7/site-packages/airflow/example_dags/example_nested_branch_dag.py
[2023-03-18T00:06:59.268+0000] {processor.py:743} INFO - Processing file /home/airflow/.local/lib/python3.7/site-packages/airflow/example_dags/example_nested_branch_dag.py for tasks to queue
[2023-03-18T00:06:59.270+0000] {logging_mixin.py:137} INFO - [2023-03-18T00:06:59.270+0000] {dagbag.py:538} INFO - Filling up the DagBag from /home/airflow/.local/lib/python3.7/site-packages/airflow/example_dags/example_nested_branch_dag.py
[2023-03-18T00:06:59.312+0000] {processor.py:753} INFO - DAG(s) dict_keys(['example_nested_branch_dag']) retrieved from /home/airflow/.local/lib/python3.7/site-packages/airflow/example_dags/example_nested_branch_dag.py
[2023-03-18T00:06:59.358+0000] {logging_mixin.py:137} INFO - [2023-03-18T00:06:59.358+0000] {dag.py:2690} INFO - Sync 1 DAGs
[2023-03-18T00:06:59.401+0000] {logging_mixin.py:137} INFO - [2023-03-18T00:06:59.400+0000] {dag.py:3441} INFO - Setting next_dagrun for example_nested_branch_dag to 2023-03-17T00:00:00+00:00, run_after=2023-03-18T00:00:00+00:00
[2023-03-18T00:06:59.433+0000] {processor.py:175} INFO - Processing /home/airflow/.local/lib/python3.7/site-packages/airflow/example_dags/example_nested_branch_dag.py took 0.171 seconds
[2023-03-18T00:07:30.199+0000] {processor.py:153} INFO - Started process (PID=9293) to work on /home/airflow/.local/lib/python3.7/site-packages/airflow/example_dags/example_nested_branch_dag.py
[2023-03-18T00:07:30.203+0000] {processor.py:743} INFO - Processing file /home/airflow/.local/lib/python3.7/site-packages/airflow/example_dags/example_nested_branch_dag.py for tasks to queue
[2023-03-18T00:07:30.207+0000] {logging_mixin.py:137} INFO - [2023-03-18T00:07:30.206+0000] {dagbag.py:538} INFO - Filling up the DagBag from /home/airflow/.local/lib/python3.7/site-packages/airflow/example_dags/example_nested_branch_dag.py
[2023-03-18T00:07:30.292+0000] {processor.py:753} INFO - DAG(s) dict_keys(['example_nested_branch_dag']) retrieved from /home/airflow/.local/lib/python3.7/site-packages/airflow/example_dags/example_nested_branch_dag.py
[2023-03-18T00:07:30.372+0000] {logging_mixin.py:137} INFO - [2023-03-18T00:07:30.371+0000] {dag.py:2690} INFO - Sync 1 DAGs
[2023-03-18T00:07:30.477+0000] {logging_mixin.py:137} INFO - [2023-03-18T00:07:30.477+0000] {dag.py:3441} INFO - Setting next_dagrun for example_nested_branch_dag to 2023-03-17T00:00:00+00:00, run_after=2023-03-18T00:00:00+00:00
[2023-03-18T00:07:30.549+0000] {processor.py:175} INFO - Processing /home/airflow/.local/lib/python3.7/site-packages/airflow/example_dags/example_nested_branch_dag.py took 0.360 seconds
[2023-03-18T00:08:01.372+0000] {processor.py:153} INFO - Started process (PID=9385) to work on /home/airflow/.local/lib/python3.7/site-packages/airflow/example_dags/example_nested_branch_dag.py
[2023-03-18T00:08:01.374+0000] {processor.py:743} INFO - Processing file /home/airflow/.local/lib/python3.7/site-packages/airflow/example_dags/example_nested_branch_dag.py for tasks to queue
[2023-03-18T00:08:01.376+0000] {logging_mixin.py:137} INFO - [2023-03-18T00:08:01.376+0000] {dagbag.py:538} INFO - Filling up the DagBag from /home/airflow/.local/lib/python3.7/site-packages/airflow/example_dags/example_nested_branch_dag.py
[2023-03-18T00:08:01.425+0000] {processor.py:753} INFO - DAG(s) dict_keys(['example_nested_branch_dag']) retrieved from /home/airflow/.local/lib/python3.7/site-packages/airflow/example_dags/example_nested_branch_dag.py
[2023-03-18T00:08:01.471+0000] {logging_mixin.py:137} INFO - [2023-03-18T00:08:01.471+0000] {dag.py:2690} INFO - Sync 1 DAGs
[2023-03-18T00:08:01.518+0000] {logging_mixin.py:137} INFO - [2023-03-18T00:08:01.518+0000] {dag.py:3441} INFO - Setting next_dagrun for example_nested_branch_dag to 2023-03-17T00:00:00+00:00, run_after=2023-03-18T00:00:00+00:00
[2023-03-18T00:08:01.548+0000] {processor.py:175} INFO - Processing /home/airflow/.local/lib/python3.7/site-packages/airflow/example_dags/example_nested_branch_dag.py took 0.182 seconds
[2023-03-18T00:08:32.452+0000] {processor.py:153} INFO - Started process (PID=9478) to work on /home/airflow/.local/lib/python3.7/site-packages/airflow/example_dags/example_nested_branch_dag.py
[2023-03-18T00:08:32.453+0000] {processor.py:743} INFO - Processing file /home/airflow/.local/lib/python3.7/site-packages/airflow/example_dags/example_nested_branch_dag.py for tasks to queue
[2023-03-18T00:08:32.455+0000] {logging_mixin.py:137} INFO - [2023-03-18T00:08:32.455+0000] {dagbag.py:538} INFO - Filling up the DagBag from /home/airflow/.local/lib/python3.7/site-packages/airflow/example_dags/example_nested_branch_dag.py
[2023-03-18T00:08:32.491+0000] {processor.py:753} INFO - DAG(s) dict_keys(['example_nested_branch_dag']) retrieved from /home/airflow/.local/lib/python3.7/site-packages/airflow/example_dags/example_nested_branch_dag.py
[2023-03-18T00:08:32.526+0000] {logging_mixin.py:137} INFO - [2023-03-18T00:08:32.525+0000] {dag.py:2690} INFO - Sync 1 DAGs
[2023-03-18T00:08:32.561+0000] {logging_mixin.py:137} INFO - [2023-03-18T00:08:32.561+0000] {dag.py:3441} INFO - Setting next_dagrun for example_nested_branch_dag to 2023-03-17T00:00:00+00:00, run_after=2023-03-18T00:00:00+00:00
[2023-03-18T00:08:32.583+0000] {processor.py:175} INFO - Processing /home/airflow/.local/lib/python3.7/site-packages/airflow/example_dags/example_nested_branch_dag.py took 0.136 seconds
[2023-03-18T00:09:03.259+0000] {processor.py:153} INFO - Started process (PID=9560) to work on /home/airflow/.local/lib/python3.7/site-packages/airflow/example_dags/example_nested_branch_dag.py
[2023-03-18T00:09:03.261+0000] {processor.py:743} INFO - Processing file /home/airflow/.local/lib/python3.7/site-packages/airflow/example_dags/example_nested_branch_dag.py for tasks to queue
[2023-03-18T00:09:03.263+0000] {logging_mixin.py:137} INFO - [2023-03-18T00:09:03.262+0000] {dagbag.py:538} INFO - Filling up the DagBag from /home/airflow/.local/lib/python3.7/site-packages/airflow/example_dags/example_nested_branch_dag.py
[2023-03-18T00:09:03.313+0000] {processor.py:753} INFO - DAG(s) dict_keys(['example_nested_branch_dag']) retrieved from /home/airflow/.local/lib/python3.7/site-packages/airflow/example_dags/example_nested_branch_dag.py
[2023-03-18T00:09:03.363+0000] {logging_mixin.py:137} INFO - [2023-03-18T00:09:03.363+0000] {dag.py:2690} INFO - Sync 1 DAGs
[2023-03-18T00:09:03.423+0000] {logging_mixin.py:137} INFO - [2023-03-18T00:09:03.422+0000] {dag.py:3441} INFO - Setting next_dagrun for example_nested_branch_dag to 2023-03-17T00:00:00+00:00, run_after=2023-03-18T00:00:00+00:00
[2023-03-18T00:09:03.469+0000] {processor.py:175} INFO - Processing /home/airflow/.local/lib/python3.7/site-packages/airflow/example_dags/example_nested_branch_dag.py took 0.214 seconds
[2023-03-18T00:09:33.518+0000] {processor.py:153} INFO - Started process (PID=9642) to work on /home/airflow/.local/lib/python3.7/site-packages/airflow/example_dags/example_nested_branch_dag.py
[2023-03-18T00:09:33.519+0000] {processor.py:743} INFO - Processing file /home/airflow/.local/lib/python3.7/site-packages/airflow/example_dags/example_nested_branch_dag.py for tasks to queue
[2023-03-18T00:09:33.520+0000] {logging_mixin.py:137} INFO - [2023-03-18T00:09:33.520+0000] {dagbag.py:538} INFO - Filling up the DagBag from /home/airflow/.local/lib/python3.7/site-packages/airflow/example_dags/example_nested_branch_dag.py
[2023-03-18T00:09:33.551+0000] {processor.py:753} INFO - DAG(s) dict_keys(['example_nested_branch_dag']) retrieved from /home/airflow/.local/lib/python3.7/site-packages/airflow/example_dags/example_nested_branch_dag.py
[2023-03-18T00:09:33.585+0000] {logging_mixin.py:137} INFO - [2023-03-18T00:09:33.584+0000] {dag.py:2690} INFO - Sync 1 DAGs
[2023-03-18T00:09:33.616+0000] {logging_mixin.py:137} INFO - [2023-03-18T00:09:33.616+0000] {dag.py:3441} INFO - Setting next_dagrun for example_nested_branch_dag to 2023-03-17T00:00:00+00:00, run_after=2023-03-18T00:00:00+00:00
[2023-03-18T00:09:33.640+0000] {processor.py:175} INFO - Processing /home/airflow/.local/lib/python3.7/site-packages/airflow/example_dags/example_nested_branch_dag.py took 0.129 seconds
[2023-03-18T00:10:03.733+0000] {processor.py:153} INFO - Started process (PID=9744) to work on /home/airflow/.local/lib/python3.7/site-packages/airflow/example_dags/example_nested_branch_dag.py
[2023-03-18T00:10:03.735+0000] {processor.py:743} INFO - Processing file /home/airflow/.local/lib/python3.7/site-packages/airflow/example_dags/example_nested_branch_dag.py for tasks to queue
[2023-03-18T00:10:03.738+0000] {logging_mixin.py:137} INFO - [2023-03-18T00:10:03.738+0000] {dagbag.py:538} INFO - Filling up the DagBag from /home/airflow/.local/lib/python3.7/site-packages/airflow/example_dags/example_nested_branch_dag.py
[2023-03-18T00:10:03.843+0000] {processor.py:753} INFO - DAG(s) dict_keys(['example_nested_branch_dag']) retrieved from /home/airflow/.local/lib/python3.7/site-packages/airflow/example_dags/example_nested_branch_dag.py
[2023-03-18T00:10:03.952+0000] {logging_mixin.py:137} INFO - [2023-03-18T00:10:03.952+0000] {dag.py:2690} INFO - Sync 1 DAGs
[2023-03-18T00:10:04.025+0000] {logging_mixin.py:137} INFO - [2023-03-18T00:10:04.025+0000] {dag.py:3441} INFO - Setting next_dagrun for example_nested_branch_dag to 2023-03-17T00:00:00+00:00, run_after=2023-03-18T00:00:00+00:00
[2023-03-18T00:10:04.057+0000] {processor.py:175} INFO - Processing /home/airflow/.local/lib/python3.7/site-packages/airflow/example_dags/example_nested_branch_dag.py took 0.333 seconds
[2023-03-18T00:10:34.459+0000] {processor.py:153} INFO - Started process (PID=9826) to work on /home/airflow/.local/lib/python3.7/site-packages/airflow/example_dags/example_nested_branch_dag.py
[2023-03-18T00:10:34.461+0000] {processor.py:743} INFO - Processing file /home/airflow/.local/lib/python3.7/site-packages/airflow/example_dags/example_nested_branch_dag.py for tasks to queue
[2023-03-18T00:10:34.462+0000] {logging_mixin.py:137} INFO - [2023-03-18T00:10:34.462+0000] {dagbag.py:538} INFO - Filling up the DagBag from /home/airflow/.local/lib/python3.7/site-packages/airflow/example_dags/example_nested_branch_dag.py
[2023-03-18T00:10:34.519+0000] {processor.py:753} INFO - DAG(s) dict_keys(['example_nested_branch_dag']) retrieved from /home/airflow/.local/lib/python3.7/site-packages/airflow/example_dags/example_nested_branch_dag.py
[2023-03-18T00:10:34.557+0000] {logging_mixin.py:137} INFO - [2023-03-18T00:10:34.557+0000] {dag.py:2690} INFO - Sync 1 DAGs
[2023-03-18T00:10:34.603+0000] {logging_mixin.py:137} INFO - [2023-03-18T00:10:34.603+0000] {dag.py:3441} INFO - Setting next_dagrun for example_nested_branch_dag to 2023-03-17T00:00:00+00:00, run_after=2023-03-18T00:00:00+00:00
[2023-03-18T00:10:34.630+0000] {processor.py:175} INFO - Processing /home/airflow/.local/lib/python3.7/site-packages/airflow/example_dags/example_nested_branch_dag.py took 0.175 seconds
[2023-03-18T00:11:04.782+0000] {processor.py:153} INFO - Started process (PID=9908) to work on /home/airflow/.local/lib/python3.7/site-packages/airflow/example_dags/example_nested_branch_dag.py
[2023-03-18T00:11:04.784+0000] {processor.py:743} INFO - Processing file /home/airflow/.local/lib/python3.7/site-packages/airflow/example_dags/example_nested_branch_dag.py for tasks to queue
[2023-03-18T00:11:04.785+0000] {logging_mixin.py:137} INFO - [2023-03-18T00:11:04.785+0000] {dagbag.py:538} INFO - Filling up the DagBag from /home/airflow/.local/lib/python3.7/site-packages/airflow/example_dags/example_nested_branch_dag.py
[2023-03-18T00:11:04.820+0000] {processor.py:753} INFO - DAG(s) dict_keys(['example_nested_branch_dag']) retrieved from /home/airflow/.local/lib/python3.7/site-packages/airflow/example_dags/example_nested_branch_dag.py
[2023-03-18T00:11:04.857+0000] {logging_mixin.py:137} INFO - [2023-03-18T00:11:04.857+0000] {dag.py:2690} INFO - Sync 1 DAGs
[2023-03-18T00:11:04.888+0000] {logging_mixin.py:137} INFO - [2023-03-18T00:11:04.888+0000] {dag.py:3441} INFO - Setting next_dagrun for example_nested_branch_dag to 2023-03-17T00:00:00+00:00, run_after=2023-03-18T00:00:00+00:00
[2023-03-18T00:11:04.914+0000] {processor.py:175} INFO - Processing /home/airflow/.local/lib/python3.7/site-packages/airflow/example_dags/example_nested_branch_dag.py took 0.136 seconds
[2023-03-18T00:11:35.727+0000] {processor.py:153} INFO - Started process (PID=9990) to work on /home/airflow/.local/lib/python3.7/site-packages/airflow/example_dags/example_nested_branch_dag.py
[2023-03-18T00:11:35.734+0000] {processor.py:743} INFO - Processing file /home/airflow/.local/lib/python3.7/site-packages/airflow/example_dags/example_nested_branch_dag.py for tasks to queue
[2023-03-18T00:11:35.741+0000] {logging_mixin.py:137} INFO - [2023-03-18T00:11:35.740+0000] {dagbag.py:538} INFO - Filling up the DagBag from /home/airflow/.local/lib/python3.7/site-packages/airflow/example_dags/example_nested_branch_dag.py
[2023-03-18T00:11:35.810+0000] {processor.py:753} INFO - DAG(s) dict_keys(['example_nested_branch_dag']) retrieved from /home/airflow/.local/lib/python3.7/site-packages/airflow/example_dags/example_nested_branch_dag.py
[2023-03-18T00:11:35.859+0000] {logging_mixin.py:137} INFO - [2023-03-18T00:11:35.859+0000] {dag.py:2690} INFO - Sync 1 DAGs
[2023-03-18T00:11:35.905+0000] {logging_mixin.py:137} INFO - [2023-03-18T00:11:35.905+0000] {dag.py:3441} INFO - Setting next_dagrun for example_nested_branch_dag to 2023-03-17T00:00:00+00:00, run_after=2023-03-18T00:00:00+00:00
[2023-03-18T00:11:35.938+0000] {processor.py:175} INFO - Processing /home/airflow/.local/lib/python3.7/site-packages/airflow/example_dags/example_nested_branch_dag.py took 0.239 seconds
[2023-03-18T00:12:06.257+0000] {processor.py:153} INFO - Started process (PID=10072) to work on /home/airflow/.local/lib/python3.7/site-packages/airflow/example_dags/example_nested_branch_dag.py
[2023-03-18T00:12:06.268+0000] {processor.py:743} INFO - Processing file /home/airflow/.local/lib/python3.7/site-packages/airflow/example_dags/example_nested_branch_dag.py for tasks to queue
[2023-03-18T00:12:06.271+0000] {logging_mixin.py:137} INFO - [2023-03-18T00:12:06.271+0000] {dagbag.py:538} INFO - Filling up the DagBag from /home/airflow/.local/lib/python3.7/site-packages/airflow/example_dags/example_nested_branch_dag.py
[2023-03-18T00:12:06.434+0000] {processor.py:753} INFO - DAG(s) dict_keys(['example_nested_branch_dag']) retrieved from /home/airflow/.local/lib/python3.7/site-packages/airflow/example_dags/example_nested_branch_dag.py
[2023-03-18T00:12:06.563+0000] {logging_mixin.py:137} INFO - [2023-03-18T00:12:06.563+0000] {dag.py:2690} INFO - Sync 1 DAGs
[2023-03-18T00:12:06.732+0000] {logging_mixin.py:137} INFO - [2023-03-18T00:12:06.731+0000] {dag.py:3441} INFO - Setting next_dagrun for example_nested_branch_dag to 2023-03-17T00:00:00+00:00, run_after=2023-03-18T00:00:00+00:00
[2023-03-18T00:12:06.782+0000] {processor.py:175} INFO - Processing /home/airflow/.local/lib/python3.7/site-packages/airflow/example_dags/example_nested_branch_dag.py took 0.545 seconds
[2023-03-18T00:12:36.966+0000] {processor.py:153} INFO - Started process (PID=10164) to work on /home/airflow/.local/lib/python3.7/site-packages/airflow/example_dags/example_nested_branch_dag.py
[2023-03-18T00:12:36.967+0000] {processor.py:743} INFO - Processing file /home/airflow/.local/lib/python3.7/site-packages/airflow/example_dags/example_nested_branch_dag.py for tasks to queue
[2023-03-18T00:12:36.969+0000] {logging_mixin.py:137} INFO - [2023-03-18T00:12:36.969+0000] {dagbag.py:538} INFO - Filling up the DagBag from /home/airflow/.local/lib/python3.7/site-packages/airflow/example_dags/example_nested_branch_dag.py
[2023-03-18T00:12:37.009+0000] {processor.py:753} INFO - DAG(s) dict_keys(['example_nested_branch_dag']) retrieved from /home/airflow/.local/lib/python3.7/site-packages/airflow/example_dags/example_nested_branch_dag.py
[2023-03-18T00:12:37.049+0000] {logging_mixin.py:137} INFO - [2023-03-18T00:12:37.049+0000] {dag.py:2690} INFO - Sync 1 DAGs
[2023-03-18T00:12:37.090+0000] {logging_mixin.py:137} INFO - [2023-03-18T00:12:37.090+0000] {dag.py:3441} INFO - Setting next_dagrun for example_nested_branch_dag to 2023-03-17T00:00:00+00:00, run_after=2023-03-18T00:00:00+00:00
[2023-03-18T00:12:37.129+0000] {processor.py:175} INFO - Processing /home/airflow/.local/lib/python3.7/site-packages/airflow/example_dags/example_nested_branch_dag.py took 0.168 seconds
[2023-03-18T00:13:07.429+0000] {processor.py:153} INFO - Started process (PID=10257) to work on /home/airflow/.local/lib/python3.7/site-packages/airflow/example_dags/example_nested_branch_dag.py
[2023-03-18T00:13:07.434+0000] {processor.py:743} INFO - Processing file /home/airflow/.local/lib/python3.7/site-packages/airflow/example_dags/example_nested_branch_dag.py for tasks to queue
[2023-03-18T00:13:07.439+0000] {logging_mixin.py:137} INFO - [2023-03-18T00:13:07.438+0000] {dagbag.py:538} INFO - Filling up the DagBag from /home/airflow/.local/lib/python3.7/site-packages/airflow/example_dags/example_nested_branch_dag.py
[2023-03-18T00:13:07.597+0000] {processor.py:753} INFO - DAG(s) dict_keys(['example_nested_branch_dag']) retrieved from /home/airflow/.local/lib/python3.7/site-packages/airflow/example_dags/example_nested_branch_dag.py
[2023-03-18T00:13:07.641+0000] {logging_mixin.py:137} INFO - [2023-03-18T00:13:07.641+0000] {dag.py:2690} INFO - Sync 1 DAGs
[2023-03-18T00:13:07.677+0000] {logging_mixin.py:137} INFO - [2023-03-18T00:13:07.677+0000] {dag.py:3441} INFO - Setting next_dagrun for example_nested_branch_dag to 2023-03-17T00:00:00+00:00, run_after=2023-03-18T00:00:00+00:00
[2023-03-18T00:13:07.703+0000] {processor.py:175} INFO - Processing /home/airflow/.local/lib/python3.7/site-packages/airflow/example_dags/example_nested_branch_dag.py took 0.289 seconds
[2023-03-18T00:13:37.932+0000] {processor.py:153} INFO - Started process (PID=10339) to work on /home/airflow/.local/lib/python3.7/site-packages/airflow/example_dags/example_nested_branch_dag.py
[2023-03-18T00:13:37.935+0000] {processor.py:743} INFO - Processing file /home/airflow/.local/lib/python3.7/site-packages/airflow/example_dags/example_nested_branch_dag.py for tasks to queue
[2023-03-18T00:13:37.938+0000] {logging_mixin.py:137} INFO - [2023-03-18T00:13:37.938+0000] {dagbag.py:538} INFO - Filling up the DagBag from /home/airflow/.local/lib/python3.7/site-packages/airflow/example_dags/example_nested_branch_dag.py
[2023-03-18T00:13:37.990+0000] {processor.py:753} INFO - DAG(s) dict_keys(['example_nested_branch_dag']) retrieved from /home/airflow/.local/lib/python3.7/site-packages/airflow/example_dags/example_nested_branch_dag.py
[2023-03-18T00:13:38.034+0000] {logging_mixin.py:137} INFO - [2023-03-18T00:13:38.034+0000] {dag.py:2690} INFO - Sync 1 DAGs
[2023-03-18T00:13:38.080+0000] {logging_mixin.py:137} INFO - [2023-03-18T00:13:38.079+0000] {dag.py:3441} INFO - Setting next_dagrun for example_nested_branch_dag to 2023-03-17T00:00:00+00:00, run_after=2023-03-18T00:00:00+00:00
[2023-03-18T00:13:38.119+0000] {processor.py:175} INFO - Processing /home/airflow/.local/lib/python3.7/site-packages/airflow/example_dags/example_nested_branch_dag.py took 0.192 seconds
[2023-03-18T00:14:08.360+0000] {processor.py:153} INFO - Started process (PID=10421) to work on /home/airflow/.local/lib/python3.7/site-packages/airflow/example_dags/example_nested_branch_dag.py
[2023-03-18T00:14:08.363+0000] {processor.py:743} INFO - Processing file /home/airflow/.local/lib/python3.7/site-packages/airflow/example_dags/example_nested_branch_dag.py for tasks to queue
[2023-03-18T00:14:08.364+0000] {logging_mixin.py:137} INFO - [2023-03-18T00:14:08.364+0000] {dagbag.py:538} INFO - Filling up the DagBag from /home/airflow/.local/lib/python3.7/site-packages/airflow/example_dags/example_nested_branch_dag.py
[2023-03-18T00:14:08.414+0000] {processor.py:753} INFO - DAG(s) dict_keys(['example_nested_branch_dag']) retrieved from /home/airflow/.local/lib/python3.7/site-packages/airflow/example_dags/example_nested_branch_dag.py
[2023-03-18T00:14:08.502+0000] {logging_mixin.py:137} INFO - [2023-03-18T00:14:08.502+0000] {dag.py:2690} INFO - Sync 1 DAGs
[2023-03-18T00:14:08.561+0000] {logging_mixin.py:137} INFO - [2023-03-18T00:14:08.561+0000] {dag.py:3441} INFO - Setting next_dagrun for example_nested_branch_dag to 2023-03-17T00:00:00+00:00, run_after=2023-03-18T00:00:00+00:00
[2023-03-18T00:14:08.590+0000] {processor.py:175} INFO - Processing /home/airflow/.local/lib/python3.7/site-packages/airflow/example_dags/example_nested_branch_dag.py took 0.236 seconds
[2023-03-18T00:14:39.208+0000] {processor.py:153} INFO - Started process (PID=10512) to work on /home/airflow/.local/lib/python3.7/site-packages/airflow/example_dags/example_nested_branch_dag.py
[2023-03-18T00:14:39.209+0000] {processor.py:743} INFO - Processing file /home/airflow/.local/lib/python3.7/site-packages/airflow/example_dags/example_nested_branch_dag.py for tasks to queue
[2023-03-18T00:14:39.210+0000] {logging_mixin.py:137} INFO - [2023-03-18T00:14:39.210+0000] {dagbag.py:538} INFO - Filling up the DagBag from /home/airflow/.local/lib/python3.7/site-packages/airflow/example_dags/example_nested_branch_dag.py
[2023-03-18T00:14:39.277+0000] {processor.py:753} INFO - DAG(s) dict_keys(['example_nested_branch_dag']) retrieved from /home/airflow/.local/lib/python3.7/site-packages/airflow/example_dags/example_nested_branch_dag.py
[2023-03-18T00:14:39.393+0000] {logging_mixin.py:137} INFO - [2023-03-18T00:14:39.392+0000] {dag.py:2690} INFO - Sync 1 DAGs
[2023-03-18T00:14:39.455+0000] {logging_mixin.py:137} INFO - [2023-03-18T00:14:39.454+0000] {dag.py:3441} INFO - Setting next_dagrun for example_nested_branch_dag to 2023-03-17T00:00:00+00:00, run_after=2023-03-18T00:00:00+00:00
[2023-03-18T00:14:39.494+0000] {processor.py:175} INFO - Processing /home/airflow/.local/lib/python3.7/site-packages/airflow/example_dags/example_nested_branch_dag.py took 0.291 seconds
[2023-03-18T00:15:10.029+0000] {processor.py:153} INFO - Started process (PID=10605) to work on /home/airflow/.local/lib/python3.7/site-packages/airflow/example_dags/example_nested_branch_dag.py
[2023-03-18T00:15:10.032+0000] {processor.py:743} INFO - Processing file /home/airflow/.local/lib/python3.7/site-packages/airflow/example_dags/example_nested_branch_dag.py for tasks to queue
[2023-03-18T00:15:10.034+0000] {logging_mixin.py:137} INFO - [2023-03-18T00:15:10.034+0000] {dagbag.py:538} INFO - Filling up the DagBag from /home/airflow/.local/lib/python3.7/site-packages/airflow/example_dags/example_nested_branch_dag.py
[2023-03-18T00:15:10.126+0000] {processor.py:753} INFO - DAG(s) dict_keys(['example_nested_branch_dag']) retrieved from /home/airflow/.local/lib/python3.7/site-packages/airflow/example_dags/example_nested_branch_dag.py
[2023-03-18T00:15:10.232+0000] {logging_mixin.py:137} INFO - [2023-03-18T00:15:10.232+0000] {dag.py:2690} INFO - Sync 1 DAGs
[2023-03-18T00:15:10.306+0000] {logging_mixin.py:137} INFO - [2023-03-18T00:15:10.306+0000] {dag.py:3441} INFO - Setting next_dagrun for example_nested_branch_dag to 2023-03-17T00:00:00+00:00, run_after=2023-03-18T00:00:00+00:00
[2023-03-18T00:15:10.361+0000] {processor.py:175} INFO - Processing /home/airflow/.local/lib/python3.7/site-packages/airflow/example_dags/example_nested_branch_dag.py took 0.348 seconds
