[2023-03-18T00:00:06.846+0000] {processor.py:153} INFO - Started process (PID=8059) to work on /home/airflow/.local/lib/python3.7/site-packages/airflow/example_dags/example_xcom.py
[2023-03-18T00:00:06.848+0000] {processor.py:743} INFO - Processing file /home/airflow/.local/lib/python3.7/site-packages/airflow/example_dags/example_xcom.py for tasks to queue
[2023-03-18T00:00:06.849+0000] {logging_mixin.py:137} INFO - [2023-03-18T00:00:06.849+0000] {dagbag.py:538} INFO - Filling up the DagBag from /home/airflow/.local/lib/python3.7/site-packages/airflow/example_dags/example_xcom.py
[2023-03-18T00:00:06.885+0000] {processor.py:753} INFO - DAG(s) dict_keys(['example_xcom']) retrieved from /home/airflow/.local/lib/python3.7/site-packages/airflow/example_dags/example_xcom.py
[2023-03-18T00:00:06.920+0000] {logging_mixin.py:137} INFO - [2023-03-18T00:00:06.920+0000] {dag.py:2690} INFO - Sync 1 DAGs
[2023-03-18T00:00:06.960+0000] {logging_mixin.py:137} INFO - [2023-03-18T00:00:06.959+0000] {dag.py:3441} INFO - Setting next_dagrun for example_xcom to 2021-01-01T00:00:00+00:00, run_after=2021-01-01T00:00:00+00:00
[2023-03-18T00:00:06.995+0000] {processor.py:175} INFO - Processing /home/airflow/.local/lib/python3.7/site-packages/airflow/example_dags/example_xcom.py took 0.153 seconds
[2023-03-18T00:00:37.928+0000] {processor.py:153} INFO - Started process (PID=8161) to work on /home/airflow/.local/lib/python3.7/site-packages/airflow/example_dags/example_xcom.py
[2023-03-18T00:00:37.929+0000] {processor.py:743} INFO - Processing file /home/airflow/.local/lib/python3.7/site-packages/airflow/example_dags/example_xcom.py for tasks to queue
[2023-03-18T00:00:37.931+0000] {logging_mixin.py:137} INFO - [2023-03-18T00:00:37.931+0000] {dagbag.py:538} INFO - Filling up the DagBag from /home/airflow/.local/lib/python3.7/site-packages/airflow/example_dags/example_xcom.py
[2023-03-18T00:00:37.970+0000] {processor.py:753} INFO - DAG(s) dict_keys(['example_xcom']) retrieved from /home/airflow/.local/lib/python3.7/site-packages/airflow/example_dags/example_xcom.py
[2023-03-18T00:00:38.005+0000] {logging_mixin.py:137} INFO - [2023-03-18T00:00:38.005+0000] {dag.py:2690} INFO - Sync 1 DAGs
[2023-03-18T00:00:38.038+0000] {logging_mixin.py:137} INFO - [2023-03-18T00:00:38.038+0000] {dag.py:3441} INFO - Setting next_dagrun for example_xcom to 2021-01-01T00:00:00+00:00, run_after=2021-01-01T00:00:00+00:00
[2023-03-18T00:00:38.064+0000] {processor.py:175} INFO - Processing /home/airflow/.local/lib/python3.7/site-packages/airflow/example_dags/example_xcom.py took 0.140 seconds
[2023-03-18T00:01:08.600+0000] {processor.py:153} INFO - Started process (PID=8244) to work on /home/airflow/.local/lib/python3.7/site-packages/airflow/example_dags/example_xcom.py
[2023-03-18T00:01:08.602+0000] {processor.py:743} INFO - Processing file /home/airflow/.local/lib/python3.7/site-packages/airflow/example_dags/example_xcom.py for tasks to queue
[2023-03-18T00:01:08.604+0000] {logging_mixin.py:137} INFO - [2023-03-18T00:01:08.604+0000] {dagbag.py:538} INFO - Filling up the DagBag from /home/airflow/.local/lib/python3.7/site-packages/airflow/example_dags/example_xcom.py
[2023-03-18T00:01:08.655+0000] {processor.py:753} INFO - DAG(s) dict_keys(['example_xcom']) retrieved from /home/airflow/.local/lib/python3.7/site-packages/airflow/example_dags/example_xcom.py
[2023-03-18T00:01:08.709+0000] {logging_mixin.py:137} INFO - [2023-03-18T00:01:08.709+0000] {dag.py:2690} INFO - Sync 1 DAGs
[2023-03-18T00:01:08.784+0000] {logging_mixin.py:137} INFO - [2023-03-18T00:01:08.783+0000] {dag.py:3441} INFO - Setting next_dagrun for example_xcom to 2021-01-01T00:00:00+00:00, run_after=2021-01-01T00:00:00+00:00
[2023-03-18T00:01:08.823+0000] {processor.py:175} INFO - Processing /home/airflow/.local/lib/python3.7/site-packages/airflow/example_dags/example_xcom.py took 0.229 seconds
[2023-03-18T00:01:39.884+0000] {processor.py:153} INFO - Started process (PID=8326) to work on /home/airflow/.local/lib/python3.7/site-packages/airflow/example_dags/example_xcom.py
[2023-03-18T00:01:39.886+0000] {processor.py:743} INFO - Processing file /home/airflow/.local/lib/python3.7/site-packages/airflow/example_dags/example_xcom.py for tasks to queue
[2023-03-18T00:01:39.891+0000] {logging_mixin.py:137} INFO - [2023-03-18T00:01:39.890+0000] {dagbag.py:538} INFO - Filling up the DagBag from /home/airflow/.local/lib/python3.7/site-packages/airflow/example_dags/example_xcom.py
[2023-03-18T00:01:39.938+0000] {processor.py:753} INFO - DAG(s) dict_keys(['example_xcom']) retrieved from /home/airflow/.local/lib/python3.7/site-packages/airflow/example_dags/example_xcom.py
[2023-03-18T00:01:40.015+0000] {logging_mixin.py:137} INFO - [2023-03-18T00:01:40.014+0000] {dag.py:2690} INFO - Sync 1 DAGs
[2023-03-18T00:01:40.161+0000] {logging_mixin.py:137} INFO - [2023-03-18T00:01:40.160+0000] {dag.py:3441} INFO - Setting next_dagrun for example_xcom to 2021-01-01T00:00:00+00:00, run_after=2021-01-01T00:00:00+00:00
[2023-03-18T00:01:40.230+0000] {processor.py:175} INFO - Processing /home/airflow/.local/lib/python3.7/site-packages/airflow/example_dags/example_xcom.py took 0.353 seconds
[2023-03-18T00:02:10.980+0000] {processor.py:153} INFO - Started process (PID=8408) to work on /home/airflow/.local/lib/python3.7/site-packages/airflow/example_dags/example_xcom.py
[2023-03-18T00:02:10.982+0000] {processor.py:743} INFO - Processing file /home/airflow/.local/lib/python3.7/site-packages/airflow/example_dags/example_xcom.py for tasks to queue
[2023-03-18T00:02:10.984+0000] {logging_mixin.py:137} INFO - [2023-03-18T00:02:10.984+0000] {dagbag.py:538} INFO - Filling up the DagBag from /home/airflow/.local/lib/python3.7/site-packages/airflow/example_dags/example_xcom.py
[2023-03-18T00:02:11.059+0000] {processor.py:753} INFO - DAG(s) dict_keys(['example_xcom']) retrieved from /home/airflow/.local/lib/python3.7/site-packages/airflow/example_dags/example_xcom.py
[2023-03-18T00:02:11.218+0000] {logging_mixin.py:137} INFO - [2023-03-18T00:02:11.218+0000] {dag.py:2690} INFO - Sync 1 DAGs
[2023-03-18T00:02:11.313+0000] {logging_mixin.py:137} INFO - [2023-03-18T00:02:11.313+0000] {dag.py:3441} INFO - Setting next_dagrun for example_xcom to 2021-01-01T00:00:00+00:00, run_after=2021-01-01T00:00:00+00:00
[2023-03-18T00:02:11.357+0000] {processor.py:175} INFO - Processing /home/airflow/.local/lib/python3.7/site-packages/airflow/example_dags/example_xcom.py took 0.386 seconds
[2023-03-18T00:02:41.582+0000] {processor.py:153} INFO - Started process (PID=8479) to work on /home/airflow/.local/lib/python3.7/site-packages/airflow/example_dags/example_xcom.py
[2023-03-18T00:02:41.583+0000] {processor.py:743} INFO - Processing file /home/airflow/.local/lib/python3.7/site-packages/airflow/example_dags/example_xcom.py for tasks to queue
[2023-03-18T00:02:41.585+0000] {logging_mixin.py:137} INFO - [2023-03-18T00:02:41.584+0000] {dagbag.py:538} INFO - Filling up the DagBag from /home/airflow/.local/lib/python3.7/site-packages/airflow/example_dags/example_xcom.py
[2023-03-18T00:02:41.615+0000] {processor.py:753} INFO - DAG(s) dict_keys(['example_xcom']) retrieved from /home/airflow/.local/lib/python3.7/site-packages/airflow/example_dags/example_xcom.py
[2023-03-18T00:02:41.686+0000] {logging_mixin.py:137} INFO - [2023-03-18T00:02:41.686+0000] {dag.py:2690} INFO - Sync 1 DAGs
[2023-03-18T00:02:41.721+0000] {logging_mixin.py:137} INFO - [2023-03-18T00:02:41.721+0000] {dag.py:3441} INFO - Setting next_dagrun for example_xcom to 2021-01-01T00:00:00+00:00, run_after=2021-01-01T00:00:00+00:00
[2023-03-18T00:02:41.752+0000] {processor.py:175} INFO - Processing /home/airflow/.local/lib/python3.7/site-packages/airflow/example_dags/example_xcom.py took 0.175 seconds
[2023-03-18T00:03:12.666+0000] {processor.py:153} INFO - Started process (PID=8561) to work on /home/airflow/.local/lib/python3.7/site-packages/airflow/example_dags/example_xcom.py
[2023-03-18T00:03:12.668+0000] {processor.py:743} INFO - Processing file /home/airflow/.local/lib/python3.7/site-packages/airflow/example_dags/example_xcom.py for tasks to queue
[2023-03-18T00:03:12.670+0000] {logging_mixin.py:137} INFO - [2023-03-18T00:03:12.670+0000] {dagbag.py:538} INFO - Filling up the DagBag from /home/airflow/.local/lib/python3.7/site-packages/airflow/example_dags/example_xcom.py
[2023-03-18T00:03:12.709+0000] {processor.py:753} INFO - DAG(s) dict_keys(['example_xcom']) retrieved from /home/airflow/.local/lib/python3.7/site-packages/airflow/example_dags/example_xcom.py
[2023-03-18T00:03:12.795+0000] {logging_mixin.py:137} INFO - [2023-03-18T00:03:12.794+0000] {dag.py:2690} INFO - Sync 1 DAGs
[2023-03-18T00:03:12.859+0000] {logging_mixin.py:137} INFO - [2023-03-18T00:03:12.859+0000] {dag.py:3441} INFO - Setting next_dagrun for example_xcom to 2021-01-01T00:00:00+00:00, run_after=2021-01-01T00:00:00+00:00
[2023-03-18T00:03:12.908+0000] {processor.py:175} INFO - Processing /home/airflow/.local/lib/python3.7/site-packages/airflow/example_dags/example_xcom.py took 0.246 seconds
[2023-03-18T00:03:43.155+0000] {processor.py:153} INFO - Started process (PID=8654) to work on /home/airflow/.local/lib/python3.7/site-packages/airflow/example_dags/example_xcom.py
[2023-03-18T00:03:43.156+0000] {processor.py:743} INFO - Processing file /home/airflow/.local/lib/python3.7/site-packages/airflow/example_dags/example_xcom.py for tasks to queue
[2023-03-18T00:03:43.157+0000] {logging_mixin.py:137} INFO - [2023-03-18T00:03:43.157+0000] {dagbag.py:538} INFO - Filling up the DagBag from /home/airflow/.local/lib/python3.7/site-packages/airflow/example_dags/example_xcom.py
[2023-03-18T00:03:43.178+0000] {processor.py:753} INFO - DAG(s) dict_keys(['example_xcom']) retrieved from /home/airflow/.local/lib/python3.7/site-packages/airflow/example_dags/example_xcom.py
[2023-03-18T00:03:43.201+0000] {logging_mixin.py:137} INFO - [2023-03-18T00:03:43.201+0000] {dag.py:2690} INFO - Sync 1 DAGs
[2023-03-18T00:03:43.224+0000] {logging_mixin.py:137} INFO - [2023-03-18T00:03:43.224+0000] {dag.py:3441} INFO - Setting next_dagrun for example_xcom to 2021-01-01T00:00:00+00:00, run_after=2021-01-01T00:00:00+00:00
[2023-03-18T00:03:43.252+0000] {processor.py:175} INFO - Processing /home/airflow/.local/lib/python3.7/site-packages/airflow/example_dags/example_xcom.py took 0.099 seconds
[2023-03-18T00:04:14.361+0000] {processor.py:153} INFO - Started process (PID=8736) to work on /home/airflow/.local/lib/python3.7/site-packages/airflow/example_dags/example_xcom.py
[2023-03-18T00:04:14.362+0000] {processor.py:743} INFO - Processing file /home/airflow/.local/lib/python3.7/site-packages/airflow/example_dags/example_xcom.py for tasks to queue
[2023-03-18T00:04:14.364+0000] {logging_mixin.py:137} INFO - [2023-03-18T00:04:14.363+0000] {dagbag.py:538} INFO - Filling up the DagBag from /home/airflow/.local/lib/python3.7/site-packages/airflow/example_dags/example_xcom.py
[2023-03-18T00:04:14.392+0000] {processor.py:753} INFO - DAG(s) dict_keys(['example_xcom']) retrieved from /home/airflow/.local/lib/python3.7/site-packages/airflow/example_dags/example_xcom.py
[2023-03-18T00:04:14.425+0000] {logging_mixin.py:137} INFO - [2023-03-18T00:04:14.424+0000] {dag.py:2690} INFO - Sync 1 DAGs
[2023-03-18T00:04:14.455+0000] {logging_mixin.py:137} INFO - [2023-03-18T00:04:14.455+0000] {dag.py:3441} INFO - Setting next_dagrun for example_xcom to 2021-01-01T00:00:00+00:00, run_after=2021-01-01T00:00:00+00:00
[2023-03-18T00:04:14.475+0000] {processor.py:175} INFO - Processing /home/airflow/.local/lib/python3.7/site-packages/airflow/example_dags/example_xcom.py took 0.118 seconds
[2023-03-18T00:04:44.887+0000] {processor.py:153} INFO - Started process (PID=8818) to work on /home/airflow/.local/lib/python3.7/site-packages/airflow/example_dags/example_xcom.py
[2023-03-18T00:04:44.888+0000] {processor.py:743} INFO - Processing file /home/airflow/.local/lib/python3.7/site-packages/airflow/example_dags/example_xcom.py for tasks to queue
[2023-03-18T00:04:44.889+0000] {logging_mixin.py:137} INFO - [2023-03-18T00:04:44.889+0000] {dagbag.py:538} INFO - Filling up the DagBag from /home/airflow/.local/lib/python3.7/site-packages/airflow/example_dags/example_xcom.py
[2023-03-18T00:04:44.917+0000] {processor.py:753} INFO - DAG(s) dict_keys(['example_xcom']) retrieved from /home/airflow/.local/lib/python3.7/site-packages/airflow/example_dags/example_xcom.py
[2023-03-18T00:04:44.951+0000] {logging_mixin.py:137} INFO - [2023-03-18T00:04:44.950+0000] {dag.py:2690} INFO - Sync 1 DAGs
[2023-03-18T00:04:44.984+0000] {logging_mixin.py:137} INFO - [2023-03-18T00:04:44.984+0000] {dag.py:3441} INFO - Setting next_dagrun for example_xcom to 2021-01-01T00:00:00+00:00, run_after=2021-01-01T00:00:00+00:00
[2023-03-18T00:04:45.012+0000] {processor.py:175} INFO - Processing /home/airflow/.local/lib/python3.7/site-packages/airflow/example_dags/example_xcom.py took 0.128 seconds
[2023-03-18T00:05:15.633+0000] {processor.py:153} INFO - Started process (PID=8921) to work on /home/airflow/.local/lib/python3.7/site-packages/airflow/example_dags/example_xcom.py
[2023-03-18T00:05:15.635+0000] {processor.py:743} INFO - Processing file /home/airflow/.local/lib/python3.7/site-packages/airflow/example_dags/example_xcom.py for tasks to queue
[2023-03-18T00:05:15.636+0000] {logging_mixin.py:137} INFO - [2023-03-18T00:05:15.636+0000] {dagbag.py:538} INFO - Filling up the DagBag from /home/airflow/.local/lib/python3.7/site-packages/airflow/example_dags/example_xcom.py
[2023-03-18T00:05:15.667+0000] {processor.py:753} INFO - DAG(s) dict_keys(['example_xcom']) retrieved from /home/airflow/.local/lib/python3.7/site-packages/airflow/example_dags/example_xcom.py
[2023-03-18T00:05:15.693+0000] {logging_mixin.py:137} INFO - [2023-03-18T00:05:15.693+0000] {dag.py:2690} INFO - Sync 1 DAGs
[2023-03-18T00:05:15.725+0000] {logging_mixin.py:137} INFO - [2023-03-18T00:05:15.725+0000] {dag.py:3441} INFO - Setting next_dagrun for example_xcom to 2021-01-01T00:00:00+00:00, run_after=2021-01-01T00:00:00+00:00
[2023-03-18T00:05:15.746+0000] {processor.py:175} INFO - Processing /home/airflow/.local/lib/python3.7/site-packages/airflow/example_dags/example_xcom.py took 0.116 seconds
[2023-03-18T00:05:46.874+0000] {processor.py:153} INFO - Started process (PID=9003) to work on /home/airflow/.local/lib/python3.7/site-packages/airflow/example_dags/example_xcom.py
[2023-03-18T00:05:46.875+0000] {processor.py:743} INFO - Processing file /home/airflow/.local/lib/python3.7/site-packages/airflow/example_dags/example_xcom.py for tasks to queue
[2023-03-18T00:05:46.877+0000] {logging_mixin.py:137} INFO - [2023-03-18T00:05:46.876+0000] {dagbag.py:538} INFO - Filling up the DagBag from /home/airflow/.local/lib/python3.7/site-packages/airflow/example_dags/example_xcom.py
[2023-03-18T00:05:46.906+0000] {processor.py:753} INFO - DAG(s) dict_keys(['example_xcom']) retrieved from /home/airflow/.local/lib/python3.7/site-packages/airflow/example_dags/example_xcom.py
[2023-03-18T00:05:46.931+0000] {logging_mixin.py:137} INFO - [2023-03-18T00:05:46.931+0000] {dag.py:2690} INFO - Sync 1 DAGs
[2023-03-18T00:05:46.958+0000] {logging_mixin.py:137} INFO - [2023-03-18T00:05:46.958+0000] {dag.py:3441} INFO - Setting next_dagrun for example_xcom to 2021-01-01T00:00:00+00:00, run_after=2021-01-01T00:00:00+00:00
[2023-03-18T00:05:46.981+0000] {processor.py:175} INFO - Processing /home/airflow/.local/lib/python3.7/site-packages/airflow/example_dags/example_xcom.py took 0.111 seconds
[2023-03-18T00:06:17.847+0000] {processor.py:153} INFO - Started process (PID=9085) to work on /home/airflow/.local/lib/python3.7/site-packages/airflow/example_dags/example_xcom.py
[2023-03-18T00:06:17.849+0000] {processor.py:743} INFO - Processing file /home/airflow/.local/lib/python3.7/site-packages/airflow/example_dags/example_xcom.py for tasks to queue
[2023-03-18T00:06:17.850+0000] {logging_mixin.py:137} INFO - [2023-03-18T00:06:17.849+0000] {dagbag.py:538} INFO - Filling up the DagBag from /home/airflow/.local/lib/python3.7/site-packages/airflow/example_dags/example_xcom.py
[2023-03-18T00:06:17.875+0000] {processor.py:753} INFO - DAG(s) dict_keys(['example_xcom']) retrieved from /home/airflow/.local/lib/python3.7/site-packages/airflow/example_dags/example_xcom.py
[2023-03-18T00:06:17.909+0000] {logging_mixin.py:137} INFO - [2023-03-18T00:06:17.909+0000] {dag.py:2690} INFO - Sync 1 DAGs
[2023-03-18T00:06:17.939+0000] {logging_mixin.py:137} INFO - [2023-03-18T00:06:17.939+0000] {dag.py:3441} INFO - Setting next_dagrun for example_xcom to 2021-01-01T00:00:00+00:00, run_after=2021-01-01T00:00:00+00:00
[2023-03-18T00:06:17.968+0000] {processor.py:175} INFO - Processing /home/airflow/.local/lib/python3.7/site-packages/airflow/example_dags/example_xcom.py took 0.125 seconds
[2023-03-18T00:06:48.660+0000] {processor.py:153} INFO - Started process (PID=9167) to work on /home/airflow/.local/lib/python3.7/site-packages/airflow/example_dags/example_xcom.py
[2023-03-18T00:06:48.661+0000] {processor.py:743} INFO - Processing file /home/airflow/.local/lib/python3.7/site-packages/airflow/example_dags/example_xcom.py for tasks to queue
[2023-03-18T00:06:48.662+0000] {logging_mixin.py:137} INFO - [2023-03-18T00:06:48.662+0000] {dagbag.py:538} INFO - Filling up the DagBag from /home/airflow/.local/lib/python3.7/site-packages/airflow/example_dags/example_xcom.py
[2023-03-18T00:06:48.685+0000] {processor.py:753} INFO - DAG(s) dict_keys(['example_xcom']) retrieved from /home/airflow/.local/lib/python3.7/site-packages/airflow/example_dags/example_xcom.py
[2023-03-18T00:06:48.711+0000] {logging_mixin.py:137} INFO - [2023-03-18T00:06:48.711+0000] {dag.py:2690} INFO - Sync 1 DAGs
[2023-03-18T00:06:48.735+0000] {logging_mixin.py:137} INFO - [2023-03-18T00:06:48.735+0000] {dag.py:3441} INFO - Setting next_dagrun for example_xcom to 2021-01-01T00:00:00+00:00, run_after=2021-01-01T00:00:00+00:00
[2023-03-18T00:06:48.755+0000] {processor.py:175} INFO - Processing /home/airflow/.local/lib/python3.7/site-packages/airflow/example_dags/example_xcom.py took 0.098 seconds
[2023-03-18T00:07:20.029+0000] {processor.py:153} INFO - Started process (PID=9270) to work on /home/airflow/.local/lib/python3.7/site-packages/airflow/example_dags/example_xcom.py
[2023-03-18T00:07:20.031+0000] {processor.py:743} INFO - Processing file /home/airflow/.local/lib/python3.7/site-packages/airflow/example_dags/example_xcom.py for tasks to queue
[2023-03-18T00:07:20.033+0000] {logging_mixin.py:137} INFO - [2023-03-18T00:07:20.032+0000] {dagbag.py:538} INFO - Filling up the DagBag from /home/airflow/.local/lib/python3.7/site-packages/airflow/example_dags/example_xcom.py
[2023-03-18T00:07:20.095+0000] {processor.py:753} INFO - DAG(s) dict_keys(['example_xcom']) retrieved from /home/airflow/.local/lib/python3.7/site-packages/airflow/example_dags/example_xcom.py
[2023-03-18T00:07:20.171+0000] {logging_mixin.py:137} INFO - [2023-03-18T00:07:20.171+0000] {dag.py:2690} INFO - Sync 1 DAGs
[2023-03-18T00:07:20.214+0000] {logging_mixin.py:137} INFO - [2023-03-18T00:07:20.213+0000] {dag.py:3441} INFO - Setting next_dagrun for example_xcom to 2021-01-01T00:00:00+00:00, run_after=2021-01-01T00:00:00+00:00
[2023-03-18T00:07:20.279+0000] {processor.py:175} INFO - Processing /home/airflow/.local/lib/python3.7/site-packages/airflow/example_dags/example_xcom.py took 0.255 seconds
[2023-03-18T00:07:50.685+0000] {processor.py:153} INFO - Started process (PID=9353) to work on /home/airflow/.local/lib/python3.7/site-packages/airflow/example_dags/example_xcom.py
[2023-03-18T00:07:50.686+0000] {processor.py:743} INFO - Processing file /home/airflow/.local/lib/python3.7/site-packages/airflow/example_dags/example_xcom.py for tasks to queue
[2023-03-18T00:07:50.687+0000] {logging_mixin.py:137} INFO - [2023-03-18T00:07:50.687+0000] {dagbag.py:538} INFO - Filling up the DagBag from /home/airflow/.local/lib/python3.7/site-packages/airflow/example_dags/example_xcom.py
[2023-03-18T00:07:50.709+0000] {processor.py:753} INFO - DAG(s) dict_keys(['example_xcom']) retrieved from /home/airflow/.local/lib/python3.7/site-packages/airflow/example_dags/example_xcom.py
[2023-03-18T00:07:50.734+0000] {logging_mixin.py:137} INFO - [2023-03-18T00:07:50.734+0000] {dag.py:2690} INFO - Sync 1 DAGs
[2023-03-18T00:07:50.762+0000] {logging_mixin.py:137} INFO - [2023-03-18T00:07:50.762+0000] {dag.py:3441} INFO - Setting next_dagrun for example_xcom to 2021-01-01T00:00:00+00:00, run_after=2021-01-01T00:00:00+00:00
[2023-03-18T00:07:50.782+0000] {processor.py:175} INFO - Processing /home/airflow/.local/lib/python3.7/site-packages/airflow/example_dags/example_xcom.py took 0.100 seconds
[2023-03-18T00:08:20.971+0000] {processor.py:153} INFO - Started process (PID=9435) to work on /home/airflow/.local/lib/python3.7/site-packages/airflow/example_dags/example_xcom.py
[2023-03-18T00:08:20.972+0000] {processor.py:743} INFO - Processing file /home/airflow/.local/lib/python3.7/site-packages/airflow/example_dags/example_xcom.py for tasks to queue
[2023-03-18T00:08:20.973+0000] {logging_mixin.py:137} INFO - [2023-03-18T00:08:20.973+0000] {dagbag.py:538} INFO - Filling up the DagBag from /home/airflow/.local/lib/python3.7/site-packages/airflow/example_dags/example_xcom.py
[2023-03-18T00:08:20.997+0000] {processor.py:753} INFO - DAG(s) dict_keys(['example_xcom']) retrieved from /home/airflow/.local/lib/python3.7/site-packages/airflow/example_dags/example_xcom.py
[2023-03-18T00:08:21.026+0000] {logging_mixin.py:137} INFO - [2023-03-18T00:08:21.026+0000] {dag.py:2690} INFO - Sync 1 DAGs
[2023-03-18T00:08:21.063+0000] {logging_mixin.py:137} INFO - [2023-03-18T00:08:21.063+0000] {dag.py:3441} INFO - Setting next_dagrun for example_xcom to 2021-01-01T00:00:00+00:00, run_after=2021-01-01T00:00:00+00:00
[2023-03-18T00:08:21.085+0000] {processor.py:175} INFO - Processing /home/airflow/.local/lib/python3.7/site-packages/airflow/example_dags/example_xcom.py took 0.118 seconds
[2023-03-18T00:08:51.928+0000] {processor.py:153} INFO - Started process (PID=9517) to work on /home/airflow/.local/lib/python3.7/site-packages/airflow/example_dags/example_xcom.py
[2023-03-18T00:08:51.930+0000] {processor.py:743} INFO - Processing file /home/airflow/.local/lib/python3.7/site-packages/airflow/example_dags/example_xcom.py for tasks to queue
[2023-03-18T00:08:51.932+0000] {logging_mixin.py:137} INFO - [2023-03-18T00:08:51.931+0000] {dagbag.py:538} INFO - Filling up the DagBag from /home/airflow/.local/lib/python3.7/site-packages/airflow/example_dags/example_xcom.py
[2023-03-18T00:08:51.972+0000] {processor.py:753} INFO - DAG(s) dict_keys(['example_xcom']) retrieved from /home/airflow/.local/lib/python3.7/site-packages/airflow/example_dags/example_xcom.py
[2023-03-18T00:08:52.017+0000] {logging_mixin.py:137} INFO - [2023-03-18T00:08:52.017+0000] {dag.py:2690} INFO - Sync 1 DAGs
[2023-03-18T00:08:52.061+0000] {logging_mixin.py:137} INFO - [2023-03-18T00:08:52.061+0000] {dag.py:3441} INFO - Setting next_dagrun for example_xcom to 2021-01-01T00:00:00+00:00, run_after=2021-01-01T00:00:00+00:00
[2023-03-18T00:08:52.100+0000] {processor.py:175} INFO - Processing /home/airflow/.local/lib/python3.7/site-packages/airflow/example_dags/example_xcom.py took 0.177 seconds
[2023-03-18T00:09:22.502+0000] {processor.py:153} INFO - Started process (PID=9606) to work on /home/airflow/.local/lib/python3.7/site-packages/airflow/example_dags/example_xcom.py
[2023-03-18T00:09:22.503+0000] {processor.py:743} INFO - Processing file /home/airflow/.local/lib/python3.7/site-packages/airflow/example_dags/example_xcom.py for tasks to queue
[2023-03-18T00:09:22.505+0000] {logging_mixin.py:137} INFO - [2023-03-18T00:09:22.504+0000] {dagbag.py:538} INFO - Filling up the DagBag from /home/airflow/.local/lib/python3.7/site-packages/airflow/example_dags/example_xcom.py
[2023-03-18T00:09:22.539+0000] {processor.py:753} INFO - DAG(s) dict_keys(['example_xcom']) retrieved from /home/airflow/.local/lib/python3.7/site-packages/airflow/example_dags/example_xcom.py
[2023-03-18T00:09:22.576+0000] {logging_mixin.py:137} INFO - [2023-03-18T00:09:22.576+0000] {dag.py:2690} INFO - Sync 1 DAGs
[2023-03-18T00:09:22.609+0000] {logging_mixin.py:137} INFO - [2023-03-18T00:09:22.609+0000] {dag.py:3441} INFO - Setting next_dagrun for example_xcom to 2021-01-01T00:00:00+00:00, run_after=2021-01-01T00:00:00+00:00
[2023-03-18T00:09:22.637+0000] {processor.py:175} INFO - Processing /home/airflow/.local/lib/python3.7/site-packages/airflow/example_dags/example_xcom.py took 0.140 seconds
[2023-03-18T00:09:53.445+0000] {processor.py:153} INFO - Started process (PID=9701) to work on /home/airflow/.local/lib/python3.7/site-packages/airflow/example_dags/example_xcom.py
[2023-03-18T00:09:53.447+0000] {processor.py:743} INFO - Processing file /home/airflow/.local/lib/python3.7/site-packages/airflow/example_dags/example_xcom.py for tasks to queue
[2023-03-18T00:09:53.448+0000] {logging_mixin.py:137} INFO - [2023-03-18T00:09:53.448+0000] {dagbag.py:538} INFO - Filling up the DagBag from /home/airflow/.local/lib/python3.7/site-packages/airflow/example_dags/example_xcom.py
[2023-03-18T00:09:53.478+0000] {processor.py:753} INFO - DAG(s) dict_keys(['example_xcom']) retrieved from /home/airflow/.local/lib/python3.7/site-packages/airflow/example_dags/example_xcom.py
[2023-03-18T00:09:53.571+0000] {logging_mixin.py:137} INFO - [2023-03-18T00:09:53.571+0000] {dag.py:2690} INFO - Sync 1 DAGs
[2023-03-18T00:09:53.614+0000] {logging_mixin.py:137} INFO - [2023-03-18T00:09:53.614+0000] {dag.py:3441} INFO - Setting next_dagrun for example_xcom to 2021-01-01T00:00:00+00:00, run_after=2021-01-01T00:00:00+00:00
[2023-03-18T00:09:53.635+0000] {processor.py:175} INFO - Processing /home/airflow/.local/lib/python3.7/site-packages/airflow/example_dags/example_xcom.py took 0.194 seconds
[2023-03-18T00:10:24.371+0000] {processor.py:153} INFO - Started process (PID=9783) to work on /home/airflow/.local/lib/python3.7/site-packages/airflow/example_dags/example_xcom.py
[2023-03-18T00:10:24.376+0000] {processor.py:743} INFO - Processing file /home/airflow/.local/lib/python3.7/site-packages/airflow/example_dags/example_xcom.py for tasks to queue
[2023-03-18T00:10:24.379+0000] {logging_mixin.py:137} INFO - [2023-03-18T00:10:24.378+0000] {dagbag.py:538} INFO - Filling up the DagBag from /home/airflow/.local/lib/python3.7/site-packages/airflow/example_dags/example_xcom.py
[2023-03-18T00:10:24.452+0000] {processor.py:753} INFO - DAG(s) dict_keys(['example_xcom']) retrieved from /home/airflow/.local/lib/python3.7/site-packages/airflow/example_dags/example_xcom.py
[2023-03-18T00:10:24.543+0000] {logging_mixin.py:137} INFO - [2023-03-18T00:10:24.542+0000] {dag.py:2690} INFO - Sync 1 DAGs
[2023-03-18T00:10:24.620+0000] {logging_mixin.py:137} INFO - [2023-03-18T00:10:24.619+0000] {dag.py:3441} INFO - Setting next_dagrun for example_xcom to 2021-01-01T00:00:00+00:00, run_after=2021-01-01T00:00:00+00:00
[2023-03-18T00:10:24.677+0000] {processor.py:175} INFO - Processing /home/airflow/.local/lib/python3.7/site-packages/airflow/example_dags/example_xcom.py took 0.316 seconds
[2023-03-18T00:10:56.265+0000] {processor.py:153} INFO - Started process (PID=9865) to work on /home/airflow/.local/lib/python3.7/site-packages/airflow/example_dags/example_xcom.py
[2023-03-18T00:10:56.270+0000] {processor.py:743} INFO - Processing file /home/airflow/.local/lib/python3.7/site-packages/airflow/example_dags/example_xcom.py for tasks to queue
[2023-03-18T00:10:56.274+0000] {logging_mixin.py:137} INFO - [2023-03-18T00:10:56.274+0000] {dagbag.py:538} INFO - Filling up the DagBag from /home/airflow/.local/lib/python3.7/site-packages/airflow/example_dags/example_xcom.py
[2023-03-18T00:10:56.363+0000] {processor.py:753} INFO - DAG(s) dict_keys(['example_xcom']) retrieved from /home/airflow/.local/lib/python3.7/site-packages/airflow/example_dags/example_xcom.py
[2023-03-18T00:10:56.402+0000] {logging_mixin.py:137} INFO - [2023-03-18T00:10:56.402+0000] {dag.py:2690} INFO - Sync 1 DAGs
[2023-03-18T00:10:56.439+0000] {logging_mixin.py:137} INFO - [2023-03-18T00:10:56.439+0000] {dag.py:3441} INFO - Setting next_dagrun for example_xcom to 2021-01-01T00:00:00+00:00, run_after=2021-01-01T00:00:00+00:00
[2023-03-18T00:10:56.465+0000] {processor.py:175} INFO - Processing /home/airflow/.local/lib/python3.7/site-packages/airflow/example_dags/example_xcom.py took 0.215 seconds
[2023-03-18T00:11:27.139+0000] {processor.py:153} INFO - Started process (PID=9954) to work on /home/airflow/.local/lib/python3.7/site-packages/airflow/example_dags/example_xcom.py
[2023-03-18T00:11:27.141+0000] {processor.py:743} INFO - Processing file /home/airflow/.local/lib/python3.7/site-packages/airflow/example_dags/example_xcom.py for tasks to queue
[2023-03-18T00:11:27.143+0000] {logging_mixin.py:137} INFO - [2023-03-18T00:11:27.142+0000] {dagbag.py:538} INFO - Filling up the DagBag from /home/airflow/.local/lib/python3.7/site-packages/airflow/example_dags/example_xcom.py
[2023-03-18T00:11:27.191+0000] {processor.py:753} INFO - DAG(s) dict_keys(['example_xcom']) retrieved from /home/airflow/.local/lib/python3.7/site-packages/airflow/example_dags/example_xcom.py
[2023-03-18T00:11:27.271+0000] {logging_mixin.py:137} INFO - [2023-03-18T00:11:27.270+0000] {dag.py:2690} INFO - Sync 1 DAGs
[2023-03-18T00:11:27.311+0000] {logging_mixin.py:137} INFO - [2023-03-18T00:11:27.311+0000] {dag.py:3441} INFO - Setting next_dagrun for example_xcom to 2021-01-01T00:00:00+00:00, run_after=2021-01-01T00:00:00+00:00
[2023-03-18T00:11:27.343+0000] {processor.py:175} INFO - Processing /home/airflow/.local/lib/python3.7/site-packages/airflow/example_dags/example_xcom.py took 0.210 seconds
[2023-03-18T00:11:57.617+0000] {processor.py:153} INFO - Started process (PID=10049) to work on /home/airflow/.local/lib/python3.7/site-packages/airflow/example_dags/example_xcom.py
[2023-03-18T00:11:57.618+0000] {processor.py:743} INFO - Processing file /home/airflow/.local/lib/python3.7/site-packages/airflow/example_dags/example_xcom.py for tasks to queue
[2023-03-18T00:11:57.620+0000] {logging_mixin.py:137} INFO - [2023-03-18T00:11:57.620+0000] {dagbag.py:538} INFO - Filling up the DagBag from /home/airflow/.local/lib/python3.7/site-packages/airflow/example_dags/example_xcom.py
[2023-03-18T00:11:57.644+0000] {processor.py:753} INFO - DAG(s) dict_keys(['example_xcom']) retrieved from /home/airflow/.local/lib/python3.7/site-packages/airflow/example_dags/example_xcom.py
[2023-03-18T00:11:57.674+0000] {logging_mixin.py:137} INFO - [2023-03-18T00:11:57.674+0000] {dag.py:2690} INFO - Sync 1 DAGs
[2023-03-18T00:11:57.705+0000] {logging_mixin.py:137} INFO - [2023-03-18T00:11:57.705+0000] {dag.py:3441} INFO - Setting next_dagrun for example_xcom to 2021-01-01T00:00:00+00:00, run_after=2021-01-01T00:00:00+00:00
[2023-03-18T00:11:57.728+0000] {processor.py:175} INFO - Processing /home/airflow/.local/lib/python3.7/site-packages/airflow/example_dags/example_xcom.py took 0.114 seconds
[2023-03-18T00:12:28.567+0000] {processor.py:153} INFO - Started process (PID=10132) to work on /home/airflow/.local/lib/python3.7/site-packages/airflow/example_dags/example_xcom.py
[2023-03-18T00:12:28.568+0000] {processor.py:743} INFO - Processing file /home/airflow/.local/lib/python3.7/site-packages/airflow/example_dags/example_xcom.py for tasks to queue
[2023-03-18T00:12:28.570+0000] {logging_mixin.py:137} INFO - [2023-03-18T00:12:28.570+0000] {dagbag.py:538} INFO - Filling up the DagBag from /home/airflow/.local/lib/python3.7/site-packages/airflow/example_dags/example_xcom.py
[2023-03-18T00:12:28.609+0000] {processor.py:753} INFO - DAG(s) dict_keys(['example_xcom']) retrieved from /home/airflow/.local/lib/python3.7/site-packages/airflow/example_dags/example_xcom.py
[2023-03-18T00:12:28.638+0000] {logging_mixin.py:137} INFO - [2023-03-18T00:12:28.638+0000] {dag.py:2690} INFO - Sync 1 DAGs
[2023-03-18T00:12:28.668+0000] {logging_mixin.py:137} INFO - [2023-03-18T00:12:28.668+0000] {dag.py:3441} INFO - Setting next_dagrun for example_xcom to 2021-01-01T00:00:00+00:00, run_after=2021-01-01T00:00:00+00:00
[2023-03-18T00:12:28.698+0000] {processor.py:175} INFO - Processing /home/airflow/.local/lib/python3.7/site-packages/airflow/example_dags/example_xcom.py took 0.136 seconds
[2023-03-18T00:12:59.235+0000] {processor.py:153} INFO - Started process (PID=10214) to work on /home/airflow/.local/lib/python3.7/site-packages/airflow/example_dags/example_xcom.py
[2023-03-18T00:12:59.237+0000] {processor.py:743} INFO - Processing file /home/airflow/.local/lib/python3.7/site-packages/airflow/example_dags/example_xcom.py for tasks to queue
[2023-03-18T00:12:59.238+0000] {logging_mixin.py:137} INFO - [2023-03-18T00:12:59.238+0000] {dagbag.py:538} INFO - Filling up the DagBag from /home/airflow/.local/lib/python3.7/site-packages/airflow/example_dags/example_xcom.py
[2023-03-18T00:12:59.276+0000] {processor.py:753} INFO - DAG(s) dict_keys(['example_xcom']) retrieved from /home/airflow/.local/lib/python3.7/site-packages/airflow/example_dags/example_xcom.py
[2023-03-18T00:12:59.312+0000] {logging_mixin.py:137} INFO - [2023-03-18T00:12:59.312+0000] {dag.py:2690} INFO - Sync 1 DAGs
[2023-03-18T00:12:59.352+0000] {logging_mixin.py:137} INFO - [2023-03-18T00:12:59.352+0000] {dag.py:3441} INFO - Setting next_dagrun for example_xcom to 2021-01-01T00:00:00+00:00, run_after=2021-01-01T00:00:00+00:00
[2023-03-18T00:12:59.387+0000] {processor.py:175} INFO - Processing /home/airflow/.local/lib/python3.7/site-packages/airflow/example_dags/example_xcom.py took 0.156 seconds
[2023-03-18T00:13:29.734+0000] {processor.py:153} INFO - Started process (PID=10296) to work on /home/airflow/.local/lib/python3.7/site-packages/airflow/example_dags/example_xcom.py
[2023-03-18T00:13:29.735+0000] {processor.py:743} INFO - Processing file /home/airflow/.local/lib/python3.7/site-packages/airflow/example_dags/example_xcom.py for tasks to queue
[2023-03-18T00:13:29.736+0000] {logging_mixin.py:137} INFO - [2023-03-18T00:13:29.736+0000] {dagbag.py:538} INFO - Filling up the DagBag from /home/airflow/.local/lib/python3.7/site-packages/airflow/example_dags/example_xcom.py
[2023-03-18T00:13:29.765+0000] {processor.py:753} INFO - DAG(s) dict_keys(['example_xcom']) retrieved from /home/airflow/.local/lib/python3.7/site-packages/airflow/example_dags/example_xcom.py
[2023-03-18T00:13:29.802+0000] {logging_mixin.py:137} INFO - [2023-03-18T00:13:29.802+0000] {dag.py:2690} INFO - Sync 1 DAGs
[2023-03-18T00:13:29.856+0000] {logging_mixin.py:137} INFO - [2023-03-18T00:13:29.856+0000] {dag.py:3441} INFO - Setting next_dagrun for example_xcom to 2021-01-01T00:00:00+00:00, run_after=2021-01-01T00:00:00+00:00
[2023-03-18T00:13:29.882+0000] {processor.py:175} INFO - Processing /home/airflow/.local/lib/python3.7/site-packages/airflow/example_dags/example_xcom.py took 0.153 seconds
[2023-03-18T00:14:00.771+0000] {processor.py:153} INFO - Started process (PID=10398) to work on /home/airflow/.local/lib/python3.7/site-packages/airflow/example_dags/example_xcom.py
[2023-03-18T00:14:00.773+0000] {processor.py:743} INFO - Processing file /home/airflow/.local/lib/python3.7/site-packages/airflow/example_dags/example_xcom.py for tasks to queue
[2023-03-18T00:14:00.774+0000] {logging_mixin.py:137} INFO - [2023-03-18T00:14:00.774+0000] {dagbag.py:538} INFO - Filling up the DagBag from /home/airflow/.local/lib/python3.7/site-packages/airflow/example_dags/example_xcom.py
[2023-03-18T00:14:00.819+0000] {processor.py:753} INFO - DAG(s) dict_keys(['example_xcom']) retrieved from /home/airflow/.local/lib/python3.7/site-packages/airflow/example_dags/example_xcom.py
[2023-03-18T00:14:00.865+0000] {logging_mixin.py:137} INFO - [2023-03-18T00:14:00.865+0000] {dag.py:2690} INFO - Sync 1 DAGs
[2023-03-18T00:14:00.906+0000] {logging_mixin.py:137} INFO - [2023-03-18T00:14:00.906+0000] {dag.py:3441} INFO - Setting next_dagrun for example_xcom to 2021-01-01T00:00:00+00:00, run_after=2021-01-01T00:00:00+00:00
[2023-03-18T00:14:00.937+0000] {processor.py:175} INFO - Processing /home/airflow/.local/lib/python3.7/site-packages/airflow/example_dags/example_xcom.py took 0.172 seconds
[2023-03-18T00:14:31.894+0000] {processor.py:153} INFO - Started process (PID=10480) to work on /home/airflow/.local/lib/python3.7/site-packages/airflow/example_dags/example_xcom.py
[2023-03-18T00:14:31.896+0000] {processor.py:743} INFO - Processing file /home/airflow/.local/lib/python3.7/site-packages/airflow/example_dags/example_xcom.py for tasks to queue
[2023-03-18T00:14:31.897+0000] {logging_mixin.py:137} INFO - [2023-03-18T00:14:31.897+0000] {dagbag.py:538} INFO - Filling up the DagBag from /home/airflow/.local/lib/python3.7/site-packages/airflow/example_dags/example_xcom.py
[2023-03-18T00:14:31.935+0000] {processor.py:753} INFO - DAG(s) dict_keys(['example_xcom']) retrieved from /home/airflow/.local/lib/python3.7/site-packages/airflow/example_dags/example_xcom.py
[2023-03-18T00:14:31.979+0000] {logging_mixin.py:137} INFO - [2023-03-18T00:14:31.979+0000] {dag.py:2690} INFO - Sync 1 DAGs
[2023-03-18T00:14:32.014+0000] {logging_mixin.py:137} INFO - [2023-03-18T00:14:32.014+0000] {dag.py:3441} INFO - Setting next_dagrun for example_xcom to 2021-01-01T00:00:00+00:00, run_after=2021-01-01T00:00:00+00:00
[2023-03-18T00:14:32.040+0000] {processor.py:175} INFO - Processing /home/airflow/.local/lib/python3.7/site-packages/airflow/example_dags/example_xcom.py took 0.151 seconds
[2023-03-18T00:15:02.729+0000] {processor.py:153} INFO - Started process (PID=10562) to work on /home/airflow/.local/lib/python3.7/site-packages/airflow/example_dags/example_xcom.py
[2023-03-18T00:15:02.734+0000] {processor.py:743} INFO - Processing file /home/airflow/.local/lib/python3.7/site-packages/airflow/example_dags/example_xcom.py for tasks to queue
[2023-03-18T00:15:02.739+0000] {logging_mixin.py:137} INFO - [2023-03-18T00:15:02.738+0000] {dagbag.py:538} INFO - Filling up the DagBag from /home/airflow/.local/lib/python3.7/site-packages/airflow/example_dags/example_xcom.py
[2023-03-18T00:15:02.847+0000] {processor.py:753} INFO - DAG(s) dict_keys(['example_xcom']) retrieved from /home/airflow/.local/lib/python3.7/site-packages/airflow/example_dags/example_xcom.py
[2023-03-18T00:15:02.959+0000] {logging_mixin.py:137} INFO - [2023-03-18T00:15:02.958+0000] {dag.py:2690} INFO - Sync 1 DAGs
[2023-03-18T00:15:03.076+0000] {logging_mixin.py:137} INFO - [2023-03-18T00:15:03.075+0000] {dag.py:3441} INFO - Setting next_dagrun for example_xcom to 2021-01-01T00:00:00+00:00, run_after=2021-01-01T00:00:00+00:00
[2023-03-18T00:15:03.121+0000] {processor.py:175} INFO - Processing /home/airflow/.local/lib/python3.7/site-packages/airflow/example_dags/example_xcom.py took 0.404 seconds
[2023-03-18T00:15:33.390+0000] {processor.py:153} INFO - Started process (PID=10644) to work on /home/airflow/.local/lib/python3.7/site-packages/airflow/example_dags/example_xcom.py
[2023-03-18T00:15:33.391+0000] {processor.py:743} INFO - Processing file /home/airflow/.local/lib/python3.7/site-packages/airflow/example_dags/example_xcom.py for tasks to queue
[2023-03-18T00:15:33.392+0000] {logging_mixin.py:137} INFO - [2023-03-18T00:15:33.392+0000] {dagbag.py:538} INFO - Filling up the DagBag from /home/airflow/.local/lib/python3.7/site-packages/airflow/example_dags/example_xcom.py
[2023-03-18T00:15:33.416+0000] {processor.py:753} INFO - DAG(s) dict_keys(['example_xcom']) retrieved from /home/airflow/.local/lib/python3.7/site-packages/airflow/example_dags/example_xcom.py
[2023-03-18T00:15:33.443+0000] {logging_mixin.py:137} INFO - [2023-03-18T00:15:33.443+0000] {dag.py:2690} INFO - Sync 1 DAGs
[2023-03-18T00:15:33.483+0000] {logging_mixin.py:137} INFO - [2023-03-18T00:15:33.483+0000] {dag.py:3441} INFO - Setting next_dagrun for example_xcom to 2021-01-01T00:00:00+00:00, run_after=2021-01-01T00:00:00+00:00
[2023-03-18T00:15:33.514+0000] {processor.py:175} INFO - Processing /home/airflow/.local/lib/python3.7/site-packages/airflow/example_dags/example_xcom.py took 0.126 seconds
[2023-03-18T00:16:04.153+0000] {processor.py:153} INFO - Started process (PID=10746) to work on /home/airflow/.local/lib/python3.7/site-packages/airflow/example_dags/example_xcom.py
[2023-03-18T00:16:04.154+0000] {processor.py:743} INFO - Processing file /home/airflow/.local/lib/python3.7/site-packages/airflow/example_dags/example_xcom.py for tasks to queue
[2023-03-18T00:16:04.156+0000] {logging_mixin.py:137} INFO - [2023-03-18T00:16:04.155+0000] {dagbag.py:538} INFO - Filling up the DagBag from /home/airflow/.local/lib/python3.7/site-packages/airflow/example_dags/example_xcom.py
[2023-03-18T00:16:04.185+0000] {processor.py:753} INFO - DAG(s) dict_keys(['example_xcom']) retrieved from /home/airflow/.local/lib/python3.7/site-packages/airflow/example_dags/example_xcom.py
[2023-03-18T00:16:04.222+0000] {logging_mixin.py:137} INFO - [2023-03-18T00:16:04.222+0000] {dag.py:2690} INFO - Sync 1 DAGs
[2023-03-18T00:16:04.259+0000] {logging_mixin.py:137} INFO - [2023-03-18T00:16:04.258+0000] {dag.py:3441} INFO - Setting next_dagrun for example_xcom to 2021-01-01T00:00:00+00:00, run_after=2021-01-01T00:00:00+00:00
[2023-03-18T00:16:04.286+0000] {processor.py:175} INFO - Processing /home/airflow/.local/lib/python3.7/site-packages/airflow/example_dags/example_xcom.py took 0.137 seconds
