[2023-03-18T00:00:18.183+0000] {processor.py:153} INFO - Started process (PID=8100) to work on /home/airflow/.local/lib/python3.7/site-packages/airflow/example_dags/example_sla_dag.py
[2023-03-18T00:00:18.184+0000] {processor.py:743} INFO - Processing file /home/airflow/.local/lib/python3.7/site-packages/airflow/example_dags/example_sla_dag.py for tasks to queue
[2023-03-18T00:00:18.186+0000] {logging_mixin.py:137} INFO - [2023-03-18T00:00:18.185+0000] {dagbag.py:538} INFO - Filling up the DagBag from /home/airflow/.local/lib/python3.7/site-packages/airflow/example_dags/example_sla_dag.py
[2023-03-18T00:00:18.225+0000] {processor.py:753} INFO - DAG(s) dict_keys(['example_sla_dag']) retrieved from /home/airflow/.local/lib/python3.7/site-packages/airflow/example_dags/example_sla_dag.py
[2023-03-18T00:00:18.264+0000] {logging_mixin.py:137} INFO - [2023-03-18T00:00:18.264+0000] {dag.py:2690} INFO - Sync 1 DAGs
[2023-03-18T00:00:18.309+0000] {logging_mixin.py:137} INFO - [2023-03-18T00:00:18.309+0000] {dag.py:3441} INFO - Setting next_dagrun for example_sla_dag to 2023-03-17T23:58:00+00:00, run_after=2023-03-18T00:00:00+00:00
[2023-03-18T00:00:18.339+0000] {processor.py:175} INFO - Processing /home/airflow/.local/lib/python3.7/site-packages/airflow/example_dags/example_sla_dag.py took 0.161 seconds
[2023-03-18T00:00:49.183+0000] {processor.py:153} INFO - Started process (PID=8189) to work on /home/airflow/.local/lib/python3.7/site-packages/airflow/example_dags/example_sla_dag.py
[2023-03-18T00:00:49.184+0000] {processor.py:743} INFO - Processing file /home/airflow/.local/lib/python3.7/site-packages/airflow/example_dags/example_sla_dag.py for tasks to queue
[2023-03-18T00:00:49.185+0000] {logging_mixin.py:137} INFO - [2023-03-18T00:00:49.185+0000] {dagbag.py:538} INFO - Filling up the DagBag from /home/airflow/.local/lib/python3.7/site-packages/airflow/example_dags/example_sla_dag.py
[2023-03-18T00:00:49.215+0000] {processor.py:753} INFO - DAG(s) dict_keys(['example_sla_dag']) retrieved from /home/airflow/.local/lib/python3.7/site-packages/airflow/example_dags/example_sla_dag.py
[2023-03-18T00:00:49.249+0000] {logging_mixin.py:137} INFO - [2023-03-18T00:00:49.249+0000] {dag.py:2690} INFO - Sync 1 DAGs
[2023-03-18T00:00:49.291+0000] {logging_mixin.py:137} INFO - [2023-03-18T00:00:49.290+0000] {dag.py:3441} INFO - Setting next_dagrun for example_sla_dag to 2023-03-17T23:58:00+00:00, run_after=2023-03-18T00:00:00+00:00
[2023-03-18T00:00:49.330+0000] {processor.py:175} INFO - Processing /home/airflow/.local/lib/python3.7/site-packages/airflow/example_dags/example_sla_dag.py took 0.151 seconds
[2023-03-18T00:01:20.517+0000] {processor.py:153} INFO - Started process (PID=8270) to work on /home/airflow/.local/lib/python3.7/site-packages/airflow/example_dags/example_sla_dag.py
[2023-03-18T00:01:20.520+0000] {processor.py:743} INFO - Processing file /home/airflow/.local/lib/python3.7/site-packages/airflow/example_dags/example_sla_dag.py for tasks to queue
[2023-03-18T00:01:20.522+0000] {logging_mixin.py:137} INFO - [2023-03-18T00:01:20.522+0000] {dagbag.py:538} INFO - Filling up the DagBag from /home/airflow/.local/lib/python3.7/site-packages/airflow/example_dags/example_sla_dag.py
[2023-03-18T00:01:20.582+0000] {processor.py:753} INFO - DAG(s) dict_keys(['example_sla_dag']) retrieved from /home/airflow/.local/lib/python3.7/site-packages/airflow/example_dags/example_sla_dag.py
[2023-03-18T00:01:20.647+0000] {logging_mixin.py:137} INFO - [2023-03-18T00:01:20.646+0000] {dag.py:2690} INFO - Sync 1 DAGs
[2023-03-18T00:01:20.708+0000] {logging_mixin.py:137} INFO - [2023-03-18T00:01:20.708+0000] {dag.py:3441} INFO - Setting next_dagrun for example_sla_dag to 2023-03-17T23:58:00+00:00, run_after=2023-03-18T00:00:00+00:00
[2023-03-18T00:01:20.756+0000] {processor.py:175} INFO - Processing /home/airflow/.local/lib/python3.7/site-packages/airflow/example_dags/example_sla_dag.py took 0.251 seconds
[2023-03-18T00:01:51.272+0000] {processor.py:153} INFO - Started process (PID=8347) to work on /home/airflow/.local/lib/python3.7/site-packages/airflow/example_dags/example_sla_dag.py
[2023-03-18T00:01:51.273+0000] {processor.py:743} INFO - Processing file /home/airflow/.local/lib/python3.7/site-packages/airflow/example_dags/example_sla_dag.py for tasks to queue
[2023-03-18T00:01:51.275+0000] {logging_mixin.py:137} INFO - [2023-03-18T00:01:51.275+0000] {dagbag.py:538} INFO - Filling up the DagBag from /home/airflow/.local/lib/python3.7/site-packages/airflow/example_dags/example_sla_dag.py
[2023-03-18T00:01:51.326+0000] {processor.py:753} INFO - DAG(s) dict_keys(['example_sla_dag']) retrieved from /home/airflow/.local/lib/python3.7/site-packages/airflow/example_dags/example_sla_dag.py
[2023-03-18T00:01:51.382+0000] {logging_mixin.py:137} INFO - [2023-03-18T00:01:51.382+0000] {dag.py:2690} INFO - Sync 1 DAGs
[2023-03-18T00:01:51.446+0000] {logging_mixin.py:137} INFO - [2023-03-18T00:01:51.446+0000] {dag.py:3441} INFO - Setting next_dagrun for example_sla_dag to 2023-03-17T23:58:00+00:00, run_after=2023-03-18T00:00:00+00:00
[2023-03-18T00:01:51.493+0000] {processor.py:175} INFO - Processing /home/airflow/.local/lib/python3.7/site-packages/airflow/example_dags/example_sla_dag.py took 0.225 seconds
[2023-03-18T00:02:21.676+0000] {processor.py:153} INFO - Started process (PID=8429) to work on /home/airflow/.local/lib/python3.7/site-packages/airflow/example_dags/example_sla_dag.py
[2023-03-18T00:02:21.680+0000] {processor.py:743} INFO - Processing file /home/airflow/.local/lib/python3.7/site-packages/airflow/example_dags/example_sla_dag.py for tasks to queue
[2023-03-18T00:02:21.686+0000] {logging_mixin.py:137} INFO - [2023-03-18T00:02:21.684+0000] {dagbag.py:538} INFO - Filling up the DagBag from /home/airflow/.local/lib/python3.7/site-packages/airflow/example_dags/example_sla_dag.py
[2023-03-18T00:02:21.844+0000] {processor.py:753} INFO - DAG(s) dict_keys(['example_sla_dag']) retrieved from /home/airflow/.local/lib/python3.7/site-packages/airflow/example_dags/example_sla_dag.py
[2023-03-18T00:02:21.916+0000] {logging_mixin.py:137} INFO - [2023-03-18T00:02:21.916+0000] {dag.py:2690} INFO - Sync 1 DAGs
[2023-03-18T00:02:21.992+0000] {logging_mixin.py:137} INFO - [2023-03-18T00:02:21.992+0000] {dag.py:3441} INFO - Setting next_dagrun for example_sla_dag to 2023-03-18T00:00:00+00:00, run_after=2023-03-18T00:02:00+00:00
[2023-03-18T00:02:22.041+0000] {processor.py:175} INFO - Processing /home/airflow/.local/lib/python3.7/site-packages/airflow/example_dags/example_sla_dag.py took 0.374 seconds
[2023-03-18T00:02:52.129+0000] {processor.py:153} INFO - Started process (PID=8511) to work on /home/airflow/.local/lib/python3.7/site-packages/airflow/example_dags/example_sla_dag.py
[2023-03-18T00:02:52.131+0000] {processor.py:743} INFO - Processing file /home/airflow/.local/lib/python3.7/site-packages/airflow/example_dags/example_sla_dag.py for tasks to queue
[2023-03-18T00:02:52.133+0000] {logging_mixin.py:137} INFO - [2023-03-18T00:02:52.133+0000] {dagbag.py:538} INFO - Filling up the DagBag from /home/airflow/.local/lib/python3.7/site-packages/airflow/example_dags/example_sla_dag.py
[2023-03-18T00:02:52.177+0000] {processor.py:753} INFO - DAG(s) dict_keys(['example_sla_dag']) retrieved from /home/airflow/.local/lib/python3.7/site-packages/airflow/example_dags/example_sla_dag.py
[2023-03-18T00:02:52.222+0000] {logging_mixin.py:137} INFO - [2023-03-18T00:02:52.222+0000] {dag.py:2690} INFO - Sync 1 DAGs
[2023-03-18T00:02:52.296+0000] {logging_mixin.py:137} INFO - [2023-03-18T00:02:52.296+0000] {dag.py:3441} INFO - Setting next_dagrun for example_sla_dag to 2023-03-18T00:00:00+00:00, run_after=2023-03-18T00:02:00+00:00
[2023-03-18T00:02:52.334+0000] {processor.py:175} INFO - Processing /home/airflow/.local/lib/python3.7/site-packages/airflow/example_dags/example_sla_dag.py took 0.210 seconds
[2023-03-18T00:03:23.220+0000] {processor.py:153} INFO - Started process (PID=8593) to work on /home/airflow/.local/lib/python3.7/site-packages/airflow/example_dags/example_sla_dag.py
[2023-03-18T00:03:23.221+0000] {processor.py:743} INFO - Processing file /home/airflow/.local/lib/python3.7/site-packages/airflow/example_dags/example_sla_dag.py for tasks to queue
[2023-03-18T00:03:23.223+0000] {logging_mixin.py:137} INFO - [2023-03-18T00:03:23.222+0000] {dagbag.py:538} INFO - Filling up the DagBag from /home/airflow/.local/lib/python3.7/site-packages/airflow/example_dags/example_sla_dag.py
[2023-03-18T00:03:23.253+0000] {processor.py:753} INFO - DAG(s) dict_keys(['example_sla_dag']) retrieved from /home/airflow/.local/lib/python3.7/site-packages/airflow/example_dags/example_sla_dag.py
[2023-03-18T00:03:23.282+0000] {logging_mixin.py:137} INFO - [2023-03-18T00:03:23.282+0000] {dag.py:2690} INFO - Sync 1 DAGs
[2023-03-18T00:03:23.315+0000] {logging_mixin.py:137} INFO - [2023-03-18T00:03:23.315+0000] {dag.py:3441} INFO - Setting next_dagrun for example_sla_dag to 2023-03-18T00:00:00+00:00, run_after=2023-03-18T00:02:00+00:00
[2023-03-18T00:03:23.352+0000] {processor.py:175} INFO - Processing /home/airflow/.local/lib/python3.7/site-packages/airflow/example_dags/example_sla_dag.py took 0.136 seconds
[2023-03-18T00:03:53.933+0000] {processor.py:153} INFO - Started process (PID=8684) to work on /home/airflow/.local/lib/python3.7/site-packages/airflow/example_dags/example_sla_dag.py
[2023-03-18T00:03:53.935+0000] {processor.py:743} INFO - Processing file /home/airflow/.local/lib/python3.7/site-packages/airflow/example_dags/example_sla_dag.py for tasks to queue
[2023-03-18T00:03:53.936+0000] {logging_mixin.py:137} INFO - [2023-03-18T00:03:53.936+0000] {dagbag.py:538} INFO - Filling up the DagBag from /home/airflow/.local/lib/python3.7/site-packages/airflow/example_dags/example_sla_dag.py
[2023-03-18T00:03:53.970+0000] {processor.py:753} INFO - DAG(s) dict_keys(['example_sla_dag']) retrieved from /home/airflow/.local/lib/python3.7/site-packages/airflow/example_dags/example_sla_dag.py
[2023-03-18T00:03:54.001+0000] {logging_mixin.py:137} INFO - [2023-03-18T00:03:54.001+0000] {dag.py:2690} INFO - Sync 1 DAGs
[2023-03-18T00:03:54.043+0000] {logging_mixin.py:137} INFO - [2023-03-18T00:03:54.042+0000] {dag.py:3441} INFO - Setting next_dagrun for example_sla_dag to 2023-03-18T00:00:00+00:00, run_after=2023-03-18T00:02:00+00:00
[2023-03-18T00:03:54.074+0000] {processor.py:175} INFO - Processing /home/airflow/.local/lib/python3.7/site-packages/airflow/example_dags/example_sla_dag.py took 0.144 seconds
[2023-03-18T00:04:24.553+0000] {processor.py:153} INFO - Started process (PID=8777) to work on /home/airflow/.local/lib/python3.7/site-packages/airflow/example_dags/example_sla_dag.py
[2023-03-18T00:04:24.554+0000] {processor.py:743} INFO - Processing file /home/airflow/.local/lib/python3.7/site-packages/airflow/example_dags/example_sla_dag.py for tasks to queue
[2023-03-18T00:04:24.555+0000] {logging_mixin.py:137} INFO - [2023-03-18T00:04:24.555+0000] {dagbag.py:538} INFO - Filling up the DagBag from /home/airflow/.local/lib/python3.7/site-packages/airflow/example_dags/example_sla_dag.py
[2023-03-18T00:04:24.586+0000] {processor.py:753} INFO - DAG(s) dict_keys(['example_sla_dag']) retrieved from /home/airflow/.local/lib/python3.7/site-packages/airflow/example_dags/example_sla_dag.py
[2023-03-18T00:04:24.618+0000] {logging_mixin.py:137} INFO - [2023-03-18T00:04:24.617+0000] {dag.py:2690} INFO - Sync 1 DAGs
[2023-03-18T00:04:24.649+0000] {logging_mixin.py:137} INFO - [2023-03-18T00:04:24.648+0000] {dag.py:3441} INFO - Setting next_dagrun for example_sla_dag to 2023-03-18T00:02:00+00:00, run_after=2023-03-18T00:04:00+00:00
[2023-03-18T00:04:24.676+0000] {processor.py:175} INFO - Processing /home/airflow/.local/lib/python3.7/site-packages/airflow/example_dags/example_sla_dag.py took 0.126 seconds
[2023-03-18T00:04:55.192+0000] {processor.py:153} INFO - Started process (PID=8860) to work on /home/airflow/.local/lib/python3.7/site-packages/airflow/example_dags/example_sla_dag.py
[2023-03-18T00:04:55.194+0000] {processor.py:743} INFO - Processing file /home/airflow/.local/lib/python3.7/site-packages/airflow/example_dags/example_sla_dag.py for tasks to queue
[2023-03-18T00:04:55.196+0000] {logging_mixin.py:137} INFO - [2023-03-18T00:04:55.195+0000] {dagbag.py:538} INFO - Filling up the DagBag from /home/airflow/.local/lib/python3.7/site-packages/airflow/example_dags/example_sla_dag.py
[2023-03-18T00:04:55.229+0000] {processor.py:753} INFO - DAG(s) dict_keys(['example_sla_dag']) retrieved from /home/airflow/.local/lib/python3.7/site-packages/airflow/example_dags/example_sla_dag.py
[2023-03-18T00:04:55.267+0000] {logging_mixin.py:137} INFO - [2023-03-18T00:04:55.267+0000] {dag.py:2690} INFO - Sync 1 DAGs
[2023-03-18T00:04:55.309+0000] {logging_mixin.py:137} INFO - [2023-03-18T00:04:55.308+0000] {dag.py:3441} INFO - Setting next_dagrun for example_sla_dag to 2023-03-18T00:02:00+00:00, run_after=2023-03-18T00:04:00+00:00
[2023-03-18T00:04:55.340+0000] {processor.py:175} INFO - Processing /home/airflow/.local/lib/python3.7/site-packages/airflow/example_dags/example_sla_dag.py took 0.152 seconds
[2023-03-18T00:05:25.464+0000] {processor.py:153} INFO - Started process (PID=8942) to work on /home/airflow/.local/lib/python3.7/site-packages/airflow/example_dags/example_sla_dag.py
[2023-03-18T00:05:25.465+0000] {processor.py:743} INFO - Processing file /home/airflow/.local/lib/python3.7/site-packages/airflow/example_dags/example_sla_dag.py for tasks to queue
[2023-03-18T00:05:25.466+0000] {logging_mixin.py:137} INFO - [2023-03-18T00:05:25.466+0000] {dagbag.py:538} INFO - Filling up the DagBag from /home/airflow/.local/lib/python3.7/site-packages/airflow/example_dags/example_sla_dag.py
[2023-03-18T00:05:25.496+0000] {processor.py:753} INFO - DAG(s) dict_keys(['example_sla_dag']) retrieved from /home/airflow/.local/lib/python3.7/site-packages/airflow/example_dags/example_sla_dag.py
[2023-03-18T00:05:25.528+0000] {logging_mixin.py:137} INFO - [2023-03-18T00:05:25.528+0000] {dag.py:2690} INFO - Sync 1 DAGs
[2023-03-18T00:05:25.578+0000] {logging_mixin.py:137} INFO - [2023-03-18T00:05:25.578+0000] {dag.py:3441} INFO - Setting next_dagrun for example_sla_dag to 2023-03-18T00:02:00+00:00, run_after=2023-03-18T00:04:00+00:00
[2023-03-18T00:05:25.623+0000] {processor.py:175} INFO - Processing /home/airflow/.local/lib/python3.7/site-packages/airflow/example_dags/example_sla_dag.py took 0.163 seconds
[2023-03-18T00:05:56.190+0000] {processor.py:153} INFO - Started process (PID=9044) to work on /home/airflow/.local/lib/python3.7/site-packages/airflow/example_dags/example_sla_dag.py
[2023-03-18T00:05:56.191+0000] {processor.py:743} INFO - Processing file /home/airflow/.local/lib/python3.7/site-packages/airflow/example_dags/example_sla_dag.py for tasks to queue
[2023-03-18T00:05:56.193+0000] {logging_mixin.py:137} INFO - [2023-03-18T00:05:56.192+0000] {dagbag.py:538} INFO - Filling up the DagBag from /home/airflow/.local/lib/python3.7/site-packages/airflow/example_dags/example_sla_dag.py
[2023-03-18T00:05:56.226+0000] {processor.py:753} INFO - DAG(s) dict_keys(['example_sla_dag']) retrieved from /home/airflow/.local/lib/python3.7/site-packages/airflow/example_dags/example_sla_dag.py
[2023-03-18T00:05:56.262+0000] {logging_mixin.py:137} INFO - [2023-03-18T00:05:56.262+0000] {dag.py:2690} INFO - Sync 1 DAGs
[2023-03-18T00:05:56.323+0000] {logging_mixin.py:137} INFO - [2023-03-18T00:05:56.322+0000] {dag.py:3441} INFO - Setting next_dagrun for example_sla_dag to 2023-03-18T00:02:00+00:00, run_after=2023-03-18T00:04:00+00:00
[2023-03-18T00:05:56.364+0000] {processor.py:175} INFO - Processing /home/airflow/.local/lib/python3.7/site-packages/airflow/example_dags/example_sla_dag.py took 0.179 seconds
[2023-03-18T00:06:26.792+0000] {processor.py:153} INFO - Started process (PID=9126) to work on /home/airflow/.local/lib/python3.7/site-packages/airflow/example_dags/example_sla_dag.py
[2023-03-18T00:06:26.794+0000] {processor.py:743} INFO - Processing file /home/airflow/.local/lib/python3.7/site-packages/airflow/example_dags/example_sla_dag.py for tasks to queue
[2023-03-18T00:06:26.796+0000] {logging_mixin.py:137} INFO - [2023-03-18T00:06:26.796+0000] {dagbag.py:538} INFO - Filling up the DagBag from /home/airflow/.local/lib/python3.7/site-packages/airflow/example_dags/example_sla_dag.py
[2023-03-18T00:06:26.842+0000] {processor.py:753} INFO - DAG(s) dict_keys(['example_sla_dag']) retrieved from /home/airflow/.local/lib/python3.7/site-packages/airflow/example_dags/example_sla_dag.py
[2023-03-18T00:06:26.889+0000] {logging_mixin.py:137} INFO - [2023-03-18T00:06:26.889+0000] {dag.py:2690} INFO - Sync 1 DAGs
[2023-03-18T00:06:26.942+0000] {logging_mixin.py:137} INFO - [2023-03-18T00:06:26.941+0000] {dag.py:3441} INFO - Setting next_dagrun for example_sla_dag to 2023-03-18T00:04:00+00:00, run_after=2023-03-18T00:06:00+00:00
[2023-03-18T00:06:26.974+0000] {processor.py:175} INFO - Processing /home/airflow/.local/lib/python3.7/site-packages/airflow/example_dags/example_sla_dag.py took 0.187 seconds
[2023-03-18T00:06:58.071+0000] {processor.py:153} INFO - Started process (PID=9208) to work on /home/airflow/.local/lib/python3.7/site-packages/airflow/example_dags/example_sla_dag.py
[2023-03-18T00:06:58.073+0000] {processor.py:743} INFO - Processing file /home/airflow/.local/lib/python3.7/site-packages/airflow/example_dags/example_sla_dag.py for tasks to queue
[2023-03-18T00:06:58.074+0000] {logging_mixin.py:137} INFO - [2023-03-18T00:06:58.074+0000] {dagbag.py:538} INFO - Filling up the DagBag from /home/airflow/.local/lib/python3.7/site-packages/airflow/example_dags/example_sla_dag.py
[2023-03-18T00:06:58.105+0000] {processor.py:753} INFO - DAG(s) dict_keys(['example_sla_dag']) retrieved from /home/airflow/.local/lib/python3.7/site-packages/airflow/example_dags/example_sla_dag.py
[2023-03-18T00:06:58.135+0000] {logging_mixin.py:137} INFO - [2023-03-18T00:06:58.134+0000] {dag.py:2690} INFO - Sync 1 DAGs
[2023-03-18T00:06:58.170+0000] {logging_mixin.py:137} INFO - [2023-03-18T00:06:58.169+0000] {dag.py:3441} INFO - Setting next_dagrun for example_sla_dag to 2023-03-18T00:04:00+00:00, run_after=2023-03-18T00:06:00+00:00
[2023-03-18T00:06:58.202+0000] {processor.py:175} INFO - Processing /home/airflow/.local/lib/python3.7/site-packages/airflow/example_dags/example_sla_dag.py took 0.135 seconds
[2023-03-18T00:07:28.818+0000] {processor.py:153} INFO - Started process (PID=9291) to work on /home/airflow/.local/lib/python3.7/site-packages/airflow/example_dags/example_sla_dag.py
[2023-03-18T00:07:28.820+0000] {processor.py:743} INFO - Processing file /home/airflow/.local/lib/python3.7/site-packages/airflow/example_dags/example_sla_dag.py for tasks to queue
[2023-03-18T00:07:28.840+0000] {logging_mixin.py:137} INFO - [2023-03-18T00:07:28.840+0000] {dagbag.py:538} INFO - Filling up the DagBag from /home/airflow/.local/lib/python3.7/site-packages/airflow/example_dags/example_sla_dag.py
[2023-03-18T00:07:28.925+0000] {processor.py:753} INFO - DAG(s) dict_keys(['example_sla_dag']) retrieved from /home/airflow/.local/lib/python3.7/site-packages/airflow/example_dags/example_sla_dag.py
[2023-03-18T00:07:28.960+0000] {logging_mixin.py:137} INFO - [2023-03-18T00:07:28.960+0000] {dag.py:2690} INFO - Sync 1 DAGs
[2023-03-18T00:07:29.006+0000] {logging_mixin.py:137} INFO - [2023-03-18T00:07:29.006+0000] {dag.py:3441} INFO - Setting next_dagrun for example_sla_dag to 2023-03-18T00:04:00+00:00, run_after=2023-03-18T00:06:00+00:00
[2023-03-18T00:07:29.046+0000] {processor.py:175} INFO - Processing /home/airflow/.local/lib/python3.7/site-packages/airflow/example_dags/example_sla_dag.py took 0.234 seconds
[2023-03-18T00:07:59.113+0000] {processor.py:153} INFO - Started process (PID=9374) to work on /home/airflow/.local/lib/python3.7/site-packages/airflow/example_dags/example_sla_dag.py
[2023-03-18T00:07:59.114+0000] {processor.py:743} INFO - Processing file /home/airflow/.local/lib/python3.7/site-packages/airflow/example_dags/example_sla_dag.py for tasks to queue
[2023-03-18T00:07:59.115+0000] {logging_mixin.py:137} INFO - [2023-03-18T00:07:59.115+0000] {dagbag.py:538} INFO - Filling up the DagBag from /home/airflow/.local/lib/python3.7/site-packages/airflow/example_dags/example_sla_dag.py
[2023-03-18T00:07:59.153+0000] {processor.py:753} INFO - DAG(s) dict_keys(['example_sla_dag']) retrieved from /home/airflow/.local/lib/python3.7/site-packages/airflow/example_dags/example_sla_dag.py
[2023-03-18T00:07:59.194+0000] {logging_mixin.py:137} INFO - [2023-03-18T00:07:59.193+0000] {dag.py:2690} INFO - Sync 1 DAGs
[2023-03-18T00:07:59.247+0000] {logging_mixin.py:137} INFO - [2023-03-18T00:07:59.247+0000] {dag.py:3441} INFO - Setting next_dagrun for example_sla_dag to 2023-03-18T00:04:00+00:00, run_after=2023-03-18T00:06:00+00:00
[2023-03-18T00:07:59.290+0000] {processor.py:175} INFO - Processing /home/airflow/.local/lib/python3.7/site-packages/airflow/example_dags/example_sla_dag.py took 0.181 seconds
[2023-03-18T00:08:30.217+0000] {processor.py:153} INFO - Started process (PID=9476) to work on /home/airflow/.local/lib/python3.7/site-packages/airflow/example_dags/example_sla_dag.py
[2023-03-18T00:08:30.219+0000] {processor.py:743} INFO - Processing file /home/airflow/.local/lib/python3.7/site-packages/airflow/example_dags/example_sla_dag.py for tasks to queue
[2023-03-18T00:08:30.220+0000] {logging_mixin.py:137} INFO - [2023-03-18T00:08:30.220+0000] {dagbag.py:538} INFO - Filling up the DagBag from /home/airflow/.local/lib/python3.7/site-packages/airflow/example_dags/example_sla_dag.py
[2023-03-18T00:08:30.256+0000] {processor.py:753} INFO - DAG(s) dict_keys(['example_sla_dag']) retrieved from /home/airflow/.local/lib/python3.7/site-packages/airflow/example_dags/example_sla_dag.py
[2023-03-18T00:08:30.294+0000] {logging_mixin.py:137} INFO - [2023-03-18T00:08:30.294+0000] {dag.py:2690} INFO - Sync 1 DAGs
[2023-03-18T00:08:30.338+0000] {logging_mixin.py:137} INFO - [2023-03-18T00:08:30.337+0000] {dag.py:3441} INFO - Setting next_dagrun for example_sla_dag to 2023-03-18T00:06:00+00:00, run_after=2023-03-18T00:08:00+00:00
[2023-03-18T00:08:30.366+0000] {processor.py:175} INFO - Processing /home/airflow/.local/lib/python3.7/site-packages/airflow/example_dags/example_sla_dag.py took 0.155 seconds
[2023-03-18T00:09:00.971+0000] {processor.py:153} INFO - Started process (PID=9558) to work on /home/airflow/.local/lib/python3.7/site-packages/airflow/example_dags/example_sla_dag.py
[2023-03-18T00:09:00.973+0000] {processor.py:743} INFO - Processing file /home/airflow/.local/lib/python3.7/site-packages/airflow/example_dags/example_sla_dag.py for tasks to queue
[2023-03-18T00:09:00.975+0000] {logging_mixin.py:137} INFO - [2023-03-18T00:09:00.975+0000] {dagbag.py:538} INFO - Filling up the DagBag from /home/airflow/.local/lib/python3.7/site-packages/airflow/example_dags/example_sla_dag.py
[2023-03-18T00:09:01.031+0000] {processor.py:753} INFO - DAG(s) dict_keys(['example_sla_dag']) retrieved from /home/airflow/.local/lib/python3.7/site-packages/airflow/example_dags/example_sla_dag.py
[2023-03-18T00:09:01.069+0000] {logging_mixin.py:137} INFO - [2023-03-18T00:09:01.068+0000] {dag.py:2690} INFO - Sync 1 DAGs
[2023-03-18T00:09:01.132+0000] {logging_mixin.py:137} INFO - [2023-03-18T00:09:01.132+0000] {dag.py:3441} INFO - Setting next_dagrun for example_sla_dag to 2023-03-18T00:06:00+00:00, run_after=2023-03-18T00:08:00+00:00
[2023-03-18T00:09:01.161+0000] {processor.py:175} INFO - Processing /home/airflow/.local/lib/python3.7/site-packages/airflow/example_dags/example_sla_dag.py took 0.198 seconds
[2023-03-18T00:09:31.281+0000] {processor.py:153} INFO - Started process (PID=9640) to work on /home/airflow/.local/lib/python3.7/site-packages/airflow/example_dags/example_sla_dag.py
[2023-03-18T00:09:31.282+0000] {processor.py:743} INFO - Processing file /home/airflow/.local/lib/python3.7/site-packages/airflow/example_dags/example_sla_dag.py for tasks to queue
[2023-03-18T00:09:31.284+0000] {logging_mixin.py:137} INFO - [2023-03-18T00:09:31.283+0000] {dagbag.py:538} INFO - Filling up the DagBag from /home/airflow/.local/lib/python3.7/site-packages/airflow/example_dags/example_sla_dag.py
[2023-03-18T00:09:31.322+0000] {processor.py:753} INFO - DAG(s) dict_keys(['example_sla_dag']) retrieved from /home/airflow/.local/lib/python3.7/site-packages/airflow/example_dags/example_sla_dag.py
[2023-03-18T00:09:31.360+0000] {logging_mixin.py:137} INFO - [2023-03-18T00:09:31.360+0000] {dag.py:2690} INFO - Sync 1 DAGs
[2023-03-18T00:09:31.400+0000] {logging_mixin.py:137} INFO - [2023-03-18T00:09:31.400+0000] {dag.py:3441} INFO - Setting next_dagrun for example_sla_dag to 2023-03-18T00:06:00+00:00, run_after=2023-03-18T00:08:00+00:00
[2023-03-18T00:09:31.433+0000] {processor.py:175} INFO - Processing /home/airflow/.local/lib/python3.7/site-packages/airflow/example_dags/example_sla_dag.py took 0.158 seconds
[2023-03-18T00:10:01.482+0000] {processor.py:153} INFO - Started process (PID=9722) to work on /home/airflow/.local/lib/python3.7/site-packages/airflow/example_dags/example_sla_dag.py
[2023-03-18T00:10:01.484+0000] {processor.py:743} INFO - Processing file /home/airflow/.local/lib/python3.7/site-packages/airflow/example_dags/example_sla_dag.py for tasks to queue
[2023-03-18T00:10:01.485+0000] {logging_mixin.py:137} INFO - [2023-03-18T00:10:01.485+0000] {dagbag.py:538} INFO - Filling up the DagBag from /home/airflow/.local/lib/python3.7/site-packages/airflow/example_dags/example_sla_dag.py
[2023-03-18T00:10:01.522+0000] {processor.py:753} INFO - DAG(s) dict_keys(['example_sla_dag']) retrieved from /home/airflow/.local/lib/python3.7/site-packages/airflow/example_dags/example_sla_dag.py
[2023-03-18T00:10:01.556+0000] {logging_mixin.py:137} INFO - [2023-03-18T00:10:01.556+0000] {dag.py:2690} INFO - Sync 1 DAGs
[2023-03-18T00:10:01.599+0000] {logging_mixin.py:137} INFO - [2023-03-18T00:10:01.599+0000] {dag.py:3441} INFO - Setting next_dagrun for example_sla_dag to 2023-03-18T00:08:00+00:00, run_after=2023-03-18T00:10:00+00:00
[2023-03-18T00:10:01.629+0000] {processor.py:175} INFO - Processing /home/airflow/.local/lib/python3.7/site-packages/airflow/example_dags/example_sla_dag.py took 0.152 seconds
[2023-03-18T00:10:32.152+0000] {processor.py:153} INFO - Started process (PID=9824) to work on /home/airflow/.local/lib/python3.7/site-packages/airflow/example_dags/example_sla_dag.py
[2023-03-18T00:10:32.154+0000] {processor.py:743} INFO - Processing file /home/airflow/.local/lib/python3.7/site-packages/airflow/example_dags/example_sla_dag.py for tasks to queue
[2023-03-18T00:10:32.156+0000] {logging_mixin.py:137} INFO - [2023-03-18T00:10:32.155+0000] {dagbag.py:538} INFO - Filling up the DagBag from /home/airflow/.local/lib/python3.7/site-packages/airflow/example_dags/example_sla_dag.py
[2023-03-18T00:10:32.203+0000] {processor.py:753} INFO - DAG(s) dict_keys(['example_sla_dag']) retrieved from /home/airflow/.local/lib/python3.7/site-packages/airflow/example_dags/example_sla_dag.py
[2023-03-18T00:10:32.248+0000] {logging_mixin.py:137} INFO - [2023-03-18T00:10:32.248+0000] {dag.py:2690} INFO - Sync 1 DAGs
[2023-03-18T00:10:32.325+0000] {logging_mixin.py:137} INFO - [2023-03-18T00:10:32.325+0000] {dag.py:3441} INFO - Setting next_dagrun for example_sla_dag to 2023-03-18T00:08:00+00:00, run_after=2023-03-18T00:10:00+00:00
[2023-03-18T00:10:32.382+0000] {processor.py:175} INFO - Processing /home/airflow/.local/lib/python3.7/site-packages/airflow/example_dags/example_sla_dag.py took 0.248 seconds
[2023-03-18T00:11:02.555+0000] {processor.py:153} INFO - Started process (PID=9906) to work on /home/airflow/.local/lib/python3.7/site-packages/airflow/example_dags/example_sla_dag.py
[2023-03-18T00:11:02.558+0000] {processor.py:743} INFO - Processing file /home/airflow/.local/lib/python3.7/site-packages/airflow/example_dags/example_sla_dag.py for tasks to queue
[2023-03-18T00:11:02.560+0000] {logging_mixin.py:137} INFO - [2023-03-18T00:11:02.559+0000] {dagbag.py:538} INFO - Filling up the DagBag from /home/airflow/.local/lib/python3.7/site-packages/airflow/example_dags/example_sla_dag.py
[2023-03-18T00:11:02.594+0000] {processor.py:753} INFO - DAG(s) dict_keys(['example_sla_dag']) retrieved from /home/airflow/.local/lib/python3.7/site-packages/airflow/example_dags/example_sla_dag.py
[2023-03-18T00:11:02.630+0000] {logging_mixin.py:137} INFO - [2023-03-18T00:11:02.630+0000] {dag.py:2690} INFO - Sync 1 DAGs
[2023-03-18T00:11:02.664+0000] {logging_mixin.py:137} INFO - [2023-03-18T00:11:02.664+0000] {dag.py:3441} INFO - Setting next_dagrun for example_sla_dag to 2023-03-18T00:08:00+00:00, run_after=2023-03-18T00:10:00+00:00
[2023-03-18T00:11:02.690+0000] {processor.py:175} INFO - Processing /home/airflow/.local/lib/python3.7/site-packages/airflow/example_dags/example_sla_dag.py took 0.140 seconds
[2023-03-18T00:11:33.309+0000] {processor.py:153} INFO - Started process (PID=9988) to work on /home/airflow/.local/lib/python3.7/site-packages/airflow/example_dags/example_sla_dag.py
[2023-03-18T00:11:33.310+0000] {processor.py:743} INFO - Processing file /home/airflow/.local/lib/python3.7/site-packages/airflow/example_dags/example_sla_dag.py for tasks to queue
[2023-03-18T00:11:33.312+0000] {logging_mixin.py:137} INFO - [2023-03-18T00:11:33.312+0000] {dagbag.py:538} INFO - Filling up the DagBag from /home/airflow/.local/lib/python3.7/site-packages/airflow/example_dags/example_sla_dag.py
[2023-03-18T00:11:33.351+0000] {processor.py:753} INFO - DAG(s) dict_keys(['example_sla_dag']) retrieved from /home/airflow/.local/lib/python3.7/site-packages/airflow/example_dags/example_sla_dag.py
[2023-03-18T00:11:33.383+0000] {logging_mixin.py:137} INFO - [2023-03-18T00:11:33.383+0000] {dag.py:2690} INFO - Sync 1 DAGs
[2023-03-18T00:11:33.424+0000] {logging_mixin.py:137} INFO - [2023-03-18T00:11:33.424+0000] {dag.py:3441} INFO - Setting next_dagrun for example_sla_dag to 2023-03-18T00:08:00+00:00, run_after=2023-03-18T00:10:00+00:00
[2023-03-18T00:11:33.453+0000] {processor.py:175} INFO - Processing /home/airflow/.local/lib/python3.7/site-packages/airflow/example_dags/example_sla_dag.py took 0.150 seconds
[2023-03-18T00:12:04.117+0000] {processor.py:153} INFO - Started process (PID=10070) to work on /home/airflow/.local/lib/python3.7/site-packages/airflow/example_dags/example_sla_dag.py
[2023-03-18T00:12:04.118+0000] {processor.py:743} INFO - Processing file /home/airflow/.local/lib/python3.7/site-packages/airflow/example_dags/example_sla_dag.py for tasks to queue
[2023-03-18T00:12:04.120+0000] {logging_mixin.py:137} INFO - [2023-03-18T00:12:04.119+0000] {dagbag.py:538} INFO - Filling up the DagBag from /home/airflow/.local/lib/python3.7/site-packages/airflow/example_dags/example_sla_dag.py
[2023-03-18T00:12:04.148+0000] {processor.py:753} INFO - DAG(s) dict_keys(['example_sla_dag']) retrieved from /home/airflow/.local/lib/python3.7/site-packages/airflow/example_dags/example_sla_dag.py
[2023-03-18T00:12:04.177+0000] {logging_mixin.py:137} INFO - [2023-03-18T00:12:04.177+0000] {dag.py:2690} INFO - Sync 1 DAGs
[2023-03-18T00:12:04.213+0000] {logging_mixin.py:137} INFO - [2023-03-18T00:12:04.213+0000] {dag.py:3441} INFO - Setting next_dagrun for example_sla_dag to 2023-03-18T00:10:00+00:00, run_after=2023-03-18T00:12:00+00:00
[2023-03-18T00:12:04.239+0000] {processor.py:175} INFO - Processing /home/airflow/.local/lib/python3.7/site-packages/airflow/example_dags/example_sla_dag.py took 0.126 seconds
[2023-03-18T00:12:34.727+0000] {processor.py:153} INFO - Started process (PID=10153) to work on /home/airflow/.local/lib/python3.7/site-packages/airflow/example_dags/example_sla_dag.py
[2023-03-18T00:12:34.729+0000] {processor.py:743} INFO - Processing file /home/airflow/.local/lib/python3.7/site-packages/airflow/example_dags/example_sla_dag.py for tasks to queue
[2023-03-18T00:12:34.730+0000] {logging_mixin.py:137} INFO - [2023-03-18T00:12:34.730+0000] {dagbag.py:538} INFO - Filling up the DagBag from /home/airflow/.local/lib/python3.7/site-packages/airflow/example_dags/example_sla_dag.py
[2023-03-18T00:12:34.756+0000] {processor.py:753} INFO - DAG(s) dict_keys(['example_sla_dag']) retrieved from /home/airflow/.local/lib/python3.7/site-packages/airflow/example_dags/example_sla_dag.py
[2023-03-18T00:12:34.785+0000] {logging_mixin.py:137} INFO - [2023-03-18T00:12:34.785+0000] {dag.py:2690} INFO - Sync 1 DAGs
[2023-03-18T00:12:34.843+0000] {logging_mixin.py:137} INFO - [2023-03-18T00:12:34.843+0000] {dag.py:3441} INFO - Setting next_dagrun for example_sla_dag to 2023-03-18T00:10:00+00:00, run_after=2023-03-18T00:12:00+00:00
[2023-03-18T00:12:34.876+0000] {processor.py:175} INFO - Processing /home/airflow/.local/lib/python3.7/site-packages/airflow/example_dags/example_sla_dag.py took 0.153 seconds
[2023-03-18T00:13:05.256+0000] {processor.py:153} INFO - Started process (PID=10255) to work on /home/airflow/.local/lib/python3.7/site-packages/airflow/example_dags/example_sla_dag.py
[2023-03-18T00:13:05.259+0000] {processor.py:743} INFO - Processing file /home/airflow/.local/lib/python3.7/site-packages/airflow/example_dags/example_sla_dag.py for tasks to queue
[2023-03-18T00:13:05.261+0000] {logging_mixin.py:137} INFO - [2023-03-18T00:13:05.261+0000] {dagbag.py:538} INFO - Filling up the DagBag from /home/airflow/.local/lib/python3.7/site-packages/airflow/example_dags/example_sla_dag.py
[2023-03-18T00:13:05.308+0000] {processor.py:753} INFO - DAG(s) dict_keys(['example_sla_dag']) retrieved from /home/airflow/.local/lib/python3.7/site-packages/airflow/example_dags/example_sla_dag.py
[2023-03-18T00:13:05.385+0000] {logging_mixin.py:137} INFO - [2023-03-18T00:13:05.384+0000] {dag.py:2690} INFO - Sync 1 DAGs
[2023-03-18T00:13:05.460+0000] {logging_mixin.py:137} INFO - [2023-03-18T00:13:05.460+0000] {dag.py:3441} INFO - Setting next_dagrun for example_sla_dag to 2023-03-18T00:10:00+00:00, run_after=2023-03-18T00:12:00+00:00
[2023-03-18T00:13:05.508+0000] {processor.py:175} INFO - Processing /home/airflow/.local/lib/python3.7/site-packages/airflow/example_dags/example_sla_dag.py took 0.257 seconds
[2023-03-18T00:13:35.671+0000] {processor.py:153} INFO - Started process (PID=10337) to work on /home/airflow/.local/lib/python3.7/site-packages/airflow/example_dags/example_sla_dag.py
[2023-03-18T00:13:35.673+0000] {processor.py:743} INFO - Processing file /home/airflow/.local/lib/python3.7/site-packages/airflow/example_dags/example_sla_dag.py for tasks to queue
[2023-03-18T00:13:35.674+0000] {logging_mixin.py:137} INFO - [2023-03-18T00:13:35.674+0000] {dagbag.py:538} INFO - Filling up the DagBag from /home/airflow/.local/lib/python3.7/site-packages/airflow/example_dags/example_sla_dag.py
[2023-03-18T00:13:35.701+0000] {processor.py:753} INFO - DAG(s) dict_keys(['example_sla_dag']) retrieved from /home/airflow/.local/lib/python3.7/site-packages/airflow/example_dags/example_sla_dag.py
[2023-03-18T00:13:35.730+0000] {logging_mixin.py:137} INFO - [2023-03-18T00:13:35.730+0000] {dag.py:2690} INFO - Sync 1 DAGs
[2023-03-18T00:13:35.767+0000] {logging_mixin.py:137} INFO - [2023-03-18T00:13:35.767+0000] {dag.py:3441} INFO - Setting next_dagrun for example_sla_dag to 2023-03-18T00:10:00+00:00, run_after=2023-03-18T00:12:00+00:00
[2023-03-18T00:13:35.793+0000] {processor.py:175} INFO - Processing /home/airflow/.local/lib/python3.7/site-packages/airflow/example_dags/example_sla_dag.py took 0.126 seconds
[2023-03-18T00:14:06.140+0000] {processor.py:153} INFO - Started process (PID=10419) to work on /home/airflow/.local/lib/python3.7/site-packages/airflow/example_dags/example_sla_dag.py
[2023-03-18T00:14:06.141+0000] {processor.py:743} INFO - Processing file /home/airflow/.local/lib/python3.7/site-packages/airflow/example_dags/example_sla_dag.py for tasks to queue
[2023-03-18T00:14:06.143+0000] {logging_mixin.py:137} INFO - [2023-03-18T00:14:06.142+0000] {dagbag.py:538} INFO - Filling up the DagBag from /home/airflow/.local/lib/python3.7/site-packages/airflow/example_dags/example_sla_dag.py
[2023-03-18T00:14:06.172+0000] {processor.py:753} INFO - DAG(s) dict_keys(['example_sla_dag']) retrieved from /home/airflow/.local/lib/python3.7/site-packages/airflow/example_dags/example_sla_dag.py
[2023-03-18T00:14:06.204+0000] {logging_mixin.py:137} INFO - [2023-03-18T00:14:06.204+0000] {dag.py:2690} INFO - Sync 1 DAGs
[2023-03-18T00:14:06.235+0000] {logging_mixin.py:137} INFO - [2023-03-18T00:14:06.235+0000] {dag.py:3441} INFO - Setting next_dagrun for example_sla_dag to 2023-03-18T00:12:00+00:00, run_after=2023-03-18T00:14:00+00:00
[2023-03-18T00:14:06.255+0000] {processor.py:175} INFO - Processing /home/airflow/.local/lib/python3.7/site-packages/airflow/example_dags/example_sla_dag.py took 0.119 seconds
[2023-03-18T00:14:37.015+0000] {processor.py:153} INFO - Started process (PID=10501) to work on /home/airflow/.local/lib/python3.7/site-packages/airflow/example_dags/example_sla_dag.py
[2023-03-18T00:14:37.016+0000] {processor.py:743} INFO - Processing file /home/airflow/.local/lib/python3.7/site-packages/airflow/example_dags/example_sla_dag.py for tasks to queue
[2023-03-18T00:14:37.017+0000] {logging_mixin.py:137} INFO - [2023-03-18T00:14:37.017+0000] {dagbag.py:538} INFO - Filling up the DagBag from /home/airflow/.local/lib/python3.7/site-packages/airflow/example_dags/example_sla_dag.py
[2023-03-18T00:14:37.038+0000] {processor.py:753} INFO - DAG(s) dict_keys(['example_sla_dag']) retrieved from /home/airflow/.local/lib/python3.7/site-packages/airflow/example_dags/example_sla_dag.py
[2023-03-18T00:14:37.066+0000] {logging_mixin.py:137} INFO - [2023-03-18T00:14:37.065+0000] {dag.py:2690} INFO - Sync 1 DAGs
[2023-03-18T00:14:37.099+0000] {logging_mixin.py:137} INFO - [2023-03-18T00:14:37.099+0000] {dag.py:3441} INFO - Setting next_dagrun for example_sla_dag to 2023-03-18T00:12:00+00:00, run_after=2023-03-18T00:14:00+00:00
[2023-03-18T00:14:37.121+0000] {processor.py:175} INFO - Processing /home/airflow/.local/lib/python3.7/site-packages/airflow/example_dags/example_sla_dag.py took 0.109 seconds
