[2023-03-18T00:00:13.539+0000] {processor.py:153} INFO - Started process (PID=8093) to work on /home/airflow/.local/lib/python3.7/site-packages/airflow/example_dags/tutorial_dag.py
[2023-03-18T00:00:13.540+0000] {processor.py:743} INFO - Processing file /home/airflow/.local/lib/python3.7/site-packages/airflow/example_dags/tutorial_dag.py for tasks to queue
[2023-03-18T00:00:13.541+0000] {logging_mixin.py:137} INFO - [2023-03-18T00:00:13.541+0000] {dagbag.py:538} INFO - Filling up the DagBag from /home/airflow/.local/lib/python3.7/site-packages/airflow/example_dags/tutorial_dag.py
[2023-03-18T00:00:13.555+0000] {processor.py:753} INFO - DAG(s) dict_keys(['tutorial_dag']) retrieved from /home/airflow/.local/lib/python3.7/site-packages/airflow/example_dags/tutorial_dag.py
[2023-03-18T00:00:13.584+0000] {logging_mixin.py:137} INFO - [2023-03-18T00:00:13.584+0000] {dag.py:2690} INFO - Sync 1 DAGs
[2023-03-18T00:00:13.612+0000] {logging_mixin.py:137} INFO - [2023-03-18T00:00:13.612+0000] {dag.py:3441} INFO - Setting next_dagrun for tutorial_dag to None, run_after=None
[2023-03-18T00:00:13.635+0000] {processor.py:175} INFO - Processing /home/airflow/.local/lib/python3.7/site-packages/airflow/example_dags/tutorial_dag.py took 0.099 seconds
[2023-03-18T00:00:44.570+0000] {processor.py:153} INFO - Started process (PID=8175) to work on /home/airflow/.local/lib/python3.7/site-packages/airflow/example_dags/tutorial_dag.py
[2023-03-18T00:00:44.571+0000] {processor.py:743} INFO - Processing file /home/airflow/.local/lib/python3.7/site-packages/airflow/example_dags/tutorial_dag.py for tasks to queue
[2023-03-18T00:00:44.573+0000] {logging_mixin.py:137} INFO - [2023-03-18T00:00:44.573+0000] {dagbag.py:538} INFO - Filling up the DagBag from /home/airflow/.local/lib/python3.7/site-packages/airflow/example_dags/tutorial_dag.py
[2023-03-18T00:00:44.592+0000] {processor.py:753} INFO - DAG(s) dict_keys(['tutorial_dag']) retrieved from /home/airflow/.local/lib/python3.7/site-packages/airflow/example_dags/tutorial_dag.py
[2023-03-18T00:00:44.628+0000] {logging_mixin.py:137} INFO - [2023-03-18T00:00:44.628+0000] {dag.py:2690} INFO - Sync 1 DAGs
[2023-03-18T00:00:44.665+0000] {logging_mixin.py:137} INFO - [2023-03-18T00:00:44.665+0000] {dag.py:3441} INFO - Setting next_dagrun for tutorial_dag to None, run_after=None
[2023-03-18T00:00:44.699+0000] {processor.py:175} INFO - Processing /home/airflow/.local/lib/python3.7/site-packages/airflow/example_dags/tutorial_dag.py took 0.134 seconds
[2023-03-18T00:01:15.113+0000] {processor.py:153} INFO - Started process (PID=8257) to work on /home/airflow/.local/lib/python3.7/site-packages/airflow/example_dags/tutorial_dag.py
[2023-03-18T00:01:15.116+0000] {processor.py:743} INFO - Processing file /home/airflow/.local/lib/python3.7/site-packages/airflow/example_dags/tutorial_dag.py for tasks to queue
[2023-03-18T00:01:15.119+0000] {logging_mixin.py:137} INFO - [2023-03-18T00:01:15.118+0000] {dagbag.py:538} INFO - Filling up the DagBag from /home/airflow/.local/lib/python3.7/site-packages/airflow/example_dags/tutorial_dag.py
[2023-03-18T00:01:15.150+0000] {processor.py:753} INFO - DAG(s) dict_keys(['tutorial_dag']) retrieved from /home/airflow/.local/lib/python3.7/site-packages/airflow/example_dags/tutorial_dag.py
[2023-03-18T00:01:15.216+0000] {logging_mixin.py:137} INFO - [2023-03-18T00:01:15.215+0000] {dag.py:2690} INFO - Sync 1 DAGs
[2023-03-18T00:01:15.273+0000] {logging_mixin.py:137} INFO - [2023-03-18T00:01:15.273+0000] {dag.py:3441} INFO - Setting next_dagrun for tutorial_dag to None, run_after=None
[2023-03-18T00:01:15.323+0000] {processor.py:175} INFO - Processing /home/airflow/.local/lib/python3.7/site-packages/airflow/example_dags/tutorial_dag.py took 0.220 seconds
[2023-03-18T00:01:45.623+0000] {processor.py:153} INFO - Started process (PID=8339) to work on /home/airflow/.local/lib/python3.7/site-packages/airflow/example_dags/tutorial_dag.py
[2023-03-18T00:01:45.625+0000] {processor.py:743} INFO - Processing file /home/airflow/.local/lib/python3.7/site-packages/airflow/example_dags/tutorial_dag.py for tasks to queue
[2023-03-18T00:01:45.627+0000] {logging_mixin.py:137} INFO - [2023-03-18T00:01:45.627+0000] {dagbag.py:538} INFO - Filling up the DagBag from /home/airflow/.local/lib/python3.7/site-packages/airflow/example_dags/tutorial_dag.py
[2023-03-18T00:01:45.659+0000] {processor.py:753} INFO - DAG(s) dict_keys(['tutorial_dag']) retrieved from /home/airflow/.local/lib/python3.7/site-packages/airflow/example_dags/tutorial_dag.py
[2023-03-18T00:01:45.719+0000] {logging_mixin.py:137} INFO - [2023-03-18T00:01:45.718+0000] {dag.py:2690} INFO - Sync 1 DAGs
[2023-03-18T00:01:45.785+0000] {logging_mixin.py:137} INFO - [2023-03-18T00:01:45.785+0000] {dag.py:3441} INFO - Setting next_dagrun for tutorial_dag to None, run_after=None
[2023-03-18T00:01:45.827+0000] {processor.py:175} INFO - Processing /home/airflow/.local/lib/python3.7/site-packages/airflow/example_dags/tutorial_dag.py took 0.217 seconds
[2023-03-18T00:02:16.293+0000] {processor.py:153} INFO - Started process (PID=8421) to work on /home/airflow/.local/lib/python3.7/site-packages/airflow/example_dags/tutorial_dag.py
[2023-03-18T00:02:16.295+0000] {processor.py:743} INFO - Processing file /home/airflow/.local/lib/python3.7/site-packages/airflow/example_dags/tutorial_dag.py for tasks to queue
[2023-03-18T00:02:16.298+0000] {logging_mixin.py:137} INFO - [2023-03-18T00:02:16.297+0000] {dagbag.py:538} INFO - Filling up the DagBag from /home/airflow/.local/lib/python3.7/site-packages/airflow/example_dags/tutorial_dag.py
[2023-03-18T00:02:16.326+0000] {processor.py:753} INFO - DAG(s) dict_keys(['tutorial_dag']) retrieved from /home/airflow/.local/lib/python3.7/site-packages/airflow/example_dags/tutorial_dag.py
[2023-03-18T00:02:16.381+0000] {logging_mixin.py:137} INFO - [2023-03-18T00:02:16.381+0000] {dag.py:2690} INFO - Sync 1 DAGs
[2023-03-18T00:02:16.446+0000] {logging_mixin.py:137} INFO - [2023-03-18T00:02:16.446+0000] {dag.py:3441} INFO - Setting next_dagrun for tutorial_dag to None, run_after=None
[2023-03-18T00:02:16.499+0000] {processor.py:175} INFO - Processing /home/airflow/.local/lib/python3.7/site-packages/airflow/example_dags/tutorial_dag.py took 0.214 seconds
[2023-03-18T00:02:46.703+0000] {processor.py:153} INFO - Started process (PID=8503) to work on /home/airflow/.local/lib/python3.7/site-packages/airflow/example_dags/tutorial_dag.py
[2023-03-18T00:02:46.705+0000] {processor.py:743} INFO - Processing file /home/airflow/.local/lib/python3.7/site-packages/airflow/example_dags/tutorial_dag.py for tasks to queue
[2023-03-18T00:02:46.707+0000] {logging_mixin.py:137} INFO - [2023-03-18T00:02:46.706+0000] {dagbag.py:538} INFO - Filling up the DagBag from /home/airflow/.local/lib/python3.7/site-packages/airflow/example_dags/tutorial_dag.py
[2023-03-18T00:02:46.728+0000] {processor.py:753} INFO - DAG(s) dict_keys(['tutorial_dag']) retrieved from /home/airflow/.local/lib/python3.7/site-packages/airflow/example_dags/tutorial_dag.py
[2023-03-18T00:02:46.760+0000] {logging_mixin.py:137} INFO - [2023-03-18T00:02:46.760+0000] {dag.py:2690} INFO - Sync 1 DAGs
[2023-03-18T00:02:46.800+0000] {logging_mixin.py:137} INFO - [2023-03-18T00:02:46.799+0000] {dag.py:3441} INFO - Setting next_dagrun for tutorial_dag to None, run_after=None
[2023-03-18T00:02:46.844+0000] {processor.py:175} INFO - Processing /home/airflow/.local/lib/python3.7/site-packages/airflow/example_dags/tutorial_dag.py took 0.145 seconds
[2023-03-18T00:03:17.188+0000] {processor.py:153} INFO - Started process (PID=8585) to work on /home/airflow/.local/lib/python3.7/site-packages/airflow/example_dags/tutorial_dag.py
[2023-03-18T00:03:17.190+0000] {processor.py:743} INFO - Processing file /home/airflow/.local/lib/python3.7/site-packages/airflow/example_dags/tutorial_dag.py for tasks to queue
[2023-03-18T00:03:17.192+0000] {logging_mixin.py:137} INFO - [2023-03-18T00:03:17.192+0000] {dagbag.py:538} INFO - Filling up the DagBag from /home/airflow/.local/lib/python3.7/site-packages/airflow/example_dags/tutorial_dag.py
[2023-03-18T00:03:17.218+0000] {processor.py:753} INFO - DAG(s) dict_keys(['tutorial_dag']) retrieved from /home/airflow/.local/lib/python3.7/site-packages/airflow/example_dags/tutorial_dag.py
[2023-03-18T00:03:17.269+0000] {logging_mixin.py:137} INFO - [2023-03-18T00:03:17.269+0000] {dag.py:2690} INFO - Sync 1 DAGs
[2023-03-18T00:03:17.312+0000] {logging_mixin.py:137} INFO - [2023-03-18T00:03:17.312+0000] {dag.py:3441} INFO - Setting next_dagrun for tutorial_dag to None, run_after=None
[2023-03-18T00:03:17.335+0000] {processor.py:175} INFO - Processing /home/airflow/.local/lib/python3.7/site-packages/airflow/example_dags/tutorial_dag.py took 0.153 seconds
[2023-03-18T00:03:48.114+0000] {processor.py:153} INFO - Started process (PID=8667) to work on /home/airflow/.local/lib/python3.7/site-packages/airflow/example_dags/tutorial_dag.py
[2023-03-18T00:03:48.116+0000] {processor.py:743} INFO - Processing file /home/airflow/.local/lib/python3.7/site-packages/airflow/example_dags/tutorial_dag.py for tasks to queue
[2023-03-18T00:03:48.117+0000] {logging_mixin.py:137} INFO - [2023-03-18T00:03:48.117+0000] {dagbag.py:538} INFO - Filling up the DagBag from /home/airflow/.local/lib/python3.7/site-packages/airflow/example_dags/tutorial_dag.py
[2023-03-18T00:03:48.139+0000] {processor.py:753} INFO - DAG(s) dict_keys(['tutorial_dag']) retrieved from /home/airflow/.local/lib/python3.7/site-packages/airflow/example_dags/tutorial_dag.py
[2023-03-18T00:03:48.175+0000] {logging_mixin.py:137} INFO - [2023-03-18T00:03:48.174+0000] {dag.py:2690} INFO - Sync 1 DAGs
[2023-03-18T00:03:48.209+0000] {logging_mixin.py:137} INFO - [2023-03-18T00:03:48.208+0000] {dag.py:3441} INFO - Setting next_dagrun for tutorial_dag to None, run_after=None
[2023-03-18T00:03:48.236+0000] {processor.py:175} INFO - Processing /home/airflow/.local/lib/python3.7/site-packages/airflow/example_dags/tutorial_dag.py took 0.126 seconds
[2023-03-18T00:04:18.408+0000] {processor.py:153} INFO - Started process (PID=8749) to work on /home/airflow/.local/lib/python3.7/site-packages/airflow/example_dags/tutorial_dag.py
[2023-03-18T00:04:18.409+0000] {processor.py:743} INFO - Processing file /home/airflow/.local/lib/python3.7/site-packages/airflow/example_dags/tutorial_dag.py for tasks to queue
[2023-03-18T00:04:18.410+0000] {logging_mixin.py:137} INFO - [2023-03-18T00:04:18.410+0000] {dagbag.py:538} INFO - Filling up the DagBag from /home/airflow/.local/lib/python3.7/site-packages/airflow/example_dags/tutorial_dag.py
[2023-03-18T00:04:18.426+0000] {processor.py:753} INFO - DAG(s) dict_keys(['tutorial_dag']) retrieved from /home/airflow/.local/lib/python3.7/site-packages/airflow/example_dags/tutorial_dag.py
[2023-03-18T00:04:18.456+0000] {logging_mixin.py:137} INFO - [2023-03-18T00:04:18.455+0000] {dag.py:2690} INFO - Sync 1 DAGs
[2023-03-18T00:04:18.486+0000] {logging_mixin.py:137} INFO - [2023-03-18T00:04:18.486+0000] {dag.py:3441} INFO - Setting next_dagrun for tutorial_dag to None, run_after=None
[2023-03-18T00:04:18.513+0000] {processor.py:175} INFO - Processing /home/airflow/.local/lib/python3.7/site-packages/airflow/example_dags/tutorial_dag.py took 0.109 seconds
[2023-03-18T00:04:49.445+0000] {processor.py:153} INFO - Started process (PID=8852) to work on /home/airflow/.local/lib/python3.7/site-packages/airflow/example_dags/tutorial_dag.py
[2023-03-18T00:04:49.447+0000] {processor.py:743} INFO - Processing file /home/airflow/.local/lib/python3.7/site-packages/airflow/example_dags/tutorial_dag.py for tasks to queue
[2023-03-18T00:04:49.448+0000] {logging_mixin.py:137} INFO - [2023-03-18T00:04:49.447+0000] {dagbag.py:538} INFO - Filling up the DagBag from /home/airflow/.local/lib/python3.7/site-packages/airflow/example_dags/tutorial_dag.py
[2023-03-18T00:04:49.462+0000] {processor.py:753} INFO - DAG(s) dict_keys(['tutorial_dag']) retrieved from /home/airflow/.local/lib/python3.7/site-packages/airflow/example_dags/tutorial_dag.py
[2023-03-18T00:04:49.490+0000] {logging_mixin.py:137} INFO - [2023-03-18T00:04:49.490+0000] {dag.py:2690} INFO - Sync 1 DAGs
[2023-03-18T00:04:49.521+0000] {logging_mixin.py:137} INFO - [2023-03-18T00:04:49.521+0000] {dag.py:3441} INFO - Setting next_dagrun for tutorial_dag to None, run_after=None
[2023-03-18T00:04:49.544+0000] {processor.py:175} INFO - Processing /home/airflow/.local/lib/python3.7/site-packages/airflow/example_dags/tutorial_dag.py took 0.102 seconds
[2023-03-18T00:05:20.264+0000] {processor.py:153} INFO - Started process (PID=8934) to work on /home/airflow/.local/lib/python3.7/site-packages/airflow/example_dags/tutorial_dag.py
[2023-03-18T00:05:20.265+0000] {processor.py:743} INFO - Processing file /home/airflow/.local/lib/python3.7/site-packages/airflow/example_dags/tutorial_dag.py for tasks to queue
[2023-03-18T00:05:20.267+0000] {logging_mixin.py:137} INFO - [2023-03-18T00:05:20.267+0000] {dagbag.py:538} INFO - Filling up the DagBag from /home/airflow/.local/lib/python3.7/site-packages/airflow/example_dags/tutorial_dag.py
[2023-03-18T00:05:20.283+0000] {processor.py:753} INFO - DAG(s) dict_keys(['tutorial_dag']) retrieved from /home/airflow/.local/lib/python3.7/site-packages/airflow/example_dags/tutorial_dag.py
[2023-03-18T00:05:20.323+0000] {logging_mixin.py:137} INFO - [2023-03-18T00:05:20.322+0000] {dag.py:2690} INFO - Sync 1 DAGs
[2023-03-18T00:05:20.358+0000] {logging_mixin.py:137} INFO - [2023-03-18T00:05:20.358+0000] {dag.py:3441} INFO - Setting next_dagrun for tutorial_dag to None, run_after=None
[2023-03-18T00:05:20.387+0000] {processor.py:175} INFO - Processing /home/airflow/.local/lib/python3.7/site-packages/airflow/example_dags/tutorial_dag.py took 0.127 seconds
[2023-03-18T00:05:51.326+0000] {processor.py:153} INFO - Started process (PID=9016) to work on /home/airflow/.local/lib/python3.7/site-packages/airflow/example_dags/tutorial_dag.py
[2023-03-18T00:05:51.328+0000] {processor.py:743} INFO - Processing file /home/airflow/.local/lib/python3.7/site-packages/airflow/example_dags/tutorial_dag.py for tasks to queue
[2023-03-18T00:05:51.329+0000] {logging_mixin.py:137} INFO - [2023-03-18T00:05:51.329+0000] {dagbag.py:538} INFO - Filling up the DagBag from /home/airflow/.local/lib/python3.7/site-packages/airflow/example_dags/tutorial_dag.py
[2023-03-18T00:05:51.344+0000] {processor.py:753} INFO - DAG(s) dict_keys(['tutorial_dag']) retrieved from /home/airflow/.local/lib/python3.7/site-packages/airflow/example_dags/tutorial_dag.py
[2023-03-18T00:05:51.375+0000] {logging_mixin.py:137} INFO - [2023-03-18T00:05:51.374+0000] {dag.py:2690} INFO - Sync 1 DAGs
[2023-03-18T00:05:51.414+0000] {logging_mixin.py:137} INFO - [2023-03-18T00:05:51.414+0000] {dag.py:3441} INFO - Setting next_dagrun for tutorial_dag to None, run_after=None
[2023-03-18T00:05:51.441+0000] {processor.py:175} INFO - Processing /home/airflow/.local/lib/python3.7/site-packages/airflow/example_dags/tutorial_dag.py took 0.118 seconds
[2023-03-18T00:06:22.657+0000] {processor.py:153} INFO - Started process (PID=9107) to work on /home/airflow/.local/lib/python3.7/site-packages/airflow/example_dags/tutorial_dag.py
[2023-03-18T00:06:22.658+0000] {processor.py:743} INFO - Processing file /home/airflow/.local/lib/python3.7/site-packages/airflow/example_dags/tutorial_dag.py for tasks to queue
[2023-03-18T00:06:22.660+0000] {logging_mixin.py:137} INFO - [2023-03-18T00:06:22.660+0000] {dagbag.py:538} INFO - Filling up the DagBag from /home/airflow/.local/lib/python3.7/site-packages/airflow/example_dags/tutorial_dag.py
[2023-03-18T00:06:22.687+0000] {processor.py:753} INFO - DAG(s) dict_keys(['tutorial_dag']) retrieved from /home/airflow/.local/lib/python3.7/site-packages/airflow/example_dags/tutorial_dag.py
[2023-03-18T00:06:22.764+0000] {logging_mixin.py:137} INFO - [2023-03-18T00:06:22.763+0000] {dag.py:2690} INFO - Sync 1 DAGs
[2023-03-18T00:06:22.814+0000] {logging_mixin.py:137} INFO - [2023-03-18T00:06:22.814+0000] {dag.py:3441} INFO - Setting next_dagrun for tutorial_dag to None, run_after=None
[2023-03-18T00:06:22.910+0000] {processor.py:175} INFO - Processing /home/airflow/.local/lib/python3.7/site-packages/airflow/example_dags/tutorial_dag.py took 0.261 seconds
[2023-03-18T00:06:53.187+0000] {processor.py:153} INFO - Started process (PID=9200) to work on /home/airflow/.local/lib/python3.7/site-packages/airflow/example_dags/tutorial_dag.py
[2023-03-18T00:06:53.188+0000] {processor.py:743} INFO - Processing file /home/airflow/.local/lib/python3.7/site-packages/airflow/example_dags/tutorial_dag.py for tasks to queue
[2023-03-18T00:06:53.189+0000] {logging_mixin.py:137} INFO - [2023-03-18T00:06:53.189+0000] {dagbag.py:538} INFO - Filling up the DagBag from /home/airflow/.local/lib/python3.7/site-packages/airflow/example_dags/tutorial_dag.py
[2023-03-18T00:06:53.205+0000] {processor.py:753} INFO - DAG(s) dict_keys(['tutorial_dag']) retrieved from /home/airflow/.local/lib/python3.7/site-packages/airflow/example_dags/tutorial_dag.py
[2023-03-18T00:06:53.236+0000] {logging_mixin.py:137} INFO - [2023-03-18T00:06:53.236+0000] {dag.py:2690} INFO - Sync 1 DAGs
[2023-03-18T00:06:53.267+0000] {logging_mixin.py:137} INFO - [2023-03-18T00:06:53.266+0000] {dag.py:3441} INFO - Setting next_dagrun for tutorial_dag to None, run_after=None
[2023-03-18T00:06:53.290+0000] {processor.py:175} INFO - Processing /home/airflow/.local/lib/python3.7/site-packages/airflow/example_dags/tutorial_dag.py took 0.108 seconds
[2023-03-18T00:07:23.946+0000] {processor.py:153} INFO - Started process (PID=9283) to work on /home/airflow/.local/lib/python3.7/site-packages/airflow/example_dags/tutorial_dag.py
[2023-03-18T00:07:23.948+0000] {processor.py:743} INFO - Processing file /home/airflow/.local/lib/python3.7/site-packages/airflow/example_dags/tutorial_dag.py for tasks to queue
[2023-03-18T00:07:23.950+0000] {logging_mixin.py:137} INFO - [2023-03-18T00:07:23.950+0000] {dagbag.py:538} INFO - Filling up the DagBag from /home/airflow/.local/lib/python3.7/site-packages/airflow/example_dags/tutorial_dag.py
[2023-03-18T00:07:23.979+0000] {processor.py:753} INFO - DAG(s) dict_keys(['tutorial_dag']) retrieved from /home/airflow/.local/lib/python3.7/site-packages/airflow/example_dags/tutorial_dag.py
[2023-03-18T00:07:24.020+0000] {logging_mixin.py:137} INFO - [2023-03-18T00:07:24.019+0000] {dag.py:2690} INFO - Sync 1 DAGs
[2023-03-18T00:07:24.064+0000] {logging_mixin.py:137} INFO - [2023-03-18T00:07:24.064+0000] {dag.py:3441} INFO - Setting next_dagrun for tutorial_dag to None, run_after=None
[2023-03-18T00:07:24.103+0000] {processor.py:175} INFO - Processing /home/airflow/.local/lib/python3.7/site-packages/airflow/example_dags/tutorial_dag.py took 0.163 seconds
[2023-03-18T00:07:54.254+0000] {processor.py:153} INFO - Started process (PID=9366) to work on /home/airflow/.local/lib/python3.7/site-packages/airflow/example_dags/tutorial_dag.py
[2023-03-18T00:07:54.256+0000] {processor.py:743} INFO - Processing file /home/airflow/.local/lib/python3.7/site-packages/airflow/example_dags/tutorial_dag.py for tasks to queue
[2023-03-18T00:07:54.258+0000] {logging_mixin.py:137} INFO - [2023-03-18T00:07:54.257+0000] {dagbag.py:538} INFO - Filling up the DagBag from /home/airflow/.local/lib/python3.7/site-packages/airflow/example_dags/tutorial_dag.py
[2023-03-18T00:07:54.276+0000] {processor.py:753} INFO - DAG(s) dict_keys(['tutorial_dag']) retrieved from /home/airflow/.local/lib/python3.7/site-packages/airflow/example_dags/tutorial_dag.py
[2023-03-18T00:07:54.309+0000] {logging_mixin.py:137} INFO - [2023-03-18T00:07:54.309+0000] {dag.py:2690} INFO - Sync 1 DAGs
[2023-03-18T00:07:54.347+0000] {logging_mixin.py:137} INFO - [2023-03-18T00:07:54.347+0000] {dag.py:3441} INFO - Setting next_dagrun for tutorial_dag to None, run_after=None
[2023-03-18T00:07:54.384+0000] {processor.py:175} INFO - Processing /home/airflow/.local/lib/python3.7/site-packages/airflow/example_dags/tutorial_dag.py took 0.134 seconds
[2023-03-18T00:08:25.294+0000] {processor.py:153} INFO - Started process (PID=9448) to work on /home/airflow/.local/lib/python3.7/site-packages/airflow/example_dags/tutorial_dag.py
[2023-03-18T00:08:25.296+0000] {processor.py:743} INFO - Processing file /home/airflow/.local/lib/python3.7/site-packages/airflow/example_dags/tutorial_dag.py for tasks to queue
[2023-03-18T00:08:25.297+0000] {logging_mixin.py:137} INFO - [2023-03-18T00:08:25.297+0000] {dagbag.py:538} INFO - Filling up the DagBag from /home/airflow/.local/lib/python3.7/site-packages/airflow/example_dags/tutorial_dag.py
[2023-03-18T00:08:25.319+0000] {processor.py:753} INFO - DAG(s) dict_keys(['tutorial_dag']) retrieved from /home/airflow/.local/lib/python3.7/site-packages/airflow/example_dags/tutorial_dag.py
[2023-03-18T00:08:25.358+0000] {logging_mixin.py:137} INFO - [2023-03-18T00:08:25.357+0000] {dag.py:2690} INFO - Sync 1 DAGs
[2023-03-18T00:08:25.408+0000] {logging_mixin.py:137} INFO - [2023-03-18T00:08:25.408+0000] {dag.py:3441} INFO - Setting next_dagrun for tutorial_dag to None, run_after=None
[2023-03-18T00:08:25.444+0000] {processor.py:175} INFO - Processing /home/airflow/.local/lib/python3.7/site-packages/airflow/example_dags/tutorial_dag.py took 0.154 seconds
[2023-03-18T00:08:56.502+0000] {processor.py:153} INFO - Started process (PID=9539) to work on /home/airflow/.local/lib/python3.7/site-packages/airflow/example_dags/tutorial_dag.py
[2023-03-18T00:08:56.504+0000] {processor.py:743} INFO - Processing file /home/airflow/.local/lib/python3.7/site-packages/airflow/example_dags/tutorial_dag.py for tasks to queue
[2023-03-18T00:08:56.506+0000] {logging_mixin.py:137} INFO - [2023-03-18T00:08:56.505+0000] {dagbag.py:538} INFO - Filling up the DagBag from /home/airflow/.local/lib/python3.7/site-packages/airflow/example_dags/tutorial_dag.py
[2023-03-18T00:08:56.523+0000] {processor.py:753} INFO - DAG(s) dict_keys(['tutorial_dag']) retrieved from /home/airflow/.local/lib/python3.7/site-packages/airflow/example_dags/tutorial_dag.py
[2023-03-18T00:08:56.562+0000] {logging_mixin.py:137} INFO - [2023-03-18T00:08:56.561+0000] {dag.py:2690} INFO - Sync 1 DAGs
[2023-03-18T00:08:56.600+0000] {logging_mixin.py:137} INFO - [2023-03-18T00:08:56.600+0000] {dag.py:3441} INFO - Setting next_dagrun for tutorial_dag to None, run_after=None
[2023-03-18T00:08:56.652+0000] {processor.py:175} INFO - Processing /home/airflow/.local/lib/python3.7/site-packages/airflow/example_dags/tutorial_dag.py took 0.155 seconds
[2023-03-18T00:09:26.880+0000] {processor.py:153} INFO - Started process (PID=9632) to work on /home/airflow/.local/lib/python3.7/site-packages/airflow/example_dags/tutorial_dag.py
[2023-03-18T00:09:26.883+0000] {processor.py:743} INFO - Processing file /home/airflow/.local/lib/python3.7/site-packages/airflow/example_dags/tutorial_dag.py for tasks to queue
[2023-03-18T00:09:26.886+0000] {logging_mixin.py:137} INFO - [2023-03-18T00:09:26.885+0000] {dagbag.py:538} INFO - Filling up the DagBag from /home/airflow/.local/lib/python3.7/site-packages/airflow/example_dags/tutorial_dag.py
[2023-03-18T00:09:26.911+0000] {processor.py:753} INFO - DAG(s) dict_keys(['tutorial_dag']) retrieved from /home/airflow/.local/lib/python3.7/site-packages/airflow/example_dags/tutorial_dag.py
[2023-03-18T00:09:26.967+0000] {logging_mixin.py:137} INFO - [2023-03-18T00:09:26.967+0000] {dag.py:2690} INFO - Sync 1 DAGs
[2023-03-18T00:09:27.003+0000] {logging_mixin.py:137} INFO - [2023-03-18T00:09:27.003+0000] {dag.py:3441} INFO - Setting next_dagrun for tutorial_dag to None, run_after=None
[2023-03-18T00:09:27.032+0000] {processor.py:175} INFO - Processing /home/airflow/.local/lib/python3.7/site-packages/airflow/example_dags/tutorial_dag.py took 0.158 seconds
[2023-03-18T00:09:57.622+0000] {processor.py:153} INFO - Started process (PID=9714) to work on /home/airflow/.local/lib/python3.7/site-packages/airflow/example_dags/tutorial_dag.py
[2023-03-18T00:09:57.623+0000] {processor.py:743} INFO - Processing file /home/airflow/.local/lib/python3.7/site-packages/airflow/example_dags/tutorial_dag.py for tasks to queue
[2023-03-18T00:09:57.624+0000] {logging_mixin.py:137} INFO - [2023-03-18T00:09:57.624+0000] {dagbag.py:538} INFO - Filling up the DagBag from /home/airflow/.local/lib/python3.7/site-packages/airflow/example_dags/tutorial_dag.py
[2023-03-18T00:09:57.639+0000] {processor.py:753} INFO - DAG(s) dict_keys(['tutorial_dag']) retrieved from /home/airflow/.local/lib/python3.7/site-packages/airflow/example_dags/tutorial_dag.py
[2023-03-18T00:09:57.668+0000] {logging_mixin.py:137} INFO - [2023-03-18T00:09:57.668+0000] {dag.py:2690} INFO - Sync 1 DAGs
[2023-03-18T00:09:57.700+0000] {logging_mixin.py:137} INFO - [2023-03-18T00:09:57.700+0000] {dag.py:3441} INFO - Setting next_dagrun for tutorial_dag to None, run_after=None
[2023-03-18T00:09:57.723+0000] {processor.py:175} INFO - Processing /home/airflow/.local/lib/python3.7/site-packages/airflow/example_dags/tutorial_dag.py took 0.105 seconds
[2023-03-18T00:10:28.059+0000] {processor.py:153} INFO - Started process (PID=9796) to work on /home/airflow/.local/lib/python3.7/site-packages/airflow/example_dags/tutorial_dag.py
[2023-03-18T00:10:28.061+0000] {processor.py:743} INFO - Processing file /home/airflow/.local/lib/python3.7/site-packages/airflow/example_dags/tutorial_dag.py for tasks to queue
[2023-03-18T00:10:28.062+0000] {logging_mixin.py:137} INFO - [2023-03-18T00:10:28.062+0000] {dagbag.py:538} INFO - Filling up the DagBag from /home/airflow/.local/lib/python3.7/site-packages/airflow/example_dags/tutorial_dag.py
[2023-03-18T00:10:28.080+0000] {processor.py:753} INFO - DAG(s) dict_keys(['tutorial_dag']) retrieved from /home/airflow/.local/lib/python3.7/site-packages/airflow/example_dags/tutorial_dag.py
[2023-03-18T00:10:28.121+0000] {logging_mixin.py:137} INFO - [2023-03-18T00:10:28.121+0000] {dag.py:2690} INFO - Sync 1 DAGs
[2023-03-18T00:10:28.164+0000] {logging_mixin.py:137} INFO - [2023-03-18T00:10:28.164+0000] {dag.py:3441} INFO - Setting next_dagrun for tutorial_dag to None, run_after=None
[2023-03-18T00:10:28.193+0000] {processor.py:175} INFO - Processing /home/airflow/.local/lib/python3.7/site-packages/airflow/example_dags/tutorial_dag.py took 0.139 seconds
[2023-03-18T00:10:59.263+0000] {processor.py:153} INFO - Started process (PID=9887) to work on /home/airflow/.local/lib/python3.7/site-packages/airflow/example_dags/tutorial_dag.py
[2023-03-18T00:10:59.265+0000] {processor.py:743} INFO - Processing file /home/airflow/.local/lib/python3.7/site-packages/airflow/example_dags/tutorial_dag.py for tasks to queue
[2023-03-18T00:10:59.266+0000] {logging_mixin.py:137} INFO - [2023-03-18T00:10:59.266+0000] {dagbag.py:538} INFO - Filling up the DagBag from /home/airflow/.local/lib/python3.7/site-packages/airflow/example_dags/tutorial_dag.py
[2023-03-18T00:10:59.290+0000] {processor.py:753} INFO - DAG(s) dict_keys(['tutorial_dag']) retrieved from /home/airflow/.local/lib/python3.7/site-packages/airflow/example_dags/tutorial_dag.py
[2023-03-18T00:10:59.347+0000] {logging_mixin.py:137} INFO - [2023-03-18T00:10:59.347+0000] {dag.py:2690} INFO - Sync 1 DAGs
[2023-03-18T00:10:59.388+0000] {logging_mixin.py:137} INFO - [2023-03-18T00:10:59.388+0000] {dag.py:3441} INFO - Setting next_dagrun for tutorial_dag to None, run_after=None
[2023-03-18T00:10:59.427+0000] {processor.py:175} INFO - Processing /home/airflow/.local/lib/python3.7/site-packages/airflow/example_dags/tutorial_dag.py took 0.168 seconds
[2023-03-18T00:11:30.331+0000] {processor.py:153} INFO - Started process (PID=9980) to work on /home/airflow/.local/lib/python3.7/site-packages/airflow/example_dags/tutorial_dag.py
[2023-03-18T00:11:30.333+0000] {processor.py:743} INFO - Processing file /home/airflow/.local/lib/python3.7/site-packages/airflow/example_dags/tutorial_dag.py for tasks to queue
[2023-03-18T00:11:30.335+0000] {logging_mixin.py:137} INFO - [2023-03-18T00:11:30.335+0000] {dagbag.py:538} INFO - Filling up the DagBag from /home/airflow/.local/lib/python3.7/site-packages/airflow/example_dags/tutorial_dag.py
[2023-03-18T00:11:30.364+0000] {processor.py:753} INFO - DAG(s) dict_keys(['tutorial_dag']) retrieved from /home/airflow/.local/lib/python3.7/site-packages/airflow/example_dags/tutorial_dag.py
[2023-03-18T00:11:30.415+0000] {logging_mixin.py:137} INFO - [2023-03-18T00:11:30.415+0000] {dag.py:2690} INFO - Sync 1 DAGs
[2023-03-18T00:11:30.470+0000] {logging_mixin.py:137} INFO - [2023-03-18T00:11:30.470+0000] {dag.py:3441} INFO - Setting next_dagrun for tutorial_dag to None, run_after=None
[2023-03-18T00:11:30.513+0000] {processor.py:175} INFO - Processing /home/airflow/.local/lib/python3.7/site-packages/airflow/example_dags/tutorial_dag.py took 0.188 seconds
[2023-03-18T00:12:00.834+0000] {processor.py:153} INFO - Started process (PID=10063) to work on /home/airflow/.local/lib/python3.7/site-packages/airflow/example_dags/tutorial_dag.py
[2023-03-18T00:12:00.835+0000] {processor.py:743} INFO - Processing file /home/airflow/.local/lib/python3.7/site-packages/airflow/example_dags/tutorial_dag.py for tasks to queue
[2023-03-18T00:12:00.837+0000] {logging_mixin.py:137} INFO - [2023-03-18T00:12:00.836+0000] {dagbag.py:538} INFO - Filling up the DagBag from /home/airflow/.local/lib/python3.7/site-packages/airflow/example_dags/tutorial_dag.py
[2023-03-18T00:12:00.857+0000] {processor.py:753} INFO - DAG(s) dict_keys(['tutorial_dag']) retrieved from /home/airflow/.local/lib/python3.7/site-packages/airflow/example_dags/tutorial_dag.py
[2023-03-18T00:12:00.903+0000] {logging_mixin.py:137} INFO - [2023-03-18T00:12:00.903+0000] {dag.py:2690} INFO - Sync 1 DAGs
[2023-03-18T00:12:00.941+0000] {logging_mixin.py:137} INFO - [2023-03-18T00:12:00.941+0000] {dag.py:3441} INFO - Setting next_dagrun for tutorial_dag to None, run_after=None
[2023-03-18T00:12:00.972+0000] {processor.py:175} INFO - Processing /home/airflow/.local/lib/python3.7/site-packages/airflow/example_dags/tutorial_dag.py took 0.143 seconds
[2023-03-18T00:12:32.015+0000] {processor.py:153} INFO - Started process (PID=10146) to work on /home/airflow/.local/lib/python3.7/site-packages/airflow/example_dags/tutorial_dag.py
[2023-03-18T00:12:32.016+0000] {processor.py:743} INFO - Processing file /home/airflow/.local/lib/python3.7/site-packages/airflow/example_dags/tutorial_dag.py for tasks to queue
[2023-03-18T00:12:32.018+0000] {logging_mixin.py:137} INFO - [2023-03-18T00:12:32.018+0000] {dagbag.py:538} INFO - Filling up the DagBag from /home/airflow/.local/lib/python3.7/site-packages/airflow/example_dags/tutorial_dag.py
[2023-03-18T00:12:32.040+0000] {processor.py:753} INFO - DAG(s) dict_keys(['tutorial_dag']) retrieved from /home/airflow/.local/lib/python3.7/site-packages/airflow/example_dags/tutorial_dag.py
[2023-03-18T00:12:32.076+0000] {logging_mixin.py:137} INFO - [2023-03-18T00:12:32.076+0000] {dag.py:2690} INFO - Sync 1 DAGs
[2023-03-18T00:12:32.110+0000] {logging_mixin.py:137} INFO - [2023-03-18T00:12:32.110+0000] {dag.py:3441} INFO - Setting next_dagrun for tutorial_dag to None, run_after=None
[2023-03-18T00:12:32.136+0000] {processor.py:175} INFO - Processing /home/airflow/.local/lib/python3.7/site-packages/airflow/example_dags/tutorial_dag.py took 0.126 seconds
[2023-03-18T00:13:02.525+0000] {processor.py:153} INFO - Started process (PID=10228) to work on /home/airflow/.local/lib/python3.7/site-packages/airflow/example_dags/tutorial_dag.py
[2023-03-18T00:13:02.528+0000] {processor.py:743} INFO - Processing file /home/airflow/.local/lib/python3.7/site-packages/airflow/example_dags/tutorial_dag.py for tasks to queue
[2023-03-18T00:13:02.530+0000] {logging_mixin.py:137} INFO - [2023-03-18T00:13:02.530+0000] {dagbag.py:538} INFO - Filling up the DagBag from /home/airflow/.local/lib/python3.7/site-packages/airflow/example_dags/tutorial_dag.py
[2023-03-18T00:13:02.547+0000] {processor.py:753} INFO - DAG(s) dict_keys(['tutorial_dag']) retrieved from /home/airflow/.local/lib/python3.7/site-packages/airflow/example_dags/tutorial_dag.py
[2023-03-18T00:13:02.576+0000] {logging_mixin.py:137} INFO - [2023-03-18T00:13:02.576+0000] {dag.py:2690} INFO - Sync 1 DAGs
[2023-03-18T00:13:02.605+0000] {logging_mixin.py:137} INFO - [2023-03-18T00:13:02.605+0000] {dag.py:3441} INFO - Setting next_dagrun for tutorial_dag to None, run_after=None
[2023-03-18T00:13:02.628+0000] {processor.py:175} INFO - Processing /home/airflow/.local/lib/python3.7/site-packages/airflow/example_dags/tutorial_dag.py took 0.107 seconds
[2023-03-18T00:13:33.813+0000] {processor.py:153} INFO - Started process (PID=10330) to work on /home/airflow/.local/lib/python3.7/site-packages/airflow/example_dags/tutorial_dag.py
[2023-03-18T00:13:33.815+0000] {processor.py:743} INFO - Processing file /home/airflow/.local/lib/python3.7/site-packages/airflow/example_dags/tutorial_dag.py for tasks to queue
[2023-03-18T00:13:33.817+0000] {logging_mixin.py:137} INFO - [2023-03-18T00:13:33.817+0000] {dagbag.py:538} INFO - Filling up the DagBag from /home/airflow/.local/lib/python3.7/site-packages/airflow/example_dags/tutorial_dag.py
[2023-03-18T00:13:33.843+0000] {processor.py:753} INFO - DAG(s) dict_keys(['tutorial_dag']) retrieved from /home/airflow/.local/lib/python3.7/site-packages/airflow/example_dags/tutorial_dag.py
[2023-03-18T00:13:33.896+0000] {logging_mixin.py:137} INFO - [2023-03-18T00:13:33.896+0000] {dag.py:2690} INFO - Sync 1 DAGs
[2023-03-18T00:13:33.965+0000] {logging_mixin.py:137} INFO - [2023-03-18T00:13:33.964+0000] {dag.py:3441} INFO - Setting next_dagrun for tutorial_dag to None, run_after=None
[2023-03-18T00:13:34.008+0000] {processor.py:175} INFO - Processing /home/airflow/.local/lib/python3.7/site-packages/airflow/example_dags/tutorial_dag.py took 0.202 seconds
[2023-03-18T00:14:04.447+0000] {processor.py:153} INFO - Started process (PID=10412) to work on /home/airflow/.local/lib/python3.7/site-packages/airflow/example_dags/tutorial_dag.py
[2023-03-18T00:14:04.449+0000] {processor.py:743} INFO - Processing file /home/airflow/.local/lib/python3.7/site-packages/airflow/example_dags/tutorial_dag.py for tasks to queue
[2023-03-18T00:14:04.450+0000] {logging_mixin.py:137} INFO - [2023-03-18T00:14:04.450+0000] {dagbag.py:538} INFO - Filling up the DagBag from /home/airflow/.local/lib/python3.7/site-packages/airflow/example_dags/tutorial_dag.py
[2023-03-18T00:14:04.470+0000] {processor.py:753} INFO - DAG(s) dict_keys(['tutorial_dag']) retrieved from /home/airflow/.local/lib/python3.7/site-packages/airflow/example_dags/tutorial_dag.py
[2023-03-18T00:14:04.516+0000] {logging_mixin.py:137} INFO - [2023-03-18T00:14:04.516+0000] {dag.py:2690} INFO - Sync 1 DAGs
[2023-03-18T00:14:04.556+0000] {logging_mixin.py:137} INFO - [2023-03-18T00:14:04.556+0000] {dag.py:3441} INFO - Setting next_dagrun for tutorial_dag to None, run_after=None
[2023-03-18T00:14:04.592+0000] {processor.py:175} INFO - Processing /home/airflow/.local/lib/python3.7/site-packages/airflow/example_dags/tutorial_dag.py took 0.151 seconds
[2023-03-18T00:14:35.416+0000] {processor.py:153} INFO - Started process (PID=10494) to work on /home/airflow/.local/lib/python3.7/site-packages/airflow/example_dags/tutorial_dag.py
[2023-03-18T00:14:35.418+0000] {processor.py:743} INFO - Processing file /home/airflow/.local/lib/python3.7/site-packages/airflow/example_dags/tutorial_dag.py for tasks to queue
[2023-03-18T00:14:35.419+0000] {logging_mixin.py:137} INFO - [2023-03-18T00:14:35.419+0000] {dagbag.py:538} INFO - Filling up the DagBag from /home/airflow/.local/lib/python3.7/site-packages/airflow/example_dags/tutorial_dag.py
[2023-03-18T00:14:35.438+0000] {processor.py:753} INFO - DAG(s) dict_keys(['tutorial_dag']) retrieved from /home/airflow/.local/lib/python3.7/site-packages/airflow/example_dags/tutorial_dag.py
[2023-03-18T00:14:35.476+0000] {logging_mixin.py:137} INFO - [2023-03-18T00:14:35.475+0000] {dag.py:2690} INFO - Sync 1 DAGs
[2023-03-18T00:14:35.517+0000] {logging_mixin.py:137} INFO - [2023-03-18T00:14:35.517+0000] {dag.py:3441} INFO - Setting next_dagrun for tutorial_dag to None, run_after=None
[2023-03-18T00:14:35.546+0000] {processor.py:175} INFO - Processing /home/airflow/.local/lib/python3.7/site-packages/airflow/example_dags/tutorial_dag.py took 0.136 seconds
[2023-03-18T00:15:06.772+0000] {processor.py:153} INFO - Started process (PID=10576) to work on /home/airflow/.local/lib/python3.7/site-packages/airflow/example_dags/tutorial_dag.py
[2023-03-18T00:15:06.774+0000] {processor.py:743} INFO - Processing file /home/airflow/.local/lib/python3.7/site-packages/airflow/example_dags/tutorial_dag.py for tasks to queue
[2023-03-18T00:15:06.781+0000] {logging_mixin.py:137} INFO - [2023-03-18T00:15:06.780+0000] {dagbag.py:538} INFO - Filling up the DagBag from /home/airflow/.local/lib/python3.7/site-packages/airflow/example_dags/tutorial_dag.py
[2023-03-18T00:15:06.808+0000] {processor.py:753} INFO - DAG(s) dict_keys(['tutorial_dag']) retrieved from /home/airflow/.local/lib/python3.7/site-packages/airflow/example_dags/tutorial_dag.py
[2023-03-18T00:15:06.916+0000] {logging_mixin.py:137} INFO - [2023-03-18T00:15:06.915+0000] {dag.py:2690} INFO - Sync 1 DAGs
[2023-03-18T00:15:06.982+0000] {logging_mixin.py:137} INFO - [2023-03-18T00:15:06.982+0000] {dag.py:3441} INFO - Setting next_dagrun for tutorial_dag to None, run_after=None
[2023-03-18T00:15:07.017+0000] {processor.py:175} INFO - Processing /home/airflow/.local/lib/python3.7/site-packages/airflow/example_dags/tutorial_dag.py took 0.252 seconds
[2023-03-18T00:15:37.321+0000] {processor.py:153} INFO - Started process (PID=10678) to work on /home/airflow/.local/lib/python3.7/site-packages/airflow/example_dags/tutorial_dag.py
[2023-03-18T00:15:37.323+0000] {processor.py:743} INFO - Processing file /home/airflow/.local/lib/python3.7/site-packages/airflow/example_dags/tutorial_dag.py for tasks to queue
[2023-03-18T00:15:37.324+0000] {logging_mixin.py:137} INFO - [2023-03-18T00:15:37.324+0000] {dagbag.py:538} INFO - Filling up the DagBag from /home/airflow/.local/lib/python3.7/site-packages/airflow/example_dags/tutorial_dag.py
[2023-03-18T00:15:37.344+0000] {processor.py:753} INFO - DAG(s) dict_keys(['tutorial_dag']) retrieved from /home/airflow/.local/lib/python3.7/site-packages/airflow/example_dags/tutorial_dag.py
[2023-03-18T00:15:37.397+0000] {logging_mixin.py:137} INFO - [2023-03-18T00:15:37.397+0000] {dag.py:2690} INFO - Sync 1 DAGs
[2023-03-18T00:15:37.439+0000] {logging_mixin.py:137} INFO - [2023-03-18T00:15:37.439+0000] {dag.py:3441} INFO - Setting next_dagrun for tutorial_dag to None, run_after=None
[2023-03-18T00:15:37.473+0000] {processor.py:175} INFO - Processing /home/airflow/.local/lib/python3.7/site-packages/airflow/example_dags/tutorial_dag.py took 0.158 seconds
[2023-03-18T00:16:07.889+0000] {processor.py:153} INFO - Started process (PID=10760) to work on /home/airflow/.local/lib/python3.7/site-packages/airflow/example_dags/tutorial_dag.py
[2023-03-18T00:16:07.891+0000] {processor.py:743} INFO - Processing file /home/airflow/.local/lib/python3.7/site-packages/airflow/example_dags/tutorial_dag.py for tasks to queue
[2023-03-18T00:16:07.893+0000] {logging_mixin.py:137} INFO - [2023-03-18T00:16:07.892+0000] {dagbag.py:538} INFO - Filling up the DagBag from /home/airflow/.local/lib/python3.7/site-packages/airflow/example_dags/tutorial_dag.py
[2023-03-18T00:16:07.918+0000] {processor.py:753} INFO - DAG(s) dict_keys(['tutorial_dag']) retrieved from /home/airflow/.local/lib/python3.7/site-packages/airflow/example_dags/tutorial_dag.py
[2023-03-18T00:16:07.963+0000] {logging_mixin.py:137} INFO - [2023-03-18T00:16:07.963+0000] {dag.py:2690} INFO - Sync 1 DAGs
[2023-03-18T00:16:08.010+0000] {logging_mixin.py:137} INFO - [2023-03-18T00:16:08.010+0000] {dag.py:3441} INFO - Setting next_dagrun for tutorial_dag to None, run_after=None
[2023-03-18T00:16:08.046+0000] {processor.py:175} INFO - Processing /home/airflow/.local/lib/python3.7/site-packages/airflow/example_dags/tutorial_dag.py took 0.163 seconds
