[2023-03-18T00:00:13.689+0000] {processor.py:153} INFO - Started process (PID=8096) to work on /home/airflow/.local/lib/python3.7/site-packages/airflow/example_dags/tutorial_taskflow_api.py
[2023-03-18T00:00:13.690+0000] {processor.py:743} INFO - Processing file /home/airflow/.local/lib/python3.7/site-packages/airflow/example_dags/tutorial_taskflow_api.py for tasks to queue
[2023-03-18T00:00:13.691+0000] {logging_mixin.py:137} INFO - [2023-03-18T00:00:13.691+0000] {dagbag.py:538} INFO - Filling up the DagBag from /home/airflow/.local/lib/python3.7/site-packages/airflow/example_dags/tutorial_taskflow_api.py
[2023-03-18T00:00:13.715+0000] {processor.py:753} INFO - DAG(s) dict_keys(['tutorial_taskflow_api']) retrieved from /home/airflow/.local/lib/python3.7/site-packages/airflow/example_dags/tutorial_taskflow_api.py
[2023-03-18T00:00:13.742+0000] {logging_mixin.py:137} INFO - [2023-03-18T00:00:13.742+0000] {dag.py:2690} INFO - Sync 1 DAGs
[2023-03-18T00:00:13.775+0000] {logging_mixin.py:137} INFO - [2023-03-18T00:00:13.775+0000] {dag.py:3441} INFO - Setting next_dagrun for tutorial_taskflow_api to None, run_after=None
[2023-03-18T00:00:13.800+0000] {processor.py:175} INFO - Processing /home/airflow/.local/lib/python3.7/site-packages/airflow/example_dags/tutorial_taskflow_api.py took 0.115 seconds
[2023-03-18T00:00:44.787+0000] {processor.py:153} INFO - Started process (PID=8178) to work on /home/airflow/.local/lib/python3.7/site-packages/airflow/example_dags/tutorial_taskflow_api.py
[2023-03-18T00:00:44.788+0000] {processor.py:743} INFO - Processing file /home/airflow/.local/lib/python3.7/site-packages/airflow/example_dags/tutorial_taskflow_api.py for tasks to queue
[2023-03-18T00:00:44.789+0000] {logging_mixin.py:137} INFO - [2023-03-18T00:00:44.789+0000] {dagbag.py:538} INFO - Filling up the DagBag from /home/airflow/.local/lib/python3.7/site-packages/airflow/example_dags/tutorial_taskflow_api.py
[2023-03-18T00:00:44.815+0000] {processor.py:753} INFO - DAG(s) dict_keys(['tutorial_taskflow_api']) retrieved from /home/airflow/.local/lib/python3.7/site-packages/airflow/example_dags/tutorial_taskflow_api.py
[2023-03-18T00:00:44.847+0000] {logging_mixin.py:137} INFO - [2023-03-18T00:00:44.847+0000] {dag.py:2690} INFO - Sync 1 DAGs
[2023-03-18T00:00:44.876+0000] {logging_mixin.py:137} INFO - [2023-03-18T00:00:44.876+0000] {dag.py:3441} INFO - Setting next_dagrun for tutorial_taskflow_api to None, run_after=None
[2023-03-18T00:00:44.898+0000] {processor.py:175} INFO - Processing /home/airflow/.local/lib/python3.7/site-packages/airflow/example_dags/tutorial_taskflow_api.py took 0.115 seconds
[2023-03-18T00:01:15.482+0000] {processor.py:153} INFO - Started process (PID=8260) to work on /home/airflow/.local/lib/python3.7/site-packages/airflow/example_dags/tutorial_taskflow_api.py
[2023-03-18T00:01:15.485+0000] {processor.py:743} INFO - Processing file /home/airflow/.local/lib/python3.7/site-packages/airflow/example_dags/tutorial_taskflow_api.py for tasks to queue
[2023-03-18T00:01:15.487+0000] {logging_mixin.py:137} INFO - [2023-03-18T00:01:15.486+0000] {dagbag.py:538} INFO - Filling up the DagBag from /home/airflow/.local/lib/python3.7/site-packages/airflow/example_dags/tutorial_taskflow_api.py
[2023-03-18T00:01:15.533+0000] {processor.py:753} INFO - DAG(s) dict_keys(['tutorial_taskflow_api']) retrieved from /home/airflow/.local/lib/python3.7/site-packages/airflow/example_dags/tutorial_taskflow_api.py
[2023-03-18T00:01:15.593+0000] {logging_mixin.py:137} INFO - [2023-03-18T00:01:15.593+0000] {dag.py:2690} INFO - Sync 1 DAGs
[2023-03-18T00:01:15.670+0000] {logging_mixin.py:137} INFO - [2023-03-18T00:01:15.669+0000] {dag.py:3441} INFO - Setting next_dagrun for tutorial_taskflow_api to None, run_after=None
[2023-03-18T00:01:15.723+0000] {processor.py:175} INFO - Processing /home/airflow/.local/lib/python3.7/site-packages/airflow/example_dags/tutorial_taskflow_api.py took 0.249 seconds
[2023-03-18T00:01:45.974+0000] {processor.py:153} INFO - Started process (PID=8342) to work on /home/airflow/.local/lib/python3.7/site-packages/airflow/example_dags/tutorial_taskflow_api.py
[2023-03-18T00:01:45.976+0000] {processor.py:743} INFO - Processing file /home/airflow/.local/lib/python3.7/site-packages/airflow/example_dags/tutorial_taskflow_api.py for tasks to queue
[2023-03-18T00:01:45.978+0000] {logging_mixin.py:137} INFO - [2023-03-18T00:01:45.977+0000] {dagbag.py:538} INFO - Filling up the DagBag from /home/airflow/.local/lib/python3.7/site-packages/airflow/example_dags/tutorial_taskflow_api.py
[2023-03-18T00:01:46.026+0000] {processor.py:753} INFO - DAG(s) dict_keys(['tutorial_taskflow_api']) retrieved from /home/airflow/.local/lib/python3.7/site-packages/airflow/example_dags/tutorial_taskflow_api.py
[2023-03-18T00:01:46.073+0000] {logging_mixin.py:137} INFO - [2023-03-18T00:01:46.073+0000] {dag.py:2690} INFO - Sync 1 DAGs
[2023-03-18T00:01:46.127+0000] {logging_mixin.py:137} INFO - [2023-03-18T00:01:46.126+0000] {dag.py:3441} INFO - Setting next_dagrun for tutorial_taskflow_api to None, run_after=None
[2023-03-18T00:01:46.174+0000] {processor.py:175} INFO - Processing /home/airflow/.local/lib/python3.7/site-packages/airflow/example_dags/tutorial_taskflow_api.py took 0.206 seconds
[2023-03-18T00:02:16.628+0000] {processor.py:153} INFO - Started process (PID=8424) to work on /home/airflow/.local/lib/python3.7/site-packages/airflow/example_dags/tutorial_taskflow_api.py
[2023-03-18T00:02:16.630+0000] {processor.py:743} INFO - Processing file /home/airflow/.local/lib/python3.7/site-packages/airflow/example_dags/tutorial_taskflow_api.py for tasks to queue
[2023-03-18T00:02:16.633+0000] {logging_mixin.py:137} INFO - [2023-03-18T00:02:16.632+0000] {dagbag.py:538} INFO - Filling up the DagBag from /home/airflow/.local/lib/python3.7/site-packages/airflow/example_dags/tutorial_taskflow_api.py
[2023-03-18T00:02:16.672+0000] {processor.py:753} INFO - DAG(s) dict_keys(['tutorial_taskflow_api']) retrieved from /home/airflow/.local/lib/python3.7/site-packages/airflow/example_dags/tutorial_taskflow_api.py
[2023-03-18T00:02:16.725+0000] {logging_mixin.py:137} INFO - [2023-03-18T00:02:16.724+0000] {dag.py:2690} INFO - Sync 1 DAGs
[2023-03-18T00:02:16.796+0000] {logging_mixin.py:137} INFO - [2023-03-18T00:02:16.795+0000] {dag.py:3441} INFO - Setting next_dagrun for tutorial_taskflow_api to None, run_after=None
[2023-03-18T00:02:16.835+0000] {processor.py:175} INFO - Processing /home/airflow/.local/lib/python3.7/site-packages/airflow/example_dags/tutorial_taskflow_api.py took 0.213 seconds
[2023-03-18T00:02:47.073+0000] {processor.py:153} INFO - Started process (PID=8506) to work on /home/airflow/.local/lib/python3.7/site-packages/airflow/example_dags/tutorial_taskflow_api.py
[2023-03-18T00:02:47.077+0000] {processor.py:743} INFO - Processing file /home/airflow/.local/lib/python3.7/site-packages/airflow/example_dags/tutorial_taskflow_api.py for tasks to queue
[2023-03-18T00:02:47.080+0000] {logging_mixin.py:137} INFO - [2023-03-18T00:02:47.080+0000] {dagbag.py:538} INFO - Filling up the DagBag from /home/airflow/.local/lib/python3.7/site-packages/airflow/example_dags/tutorial_taskflow_api.py
[2023-03-18T00:02:47.138+0000] {processor.py:753} INFO - DAG(s) dict_keys(['tutorial_taskflow_api']) retrieved from /home/airflow/.local/lib/python3.7/site-packages/airflow/example_dags/tutorial_taskflow_api.py
[2023-03-18T00:02:47.233+0000] {logging_mixin.py:137} INFO - [2023-03-18T00:02:47.233+0000] {dag.py:2690} INFO - Sync 1 DAGs
[2023-03-18T00:02:47.295+0000] {logging_mixin.py:137} INFO - [2023-03-18T00:02:47.295+0000] {dag.py:3441} INFO - Setting next_dagrun for tutorial_taskflow_api to None, run_after=None
[2023-03-18T00:02:47.346+0000] {processor.py:175} INFO - Processing /home/airflow/.local/lib/python3.7/site-packages/airflow/example_dags/tutorial_taskflow_api.py took 0.288 seconds
[2023-03-18T00:03:17.496+0000] {processor.py:153} INFO - Started process (PID=8588) to work on /home/airflow/.local/lib/python3.7/site-packages/airflow/example_dags/tutorial_taskflow_api.py
[2023-03-18T00:03:17.498+0000] {processor.py:743} INFO - Processing file /home/airflow/.local/lib/python3.7/site-packages/airflow/example_dags/tutorial_taskflow_api.py for tasks to queue
[2023-03-18T00:03:17.499+0000] {logging_mixin.py:137} INFO - [2023-03-18T00:03:17.499+0000] {dagbag.py:538} INFO - Filling up the DagBag from /home/airflow/.local/lib/python3.7/site-packages/airflow/example_dags/tutorial_taskflow_api.py
[2023-03-18T00:03:17.522+0000] {processor.py:753} INFO - DAG(s) dict_keys(['tutorial_taskflow_api']) retrieved from /home/airflow/.local/lib/python3.7/site-packages/airflow/example_dags/tutorial_taskflow_api.py
[2023-03-18T00:03:17.551+0000] {logging_mixin.py:137} INFO - [2023-03-18T00:03:17.550+0000] {dag.py:2690} INFO - Sync 1 DAGs
[2023-03-18T00:03:17.581+0000] {logging_mixin.py:137} INFO - [2023-03-18T00:03:17.581+0000] {dag.py:3441} INFO - Setting next_dagrun for tutorial_taskflow_api to None, run_after=None
[2023-03-18T00:03:17.607+0000] {processor.py:175} INFO - Processing /home/airflow/.local/lib/python3.7/site-packages/airflow/example_dags/tutorial_taskflow_api.py took 0.115 seconds
[2023-03-18T00:03:48.321+0000] {processor.py:153} INFO - Started process (PID=8670) to work on /home/airflow/.local/lib/python3.7/site-packages/airflow/example_dags/tutorial_taskflow_api.py
[2023-03-18T00:03:48.323+0000] {processor.py:743} INFO - Processing file /home/airflow/.local/lib/python3.7/site-packages/airflow/example_dags/tutorial_taskflow_api.py for tasks to queue
[2023-03-18T00:03:48.325+0000] {logging_mixin.py:137} INFO - [2023-03-18T00:03:48.325+0000] {dagbag.py:538} INFO - Filling up the DagBag from /home/airflow/.local/lib/python3.7/site-packages/airflow/example_dags/tutorial_taskflow_api.py
[2023-03-18T00:03:48.365+0000] {processor.py:753} INFO - DAG(s) dict_keys(['tutorial_taskflow_api']) retrieved from /home/airflow/.local/lib/python3.7/site-packages/airflow/example_dags/tutorial_taskflow_api.py
[2023-03-18T00:03:48.412+0000] {logging_mixin.py:137} INFO - [2023-03-18T00:03:48.412+0000] {dag.py:2690} INFO - Sync 1 DAGs
[2023-03-18T00:03:48.460+0000] {logging_mixin.py:137} INFO - [2023-03-18T00:03:48.459+0000] {dag.py:3441} INFO - Setting next_dagrun for tutorial_taskflow_api to None, run_after=None
[2023-03-18T00:03:48.497+0000] {processor.py:175} INFO - Processing /home/airflow/.local/lib/python3.7/site-packages/airflow/example_dags/tutorial_taskflow_api.py took 0.182 seconds
[2023-03-18T00:04:18.630+0000] {processor.py:153} INFO - Started process (PID=8752) to work on /home/airflow/.local/lib/python3.7/site-packages/airflow/example_dags/tutorial_taskflow_api.py
[2023-03-18T00:04:18.632+0000] {processor.py:743} INFO - Processing file /home/airflow/.local/lib/python3.7/site-packages/airflow/example_dags/tutorial_taskflow_api.py for tasks to queue
[2023-03-18T00:04:18.633+0000] {logging_mixin.py:137} INFO - [2023-03-18T00:04:18.633+0000] {dagbag.py:538} INFO - Filling up the DagBag from /home/airflow/.local/lib/python3.7/site-packages/airflow/example_dags/tutorial_taskflow_api.py
[2023-03-18T00:04:18.658+0000] {processor.py:753} INFO - DAG(s) dict_keys(['tutorial_taskflow_api']) retrieved from /home/airflow/.local/lib/python3.7/site-packages/airflow/example_dags/tutorial_taskflow_api.py
[2023-03-18T00:04:18.701+0000] {logging_mixin.py:137} INFO - [2023-03-18T00:04:18.700+0000] {dag.py:2690} INFO - Sync 1 DAGs
[2023-03-18T00:04:18.731+0000] {logging_mixin.py:137} INFO - [2023-03-18T00:04:18.731+0000] {dag.py:3441} INFO - Setting next_dagrun for tutorial_taskflow_api to None, run_after=None
[2023-03-18T00:04:18.761+0000] {processor.py:175} INFO - Processing /home/airflow/.local/lib/python3.7/site-packages/airflow/example_dags/tutorial_taskflow_api.py took 0.134 seconds
[2023-03-18T00:04:49.675+0000] {processor.py:153} INFO - Started process (PID=8855) to work on /home/airflow/.local/lib/python3.7/site-packages/airflow/example_dags/tutorial_taskflow_api.py
[2023-03-18T00:04:49.677+0000] {processor.py:743} INFO - Processing file /home/airflow/.local/lib/python3.7/site-packages/airflow/example_dags/tutorial_taskflow_api.py for tasks to queue
[2023-03-18T00:04:49.678+0000] {logging_mixin.py:137} INFO - [2023-03-18T00:04:49.678+0000] {dagbag.py:538} INFO - Filling up the DagBag from /home/airflow/.local/lib/python3.7/site-packages/airflow/example_dags/tutorial_taskflow_api.py
[2023-03-18T00:04:49.703+0000] {processor.py:753} INFO - DAG(s) dict_keys(['tutorial_taskflow_api']) retrieved from /home/airflow/.local/lib/python3.7/site-packages/airflow/example_dags/tutorial_taskflow_api.py
[2023-03-18T00:04:49.735+0000] {logging_mixin.py:137} INFO - [2023-03-18T00:04:49.735+0000] {dag.py:2690} INFO - Sync 1 DAGs
[2023-03-18T00:04:49.769+0000] {logging_mixin.py:137} INFO - [2023-03-18T00:04:49.768+0000] {dag.py:3441} INFO - Setting next_dagrun for tutorial_taskflow_api to None, run_after=None
[2023-03-18T00:04:49.798+0000] {processor.py:175} INFO - Processing /home/airflow/.local/lib/python3.7/site-packages/airflow/example_dags/tutorial_taskflow_api.py took 0.127 seconds
[2023-03-18T00:05:20.639+0000] {processor.py:153} INFO - Started process (PID=8937) to work on /home/airflow/.local/lib/python3.7/site-packages/airflow/example_dags/tutorial_taskflow_api.py
[2023-03-18T00:05:20.641+0000] {processor.py:743} INFO - Processing file /home/airflow/.local/lib/python3.7/site-packages/airflow/example_dags/tutorial_taskflow_api.py for tasks to queue
[2023-03-18T00:05:20.642+0000] {logging_mixin.py:137} INFO - [2023-03-18T00:05:20.642+0000] {dagbag.py:538} INFO - Filling up the DagBag from /home/airflow/.local/lib/python3.7/site-packages/airflow/example_dags/tutorial_taskflow_api.py
[2023-03-18T00:05:20.669+0000] {processor.py:753} INFO - DAG(s) dict_keys(['tutorial_taskflow_api']) retrieved from /home/airflow/.local/lib/python3.7/site-packages/airflow/example_dags/tutorial_taskflow_api.py
[2023-03-18T00:05:20.702+0000] {logging_mixin.py:137} INFO - [2023-03-18T00:05:20.701+0000] {dag.py:2690} INFO - Sync 1 DAGs
[2023-03-18T00:05:20.738+0000] {logging_mixin.py:137} INFO - [2023-03-18T00:05:20.737+0000] {dag.py:3441} INFO - Setting next_dagrun for tutorial_taskflow_api to None, run_after=None
[2023-03-18T00:05:20.763+0000] {processor.py:175} INFO - Processing /home/airflow/.local/lib/python3.7/site-packages/airflow/example_dags/tutorial_taskflow_api.py took 0.128 seconds
[2023-03-18T00:05:51.529+0000] {processor.py:153} INFO - Started process (PID=9019) to work on /home/airflow/.local/lib/python3.7/site-packages/airflow/example_dags/tutorial_taskflow_api.py
[2023-03-18T00:05:51.531+0000] {processor.py:743} INFO - Processing file /home/airflow/.local/lib/python3.7/site-packages/airflow/example_dags/tutorial_taskflow_api.py for tasks to queue
[2023-03-18T00:05:51.532+0000] {logging_mixin.py:137} INFO - [2023-03-18T00:05:51.531+0000] {dagbag.py:538} INFO - Filling up the DagBag from /home/airflow/.local/lib/python3.7/site-packages/airflow/example_dags/tutorial_taskflow_api.py
[2023-03-18T00:05:51.553+0000] {processor.py:753} INFO - DAG(s) dict_keys(['tutorial_taskflow_api']) retrieved from /home/airflow/.local/lib/python3.7/site-packages/airflow/example_dags/tutorial_taskflow_api.py
[2023-03-18T00:05:51.580+0000] {logging_mixin.py:137} INFO - [2023-03-18T00:05:51.579+0000] {dag.py:2690} INFO - Sync 1 DAGs
[2023-03-18T00:05:51.607+0000] {logging_mixin.py:137} INFO - [2023-03-18T00:05:51.607+0000] {dag.py:3441} INFO - Setting next_dagrun for tutorial_taskflow_api to None, run_after=None
[2023-03-18T00:05:51.630+0000] {processor.py:175} INFO - Processing /home/airflow/.local/lib/python3.7/site-packages/airflow/example_dags/tutorial_taskflow_api.py took 0.104 seconds
[2023-03-18T00:06:23.090+0000] {processor.py:153} INFO - Started process (PID=9121) to work on /home/airflow/.local/lib/python3.7/site-packages/airflow/example_dags/tutorial_taskflow_api.py
[2023-03-18T00:06:23.092+0000] {processor.py:743} INFO - Processing file /home/airflow/.local/lib/python3.7/site-packages/airflow/example_dags/tutorial_taskflow_api.py for tasks to queue
[2023-03-18T00:06:23.094+0000] {logging_mixin.py:137} INFO - [2023-03-18T00:06:23.094+0000] {dagbag.py:538} INFO - Filling up the DagBag from /home/airflow/.local/lib/python3.7/site-packages/airflow/example_dags/tutorial_taskflow_api.py
[2023-03-18T00:06:23.149+0000] {processor.py:753} INFO - DAG(s) dict_keys(['tutorial_taskflow_api']) retrieved from /home/airflow/.local/lib/python3.7/site-packages/airflow/example_dags/tutorial_taskflow_api.py
[2023-03-18T00:06:23.219+0000] {logging_mixin.py:137} INFO - [2023-03-18T00:06:23.219+0000] {dag.py:2690} INFO - Sync 1 DAGs
[2023-03-18T00:06:23.274+0000] {logging_mixin.py:137} INFO - [2023-03-18T00:06:23.274+0000] {dag.py:3441} INFO - Setting next_dagrun for tutorial_taskflow_api to None, run_after=None
[2023-03-18T00:06:23.326+0000] {processor.py:175} INFO - Processing /home/airflow/.local/lib/python3.7/site-packages/airflow/example_dags/tutorial_taskflow_api.py took 0.242 seconds
[2023-03-18T00:06:53.378+0000] {processor.py:153} INFO - Started process (PID=9203) to work on /home/airflow/.local/lib/python3.7/site-packages/airflow/example_dags/tutorial_taskflow_api.py
[2023-03-18T00:06:53.379+0000] {processor.py:743} INFO - Processing file /home/airflow/.local/lib/python3.7/site-packages/airflow/example_dags/tutorial_taskflow_api.py for tasks to queue
[2023-03-18T00:06:53.380+0000] {logging_mixin.py:137} INFO - [2023-03-18T00:06:53.380+0000] {dagbag.py:538} INFO - Filling up the DagBag from /home/airflow/.local/lib/python3.7/site-packages/airflow/example_dags/tutorial_taskflow_api.py
[2023-03-18T00:06:53.402+0000] {processor.py:753} INFO - DAG(s) dict_keys(['tutorial_taskflow_api']) retrieved from /home/airflow/.local/lib/python3.7/site-packages/airflow/example_dags/tutorial_taskflow_api.py
[2023-03-18T00:06:53.430+0000] {logging_mixin.py:137} INFO - [2023-03-18T00:06:53.430+0000] {dag.py:2690} INFO - Sync 1 DAGs
[2023-03-18T00:06:53.456+0000] {logging_mixin.py:137} INFO - [2023-03-18T00:06:53.456+0000] {dag.py:3441} INFO - Setting next_dagrun for tutorial_taskflow_api to None, run_after=None
[2023-03-18T00:06:53.477+0000] {processor.py:175} INFO - Processing /home/airflow/.local/lib/python3.7/site-packages/airflow/example_dags/tutorial_taskflow_api.py took 0.103 seconds
[2023-03-18T00:07:24.246+0000] {processor.py:153} INFO - Started process (PID=9286) to work on /home/airflow/.local/lib/python3.7/site-packages/airflow/example_dags/tutorial_taskflow_api.py
[2023-03-18T00:07:24.248+0000] {processor.py:743} INFO - Processing file /home/airflow/.local/lib/python3.7/site-packages/airflow/example_dags/tutorial_taskflow_api.py for tasks to queue
[2023-03-18T00:07:24.250+0000] {logging_mixin.py:137} INFO - [2023-03-18T00:07:24.250+0000] {dagbag.py:538} INFO - Filling up the DagBag from /home/airflow/.local/lib/python3.7/site-packages/airflow/example_dags/tutorial_taskflow_api.py
[2023-03-18T00:07:24.290+0000] {processor.py:753} INFO - DAG(s) dict_keys(['tutorial_taskflow_api']) retrieved from /home/airflow/.local/lib/python3.7/site-packages/airflow/example_dags/tutorial_taskflow_api.py
[2023-03-18T00:07:24.329+0000] {logging_mixin.py:137} INFO - [2023-03-18T00:07:24.329+0000] {dag.py:2690} INFO - Sync 1 DAGs
[2023-03-18T00:07:24.363+0000] {logging_mixin.py:137} INFO - [2023-03-18T00:07:24.363+0000] {dag.py:3441} INFO - Setting next_dagrun for tutorial_taskflow_api to None, run_after=None
[2023-03-18T00:07:24.388+0000] {processor.py:175} INFO - Processing /home/airflow/.local/lib/python3.7/site-packages/airflow/example_dags/tutorial_taskflow_api.py took 0.151 seconds
[2023-03-18T00:07:54.605+0000] {processor.py:153} INFO - Started process (PID=9369) to work on /home/airflow/.local/lib/python3.7/site-packages/airflow/example_dags/tutorial_taskflow_api.py
[2023-03-18T00:07:54.606+0000] {processor.py:743} INFO - Processing file /home/airflow/.local/lib/python3.7/site-packages/airflow/example_dags/tutorial_taskflow_api.py for tasks to queue
[2023-03-18T00:07:54.607+0000] {logging_mixin.py:137} INFO - [2023-03-18T00:07:54.607+0000] {dagbag.py:538} INFO - Filling up the DagBag from /home/airflow/.local/lib/python3.7/site-packages/airflow/example_dags/tutorial_taskflow_api.py
[2023-03-18T00:07:54.635+0000] {processor.py:753} INFO - DAG(s) dict_keys(['tutorial_taskflow_api']) retrieved from /home/airflow/.local/lib/python3.7/site-packages/airflow/example_dags/tutorial_taskflow_api.py
[2023-03-18T00:07:54.664+0000] {logging_mixin.py:137} INFO - [2023-03-18T00:07:54.664+0000] {dag.py:2690} INFO - Sync 1 DAGs
[2023-03-18T00:07:54.696+0000] {logging_mixin.py:137} INFO - [2023-03-18T00:07:54.696+0000] {dag.py:3441} INFO - Setting next_dagrun for tutorial_taskflow_api to None, run_after=None
[2023-03-18T00:07:54.726+0000] {processor.py:175} INFO - Processing /home/airflow/.local/lib/python3.7/site-packages/airflow/example_dags/tutorial_taskflow_api.py took 0.125 seconds
[2023-03-18T00:08:25.542+0000] {processor.py:153} INFO - Started process (PID=9451) to work on /home/airflow/.local/lib/python3.7/site-packages/airflow/example_dags/tutorial_taskflow_api.py
[2023-03-18T00:08:25.544+0000] {processor.py:743} INFO - Processing file /home/airflow/.local/lib/python3.7/site-packages/airflow/example_dags/tutorial_taskflow_api.py for tasks to queue
[2023-03-18T00:08:25.545+0000] {logging_mixin.py:137} INFO - [2023-03-18T00:08:25.545+0000] {dagbag.py:538} INFO - Filling up the DagBag from /home/airflow/.local/lib/python3.7/site-packages/airflow/example_dags/tutorial_taskflow_api.py
[2023-03-18T00:08:25.580+0000] {processor.py:753} INFO - DAG(s) dict_keys(['tutorial_taskflow_api']) retrieved from /home/airflow/.local/lib/python3.7/site-packages/airflow/example_dags/tutorial_taskflow_api.py
[2023-03-18T00:08:25.626+0000] {logging_mixin.py:137} INFO - [2023-03-18T00:08:25.625+0000] {dag.py:2690} INFO - Sync 1 DAGs
[2023-03-18T00:08:25.664+0000] {logging_mixin.py:137} INFO - [2023-03-18T00:08:25.663+0000] {dag.py:3441} INFO - Setting next_dagrun for tutorial_taskflow_api to None, run_after=None
[2023-03-18T00:08:25.691+0000] {processor.py:175} INFO - Processing /home/airflow/.local/lib/python3.7/site-packages/airflow/example_dags/tutorial_taskflow_api.py took 0.154 seconds
[2023-03-18T00:08:56.936+0000] {processor.py:153} INFO - Started process (PID=9553) to work on /home/airflow/.local/lib/python3.7/site-packages/airflow/example_dags/tutorial_taskflow_api.py
[2023-03-18T00:08:56.939+0000] {processor.py:743} INFO - Processing file /home/airflow/.local/lib/python3.7/site-packages/airflow/example_dags/tutorial_taskflow_api.py for tasks to queue
[2023-03-18T00:08:56.940+0000] {logging_mixin.py:137} INFO - [2023-03-18T00:08:56.940+0000] {dagbag.py:538} INFO - Filling up the DagBag from /home/airflow/.local/lib/python3.7/site-packages/airflow/example_dags/tutorial_taskflow_api.py
[2023-03-18T00:08:56.995+0000] {processor.py:753} INFO - DAG(s) dict_keys(['tutorial_taskflow_api']) retrieved from /home/airflow/.local/lib/python3.7/site-packages/airflow/example_dags/tutorial_taskflow_api.py
[2023-03-18T00:08:57.038+0000] {logging_mixin.py:137} INFO - [2023-03-18T00:08:57.038+0000] {dag.py:2690} INFO - Sync 1 DAGs
[2023-03-18T00:08:57.111+0000] {logging_mixin.py:137} INFO - [2023-03-18T00:08:57.110+0000] {dag.py:3441} INFO - Setting next_dagrun for tutorial_taskflow_api to None, run_after=None
[2023-03-18T00:08:57.165+0000] {processor.py:175} INFO - Processing /home/airflow/.local/lib/python3.7/site-packages/airflow/example_dags/tutorial_taskflow_api.py took 0.236 seconds
[2023-03-18T00:09:27.478+0000] {processor.py:153} INFO - Started process (PID=9635) to work on /home/airflow/.local/lib/python3.7/site-packages/airflow/example_dags/tutorial_taskflow_api.py
[2023-03-18T00:09:27.482+0000] {processor.py:743} INFO - Processing file /home/airflow/.local/lib/python3.7/site-packages/airflow/example_dags/tutorial_taskflow_api.py for tasks to queue
[2023-03-18T00:09:27.487+0000] {logging_mixin.py:137} INFO - [2023-03-18T00:09:27.487+0000] {dagbag.py:538} INFO - Filling up the DagBag from /home/airflow/.local/lib/python3.7/site-packages/airflow/example_dags/tutorial_taskflow_api.py
[2023-03-18T00:09:27.589+0000] {processor.py:753} INFO - DAG(s) dict_keys(['tutorial_taskflow_api']) retrieved from /home/airflow/.local/lib/python3.7/site-packages/airflow/example_dags/tutorial_taskflow_api.py
[2023-03-18T00:09:27.704+0000] {logging_mixin.py:137} INFO - [2023-03-18T00:09:27.704+0000] {dag.py:2690} INFO - Sync 1 DAGs
[2023-03-18T00:09:27.772+0000] {logging_mixin.py:137} INFO - [2023-03-18T00:09:27.772+0000] {dag.py:3441} INFO - Setting next_dagrun for tutorial_taskflow_api to None, run_after=None
[2023-03-18T00:09:27.800+0000] {processor.py:175} INFO - Processing /home/airflow/.local/lib/python3.7/site-packages/airflow/example_dags/tutorial_taskflow_api.py took 0.338 seconds
[2023-03-18T00:09:57.976+0000] {processor.py:153} INFO - Started process (PID=9717) to work on /home/airflow/.local/lib/python3.7/site-packages/airflow/example_dags/tutorial_taskflow_api.py
[2023-03-18T00:09:57.977+0000] {processor.py:743} INFO - Processing file /home/airflow/.local/lib/python3.7/site-packages/airflow/example_dags/tutorial_taskflow_api.py for tasks to queue
[2023-03-18T00:09:57.978+0000] {logging_mixin.py:137} INFO - [2023-03-18T00:09:57.978+0000] {dagbag.py:538} INFO - Filling up the DagBag from /home/airflow/.local/lib/python3.7/site-packages/airflow/example_dags/tutorial_taskflow_api.py
[2023-03-18T00:09:57.995+0000] {processor.py:753} INFO - DAG(s) dict_keys(['tutorial_taskflow_api']) retrieved from /home/airflow/.local/lib/python3.7/site-packages/airflow/example_dags/tutorial_taskflow_api.py
[2023-03-18T00:09:58.018+0000] {logging_mixin.py:137} INFO - [2023-03-18T00:09:58.018+0000] {dag.py:2690} INFO - Sync 1 DAGs
[2023-03-18T00:09:58.041+0000] {logging_mixin.py:137} INFO - [2023-03-18T00:09:58.041+0000] {dag.py:3441} INFO - Setting next_dagrun for tutorial_taskflow_api to None, run_after=None
[2023-03-18T00:09:58.060+0000] {processor.py:175} INFO - Processing /home/airflow/.local/lib/python3.7/site-packages/airflow/example_dags/tutorial_taskflow_api.py took 0.088 seconds
[2023-03-18T00:10:28.293+0000] {processor.py:153} INFO - Started process (PID=9799) to work on /home/airflow/.local/lib/python3.7/site-packages/airflow/example_dags/tutorial_taskflow_api.py
[2023-03-18T00:10:28.295+0000] {processor.py:743} INFO - Processing file /home/airflow/.local/lib/python3.7/site-packages/airflow/example_dags/tutorial_taskflow_api.py for tasks to queue
[2023-03-18T00:10:28.297+0000] {logging_mixin.py:137} INFO - [2023-03-18T00:10:28.296+0000] {dagbag.py:538} INFO - Filling up the DagBag from /home/airflow/.local/lib/python3.7/site-packages/airflow/example_dags/tutorial_taskflow_api.py
[2023-03-18T00:10:28.332+0000] {processor.py:753} INFO - DAG(s) dict_keys(['tutorial_taskflow_api']) retrieved from /home/airflow/.local/lib/python3.7/site-packages/airflow/example_dags/tutorial_taskflow_api.py
[2023-03-18T00:10:28.375+0000] {logging_mixin.py:137} INFO - [2023-03-18T00:10:28.374+0000] {dag.py:2690} INFO - Sync 1 DAGs
[2023-03-18T00:10:28.412+0000] {logging_mixin.py:137} INFO - [2023-03-18T00:10:28.412+0000] {dag.py:3441} INFO - Setting next_dagrun for tutorial_taskflow_api to None, run_after=None
[2023-03-18T00:10:28.441+0000] {processor.py:175} INFO - Processing /home/airflow/.local/lib/python3.7/site-packages/airflow/example_dags/tutorial_taskflow_api.py took 0.153 seconds
[2023-03-18T00:10:59.610+0000] {processor.py:153} INFO - Started process (PID=9890) to work on /home/airflow/.local/lib/python3.7/site-packages/airflow/example_dags/tutorial_taskflow_api.py
[2023-03-18T00:10:59.611+0000] {processor.py:743} INFO - Processing file /home/airflow/.local/lib/python3.7/site-packages/airflow/example_dags/tutorial_taskflow_api.py for tasks to queue
[2023-03-18T00:10:59.612+0000] {logging_mixin.py:137} INFO - [2023-03-18T00:10:59.612+0000] {dagbag.py:538} INFO - Filling up the DagBag from /home/airflow/.local/lib/python3.7/site-packages/airflow/example_dags/tutorial_taskflow_api.py
[2023-03-18T00:10:59.669+0000] {processor.py:753} INFO - DAG(s) dict_keys(['tutorial_taskflow_api']) retrieved from /home/airflow/.local/lib/python3.7/site-packages/airflow/example_dags/tutorial_taskflow_api.py
[2023-03-18T00:10:59.711+0000] {logging_mixin.py:137} INFO - [2023-03-18T00:10:59.711+0000] {dag.py:2690} INFO - Sync 1 DAGs
[2023-03-18T00:10:59.762+0000] {logging_mixin.py:137} INFO - [2023-03-18T00:10:59.762+0000] {dag.py:3441} INFO - Setting next_dagrun for tutorial_taskflow_api to None, run_after=None
[2023-03-18T00:10:59.804+0000] {processor.py:175} INFO - Processing /home/airflow/.local/lib/python3.7/site-packages/airflow/example_dags/tutorial_taskflow_api.py took 0.201 seconds
[2023-03-18T00:11:30.794+0000] {processor.py:153} INFO - Started process (PID=9984) to work on /home/airflow/.local/lib/python3.7/site-packages/airflow/example_dags/tutorial_taskflow_api.py
[2023-03-18T00:11:30.796+0000] {processor.py:743} INFO - Processing file /home/airflow/.local/lib/python3.7/site-packages/airflow/example_dags/tutorial_taskflow_api.py for tasks to queue
[2023-03-18T00:11:30.798+0000] {logging_mixin.py:137} INFO - [2023-03-18T00:11:30.798+0000] {dagbag.py:538} INFO - Filling up the DagBag from /home/airflow/.local/lib/python3.7/site-packages/airflow/example_dags/tutorial_taskflow_api.py
[2023-03-18T00:11:30.840+0000] {processor.py:753} INFO - DAG(s) dict_keys(['tutorial_taskflow_api']) retrieved from /home/airflow/.local/lib/python3.7/site-packages/airflow/example_dags/tutorial_taskflow_api.py
[2023-03-18T00:11:30.968+0000] {logging_mixin.py:137} INFO - [2023-03-18T00:11:30.968+0000] {dag.py:2690} INFO - Sync 1 DAGs
[2023-03-18T00:11:31.019+0000] {logging_mixin.py:137} INFO - [2023-03-18T00:11:31.019+0000] {dag.py:3441} INFO - Setting next_dagrun for tutorial_taskflow_api to None, run_after=None
[2023-03-18T00:11:31.045+0000] {processor.py:175} INFO - Processing /home/airflow/.local/lib/python3.7/site-packages/airflow/example_dags/tutorial_taskflow_api.py took 0.257 seconds
[2023-03-18T00:12:01.295+0000] {processor.py:153} INFO - Started process (PID=10066) to work on /home/airflow/.local/lib/python3.7/site-packages/airflow/example_dags/tutorial_taskflow_api.py
[2023-03-18T00:12:01.300+0000] {processor.py:743} INFO - Processing file /home/airflow/.local/lib/python3.7/site-packages/airflow/example_dags/tutorial_taskflow_api.py for tasks to queue
[2023-03-18T00:12:01.305+0000] {logging_mixin.py:137} INFO - [2023-03-18T00:12:01.304+0000] {dagbag.py:538} INFO - Filling up the DagBag from /home/airflow/.local/lib/python3.7/site-packages/airflow/example_dags/tutorial_taskflow_api.py
[2023-03-18T00:12:01.406+0000] {processor.py:753} INFO - DAG(s) dict_keys(['tutorial_taskflow_api']) retrieved from /home/airflow/.local/lib/python3.7/site-packages/airflow/example_dags/tutorial_taskflow_api.py
[2023-03-18T00:12:01.519+0000] {logging_mixin.py:137} INFO - [2023-03-18T00:12:01.518+0000] {dag.py:2690} INFO - Sync 1 DAGs
[2023-03-18T00:12:01.639+0000] {logging_mixin.py:137} INFO - [2023-03-18T00:12:01.639+0000] {dag.py:3441} INFO - Setting next_dagrun for tutorial_taskflow_api to None, run_after=None
[2023-03-18T00:12:01.749+0000] {processor.py:175} INFO - Processing /home/airflow/.local/lib/python3.7/site-packages/airflow/example_dags/tutorial_taskflow_api.py took 0.469 seconds
[2023-03-18T00:12:32.318+0000] {processor.py:153} INFO - Started process (PID=10149) to work on /home/airflow/.local/lib/python3.7/site-packages/airflow/example_dags/tutorial_taskflow_api.py
[2023-03-18T00:12:32.319+0000] {processor.py:743} INFO - Processing file /home/airflow/.local/lib/python3.7/site-packages/airflow/example_dags/tutorial_taskflow_api.py for tasks to queue
[2023-03-18T00:12:32.320+0000] {logging_mixin.py:137} INFO - [2023-03-18T00:12:32.320+0000] {dagbag.py:538} INFO - Filling up the DagBag from /home/airflow/.local/lib/python3.7/site-packages/airflow/example_dags/tutorial_taskflow_api.py
[2023-03-18T00:12:32.347+0000] {processor.py:753} INFO - DAG(s) dict_keys(['tutorial_taskflow_api']) retrieved from /home/airflow/.local/lib/python3.7/site-packages/airflow/example_dags/tutorial_taskflow_api.py
[2023-03-18T00:12:32.379+0000] {logging_mixin.py:137} INFO - [2023-03-18T00:12:32.379+0000] {dag.py:2690} INFO - Sync 1 DAGs
[2023-03-18T00:12:32.409+0000] {logging_mixin.py:137} INFO - [2023-03-18T00:12:32.409+0000] {dag.py:3441} INFO - Setting next_dagrun for tutorial_taskflow_api to None, run_after=None
[2023-03-18T00:12:32.431+0000] {processor.py:175} INFO - Processing /home/airflow/.local/lib/python3.7/site-packages/airflow/example_dags/tutorial_taskflow_api.py took 0.117 seconds
[2023-03-18T00:13:02.712+0000] {processor.py:153} INFO - Started process (PID=10231) to work on /home/airflow/.local/lib/python3.7/site-packages/airflow/example_dags/tutorial_taskflow_api.py
[2023-03-18T00:13:02.714+0000] {processor.py:743} INFO - Processing file /home/airflow/.local/lib/python3.7/site-packages/airflow/example_dags/tutorial_taskflow_api.py for tasks to queue
[2023-03-18T00:13:02.715+0000] {logging_mixin.py:137} INFO - [2023-03-18T00:13:02.715+0000] {dagbag.py:538} INFO - Filling up the DagBag from /home/airflow/.local/lib/python3.7/site-packages/airflow/example_dags/tutorial_taskflow_api.py
[2023-03-18T00:13:02.747+0000] {processor.py:753} INFO - DAG(s) dict_keys(['tutorial_taskflow_api']) retrieved from /home/airflow/.local/lib/python3.7/site-packages/airflow/example_dags/tutorial_taskflow_api.py
[2023-03-18T00:13:02.777+0000] {logging_mixin.py:137} INFO - [2023-03-18T00:13:02.776+0000] {dag.py:2690} INFO - Sync 1 DAGs
[2023-03-18T00:13:02.805+0000] {logging_mixin.py:137} INFO - [2023-03-18T00:13:02.805+0000] {dag.py:3441} INFO - Setting next_dagrun for tutorial_taskflow_api to None, run_after=None
[2023-03-18T00:13:02.826+0000] {processor.py:175} INFO - Processing /home/airflow/.local/lib/python3.7/site-packages/airflow/example_dags/tutorial_taskflow_api.py took 0.118 seconds
[2023-03-18T00:13:34.199+0000] {processor.py:153} INFO - Started process (PID=10333) to work on /home/airflow/.local/lib/python3.7/site-packages/airflow/example_dags/tutorial_taskflow_api.py
[2023-03-18T00:13:34.201+0000] {processor.py:743} INFO - Processing file /home/airflow/.local/lib/python3.7/site-packages/airflow/example_dags/tutorial_taskflow_api.py for tasks to queue
[2023-03-18T00:13:34.204+0000] {logging_mixin.py:137} INFO - [2023-03-18T00:13:34.204+0000] {dagbag.py:538} INFO - Filling up the DagBag from /home/airflow/.local/lib/python3.7/site-packages/airflow/example_dags/tutorial_taskflow_api.py
[2023-03-18T00:13:34.277+0000] {processor.py:753} INFO - DAG(s) dict_keys(['tutorial_taskflow_api']) retrieved from /home/airflow/.local/lib/python3.7/site-packages/airflow/example_dags/tutorial_taskflow_api.py
[2023-03-18T00:13:34.324+0000] {logging_mixin.py:137} INFO - [2023-03-18T00:13:34.324+0000] {dag.py:2690} INFO - Sync 1 DAGs
[2023-03-18T00:13:34.358+0000] {logging_mixin.py:137} INFO - [2023-03-18T00:13:34.358+0000] {dag.py:3441} INFO - Setting next_dagrun for tutorial_taskflow_api to None, run_after=None
[2023-03-18T00:13:34.384+0000] {processor.py:175} INFO - Processing /home/airflow/.local/lib/python3.7/site-packages/airflow/example_dags/tutorial_taskflow_api.py took 0.192 seconds
[2023-03-18T00:14:04.679+0000] {processor.py:153} INFO - Started process (PID=10415) to work on /home/airflow/.local/lib/python3.7/site-packages/airflow/example_dags/tutorial_taskflow_api.py
[2023-03-18T00:14:04.680+0000] {processor.py:743} INFO - Processing file /home/airflow/.local/lib/python3.7/site-packages/airflow/example_dags/tutorial_taskflow_api.py for tasks to queue
[2023-03-18T00:14:04.682+0000] {logging_mixin.py:137} INFO - [2023-03-18T00:14:04.682+0000] {dagbag.py:538} INFO - Filling up the DagBag from /home/airflow/.local/lib/python3.7/site-packages/airflow/example_dags/tutorial_taskflow_api.py
[2023-03-18T00:14:04.714+0000] {processor.py:753} INFO - DAG(s) dict_keys(['tutorial_taskflow_api']) retrieved from /home/airflow/.local/lib/python3.7/site-packages/airflow/example_dags/tutorial_taskflow_api.py
[2023-03-18T00:14:04.769+0000] {logging_mixin.py:137} INFO - [2023-03-18T00:14:04.769+0000] {dag.py:2690} INFO - Sync 1 DAGs
[2023-03-18T00:14:04.831+0000] {logging_mixin.py:137} INFO - [2023-03-18T00:14:04.831+0000] {dag.py:3441} INFO - Setting next_dagrun for tutorial_taskflow_api to None, run_after=None
[2023-03-18T00:14:04.870+0000] {processor.py:175} INFO - Processing /home/airflow/.local/lib/python3.7/site-packages/airflow/example_dags/tutorial_taskflow_api.py took 0.198 seconds
[2023-03-18T00:14:35.639+0000] {processor.py:153} INFO - Started process (PID=10497) to work on /home/airflow/.local/lib/python3.7/site-packages/airflow/example_dags/tutorial_taskflow_api.py
[2023-03-18T00:14:35.640+0000] {processor.py:743} INFO - Processing file /home/airflow/.local/lib/python3.7/site-packages/airflow/example_dags/tutorial_taskflow_api.py for tasks to queue
[2023-03-18T00:14:35.642+0000] {logging_mixin.py:137} INFO - [2023-03-18T00:14:35.641+0000] {dagbag.py:538} INFO - Filling up the DagBag from /home/airflow/.local/lib/python3.7/site-packages/airflow/example_dags/tutorial_taskflow_api.py
[2023-03-18T00:14:35.669+0000] {processor.py:753} INFO - DAG(s) dict_keys(['tutorial_taskflow_api']) retrieved from /home/airflow/.local/lib/python3.7/site-packages/airflow/example_dags/tutorial_taskflow_api.py
[2023-03-18T00:14:35.698+0000] {logging_mixin.py:137} INFO - [2023-03-18T00:14:35.698+0000] {dag.py:2690} INFO - Sync 1 DAGs
[2023-03-18T00:14:35.734+0000] {logging_mixin.py:137} INFO - [2023-03-18T00:14:35.734+0000] {dag.py:3441} INFO - Setting next_dagrun for tutorial_taskflow_api to None, run_after=None
[2023-03-18T00:14:35.762+0000] {processor.py:175} INFO - Processing /home/airflow/.local/lib/python3.7/site-packages/airflow/example_dags/tutorial_taskflow_api.py took 0.127 seconds
[2023-03-18T00:15:07.191+0000] {processor.py:153} INFO - Started process (PID=10586) to work on /home/airflow/.local/lib/python3.7/site-packages/airflow/example_dags/tutorial_taskflow_api.py
[2023-03-18T00:15:07.192+0000] {processor.py:743} INFO - Processing file /home/airflow/.local/lib/python3.7/site-packages/airflow/example_dags/tutorial_taskflow_api.py for tasks to queue
[2023-03-18T00:15:07.194+0000] {logging_mixin.py:137} INFO - [2023-03-18T00:15:07.194+0000] {dagbag.py:538} INFO - Filling up the DagBag from /home/airflow/.local/lib/python3.7/site-packages/airflow/example_dags/tutorial_taskflow_api.py
[2023-03-18T00:15:07.231+0000] {processor.py:753} INFO - DAG(s) dict_keys(['tutorial_taskflow_api']) retrieved from /home/airflow/.local/lib/python3.7/site-packages/airflow/example_dags/tutorial_taskflow_api.py
[2023-03-18T00:15:07.285+0000] {logging_mixin.py:137} INFO - [2023-03-18T00:15:07.285+0000] {dag.py:2690} INFO - Sync 1 DAGs
[2023-03-18T00:15:07.322+0000] {logging_mixin.py:137} INFO - [2023-03-18T00:15:07.322+0000] {dag.py:3441} INFO - Setting next_dagrun for tutorial_taskflow_api to None, run_after=None
[2023-03-18T00:15:07.352+0000] {processor.py:175} INFO - Processing /home/airflow/.local/lib/python3.7/site-packages/airflow/example_dags/tutorial_taskflow_api.py took 0.169 seconds
