[2023-03-17T00:01:05.868+0000] {taskinstance.py:1083} INFO - Dependencies all met for <TaskInstance: First_DAG.bash_task manual__2023-03-16T23:55:02.902776+00:00 [queued]>
[2023-03-17T00:01:05.887+0000] {taskinstance.py:1083} INFO - Dependencies all met for <TaskInstance: First_DAG.bash_task manual__2023-03-16T23:55:02.902776+00:00 [queued]>
[2023-03-17T00:01:05.888+0000] {taskinstance.py:1279} INFO - 
--------------------------------------------------------------------------------
[2023-03-17T00:01:05.889+0000] {taskinstance.py:1280} INFO - Starting attempt 2 of 2
[2023-03-17T00:01:05.890+0000] {taskinstance.py:1281} INFO - 
--------------------------------------------------------------------------------
[2023-03-17T00:01:05.919+0000] {taskinstance.py:1300} INFO - Executing <Task(BashOperator): bash_task> on 2023-03-16 23:55:02.902776+00:00
[2023-03-17T00:01:05.932+0000] {standard_task_runner.py:55} INFO - Started process 16587 to run task
[2023-03-17T00:01:05.937+0000] {standard_task_runner.py:82} INFO - Running: ['***', 'tasks', 'run', 'First_DAG', 'bash_task', 'manual__2023-03-16T23:55:02.902776+00:00', '--job-id', '28', '--raw', '--subdir', 'DAGS_FOLDER/first.py', '--cfg-path', '/tmp/tmpa6n8cnw9']
[2023-03-17T00:01:05.938+0000] {standard_task_runner.py:83} INFO - Job 28: Subtask bash_task
[2023-03-17T00:01:06.074+0000] {task_command.py:388} INFO - Running <TaskInstance: First_DAG.bash_task manual__2023-03-16T23:55:02.902776+00:00 [running]> on host e831dd1240d3
[2023-03-17T00:01:06.189+0000] {taskinstance.py:1509} INFO - Exporting the following env vars:
AIRFLOW_CTX_DAG_OWNER=***
AIRFLOW_CTX_DAG_ID=First_DAG
AIRFLOW_CTX_TASK_ID=bash_task
AIRFLOW_CTX_EXECUTION_DATE=2023-03-16T23:55:02.902776+00:00
AIRFLOW_CTX_TRY_NUMBER=2
AIRFLOW_CTX_DAG_RUN_ID=manual__2023-03-16T23:55:02.902776+00:00
[2023-03-17T00:01:06.192+0000] {subprocess.py:63} INFO - Tmp dir root location: 
 /tmp
[2023-03-17T00:01:06.194+0000] {subprocess.py:75} INFO - Running command: ['/bin/bash', '-c', "echo 'command executed from Bash Operator' "]
[2023-03-17T00:01:06.210+0000] {subprocess.py:86} INFO - Output:
[2023-03-17T00:01:06.212+0000] {subprocess.py:93} INFO - command executed from Bash Operator
[2023-03-17T00:01:06.213+0000] {subprocess.py:97} INFO - Command exited with return code 0
[2023-03-17T00:01:06.256+0000] {taskinstance.py:1323} INFO - Marking task as SUCCESS. dag_id=First_DAG, task_id=bash_task, execution_date=20230316T235502, start_date=20230317T000105, end_date=20230317T000106
[2023-03-17T00:01:06.309+0000] {local_task_job.py:208} INFO - Task exited with return code 0
[2023-03-17T00:01:06.346+0000] {taskinstance.py:2578} INFO - 1 downstream tasks scheduled from follow-on schedule check
