[2023-03-18T00:00:01.313+0000] {taskinstance.py:1083} INFO - Dependencies all met for <TaskInstance: market_data_alphavantage_dag.first_python_dag scheduled__2023-03-17T00:00:00+00:00 [queued]>
[2023-03-18T00:00:01.336+0000] {taskinstance.py:1083} INFO - Dependencies all met for <TaskInstance: market_data_alphavantage_dag.first_python_dag scheduled__2023-03-17T00:00:00+00:00 [queued]>
[2023-03-18T00:00:01.337+0000] {taskinstance.py:1279} INFO - 
--------------------------------------------------------------------------------
[2023-03-18T00:00:01.338+0000] {taskinstance.py:1280} INFO - Starting attempt 1 of 2
[2023-03-18T00:00:01.339+0000] {taskinstance.py:1281} INFO - 
--------------------------------------------------------------------------------
[2023-03-18T00:00:01.368+0000] {taskinstance.py:1300} INFO - Executing <Task(PythonOperator): first_python_dag> on 2023-03-17 00:00:00+00:00
[2023-03-18T00:00:01.382+0000] {standard_task_runner.py:55} INFO - Started process 4554 to run task
[2023-03-18T00:00:01.391+0000] {standard_task_runner.py:82} INFO - Running: ['***', 'tasks', 'run', 'market_data_alphavantage_dag', 'first_python_dag', 'scheduled__2023-03-17T00:00:00+00:00', '--job-id', '51', '--raw', '--subdir', 'DAGS_FOLDER/third.py', '--cfg-path', '/tmp/tmp5whjc3lz']
[2023-03-18T00:00:01.393+0000] {standard_task_runner.py:83} INFO - Job 51: Subtask first_python_dag
[2023-03-18T00:00:01.508+0000] {task_command.py:388} INFO - Running <TaskInstance: market_data_alphavantage_dag.first_python_dag scheduled__2023-03-17T00:00:00+00:00 [running]> on host 12e59bc4b2cf
[2023-03-18T00:00:01.646+0000] {taskinstance.py:1509} INFO - Exporting the following env vars:
AIRFLOW_CTX_DAG_OWNER=***
AIRFLOW_CTX_DAG_ID=market_data_alphavantage_dag
AIRFLOW_CTX_TASK_ID=first_python_dag
AIRFLOW_CTX_EXECUTION_DATE=2023-03-17T00:00:00+00:00
AIRFLOW_CTX_TRY_NUMBER=1
AIRFLOW_CTX_DAG_RUN_ID=scheduled__2023-03-17T00:00:00+00:00
[2023-03-18T00:00:03.025+0000] {python.py:177} INFO - Done. Returned value was: None
[2023-03-18T00:00:03.035+0000] {taskinstance.py:1323} INFO - Marking task as SUCCESS. dag_id=market_data_alphavantage_dag, task_id=first_python_dag, execution_date=20230317T000000, start_date=20230318T000001, end_date=20230318T000003
[2023-03-18T00:00:03.094+0000] {local_task_job.py:208} INFO - Task exited with return code 0
[2023-03-18T00:00:03.112+0000] {taskinstance.py:2578} INFO - 0 downstream tasks scheduled from follow-on schedule check
