[2023-03-17T23:36:39.021+0000] {taskinstance.py:1083} INFO - Dependencies all met for <TaskInstance: First_DAG.bash_task manual__2023-03-17T23:36:37.127522+00:00 [queued]>
[2023-03-17T23:36:39.037+0000] {taskinstance.py:1083} INFO - Dependencies all met for <TaskInstance: First_DAG.bash_task manual__2023-03-17T23:36:37.127522+00:00 [queued]>
[2023-03-17T23:36:39.037+0000] {taskinstance.py:1279} INFO - 
--------------------------------------------------------------------------------
[2023-03-17T23:36:39.039+0000] {taskinstance.py:1280} INFO - Starting attempt 1 of 2
[2023-03-17T23:36:39.039+0000] {taskinstance.py:1281} INFO - 
--------------------------------------------------------------------------------
[2023-03-17T23:36:39.062+0000] {taskinstance.py:1300} INFO - Executing <Task(BashOperator): bash_task> on 2023-03-17 23:36:37.127522+00:00
[2023-03-17T23:36:39.070+0000] {standard_task_runner.py:55} INFO - Started process 2323 to run task
[2023-03-17T23:36:39.086+0000] {standard_task_runner.py:82} INFO - Running: ['***', 'tasks', 'run', 'First_DAG', 'bash_task', 'manual__2023-03-17T23:36:37.127522+00:00', '--job-id', '23', '--raw', '--subdir', 'DAGS_FOLDER/first.py', '--cfg-path', '/tmp/tmp9fuif5b5']
[2023-03-17T23:36:39.087+0000] {standard_task_runner.py:83} INFO - Job 23: Subtask bash_task
[2023-03-17T23:36:39.185+0000] {task_command.py:388} INFO - Running <TaskInstance: First_DAG.bash_task manual__2023-03-17T23:36:37.127522+00:00 [running]> on host 12e59bc4b2cf
[2023-03-17T23:36:39.290+0000] {taskinstance.py:1509} INFO - Exporting the following env vars:
AIRFLOW_CTX_DAG_OWNER=***
AIRFLOW_CTX_DAG_ID=First_DAG
AIRFLOW_CTX_TASK_ID=bash_task
AIRFLOW_CTX_EXECUTION_DATE=2023-03-17T23:36:37.127522+00:00
AIRFLOW_CTX_TRY_NUMBER=1
AIRFLOW_CTX_DAG_RUN_ID=manual__2023-03-17T23:36:37.127522+00:00
[2023-03-17T23:36:39.294+0000] {subprocess.py:63} INFO - Tmp dir root location: 
 /tmp
[2023-03-17T23:36:39.296+0000] {subprocess.py:75} INFO - Running command: ['/bin/bash', '-c', 'echo "COMMAND IS EXECUTED"']
[2023-03-17T23:36:39.311+0000] {subprocess.py:86} INFO - Output:
[2023-03-17T23:36:39.313+0000] {subprocess.py:93} INFO - COMMAND IS EXECUTED
[2023-03-17T23:36:39.313+0000] {subprocess.py:97} INFO - Command exited with return code 0
[2023-03-17T23:36:39.345+0000] {taskinstance.py:1323} INFO - Marking task as SUCCESS. dag_id=First_DAG, task_id=bash_task, execution_date=20230317T233637, start_date=20230317T233639, end_date=20230317T233639
[2023-03-17T23:36:39.375+0000] {local_task_job.py:208} INFO - Task exited with return code 0
[2023-03-17T23:36:39.402+0000] {taskinstance.py:2578} INFO - 1 downstream tasks scheduled from follow-on schedule check
