[2023-03-16T23:18:47.783+0000] {taskinstance.py:1083} INFO - Dependencies all met for <TaskInstance: tutorial.sleep scheduled__2023-03-15T23:18:34.953408+00:00 [queued]>
[2023-03-16T23:18:47.795+0000] {taskinstance.py:1083} INFO - Dependencies all met for <TaskInstance: tutorial.sleep scheduled__2023-03-15T23:18:34.953408+00:00 [queued]>
[2023-03-16T23:18:47.796+0000] {taskinstance.py:1279} INFO - 
--------------------------------------------------------------------------------
[2023-03-16T23:18:47.797+0000] {taskinstance.py:1280} INFO - Starting attempt 1 of 4
[2023-03-16T23:18:47.797+0000] {taskinstance.py:1281} INFO - 
--------------------------------------------------------------------------------
[2023-03-16T23:18:47.817+0000] {taskinstance.py:1300} INFO - Executing <Task(BashOperator): sleep> on 2023-03-15 23:18:34.953408+00:00
[2023-03-16T23:18:47.826+0000] {standard_task_runner.py:55} INFO - Started process 12385 to run task
[2023-03-16T23:18:47.830+0000] {standard_task_runner.py:82} INFO - Running: ['***', 'tasks', 'run', 'tutorial', 'sleep', 'scheduled__2023-03-15T23:18:34.953408+00:00', '--job-id', '11', '--raw', '--subdir', '/home/***/.local/lib/python3.7/site-packages/***/example_dags/tutorial.py', '--cfg-path', '/tmp/tmpaa8mes83']
[2023-03-16T23:18:47.831+0000] {standard_task_runner.py:83} INFO - Job 11: Subtask sleep
[2023-03-16T23:18:47.901+0000] {task_command.py:388} INFO - Running <TaskInstance: tutorial.sleep scheduled__2023-03-15T23:18:34.953408+00:00 [running]> on host e831dd1240d3
[2023-03-16T23:18:47.990+0000] {taskinstance.py:1509} INFO - Exporting the following env vars:
AIRFLOW_CTX_DAG_EMAIL=***@example.com
AIRFLOW_CTX_DAG_OWNER=***
AIRFLOW_CTX_DAG_ID=tutorial
AIRFLOW_CTX_TASK_ID=sleep
AIRFLOW_CTX_EXECUTION_DATE=2023-03-15T23:18:34.953408+00:00
AIRFLOW_CTX_TRY_NUMBER=1
AIRFLOW_CTX_DAG_RUN_ID=scheduled__2023-03-15T23:18:34.953408+00:00
[2023-03-16T23:18:47.992+0000] {subprocess.py:63} INFO - Tmp dir root location: 
 /tmp
[2023-03-16T23:18:47.994+0000] {subprocess.py:75} INFO - Running command: ['/bin/bash', '-c', 'sleep 5']
[2023-03-16T23:18:48.010+0000] {subprocess.py:86} INFO - Output:
[2023-03-16T23:18:53.014+0000] {subprocess.py:97} INFO - Command exited with return code 0
[2023-03-16T23:18:53.040+0000] {taskinstance.py:1323} INFO - Marking task as SUCCESS. dag_id=tutorial, task_id=sleep, execution_date=20230315T231834, start_date=20230316T231847, end_date=20230316T231853
[2023-03-16T23:18:53.100+0000] {local_task_job.py:208} INFO - Task exited with return code 0
[2023-03-16T23:18:53.113+0000] {taskinstance.py:2578} INFO - 0 downstream tasks scheduled from follow-on schedule check
