[2023-03-16T23:18:47.362+0000] {taskinstance.py:1083} INFO - Dependencies all met for <TaskInstance: tutorial.sleep manual__2023-03-16T23:18:43.948284+00:00 [queued]>
[2023-03-16T23:18:47.377+0000] {taskinstance.py:1083} INFO - Dependencies all met for <TaskInstance: tutorial.sleep manual__2023-03-16T23:18:43.948284+00:00 [queued]>
[2023-03-16T23:18:47.378+0000] {taskinstance.py:1279} INFO - 
--------------------------------------------------------------------------------
[2023-03-16T23:18:47.378+0000] {taskinstance.py:1280} INFO - Starting attempt 1 of 4
[2023-03-16T23:18:47.379+0000] {taskinstance.py:1281} INFO - 
--------------------------------------------------------------------------------
[2023-03-16T23:18:47.401+0000] {taskinstance.py:1300} INFO - Executing <Task(BashOperator): sleep> on 2023-03-16 23:18:43.948284+00:00
[2023-03-16T23:18:47.412+0000] {standard_task_runner.py:55} INFO - Started process 12380 to run task
[2023-03-16T23:18:47.423+0000] {standard_task_runner.py:82} INFO - Running: ['***', 'tasks', 'run', 'tutorial', 'sleep', 'manual__2023-03-16T23:18:43.948284+00:00', '--job-id', '8', '--raw', '--subdir', '/home/***/.local/lib/python3.7/site-packages/***/example_dags/tutorial.py', '--cfg-path', '/tmp/tmp6diuis6y']
[2023-03-16T23:18:47.424+0000] {standard_task_runner.py:83} INFO - Job 8: Subtask sleep
[2023-03-16T23:18:47.566+0000] {task_command.py:388} INFO - Running <TaskInstance: tutorial.sleep manual__2023-03-16T23:18:43.948284+00:00 [running]> on host e831dd1240d3
[2023-03-16T23:18:47.675+0000] {taskinstance.py:1509} INFO - Exporting the following env vars:
AIRFLOW_CTX_DAG_EMAIL=***@example.com
AIRFLOW_CTX_DAG_OWNER=***
AIRFLOW_CTX_DAG_ID=tutorial
AIRFLOW_CTX_TASK_ID=sleep
AIRFLOW_CTX_EXECUTION_DATE=2023-03-16T23:18:43.948284+00:00
AIRFLOW_CTX_TRY_NUMBER=1
AIRFLOW_CTX_DAG_RUN_ID=manual__2023-03-16T23:18:43.948284+00:00
[2023-03-16T23:18:47.680+0000] {subprocess.py:63} INFO - Tmp dir root location: 
 /tmp
[2023-03-16T23:18:47.682+0000] {subprocess.py:75} INFO - Running command: ['/bin/bash', '-c', 'sleep 5']
[2023-03-16T23:18:47.708+0000] {subprocess.py:86} INFO - Output:
[2023-03-16T23:18:52.713+0000] {subprocess.py:97} INFO - Command exited with return code 0
[2023-03-16T23:18:52.754+0000] {taskinstance.py:1323} INFO - Marking task as SUCCESS. dag_id=tutorial, task_id=sleep, execution_date=20230316T231843, start_date=20230316T231847, end_date=20230316T231852
[2023-03-16T23:18:52.779+0000] {local_task_job.py:208} INFO - Task exited with return code 0
[2023-03-16T23:18:52.794+0000] {taskinstance.py:2578} INFO - 0 downstream tasks scheduled from follow-on schedule check
