[2023-03-16T21:58:01.203+0000] {taskinstance.py:1083} INFO - Dependencies all met for <TaskInstance: latest_only.latest_only scheduled__2023-03-16T17:57:30.562190+00:00 [queued]>
[2023-03-16T21:58:01.215+0000] {taskinstance.py:1083} INFO - Dependencies all met for <TaskInstance: latest_only.latest_only scheduled__2023-03-16T17:57:30.562190+00:00 [queued]>
[2023-03-16T21:58:01.215+0000] {taskinstance.py:1279} INFO - 
--------------------------------------------------------------------------------
[2023-03-16T21:58:01.216+0000] {taskinstance.py:1280} INFO - Starting attempt 1 of 1
[2023-03-16T21:58:01.217+0000] {taskinstance.py:1281} INFO - 
--------------------------------------------------------------------------------
[2023-03-16T21:58:01.234+0000] {taskinstance.py:1300} INFO - Executing <Task(LatestOnlyOperator): latest_only> on 2023-03-16 17:57:30.562190+00:00
[2023-03-16T21:58:01.240+0000] {standard_task_runner.py:55} INFO - Started process 8235 to run task
[2023-03-16T21:58:01.243+0000] {standard_task_runner.py:82} INFO - Running: ['***', 'tasks', 'run', 'latest_only', 'latest_only', 'scheduled__2023-03-16T17:57:30.562190+00:00', '--job-id', '4', '--raw', '--subdir', '/home/***/.local/lib/python3.7/site-packages/***/example_dags/example_latest_only.py', '--cfg-path', '/tmp/tmpdw6a4e7o']
[2023-03-16T21:58:01.244+0000] {standard_task_runner.py:83} INFO - Job 4: Subtask latest_only
[2023-03-16T21:58:01.323+0000] {task_command.py:388} INFO - Running <TaskInstance: latest_only.latest_only scheduled__2023-03-16T17:57:30.562190+00:00 [running]> on host e831dd1240d3
[2023-03-16T21:58:01.412+0000] {taskinstance.py:1509} INFO - Exporting the following env vars:
AIRFLOW_CTX_DAG_OWNER=***
AIRFLOW_CTX_DAG_ID=latest_only
AIRFLOW_CTX_TASK_ID=latest_only
AIRFLOW_CTX_EXECUTION_DATE=2023-03-16T17:57:30.562190+00:00
AIRFLOW_CTX_TRY_NUMBER=1
AIRFLOW_CTX_DAG_RUN_ID=scheduled__2023-03-16T17:57:30.562190+00:00
[2023-03-16T21:58:01.414+0000] {latest_only.py:70} INFO - Checking latest only with left_window: 2023-03-16T21:57:30.562190+00:00 right_window: 2023-03-17T01:57:30.562190+00:00 now: 2023-03-16T21:58:01.414567+00:00
[2023-03-16T21:58:01.415+0000] {latest_only.py:79} INFO - Latest, allowing execution to proceed.
[2023-03-16T21:58:01.416+0000] {skipmixin.py:155} INFO - Following branch ['task1']
[2023-03-16T21:58:01.417+0000] {skipmixin.py:211} INFO - Skipping tasks []
[2023-03-16T21:58:01.470+0000] {taskinstance.py:1323} INFO - Marking task as SUCCESS. dag_id=latest_only, task_id=latest_only, execution_date=20230316T175730, start_date=20230316T215801, end_date=20230316T215801
[2023-03-16T21:58:01.496+0000] {local_task_job.py:208} INFO - Task exited with return code 0
[2023-03-16T21:58:01.526+0000] {taskinstance.py:2578} INFO - 1 downstream tasks scheduled from follow-on schedule check
