[2023-03-17T23:39:16.588+0000] {taskinstance.py:1083} INFO - Dependencies all met for <TaskInstance: First_DAG.bash_task manual__2023-03-17T23:39:14.761297+00:00 [queued]>
[2023-03-17T23:39:16.605+0000] {taskinstance.py:1083} INFO - Dependencies all met for <TaskInstance: First_DAG.bash_task manual__2023-03-17T23:39:14.761297+00:00 [queued]>
[2023-03-17T23:39:16.606+0000] {taskinstance.py:1279} INFO - 
--------------------------------------------------------------------------------
[2023-03-17T23:39:16.607+0000] {taskinstance.py:1280} INFO - Starting attempt 1 of 2
[2023-03-17T23:39:16.608+0000] {taskinstance.py:1281} INFO - 
--------------------------------------------------------------------------------
[2023-03-17T23:39:16.635+0000] {taskinstance.py:1300} INFO - Executing <Task(BashOperator): bash_task> on 2023-03-17 23:39:14.761297+00:00
[2023-03-17T23:39:16.645+0000] {standard_task_runner.py:55} INFO - Started process 2587 to run task
[2023-03-17T23:39:16.650+0000] {standard_task_runner.py:82} INFO - Running: ['***', 'tasks', 'run', 'First_DAG', 'bash_task', 'manual__2023-03-17T23:39:14.761297+00:00', '--job-id', '31', '--raw', '--subdir', 'DAGS_FOLDER/first.py', '--cfg-path', '/tmp/tmpbg2q6waz']
[2023-03-17T23:39:16.651+0000] {standard_task_runner.py:83} INFO - Job 31: Subtask bash_task
[2023-03-17T23:39:16.752+0000] {task_command.py:388} INFO - Running <TaskInstance: First_DAG.bash_task manual__2023-03-17T23:39:14.761297+00:00 [running]> on host 12e59bc4b2cf
[2023-03-17T23:39:16.862+0000] {taskinstance.py:1509} INFO - Exporting the following env vars:
AIRFLOW_CTX_DAG_OWNER=***
AIRFLOW_CTX_DAG_ID=First_DAG
AIRFLOW_CTX_TASK_ID=bash_task
AIRFLOW_CTX_EXECUTION_DATE=2023-03-17T23:39:14.761297+00:00
AIRFLOW_CTX_TRY_NUMBER=1
AIRFLOW_CTX_DAG_RUN_ID=manual__2023-03-17T23:39:14.761297+00:00
[2023-03-17T23:39:16.865+0000] {subprocess.py:63} INFO - Tmp dir root location: 
 /tmp
[2023-03-17T23:39:16.866+0000] {subprocess.py:75} INFO - Running command: ['/bin/bash', '-c', 'echo "COMMAND IS EXECUTED"']
[2023-03-17T23:39:16.882+0000] {subprocess.py:86} INFO - Output:
[2023-03-17T23:39:16.884+0000] {subprocess.py:93} INFO - COMMAND IS EXECUTED
[2023-03-17T23:39:16.885+0000] {subprocess.py:97} INFO - Command exited with return code 0
[2023-03-17T23:39:16.925+0000] {taskinstance.py:1323} INFO - Marking task as SUCCESS. dag_id=First_DAG, task_id=bash_task, execution_date=20230317T233914, start_date=20230317T233916, end_date=20230317T233916
[2023-03-17T23:39:16.983+0000] {local_task_job.py:208} INFO - Task exited with return code 0
[2023-03-17T23:39:17.023+0000] {taskinstance.py:2578} INFO - 1 downstream tasks scheduled from follow-on schedule check
