[2023-03-14T17:39:07.096+0000] {taskinstance.py:1083} INFO - Dependencies all met for <TaskInstance: example_bash_operator.runme_2 manual__2023-03-14T17:38:40.102188+00:00 [queued]>
[2023-03-14T17:39:07.349+0000] {taskinstance.py:1083} INFO - Dependencies all met for <TaskInstance: example_bash_operator.runme_2 manual__2023-03-14T17:38:40.102188+00:00 [queued]>
[2023-03-14T17:39:07.354+0000] {taskinstance.py:1279} INFO - 
--------------------------------------------------------------------------------
[2023-03-14T17:39:07.357+0000] {taskinstance.py:1280} INFO - Starting attempt 1 of 1
[2023-03-14T17:39:07.360+0000] {taskinstance.py:1281} INFO - 
--------------------------------------------------------------------------------
[2023-03-14T17:39:07.661+0000] {taskinstance.py:1300} INFO - Executing <Task(BashOperator): runme_2> on 2023-03-14 17:38:40.102188+00:00
[2023-03-14T17:39:07.753+0000] {standard_task_runner.py:55} INFO - Started process 1658 to run task
[2023-03-14T17:39:07.906+0000] {standard_task_runner.py:82} INFO - Running: ['***', 'tasks', 'run', 'example_bash_operator', 'runme_2', 'manual__2023-03-14T17:38:40.102188+00:00', '--job-id', '8', '--raw', '--subdir', '/home/***/.local/lib/python3.7/site-packages/***/example_dags/example_bash_operator.py', '--cfg-path', '/tmp/tmpwxp4cmoe']
[2023-03-14T17:39:08.010+0000] {standard_task_runner.py:83} INFO - Job 8: Subtask runme_2
[2023-03-14T17:39:12.180+0000] {task_command.py:388} INFO - Running <TaskInstance: example_bash_operator.runme_2 manual__2023-03-14T17:38:40.102188+00:00 [running]> on host dd57c45088fe
[2023-03-14T17:39:17.288+0000] {taskinstance.py:1509} INFO - Exporting the following env vars:
AIRFLOW_CTX_DAG_OWNER=***
AIRFLOW_CTX_DAG_ID=example_bash_operator
AIRFLOW_CTX_TASK_ID=runme_2
AIRFLOW_CTX_EXECUTION_DATE=2023-03-14T17:38:40.102188+00:00
AIRFLOW_CTX_TRY_NUMBER=1
AIRFLOW_CTX_DAG_RUN_ID=manual__2023-03-14T17:38:40.102188+00:00
[2023-03-14T17:39:17.372+0000] {subprocess.py:63} INFO - Tmp dir root location: 
 /tmp
[2023-03-14T17:39:17.384+0000] {subprocess.py:75} INFO - Running command: ['/bin/bash', '-c', 'echo "example_bash_operator__runme_2__20230314" && sleep 1']
[2023-03-14T17:39:17.563+0000] {subprocess.py:86} INFO - Output:
[2023-03-14T17:39:17.602+0000] {subprocess.py:93} INFO - example_bash_operator__runme_2__20230314
[2023-03-14T17:39:18.634+0000] {subprocess.py:97} INFO - Command exited with return code 0
[2023-03-14T17:39:19.626+0000] {taskinstance.py:1323} INFO - Marking task as SUCCESS. dag_id=example_bash_operator, task_id=runme_2, execution_date=20230314T173840, start_date=20230314T173907, end_date=20230314T173919
[2023-03-14T17:39:20.427+0000] {local_task_job.py:208} INFO - Task exited with return code 0
[2023-03-14T17:39:21.062+0000] {taskinstance.py:2578} INFO - 1 downstream tasks scheduled from follow-on schedule check
