[2023-03-16T23:18:47.363+0000] {taskinstance.py:1083} INFO - Dependencies all met for <TaskInstance: tutorial.templated manual__2023-03-16T23:18:43.948284+00:00 [queued]>
[2023-03-16T23:18:47.379+0000] {taskinstance.py:1083} INFO - Dependencies all met for <TaskInstance: tutorial.templated manual__2023-03-16T23:18:43.948284+00:00 [queued]>
[2023-03-16T23:18:47.379+0000] {taskinstance.py:1279} INFO - 
--------------------------------------------------------------------------------
[2023-03-16T23:18:47.380+0000] {taskinstance.py:1280} INFO - Starting attempt 1 of 2
[2023-03-16T23:18:47.381+0000] {taskinstance.py:1281} INFO - 
--------------------------------------------------------------------------------
[2023-03-16T23:18:47.404+0000] {taskinstance.py:1300} INFO - Executing <Task(BashOperator): templated> on 2023-03-16 23:18:43.948284+00:00
[2023-03-16T23:18:47.415+0000] {standard_task_runner.py:55} INFO - Started process 12381 to run task
[2023-03-16T23:18:47.418+0000] {standard_task_runner.py:82} INFO - Running: ['***', 'tasks', 'run', 'tutorial', 'templated', 'manual__2023-03-16T23:18:43.948284+00:00', '--job-id', '9', '--raw', '--subdir', '/home/***/.local/lib/python3.7/site-packages/***/example_dags/tutorial.py', '--cfg-path', '/tmp/tmpipk3lwov']
[2023-03-16T23:18:47.419+0000] {standard_task_runner.py:83} INFO - Job 9: Subtask templated
[2023-03-16T23:18:47.556+0000] {task_command.py:388} INFO - Running <TaskInstance: tutorial.templated manual__2023-03-16T23:18:43.948284+00:00 [running]> on host e831dd1240d3
[2023-03-16T23:18:47.672+0000] {taskinstance.py:1509} INFO - Exporting the following env vars:
AIRFLOW_CTX_DAG_EMAIL=***@example.com
AIRFLOW_CTX_DAG_OWNER=***
AIRFLOW_CTX_DAG_ID=tutorial
AIRFLOW_CTX_TASK_ID=templated
AIRFLOW_CTX_EXECUTION_DATE=2023-03-16T23:18:43.948284+00:00
AIRFLOW_CTX_TRY_NUMBER=1
AIRFLOW_CTX_DAG_RUN_ID=manual__2023-03-16T23:18:43.948284+00:00
[2023-03-16T23:18:47.676+0000] {subprocess.py:63} INFO - Tmp dir root location: 
 /tmp
[2023-03-16T23:18:47.678+0000] {subprocess.py:75} INFO - Running command: ['/bin/bash', '-c', '\n\n    echo "2023-03-16"\n    echo "2023-03-23"\n\n    echo "2023-03-16"\n    echo "2023-03-23"\n\n    echo "2023-03-16"\n    echo "2023-03-23"\n\n    echo "2023-03-16"\n    echo "2023-03-23"\n\n    echo "2023-03-16"\n    echo "2023-03-23"\n']
[2023-03-16T23:18:47.701+0000] {subprocess.py:86} INFO - Output:
[2023-03-16T23:18:47.703+0000] {subprocess.py:93} INFO - 2023-03-16
[2023-03-16T23:18:47.704+0000] {subprocess.py:93} INFO - 2023-03-23
[2023-03-16T23:18:47.705+0000] {subprocess.py:93} INFO - 2023-03-16
[2023-03-16T23:18:47.705+0000] {subprocess.py:93} INFO - 2023-03-23
[2023-03-16T23:18:47.706+0000] {subprocess.py:93} INFO - 2023-03-16
[2023-03-16T23:18:47.706+0000] {subprocess.py:93} INFO - 2023-03-23
[2023-03-16T23:18:47.707+0000] {subprocess.py:93} INFO - 2023-03-16
[2023-03-16T23:18:47.708+0000] {subprocess.py:93} INFO - 2023-03-23
[2023-03-16T23:18:47.708+0000] {subprocess.py:93} INFO - 2023-03-16
[2023-03-16T23:18:47.709+0000] {subprocess.py:93} INFO - 2023-03-23
[2023-03-16T23:18:47.710+0000] {subprocess.py:97} INFO - Command exited with return code 0
[2023-03-16T23:18:47.746+0000] {taskinstance.py:1323} INFO - Marking task as SUCCESS. dag_id=tutorial, task_id=templated, execution_date=20230316T231843, start_date=20230316T231847, end_date=20230316T231847
[2023-03-16T23:18:47.791+0000] {local_task_job.py:208} INFO - Task exited with return code 0
[2023-03-16T23:18:47.811+0000] {taskinstance.py:2578} INFO - 0 downstream tasks scheduled from follow-on schedule check
