[2023-03-17T23:36:52.139+0000] {taskinstance.py:1083} INFO - Dependencies all met for <TaskInstance: First_DAG.bash_task manual__2023-03-17T23:36:50.545043+00:00 [queued]>
[2023-03-17T23:36:52.187+0000] {taskinstance.py:1083} INFO - Dependencies all met for <TaskInstance: First_DAG.bash_task manual__2023-03-17T23:36:50.545043+00:00 [queued]>
[2023-03-17T23:36:52.188+0000] {taskinstance.py:1279} INFO - 
--------------------------------------------------------------------------------
[2023-03-17T23:36:52.189+0000] {taskinstance.py:1280} INFO - Starting attempt 1 of 2
[2023-03-17T23:36:52.189+0000] {taskinstance.py:1281} INFO - 
--------------------------------------------------------------------------------
[2023-03-17T23:36:52.211+0000] {taskinstance.py:1300} INFO - Executing <Task(BashOperator): bash_task> on 2023-03-17 23:36:50.545043+00:00
[2023-03-17T23:36:52.220+0000] {standard_task_runner.py:82} INFO - Running: ['***', 'tasks', 'run', 'First_DAG', 'bash_task', 'manual__2023-03-17T23:36:50.545043+00:00', '--job-id', '25', '--raw', '--subdir', 'DAGS_FOLDER/first.py', '--cfg-path', '/tmp/tmpctw1_9yx']
[2023-03-17T23:36:52.217+0000] {standard_task_runner.py:55} INFO - Started process 2349 to run task
[2023-03-17T23:36:52.222+0000] {standard_task_runner.py:83} INFO - Job 25: Subtask bash_task
[2023-03-17T23:36:52.364+0000] {task_command.py:388} INFO - Running <TaskInstance: First_DAG.bash_task manual__2023-03-17T23:36:50.545043+00:00 [running]> on host 12e59bc4b2cf
[2023-03-17T23:36:52.495+0000] {taskinstance.py:1509} INFO - Exporting the following env vars:
AIRFLOW_CTX_DAG_OWNER=***
AIRFLOW_CTX_DAG_ID=First_DAG
AIRFLOW_CTX_TASK_ID=bash_task
AIRFLOW_CTX_EXECUTION_DATE=2023-03-17T23:36:50.545043+00:00
AIRFLOW_CTX_TRY_NUMBER=1
AIRFLOW_CTX_DAG_RUN_ID=manual__2023-03-17T23:36:50.545043+00:00
[2023-03-17T23:36:52.498+0000] {subprocess.py:63} INFO - Tmp dir root location: 
 /tmp
[2023-03-17T23:36:52.500+0000] {subprocess.py:75} INFO - Running command: ['/bin/bash', '-c', 'echo "COMMAND IS EXECUTED"']
[2023-03-17T23:36:52.516+0000] {subprocess.py:86} INFO - Output:
[2023-03-17T23:36:52.517+0000] {subprocess.py:93} INFO - COMMAND IS EXECUTED
[2023-03-17T23:36:52.518+0000] {subprocess.py:97} INFO - Command exited with return code 0
[2023-03-17T23:36:52.567+0000] {taskinstance.py:1323} INFO - Marking task as SUCCESS. dag_id=First_DAG, task_id=bash_task, execution_date=20230317T233650, start_date=20230317T233652, end_date=20230317T233652
[2023-03-17T23:36:52.601+0000] {local_task_job.py:208} INFO - Task exited with return code 0
[2023-03-17T23:36:52.638+0000] {taskinstance.py:2578} INFO - 1 downstream tasks scheduled from follow-on schedule check
