[2023-03-17T00:01:06.214+0000] {taskinstance.py:1083} INFO - Dependencies all met for <TaskInstance: First_DAG.bash_task manual__2023-03-16T23:54:24.086588+00:00 [queued]>
[2023-03-17T00:01:06.233+0000] {taskinstance.py:1083} INFO - Dependencies all met for <TaskInstance: First_DAG.bash_task manual__2023-03-16T23:54:24.086588+00:00 [queued]>
[2023-03-17T00:01:06.234+0000] {taskinstance.py:1279} INFO - 
--------------------------------------------------------------------------------
[2023-03-17T00:01:06.236+0000] {taskinstance.py:1280} INFO - Starting attempt 2 of 2
[2023-03-17T00:01:06.237+0000] {taskinstance.py:1281} INFO - 
--------------------------------------------------------------------------------
[2023-03-17T00:01:06.262+0000] {taskinstance.py:1300} INFO - Executing <Task(BashOperator): bash_task> on 2023-03-16 23:54:24.086588+00:00
[2023-03-17T00:01:06.274+0000] {standard_task_runner.py:55} INFO - Started process 16590 to run task
[2023-03-17T00:01:06.278+0000] {standard_task_runner.py:82} INFO - Running: ['***', 'tasks', 'run', 'First_DAG', 'bash_task', 'manual__2023-03-16T23:54:24.086588+00:00', '--job-id', '30', '--raw', '--subdir', 'DAGS_FOLDER/first.py', '--cfg-path', '/tmp/tmpxbwv72to']
[2023-03-17T00:01:06.279+0000] {standard_task_runner.py:83} INFO - Job 30: Subtask bash_task
[2023-03-17T00:01:06.388+0000] {task_command.py:388} INFO - Running <TaskInstance: First_DAG.bash_task manual__2023-03-16T23:54:24.086588+00:00 [running]> on host e831dd1240d3
[2023-03-17T00:01:06.505+0000] {taskinstance.py:1509} INFO - Exporting the following env vars:
AIRFLOW_CTX_DAG_OWNER=***
AIRFLOW_CTX_DAG_ID=First_DAG
AIRFLOW_CTX_TASK_ID=bash_task
AIRFLOW_CTX_EXECUTION_DATE=2023-03-16T23:54:24.086588+00:00
AIRFLOW_CTX_TRY_NUMBER=2
AIRFLOW_CTX_DAG_RUN_ID=manual__2023-03-16T23:54:24.086588+00:00
[2023-03-17T00:01:06.507+0000] {subprocess.py:63} INFO - Tmp dir root location: 
 /tmp
[2023-03-17T00:01:06.508+0000] {subprocess.py:75} INFO - Running command: ['/bin/bash', '-c', "echo 'command executed from Bash Operator' "]
[2023-03-17T00:01:06.530+0000] {subprocess.py:86} INFO - Output:
[2023-03-17T00:01:06.532+0000] {subprocess.py:93} INFO - command executed from Bash Operator
[2023-03-17T00:01:06.533+0000] {subprocess.py:97} INFO - Command exited with return code 0
[2023-03-17T00:01:06.567+0000] {taskinstance.py:1323} INFO - Marking task as SUCCESS. dag_id=First_DAG, task_id=bash_task, execution_date=20230316T235424, start_date=20230317T000106, end_date=20230317T000106
[2023-03-17T00:01:06.613+0000] {local_task_job.py:208} INFO - Task exited with return code 0
[2023-03-17T00:01:06.652+0000] {taskinstance.py:2578} INFO - 1 downstream tasks scheduled from follow-on schedule check
