[2023-03-14T17:39:10.334+0000] {taskinstance.py:1083} INFO - Dependencies all met for <TaskInstance: example_bash_operator.also_run_this manual__2023-03-14T17:38:43.323867+00:00 [queued]>
[2023-03-14T17:39:10.694+0000] {taskinstance.py:1083} INFO - Dependencies all met for <TaskInstance: example_bash_operator.also_run_this manual__2023-03-14T17:38:43.323867+00:00 [queued]>
[2023-03-14T17:39:10.707+0000] {taskinstance.py:1279} INFO - 
--------------------------------------------------------------------------------
[2023-03-14T17:39:10.718+0000] {taskinstance.py:1280} INFO - Starting attempt 1 of 1
[2023-03-14T17:39:10.749+0000] {taskinstance.py:1281} INFO - 
--------------------------------------------------------------------------------
[2023-03-14T17:39:11.412+0000] {taskinstance.py:1300} INFO - Executing <Task(BashOperator): also_run_this> on 2023-03-14 17:38:43.323867+00:00
[2023-03-14T17:39:11.701+0000] {standard_task_runner.py:55} INFO - Started process 1674 to run task
[2023-03-14T17:39:12.078+0000] {standard_task_runner.py:82} INFO - Running: ['***', 'tasks', 'run', 'example_bash_operator', 'also_run_this', 'manual__2023-03-14T17:38:43.323867+00:00', '--job-id', '15', '--raw', '--subdir', '/home/***/.local/lib/python3.7/site-packages/***/example_dags/example_bash_operator.py', '--cfg-path', '/tmp/tmpu6gqufe2']
[2023-03-14T17:39:12.162+0000] {standard_task_runner.py:83} INFO - Job 15: Subtask also_run_this
[2023-03-14T17:39:16.362+0000] {task_command.py:388} INFO - Running <TaskInstance: example_bash_operator.also_run_this manual__2023-03-14T17:38:43.323867+00:00 [running]> on host dd57c45088fe
[2023-03-14T17:39:19.221+0000] {taskinstance.py:1509} INFO - Exporting the following env vars:
AIRFLOW_CTX_DAG_OWNER=***
AIRFLOW_CTX_DAG_ID=example_bash_operator
AIRFLOW_CTX_TASK_ID=also_run_this
AIRFLOW_CTX_EXECUTION_DATE=2023-03-14T17:38:43.323867+00:00
AIRFLOW_CTX_TRY_NUMBER=1
AIRFLOW_CTX_DAG_RUN_ID=manual__2023-03-14T17:38:43.323867+00:00
[2023-03-14T17:39:19.281+0000] {subprocess.py:63} INFO - Tmp dir root location: 
 /tmp
[2023-03-14T17:39:19.297+0000] {subprocess.py:75} INFO - Running command: ['/bin/bash', '-c', 'echo "ti_key=example_bash_operator__also_run_this__20230314"']
[2023-03-14T17:39:19.615+0000] {subprocess.py:86} INFO - Output:
[2023-03-14T17:39:19.712+0000] {subprocess.py:93} INFO - ti_key=example_bash_operator__also_run_this__20230314
[2023-03-14T17:39:19.717+0000] {subprocess.py:97} INFO - Command exited with return code 0
[2023-03-14T17:39:20.309+0000] {taskinstance.py:1323} INFO - Marking task as SUCCESS. dag_id=example_bash_operator, task_id=also_run_this, execution_date=20230314T173843, start_date=20230314T173910, end_date=20230314T173920
[2023-03-14T17:39:21.426+0000] {local_task_job.py:208} INFO - Task exited with return code 0
[2023-03-14T17:39:22.001+0000] {taskinstance.py:2578} INFO - 0 downstream tasks scheduled from follow-on schedule check
