[2023-03-14T17:39:10.678+0000] {taskinstance.py:1083} INFO - Dependencies all met for <TaskInstance: example_bash_operator.this_will_skip scheduled__2023-03-13T00:00:00+00:00 [queued]>
[2023-03-14T17:39:10.829+0000] {taskinstance.py:1083} INFO - Dependencies all met for <TaskInstance: example_bash_operator.this_will_skip scheduled__2023-03-13T00:00:00+00:00 [queued]>
[2023-03-14T17:39:10.839+0000] {taskinstance.py:1279} INFO - 
--------------------------------------------------------------------------------
[2023-03-14T17:39:10.844+0000] {taskinstance.py:1280} INFO - Starting attempt 1 of 1
[2023-03-14T17:39:10.865+0000] {taskinstance.py:1281} INFO - 
--------------------------------------------------------------------------------
[2023-03-14T17:39:11.284+0000] {taskinstance.py:1300} INFO - Executing <Task(BashOperator): this_will_skip> on 2023-03-13 00:00:00+00:00
[2023-03-14T17:39:11.354+0000] {standard_task_runner.py:55} INFO - Started process 1672 to run task
[2023-03-14T17:39:11.694+0000] {standard_task_runner.py:82} INFO - Running: ['***', 'tasks', 'run', 'example_bash_operator', 'this_will_skip', 'scheduled__2023-03-13T00:00:00+00:00', '--job-id', '17', '--raw', '--subdir', '/home/***/.local/lib/python3.7/site-packages/***/example_dags/example_bash_operator.py', '--cfg-path', '/tmp/tmpw6e8w4op']
[2023-03-14T17:39:11.712+0000] {standard_task_runner.py:83} INFO - Job 17: Subtask this_will_skip
[2023-03-14T17:39:15.445+0000] {task_command.py:388} INFO - Running <TaskInstance: example_bash_operator.this_will_skip scheduled__2023-03-13T00:00:00+00:00 [running]> on host dd57c45088fe
[2023-03-14T17:39:18.842+0000] {taskinstance.py:1509} INFO - Exporting the following env vars:
AIRFLOW_CTX_DAG_OWNER=***
AIRFLOW_CTX_DAG_ID=example_bash_operator
AIRFLOW_CTX_TASK_ID=this_will_skip
AIRFLOW_CTX_EXECUTION_DATE=2023-03-13T00:00:00+00:00
AIRFLOW_CTX_TRY_NUMBER=1
AIRFLOW_CTX_DAG_RUN_ID=scheduled__2023-03-13T00:00:00+00:00
[2023-03-14T17:39:18.965+0000] {subprocess.py:63} INFO - Tmp dir root location: 
 /tmp
[2023-03-14T17:39:18.975+0000] {subprocess.py:75} INFO - Running command: ['/bin/bash', '-c', 'echo "hello world"; exit 99;']
[2023-03-14T17:39:19.343+0000] {subprocess.py:86} INFO - Output:
[2023-03-14T17:39:19.394+0000] {subprocess.py:93} INFO - hello world
[2023-03-14T17:39:19.403+0000] {subprocess.py:97} INFO - Command exited with return code 99
[2023-03-14T17:39:19.411+0000] {taskinstance.py:1398} INFO - Bash command returned exit code 99. Skipping.
[2023-03-14T17:39:19.655+0000] {taskinstance.py:1323} INFO - Marking task as SKIPPED. dag_id=example_bash_operator, task_id=this_will_skip, execution_date=20230313T000000, start_date=20230314T173910, end_date=20230314T173919
[2023-03-14T17:39:20.011+0000] {local_task_job.py:208} INFO - Task exited with return code 0
[2023-03-14T17:39:20.388+0000] {taskinstance.py:2578} INFO - 0 downstream tasks scheduled from follow-on schedule check
