[2023-03-16T23:31:10.631+0000] {taskinstance.py:1083} INFO - Dependencies all met for <TaskInstance: market_data_alphavantage_dag.first_python_dag manual__2023-03-16T23:31:09.834955+00:00 [queued]>
[2023-03-16T23:31:10.642+0000] {taskinstance.py:1083} INFO - Dependencies all met for <TaskInstance: market_data_alphavantage_dag.first_python_dag manual__2023-03-16T23:31:09.834955+00:00 [queued]>
[2023-03-16T23:31:10.642+0000] {taskinstance.py:1279} INFO - 
--------------------------------------------------------------------------------
[2023-03-16T23:31:10.643+0000] {taskinstance.py:1280} INFO - Starting attempt 1 of 2
[2023-03-16T23:31:10.644+0000] {taskinstance.py:1281} INFO - 
--------------------------------------------------------------------------------
[2023-03-16T23:31:10.666+0000] {taskinstance.py:1300} INFO - Executing <Task(PythonOperator): first_python_dag> on 2023-03-16 23:31:09.834955+00:00
[2023-03-16T23:31:10.676+0000] {standard_task_runner.py:55} INFO - Started process 13619 to run task
[2023-03-16T23:31:10.681+0000] {standard_task_runner.py:82} INFO - Running: ['***', 'tasks', 'run', 'market_data_alphavantage_dag', 'first_python_dag', 'manual__2023-03-16T23:31:09.834955+00:00', '--job-id', '14', '--raw', '--subdir', 'DAGS_FOLDER/third.py', '--cfg-path', '/tmp/tmpxgc2v4nc']
[2023-03-16T23:31:10.682+0000] {standard_task_runner.py:83} INFO - Job 14: Subtask first_python_dag
[2023-03-16T23:31:10.771+0000] {task_command.py:388} INFO - Running <TaskInstance: market_data_alphavantage_dag.first_python_dag manual__2023-03-16T23:31:09.834955+00:00 [running]> on host e831dd1240d3
[2023-03-16T23:31:10.860+0000] {taskinstance.py:1509} INFO - Exporting the following env vars:
AIRFLOW_CTX_DAG_OWNER=***
AIRFLOW_CTX_DAG_ID=market_data_alphavantage_dag
AIRFLOW_CTX_TASK_ID=first_python_dag
AIRFLOW_CTX_EXECUTION_DATE=2023-03-16T23:31:09.834955+00:00
AIRFLOW_CTX_TRY_NUMBER=1
AIRFLOW_CTX_DAG_RUN_ID=manual__2023-03-16T23:31:09.834955+00:00
[2023-03-16T23:31:11.318+0000] {python.py:177} INFO - Done. Returned value was: None
[2023-03-16T23:31:11.329+0000] {taskinstance.py:1323} INFO - Marking task as SUCCESS. dag_id=market_data_alphavantage_dag, task_id=first_python_dag, execution_date=20230316T233109, start_date=20230316T233110, end_date=20230316T233111
[2023-03-16T23:31:11.378+0000] {local_task_job.py:208} INFO - Task exited with return code 0
[2023-03-16T23:31:11.394+0000] {taskinstance.py:2578} INFO - 0 downstream tasks scheduled from follow-on schedule check
