[2023-03-14T17:39:06.102+0000] {taskinstance.py:1083} INFO - Dependencies all met for <TaskInstance: example_bash_operator.runme_2 manual__2023-03-14T17:38:43.323867+00:00 [queued]>
[2023-03-14T17:39:06.514+0000] {taskinstance.py:1083} INFO - Dependencies all met for <TaskInstance: example_bash_operator.runme_2 manual__2023-03-14T17:38:43.323867+00:00 [queued]>
[2023-03-14T17:39:06.532+0000] {taskinstance.py:1279} INFO - 
--------------------------------------------------------------------------------
[2023-03-14T17:39:06.554+0000] {taskinstance.py:1280} INFO - Starting attempt 1 of 1
[2023-03-14T17:39:06.575+0000] {taskinstance.py:1281} INFO - 
--------------------------------------------------------------------------------
[2023-03-14T17:39:07.656+0000] {taskinstance.py:1300} INFO - Executing <Task(BashOperator): runme_2> on 2023-03-14 17:38:43.323867+00:00
[2023-03-14T17:39:07.740+0000] {standard_task_runner.py:55} INFO - Started process 1657 to run task
[2023-03-14T17:39:07.826+0000] {standard_task_runner.py:82} INFO - Running: ['***', 'tasks', 'run', 'example_bash_operator', 'runme_2', 'manual__2023-03-14T17:38:43.323867+00:00', '--job-id', '6', '--raw', '--subdir', '/home/***/.local/lib/python3.7/site-packages/***/example_dags/example_bash_operator.py', '--cfg-path', '/tmp/tmpkmkp_0uv']
[2023-03-14T17:39:07.852+0000] {standard_task_runner.py:83} INFO - Job 6: Subtask runme_2
[2023-03-14T17:39:12.220+0000] {task_command.py:388} INFO - Running <TaskInstance: example_bash_operator.runme_2 manual__2023-03-14T17:38:43.323867+00:00 [running]> on host dd57c45088fe
[2023-03-14T17:39:16.244+0000] {taskinstance.py:1509} INFO - Exporting the following env vars:
AIRFLOW_CTX_DAG_OWNER=***
AIRFLOW_CTX_DAG_ID=example_bash_operator
AIRFLOW_CTX_TASK_ID=runme_2
AIRFLOW_CTX_EXECUTION_DATE=2023-03-14T17:38:43.323867+00:00
AIRFLOW_CTX_TRY_NUMBER=1
AIRFLOW_CTX_DAG_RUN_ID=manual__2023-03-14T17:38:43.323867+00:00
[2023-03-14T17:39:16.313+0000] {subprocess.py:63} INFO - Tmp dir root location: 
 /tmp
[2023-03-14T17:39:16.379+0000] {subprocess.py:75} INFO - Running command: ['/bin/bash', '-c', 'echo "example_bash_operator__runme_2__20230314" && sleep 1']
[2023-03-14T17:39:17.209+0000] {subprocess.py:86} INFO - Output:
[2023-03-14T17:39:17.282+0000] {subprocess.py:93} INFO - example_bash_operator__runme_2__20230314
[2023-03-14T17:39:18.334+0000] {subprocess.py:97} INFO - Command exited with return code 0
[2023-03-14T17:39:18.979+0000] {taskinstance.py:1323} INFO - Marking task as SUCCESS. dag_id=example_bash_operator, task_id=runme_2, execution_date=20230314T173843, start_date=20230314T173906, end_date=20230314T173918
[2023-03-14T17:39:19.374+0000] {local_task_job.py:208} INFO - Task exited with return code 0
[2023-03-14T17:39:19.985+0000] {taskinstance.py:2578} INFO - 0 downstream tasks scheduled from follow-on schedule check
