[2023-03-17T23:21:02.991+0000] {taskinstance.py:1083} INFO - Dependencies all met for <TaskInstance: First_DAG.bash_task manual__2023-03-17T23:21:01.184660+00:00 [queued]>
[2023-03-17T23:21:03.016+0000] {taskinstance.py:1083} INFO - Dependencies all met for <TaskInstance: First_DAG.bash_task manual__2023-03-17T23:21:01.184660+00:00 [queued]>
[2023-03-17T23:21:03.017+0000] {taskinstance.py:1279} INFO - 
--------------------------------------------------------------------------------
[2023-03-17T23:21:03.018+0000] {taskinstance.py:1280} INFO - Starting attempt 1 of 2
[2023-03-17T23:21:03.019+0000] {taskinstance.py:1281} INFO - 
--------------------------------------------------------------------------------
[2023-03-17T23:21:03.059+0000] {taskinstance.py:1300} INFO - Executing <Task(BashOperator): bash_task> on 2023-03-17 23:21:01.184660+00:00
[2023-03-17T23:21:03.071+0000] {standard_task_runner.py:55} INFO - Started process 815 to run task
[2023-03-17T23:21:03.084+0000] {standard_task_runner.py:82} INFO - Running: ['***', 'tasks', 'run', 'First_DAG', 'bash_task', 'manual__2023-03-17T23:21:01.184660+00:00', '--job-id', '6', '--raw', '--subdir', 'DAGS_FOLDER/first.py', '--cfg-path', '/tmp/tmpmtap8eq2']
[2023-03-17T23:21:03.086+0000] {standard_task_runner.py:83} INFO - Job 6: Subtask bash_task
[2023-03-17T23:21:03.317+0000] {task_command.py:388} INFO - Running <TaskInstance: First_DAG.bash_task manual__2023-03-17T23:21:01.184660+00:00 [running]> on host 12e59bc4b2cf
[2023-03-17T23:21:03.479+0000] {taskinstance.py:1509} INFO - Exporting the following env vars:
AIRFLOW_CTX_DAG_OWNER=***
AIRFLOW_CTX_DAG_ID=First_DAG
AIRFLOW_CTX_TASK_ID=bash_task
AIRFLOW_CTX_EXECUTION_DATE=2023-03-17T23:21:01.184660+00:00
AIRFLOW_CTX_TRY_NUMBER=1
AIRFLOW_CTX_DAG_RUN_ID=manual__2023-03-17T23:21:01.184660+00:00
[2023-03-17T23:21:03.486+0000] {subprocess.py:63} INFO - Tmp dir root location: 
 /tmp
[2023-03-17T23:21:03.489+0000] {subprocess.py:75} INFO - Running command: ['/bin/bash', '-c', 'echo "here is the message: \'$message\'"']
[2023-03-17T23:21:03.509+0000] {subprocess.py:86} INFO - Output:
[2023-03-17T23:21:03.516+0000] {subprocess.py:93} INFO - here is the message: ''
[2023-03-17T23:21:03.520+0000] {subprocess.py:97} INFO - Command exited with return code 0
[2023-03-17T23:21:03.621+0000] {taskinstance.py:1323} INFO - Marking task as SUCCESS. dag_id=First_DAG, task_id=bash_task, execution_date=20230317T232101, start_date=20230317T232102, end_date=20230317T232103
[2023-03-17T23:21:03.664+0000] {local_task_job.py:208} INFO - Task exited with return code 0
[2023-03-17T23:21:03.720+0000] {taskinstance.py:2578} INFO - 0 downstream tasks scheduled from follow-on schedule check
