[2023-03-16T23:18:45.319+0000] {taskinstance.py:1083} INFO - Dependencies all met for <TaskInstance: tutorial.print_date manual__2023-03-16T23:18:43.948284+00:00 [queued]>
[2023-03-16T23:18:45.332+0000] {taskinstance.py:1083} INFO - Dependencies all met for <TaskInstance: tutorial.print_date manual__2023-03-16T23:18:43.948284+00:00 [queued]>
[2023-03-16T23:18:45.332+0000] {taskinstance.py:1279} INFO - 
--------------------------------------------------------------------------------
[2023-03-16T23:18:45.333+0000] {taskinstance.py:1280} INFO - Starting attempt 1 of 2
[2023-03-16T23:18:45.334+0000] {taskinstance.py:1281} INFO - 
--------------------------------------------------------------------------------
[2023-03-16T23:18:45.352+0000] {taskinstance.py:1300} INFO - Executing <Task(BashOperator): print_date> on 2023-03-16 23:18:43.948284+00:00
[2023-03-16T23:18:45.358+0000] {standard_task_runner.py:55} INFO - Started process 12373 to run task
[2023-03-16T23:18:45.365+0000] {standard_task_runner.py:82} INFO - Running: ['***', 'tasks', 'run', 'tutorial', 'print_date', 'manual__2023-03-16T23:18:43.948284+00:00', '--job-id', '7', '--raw', '--subdir', '/home/***/.local/lib/python3.7/site-packages/***/example_dags/tutorial.py', '--cfg-path', '/tmp/tmp4jzdopk1']
[2023-03-16T23:18:45.366+0000] {standard_task_runner.py:83} INFO - Job 7: Subtask print_date
[2023-03-16T23:18:45.483+0000] {task_command.py:388} INFO - Running <TaskInstance: tutorial.print_date manual__2023-03-16T23:18:43.948284+00:00 [running]> on host e831dd1240d3
[2023-03-16T23:18:45.576+0000] {taskinstance.py:1509} INFO - Exporting the following env vars:
AIRFLOW_CTX_DAG_EMAIL=***@example.com
AIRFLOW_CTX_DAG_OWNER=***
AIRFLOW_CTX_DAG_ID=tutorial
AIRFLOW_CTX_TASK_ID=print_date
AIRFLOW_CTX_EXECUTION_DATE=2023-03-16T23:18:43.948284+00:00
AIRFLOW_CTX_TRY_NUMBER=1
AIRFLOW_CTX_DAG_RUN_ID=manual__2023-03-16T23:18:43.948284+00:00
[2023-03-16T23:18:45.578+0000] {subprocess.py:63} INFO - Tmp dir root location: 
 /tmp
[2023-03-16T23:18:45.579+0000] {subprocess.py:75} INFO - Running command: ['/bin/bash', '-c', 'date']
[2023-03-16T23:18:45.590+0000] {subprocess.py:86} INFO - Output:
[2023-03-16T23:18:45.593+0000] {subprocess.py:93} INFO - Thu Mar 16 23:18:45 UTC 2023
[2023-03-16T23:18:45.594+0000] {subprocess.py:97} INFO - Command exited with return code 0
[2023-03-16T23:18:45.622+0000] {taskinstance.py:1323} INFO - Marking task as SUCCESS. dag_id=tutorial, task_id=print_date, execution_date=20230316T231843, start_date=20230316T231845, end_date=20230316T231845
[2023-03-16T23:18:45.659+0000] {local_task_job.py:208} INFO - Task exited with return code 0
[2023-03-16T23:18:45.682+0000] {taskinstance.py:2578} INFO - 2 downstream tasks scheduled from follow-on schedule check
