[2023-03-14T20:15:19.332+0000] {processor.py:153} INFO - Started process (PID=2637) to work on /opt/airflow/dags/first.py
[2023-03-14T20:15:19.334+0000] {processor.py:743} INFO - Processing file /opt/airflow/dags/first.py for tasks to queue
[2023-03-14T20:15:19.335+0000] {logging_mixin.py:137} INFO - [2023-03-14T20:15:19.335+0000] {dagbag.py:538} INFO - Filling up the DagBag from /opt/airflow/dags/first.py
[2023-03-14T20:15:19.370+0000] {processor.py:755} WARNING - No viable dags retrieved from /opt/airflow/dags/first.py
[2023-03-14T20:15:19.384+0000] {processor.py:175} INFO - Processing /opt/airflow/dags/first.py took 0.055 seconds
[2023-03-14T20:15:49.982+0000] {processor.py:153} INFO - Started process (PID=2737) to work on /opt/airflow/dags/first.py
[2023-03-14T20:15:49.983+0000] {processor.py:743} INFO - Processing file /opt/airflow/dags/first.py for tasks to queue
[2023-03-14T20:15:49.984+0000] {logging_mixin.py:137} INFO - [2023-03-14T20:15:49.984+0000] {dagbag.py:538} INFO - Filling up the DagBag from /opt/airflow/dags/first.py
[2023-03-14T20:15:50.011+0000] {processor.py:755} WARNING - No viable dags retrieved from /opt/airflow/dags/first.py
[2023-03-14T20:15:50.028+0000] {processor.py:175} INFO - Processing /opt/airflow/dags/first.py took 0.049 seconds
[2023-03-14T20:16:20.195+0000] {processor.py:153} INFO - Started process (PID=2817) to work on /opt/airflow/dags/first.py
[2023-03-14T20:16:20.196+0000] {processor.py:743} INFO - Processing file /opt/airflow/dags/first.py for tasks to queue
[2023-03-14T20:16:20.197+0000] {logging_mixin.py:137} INFO - [2023-03-14T20:16:20.197+0000] {dagbag.py:538} INFO - Filling up the DagBag from /opt/airflow/dags/first.py
[2023-03-14T20:16:20.219+0000] {processor.py:755} WARNING - No viable dags retrieved from /opt/airflow/dags/first.py
[2023-03-14T20:16:20.237+0000] {processor.py:175} INFO - Processing /opt/airflow/dags/first.py took 0.044 seconds
[2023-03-14T20:16:50.556+0000] {processor.py:153} INFO - Started process (PID=2907) to work on /opt/airflow/dags/first.py
[2023-03-14T20:16:50.559+0000] {processor.py:743} INFO - Processing file /opt/airflow/dags/first.py for tasks to queue
[2023-03-14T20:16:50.562+0000] {logging_mixin.py:137} INFO - [2023-03-14T20:16:50.561+0000] {dagbag.py:538} INFO - Filling up the DagBag from /opt/airflow/dags/first.py
[2023-03-14T20:16:50.594+0000] {processor.py:755} WARNING - No viable dags retrieved from /opt/airflow/dags/first.py
[2023-03-14T20:16:50.615+0000] {processor.py:175} INFO - Processing /opt/airflow/dags/first.py took 0.075 seconds
[2023-03-14T20:17:20.866+0000] {processor.py:153} INFO - Started process (PID=2997) to work on /opt/airflow/dags/first.py
[2023-03-14T20:17:20.868+0000] {processor.py:743} INFO - Processing file /opt/airflow/dags/first.py for tasks to queue
[2023-03-14T20:17:20.869+0000] {logging_mixin.py:137} INFO - [2023-03-14T20:17:20.869+0000] {dagbag.py:538} INFO - Filling up the DagBag from /opt/airflow/dags/first.py
[2023-03-14T20:17:20.891+0000] {processor.py:755} WARNING - No viable dags retrieved from /opt/airflow/dags/first.py
[2023-03-14T20:17:20.903+0000] {processor.py:175} INFO - Processing /opt/airflow/dags/first.py took 0.040 seconds
[2023-03-14T20:17:51.224+0000] {processor.py:153} INFO - Started process (PID=3077) to work on /opt/airflow/dags/first.py
[2023-03-14T20:17:51.225+0000] {processor.py:743} INFO - Processing file /opt/airflow/dags/first.py for tasks to queue
[2023-03-14T20:17:51.225+0000] {logging_mixin.py:137} INFO - [2023-03-14T20:17:51.225+0000] {dagbag.py:538} INFO - Filling up the DagBag from /opt/airflow/dags/first.py
[2023-03-14T20:17:51.247+0000] {processor.py:755} WARNING - No viable dags retrieved from /opt/airflow/dags/first.py
[2023-03-14T20:17:51.261+0000] {processor.py:175} INFO - Processing /opt/airflow/dags/first.py took 0.040 seconds
[2023-03-14T20:18:21.652+0000] {processor.py:153} INFO - Started process (PID=3177) to work on /opt/airflow/dags/first.py
[2023-03-14T20:18:21.653+0000] {processor.py:743} INFO - Processing file /opt/airflow/dags/first.py for tasks to queue
[2023-03-14T20:18:21.654+0000] {logging_mixin.py:137} INFO - [2023-03-14T20:18:21.654+0000] {dagbag.py:538} INFO - Filling up the DagBag from /opt/airflow/dags/first.py
[2023-03-14T20:18:21.673+0000] {processor.py:755} WARNING - No viable dags retrieved from /opt/airflow/dags/first.py
[2023-03-14T20:18:21.689+0000] {processor.py:175} INFO - Processing /opt/airflow/dags/first.py took 0.040 seconds
[2023-03-14T20:18:51.894+0000] {processor.py:153} INFO - Started process (PID=3257) to work on /opt/airflow/dags/first.py
[2023-03-14T20:18:51.895+0000] {processor.py:743} INFO - Processing file /opt/airflow/dags/first.py for tasks to queue
[2023-03-14T20:18:51.896+0000] {logging_mixin.py:137} INFO - [2023-03-14T20:18:51.896+0000] {dagbag.py:538} INFO - Filling up the DagBag from /opt/airflow/dags/first.py
[2023-03-14T20:18:51.917+0000] {processor.py:755} WARNING - No viable dags retrieved from /opt/airflow/dags/first.py
[2023-03-14T20:18:51.931+0000] {processor.py:175} INFO - Processing /opt/airflow/dags/first.py took 0.042 seconds
[2023-03-14T20:19:22.084+0000] {processor.py:153} INFO - Started process (PID=3357) to work on /opt/airflow/dags/first.py
[2023-03-14T20:19:22.088+0000] {processor.py:743} INFO - Processing file /opt/airflow/dags/first.py for tasks to queue
[2023-03-14T20:19:22.089+0000] {logging_mixin.py:137} INFO - [2023-03-14T20:19:22.089+0000] {dagbag.py:538} INFO - Filling up the DagBag from /opt/airflow/dags/first.py
[2023-03-14T20:19:22.114+0000] {processor.py:755} WARNING - No viable dags retrieved from /opt/airflow/dags/first.py
[2023-03-14T20:19:22.127+0000] {processor.py:175} INFO - Processing /opt/airflow/dags/first.py took 0.057 seconds
[2023-03-14T20:19:52.254+0000] {processor.py:153} INFO - Started process (PID=3437) to work on /opt/airflow/dags/first.py
[2023-03-14T20:19:52.256+0000] {processor.py:743} INFO - Processing file /opt/airflow/dags/first.py for tasks to queue
[2023-03-14T20:19:52.257+0000] {logging_mixin.py:137} INFO - [2023-03-14T20:19:52.256+0000] {dagbag.py:538} INFO - Filling up the DagBag from /opt/airflow/dags/first.py
[2023-03-14T20:19:52.279+0000] {processor.py:755} WARNING - No viable dags retrieved from /opt/airflow/dags/first.py
[2023-03-14T20:19:52.297+0000] {processor.py:175} INFO - Processing /opt/airflow/dags/first.py took 0.047 seconds
[2023-03-14T20:20:22.527+0000] {processor.py:153} INFO - Started process (PID=3525) to work on /opt/airflow/dags/first.py
[2023-03-14T20:20:22.529+0000] {processor.py:743} INFO - Processing file /opt/airflow/dags/first.py for tasks to queue
[2023-03-14T20:20:22.530+0000] {logging_mixin.py:137} INFO - [2023-03-14T20:20:22.530+0000] {dagbag.py:538} INFO - Filling up the DagBag from /opt/airflow/dags/first.py
[2023-03-14T20:20:22.550+0000] {processor.py:755} WARNING - No viable dags retrieved from /opt/airflow/dags/first.py
[2023-03-14T20:20:22.569+0000] {processor.py:175} INFO - Processing /opt/airflow/dags/first.py took 0.044 seconds
[2023-03-14T20:20:53.280+0000] {processor.py:153} INFO - Started process (PID=3619) to work on /opt/airflow/dags/first.py
[2023-03-14T20:20:53.281+0000] {processor.py:743} INFO - Processing file /opt/airflow/dags/first.py for tasks to queue
[2023-03-14T20:20:53.282+0000] {logging_mixin.py:137} INFO - [2023-03-14T20:20:53.282+0000] {dagbag.py:538} INFO - Filling up the DagBag from /opt/airflow/dags/first.py
[2023-03-14T20:20:53.308+0000] {processor.py:755} WARNING - No viable dags retrieved from /opt/airflow/dags/first.py
[2023-03-14T20:20:53.321+0000] {processor.py:175} INFO - Processing /opt/airflow/dags/first.py took 0.045 seconds
[2023-03-14T20:21:24.241+0000] {processor.py:153} INFO - Started process (PID=3698) to work on /opt/airflow/dags/first.py
[2023-03-14T20:21:24.242+0000] {processor.py:743} INFO - Processing file /opt/airflow/dags/first.py for tasks to queue
[2023-03-14T20:21:24.243+0000] {logging_mixin.py:137} INFO - [2023-03-14T20:21:24.243+0000] {dagbag.py:538} INFO - Filling up the DagBag from /opt/airflow/dags/first.py
[2023-03-14T20:21:24.262+0000] {processor.py:755} WARNING - No viable dags retrieved from /opt/airflow/dags/first.py
[2023-03-14T20:21:24.322+0000] {processor.py:175} INFO - Processing /opt/airflow/dags/first.py took 0.084 seconds
[2023-03-14T20:21:55.286+0000] {processor.py:153} INFO - Started process (PID=3798) to work on /opt/airflow/dags/first.py
[2023-03-14T20:21:55.287+0000] {processor.py:743} INFO - Processing file /opt/airflow/dags/first.py for tasks to queue
[2023-03-14T20:21:55.288+0000] {logging_mixin.py:137} INFO - [2023-03-14T20:21:55.288+0000] {dagbag.py:538} INFO - Filling up the DagBag from /opt/airflow/dags/first.py
[2023-03-14T20:21:55.307+0000] {processor.py:755} WARNING - No viable dags retrieved from /opt/airflow/dags/first.py
[2023-03-14T20:21:55.324+0000] {processor.py:175} INFO - Processing /opt/airflow/dags/first.py took 0.041 seconds
[2023-03-14T20:21:57.386+0000] {processor.py:153} INFO - Started process (PID=3799) to work on /opt/airflow/dags/first.py
[2023-03-14T20:21:57.387+0000] {processor.py:743} INFO - Processing file /opt/airflow/dags/first.py for tasks to queue
[2023-03-14T20:21:57.387+0000] {logging_mixin.py:137} INFO - [2023-03-14T20:21:57.387+0000] {dagbag.py:538} INFO - Filling up the DagBag from /opt/airflow/dags/first.py
[2023-03-14T20:21:57.428+0000] {processor.py:755} WARNING - No viable dags retrieved from /opt/airflow/dags/first.py
[2023-03-14T20:21:57.445+0000] {processor.py:175} INFO - Processing /opt/airflow/dags/first.py took 0.062 seconds
[2023-03-14T20:22:19.486+0000] {processor.py:153} INFO - Started process (PID=3862) to work on /opt/airflow/dags/first.py
[2023-03-14T20:22:19.488+0000] {processor.py:743} INFO - Processing file /opt/airflow/dags/first.py for tasks to queue
[2023-03-14T20:22:19.490+0000] {logging_mixin.py:137} INFO - [2023-03-14T20:22:19.490+0000] {dagbag.py:538} INFO - Filling up the DagBag from /opt/airflow/dags/first.py
[2023-03-14T20:22:19.530+0000] {processor.py:755} WARNING - No viable dags retrieved from /opt/airflow/dags/first.py
[2023-03-14T20:22:19.547+0000] {processor.py:175} INFO - Processing /opt/airflow/dags/first.py took 0.064 seconds
[2023-03-14T20:22:49.628+0000] {processor.py:153} INFO - Started process (PID=3942) to work on /opt/airflow/dags/first.py
[2023-03-14T20:22:49.629+0000] {processor.py:743} INFO - Processing file /opt/airflow/dags/first.py for tasks to queue
[2023-03-14T20:22:49.630+0000] {logging_mixin.py:137} INFO - [2023-03-14T20:22:49.630+0000] {dagbag.py:538} INFO - Filling up the DagBag from /opt/airflow/dags/first.py
[2023-03-14T20:22:49.650+0000] {processor.py:755} WARNING - No viable dags retrieved from /opt/airflow/dags/first.py
[2023-03-14T20:22:49.667+0000] {processor.py:175} INFO - Processing /opt/airflow/dags/first.py took 0.042 seconds
[2023-03-14T20:23:19.936+0000] {processor.py:153} INFO - Started process (PID=4042) to work on /opt/airflow/dags/first.py
[2023-03-14T20:23:19.940+0000] {processor.py:743} INFO - Processing file /opt/airflow/dags/first.py for tasks to queue
[2023-03-14T20:23:19.943+0000] {logging_mixin.py:137} INFO - [2023-03-14T20:23:19.942+0000] {dagbag.py:538} INFO - Filling up the DagBag from /opt/airflow/dags/first.py
[2023-03-14T20:23:19.981+0000] {processor.py:755} WARNING - No viable dags retrieved from /opt/airflow/dags/first.py
[2023-03-14T20:23:20.023+0000] {processor.py:175} INFO - Processing /opt/airflow/dags/first.py took 0.097 seconds
[2023-03-14T20:23:21.411+0000] {processor.py:153} INFO - Started process (PID=4048) to work on /opt/airflow/dags/first.py
[2023-03-14T20:23:21.412+0000] {processor.py:743} INFO - Processing file /opt/airflow/dags/first.py for tasks to queue
[2023-03-14T20:23:21.414+0000] {logging_mixin.py:137} INFO - [2023-03-14T20:23:21.414+0000] {dagbag.py:538} INFO - Filling up the DagBag from /opt/airflow/dags/first.py
[2023-03-14T20:23:21.457+0000] {processor.py:755} WARNING - No viable dags retrieved from /opt/airflow/dags/first.py
[2023-03-14T20:23:21.469+0000] {processor.py:175} INFO - Processing /opt/airflow/dags/first.py took 0.062 seconds
[2023-03-14T20:23:52.447+0000] {processor.py:153} INFO - Started process (PID=4128) to work on /opt/airflow/dags/first.py
[2023-03-14T20:23:52.448+0000] {processor.py:743} INFO - Processing file /opt/airflow/dags/first.py for tasks to queue
[2023-03-14T20:23:52.449+0000] {logging_mixin.py:137} INFO - [2023-03-14T20:23:52.448+0000] {dagbag.py:538} INFO - Filling up the DagBag from /opt/airflow/dags/first.py
[2023-03-14T20:23:52.468+0000] {processor.py:755} WARNING - No viable dags retrieved from /opt/airflow/dags/first.py
[2023-03-14T20:23:52.481+0000] {processor.py:175} INFO - Processing /opt/airflow/dags/first.py took 0.038 seconds
[2023-03-14T20:24:23.299+0000] {processor.py:153} INFO - Started process (PID=4228) to work on /opt/airflow/dags/first.py
[2023-03-14T20:24:23.301+0000] {processor.py:743} INFO - Processing file /opt/airflow/dags/first.py for tasks to queue
[2023-03-14T20:24:23.302+0000] {logging_mixin.py:137} INFO - [2023-03-14T20:24:23.302+0000] {dagbag.py:538} INFO - Filling up the DagBag from /opt/airflow/dags/first.py
[2023-03-14T20:24:23.322+0000] {processor.py:755} WARNING - No viable dags retrieved from /opt/airflow/dags/first.py
[2023-03-14T20:24:23.341+0000] {processor.py:175} INFO - Processing /opt/airflow/dags/first.py took 0.045 seconds
[2023-03-14T20:24:54.044+0000] {processor.py:153} INFO - Started process (PID=4308) to work on /opt/airflow/dags/first.py
[2023-03-14T20:24:54.044+0000] {processor.py:743} INFO - Processing file /opt/airflow/dags/first.py for tasks to queue
[2023-03-14T20:24:54.045+0000] {logging_mixin.py:137} INFO - [2023-03-14T20:24:54.045+0000] {dagbag.py:538} INFO - Filling up the DagBag from /opt/airflow/dags/first.py
[2023-03-14T20:24:54.065+0000] {processor.py:755} WARNING - No viable dags retrieved from /opt/airflow/dags/first.py
[2023-03-14T20:24:54.078+0000] {processor.py:175} INFO - Processing /opt/airflow/dags/first.py took 0.037 seconds
[2023-03-14T20:25:24.150+0000] {processor.py:153} INFO - Started process (PID=4408) to work on /opt/airflow/dags/first.py
[2023-03-14T20:25:24.151+0000] {processor.py:743} INFO - Processing file /opt/airflow/dags/first.py for tasks to queue
[2023-03-14T20:25:24.152+0000] {logging_mixin.py:137} INFO - [2023-03-14T20:25:24.152+0000] {dagbag.py:538} INFO - Filling up the DagBag from /opt/airflow/dags/first.py
[2023-03-14T20:25:24.172+0000] {processor.py:755} WARNING - No viable dags retrieved from /opt/airflow/dags/first.py
[2023-03-14T20:25:24.184+0000] {processor.py:175} INFO - Processing /opt/airflow/dags/first.py took 0.038 seconds
[2023-03-14T20:25:54.268+0000] {processor.py:153} INFO - Started process (PID=4489) to work on /opt/airflow/dags/first.py
[2023-03-14T20:25:54.269+0000] {processor.py:743} INFO - Processing file /opt/airflow/dags/first.py for tasks to queue
[2023-03-14T20:25:54.270+0000] {logging_mixin.py:137} INFO - [2023-03-14T20:25:54.270+0000] {dagbag.py:538} INFO - Filling up the DagBag from /opt/airflow/dags/first.py
[2023-03-14T20:25:54.287+0000] {processor.py:755} WARNING - No viable dags retrieved from /opt/airflow/dags/first.py
[2023-03-14T20:25:54.298+0000] {processor.py:175} INFO - Processing /opt/airflow/dags/first.py took 0.034 seconds
[2023-03-14T20:26:24.585+0000] {processor.py:153} INFO - Started process (PID=4564) to work on /opt/airflow/dags/first.py
[2023-03-14T20:26:24.586+0000] {processor.py:743} INFO - Processing file /opt/airflow/dags/first.py for tasks to queue
[2023-03-14T20:26:24.587+0000] {logging_mixin.py:137} INFO - [2023-03-14T20:26:24.587+0000] {dagbag.py:538} INFO - Filling up the DagBag from /opt/airflow/dags/first.py
[2023-03-14T20:26:24.606+0000] {processor.py:755} WARNING - No viable dags retrieved from /opt/airflow/dags/first.py
[2023-03-14T20:26:24.623+0000] {processor.py:175} INFO - Processing /opt/airflow/dags/first.py took 0.043 seconds
[2023-03-14T20:26:54.996+0000] {processor.py:153} INFO - Started process (PID=4664) to work on /opt/airflow/dags/first.py
[2023-03-14T20:26:54.997+0000] {processor.py:743} INFO - Processing file /opt/airflow/dags/first.py for tasks to queue
[2023-03-14T20:26:54.998+0000] {logging_mixin.py:137} INFO - [2023-03-14T20:26:54.998+0000] {dagbag.py:538} INFO - Filling up the DagBag from /opt/airflow/dags/first.py
[2023-03-14T20:26:55.018+0000] {processor.py:755} WARNING - No viable dags retrieved from /opt/airflow/dags/first.py
[2023-03-14T20:26:55.033+0000] {processor.py:175} INFO - Processing /opt/airflow/dags/first.py took 0.042 seconds
[2023-03-14T20:27:25.983+0000] {processor.py:153} INFO - Started process (PID=4744) to work on /opt/airflow/dags/first.py
[2023-03-14T20:27:25.984+0000] {processor.py:743} INFO - Processing file /opt/airflow/dags/first.py for tasks to queue
[2023-03-14T20:27:25.985+0000] {logging_mixin.py:137} INFO - [2023-03-14T20:27:25.985+0000] {dagbag.py:538} INFO - Filling up the DagBag from /opt/airflow/dags/first.py
[2023-03-14T20:27:26.007+0000] {processor.py:755} WARNING - No viable dags retrieved from /opt/airflow/dags/first.py
[2023-03-14T20:27:26.024+0000] {processor.py:175} INFO - Processing /opt/airflow/dags/first.py took 0.045 seconds
[2023-03-14T20:27:56.602+0000] {processor.py:153} INFO - Started process (PID=4844) to work on /opt/airflow/dags/first.py
[2023-03-14T20:27:56.604+0000] {processor.py:743} INFO - Processing file /opt/airflow/dags/first.py for tasks to queue
[2023-03-14T20:27:56.605+0000] {logging_mixin.py:137} INFO - [2023-03-14T20:27:56.605+0000] {dagbag.py:538} INFO - Filling up the DagBag from /opt/airflow/dags/first.py
[2023-03-14T20:27:56.624+0000] {processor.py:755} WARNING - No viable dags retrieved from /opt/airflow/dags/first.py
[2023-03-14T20:27:56.637+0000] {processor.py:175} INFO - Processing /opt/airflow/dags/first.py took 0.039 seconds
[2023-03-14T20:28:26.778+0000] {processor.py:153} INFO - Started process (PID=4924) to work on /opt/airflow/dags/first.py
[2023-03-14T20:28:26.779+0000] {processor.py:743} INFO - Processing file /opt/airflow/dags/first.py for tasks to queue
[2023-03-14T20:28:26.780+0000] {logging_mixin.py:137} INFO - [2023-03-14T20:28:26.780+0000] {dagbag.py:538} INFO - Filling up the DagBag from /opt/airflow/dags/first.py
[2023-03-14T20:28:26.801+0000] {processor.py:755} WARNING - No viable dags retrieved from /opt/airflow/dags/first.py
[2023-03-14T20:28:26.817+0000] {processor.py:175} INFO - Processing /opt/airflow/dags/first.py took 0.043 seconds
[2023-03-14T20:28:56.913+0000] {processor.py:153} INFO - Started process (PID=5024) to work on /opt/airflow/dags/first.py
[2023-03-14T20:28:56.916+0000] {processor.py:743} INFO - Processing file /opt/airflow/dags/first.py for tasks to queue
[2023-03-14T20:28:56.919+0000] {logging_mixin.py:137} INFO - [2023-03-14T20:28:56.918+0000] {dagbag.py:538} INFO - Filling up the DagBag from /opt/airflow/dags/first.py
[2023-03-14T20:28:56.951+0000] {processor.py:755} WARNING - No viable dags retrieved from /opt/airflow/dags/first.py
[2023-03-14T20:28:56.983+0000] {processor.py:175} INFO - Processing /opt/airflow/dags/first.py took 0.085 seconds
[2023-03-14T20:29:27.406+0000] {processor.py:153} INFO - Started process (PID=5104) to work on /opt/airflow/dags/first.py
[2023-03-14T20:29:27.407+0000] {processor.py:743} INFO - Processing file /opt/airflow/dags/first.py for tasks to queue
[2023-03-14T20:29:27.409+0000] {logging_mixin.py:137} INFO - [2023-03-14T20:29:27.408+0000] {dagbag.py:538} INFO - Filling up the DagBag from /opt/airflow/dags/first.py
[2023-03-14T20:29:27.428+0000] {processor.py:755} WARNING - No viable dags retrieved from /opt/airflow/dags/first.py
[2023-03-14T20:29:27.444+0000] {processor.py:175} INFO - Processing /opt/airflow/dags/first.py took 0.042 seconds
[2023-03-14T20:29:58.435+0000] {processor.py:153} INFO - Started process (PID=5193) to work on /opt/airflow/dags/first.py
[2023-03-14T20:29:58.439+0000] {processor.py:743} INFO - Processing file /opt/airflow/dags/first.py for tasks to queue
[2023-03-14T20:29:58.441+0000] {logging_mixin.py:137} INFO - [2023-03-14T20:29:58.441+0000] {dagbag.py:538} INFO - Filling up the DagBag from /opt/airflow/dags/first.py
[2023-03-14T20:29:58.472+0000] {processor.py:755} WARNING - No viable dags retrieved from /opt/airflow/dags/first.py
[2023-03-14T20:29:58.509+0000] {processor.py:175} INFO - Processing /opt/airflow/dags/first.py took 0.088 seconds
[2023-03-14T20:30:28.792+0000] {processor.py:153} INFO - Started process (PID=5284) to work on /opt/airflow/dags/first.py
[2023-03-14T20:30:28.793+0000] {processor.py:743} INFO - Processing file /opt/airflow/dags/first.py for tasks to queue
[2023-03-14T20:30:28.794+0000] {logging_mixin.py:137} INFO - [2023-03-14T20:30:28.794+0000] {dagbag.py:538} INFO - Filling up the DagBag from /opt/airflow/dags/first.py
[2023-03-14T20:30:28.810+0000] {processor.py:755} WARNING - No viable dags retrieved from /opt/airflow/dags/first.py
[2023-03-14T20:30:28.824+0000] {processor.py:175} INFO - Processing /opt/airflow/dags/first.py took 0.036 seconds
[2023-03-14T20:30:59.790+0000] {processor.py:153} INFO - Started process (PID=5364) to work on /opt/airflow/dags/first.py
[2023-03-14T20:30:59.791+0000] {processor.py:743} INFO - Processing file /opt/airflow/dags/first.py for tasks to queue
[2023-03-14T20:30:59.792+0000] {logging_mixin.py:137} INFO - [2023-03-14T20:30:59.792+0000] {dagbag.py:538} INFO - Filling up the DagBag from /opt/airflow/dags/first.py
[2023-03-14T20:30:59.809+0000] {processor.py:755} WARNING - No viable dags retrieved from /opt/airflow/dags/first.py
[2023-03-14T20:30:59.870+0000] {processor.py:175} INFO - Processing /opt/airflow/dags/first.py took 0.085 seconds
[2023-03-14T20:31:30.616+0000] {processor.py:153} INFO - Started process (PID=5464) to work on /opt/airflow/dags/first.py
[2023-03-14T20:31:30.617+0000] {processor.py:743} INFO - Processing file /opt/airflow/dags/first.py for tasks to queue
[2023-03-14T20:31:30.619+0000] {logging_mixin.py:137} INFO - [2023-03-14T20:31:30.618+0000] {dagbag.py:538} INFO - Filling up the DagBag from /opt/airflow/dags/first.py
[2023-03-14T20:31:30.639+0000] {processor.py:755} WARNING - No viable dags retrieved from /opt/airflow/dags/first.py
[2023-03-14T20:31:30.652+0000] {processor.py:175} INFO - Processing /opt/airflow/dags/first.py took 0.040 seconds
[2023-03-14T20:32:00.958+0000] {processor.py:153} INFO - Started process (PID=5544) to work on /opt/airflow/dags/first.py
[2023-03-14T20:32:00.963+0000] {processor.py:743} INFO - Processing file /opt/airflow/dags/first.py for tasks to queue
[2023-03-14T20:32:00.965+0000] {logging_mixin.py:137} INFO - [2023-03-14T20:32:00.965+0000] {dagbag.py:538} INFO - Filling up the DagBag from /opt/airflow/dags/first.py
[2023-03-14T20:32:01.022+0000] {processor.py:753} INFO - DAG(s) dict_keys(['First_DAG']) retrieved from /opt/airflow/dags/first.py
[2023-03-14T20:32:01.194+0000] {logging_mixin.py:137} INFO - [2023-03-14T20:32:01.193+0000] {manager.py:504} INFO - Created Permission View: can edit on DAG:First_DAG
[2023-03-14T20:32:01.204+0000] {logging_mixin.py:137} INFO - [2023-03-14T20:32:01.204+0000] {manager.py:504} INFO - Created Permission View: can delete on DAG:First_DAG
[2023-03-14T20:32:01.212+0000] {logging_mixin.py:137} INFO - [2023-03-14T20:32:01.212+0000] {manager.py:504} INFO - Created Permission View: can read on DAG:First_DAG
[2023-03-14T20:32:01.213+0000] {logging_mixin.py:137} INFO - [2023-03-14T20:32:01.213+0000] {dag.py:2690} INFO - Sync 1 DAGs
[2023-03-14T20:32:01.229+0000] {logging_mixin.py:137} INFO - [2023-03-14T20:32:01.228+0000] {dag.py:2711} INFO - Creating ORM DAG for First_DAG
[2023-03-14T20:32:01.241+0000] {logging_mixin.py:137} INFO - [2023-03-14T20:32:01.241+0000] {dag.py:3441} INFO - Setting next_dagrun for First_DAG to None, run_after=None
[2023-03-14T20:32:01.267+0000] {processor.py:175} INFO - Processing /opt/airflow/dags/first.py took 0.314 seconds
[2023-03-14T20:32:31.696+0000] {processor.py:153} INFO - Started process (PID=5645) to work on /opt/airflow/dags/first.py
[2023-03-14T20:32:31.697+0000] {processor.py:743} INFO - Processing file /opt/airflow/dags/first.py for tasks to queue
[2023-03-14T20:32:31.698+0000] {logging_mixin.py:137} INFO - [2023-03-14T20:32:31.698+0000] {dagbag.py:538} INFO - Filling up the DagBag from /opt/airflow/dags/first.py
[2023-03-14T20:32:31.724+0000] {processor.py:753} INFO - DAG(s) dict_keys(['First_DAG']) retrieved from /opt/airflow/dags/first.py
[2023-03-14T20:32:31.746+0000] {logging_mixin.py:137} INFO - [2023-03-14T20:32:31.746+0000] {dag.py:2690} INFO - Sync 1 DAGs
[2023-03-14T20:32:31.769+0000] {logging_mixin.py:137} INFO - [2023-03-14T20:32:31.769+0000] {dag.py:3441} INFO - Setting next_dagrun for First_DAG to None, run_after=None
[2023-03-14T20:32:31.797+0000] {processor.py:175} INFO - Processing /opt/airflow/dags/first.py took 0.104 seconds
[2023-03-14T20:33:01.933+0000] {processor.py:153} INFO - Started process (PID=5725) to work on /opt/airflow/dags/first.py
[2023-03-14T20:33:01.935+0000] {processor.py:743} INFO - Processing file /opt/airflow/dags/first.py for tasks to queue
[2023-03-14T20:33:01.935+0000] {logging_mixin.py:137} INFO - [2023-03-14T20:33:01.935+0000] {dagbag.py:538} INFO - Filling up the DagBag from /opt/airflow/dags/first.py
[2023-03-14T20:33:01.966+0000] {processor.py:753} INFO - DAG(s) dict_keys(['First_DAG']) retrieved from /opt/airflow/dags/first.py
[2023-03-14T20:33:01.991+0000] {logging_mixin.py:137} INFO - [2023-03-14T20:33:01.991+0000] {dag.py:2690} INFO - Sync 1 DAGs
[2023-03-14T20:33:02.018+0000] {logging_mixin.py:137} INFO - [2023-03-14T20:33:02.018+0000] {dag.py:3441} INFO - Setting next_dagrun for First_DAG to None, run_after=None
[2023-03-14T20:33:02.043+0000] {processor.py:175} INFO - Processing /opt/airflow/dags/first.py took 0.114 seconds
[2023-03-14T20:33:32.845+0000] {processor.py:153} INFO - Started process (PID=5814) to work on /opt/airflow/dags/first.py
[2023-03-14T20:33:32.846+0000] {processor.py:743} INFO - Processing file /opt/airflow/dags/first.py for tasks to queue
[2023-03-14T20:33:32.847+0000] {logging_mixin.py:137} INFO - [2023-03-14T20:33:32.847+0000] {dagbag.py:538} INFO - Filling up the DagBag from /opt/airflow/dags/first.py
[2023-03-14T20:33:32.876+0000] {processor.py:753} INFO - DAG(s) dict_keys(['First_DAG']) retrieved from /opt/airflow/dags/first.py
[2023-03-14T20:33:32.912+0000] {logging_mixin.py:137} INFO - [2023-03-14T20:33:32.912+0000] {dag.py:2690} INFO - Sync 1 DAGs
[2023-03-14T20:33:32.937+0000] {logging_mixin.py:137} INFO - [2023-03-14T20:33:32.937+0000] {dag.py:3441} INFO - Setting next_dagrun for First_DAG to None, run_after=None
[2023-03-14T20:33:32.964+0000] {processor.py:175} INFO - Processing /opt/airflow/dags/first.py took 0.122 seconds
[2023-03-14T20:34:03.952+0000] {processor.py:153} INFO - Started process (PID=5905) to work on /opt/airflow/dags/first.py
[2023-03-14T20:34:03.953+0000] {processor.py:743} INFO - Processing file /opt/airflow/dags/first.py for tasks to queue
[2023-03-14T20:34:03.954+0000] {logging_mixin.py:137} INFO - [2023-03-14T20:34:03.953+0000] {dagbag.py:538} INFO - Filling up the DagBag from /opt/airflow/dags/first.py
[2023-03-14T20:34:03.982+0000] {processor.py:753} INFO - DAG(s) dict_keys(['First_DAG']) retrieved from /opt/airflow/dags/first.py
[2023-03-14T20:34:04.007+0000] {logging_mixin.py:137} INFO - [2023-03-14T20:34:04.007+0000] {dag.py:2690} INFO - Sync 1 DAGs
[2023-03-14T20:34:04.029+0000] {logging_mixin.py:137} INFO - [2023-03-14T20:34:04.029+0000] {dag.py:3441} INFO - Setting next_dagrun for First_DAG to None, run_after=None
[2023-03-14T20:34:04.049+0000] {processor.py:175} INFO - Processing /opt/airflow/dags/first.py took 0.104 seconds
[2023-03-14T20:34:34.467+0000] {processor.py:153} INFO - Started process (PID=5994) to work on /opt/airflow/dags/first.py
[2023-03-14T20:34:34.468+0000] {processor.py:743} INFO - Processing file /opt/airflow/dags/first.py for tasks to queue
[2023-03-14T20:34:34.469+0000] {logging_mixin.py:137} INFO - [2023-03-14T20:34:34.469+0000] {dagbag.py:538} INFO - Filling up the DagBag from /opt/airflow/dags/first.py
[2023-03-14T20:34:34.496+0000] {processor.py:753} INFO - DAG(s) dict_keys(['First_DAG']) retrieved from /opt/airflow/dags/first.py
[2023-03-14T20:34:34.518+0000] {logging_mixin.py:137} INFO - [2023-03-14T20:34:34.517+0000] {dag.py:2690} INFO - Sync 1 DAGs
[2023-03-14T20:34:34.547+0000] {logging_mixin.py:137} INFO - [2023-03-14T20:34:34.547+0000] {dag.py:3441} INFO - Setting next_dagrun for First_DAG to None, run_after=None
[2023-03-14T20:34:34.567+0000] {processor.py:175} INFO - Processing /opt/airflow/dags/first.py took 0.108 seconds
[2023-03-14T20:35:04.834+0000] {processor.py:153} INFO - Started process (PID=6085) to work on /opt/airflow/dags/first.py
[2023-03-14T20:35:04.835+0000] {processor.py:743} INFO - Processing file /opt/airflow/dags/first.py for tasks to queue
[2023-03-14T20:35:04.836+0000] {logging_mixin.py:137} INFO - [2023-03-14T20:35:04.836+0000] {dagbag.py:538} INFO - Filling up the DagBag from /opt/airflow/dags/first.py
[2023-03-14T20:35:04.866+0000] {processor.py:753} INFO - DAG(s) dict_keys(['First_DAG']) retrieved from /opt/airflow/dags/first.py
[2023-03-14T20:35:04.892+0000] {logging_mixin.py:137} INFO - [2023-03-14T20:35:04.892+0000] {dag.py:2690} INFO - Sync 1 DAGs
[2023-03-14T20:35:04.914+0000] {logging_mixin.py:137} INFO - [2023-03-14T20:35:04.914+0000] {dag.py:3441} INFO - Setting next_dagrun for First_DAG to None, run_after=None
[2023-03-14T20:35:04.939+0000] {processor.py:175} INFO - Processing /opt/airflow/dags/first.py took 0.108 seconds
[2023-03-14T20:35:35.023+0000] {processor.py:153} INFO - Started process (PID=6165) to work on /opt/airflow/dags/first.py
[2023-03-14T20:35:35.024+0000] {processor.py:743} INFO - Processing file /opt/airflow/dags/first.py for tasks to queue
[2023-03-14T20:35:35.026+0000] {logging_mixin.py:137} INFO - [2023-03-14T20:35:35.025+0000] {dagbag.py:538} INFO - Filling up the DagBag from /opt/airflow/dags/first.py
[2023-03-14T20:35:35.053+0000] {processor.py:753} INFO - DAG(s) dict_keys(['First_DAG']) retrieved from /opt/airflow/dags/first.py
[2023-03-14T20:35:35.076+0000] {logging_mixin.py:137} INFO - [2023-03-14T20:35:35.076+0000] {dag.py:2690} INFO - Sync 1 DAGs
[2023-03-14T20:35:35.104+0000] {logging_mixin.py:137} INFO - [2023-03-14T20:35:35.104+0000] {dag.py:3441} INFO - Setting next_dagrun for First_DAG to None, run_after=None
[2023-03-14T20:35:35.128+0000] {processor.py:175} INFO - Processing /opt/airflow/dags/first.py took 0.109 seconds
[2023-03-14T20:36:05.555+0000] {processor.py:153} INFO - Started process (PID=6265) to work on /opt/airflow/dags/first.py
[2023-03-14T20:36:05.557+0000] {processor.py:743} INFO - Processing file /opt/airflow/dags/first.py for tasks to queue
[2023-03-14T20:36:05.558+0000] {logging_mixin.py:137} INFO - [2023-03-14T20:36:05.558+0000] {dagbag.py:538} INFO - Filling up the DagBag from /opt/airflow/dags/first.py
[2023-03-14T20:36:05.586+0000] {processor.py:753} INFO - DAG(s) dict_keys(['First_DAG']) retrieved from /opt/airflow/dags/first.py
[2023-03-14T20:36:05.612+0000] {logging_mixin.py:137} INFO - [2023-03-14T20:36:05.612+0000] {dag.py:2690} INFO - Sync 1 DAGs
[2023-03-14T20:36:05.635+0000] {logging_mixin.py:137} INFO - [2023-03-14T20:36:05.635+0000] {dag.py:3441} INFO - Setting next_dagrun for First_DAG to None, run_after=None
[2023-03-14T20:36:05.655+0000] {processor.py:175} INFO - Processing /opt/airflow/dags/first.py took 0.104 seconds
[2023-03-14T20:36:36.325+0000] {processor.py:153} INFO - Started process (PID=6345) to work on /opt/airflow/dags/first.py
[2023-03-14T20:36:36.326+0000] {processor.py:743} INFO - Processing file /opt/airflow/dags/first.py for tasks to queue
[2023-03-14T20:36:36.327+0000] {logging_mixin.py:137} INFO - [2023-03-14T20:36:36.326+0000] {dagbag.py:538} INFO - Filling up the DagBag from /opt/airflow/dags/first.py
[2023-03-14T20:36:36.356+0000] {processor.py:753} INFO - DAG(s) dict_keys(['First_DAG']) retrieved from /opt/airflow/dags/first.py
[2023-03-14T20:36:36.383+0000] {logging_mixin.py:137} INFO - [2023-03-14T20:36:36.383+0000] {dag.py:2690} INFO - Sync 1 DAGs
[2023-03-14T20:36:36.405+0000] {logging_mixin.py:137} INFO - [2023-03-14T20:36:36.405+0000] {dag.py:3441} INFO - Setting next_dagrun for First_DAG to None, run_after=None
[2023-03-14T20:36:36.434+0000] {processor.py:175} INFO - Processing /opt/airflow/dags/first.py took 0.113 seconds
[2023-03-14T20:37:06.478+0000] {processor.py:153} INFO - Started process (PID=6445) to work on /opt/airflow/dags/first.py
[2023-03-14T20:37:06.479+0000] {processor.py:743} INFO - Processing file /opt/airflow/dags/first.py for tasks to queue
[2023-03-14T20:37:06.480+0000] {logging_mixin.py:137} INFO - [2023-03-14T20:37:06.480+0000] {dagbag.py:538} INFO - Filling up the DagBag from /opt/airflow/dags/first.py
[2023-03-14T20:37:06.507+0000] {processor.py:753} INFO - DAG(s) dict_keys(['First_DAG']) retrieved from /opt/airflow/dags/first.py
[2023-03-14T20:37:06.529+0000] {logging_mixin.py:137} INFO - [2023-03-14T20:37:06.529+0000] {dag.py:2690} INFO - Sync 1 DAGs
[2023-03-14T20:37:06.553+0000] {logging_mixin.py:137} INFO - [2023-03-14T20:37:06.553+0000] {dag.py:3441} INFO - Setting next_dagrun for First_DAG to None, run_after=None
[2023-03-14T20:37:06.577+0000] {processor.py:175} INFO - Processing /opt/airflow/dags/first.py took 0.102 seconds
[2023-03-14T20:37:37.258+0000] {processor.py:153} INFO - Started process (PID=6526) to work on /opt/airflow/dags/first.py
[2023-03-14T20:37:37.259+0000] {processor.py:743} INFO - Processing file /opt/airflow/dags/first.py for tasks to queue
[2023-03-14T20:37:37.260+0000] {logging_mixin.py:137} INFO - [2023-03-14T20:37:37.260+0000] {dagbag.py:538} INFO - Filling up the DagBag from /opt/airflow/dags/first.py
[2023-03-14T20:37:37.287+0000] {processor.py:753} INFO - DAG(s) dict_keys(['First_DAG']) retrieved from /opt/airflow/dags/first.py
[2023-03-14T20:37:37.308+0000] {logging_mixin.py:137} INFO - [2023-03-14T20:37:37.308+0000] {dag.py:2690} INFO - Sync 1 DAGs
[2023-03-14T20:37:37.330+0000] {logging_mixin.py:137} INFO - [2023-03-14T20:37:37.330+0000] {dag.py:3441} INFO - Setting next_dagrun for First_DAG to None, run_after=None
[2023-03-14T20:37:37.351+0000] {processor.py:175} INFO - Processing /opt/airflow/dags/first.py took 0.095 seconds
[2023-03-14T20:38:07.555+0000] {processor.py:153} INFO - Started process (PID=6626) to work on /opt/airflow/dags/first.py
[2023-03-14T20:38:07.559+0000] {processor.py:743} INFO - Processing file /opt/airflow/dags/first.py for tasks to queue
[2023-03-14T20:38:07.561+0000] {logging_mixin.py:137} INFO - [2023-03-14T20:38:07.560+0000] {dagbag.py:538} INFO - Filling up the DagBag from /opt/airflow/dags/first.py
[2023-03-14T20:38:07.623+0000] {processor.py:753} INFO - DAG(s) dict_keys(['First_DAG']) retrieved from /opt/airflow/dags/first.py
[2023-03-14T20:38:07.687+0000] {logging_mixin.py:137} INFO - [2023-03-14T20:38:07.686+0000] {dag.py:2690} INFO - Sync 1 DAGs
[2023-03-14T20:38:07.737+0000] {logging_mixin.py:137} INFO - [2023-03-14T20:38:07.737+0000] {dag.py:3441} INFO - Setting next_dagrun for First_DAG to None, run_after=None
[2023-03-14T20:38:07.772+0000] {processor.py:175} INFO - Processing /opt/airflow/dags/first.py took 0.221 seconds
[2023-03-14T20:38:37.880+0000] {processor.py:153} INFO - Started process (PID=6706) to work on /opt/airflow/dags/first.py
[2023-03-14T20:38:37.881+0000] {processor.py:743} INFO - Processing file /opt/airflow/dags/first.py for tasks to queue
[2023-03-14T20:38:37.882+0000] {logging_mixin.py:137} INFO - [2023-03-14T20:38:37.882+0000] {dagbag.py:538} INFO - Filling up the DagBag from /opt/airflow/dags/first.py
[2023-03-14T20:38:37.908+0000] {processor.py:753} INFO - DAG(s) dict_keys(['First_DAG']) retrieved from /opt/airflow/dags/first.py
[2023-03-14T20:38:37.930+0000] {logging_mixin.py:137} INFO - [2023-03-14T20:38:37.930+0000] {dag.py:2690} INFO - Sync 1 DAGs
[2023-03-14T20:38:37.951+0000] {logging_mixin.py:137} INFO - [2023-03-14T20:38:37.951+0000] {dag.py:3441} INFO - Setting next_dagrun for First_DAG to None, run_after=None
[2023-03-14T20:38:37.978+0000] {processor.py:175} INFO - Processing /opt/airflow/dags/first.py took 0.103 seconds
[2023-03-14T20:39:08.382+0000] {processor.py:153} INFO - Started process (PID=6787) to work on /opt/airflow/dags/first.py
[2023-03-14T20:39:08.384+0000] {processor.py:743} INFO - Processing file /opt/airflow/dags/first.py for tasks to queue
[2023-03-14T20:39:08.385+0000] {logging_mixin.py:137} INFO - [2023-03-14T20:39:08.385+0000] {dagbag.py:538} INFO - Filling up the DagBag from /opt/airflow/dags/first.py
[2023-03-14T20:39:08.423+0000] {processor.py:753} INFO - DAG(s) dict_keys(['First_DAG']) retrieved from /opt/airflow/dags/first.py
[2023-03-14T20:39:08.474+0000] {logging_mixin.py:137} INFO - [2023-03-14T20:39:08.474+0000] {dag.py:2690} INFO - Sync 1 DAGs
[2023-03-14T20:39:08.504+0000] {logging_mixin.py:137} INFO - [2023-03-14T20:39:08.504+0000] {dag.py:3441} INFO - Setting next_dagrun for First_DAG to None, run_after=None
[2023-03-14T20:39:08.522+0000] {processor.py:175} INFO - Processing /opt/airflow/dags/first.py took 0.148 seconds
[2023-03-14T20:39:39.419+0000] {processor.py:153} INFO - Started process (PID=6887) to work on /opt/airflow/dags/first.py
[2023-03-14T20:39:39.420+0000] {processor.py:743} INFO - Processing file /opt/airflow/dags/first.py for tasks to queue
[2023-03-14T20:39:39.421+0000] {logging_mixin.py:137} INFO - [2023-03-14T20:39:39.421+0000] {dagbag.py:538} INFO - Filling up the DagBag from /opt/airflow/dags/first.py
[2023-03-14T20:39:39.450+0000] {processor.py:753} INFO - DAG(s) dict_keys(['First_DAG']) retrieved from /opt/airflow/dags/first.py
[2023-03-14T20:39:39.473+0000] {logging_mixin.py:137} INFO - [2023-03-14T20:39:39.473+0000] {dag.py:2690} INFO - Sync 1 DAGs
[2023-03-14T20:39:39.496+0000] {logging_mixin.py:137} INFO - [2023-03-14T20:39:39.496+0000] {dag.py:3441} INFO - Setting next_dagrun for First_DAG to None, run_after=None
[2023-03-14T20:39:39.523+0000] {processor.py:175} INFO - Processing /opt/airflow/dags/first.py took 0.109 seconds
[2023-03-14T20:40:10.319+0000] {processor.py:153} INFO - Started process (PID=6967) to work on /opt/airflow/dags/first.py
[2023-03-14T20:40:10.320+0000] {processor.py:743} INFO - Processing file /opt/airflow/dags/first.py for tasks to queue
[2023-03-14T20:40:10.321+0000] {logging_mixin.py:137} INFO - [2023-03-14T20:40:10.321+0000] {dagbag.py:538} INFO - Filling up the DagBag from /opt/airflow/dags/first.py
[2023-03-14T20:40:10.350+0000] {processor.py:753} INFO - DAG(s) dict_keys(['First_DAG']) retrieved from /opt/airflow/dags/first.py
[2023-03-14T20:40:10.375+0000] {logging_mixin.py:137} INFO - [2023-03-14T20:40:10.375+0000] {dag.py:2690} INFO - Sync 1 DAGs
[2023-03-14T20:40:10.397+0000] {logging_mixin.py:137} INFO - [2023-03-14T20:40:10.397+0000] {dag.py:3441} INFO - Setting next_dagrun for First_DAG to None, run_after=None
[2023-03-14T20:40:10.416+0000] {processor.py:175} INFO - Processing /opt/airflow/dags/first.py took 0.102 seconds
[2023-03-14T20:40:41.210+0000] {processor.py:153} INFO - Started process (PID=7068) to work on /opt/airflow/dags/first.py
[2023-03-14T20:40:41.212+0000] {processor.py:743} INFO - Processing file /opt/airflow/dags/first.py for tasks to queue
[2023-03-14T20:40:41.213+0000] {logging_mixin.py:137} INFO - [2023-03-14T20:40:41.213+0000] {dagbag.py:538} INFO - Filling up the DagBag from /opt/airflow/dags/first.py
[2023-03-14T20:40:41.243+0000] {processor.py:753} INFO - DAG(s) dict_keys(['First_DAG']) retrieved from /opt/airflow/dags/first.py
[2023-03-14T20:40:41.266+0000] {logging_mixin.py:137} INFO - [2023-03-14T20:40:41.266+0000] {dag.py:2690} INFO - Sync 1 DAGs
[2023-03-14T20:40:41.297+0000] {logging_mixin.py:137} INFO - [2023-03-14T20:40:41.297+0000] {dag.py:3441} INFO - Setting next_dagrun for First_DAG to None, run_after=None
[2023-03-14T20:40:41.318+0000] {processor.py:175} INFO - Processing /opt/airflow/dags/first.py took 0.114 seconds
[2023-03-14T20:41:11.941+0000] {processor.py:153} INFO - Started process (PID=7148) to work on /opt/airflow/dags/first.py
[2023-03-14T20:41:11.943+0000] {processor.py:743} INFO - Processing file /opt/airflow/dags/first.py for tasks to queue
[2023-03-14T20:41:11.944+0000] {logging_mixin.py:137} INFO - [2023-03-14T20:41:11.944+0000] {dagbag.py:538} INFO - Filling up the DagBag from /opt/airflow/dags/first.py
[2023-03-14T20:41:11.973+0000] {processor.py:753} INFO - DAG(s) dict_keys(['First_DAG']) retrieved from /opt/airflow/dags/first.py
[2023-03-14T20:41:11.998+0000] {logging_mixin.py:137} INFO - [2023-03-14T20:41:11.998+0000] {dag.py:2690} INFO - Sync 1 DAGs
[2023-03-14T20:41:12.026+0000] {logging_mixin.py:137} INFO - [2023-03-14T20:41:12.025+0000] {dag.py:3441} INFO - Setting next_dagrun for First_DAG to None, run_after=None
[2023-03-14T20:41:12.051+0000] {processor.py:175} INFO - Processing /opt/airflow/dags/first.py took 0.114 seconds
[2023-03-14T20:41:42.879+0000] {processor.py:153} INFO - Started process (PID=7250) to work on /opt/airflow/dags/first.py
[2023-03-14T20:41:42.881+0000] {processor.py:743} INFO - Processing file /opt/airflow/dags/first.py for tasks to queue
[2023-03-14T20:41:42.882+0000] {logging_mixin.py:137} INFO - [2023-03-14T20:41:42.882+0000] {dagbag.py:538} INFO - Filling up the DagBag from /opt/airflow/dags/first.py
[2023-03-14T20:41:42.911+0000] {processor.py:753} INFO - DAG(s) dict_keys(['First_DAG']) retrieved from /opt/airflow/dags/first.py
[2023-03-14T20:41:42.934+0000] {logging_mixin.py:137} INFO - [2023-03-14T20:41:42.934+0000] {dag.py:2690} INFO - Sync 1 DAGs
[2023-03-14T20:41:42.970+0000] {logging_mixin.py:137} INFO - [2023-03-14T20:41:42.970+0000] {dag.py:3441} INFO - Setting next_dagrun for First_DAG to None, run_after=None
[2023-03-14T20:41:42.997+0000] {processor.py:175} INFO - Processing /opt/airflow/dags/first.py took 0.121 seconds
[2023-03-14T20:42:13.383+0000] {processor.py:153} INFO - Started process (PID=7330) to work on /opt/airflow/dags/first.py
[2023-03-14T20:42:13.384+0000] {processor.py:743} INFO - Processing file /opt/airflow/dags/first.py for tasks to queue
[2023-03-14T20:42:13.385+0000] {logging_mixin.py:137} INFO - [2023-03-14T20:42:13.385+0000] {dagbag.py:538} INFO - Filling up the DagBag from /opt/airflow/dags/first.py
[2023-03-14T20:42:13.415+0000] {processor.py:753} INFO - DAG(s) dict_keys(['First_DAG']) retrieved from /opt/airflow/dags/first.py
[2023-03-14T20:42:13.441+0000] {logging_mixin.py:137} INFO - [2023-03-14T20:42:13.441+0000] {dag.py:2690} INFO - Sync 1 DAGs
[2023-03-14T20:42:13.463+0000] {logging_mixin.py:137} INFO - [2023-03-14T20:42:13.462+0000] {dag.py:3441} INFO - Setting next_dagrun for First_DAG to None, run_after=None
[2023-03-14T20:42:13.488+0000] {processor.py:175} INFO - Processing /opt/airflow/dags/first.py took 0.108 seconds
[2023-03-14T20:42:43.718+0000] {processor.py:153} INFO - Started process (PID=7430) to work on /opt/airflow/dags/first.py
[2023-03-14T20:42:43.719+0000] {processor.py:743} INFO - Processing file /opt/airflow/dags/first.py for tasks to queue
[2023-03-14T20:42:43.720+0000] {logging_mixin.py:137} INFO - [2023-03-14T20:42:43.720+0000] {dagbag.py:538} INFO - Filling up the DagBag from /opt/airflow/dags/first.py
[2023-03-14T20:42:43.752+0000] {processor.py:753} INFO - DAG(s) dict_keys(['First_DAG']) retrieved from /opt/airflow/dags/first.py
[2023-03-14T20:42:43.781+0000] {logging_mixin.py:137} INFO - [2023-03-14T20:42:43.780+0000] {dag.py:2690} INFO - Sync 1 DAGs
[2023-03-14T20:42:43.805+0000] {logging_mixin.py:137} INFO - [2023-03-14T20:42:43.805+0000] {dag.py:3441} INFO - Setting next_dagrun for First_DAG to None, run_after=None
[2023-03-14T20:42:43.823+0000] {processor.py:175} INFO - Processing /opt/airflow/dags/first.py took 0.109 seconds
[2023-03-14T20:43:13.958+0000] {processor.py:153} INFO - Started process (PID=7510) to work on /opt/airflow/dags/first.py
[2023-03-14T20:43:13.959+0000] {processor.py:743} INFO - Processing file /opt/airflow/dags/first.py for tasks to queue
[2023-03-14T20:43:13.960+0000] {logging_mixin.py:137} INFO - [2023-03-14T20:43:13.960+0000] {dagbag.py:538} INFO - Filling up the DagBag from /opt/airflow/dags/first.py
[2023-03-14T20:43:13.986+0000] {processor.py:753} INFO - DAG(s) dict_keys(['First_DAG']) retrieved from /opt/airflow/dags/first.py
[2023-03-14T20:43:14.008+0000] {logging_mixin.py:137} INFO - [2023-03-14T20:43:14.008+0000] {dag.py:2690} INFO - Sync 1 DAGs
[2023-03-14T20:43:14.034+0000] {logging_mixin.py:137} INFO - [2023-03-14T20:43:14.034+0000] {dag.py:3441} INFO - Setting next_dagrun for First_DAG to None, run_after=None
[2023-03-14T20:43:14.053+0000] {processor.py:175} INFO - Processing /opt/airflow/dags/first.py took 0.098 seconds
[2023-03-14T20:43:44.117+0000] {processor.py:153} INFO - Started process (PID=7599) to work on /opt/airflow/dags/first.py
[2023-03-14T20:43:44.119+0000] {processor.py:743} INFO - Processing file /opt/airflow/dags/first.py for tasks to queue
[2023-03-14T20:43:44.121+0000] {logging_mixin.py:137} INFO - [2023-03-14T20:43:44.120+0000] {dagbag.py:538} INFO - Filling up the DagBag from /opt/airflow/dags/first.py
[2023-03-14T20:43:44.153+0000] {processor.py:753} INFO - DAG(s) dict_keys(['First_DAG']) retrieved from /opt/airflow/dags/first.py
[2023-03-14T20:43:44.209+0000] {logging_mixin.py:137} INFO - [2023-03-14T20:43:44.209+0000] {dag.py:2690} INFO - Sync 1 DAGs
[2023-03-14T20:43:44.250+0000] {logging_mixin.py:137} INFO - [2023-03-14T20:43:44.250+0000] {dag.py:3441} INFO - Setting next_dagrun for First_DAG to None, run_after=None
[2023-03-14T20:43:44.283+0000] {processor.py:175} INFO - Processing /opt/airflow/dags/first.py took 0.182 seconds
[2023-03-14T20:44:14.456+0000] {processor.py:153} INFO - Started process (PID=7691) to work on /opt/airflow/dags/first.py
[2023-03-14T20:44:14.458+0000] {processor.py:743} INFO - Processing file /opt/airflow/dags/first.py for tasks to queue
[2023-03-14T20:44:14.459+0000] {logging_mixin.py:137} INFO - [2023-03-14T20:44:14.459+0000] {dagbag.py:538} INFO - Filling up the DagBag from /opt/airflow/dags/first.py
[2023-03-14T20:44:14.495+0000] {processor.py:753} INFO - DAG(s) dict_keys(['First_DAG']) retrieved from /opt/airflow/dags/first.py
[2023-03-14T20:44:14.520+0000] {logging_mixin.py:137} INFO - [2023-03-14T20:44:14.520+0000] {dag.py:2690} INFO - Sync 1 DAGs
[2023-03-14T20:44:14.545+0000] {logging_mixin.py:137} INFO - [2023-03-14T20:44:14.545+0000] {dag.py:3441} INFO - Setting next_dagrun for First_DAG to None, run_after=None
[2023-03-14T20:44:14.565+0000] {processor.py:175} INFO - Processing /opt/airflow/dags/first.py took 0.112 seconds
[2023-03-14T20:44:45.503+0000] {processor.py:153} INFO - Started process (PID=7771) to work on /opt/airflow/dags/first.py
[2023-03-14T20:44:46.197+0000] {processor.py:743} INFO - Processing file /opt/airflow/dags/first.py for tasks to queue
[2023-03-14T20:44:46.198+0000] {logging_mixin.py:137} INFO - [2023-03-14T20:44:46.198+0000] {dagbag.py:538} INFO - Filling up the DagBag from /opt/airflow/dags/first.py
[2023-03-14T20:44:46.236+0000] {processor.py:753} INFO - DAG(s) dict_keys(['First_DAG']) retrieved from /opt/airflow/dags/first.py
[2023-03-14T20:44:46.262+0000] {logging_mixin.py:137} INFO - [2023-03-14T20:44:46.262+0000] {dag.py:2690} INFO - Sync 1 DAGs
[2023-03-14T20:44:46.289+0000] {logging_mixin.py:137} INFO - [2023-03-14T20:44:46.289+0000] {dag.py:3441} INFO - Setting next_dagrun for First_DAG to None, run_after=None
[2023-03-14T20:44:46.314+0000] {processor.py:175} INFO - Processing /opt/airflow/dags/first.py took 0.814 seconds
[2023-03-14T20:45:16.833+0000] {processor.py:153} INFO - Started process (PID=7871) to work on /opt/airflow/dags/first.py
[2023-03-14T20:45:16.834+0000] {processor.py:743} INFO - Processing file /opt/airflow/dags/first.py for tasks to queue
[2023-03-14T20:45:16.835+0000] {logging_mixin.py:137} INFO - [2023-03-14T20:45:16.835+0000] {dagbag.py:538} INFO - Filling up the DagBag from /opt/airflow/dags/first.py
[2023-03-14T20:45:16.873+0000] {processor.py:753} INFO - DAG(s) dict_keys(['First_DAG']) retrieved from /opt/airflow/dags/first.py
[2023-03-14T20:45:16.908+0000] {logging_mixin.py:137} INFO - [2023-03-14T20:45:16.907+0000] {dag.py:2690} INFO - Sync 1 DAGs
[2023-03-14T20:45:16.936+0000] {logging_mixin.py:137} INFO - [2023-03-14T20:45:16.936+0000] {dag.py:3441} INFO - Setting next_dagrun for First_DAG to None, run_after=None
[2023-03-14T20:45:16.964+0000] {processor.py:175} INFO - Processing /opt/airflow/dags/first.py took 0.134 seconds
[2023-03-14T20:45:47.085+0000] {processor.py:153} INFO - Started process (PID=7951) to work on /opt/airflow/dags/first.py
[2023-03-14T20:45:47.086+0000] {processor.py:743} INFO - Processing file /opt/airflow/dags/first.py for tasks to queue
[2023-03-14T20:45:47.088+0000] {logging_mixin.py:137} INFO - [2023-03-14T20:45:47.087+0000] {dagbag.py:538} INFO - Filling up the DagBag from /opt/airflow/dags/first.py
[2023-03-14T20:45:47.120+0000] {processor.py:753} INFO - DAG(s) dict_keys(['First_DAG']) retrieved from /opt/airflow/dags/first.py
[2023-03-14T20:45:47.152+0000] {logging_mixin.py:137} INFO - [2023-03-14T20:45:47.152+0000] {dag.py:2690} INFO - Sync 1 DAGs
[2023-03-14T20:45:47.180+0000] {logging_mixin.py:137} INFO - [2023-03-14T20:45:47.180+0000] {dag.py:3441} INFO - Setting next_dagrun for First_DAG to None, run_after=None
[2023-03-14T20:45:47.206+0000] {processor.py:175} INFO - Processing /opt/airflow/dags/first.py took 0.125 seconds
[2023-03-14T20:46:17.831+0000] {processor.py:153} INFO - Started process (PID=8051) to work on /opt/airflow/dags/first.py
[2023-03-14T20:46:17.833+0000] {processor.py:743} INFO - Processing file /opt/airflow/dags/first.py for tasks to queue
[2023-03-14T20:46:17.834+0000] {logging_mixin.py:137} INFO - [2023-03-14T20:46:17.834+0000] {dagbag.py:538} INFO - Filling up the DagBag from /opt/airflow/dags/first.py
[2023-03-14T20:46:17.863+0000] {processor.py:753} INFO - DAG(s) dict_keys(['First_DAG']) retrieved from /opt/airflow/dags/first.py
[2023-03-14T20:46:17.890+0000] {logging_mixin.py:137} INFO - [2023-03-14T20:46:17.890+0000] {dag.py:2690} INFO - Sync 1 DAGs
[2023-03-14T20:46:17.918+0000] {logging_mixin.py:137} INFO - [2023-03-14T20:46:17.917+0000] {dag.py:3441} INFO - Setting next_dagrun for First_DAG to None, run_after=None
[2023-03-14T20:46:17.938+0000] {processor.py:175} INFO - Processing /opt/airflow/dags/first.py took 0.111 seconds
[2023-03-14T20:46:48.054+0000] {processor.py:153} INFO - Started process (PID=8131) to work on /opt/airflow/dags/first.py
[2023-03-14T20:46:48.055+0000] {processor.py:743} INFO - Processing file /opt/airflow/dags/first.py for tasks to queue
[2023-03-14T20:46:48.056+0000] {logging_mixin.py:137} INFO - [2023-03-14T20:46:48.056+0000] {dagbag.py:538} INFO - Filling up the DagBag from /opt/airflow/dags/first.py
[2023-03-14T20:46:48.089+0000] {processor.py:753} INFO - DAG(s) dict_keys(['First_DAG']) retrieved from /opt/airflow/dags/first.py
[2023-03-14T20:46:48.117+0000] {logging_mixin.py:137} INFO - [2023-03-14T20:46:48.117+0000] {dag.py:2690} INFO - Sync 1 DAGs
[2023-03-14T20:46:48.143+0000] {logging_mixin.py:137} INFO - [2023-03-14T20:46:48.143+0000] {dag.py:3441} INFO - Setting next_dagrun for First_DAG to None, run_after=None
[2023-03-14T20:46:48.165+0000] {processor.py:175} INFO - Processing /opt/airflow/dags/first.py took 0.114 seconds
[2023-03-14T20:47:18.373+0000] {processor.py:153} INFO - Started process (PID=8211) to work on /opt/airflow/dags/first.py
[2023-03-14T20:47:18.374+0000] {processor.py:743} INFO - Processing file /opt/airflow/dags/first.py for tasks to queue
[2023-03-14T20:47:18.375+0000] {logging_mixin.py:137} INFO - [2023-03-14T20:47:18.375+0000] {dagbag.py:538} INFO - Filling up the DagBag from /opt/airflow/dags/first.py
[2023-03-14T20:47:18.411+0000] {processor.py:753} INFO - DAG(s) dict_keys(['First_DAG']) retrieved from /opt/airflow/dags/first.py
[2023-03-14T20:47:18.441+0000] {logging_mixin.py:137} INFO - [2023-03-14T20:47:18.441+0000] {dag.py:2690} INFO - Sync 1 DAGs
[2023-03-14T20:47:18.471+0000] {logging_mixin.py:137} INFO - [2023-03-14T20:47:18.471+0000] {dag.py:3441} INFO - Setting next_dagrun for First_DAG to None, run_after=None
[2023-03-14T20:47:18.492+0000] {processor.py:175} INFO - Processing /opt/airflow/dags/first.py took 0.124 seconds
[2023-03-14T20:47:49.366+0000] {processor.py:153} INFO - Started process (PID=8311) to work on /opt/airflow/dags/first.py
[2023-03-14T20:47:49.367+0000] {processor.py:743} INFO - Processing file /opt/airflow/dags/first.py for tasks to queue
[2023-03-14T20:47:49.368+0000] {logging_mixin.py:137} INFO - [2023-03-14T20:47:49.367+0000] {dagbag.py:538} INFO - Filling up the DagBag from /opt/airflow/dags/first.py
[2023-03-14T20:47:49.398+0000] {processor.py:753} INFO - DAG(s) dict_keys(['First_DAG']) retrieved from /opt/airflow/dags/first.py
[2023-03-14T20:47:49.422+0000] {logging_mixin.py:137} INFO - [2023-03-14T20:47:49.422+0000] {dag.py:2690} INFO - Sync 1 DAGs
[2023-03-14T20:47:49.449+0000] {logging_mixin.py:137} INFO - [2023-03-14T20:47:49.449+0000] {dag.py:3441} INFO - Setting next_dagrun for First_DAG to None, run_after=None
[2023-03-14T20:47:49.468+0000] {processor.py:175} INFO - Processing /opt/airflow/dags/first.py took 0.106 seconds
[2023-03-14T20:48:20.071+0000] {processor.py:153} INFO - Started process (PID=8391) to work on /opt/airflow/dags/first.py
[2023-03-14T20:48:20.072+0000] {processor.py:743} INFO - Processing file /opt/airflow/dags/first.py for tasks to queue
[2023-03-14T20:48:20.073+0000] {logging_mixin.py:137} INFO - [2023-03-14T20:48:20.073+0000] {dagbag.py:538} INFO - Filling up the DagBag from /opt/airflow/dags/first.py
[2023-03-14T20:48:20.106+0000] {processor.py:753} INFO - DAG(s) dict_keys(['First_DAG']) retrieved from /opt/airflow/dags/first.py
[2023-03-14T20:48:20.136+0000] {logging_mixin.py:137} INFO - [2023-03-14T20:48:20.136+0000] {dag.py:2690} INFO - Sync 1 DAGs
[2023-03-14T20:48:20.175+0000] {logging_mixin.py:137} INFO - [2023-03-14T20:48:20.175+0000] {dag.py:3441} INFO - Setting next_dagrun for First_DAG to None, run_after=None
[2023-03-14T20:48:20.196+0000] {processor.py:175} INFO - Processing /opt/airflow/dags/first.py took 0.129 seconds
[2023-03-14T20:48:50.441+0000] {processor.py:153} INFO - Started process (PID=8491) to work on /opt/airflow/dags/first.py
[2023-03-14T20:48:50.443+0000] {processor.py:743} INFO - Processing file /opt/airflow/dags/first.py for tasks to queue
[2023-03-14T20:48:50.444+0000] {logging_mixin.py:137} INFO - [2023-03-14T20:48:50.444+0000] {dagbag.py:538} INFO - Filling up the DagBag from /opt/airflow/dags/first.py
[2023-03-14T20:48:50.510+0000] {processor.py:753} INFO - DAG(s) dict_keys(['First_DAG']) retrieved from /opt/airflow/dags/first.py
[2023-03-14T20:48:50.587+0000] {logging_mixin.py:137} INFO - [2023-03-14T20:48:50.587+0000] {dag.py:2690} INFO - Sync 1 DAGs
[2023-03-14T20:48:50.638+0000] {logging_mixin.py:137} INFO - [2023-03-14T20:48:50.638+0000] {dag.py:3441} INFO - Setting next_dagrun for First_DAG to None, run_after=None
[2023-03-14T20:48:50.671+0000] {processor.py:175} INFO - Processing /opt/airflow/dags/first.py took 0.246 seconds
[2023-03-14T20:49:21.244+0000] {processor.py:153} INFO - Started process (PID=8571) to work on /opt/airflow/dags/first.py
[2023-03-14T20:49:21.246+0000] {processor.py:743} INFO - Processing file /opt/airflow/dags/first.py for tasks to queue
[2023-03-14T20:49:21.247+0000] {logging_mixin.py:137} INFO - [2023-03-14T20:49:21.247+0000] {dagbag.py:538} INFO - Filling up the DagBag from /opt/airflow/dags/first.py
[2023-03-14T20:49:21.287+0000] {processor.py:753} INFO - DAG(s) dict_keys(['First_DAG']) retrieved from /opt/airflow/dags/first.py
[2023-03-14T20:49:21.323+0000] {logging_mixin.py:137} INFO - [2023-03-14T20:49:21.323+0000] {dag.py:2690} INFO - Sync 1 DAGs
[2023-03-14T20:49:21.357+0000] {logging_mixin.py:137} INFO - [2023-03-14T20:49:21.357+0000] {dag.py:3441} INFO - Setting next_dagrun for First_DAG to None, run_after=None
[2023-03-14T20:49:21.403+0000] {processor.py:175} INFO - Processing /opt/airflow/dags/first.py took 0.164 seconds
[2023-03-14T20:49:51.888+0000] {processor.py:153} INFO - Started process (PID=8651) to work on /opt/airflow/dags/first.py
[2023-03-14T20:49:51.890+0000] {processor.py:743} INFO - Processing file /opt/airflow/dags/first.py for tasks to queue
[2023-03-14T20:49:51.892+0000] {logging_mixin.py:137} INFO - [2023-03-14T20:49:51.891+0000] {dagbag.py:538} INFO - Filling up the DagBag from /opt/airflow/dags/first.py
[2023-03-14T20:49:51.938+0000] {processor.py:753} INFO - DAG(s) dict_keys(['First_DAG']) retrieved from /opt/airflow/dags/first.py
[2023-03-14T20:49:51.965+0000] {logging_mixin.py:137} INFO - [2023-03-14T20:49:51.965+0000] {dag.py:2690} INFO - Sync 1 DAGs
[2023-03-14T20:49:52.004+0000] {logging_mixin.py:137} INFO - [2023-03-14T20:49:52.004+0000] {dag.py:3441} INFO - Setting next_dagrun for First_DAG to None, run_after=None
[2023-03-14T20:49:52.031+0000] {processor.py:175} INFO - Processing /opt/airflow/dags/first.py took 0.148 seconds
[2023-03-14T20:50:22.657+0000] {processor.py:153} INFO - Started process (PID=8752) to work on /opt/airflow/dags/first.py
[2023-03-14T20:50:22.658+0000] {processor.py:743} INFO - Processing file /opt/airflow/dags/first.py for tasks to queue
[2023-03-14T20:50:22.660+0000] {logging_mixin.py:137} INFO - [2023-03-14T20:50:22.659+0000] {dagbag.py:538} INFO - Filling up the DagBag from /opt/airflow/dags/first.py
[2023-03-14T20:50:22.698+0000] {processor.py:753} INFO - DAG(s) dict_keys(['First_DAG']) retrieved from /opt/airflow/dags/first.py
[2023-03-14T20:50:22.726+0000] {logging_mixin.py:137} INFO - [2023-03-14T20:50:22.726+0000] {dag.py:2690} INFO - Sync 1 DAGs
[2023-03-14T20:50:22.759+0000] {logging_mixin.py:137} INFO - [2023-03-14T20:50:22.759+0000] {dag.py:3441} INFO - Setting next_dagrun for First_DAG to None, run_after=None
[2023-03-14T20:50:22.784+0000] {processor.py:175} INFO - Processing /opt/airflow/dags/first.py took 0.133 seconds
[2023-03-14T20:50:53.060+0000] {processor.py:153} INFO - Started process (PID=8832) to work on /opt/airflow/dags/first.py
[2023-03-14T20:50:53.061+0000] {processor.py:743} INFO - Processing file /opt/airflow/dags/first.py for tasks to queue
[2023-03-14T20:50:53.063+0000] {logging_mixin.py:137} INFO - [2023-03-14T20:50:53.063+0000] {dagbag.py:538} INFO - Filling up the DagBag from /opt/airflow/dags/first.py
[2023-03-14T20:50:53.098+0000] {processor.py:753} INFO - DAG(s) dict_keys(['First_DAG']) retrieved from /opt/airflow/dags/first.py
[2023-03-14T20:50:53.128+0000] {logging_mixin.py:137} INFO - [2023-03-14T20:50:53.127+0000] {dag.py:2690} INFO - Sync 1 DAGs
[2023-03-14T20:50:53.156+0000] {logging_mixin.py:137} INFO - [2023-03-14T20:50:53.155+0000] {dag.py:3441} INFO - Setting next_dagrun for First_DAG to None, run_after=None
[2023-03-14T20:50:53.180+0000] {processor.py:175} INFO - Processing /opt/airflow/dags/first.py took 0.126 seconds
[2023-03-14T20:51:23.304+0000] {processor.py:153} INFO - Started process (PID=8912) to work on /opt/airflow/dags/first.py
[2023-03-14T20:51:23.306+0000] {processor.py:743} INFO - Processing file /opt/airflow/dags/first.py for tasks to queue
[2023-03-14T20:51:23.308+0000] {logging_mixin.py:137} INFO - [2023-03-14T20:51:23.308+0000] {dagbag.py:538} INFO - Filling up the DagBag from /opt/airflow/dags/first.py
[2023-03-14T20:51:23.367+0000] {processor.py:753} INFO - DAG(s) dict_keys(['First_DAG']) retrieved from /opt/airflow/dags/first.py
[2023-03-14T20:51:23.406+0000] {logging_mixin.py:137} INFO - [2023-03-14T20:51:23.405+0000] {dag.py:2690} INFO - Sync 1 DAGs
[2023-03-14T20:51:23.447+0000] {logging_mixin.py:137} INFO - [2023-03-14T20:51:23.447+0000] {dag.py:3441} INFO - Setting next_dagrun for First_DAG to None, run_after=None
[2023-03-14T20:51:23.471+0000] {processor.py:175} INFO - Processing /opt/airflow/dags/first.py took 0.172 seconds
[2023-03-14T20:51:54.086+0000] {processor.py:153} INFO - Started process (PID=9012) to work on /opt/airflow/dags/first.py
[2023-03-14T20:51:54.087+0000] {processor.py:743} INFO - Processing file /opt/airflow/dags/first.py for tasks to queue
[2023-03-14T20:51:54.089+0000] {logging_mixin.py:137} INFO - [2023-03-14T20:51:54.089+0000] {dagbag.py:538} INFO - Filling up the DagBag from /opt/airflow/dags/first.py
[2023-03-14T20:51:54.130+0000] {processor.py:753} INFO - DAG(s) dict_keys(['First_DAG']) retrieved from /opt/airflow/dags/first.py
[2023-03-14T20:51:54.156+0000] {logging_mixin.py:137} INFO - [2023-03-14T20:51:54.156+0000] {dag.py:2690} INFO - Sync 1 DAGs
[2023-03-14T20:51:54.188+0000] {logging_mixin.py:137} INFO - [2023-03-14T20:51:54.188+0000] {dag.py:3441} INFO - Setting next_dagrun for First_DAG to None, run_after=None
[2023-03-14T20:51:54.218+0000] {processor.py:175} INFO - Processing /opt/airflow/dags/first.py took 0.137 seconds
[2023-03-14T20:52:24.347+0000] {processor.py:153} INFO - Started process (PID=9092) to work on /opt/airflow/dags/first.py
[2023-03-14T20:52:24.348+0000] {processor.py:743} INFO - Processing file /opt/airflow/dags/first.py for tasks to queue
[2023-03-14T20:52:24.349+0000] {logging_mixin.py:137} INFO - [2023-03-14T20:52:24.349+0000] {dagbag.py:538} INFO - Filling up the DagBag from /opt/airflow/dags/first.py
[2023-03-14T20:52:24.384+0000] {processor.py:753} INFO - DAG(s) dict_keys(['First_DAG']) retrieved from /opt/airflow/dags/first.py
[2023-03-14T20:52:24.409+0000] {logging_mixin.py:137} INFO - [2023-03-14T20:52:24.409+0000] {dag.py:2690} INFO - Sync 1 DAGs
[2023-03-14T20:52:24.439+0000] {logging_mixin.py:137} INFO - [2023-03-14T20:52:24.439+0000] {dag.py:3441} INFO - Setting next_dagrun for First_DAG to None, run_after=None
[2023-03-14T20:52:24.460+0000] {processor.py:175} INFO - Processing /opt/airflow/dags/first.py took 0.116 seconds
[2023-03-14T20:52:54.893+0000] {processor.py:153} INFO - Started process (PID=9173) to work on /opt/airflow/dags/first.py
[2023-03-14T20:52:54.895+0000] {processor.py:743} INFO - Processing file /opt/airflow/dags/first.py for tasks to queue
[2023-03-14T20:52:54.896+0000] {logging_mixin.py:137} INFO - [2023-03-14T20:52:54.896+0000] {dagbag.py:538} INFO - Filling up the DagBag from /opt/airflow/dags/first.py
[2023-03-14T20:52:54.925+0000] {processor.py:753} INFO - DAG(s) dict_keys(['First_DAG']) retrieved from /opt/airflow/dags/first.py
[2023-03-14T20:52:54.955+0000] {logging_mixin.py:137} INFO - [2023-03-14T20:52:54.955+0000] {dag.py:2690} INFO - Sync 1 DAGs
[2023-03-14T20:52:54.982+0000] {logging_mixin.py:137} INFO - [2023-03-14T20:52:54.982+0000] {dag.py:3441} INFO - Setting next_dagrun for First_DAG to None, run_after=None
[2023-03-14T20:52:55.011+0000] {processor.py:175} INFO - Processing /opt/airflow/dags/first.py took 0.123 seconds
