[2023-03-17T23:31:10.688+0000] {taskinstance.py:1083} INFO - Dependencies all met for <TaskInstance: market_data_alphavantage_dag.first_python_dag manual__2023-03-17T23:31:09.522477+00:00 [queued]>
[2023-03-17T23:31:10.704+0000] {taskinstance.py:1083} INFO - Dependencies all met for <TaskInstance: market_data_alphavantage_dag.first_python_dag manual__2023-03-17T23:31:09.522477+00:00 [queued]>
[2023-03-17T23:31:10.705+0000] {taskinstance.py:1279} INFO - 
--------------------------------------------------------------------------------
[2023-03-17T23:31:10.716+0000] {taskinstance.py:1280} INFO - Starting attempt 1 of 2
[2023-03-17T23:31:10.717+0000] {taskinstance.py:1281} INFO - 
--------------------------------------------------------------------------------
[2023-03-17T23:31:10.740+0000] {taskinstance.py:1300} INFO - Executing <Task(PythonOperator): first_python_dag> on 2023-03-17 23:31:09.522477+00:00
[2023-03-17T23:31:10.746+0000] {standard_task_runner.py:55} INFO - Started process 1788 to run task
[2023-03-17T23:31:10.749+0000] {standard_task_runner.py:82} INFO - Running: ['***', 'tasks', 'run', 'market_data_alphavantage_dag', 'first_python_dag', 'manual__2023-03-17T23:31:09.522477+00:00', '--job-id', '18', '--raw', '--subdir', 'DAGS_FOLDER/third.py', '--cfg-path', '/tmp/tmpdmexfv8r']
[2023-03-17T23:31:10.750+0000] {standard_task_runner.py:83} INFO - Job 18: Subtask first_python_dag
[2023-03-17T23:31:10.850+0000] {task_command.py:388} INFO - Running <TaskInstance: market_data_alphavantage_dag.first_python_dag manual__2023-03-17T23:31:09.522477+00:00 [running]> on host 12e59bc4b2cf
[2023-03-17T23:31:10.965+0000] {taskinstance.py:1509} INFO - Exporting the following env vars:
AIRFLOW_CTX_DAG_OWNER=***
AIRFLOW_CTX_DAG_ID=market_data_alphavantage_dag
AIRFLOW_CTX_TASK_ID=first_python_dag
AIRFLOW_CTX_EXECUTION_DATE=2023-03-17T23:31:09.522477+00:00
AIRFLOW_CTX_TRY_NUMBER=1
AIRFLOW_CTX_DAG_RUN_ID=manual__2023-03-17T23:31:09.522477+00:00
[2023-03-17T23:31:11.922+0000] {python.py:177} INFO - Done. Returned value was: None
[2023-03-17T23:31:11.943+0000] {taskinstance.py:1323} INFO - Marking task as SUCCESS. dag_id=market_data_alphavantage_dag, task_id=first_python_dag, execution_date=20230317T233109, start_date=20230317T233110, end_date=20230317T233111
[2023-03-17T23:31:11.978+0000] {local_task_job.py:208} INFO - Task exited with return code 0
[2023-03-17T23:31:12.005+0000] {taskinstance.py:2578} INFO - 0 downstream tasks scheduled from follow-on schedule check
